[2024-01-31T02:07:22.307+0000] {processor.py:161} INFO - Started process (PID=210200) to work on /home/deprojectue/miniconda3/envs/airflow_demo/lib/python3.9/site-packages/airflow/example_dags/plugins/event_listener.py
[2024-01-31T02:07:22.308+0000] {processor.py:830} INFO - Processing file /home/deprojectue/miniconda3/envs/airflow_demo/lib/python3.9/site-packages/airflow/example_dags/plugins/event_listener.py for tasks to queue
[2024-01-31T02:07:22.309+0000] {logging_mixin.py:188} INFO - [2024-01-31T02:07:22.308+0000] {dagbag.py:538} INFO - Filling up the DagBag from /home/deprojectue/miniconda3/envs/airflow_demo/lib/python3.9/site-packages/airflow/example_dags/plugins/event_listener.py
[2024-01-31T02:07:22.311+0000] {processor.py:842} WARNING - No viable dags retrieved from /home/deprojectue/miniconda3/envs/airflow_demo/lib/python3.9/site-packages/airflow/example_dags/plugins/event_listener.py
[2024-01-31T02:07:22.324+0000] {processor.py:183} INFO - Processing /home/deprojectue/miniconda3/envs/airflow_demo/lib/python3.9/site-packages/airflow/example_dags/plugins/event_listener.py took 0.022 seconds
[2024-01-31T02:08:20.060+0000] {processor.py:161} INFO - Started process (PID=210641) to work on /home/deprojectue/miniconda3/envs/airflow_demo/lib/python3.9/site-packages/airflow/example_dags/plugins/event_listener.py
[2024-01-31T02:08:20.062+0000] {processor.py:830} INFO - Processing file /home/deprojectue/miniconda3/envs/airflow_demo/lib/python3.9/site-packages/airflow/example_dags/plugins/event_listener.py for tasks to queue
[2024-01-31T02:08:20.064+0000] {logging_mixin.py:188} INFO - [2024-01-31T02:08:20.063+0000] {dagbag.py:538} INFO - Filling up the DagBag from /home/deprojectue/miniconda3/envs/airflow_demo/lib/python3.9/site-packages/airflow/example_dags/plugins/event_listener.py
[2024-01-31T02:08:20.067+0000] {processor.py:842} WARNING - No viable dags retrieved from /home/deprojectue/miniconda3/envs/airflow_demo/lib/python3.9/site-packages/airflow/example_dags/plugins/event_listener.py
[2024-01-31T02:08:20.080+0000] {processor.py:183} INFO - Processing /home/deprojectue/miniconda3/envs/airflow_demo/lib/python3.9/site-packages/airflow/example_dags/plugins/event_listener.py took 0.024 seconds
[2024-01-31T02:08:56.937+0000] {processor.py:161} INFO - Started process (PID=210665) to work on /home/deprojectue/miniconda3/envs/airflow_demo/lib/python3.9/site-packages/airflow/example_dags/plugins/event_listener.py
[2024-01-31T02:08:56.939+0000] {processor.py:830} INFO - Processing file /home/deprojectue/miniconda3/envs/airflow_demo/lib/python3.9/site-packages/airflow/example_dags/plugins/event_listener.py for tasks to queue
[2024-01-31T02:08:56.940+0000] {logging_mixin.py:188} INFO - [2024-01-31T02:08:56.940+0000] {dagbag.py:538} INFO - Filling up the DagBag from /home/deprojectue/miniconda3/envs/airflow_demo/lib/python3.9/site-packages/airflow/example_dags/plugins/event_listener.py
[2024-01-31T02:08:56.943+0000] {processor.py:842} WARNING - No viable dags retrieved from /home/deprojectue/miniconda3/envs/airflow_demo/lib/python3.9/site-packages/airflow/example_dags/plugins/event_listener.py
[2024-01-31T02:08:56.956+0000] {processor.py:183} INFO - Processing /home/deprojectue/miniconda3/envs/airflow_demo/lib/python3.9/site-packages/airflow/example_dags/plugins/event_listener.py took 0.023 seconds
[2024-01-31T02:09:50.627+0000] {processor.py:161} INFO - Started process (PID=210949) to work on /home/deprojectue/miniconda3/envs/airflow_demo/lib/python3.9/site-packages/airflow/example_dags/plugins/event_listener.py
[2024-01-31T02:09:50.629+0000] {processor.py:830} INFO - Processing file /home/deprojectue/miniconda3/envs/airflow_demo/lib/python3.9/site-packages/airflow/example_dags/plugins/event_listener.py for tasks to queue
[2024-01-31T02:09:50.631+0000] {logging_mixin.py:188} INFO - [2024-01-31T02:09:50.630+0000] {dagbag.py:538} INFO - Filling up the DagBag from /home/deprojectue/miniconda3/envs/airflow_demo/lib/python3.9/site-packages/airflow/example_dags/plugins/event_listener.py
[2024-01-31T02:09:50.634+0000] {processor.py:842} WARNING - No viable dags retrieved from /home/deprojectue/miniconda3/envs/airflow_demo/lib/python3.9/site-packages/airflow/example_dags/plugins/event_listener.py
[2024-01-31T02:09:50.648+0000] {processor.py:183} INFO - Processing /home/deprojectue/miniconda3/envs/airflow_demo/lib/python3.9/site-packages/airflow/example_dags/plugins/event_listener.py took 0.025 seconds
[2024-01-31T02:12:41.003+0000] {processor.py:161} INFO - Started process (PID=211037) to work on /home/deprojectue/miniconda3/envs/airflow_demo/lib/python3.9/site-packages/airflow/example_dags/plugins/event_listener.py
[2024-01-31T02:12:41.005+0000] {processor.py:830} INFO - Processing file /home/deprojectue/miniconda3/envs/airflow_demo/lib/python3.9/site-packages/airflow/example_dags/plugins/event_listener.py for tasks to queue
[2024-01-31T02:12:41.009+0000] {logging_mixin.py:188} INFO - [2024-01-31T02:12:41.008+0000] {dagbag.py:538} INFO - Filling up the DagBag from /home/deprojectue/miniconda3/envs/airflow_demo/lib/python3.9/site-packages/airflow/example_dags/plugins/event_listener.py
[2024-01-31T02:12:41.012+0000] {processor.py:842} WARNING - No viable dags retrieved from /home/deprojectue/miniconda3/envs/airflow_demo/lib/python3.9/site-packages/airflow/example_dags/plugins/event_listener.py
[2024-01-31T02:12:41.026+0000] {processor.py:183} INFO - Processing /home/deprojectue/miniconda3/envs/airflow_demo/lib/python3.9/site-packages/airflow/example_dags/plugins/event_listener.py took 0.027 seconds
[2024-01-31T02:13:29.343+0000] {processor.py:161} INFO - Started process (PID=211086) to work on /home/deprojectue/miniconda3/envs/airflow_demo/lib/python3.9/site-packages/airflow/example_dags/plugins/event_listener.py
[2024-01-31T02:13:29.345+0000] {processor.py:830} INFO - Processing file /home/deprojectue/miniconda3/envs/airflow_demo/lib/python3.9/site-packages/airflow/example_dags/plugins/event_listener.py for tasks to queue
[2024-01-31T02:13:29.348+0000] {logging_mixin.py:188} INFO - [2024-01-31T02:13:29.347+0000] {dagbag.py:538} INFO - Filling up the DagBag from /home/deprojectue/miniconda3/envs/airflow_demo/lib/python3.9/site-packages/airflow/example_dags/plugins/event_listener.py
[2024-01-31T02:13:29.351+0000] {processor.py:842} WARNING - No viable dags retrieved from /home/deprojectue/miniconda3/envs/airflow_demo/lib/python3.9/site-packages/airflow/example_dags/plugins/event_listener.py
[2024-01-31T02:13:29.364+0000] {processor.py:183} INFO - Processing /home/deprojectue/miniconda3/envs/airflow_demo/lib/python3.9/site-packages/airflow/example_dags/plugins/event_listener.py took 0.026 seconds
[2024-01-31T02:14:20.232+0000] {processor.py:161} INFO - Started process (PID=211145) to work on /home/deprojectue/miniconda3/envs/airflow_demo/lib/python3.9/site-packages/airflow/example_dags/plugins/event_listener.py
[2024-01-31T02:14:20.235+0000] {processor.py:830} INFO - Processing file /home/deprojectue/miniconda3/envs/airflow_demo/lib/python3.9/site-packages/airflow/example_dags/plugins/event_listener.py for tasks to queue
[2024-01-31T02:14:20.238+0000] {logging_mixin.py:188} INFO - [2024-01-31T02:14:20.238+0000] {dagbag.py:538} INFO - Filling up the DagBag from /home/deprojectue/miniconda3/envs/airflow_demo/lib/python3.9/site-packages/airflow/example_dags/plugins/event_listener.py
[2024-01-31T02:14:20.241+0000] {processor.py:842} WARNING - No viable dags retrieved from /home/deprojectue/miniconda3/envs/airflow_demo/lib/python3.9/site-packages/airflow/example_dags/plugins/event_listener.py
[2024-01-31T02:14:20.255+0000] {processor.py:183} INFO - Processing /home/deprojectue/miniconda3/envs/airflow_demo/lib/python3.9/site-packages/airflow/example_dags/plugins/event_listener.py took 0.027 seconds
[2024-01-31T02:21:39.071+0000] {processor.py:161} INFO - Started process (PID=211297) to work on /home/deprojectue/miniconda3/envs/airflow_demo/lib/python3.9/site-packages/airflow/example_dags/plugins/event_listener.py
[2024-01-31T02:21:39.073+0000] {processor.py:830} INFO - Processing file /home/deprojectue/miniconda3/envs/airflow_demo/lib/python3.9/site-packages/airflow/example_dags/plugins/event_listener.py for tasks to queue
[2024-01-31T02:21:39.077+0000] {logging_mixin.py:188} INFO - [2024-01-31T02:21:39.076+0000] {dagbag.py:538} INFO - Filling up the DagBag from /home/deprojectue/miniconda3/envs/airflow_demo/lib/python3.9/site-packages/airflow/example_dags/plugins/event_listener.py
[2024-01-31T02:21:39.080+0000] {processor.py:842} WARNING - No viable dags retrieved from /home/deprojectue/miniconda3/envs/airflow_demo/lib/python3.9/site-packages/airflow/example_dags/plugins/event_listener.py
[2024-01-31T02:21:39.094+0000] {processor.py:183} INFO - Processing /home/deprojectue/miniconda3/envs/airflow_demo/lib/python3.9/site-packages/airflow/example_dags/plugins/event_listener.py took 0.028 seconds
[2024-01-31T02:22:29.051+0000] {processor.py:161} INFO - Started process (PID=211347) to work on /home/deprojectue/miniconda3/envs/airflow_demo/lib/python3.9/site-packages/airflow/example_dags/plugins/event_listener.py
[2024-01-31T02:22:29.053+0000] {processor.py:830} INFO - Processing file /home/deprojectue/miniconda3/envs/airflow_demo/lib/python3.9/site-packages/airflow/example_dags/plugins/event_listener.py for tasks to queue
[2024-01-31T02:22:29.056+0000] {logging_mixin.py:188} INFO - [2024-01-31T02:22:29.055+0000] {dagbag.py:538} INFO - Filling up the DagBag from /home/deprojectue/miniconda3/envs/airflow_demo/lib/python3.9/site-packages/airflow/example_dags/plugins/event_listener.py
[2024-01-31T02:22:29.059+0000] {processor.py:842} WARNING - No viable dags retrieved from /home/deprojectue/miniconda3/envs/airflow_demo/lib/python3.9/site-packages/airflow/example_dags/plugins/event_listener.py
[2024-01-31T02:22:29.072+0000] {processor.py:183} INFO - Processing /home/deprojectue/miniconda3/envs/airflow_demo/lib/python3.9/site-packages/airflow/example_dags/plugins/event_listener.py took 0.026 seconds
[2024-01-31T08:24:10.290+0000] {processor.py:161} INFO - Started process (PID=214030) to work on /home/deprojectue/miniconda3/envs/airflow_demo/lib/python3.9/site-packages/airflow/example_dags/plugins/event_listener.py
[2024-01-31T08:24:10.292+0000] {processor.py:830} INFO - Processing file /home/deprojectue/miniconda3/envs/airflow_demo/lib/python3.9/site-packages/airflow/example_dags/plugins/event_listener.py for tasks to queue
[2024-01-31T08:24:10.295+0000] {logging_mixin.py:188} INFO - [2024-01-31T08:24:10.294+0000] {dagbag.py:538} INFO - Filling up the DagBag from /home/deprojectue/miniconda3/envs/airflow_demo/lib/python3.9/site-packages/airflow/example_dags/plugins/event_listener.py
[2024-01-31T08:24:10.298+0000] {processor.py:842} WARNING - No viable dags retrieved from /home/deprojectue/miniconda3/envs/airflow_demo/lib/python3.9/site-packages/airflow/example_dags/plugins/event_listener.py
[2024-01-31T08:24:10.311+0000] {processor.py:183} INFO - Processing /home/deprojectue/miniconda3/envs/airflow_demo/lib/python3.9/site-packages/airflow/example_dags/plugins/event_listener.py took 0.026 seconds
[2024-01-31T08:25:06.821+0000] {processor.py:161} INFO - Started process (PID=214089) to work on /home/deprojectue/miniconda3/envs/airflow_demo/lib/python3.9/site-packages/airflow/example_dags/plugins/event_listener.py
[2024-01-31T08:25:06.823+0000] {processor.py:830} INFO - Processing file /home/deprojectue/miniconda3/envs/airflow_demo/lib/python3.9/site-packages/airflow/example_dags/plugins/event_listener.py for tasks to queue
[2024-01-31T08:25:06.826+0000] {logging_mixin.py:188} INFO - [2024-01-31T08:25:06.826+0000] {dagbag.py:538} INFO - Filling up the DagBag from /home/deprojectue/miniconda3/envs/airflow_demo/lib/python3.9/site-packages/airflow/example_dags/plugins/event_listener.py
[2024-01-31T08:25:06.829+0000] {processor.py:842} WARNING - No viable dags retrieved from /home/deprojectue/miniconda3/envs/airflow_demo/lib/python3.9/site-packages/airflow/example_dags/plugins/event_listener.py
[2024-01-31T08:25:06.843+0000] {processor.py:183} INFO - Processing /home/deprojectue/miniconda3/envs/airflow_demo/lib/python3.9/site-packages/airflow/example_dags/plugins/event_listener.py took 0.027 seconds
[2024-01-31T08:25:52.884+0000] {processor.py:161} INFO - Started process (PID=214334) to work on /home/deprojectue/miniconda3/envs/airflow_demo/lib/python3.9/site-packages/airflow/example_dags/plugins/event_listener.py
[2024-01-31T08:25:52.889+0000] {processor.py:830} INFO - Processing file /home/deprojectue/miniconda3/envs/airflow_demo/lib/python3.9/site-packages/airflow/example_dags/plugins/event_listener.py for tasks to queue
[2024-01-31T08:25:52.894+0000] {logging_mixin.py:188} INFO - [2024-01-31T08:25:52.893+0000] {dagbag.py:538} INFO - Filling up the DagBag from /home/deprojectue/miniconda3/envs/airflow_demo/lib/python3.9/site-packages/airflow/example_dags/plugins/event_listener.py
[2024-01-31T08:25:52.898+0000] {processor.py:842} WARNING - No viable dags retrieved from /home/deprojectue/miniconda3/envs/airflow_demo/lib/python3.9/site-packages/airflow/example_dags/plugins/event_listener.py
[2024-01-31T08:25:52.916+0000] {processor.py:183} INFO - Processing /home/deprojectue/miniconda3/envs/airflow_demo/lib/python3.9/site-packages/airflow/example_dags/plugins/event_listener.py took 0.038 seconds
[2024-01-31T08:30:01.231+0000] {processor.py:161} INFO - Started process (PID=214926) to work on /home/deprojectue/miniconda3/envs/airflow_demo/lib/python3.9/site-packages/airflow/example_dags/plugins/event_listener.py
[2024-01-31T08:30:01.234+0000] {processor.py:830} INFO - Processing file /home/deprojectue/miniconda3/envs/airflow_demo/lib/python3.9/site-packages/airflow/example_dags/plugins/event_listener.py for tasks to queue
[2024-01-31T08:30:01.235+0000] {logging_mixin.py:188} INFO - [2024-01-31T08:30:01.235+0000] {dagbag.py:538} INFO - Filling up the DagBag from /home/deprojectue/miniconda3/envs/airflow_demo/lib/python3.9/site-packages/airflow/example_dags/plugins/event_listener.py
[2024-01-31T08:30:01.239+0000] {processor.py:842} WARNING - No viable dags retrieved from /home/deprojectue/miniconda3/envs/airflow_demo/lib/python3.9/site-packages/airflow/example_dags/plugins/event_listener.py
[2024-01-31T08:30:01.480+0000] {processor.py:183} INFO - Processing /home/deprojectue/miniconda3/envs/airflow_demo/lib/python3.9/site-packages/airflow/example_dags/plugins/event_listener.py took 0.255 seconds
[2024-01-31T08:51:50.228+0000] {processor.py:161} INFO - Started process (PID=215370) to work on /home/deprojectue/miniconda3/envs/airflow_demo/lib/python3.9/site-packages/airflow/example_dags/plugins/event_listener.py
[2024-01-31T08:51:50.230+0000] {processor.py:830} INFO - Processing file /home/deprojectue/miniconda3/envs/airflow_demo/lib/python3.9/site-packages/airflow/example_dags/plugins/event_listener.py for tasks to queue
[2024-01-31T08:51:50.234+0000] {logging_mixin.py:188} INFO - [2024-01-31T08:51:50.233+0000] {dagbag.py:538} INFO - Filling up the DagBag from /home/deprojectue/miniconda3/envs/airflow_demo/lib/python3.9/site-packages/airflow/example_dags/plugins/event_listener.py
[2024-01-31T08:51:50.238+0000] {processor.py:842} WARNING - No viable dags retrieved from /home/deprojectue/miniconda3/envs/airflow_demo/lib/python3.9/site-packages/airflow/example_dags/plugins/event_listener.py
[2024-01-31T08:51:50.253+0000] {processor.py:183} INFO - Processing /home/deprojectue/miniconda3/envs/airflow_demo/lib/python3.9/site-packages/airflow/example_dags/plugins/event_listener.py took 0.030 seconds
[2024-01-31T08:52:40.664+0000] {processor.py:161} INFO - Started process (PID=215421) to work on /home/deprojectue/miniconda3/envs/airflow_demo/lib/python3.9/site-packages/airflow/example_dags/plugins/event_listener.py
[2024-01-31T08:52:40.666+0000] {processor.py:830} INFO - Processing file /home/deprojectue/miniconda3/envs/airflow_demo/lib/python3.9/site-packages/airflow/example_dags/plugins/event_listener.py for tasks to queue
[2024-01-31T08:52:40.669+0000] {logging_mixin.py:188} INFO - [2024-01-31T08:52:40.669+0000] {dagbag.py:538} INFO - Filling up the DagBag from /home/deprojectue/miniconda3/envs/airflow_demo/lib/python3.9/site-packages/airflow/example_dags/plugins/event_listener.py
[2024-01-31T08:52:40.672+0000] {processor.py:842} WARNING - No viable dags retrieved from /home/deprojectue/miniconda3/envs/airflow_demo/lib/python3.9/site-packages/airflow/example_dags/plugins/event_listener.py
[2024-01-31T08:52:40.685+0000] {processor.py:183} INFO - Processing /home/deprojectue/miniconda3/envs/airflow_demo/lib/python3.9/site-packages/airflow/example_dags/plugins/event_listener.py took 0.026 seconds
[2024-01-31T08:53:30.913+0000] {processor.py:161} INFO - Started process (PID=215473) to work on /home/deprojectue/miniconda3/envs/airflow_demo/lib/python3.9/site-packages/airflow/example_dags/plugins/event_listener.py
[2024-01-31T08:53:30.915+0000] {processor.py:830} INFO - Processing file /home/deprojectue/miniconda3/envs/airflow_demo/lib/python3.9/site-packages/airflow/example_dags/plugins/event_listener.py for tasks to queue
[2024-01-31T08:53:30.919+0000] {logging_mixin.py:188} INFO - [2024-01-31T08:53:30.918+0000] {dagbag.py:538} INFO - Filling up the DagBag from /home/deprojectue/miniconda3/envs/airflow_demo/lib/python3.9/site-packages/airflow/example_dags/plugins/event_listener.py
[2024-01-31T08:53:30.922+0000] {processor.py:842} WARNING - No viable dags retrieved from /home/deprojectue/miniconda3/envs/airflow_demo/lib/python3.9/site-packages/airflow/example_dags/plugins/event_listener.py
[2024-01-31T08:53:30.936+0000] {processor.py:183} INFO - Processing /home/deprojectue/miniconda3/envs/airflow_demo/lib/python3.9/site-packages/airflow/example_dags/plugins/event_listener.py took 0.027 seconds
[2024-01-31T08:54:12.666+0000] {processor.py:161} INFO - Started process (PID=215515) to work on /home/deprojectue/miniconda3/envs/airflow_demo/lib/python3.9/site-packages/airflow/example_dags/plugins/event_listener.py
[2024-01-31T08:54:12.668+0000] {processor.py:830} INFO - Processing file /home/deprojectue/miniconda3/envs/airflow_demo/lib/python3.9/site-packages/airflow/example_dags/plugins/event_listener.py for tasks to queue
[2024-01-31T08:54:12.672+0000] {logging_mixin.py:188} INFO - [2024-01-31T08:54:12.671+0000] {dagbag.py:538} INFO - Filling up the DagBag from /home/deprojectue/miniconda3/envs/airflow_demo/lib/python3.9/site-packages/airflow/example_dags/plugins/event_listener.py
[2024-01-31T08:54:12.675+0000] {processor.py:842} WARNING - No viable dags retrieved from /home/deprojectue/miniconda3/envs/airflow_demo/lib/python3.9/site-packages/airflow/example_dags/plugins/event_listener.py
[2024-01-31T08:54:12.689+0000] {processor.py:183} INFO - Processing /home/deprojectue/miniconda3/envs/airflow_demo/lib/python3.9/site-packages/airflow/example_dags/plugins/event_listener.py took 0.028 seconds
[2024-01-31T08:54:54.359+0000] {processor.py:161} INFO - Started process (PID=215559) to work on /home/deprojectue/miniconda3/envs/airflow_demo/lib/python3.9/site-packages/airflow/example_dags/plugins/event_listener.py
[2024-01-31T08:54:54.362+0000] {processor.py:830} INFO - Processing file /home/deprojectue/miniconda3/envs/airflow_demo/lib/python3.9/site-packages/airflow/example_dags/plugins/event_listener.py for tasks to queue
[2024-01-31T08:54:54.365+0000] {logging_mixin.py:188} INFO - [2024-01-31T08:54:54.365+0000] {dagbag.py:538} INFO - Filling up the DagBag from /home/deprojectue/miniconda3/envs/airflow_demo/lib/python3.9/site-packages/airflow/example_dags/plugins/event_listener.py
[2024-01-31T08:54:54.368+0000] {processor.py:842} WARNING - No viable dags retrieved from /home/deprojectue/miniconda3/envs/airflow_demo/lib/python3.9/site-packages/airflow/example_dags/plugins/event_listener.py
[2024-01-31T08:54:54.382+0000] {processor.py:183} INFO - Processing /home/deprojectue/miniconda3/envs/airflow_demo/lib/python3.9/site-packages/airflow/example_dags/plugins/event_listener.py took 0.027 seconds
[2024-01-31T08:55:34.912+0000] {processor.py:161} INFO - Started process (PID=215601) to work on /home/deprojectue/miniconda3/envs/airflow_demo/lib/python3.9/site-packages/airflow/example_dags/plugins/event_listener.py
[2024-01-31T08:55:34.914+0000] {processor.py:830} INFO - Processing file /home/deprojectue/miniconda3/envs/airflow_demo/lib/python3.9/site-packages/airflow/example_dags/plugins/event_listener.py for tasks to queue
[2024-01-31T08:55:34.917+0000] {logging_mixin.py:188} INFO - [2024-01-31T08:55:34.917+0000] {dagbag.py:538} INFO - Filling up the DagBag from /home/deprojectue/miniconda3/envs/airflow_demo/lib/python3.9/site-packages/airflow/example_dags/plugins/event_listener.py
[2024-01-31T08:55:34.920+0000] {processor.py:842} WARNING - No viable dags retrieved from /home/deprojectue/miniconda3/envs/airflow_demo/lib/python3.9/site-packages/airflow/example_dags/plugins/event_listener.py
[2024-01-31T08:55:34.934+0000] {processor.py:183} INFO - Processing /home/deprojectue/miniconda3/envs/airflow_demo/lib/python3.9/site-packages/airflow/example_dags/plugins/event_listener.py took 0.027 seconds
[2024-01-31T08:56:12.873+0000] {processor.py:161} INFO - Started process (PID=215642) to work on /home/deprojectue/miniconda3/envs/airflow_demo/lib/python3.9/site-packages/airflow/example_dags/plugins/event_listener.py
[2024-01-31T08:56:12.875+0000] {processor.py:830} INFO - Processing file /home/deprojectue/miniconda3/envs/airflow_demo/lib/python3.9/site-packages/airflow/example_dags/plugins/event_listener.py for tasks to queue
[2024-01-31T08:56:12.879+0000] {logging_mixin.py:188} INFO - [2024-01-31T08:56:12.878+0000] {dagbag.py:538} INFO - Filling up the DagBag from /home/deprojectue/miniconda3/envs/airflow_demo/lib/python3.9/site-packages/airflow/example_dags/plugins/event_listener.py
[2024-01-31T08:56:12.882+0000] {processor.py:842} WARNING - No viable dags retrieved from /home/deprojectue/miniconda3/envs/airflow_demo/lib/python3.9/site-packages/airflow/example_dags/plugins/event_listener.py
[2024-01-31T08:56:12.896+0000] {processor.py:183} INFO - Processing /home/deprojectue/miniconda3/envs/airflow_demo/lib/python3.9/site-packages/airflow/example_dags/plugins/event_listener.py took 0.027 seconds
[2024-01-31T08:56:53.260+0000] {processor.py:161} INFO - Started process (PID=215701) to work on /home/deprojectue/miniconda3/envs/airflow_demo/lib/python3.9/site-packages/airflow/example_dags/plugins/event_listener.py
[2024-01-31T08:56:53.262+0000] {processor.py:830} INFO - Processing file /home/deprojectue/miniconda3/envs/airflow_demo/lib/python3.9/site-packages/airflow/example_dags/plugins/event_listener.py for tasks to queue
[2024-01-31T08:56:53.266+0000] {logging_mixin.py:188} INFO - [2024-01-31T08:56:53.266+0000] {dagbag.py:538} INFO - Filling up the DagBag from /home/deprojectue/miniconda3/envs/airflow_demo/lib/python3.9/site-packages/airflow/example_dags/plugins/event_listener.py
[2024-01-31T08:56:53.270+0000] {processor.py:842} WARNING - No viable dags retrieved from /home/deprojectue/miniconda3/envs/airflow_demo/lib/python3.9/site-packages/airflow/example_dags/plugins/event_listener.py
[2024-01-31T08:56:53.284+0000] {processor.py:183} INFO - Processing /home/deprojectue/miniconda3/envs/airflow_demo/lib/python3.9/site-packages/airflow/example_dags/plugins/event_listener.py took 0.029 seconds
[2024-01-31T08:57:30.963+0000] {processor.py:161} INFO - Started process (PID=215740) to work on /home/deprojectue/miniconda3/envs/airflow_demo/lib/python3.9/site-packages/airflow/example_dags/plugins/event_listener.py
[2024-01-31T08:57:30.965+0000] {processor.py:830} INFO - Processing file /home/deprojectue/miniconda3/envs/airflow_demo/lib/python3.9/site-packages/airflow/example_dags/plugins/event_listener.py for tasks to queue
[2024-01-31T08:57:30.968+0000] {logging_mixin.py:188} INFO - [2024-01-31T08:57:30.968+0000] {dagbag.py:538} INFO - Filling up the DagBag from /home/deprojectue/miniconda3/envs/airflow_demo/lib/python3.9/site-packages/airflow/example_dags/plugins/event_listener.py
[2024-01-31T08:57:30.972+0000] {processor.py:842} WARNING - No viable dags retrieved from /home/deprojectue/miniconda3/envs/airflow_demo/lib/python3.9/site-packages/airflow/example_dags/plugins/event_listener.py
[2024-01-31T08:57:30.986+0000] {processor.py:183} INFO - Processing /home/deprojectue/miniconda3/envs/airflow_demo/lib/python3.9/site-packages/airflow/example_dags/plugins/event_listener.py took 0.028 seconds
[2024-01-31T08:58:07.506+0000] {processor.py:161} INFO - Started process (PID=215778) to work on /home/deprojectue/miniconda3/envs/airflow_demo/lib/python3.9/site-packages/airflow/example_dags/plugins/event_listener.py
[2024-01-31T08:58:07.508+0000] {processor.py:830} INFO - Processing file /home/deprojectue/miniconda3/envs/airflow_demo/lib/python3.9/site-packages/airflow/example_dags/plugins/event_listener.py for tasks to queue
[2024-01-31T08:58:07.511+0000] {logging_mixin.py:188} INFO - [2024-01-31T08:58:07.511+0000] {dagbag.py:538} INFO - Filling up the DagBag from /home/deprojectue/miniconda3/envs/airflow_demo/lib/python3.9/site-packages/airflow/example_dags/plugins/event_listener.py
[2024-01-31T08:58:07.515+0000] {processor.py:842} WARNING - No viable dags retrieved from /home/deprojectue/miniconda3/envs/airflow_demo/lib/python3.9/site-packages/airflow/example_dags/plugins/event_listener.py
[2024-01-31T08:58:07.529+0000] {processor.py:183} INFO - Processing /home/deprojectue/miniconda3/envs/airflow_demo/lib/python3.9/site-packages/airflow/example_dags/plugins/event_listener.py took 0.028 seconds
[2024-01-31T08:58:47.853+0000] {processor.py:161} INFO - Started process (PID=215838) to work on /home/deprojectue/miniconda3/envs/airflow_demo/lib/python3.9/site-packages/airflow/example_dags/plugins/event_listener.py
[2024-01-31T08:58:47.856+0000] {processor.py:830} INFO - Processing file /home/deprojectue/miniconda3/envs/airflow_demo/lib/python3.9/site-packages/airflow/example_dags/plugins/event_listener.py for tasks to queue
[2024-01-31T08:58:47.859+0000] {logging_mixin.py:188} INFO - [2024-01-31T08:58:47.859+0000] {dagbag.py:538} INFO - Filling up the DagBag from /home/deprojectue/miniconda3/envs/airflow_demo/lib/python3.9/site-packages/airflow/example_dags/plugins/event_listener.py
[2024-01-31T08:58:47.862+0000] {processor.py:842} WARNING - No viable dags retrieved from /home/deprojectue/miniconda3/envs/airflow_demo/lib/python3.9/site-packages/airflow/example_dags/plugins/event_listener.py
[2024-01-31T08:58:47.876+0000] {processor.py:183} INFO - Processing /home/deprojectue/miniconda3/envs/airflow_demo/lib/python3.9/site-packages/airflow/example_dags/plugins/event_listener.py took 0.028 seconds
[2024-01-31T08:59:29.862+0000] {processor.py:161} INFO - Started process (PID=215882) to work on /home/deprojectue/miniconda3/envs/airflow_demo/lib/python3.9/site-packages/airflow/example_dags/plugins/event_listener.py
[2024-01-31T08:59:29.864+0000] {processor.py:830} INFO - Processing file /home/deprojectue/miniconda3/envs/airflow_demo/lib/python3.9/site-packages/airflow/example_dags/plugins/event_listener.py for tasks to queue
[2024-01-31T08:59:29.868+0000] {logging_mixin.py:188} INFO - [2024-01-31T08:59:29.867+0000] {dagbag.py:538} INFO - Filling up the DagBag from /home/deprojectue/miniconda3/envs/airflow_demo/lib/python3.9/site-packages/airflow/example_dags/plugins/event_listener.py
[2024-01-31T08:59:29.871+0000] {processor.py:842} WARNING - No viable dags retrieved from /home/deprojectue/miniconda3/envs/airflow_demo/lib/python3.9/site-packages/airflow/example_dags/plugins/event_listener.py
[2024-01-31T08:59:29.885+0000] {processor.py:183} INFO - Processing /home/deprojectue/miniconda3/envs/airflow_demo/lib/python3.9/site-packages/airflow/example_dags/plugins/event_listener.py took 0.028 seconds
[2024-01-31T09:00:08.121+0000] {processor.py:161} INFO - Started process (PID=215922) to work on /home/deprojectue/miniconda3/envs/airflow_demo/lib/python3.9/site-packages/airflow/example_dags/plugins/event_listener.py
[2024-01-31T09:00:08.123+0000] {processor.py:830} INFO - Processing file /home/deprojectue/miniconda3/envs/airflow_demo/lib/python3.9/site-packages/airflow/example_dags/plugins/event_listener.py for tasks to queue
[2024-01-31T09:00:08.126+0000] {logging_mixin.py:188} INFO - [2024-01-31T09:00:08.126+0000] {dagbag.py:538} INFO - Filling up the DagBag from /home/deprojectue/miniconda3/envs/airflow_demo/lib/python3.9/site-packages/airflow/example_dags/plugins/event_listener.py
[2024-01-31T09:00:08.129+0000] {processor.py:842} WARNING - No viable dags retrieved from /home/deprojectue/miniconda3/envs/airflow_demo/lib/python3.9/site-packages/airflow/example_dags/plugins/event_listener.py
[2024-01-31T09:00:08.143+0000] {processor.py:183} INFO - Processing /home/deprojectue/miniconda3/envs/airflow_demo/lib/python3.9/site-packages/airflow/example_dags/plugins/event_listener.py took 0.027 seconds
[2024-01-31T09:00:44.806+0000] {processor.py:161} INFO - Started process (PID=215961) to work on /home/deprojectue/miniconda3/envs/airflow_demo/lib/python3.9/site-packages/airflow/example_dags/plugins/event_listener.py
[2024-01-31T09:00:44.808+0000] {processor.py:830} INFO - Processing file /home/deprojectue/miniconda3/envs/airflow_demo/lib/python3.9/site-packages/airflow/example_dags/plugins/event_listener.py for tasks to queue
[2024-01-31T09:00:44.812+0000] {logging_mixin.py:188} INFO - [2024-01-31T09:00:44.811+0000] {dagbag.py:538} INFO - Filling up the DagBag from /home/deprojectue/miniconda3/envs/airflow_demo/lib/python3.9/site-packages/airflow/example_dags/plugins/event_listener.py
[2024-01-31T09:00:44.815+0000] {processor.py:842} WARNING - No viable dags retrieved from /home/deprojectue/miniconda3/envs/airflow_demo/lib/python3.9/site-packages/airflow/example_dags/plugins/event_listener.py
[2024-01-31T09:00:44.828+0000] {processor.py:183} INFO - Processing /home/deprojectue/miniconda3/envs/airflow_demo/lib/python3.9/site-packages/airflow/example_dags/plugins/event_listener.py took 0.026 seconds
[2024-01-31T09:01:23.863+0000] {processor.py:161} INFO - Started process (PID=216001) to work on /home/deprojectue/miniconda3/envs/airflow_demo/lib/python3.9/site-packages/airflow/example_dags/plugins/event_listener.py
[2024-01-31T09:01:23.865+0000] {processor.py:830} INFO - Processing file /home/deprojectue/miniconda3/envs/airflow_demo/lib/python3.9/site-packages/airflow/example_dags/plugins/event_listener.py for tasks to queue
[2024-01-31T09:01:23.869+0000] {logging_mixin.py:188} INFO - [2024-01-31T09:01:23.869+0000] {dagbag.py:538} INFO - Filling up the DagBag from /home/deprojectue/miniconda3/envs/airflow_demo/lib/python3.9/site-packages/airflow/example_dags/plugins/event_listener.py
[2024-01-31T09:01:23.872+0000] {processor.py:842} WARNING - No viable dags retrieved from /home/deprojectue/miniconda3/envs/airflow_demo/lib/python3.9/site-packages/airflow/example_dags/plugins/event_listener.py
[2024-01-31T09:01:23.887+0000] {processor.py:183} INFO - Processing /home/deprojectue/miniconda3/envs/airflow_demo/lib/python3.9/site-packages/airflow/example_dags/plugins/event_listener.py took 0.028 seconds
[2024-01-31T09:02:00.212+0000] {processor.py:161} INFO - Started process (PID=216041) to work on /home/deprojectue/miniconda3/envs/airflow_demo/lib/python3.9/site-packages/airflow/example_dags/plugins/event_listener.py
[2024-01-31T09:02:00.214+0000] {processor.py:830} INFO - Processing file /home/deprojectue/miniconda3/envs/airflow_demo/lib/python3.9/site-packages/airflow/example_dags/plugins/event_listener.py for tasks to queue
[2024-01-31T09:02:00.217+0000] {logging_mixin.py:188} INFO - [2024-01-31T09:02:00.217+0000] {dagbag.py:538} INFO - Filling up the DagBag from /home/deprojectue/miniconda3/envs/airflow_demo/lib/python3.9/site-packages/airflow/example_dags/plugins/event_listener.py
[2024-01-31T09:02:00.221+0000] {processor.py:842} WARNING - No viable dags retrieved from /home/deprojectue/miniconda3/envs/airflow_demo/lib/python3.9/site-packages/airflow/example_dags/plugins/event_listener.py
[2024-01-31T09:02:00.237+0000] {processor.py:183} INFO - Processing /home/deprojectue/miniconda3/envs/airflow_demo/lib/python3.9/site-packages/airflow/example_dags/plugins/event_listener.py took 0.029 seconds
[2024-01-31T09:02:37.646+0000] {processor.py:161} INFO - Started process (PID=216081) to work on /home/deprojectue/miniconda3/envs/airflow_demo/lib/python3.9/site-packages/airflow/example_dags/plugins/event_listener.py
[2024-01-31T09:02:37.649+0000] {processor.py:830} INFO - Processing file /home/deprojectue/miniconda3/envs/airflow_demo/lib/python3.9/site-packages/airflow/example_dags/plugins/event_listener.py for tasks to queue
[2024-01-31T09:02:37.652+0000] {logging_mixin.py:188} INFO - [2024-01-31T09:02:37.652+0000] {dagbag.py:538} INFO - Filling up the DagBag from /home/deprojectue/miniconda3/envs/airflow_demo/lib/python3.9/site-packages/airflow/example_dags/plugins/event_listener.py
[2024-01-31T09:02:37.655+0000] {processor.py:842} WARNING - No viable dags retrieved from /home/deprojectue/miniconda3/envs/airflow_demo/lib/python3.9/site-packages/airflow/example_dags/plugins/event_listener.py
[2024-01-31T09:02:37.668+0000] {processor.py:183} INFO - Processing /home/deprojectue/miniconda3/envs/airflow_demo/lib/python3.9/site-packages/airflow/example_dags/plugins/event_listener.py took 0.026 seconds
[2024-01-31T09:03:15.118+0000] {processor.py:161} INFO - Started process (PID=216119) to work on /home/deprojectue/miniconda3/envs/airflow_demo/lib/python3.9/site-packages/airflow/example_dags/plugins/event_listener.py
[2024-01-31T09:03:15.120+0000] {processor.py:830} INFO - Processing file /home/deprojectue/miniconda3/envs/airflow_demo/lib/python3.9/site-packages/airflow/example_dags/plugins/event_listener.py for tasks to queue
[2024-01-31T09:03:15.123+0000] {logging_mixin.py:188} INFO - [2024-01-31T09:03:15.123+0000] {dagbag.py:538} INFO - Filling up the DagBag from /home/deprojectue/miniconda3/envs/airflow_demo/lib/python3.9/site-packages/airflow/example_dags/plugins/event_listener.py
[2024-01-31T09:03:15.127+0000] {processor.py:842} WARNING - No viable dags retrieved from /home/deprojectue/miniconda3/envs/airflow_demo/lib/python3.9/site-packages/airflow/example_dags/plugins/event_listener.py
[2024-01-31T09:03:15.140+0000] {processor.py:183} INFO - Processing /home/deprojectue/miniconda3/envs/airflow_demo/lib/python3.9/site-packages/airflow/example_dags/plugins/event_listener.py took 0.027 seconds
[2024-01-31T09:03:51.133+0000] {processor.py:161} INFO - Started process (PID=216157) to work on /home/deprojectue/miniconda3/envs/airflow_demo/lib/python3.9/site-packages/airflow/example_dags/plugins/event_listener.py
[2024-01-31T09:03:51.135+0000] {processor.py:830} INFO - Processing file /home/deprojectue/miniconda3/envs/airflow_demo/lib/python3.9/site-packages/airflow/example_dags/plugins/event_listener.py for tasks to queue
[2024-01-31T09:03:51.139+0000] {logging_mixin.py:188} INFO - [2024-01-31T09:03:51.138+0000] {dagbag.py:538} INFO - Filling up the DagBag from /home/deprojectue/miniconda3/envs/airflow_demo/lib/python3.9/site-packages/airflow/example_dags/plugins/event_listener.py
[2024-01-31T09:03:51.142+0000] {processor.py:842} WARNING - No viable dags retrieved from /home/deprojectue/miniconda3/envs/airflow_demo/lib/python3.9/site-packages/airflow/example_dags/plugins/event_listener.py
[2024-01-31T09:03:51.156+0000] {processor.py:183} INFO - Processing /home/deprojectue/miniconda3/envs/airflow_demo/lib/python3.9/site-packages/airflow/example_dags/plugins/event_listener.py took 0.027 seconds
[2024-01-31T09:04:27.169+0000] {processor.py:161} INFO - Started process (PID=216194) to work on /home/deprojectue/miniconda3/envs/airflow_demo/lib/python3.9/site-packages/airflow/example_dags/plugins/event_listener.py
[2024-01-31T09:04:27.172+0000] {processor.py:830} INFO - Processing file /home/deprojectue/miniconda3/envs/airflow_demo/lib/python3.9/site-packages/airflow/example_dags/plugins/event_listener.py for tasks to queue
[2024-01-31T09:04:27.175+0000] {logging_mixin.py:188} INFO - [2024-01-31T09:04:27.175+0000] {dagbag.py:538} INFO - Filling up the DagBag from /home/deprojectue/miniconda3/envs/airflow_demo/lib/python3.9/site-packages/airflow/example_dags/plugins/event_listener.py
[2024-01-31T09:04:27.179+0000] {processor.py:842} WARNING - No viable dags retrieved from /home/deprojectue/miniconda3/envs/airflow_demo/lib/python3.9/site-packages/airflow/example_dags/plugins/event_listener.py
[2024-01-31T09:04:27.193+0000] {processor.py:183} INFO - Processing /home/deprojectue/miniconda3/envs/airflow_demo/lib/python3.9/site-packages/airflow/example_dags/plugins/event_listener.py took 0.028 seconds
[2024-01-31T09:05:03.757+0000] {processor.py:161} INFO - Started process (PID=216235) to work on /home/deprojectue/miniconda3/envs/airflow_demo/lib/python3.9/site-packages/airflow/example_dags/plugins/event_listener.py
[2024-01-31T09:05:03.760+0000] {processor.py:830} INFO - Processing file /home/deprojectue/miniconda3/envs/airflow_demo/lib/python3.9/site-packages/airflow/example_dags/plugins/event_listener.py for tasks to queue
[2024-01-31T09:05:03.763+0000] {logging_mixin.py:188} INFO - [2024-01-31T09:05:03.763+0000] {dagbag.py:538} INFO - Filling up the DagBag from /home/deprojectue/miniconda3/envs/airflow_demo/lib/python3.9/site-packages/airflow/example_dags/plugins/event_listener.py
[2024-01-31T09:05:03.766+0000] {processor.py:842} WARNING - No viable dags retrieved from /home/deprojectue/miniconda3/envs/airflow_demo/lib/python3.9/site-packages/airflow/example_dags/plugins/event_listener.py
[2024-01-31T09:05:03.780+0000] {processor.py:183} INFO - Processing /home/deprojectue/miniconda3/envs/airflow_demo/lib/python3.9/site-packages/airflow/example_dags/plugins/event_listener.py took 0.027 seconds
[2024-01-31T09:08:20.889+0000] {processor.py:161} INFO - Started process (PID=216375) to work on /home/deprojectue/miniconda3/envs/airflow_demo/lib/python3.9/site-packages/airflow/example_dags/plugins/event_listener.py
[2024-01-31T09:08:20.902+0000] {processor.py:830} INFO - Processing file /home/deprojectue/miniconda3/envs/airflow_demo/lib/python3.9/site-packages/airflow/example_dags/plugins/event_listener.py for tasks to queue
[2024-01-31T09:08:21.131+0000] {logging_mixin.py:188} INFO - [2024-01-31T09:08:21.131+0000] {dagbag.py:538} INFO - Filling up the DagBag from /home/deprojectue/miniconda3/envs/airflow_demo/lib/python3.9/site-packages/airflow/example_dags/plugins/event_listener.py
[2024-01-31T09:08:21.136+0000] {processor.py:842} WARNING - No viable dags retrieved from /home/deprojectue/miniconda3/envs/airflow_demo/lib/python3.9/site-packages/airflow/example_dags/plugins/event_listener.py
[2024-01-31T09:08:21.378+0000] {processor.py:183} INFO - Processing /home/deprojectue/miniconda3/envs/airflow_demo/lib/python3.9/site-packages/airflow/example_dags/plugins/event_listener.py took 0.500 seconds
[2024-01-31T09:34:17.491+0000] {processor.py:161} INFO - Started process (PID=216864) to work on /home/deprojectue/miniconda3/envs/airflow_demo/lib/python3.9/site-packages/airflow/example_dags/plugins/event_listener.py
[2024-01-31T09:34:17.496+0000] {processor.py:830} INFO - Processing file /home/deprojectue/miniconda3/envs/airflow_demo/lib/python3.9/site-packages/airflow/example_dags/plugins/event_listener.py for tasks to queue
[2024-01-31T09:34:17.506+0000] {logging_mixin.py:188} INFO - [2024-01-31T09:34:17.499+0000] {dagbag.py:538} INFO - Filling up the DagBag from /home/deprojectue/miniconda3/envs/airflow_demo/lib/python3.9/site-packages/airflow/example_dags/plugins/event_listener.py
[2024-01-31T09:34:17.521+0000] {processor.py:842} WARNING - No viable dags retrieved from /home/deprojectue/miniconda3/envs/airflow_demo/lib/python3.9/site-packages/airflow/example_dags/plugins/event_listener.py
[2024-01-31T09:34:17.564+0000] {processor.py:183} INFO - Processing /home/deprojectue/miniconda3/envs/airflow_demo/lib/python3.9/site-packages/airflow/example_dags/plugins/event_listener.py took 0.077 seconds
[2024-01-31T09:36:32.138+0000] {processor.py:161} INFO - Started process (PID=216929) to work on /home/deprojectue/miniconda3/envs/airflow_demo/lib/python3.9/site-packages/airflow/example_dags/plugins/event_listener.py
[2024-01-31T09:36:32.141+0000] {processor.py:830} INFO - Processing file /home/deprojectue/miniconda3/envs/airflow_demo/lib/python3.9/site-packages/airflow/example_dags/plugins/event_listener.py for tasks to queue
[2024-01-31T09:36:32.144+0000] {logging_mixin.py:188} INFO - [2024-01-31T09:36:32.144+0000] {dagbag.py:538} INFO - Filling up the DagBag from /home/deprojectue/miniconda3/envs/airflow_demo/lib/python3.9/site-packages/airflow/example_dags/plugins/event_listener.py
[2024-01-31T09:36:32.147+0000] {processor.py:842} WARNING - No viable dags retrieved from /home/deprojectue/miniconda3/envs/airflow_demo/lib/python3.9/site-packages/airflow/example_dags/plugins/event_listener.py
[2024-01-31T09:36:32.161+0000] {processor.py:183} INFO - Processing /home/deprojectue/miniconda3/envs/airflow_demo/lib/python3.9/site-packages/airflow/example_dags/plugins/event_listener.py took 0.027 seconds
