[2024-01-31T02:07:21.154+0000] {processor.py:161} INFO - Started process (PID=210199) to work on /home/deprojectue/miniconda3/envs/airflow_demo/lib/python3.9/site-packages/airflow/example_dags/plugins/listener_plugin.py
[2024-01-31T02:07:21.155+0000] {processor.py:830} INFO - Processing file /home/deprojectue/miniconda3/envs/airflow_demo/lib/python3.9/site-packages/airflow/example_dags/plugins/listener_plugin.py for tasks to queue
[2024-01-31T02:07:21.156+0000] {logging_mixin.py:188} INFO - [2024-01-31T02:07:21.155+0000] {dagbag.py:538} INFO - Filling up the DagBag from /home/deprojectue/miniconda3/envs/airflow_demo/lib/python3.9/site-packages/airflow/example_dags/plugins/listener_plugin.py
[2024-01-31T02:07:21.159+0000] {processor.py:842} WARNING - No viable dags retrieved from /home/deprojectue/miniconda3/envs/airflow_demo/lib/python3.9/site-packages/airflow/example_dags/plugins/listener_plugin.py
[2024-01-31T02:07:21.172+0000] {processor.py:183} INFO - Processing /home/deprojectue/miniconda3/envs/airflow_demo/lib/python3.9/site-packages/airflow/example_dags/plugins/listener_plugin.py took 0.022 seconds
[2024-01-31T02:08:19.481+0000] {processor.py:161} INFO - Started process (PID=210640) to work on /home/deprojectue/miniconda3/envs/airflow_demo/lib/python3.9/site-packages/airflow/example_dags/plugins/listener_plugin.py
[2024-01-31T02:08:19.484+0000] {processor.py:830} INFO - Processing file /home/deprojectue/miniconda3/envs/airflow_demo/lib/python3.9/site-packages/airflow/example_dags/plugins/listener_plugin.py for tasks to queue
[2024-01-31T02:08:19.485+0000] {logging_mixin.py:188} INFO - [2024-01-31T02:08:19.485+0000] {dagbag.py:538} INFO - Filling up the DagBag from /home/deprojectue/miniconda3/envs/airflow_demo/lib/python3.9/site-packages/airflow/example_dags/plugins/listener_plugin.py
[2024-01-31T02:08:19.489+0000] {processor.py:842} WARNING - No viable dags retrieved from /home/deprojectue/miniconda3/envs/airflow_demo/lib/python3.9/site-packages/airflow/example_dags/plugins/listener_plugin.py
[2024-01-31T02:08:19.502+0000] {processor.py:183} INFO - Processing /home/deprojectue/miniconda3/envs/airflow_demo/lib/python3.9/site-packages/airflow/example_dags/plugins/listener_plugin.py took 0.025 seconds
[2024-01-31T02:08:55.778+0000] {processor.py:161} INFO - Started process (PID=210664) to work on /home/deprojectue/miniconda3/envs/airflow_demo/lib/python3.9/site-packages/airflow/example_dags/plugins/listener_plugin.py
[2024-01-31T02:08:55.780+0000] {processor.py:830} INFO - Processing file /home/deprojectue/miniconda3/envs/airflow_demo/lib/python3.9/site-packages/airflow/example_dags/plugins/listener_plugin.py for tasks to queue
[2024-01-31T02:08:55.781+0000] {logging_mixin.py:188} INFO - [2024-01-31T02:08:55.781+0000] {dagbag.py:538} INFO - Filling up the DagBag from /home/deprojectue/miniconda3/envs/airflow_demo/lib/python3.9/site-packages/airflow/example_dags/plugins/listener_plugin.py
[2024-01-31T02:08:55.784+0000] {processor.py:842} WARNING - No viable dags retrieved from /home/deprojectue/miniconda3/envs/airflow_demo/lib/python3.9/site-packages/airflow/example_dags/plugins/listener_plugin.py
[2024-01-31T02:08:55.797+0000] {processor.py:183} INFO - Processing /home/deprojectue/miniconda3/envs/airflow_demo/lib/python3.9/site-packages/airflow/example_dags/plugins/listener_plugin.py took 0.024 seconds
[2024-01-31T02:09:49.471+0000] {processor.py:161} INFO - Started process (PID=210948) to work on /home/deprojectue/miniconda3/envs/airflow_demo/lib/python3.9/site-packages/airflow/example_dags/plugins/listener_plugin.py
[2024-01-31T02:09:49.473+0000] {processor.py:830} INFO - Processing file /home/deprojectue/miniconda3/envs/airflow_demo/lib/python3.9/site-packages/airflow/example_dags/plugins/listener_plugin.py for tasks to queue
[2024-01-31T02:09:49.474+0000] {logging_mixin.py:188} INFO - [2024-01-31T02:09:49.474+0000] {dagbag.py:538} INFO - Filling up the DagBag from /home/deprojectue/miniconda3/envs/airflow_demo/lib/python3.9/site-packages/airflow/example_dags/plugins/listener_plugin.py
[2024-01-31T02:09:49.479+0000] {processor.py:842} WARNING - No viable dags retrieved from /home/deprojectue/miniconda3/envs/airflow_demo/lib/python3.9/site-packages/airflow/example_dags/plugins/listener_plugin.py
[2024-01-31T02:09:49.492+0000] {processor.py:183} INFO - Processing /home/deprojectue/miniconda3/envs/airflow_demo/lib/python3.9/site-packages/airflow/example_dags/plugins/listener_plugin.py took 0.026 seconds
[2024-01-31T02:12:39.831+0000] {processor.py:161} INFO - Started process (PID=211036) to work on /home/deprojectue/miniconda3/envs/airflow_demo/lib/python3.9/site-packages/airflow/example_dags/plugins/listener_plugin.py
[2024-01-31T02:12:39.833+0000] {processor.py:830} INFO - Processing file /home/deprojectue/miniconda3/envs/airflow_demo/lib/python3.9/site-packages/airflow/example_dags/plugins/listener_plugin.py for tasks to queue
[2024-01-31T02:12:39.837+0000] {logging_mixin.py:188} INFO - [2024-01-31T02:12:39.837+0000] {dagbag.py:538} INFO - Filling up the DagBag from /home/deprojectue/miniconda3/envs/airflow_demo/lib/python3.9/site-packages/airflow/example_dags/plugins/listener_plugin.py
[2024-01-31T02:12:39.841+0000] {processor.py:842} WARNING - No viable dags retrieved from /home/deprojectue/miniconda3/envs/airflow_demo/lib/python3.9/site-packages/airflow/example_dags/plugins/listener_plugin.py
[2024-01-31T02:12:39.856+0000] {processor.py:183} INFO - Processing /home/deprojectue/miniconda3/envs/airflow_demo/lib/python3.9/site-packages/airflow/example_dags/plugins/listener_plugin.py took 0.029 seconds
[2024-01-31T02:13:28.195+0000] {processor.py:161} INFO - Started process (PID=211085) to work on /home/deprojectue/miniconda3/envs/airflow_demo/lib/python3.9/site-packages/airflow/example_dags/plugins/listener_plugin.py
[2024-01-31T02:13:28.197+0000] {processor.py:830} INFO - Processing file /home/deprojectue/miniconda3/envs/airflow_demo/lib/python3.9/site-packages/airflow/example_dags/plugins/listener_plugin.py for tasks to queue
[2024-01-31T02:13:28.201+0000] {logging_mixin.py:188} INFO - [2024-01-31T02:13:28.200+0000] {dagbag.py:538} INFO - Filling up the DagBag from /home/deprojectue/miniconda3/envs/airflow_demo/lib/python3.9/site-packages/airflow/example_dags/plugins/listener_plugin.py
[2024-01-31T02:13:28.204+0000] {processor.py:842} WARNING - No viable dags retrieved from /home/deprojectue/miniconda3/envs/airflow_demo/lib/python3.9/site-packages/airflow/example_dags/plugins/listener_plugin.py
[2024-01-31T02:13:28.218+0000] {processor.py:183} INFO - Processing /home/deprojectue/miniconda3/envs/airflow_demo/lib/python3.9/site-packages/airflow/example_dags/plugins/listener_plugin.py took 0.027 seconds
[2024-01-31T02:14:19.087+0000] {processor.py:161} INFO - Started process (PID=211144) to work on /home/deprojectue/miniconda3/envs/airflow_demo/lib/python3.9/site-packages/airflow/example_dags/plugins/listener_plugin.py
[2024-01-31T02:14:19.089+0000] {processor.py:830} INFO - Processing file /home/deprojectue/miniconda3/envs/airflow_demo/lib/python3.9/site-packages/airflow/example_dags/plugins/listener_plugin.py for tasks to queue
[2024-01-31T02:14:19.093+0000] {logging_mixin.py:188} INFO - [2024-01-31T02:14:19.092+0000] {dagbag.py:538} INFO - Filling up the DagBag from /home/deprojectue/miniconda3/envs/airflow_demo/lib/python3.9/site-packages/airflow/example_dags/plugins/listener_plugin.py
[2024-01-31T02:14:19.097+0000] {processor.py:842} WARNING - No viable dags retrieved from /home/deprojectue/miniconda3/envs/airflow_demo/lib/python3.9/site-packages/airflow/example_dags/plugins/listener_plugin.py
[2024-01-31T02:14:19.111+0000] {processor.py:183} INFO - Processing /home/deprojectue/miniconda3/envs/airflow_demo/lib/python3.9/site-packages/airflow/example_dags/plugins/listener_plugin.py took 0.028 seconds
[2024-01-31T02:21:37.913+0000] {processor.py:161} INFO - Started process (PID=211296) to work on /home/deprojectue/miniconda3/envs/airflow_demo/lib/python3.9/site-packages/airflow/example_dags/plugins/listener_plugin.py
[2024-01-31T02:21:37.915+0000] {processor.py:830} INFO - Processing file /home/deprojectue/miniconda3/envs/airflow_demo/lib/python3.9/site-packages/airflow/example_dags/plugins/listener_plugin.py for tasks to queue
[2024-01-31T02:21:37.919+0000] {logging_mixin.py:188} INFO - [2024-01-31T02:21:37.918+0000] {dagbag.py:538} INFO - Filling up the DagBag from /home/deprojectue/miniconda3/envs/airflow_demo/lib/python3.9/site-packages/airflow/example_dags/plugins/listener_plugin.py
[2024-01-31T02:21:37.922+0000] {processor.py:842} WARNING - No viable dags retrieved from /home/deprojectue/miniconda3/envs/airflow_demo/lib/python3.9/site-packages/airflow/example_dags/plugins/listener_plugin.py
[2024-01-31T02:21:37.937+0000] {processor.py:183} INFO - Processing /home/deprojectue/miniconda3/envs/airflow_demo/lib/python3.9/site-packages/airflow/example_dags/plugins/listener_plugin.py took 0.028 seconds
[2024-01-31T02:22:27.883+0000] {processor.py:161} INFO - Started process (PID=211346) to work on /home/deprojectue/miniconda3/envs/airflow_demo/lib/python3.9/site-packages/airflow/example_dags/plugins/listener_plugin.py
[2024-01-31T02:22:27.884+0000] {processor.py:830} INFO - Processing file /home/deprojectue/miniconda3/envs/airflow_demo/lib/python3.9/site-packages/airflow/example_dags/plugins/listener_plugin.py for tasks to queue
[2024-01-31T02:22:27.888+0000] {logging_mixin.py:188} INFO - [2024-01-31T02:22:27.887+0000] {dagbag.py:538} INFO - Filling up the DagBag from /home/deprojectue/miniconda3/envs/airflow_demo/lib/python3.9/site-packages/airflow/example_dags/plugins/listener_plugin.py
[2024-01-31T02:22:27.891+0000] {processor.py:842} WARNING - No viable dags retrieved from /home/deprojectue/miniconda3/envs/airflow_demo/lib/python3.9/site-packages/airflow/example_dags/plugins/listener_plugin.py
[2024-01-31T02:22:27.906+0000] {processor.py:183} INFO - Processing /home/deprojectue/miniconda3/envs/airflow_demo/lib/python3.9/site-packages/airflow/example_dags/plugins/listener_plugin.py took 0.028 seconds
[2024-01-31T08:24:09.148+0000] {processor.py:161} INFO - Started process (PID=214029) to work on /home/deprojectue/miniconda3/envs/airflow_demo/lib/python3.9/site-packages/airflow/example_dags/plugins/listener_plugin.py
[2024-01-31T08:24:09.150+0000] {processor.py:830} INFO - Processing file /home/deprojectue/miniconda3/envs/airflow_demo/lib/python3.9/site-packages/airflow/example_dags/plugins/listener_plugin.py for tasks to queue
[2024-01-31T08:24:09.153+0000] {logging_mixin.py:188} INFO - [2024-01-31T08:24:09.153+0000] {dagbag.py:538} INFO - Filling up the DagBag from /home/deprojectue/miniconda3/envs/airflow_demo/lib/python3.9/site-packages/airflow/example_dags/plugins/listener_plugin.py
[2024-01-31T08:24:09.157+0000] {processor.py:842} WARNING - No viable dags retrieved from /home/deprojectue/miniconda3/envs/airflow_demo/lib/python3.9/site-packages/airflow/example_dags/plugins/listener_plugin.py
[2024-01-31T08:24:09.171+0000] {processor.py:183} INFO - Processing /home/deprojectue/miniconda3/envs/airflow_demo/lib/python3.9/site-packages/airflow/example_dags/plugins/listener_plugin.py took 0.027 seconds
[2024-01-31T08:25:06.254+0000] {processor.py:161} INFO - Started process (PID=214088) to work on /home/deprojectue/miniconda3/envs/airflow_demo/lib/python3.9/site-packages/airflow/example_dags/plugins/listener_plugin.py
[2024-01-31T08:25:06.256+0000] {processor.py:830} INFO - Processing file /home/deprojectue/miniconda3/envs/airflow_demo/lib/python3.9/site-packages/airflow/example_dags/plugins/listener_plugin.py for tasks to queue
[2024-01-31T08:25:06.260+0000] {logging_mixin.py:188} INFO - [2024-01-31T08:25:06.259+0000] {dagbag.py:538} INFO - Filling up the DagBag from /home/deprojectue/miniconda3/envs/airflow_demo/lib/python3.9/site-packages/airflow/example_dags/plugins/listener_plugin.py
[2024-01-31T08:25:06.263+0000] {processor.py:842} WARNING - No viable dags retrieved from /home/deprojectue/miniconda3/envs/airflow_demo/lib/python3.9/site-packages/airflow/example_dags/plugins/listener_plugin.py
[2024-01-31T08:25:06.278+0000] {processor.py:183} INFO - Processing /home/deprojectue/miniconda3/envs/airflow_demo/lib/python3.9/site-packages/airflow/example_dags/plugins/listener_plugin.py took 0.029 seconds
[2024-01-31T08:25:51.728+0000] {processor.py:161} INFO - Started process (PID=214294) to work on /home/deprojectue/miniconda3/envs/airflow_demo/lib/python3.9/site-packages/airflow/example_dags/plugins/listener_plugin.py
[2024-01-31T08:25:51.730+0000] {processor.py:830} INFO - Processing file /home/deprojectue/miniconda3/envs/airflow_demo/lib/python3.9/site-packages/airflow/example_dags/plugins/listener_plugin.py for tasks to queue
[2024-01-31T08:25:51.735+0000] {logging_mixin.py:188} INFO - [2024-01-31T08:25:51.734+0000] {dagbag.py:538} INFO - Filling up the DagBag from /home/deprojectue/miniconda3/envs/airflow_demo/lib/python3.9/site-packages/airflow/example_dags/plugins/listener_plugin.py
[2024-01-31T08:25:51.739+0000] {processor.py:842} WARNING - No viable dags retrieved from /home/deprojectue/miniconda3/envs/airflow_demo/lib/python3.9/site-packages/airflow/example_dags/plugins/listener_plugin.py
[2024-01-31T08:25:51.757+0000] {processor.py:183} INFO - Processing /home/deprojectue/miniconda3/envs/airflow_demo/lib/python3.9/site-packages/airflow/example_dags/plugins/listener_plugin.py took 0.034 seconds
[2024-01-31T08:30:00.220+0000] {processor.py:161} INFO - Started process (PID=214911) to work on /home/deprojectue/miniconda3/envs/airflow_demo/lib/python3.9/site-packages/airflow/example_dags/plugins/listener_plugin.py
[2024-01-31T08:30:00.234+0000] {processor.py:830} INFO - Processing file /home/deprojectue/miniconda3/envs/airflow_demo/lib/python3.9/site-packages/airflow/example_dags/plugins/listener_plugin.py for tasks to queue
[2024-01-31T08:30:00.236+0000] {logging_mixin.py:188} INFO - [2024-01-31T08:30:00.235+0000] {dagbag.py:538} INFO - Filling up the DagBag from /home/deprojectue/miniconda3/envs/airflow_demo/lib/python3.9/site-packages/airflow/example_dags/plugins/listener_plugin.py
[2024-01-31T08:30:00.245+0000] {processor.py:842} WARNING - No viable dags retrieved from /home/deprojectue/miniconda3/envs/airflow_demo/lib/python3.9/site-packages/airflow/example_dags/plugins/listener_plugin.py
[2024-01-31T08:30:00.263+0000] {processor.py:183} INFO - Processing /home/deprojectue/miniconda3/envs/airflow_demo/lib/python3.9/site-packages/airflow/example_dags/plugins/listener_plugin.py took 0.244 seconds
[2024-01-31T08:42:22.146+0000] {processor.py:161} INFO - Started process (PID=215207) to work on /home/deprojectue/miniconda3/envs/airflow_demo/lib/python3.9/site-packages/airflow/example_dags/plugins/listener_plugin.py
[2024-01-31T08:42:22.148+0000] {processor.py:830} INFO - Processing file /home/deprojectue/miniconda3/envs/airflow_demo/lib/python3.9/site-packages/airflow/example_dags/plugins/listener_plugin.py for tasks to queue
[2024-01-31T08:42:22.152+0000] {logging_mixin.py:188} INFO - [2024-01-31T08:42:22.151+0000] {dagbag.py:538} INFO - Filling up the DagBag from /home/deprojectue/miniconda3/envs/airflow_demo/lib/python3.9/site-packages/airflow/example_dags/plugins/listener_plugin.py
[2024-01-31T08:42:22.157+0000] {processor.py:842} WARNING - No viable dags retrieved from /home/deprojectue/miniconda3/envs/airflow_demo/lib/python3.9/site-packages/airflow/example_dags/plugins/listener_plugin.py
[2024-01-31T08:42:22.175+0000] {processor.py:183} INFO - Processing /home/deprojectue/miniconda3/envs/airflow_demo/lib/python3.9/site-packages/airflow/example_dags/plugins/listener_plugin.py took 0.034 seconds
[2024-01-31T08:51:50.051+0000] {processor.py:161} INFO - Started process (PID=215369) to work on /home/deprojectue/miniconda3/envs/airflow_demo/lib/python3.9/site-packages/airflow/example_dags/plugins/listener_plugin.py
[2024-01-31T08:51:50.053+0000] {processor.py:830} INFO - Processing file /home/deprojectue/miniconda3/envs/airflow_demo/lib/python3.9/site-packages/airflow/example_dags/plugins/listener_plugin.py for tasks to queue
[2024-01-31T08:51:50.057+0000] {logging_mixin.py:188} INFO - [2024-01-31T08:51:50.056+0000] {dagbag.py:538} INFO - Filling up the DagBag from /home/deprojectue/miniconda3/envs/airflow_demo/lib/python3.9/site-packages/airflow/example_dags/plugins/listener_plugin.py
[2024-01-31T08:51:50.062+0000] {processor.py:842} WARNING - No viable dags retrieved from /home/deprojectue/miniconda3/envs/airflow_demo/lib/python3.9/site-packages/airflow/example_dags/plugins/listener_plugin.py
[2024-01-31T08:51:50.078+0000] {processor.py:183} INFO - Processing /home/deprojectue/miniconda3/envs/airflow_demo/lib/python3.9/site-packages/airflow/example_dags/plugins/listener_plugin.py took 0.031 seconds
[2024-01-31T08:52:39.504+0000] {processor.py:161} INFO - Started process (PID=215420) to work on /home/deprojectue/miniconda3/envs/airflow_demo/lib/python3.9/site-packages/airflow/example_dags/plugins/listener_plugin.py
[2024-01-31T08:52:39.505+0000] {processor.py:830} INFO - Processing file /home/deprojectue/miniconda3/envs/airflow_demo/lib/python3.9/site-packages/airflow/example_dags/plugins/listener_plugin.py for tasks to queue
[2024-01-31T08:52:39.509+0000] {logging_mixin.py:188} INFO - [2024-01-31T08:52:39.508+0000] {dagbag.py:538} INFO - Filling up the DagBag from /home/deprojectue/miniconda3/envs/airflow_demo/lib/python3.9/site-packages/airflow/example_dags/plugins/listener_plugin.py
[2024-01-31T08:52:39.512+0000] {processor.py:842} WARNING - No viable dags retrieved from /home/deprojectue/miniconda3/envs/airflow_demo/lib/python3.9/site-packages/airflow/example_dags/plugins/listener_plugin.py
[2024-01-31T08:52:39.526+0000] {processor.py:183} INFO - Processing /home/deprojectue/miniconda3/envs/airflow_demo/lib/python3.9/site-packages/airflow/example_dags/plugins/listener_plugin.py took 0.027 seconds
[2024-01-31T08:53:29.768+0000] {processor.py:161} INFO - Started process (PID=215472) to work on /home/deprojectue/miniconda3/envs/airflow_demo/lib/python3.9/site-packages/airflow/example_dags/plugins/listener_plugin.py
[2024-01-31T08:53:29.770+0000] {processor.py:830} INFO - Processing file /home/deprojectue/miniconda3/envs/airflow_demo/lib/python3.9/site-packages/airflow/example_dags/plugins/listener_plugin.py for tasks to queue
[2024-01-31T08:53:29.774+0000] {logging_mixin.py:188} INFO - [2024-01-31T08:53:29.773+0000] {dagbag.py:538} INFO - Filling up the DagBag from /home/deprojectue/miniconda3/envs/airflow_demo/lib/python3.9/site-packages/airflow/example_dags/plugins/listener_plugin.py
[2024-01-31T08:53:29.777+0000] {processor.py:842} WARNING - No viable dags retrieved from /home/deprojectue/miniconda3/envs/airflow_demo/lib/python3.9/site-packages/airflow/example_dags/plugins/listener_plugin.py
[2024-01-31T08:53:29.792+0000] {processor.py:183} INFO - Processing /home/deprojectue/miniconda3/envs/airflow_demo/lib/python3.9/site-packages/airflow/example_dags/plugins/listener_plugin.py took 0.028 seconds
[2024-01-31T08:54:11.521+0000] {processor.py:161} INFO - Started process (PID=215514) to work on /home/deprojectue/miniconda3/envs/airflow_demo/lib/python3.9/site-packages/airflow/example_dags/plugins/listener_plugin.py
[2024-01-31T08:54:11.523+0000] {processor.py:830} INFO - Processing file /home/deprojectue/miniconda3/envs/airflow_demo/lib/python3.9/site-packages/airflow/example_dags/plugins/listener_plugin.py for tasks to queue
[2024-01-31T08:54:11.526+0000] {logging_mixin.py:188} INFO - [2024-01-31T08:54:11.526+0000] {dagbag.py:538} INFO - Filling up the DagBag from /home/deprojectue/miniconda3/envs/airflow_demo/lib/python3.9/site-packages/airflow/example_dags/plugins/listener_plugin.py
[2024-01-31T08:54:11.530+0000] {processor.py:842} WARNING - No viable dags retrieved from /home/deprojectue/miniconda3/envs/airflow_demo/lib/python3.9/site-packages/airflow/example_dags/plugins/listener_plugin.py
[2024-01-31T08:54:11.544+0000] {processor.py:183} INFO - Processing /home/deprojectue/miniconda3/envs/airflow_demo/lib/python3.9/site-packages/airflow/example_dags/plugins/listener_plugin.py took 0.028 seconds
[2024-01-31T08:54:53.210+0000] {processor.py:161} INFO - Started process (PID=215558) to work on /home/deprojectue/miniconda3/envs/airflow_demo/lib/python3.9/site-packages/airflow/example_dags/plugins/listener_plugin.py
[2024-01-31T08:54:53.212+0000] {processor.py:830} INFO - Processing file /home/deprojectue/miniconda3/envs/airflow_demo/lib/python3.9/site-packages/airflow/example_dags/plugins/listener_plugin.py for tasks to queue
[2024-01-31T08:54:53.216+0000] {logging_mixin.py:188} INFO - [2024-01-31T08:54:53.215+0000] {dagbag.py:538} INFO - Filling up the DagBag from /home/deprojectue/miniconda3/envs/airflow_demo/lib/python3.9/site-packages/airflow/example_dags/plugins/listener_plugin.py
[2024-01-31T08:54:53.220+0000] {processor.py:842} WARNING - No viable dags retrieved from /home/deprojectue/miniconda3/envs/airflow_demo/lib/python3.9/site-packages/airflow/example_dags/plugins/listener_plugin.py
[2024-01-31T08:54:53.234+0000] {processor.py:183} INFO - Processing /home/deprojectue/miniconda3/envs/airflow_demo/lib/python3.9/site-packages/airflow/example_dags/plugins/listener_plugin.py took 0.028 seconds
[2024-01-31T08:55:33.766+0000] {processor.py:161} INFO - Started process (PID=215600) to work on /home/deprojectue/miniconda3/envs/airflow_demo/lib/python3.9/site-packages/airflow/example_dags/plugins/listener_plugin.py
[2024-01-31T08:55:33.768+0000] {processor.py:830} INFO - Processing file /home/deprojectue/miniconda3/envs/airflow_demo/lib/python3.9/site-packages/airflow/example_dags/plugins/listener_plugin.py for tasks to queue
[2024-01-31T08:55:33.771+0000] {logging_mixin.py:188} INFO - [2024-01-31T08:55:33.771+0000] {dagbag.py:538} INFO - Filling up the DagBag from /home/deprojectue/miniconda3/envs/airflow_demo/lib/python3.9/site-packages/airflow/example_dags/plugins/listener_plugin.py
[2024-01-31T08:55:33.775+0000] {processor.py:842} WARNING - No viable dags retrieved from /home/deprojectue/miniconda3/envs/airflow_demo/lib/python3.9/site-packages/airflow/example_dags/plugins/listener_plugin.py
[2024-01-31T08:55:33.790+0000] {processor.py:183} INFO - Processing /home/deprojectue/miniconda3/envs/airflow_demo/lib/python3.9/site-packages/airflow/example_dags/plugins/listener_plugin.py took 0.028 seconds
[2024-01-31T08:56:11.993+0000] {processor.py:161} INFO - Started process (PID=215641) to work on /home/deprojectue/miniconda3/envs/airflow_demo/lib/python3.9/site-packages/airflow/example_dags/plugins/listener_plugin.py
[2024-01-31T08:56:11.995+0000] {processor.py:830} INFO - Processing file /home/deprojectue/miniconda3/envs/airflow_demo/lib/python3.9/site-packages/airflow/example_dags/plugins/listener_plugin.py for tasks to queue
[2024-01-31T08:56:11.999+0000] {logging_mixin.py:188} INFO - [2024-01-31T08:56:11.998+0000] {dagbag.py:538} INFO - Filling up the DagBag from /home/deprojectue/miniconda3/envs/airflow_demo/lib/python3.9/site-packages/airflow/example_dags/plugins/listener_plugin.py
[2024-01-31T08:56:12.002+0000] {processor.py:842} WARNING - No viable dags retrieved from /home/deprojectue/miniconda3/envs/airflow_demo/lib/python3.9/site-packages/airflow/example_dags/plugins/listener_plugin.py
[2024-01-31T08:56:12.017+0000] {processor.py:183} INFO - Processing /home/deprojectue/miniconda3/envs/airflow_demo/lib/python3.9/site-packages/airflow/example_dags/plugins/listener_plugin.py took 0.029 seconds
[2024-01-31T08:56:52.115+0000] {processor.py:161} INFO - Started process (PID=215700) to work on /home/deprojectue/miniconda3/envs/airflow_demo/lib/python3.9/site-packages/airflow/example_dags/plugins/listener_plugin.py
[2024-01-31T08:56:52.117+0000] {processor.py:830} INFO - Processing file /home/deprojectue/miniconda3/envs/airflow_demo/lib/python3.9/site-packages/airflow/example_dags/plugins/listener_plugin.py for tasks to queue
[2024-01-31T08:56:52.122+0000] {logging_mixin.py:188} INFO - [2024-01-31T08:56:52.121+0000] {dagbag.py:538} INFO - Filling up the DagBag from /home/deprojectue/miniconda3/envs/airflow_demo/lib/python3.9/site-packages/airflow/example_dags/plugins/listener_plugin.py
[2024-01-31T08:56:52.127+0000] {processor.py:842} WARNING - No viable dags retrieved from /home/deprojectue/miniconda3/envs/airflow_demo/lib/python3.9/site-packages/airflow/example_dags/plugins/listener_plugin.py
[2024-01-31T08:56:52.141+0000] {processor.py:183} INFO - Processing /home/deprojectue/miniconda3/envs/airflow_demo/lib/python3.9/site-packages/airflow/example_dags/plugins/listener_plugin.py took 0.031 seconds
[2024-01-31T08:57:29.818+0000] {processor.py:161} INFO - Started process (PID=215739) to work on /home/deprojectue/miniconda3/envs/airflow_demo/lib/python3.9/site-packages/airflow/example_dags/plugins/listener_plugin.py
[2024-01-31T08:57:29.820+0000] {processor.py:830} INFO - Processing file /home/deprojectue/miniconda3/envs/airflow_demo/lib/python3.9/site-packages/airflow/example_dags/plugins/listener_plugin.py for tasks to queue
[2024-01-31T08:57:29.823+0000] {logging_mixin.py:188} INFO - [2024-01-31T08:57:29.823+0000] {dagbag.py:538} INFO - Filling up the DagBag from /home/deprojectue/miniconda3/envs/airflow_demo/lib/python3.9/site-packages/airflow/example_dags/plugins/listener_plugin.py
[2024-01-31T08:57:29.828+0000] {processor.py:842} WARNING - No viable dags retrieved from /home/deprojectue/miniconda3/envs/airflow_demo/lib/python3.9/site-packages/airflow/example_dags/plugins/listener_plugin.py
[2024-01-31T08:57:29.843+0000] {processor.py:183} INFO - Processing /home/deprojectue/miniconda3/envs/airflow_demo/lib/python3.9/site-packages/airflow/example_dags/plugins/listener_plugin.py took 0.029 seconds
[2024-01-31T08:58:07.227+0000] {processor.py:161} INFO - Started process (PID=215777) to work on /home/deprojectue/miniconda3/envs/airflow_demo/lib/python3.9/site-packages/airflow/example_dags/plugins/listener_plugin.py
[2024-01-31T08:58:07.230+0000] {processor.py:830} INFO - Processing file /home/deprojectue/miniconda3/envs/airflow_demo/lib/python3.9/site-packages/airflow/example_dags/plugins/listener_plugin.py for tasks to queue
[2024-01-31T08:58:07.233+0000] {logging_mixin.py:188} INFO - [2024-01-31T08:58:07.233+0000] {dagbag.py:538} INFO - Filling up the DagBag from /home/deprojectue/miniconda3/envs/airflow_demo/lib/python3.9/site-packages/airflow/example_dags/plugins/listener_plugin.py
[2024-01-31T08:58:07.239+0000] {processor.py:842} WARNING - No viable dags retrieved from /home/deprojectue/miniconda3/envs/airflow_demo/lib/python3.9/site-packages/airflow/example_dags/plugins/listener_plugin.py
[2024-01-31T08:58:07.254+0000] {processor.py:183} INFO - Processing /home/deprojectue/miniconda3/envs/airflow_demo/lib/python3.9/site-packages/airflow/example_dags/plugins/listener_plugin.py took 0.032 seconds
[2024-01-31T08:58:46.701+0000] {processor.py:161} INFO - Started process (PID=215837) to work on /home/deprojectue/miniconda3/envs/airflow_demo/lib/python3.9/site-packages/airflow/example_dags/plugins/listener_plugin.py
[2024-01-31T08:58:46.703+0000] {processor.py:830} INFO - Processing file /home/deprojectue/miniconda3/envs/airflow_demo/lib/python3.9/site-packages/airflow/example_dags/plugins/listener_plugin.py for tasks to queue
[2024-01-31T08:58:46.707+0000] {logging_mixin.py:188} INFO - [2024-01-31T08:58:46.707+0000] {dagbag.py:538} INFO - Filling up the DagBag from /home/deprojectue/miniconda3/envs/airflow_demo/lib/python3.9/site-packages/airflow/example_dags/plugins/listener_plugin.py
[2024-01-31T08:58:46.712+0000] {processor.py:842} WARNING - No viable dags retrieved from /home/deprojectue/miniconda3/envs/airflow_demo/lib/python3.9/site-packages/airflow/example_dags/plugins/listener_plugin.py
[2024-01-31T08:58:46.726+0000] {processor.py:183} INFO - Processing /home/deprojectue/miniconda3/envs/airflow_demo/lib/python3.9/site-packages/airflow/example_dags/plugins/listener_plugin.py took 0.030 seconds
[2024-01-31T08:59:29.565+0000] {processor.py:161} INFO - Started process (PID=215881) to work on /home/deprojectue/miniconda3/envs/airflow_demo/lib/python3.9/site-packages/airflow/example_dags/plugins/listener_plugin.py
[2024-01-31T08:59:29.567+0000] {processor.py:830} INFO - Processing file /home/deprojectue/miniconda3/envs/airflow_demo/lib/python3.9/site-packages/airflow/example_dags/plugins/listener_plugin.py for tasks to queue
[2024-01-31T08:59:29.571+0000] {logging_mixin.py:188} INFO - [2024-01-31T08:59:29.570+0000] {dagbag.py:538} INFO - Filling up the DagBag from /home/deprojectue/miniconda3/envs/airflow_demo/lib/python3.9/site-packages/airflow/example_dags/plugins/listener_plugin.py
[2024-01-31T08:59:29.576+0000] {processor.py:842} WARNING - No viable dags retrieved from /home/deprojectue/miniconda3/envs/airflow_demo/lib/python3.9/site-packages/airflow/example_dags/plugins/listener_plugin.py
[2024-01-31T08:59:29.591+0000] {processor.py:183} INFO - Processing /home/deprojectue/miniconda3/envs/airflow_demo/lib/python3.9/site-packages/airflow/example_dags/plugins/listener_plugin.py took 0.031 seconds
[2024-01-31T09:00:07.866+0000] {processor.py:161} INFO - Started process (PID=215921) to work on /home/deprojectue/miniconda3/envs/airflow_demo/lib/python3.9/site-packages/airflow/example_dags/plugins/listener_plugin.py
[2024-01-31T09:00:07.868+0000] {processor.py:830} INFO - Processing file /home/deprojectue/miniconda3/envs/airflow_demo/lib/python3.9/site-packages/airflow/example_dags/plugins/listener_plugin.py for tasks to queue
[2024-01-31T09:00:07.871+0000] {logging_mixin.py:188} INFO - [2024-01-31T09:00:07.871+0000] {dagbag.py:538} INFO - Filling up the DagBag from /home/deprojectue/miniconda3/envs/airflow_demo/lib/python3.9/site-packages/airflow/example_dags/plugins/listener_plugin.py
[2024-01-31T09:00:07.876+0000] {processor.py:842} WARNING - No viable dags retrieved from /home/deprojectue/miniconda3/envs/airflow_demo/lib/python3.9/site-packages/airflow/example_dags/plugins/listener_plugin.py
[2024-01-31T09:00:07.890+0000] {processor.py:183} INFO - Processing /home/deprojectue/miniconda3/envs/airflow_demo/lib/python3.9/site-packages/airflow/example_dags/plugins/listener_plugin.py took 0.028 seconds
[2024-01-31T09:00:43.662+0000] {processor.py:161} INFO - Started process (PID=215960) to work on /home/deprojectue/miniconda3/envs/airflow_demo/lib/python3.9/site-packages/airflow/example_dags/plugins/listener_plugin.py
[2024-01-31T09:00:43.664+0000] {processor.py:830} INFO - Processing file /home/deprojectue/miniconda3/envs/airflow_demo/lib/python3.9/site-packages/airflow/example_dags/plugins/listener_plugin.py for tasks to queue
[2024-01-31T09:00:43.668+0000] {logging_mixin.py:188} INFO - [2024-01-31T09:00:43.668+0000] {dagbag.py:538} INFO - Filling up the DagBag from /home/deprojectue/miniconda3/envs/airflow_demo/lib/python3.9/site-packages/airflow/example_dags/plugins/listener_plugin.py
[2024-01-31T09:00:43.673+0000] {processor.py:842} WARNING - No viable dags retrieved from /home/deprojectue/miniconda3/envs/airflow_demo/lib/python3.9/site-packages/airflow/example_dags/plugins/listener_plugin.py
[2024-01-31T09:00:43.686+0000] {processor.py:183} INFO - Processing /home/deprojectue/miniconda3/envs/airflow_demo/lib/python3.9/site-packages/airflow/example_dags/plugins/listener_plugin.py took 0.028 seconds
[2024-01-31T09:01:22.851+0000] {processor.py:161} INFO - Started process (PID=216000) to work on /home/deprojectue/miniconda3/envs/airflow_demo/lib/python3.9/site-packages/airflow/example_dags/plugins/listener_plugin.py
[2024-01-31T09:01:22.854+0000] {processor.py:830} INFO - Processing file /home/deprojectue/miniconda3/envs/airflow_demo/lib/python3.9/site-packages/airflow/example_dags/plugins/listener_plugin.py for tasks to queue
[2024-01-31T09:01:22.857+0000] {logging_mixin.py:188} INFO - [2024-01-31T09:01:22.857+0000] {dagbag.py:538} INFO - Filling up the DagBag from /home/deprojectue/miniconda3/envs/airflow_demo/lib/python3.9/site-packages/airflow/example_dags/plugins/listener_plugin.py
[2024-01-31T09:01:22.861+0000] {processor.py:842} WARNING - No viable dags retrieved from /home/deprojectue/miniconda3/envs/airflow_demo/lib/python3.9/site-packages/airflow/example_dags/plugins/listener_plugin.py
[2024-01-31T09:01:22.875+0000] {processor.py:183} INFO - Processing /home/deprojectue/miniconda3/envs/airflow_demo/lib/python3.9/site-packages/airflow/example_dags/plugins/listener_plugin.py took 0.029 seconds
[2024-01-31T09:01:59.966+0000] {processor.py:161} INFO - Started process (PID=216040) to work on /home/deprojectue/miniconda3/envs/airflow_demo/lib/python3.9/site-packages/airflow/example_dags/plugins/listener_plugin.py
[2024-01-31T09:01:59.968+0000] {processor.py:830} INFO - Processing file /home/deprojectue/miniconda3/envs/airflow_demo/lib/python3.9/site-packages/airflow/example_dags/plugins/listener_plugin.py for tasks to queue
[2024-01-31T09:01:59.972+0000] {logging_mixin.py:188} INFO - [2024-01-31T09:01:59.971+0000] {dagbag.py:538} INFO - Filling up the DagBag from /home/deprojectue/miniconda3/envs/airflow_demo/lib/python3.9/site-packages/airflow/example_dags/plugins/listener_plugin.py
[2024-01-31T09:01:59.977+0000] {processor.py:842} WARNING - No viable dags retrieved from /home/deprojectue/miniconda3/envs/airflow_demo/lib/python3.9/site-packages/airflow/example_dags/plugins/listener_plugin.py
[2024-01-31T09:01:59.991+0000] {processor.py:183} INFO - Processing /home/deprojectue/miniconda3/envs/airflow_demo/lib/python3.9/site-packages/airflow/example_dags/plugins/listener_plugin.py took 0.029 seconds
[2024-01-31T09:02:36.486+0000] {processor.py:161} INFO - Started process (PID=216080) to work on /home/deprojectue/miniconda3/envs/airflow_demo/lib/python3.9/site-packages/airflow/example_dags/plugins/listener_plugin.py
[2024-01-31T09:02:36.488+0000] {processor.py:830} INFO - Processing file /home/deprojectue/miniconda3/envs/airflow_demo/lib/python3.9/site-packages/airflow/example_dags/plugins/listener_plugin.py for tasks to queue
[2024-01-31T09:02:36.493+0000] {logging_mixin.py:188} INFO - [2024-01-31T09:02:36.492+0000] {dagbag.py:538} INFO - Filling up the DagBag from /home/deprojectue/miniconda3/envs/airflow_demo/lib/python3.9/site-packages/airflow/example_dags/plugins/listener_plugin.py
[2024-01-31T09:02:36.498+0000] {processor.py:842} WARNING - No viable dags retrieved from /home/deprojectue/miniconda3/envs/airflow_demo/lib/python3.9/site-packages/airflow/example_dags/plugins/listener_plugin.py
[2024-01-31T09:02:36.512+0000] {processor.py:183} INFO - Processing /home/deprojectue/miniconda3/envs/airflow_demo/lib/python3.9/site-packages/airflow/example_dags/plugins/listener_plugin.py took 0.031 seconds
[2024-01-31T09:03:13.970+0000] {processor.py:161} INFO - Started process (PID=216118) to work on /home/deprojectue/miniconda3/envs/airflow_demo/lib/python3.9/site-packages/airflow/example_dags/plugins/listener_plugin.py
[2024-01-31T09:03:13.973+0000] {processor.py:830} INFO - Processing file /home/deprojectue/miniconda3/envs/airflow_demo/lib/python3.9/site-packages/airflow/example_dags/plugins/listener_plugin.py for tasks to queue
[2024-01-31T09:03:13.977+0000] {logging_mixin.py:188} INFO - [2024-01-31T09:03:13.976+0000] {dagbag.py:538} INFO - Filling up the DagBag from /home/deprojectue/miniconda3/envs/airflow_demo/lib/python3.9/site-packages/airflow/example_dags/plugins/listener_plugin.py
[2024-01-31T09:03:13.982+0000] {processor.py:842} WARNING - No viable dags retrieved from /home/deprojectue/miniconda3/envs/airflow_demo/lib/python3.9/site-packages/airflow/example_dags/plugins/listener_plugin.py
[2024-01-31T09:03:13.997+0000] {processor.py:183} INFO - Processing /home/deprojectue/miniconda3/envs/airflow_demo/lib/python3.9/site-packages/airflow/example_dags/plugins/listener_plugin.py took 0.031 seconds
[2024-01-31T09:03:49.987+0000] {processor.py:161} INFO - Started process (PID=216156) to work on /home/deprojectue/miniconda3/envs/airflow_demo/lib/python3.9/site-packages/airflow/example_dags/plugins/listener_plugin.py
[2024-01-31T09:03:49.989+0000] {processor.py:830} INFO - Processing file /home/deprojectue/miniconda3/envs/airflow_demo/lib/python3.9/site-packages/airflow/example_dags/plugins/listener_plugin.py for tasks to queue
[2024-01-31T09:03:49.992+0000] {logging_mixin.py:188} INFO - [2024-01-31T09:03:49.992+0000] {dagbag.py:538} INFO - Filling up the DagBag from /home/deprojectue/miniconda3/envs/airflow_demo/lib/python3.9/site-packages/airflow/example_dags/plugins/listener_plugin.py
[2024-01-31T09:03:49.997+0000] {processor.py:842} WARNING - No viable dags retrieved from /home/deprojectue/miniconda3/envs/airflow_demo/lib/python3.9/site-packages/airflow/example_dags/plugins/listener_plugin.py
[2024-01-31T09:03:50.012+0000] {processor.py:183} INFO - Processing /home/deprojectue/miniconda3/envs/airflow_demo/lib/python3.9/site-packages/airflow/example_dags/plugins/listener_plugin.py took 0.030 seconds
[2024-01-31T09:04:26.022+0000] {processor.py:161} INFO - Started process (PID=216193) to work on /home/deprojectue/miniconda3/envs/airflow_demo/lib/python3.9/site-packages/airflow/example_dags/plugins/listener_plugin.py
[2024-01-31T09:04:26.025+0000] {processor.py:830} INFO - Processing file /home/deprojectue/miniconda3/envs/airflow_demo/lib/python3.9/site-packages/airflow/example_dags/plugins/listener_plugin.py for tasks to queue
[2024-01-31T09:04:26.029+0000] {logging_mixin.py:188} INFO - [2024-01-31T09:04:26.028+0000] {dagbag.py:538} INFO - Filling up the DagBag from /home/deprojectue/miniconda3/envs/airflow_demo/lib/python3.9/site-packages/airflow/example_dags/plugins/listener_plugin.py
[2024-01-31T09:04:26.034+0000] {processor.py:842} WARNING - No viable dags retrieved from /home/deprojectue/miniconda3/envs/airflow_demo/lib/python3.9/site-packages/airflow/example_dags/plugins/listener_plugin.py
[2024-01-31T09:04:26.048+0000] {processor.py:183} INFO - Processing /home/deprojectue/miniconda3/envs/airflow_demo/lib/python3.9/site-packages/airflow/example_dags/plugins/listener_plugin.py took 0.030 seconds
[2024-01-31T09:05:03.233+0000] {processor.py:161} INFO - Started process (PID=216234) to work on /home/deprojectue/miniconda3/envs/airflow_demo/lib/python3.9/site-packages/airflow/example_dags/plugins/listener_plugin.py
[2024-01-31T09:05:03.235+0000] {processor.py:830} INFO - Processing file /home/deprojectue/miniconda3/envs/airflow_demo/lib/python3.9/site-packages/airflow/example_dags/plugins/listener_plugin.py for tasks to queue
[2024-01-31T09:05:03.238+0000] {logging_mixin.py:188} INFO - [2024-01-31T09:05:03.237+0000] {dagbag.py:538} INFO - Filling up the DagBag from /home/deprojectue/miniconda3/envs/airflow_demo/lib/python3.9/site-packages/airflow/example_dags/plugins/listener_plugin.py
[2024-01-31T09:05:03.243+0000] {processor.py:842} WARNING - No viable dags retrieved from /home/deprojectue/miniconda3/envs/airflow_demo/lib/python3.9/site-packages/airflow/example_dags/plugins/listener_plugin.py
[2024-01-31T09:05:03.257+0000] {processor.py:183} INFO - Processing /home/deprojectue/miniconda3/envs/airflow_demo/lib/python3.9/site-packages/airflow/example_dags/plugins/listener_plugin.py took 0.029 seconds
[2024-01-31T09:08:18.893+0000] {processor.py:161} INFO - Started process (PID=216374) to work on /home/deprojectue/miniconda3/envs/airflow_demo/lib/python3.9/site-packages/airflow/example_dags/plugins/listener_plugin.py
[2024-01-31T09:08:18.895+0000] {processor.py:830} INFO - Processing file /home/deprojectue/miniconda3/envs/airflow_demo/lib/python3.9/site-packages/airflow/example_dags/plugins/listener_plugin.py for tasks to queue
[2024-01-31T09:08:18.899+0000] {logging_mixin.py:188} INFO - [2024-01-31T09:08:18.898+0000] {dagbag.py:538} INFO - Filling up the DagBag from /home/deprojectue/miniconda3/envs/airflow_demo/lib/python3.9/site-packages/airflow/example_dags/plugins/listener_plugin.py
[2024-01-31T09:08:19.093+0000] {processor.py:842} WARNING - No viable dags retrieved from /home/deprojectue/miniconda3/envs/airflow_demo/lib/python3.9/site-packages/airflow/example_dags/plugins/listener_plugin.py
[2024-01-31T09:08:19.123+0000] {processor.py:183} INFO - Processing /home/deprojectue/miniconda3/envs/airflow_demo/lib/python3.9/site-packages/airflow/example_dags/plugins/listener_plugin.py took 0.235 seconds
[2024-01-31T09:34:16.076+0000] {processor.py:161} INFO - Started process (PID=216863) to work on /home/deprojectue/miniconda3/envs/airflow_demo/lib/python3.9/site-packages/airflow/example_dags/plugins/listener_plugin.py
[2024-01-31T09:34:16.086+0000] {processor.py:830} INFO - Processing file /home/deprojectue/miniconda3/envs/airflow_demo/lib/python3.9/site-packages/airflow/example_dags/plugins/listener_plugin.py for tasks to queue
[2024-01-31T09:34:16.124+0000] {logging_mixin.py:188} INFO - [2024-01-31T09:34:16.106+0000] {dagbag.py:538} INFO - Filling up the DagBag from /home/deprojectue/miniconda3/envs/airflow_demo/lib/python3.9/site-packages/airflow/example_dags/plugins/listener_plugin.py
[2024-01-31T09:34:16.154+0000] {processor.py:842} WARNING - No viable dags retrieved from /home/deprojectue/miniconda3/envs/airflow_demo/lib/python3.9/site-packages/airflow/example_dags/plugins/listener_plugin.py
[2024-01-31T09:34:16.249+0000] {processor.py:183} INFO - Processing /home/deprojectue/miniconda3/envs/airflow_demo/lib/python3.9/site-packages/airflow/example_dags/plugins/listener_plugin.py took 0.210 seconds
[2024-01-31T09:36:31.676+0000] {processor.py:161} INFO - Started process (PID=216928) to work on /home/deprojectue/miniconda3/envs/airflow_demo/lib/python3.9/site-packages/airflow/example_dags/plugins/listener_plugin.py
[2024-01-31T09:36:31.679+0000] {processor.py:830} INFO - Processing file /home/deprojectue/miniconda3/envs/airflow_demo/lib/python3.9/site-packages/airflow/example_dags/plugins/listener_plugin.py for tasks to queue
[2024-01-31T09:36:31.682+0000] {logging_mixin.py:188} INFO - [2024-01-31T09:36:31.681+0000] {dagbag.py:538} INFO - Filling up the DagBag from /home/deprojectue/miniconda3/envs/airflow_demo/lib/python3.9/site-packages/airflow/example_dags/plugins/listener_plugin.py
[2024-01-31T09:36:31.687+0000] {processor.py:842} WARNING - No viable dags retrieved from /home/deprojectue/miniconda3/envs/airflow_demo/lib/python3.9/site-packages/airflow/example_dags/plugins/listener_plugin.py
[2024-01-31T09:36:31.701+0000] {processor.py:183} INFO - Processing /home/deprojectue/miniconda3/envs/airflow_demo/lib/python3.9/site-packages/airflow/example_dags/plugins/listener_plugin.py took 0.030 seconds
