[2024-01-31T02:07:23.448+0000] {processor.py:161} INFO - Started process (PID=210202) to work on /home/deprojectue/miniconda3/envs/airflow_demo/lib/python3.9/site-packages/airflow/example_dags/plugins/workday.py
[2024-01-31T02:07:23.449+0000] {processor.py:830} INFO - Processing file /home/deprojectue/miniconda3/envs/airflow_demo/lib/python3.9/site-packages/airflow/example_dags/plugins/workday.py for tasks to queue
[2024-01-31T02:07:23.450+0000] {logging_mixin.py:188} INFO - [2024-01-31T02:07:23.449+0000] {dagbag.py:538} INFO - Filling up the DagBag from /home/deprojectue/miniconda3/envs/airflow_demo/lib/python3.9/site-packages/airflow/example_dags/plugins/workday.py
[2024-01-31T02:07:24.189+0000] {processor.py:842} WARNING - No viable dags retrieved from /home/deprojectue/miniconda3/envs/airflow_demo/lib/python3.9/site-packages/airflow/example_dags/plugins/workday.py
[2024-01-31T02:07:24.197+0000] {processor.py:183} INFO - Processing /home/deprojectue/miniconda3/envs/airflow_demo/lib/python3.9/site-packages/airflow/example_dags/plugins/workday.py took 0.753 seconds
[2024-01-31T02:08:21.214+0000] {processor.py:161} INFO - Started process (PID=210642) to work on /home/deprojectue/miniconda3/envs/airflow_demo/lib/python3.9/site-packages/airflow/example_dags/plugins/workday.py
[2024-01-31T02:08:21.216+0000] {processor.py:830} INFO - Processing file /home/deprojectue/miniconda3/envs/airflow_demo/lib/python3.9/site-packages/airflow/example_dags/plugins/workday.py for tasks to queue
[2024-01-31T02:08:21.218+0000] {logging_mixin.py:188} INFO - [2024-01-31T02:08:21.217+0000] {dagbag.py:538} INFO - Filling up the DagBag from /home/deprojectue/miniconda3/envs/airflow_demo/lib/python3.9/site-packages/airflow/example_dags/plugins/workday.py
[2024-01-31T02:08:21.751+0000] {processor.py:842} WARNING - No viable dags retrieved from /home/deprojectue/miniconda3/envs/airflow_demo/lib/python3.9/site-packages/airflow/example_dags/plugins/workday.py
[2024-01-31T02:08:21.759+0000] {processor.py:183} INFO - Processing /home/deprojectue/miniconda3/envs/airflow_demo/lib/python3.9/site-packages/airflow/example_dags/plugins/workday.py took 0.549 seconds
[2024-01-31T02:08:58.078+0000] {processor.py:161} INFO - Started process (PID=210666) to work on /home/deprojectue/miniconda3/envs/airflow_demo/lib/python3.9/site-packages/airflow/example_dags/plugins/workday.py
[2024-01-31T02:08:58.080+0000] {processor.py:830} INFO - Processing file /home/deprojectue/miniconda3/envs/airflow_demo/lib/python3.9/site-packages/airflow/example_dags/plugins/workday.py for tasks to queue
[2024-01-31T02:08:58.082+0000] {logging_mixin.py:188} INFO - [2024-01-31T02:08:58.081+0000] {dagbag.py:538} INFO - Filling up the DagBag from /home/deprojectue/miniconda3/envs/airflow_demo/lib/python3.9/site-packages/airflow/example_dags/plugins/workday.py
[2024-01-31T02:08:58.613+0000] {processor.py:842} WARNING - No viable dags retrieved from /home/deprojectue/miniconda3/envs/airflow_demo/lib/python3.9/site-packages/airflow/example_dags/plugins/workday.py
[2024-01-31T02:08:58.622+0000] {processor.py:183} INFO - Processing /home/deprojectue/miniconda3/envs/airflow_demo/lib/python3.9/site-packages/airflow/example_dags/plugins/workday.py took 0.547 seconds
[2024-01-31T02:09:51.771+0000] {processor.py:161} INFO - Started process (PID=210950) to work on /home/deprojectue/miniconda3/envs/airflow_demo/lib/python3.9/site-packages/airflow/example_dags/plugins/workday.py
[2024-01-31T02:09:51.773+0000] {processor.py:830} INFO - Processing file /home/deprojectue/miniconda3/envs/airflow_demo/lib/python3.9/site-packages/airflow/example_dags/plugins/workday.py for tasks to queue
[2024-01-31T02:09:51.774+0000] {logging_mixin.py:188} INFO - [2024-01-31T02:09:51.773+0000] {dagbag.py:538} INFO - Filling up the DagBag from /home/deprojectue/miniconda3/envs/airflow_demo/lib/python3.9/site-packages/airflow/example_dags/plugins/workday.py
[2024-01-31T02:09:52.696+0000] {processor.py:842} WARNING - No viable dags retrieved from /home/deprojectue/miniconda3/envs/airflow_demo/lib/python3.9/site-packages/airflow/example_dags/plugins/workday.py
[2024-01-31T02:09:52.708+0000] {processor.py:183} INFO - Processing /home/deprojectue/miniconda3/envs/airflow_demo/lib/python3.9/site-packages/airflow/example_dags/plugins/workday.py took 0.942 seconds
[2024-01-31T02:12:42.146+0000] {processor.py:161} INFO - Started process (PID=211038) to work on /home/deprojectue/miniconda3/envs/airflow_demo/lib/python3.9/site-packages/airflow/example_dags/plugins/workday.py
[2024-01-31T02:12:42.150+0000] {processor.py:830} INFO - Processing file /home/deprojectue/miniconda3/envs/airflow_demo/lib/python3.9/site-packages/airflow/example_dags/plugins/workday.py for tasks to queue
[2024-01-31T02:12:42.153+0000] {logging_mixin.py:188} INFO - [2024-01-31T02:12:42.153+0000] {dagbag.py:538} INFO - Filling up the DagBag from /home/deprojectue/miniconda3/envs/airflow_demo/lib/python3.9/site-packages/airflow/example_dags/plugins/workday.py
[2024-01-31T02:12:42.167+0000] {processor.py:842} WARNING - No viable dags retrieved from /home/deprojectue/miniconda3/envs/airflow_demo/lib/python3.9/site-packages/airflow/example_dags/plugins/workday.py
[2024-01-31T02:12:42.182+0000] {processor.py:183} INFO - Processing /home/deprojectue/miniconda3/envs/airflow_demo/lib/python3.9/site-packages/airflow/example_dags/plugins/workday.py took 0.040 seconds
[2024-01-31T02:13:30.499+0000] {processor.py:161} INFO - Started process (PID=211094) to work on /home/deprojectue/miniconda3/envs/airflow_demo/lib/python3.9/site-packages/airflow/example_dags/plugins/workday.py
[2024-01-31T02:13:30.501+0000] {processor.py:830} INFO - Processing file /home/deprojectue/miniconda3/envs/airflow_demo/lib/python3.9/site-packages/airflow/example_dags/plugins/workday.py for tasks to queue
[2024-01-31T02:13:30.504+0000] {logging_mixin.py:188} INFO - [2024-01-31T02:13:30.503+0000] {dagbag.py:538} INFO - Filling up the DagBag from /home/deprojectue/miniconda3/envs/airflow_demo/lib/python3.9/site-packages/airflow/example_dags/plugins/workday.py
[2024-01-31T02:13:30.509+0000] {processor.py:842} WARNING - No viable dags retrieved from /home/deprojectue/miniconda3/envs/airflow_demo/lib/python3.9/site-packages/airflow/example_dags/plugins/workday.py
[2024-01-31T02:13:30.523+0000] {processor.py:183} INFO - Processing /home/deprojectue/miniconda3/envs/airflow_demo/lib/python3.9/site-packages/airflow/example_dags/plugins/workday.py took 0.028 seconds
[2024-01-31T02:14:21.215+0000] {processor.py:161} INFO - Started process (PID=211146) to work on /home/deprojectue/miniconda3/envs/airflow_demo/lib/python3.9/site-packages/airflow/example_dags/plugins/workday.py
[2024-01-31T02:14:21.217+0000] {processor.py:830} INFO - Processing file /home/deprojectue/miniconda3/envs/airflow_demo/lib/python3.9/site-packages/airflow/example_dags/plugins/workday.py for tasks to queue
[2024-01-31T02:14:21.220+0000] {logging_mixin.py:188} INFO - [2024-01-31T02:14:21.220+0000] {dagbag.py:538} INFO - Filling up the DagBag from /home/deprojectue/miniconda3/envs/airflow_demo/lib/python3.9/site-packages/airflow/example_dags/plugins/workday.py
[2024-01-31T02:14:21.225+0000] {processor.py:842} WARNING - No viable dags retrieved from /home/deprojectue/miniconda3/envs/airflow_demo/lib/python3.9/site-packages/airflow/example_dags/plugins/workday.py
[2024-01-31T02:14:21.240+0000] {processor.py:183} INFO - Processing /home/deprojectue/miniconda3/envs/airflow_demo/lib/python3.9/site-packages/airflow/example_dags/plugins/workday.py took 0.030 seconds
[2024-01-31T02:21:40.261+0000] {processor.py:161} INFO - Started process (PID=211298) to work on /home/deprojectue/miniconda3/envs/airflow_demo/lib/python3.9/site-packages/airflow/example_dags/plugins/workday.py
[2024-01-31T02:21:40.267+0000] {processor.py:830} INFO - Processing file /home/deprojectue/miniconda3/envs/airflow_demo/lib/python3.9/site-packages/airflow/example_dags/plugins/workday.py for tasks to queue
[2024-01-31T02:21:40.271+0000] {logging_mixin.py:188} INFO - [2024-01-31T02:21:40.271+0000] {dagbag.py:538} INFO - Filling up the DagBag from /home/deprojectue/miniconda3/envs/airflow_demo/lib/python3.9/site-packages/airflow/example_dags/plugins/workday.py
[2024-01-31T02:21:40.298+0000] {processor.py:842} WARNING - No viable dags retrieved from /home/deprojectue/miniconda3/envs/airflow_demo/lib/python3.9/site-packages/airflow/example_dags/plugins/workday.py
[2024-01-31T02:21:40.335+0000] {processor.py:183} INFO - Processing /home/deprojectue/miniconda3/envs/airflow_demo/lib/python3.9/site-packages/airflow/example_dags/plugins/workday.py took 0.093 seconds
[2024-01-31T02:22:30.243+0000] {processor.py:161} INFO - Started process (PID=211348) to work on /home/deprojectue/miniconda3/envs/airflow_demo/lib/python3.9/site-packages/airflow/example_dags/plugins/workday.py
[2024-01-31T02:22:30.244+0000] {processor.py:830} INFO - Processing file /home/deprojectue/miniconda3/envs/airflow_demo/lib/python3.9/site-packages/airflow/example_dags/plugins/workday.py for tasks to queue
[2024-01-31T02:22:30.248+0000] {logging_mixin.py:188} INFO - [2024-01-31T02:22:30.247+0000] {dagbag.py:538} INFO - Filling up the DagBag from /home/deprojectue/miniconda3/envs/airflow_demo/lib/python3.9/site-packages/airflow/example_dags/plugins/workday.py
[2024-01-31T02:22:30.253+0000] {processor.py:842} WARNING - No viable dags retrieved from /home/deprojectue/miniconda3/envs/airflow_demo/lib/python3.9/site-packages/airflow/example_dags/plugins/workday.py
[2024-01-31T02:22:30.266+0000] {processor.py:183} INFO - Processing /home/deprojectue/miniconda3/envs/airflow_demo/lib/python3.9/site-packages/airflow/example_dags/plugins/workday.py took 0.028 seconds
[2024-01-31T08:24:11.433+0000] {processor.py:161} INFO - Started process (PID=214031) to work on /home/deprojectue/miniconda3/envs/airflow_demo/lib/python3.9/site-packages/airflow/example_dags/plugins/workday.py
[2024-01-31T08:24:11.435+0000] {processor.py:830} INFO - Processing file /home/deprojectue/miniconda3/envs/airflow_demo/lib/python3.9/site-packages/airflow/example_dags/plugins/workday.py for tasks to queue
[2024-01-31T08:24:11.438+0000] {logging_mixin.py:188} INFO - [2024-01-31T08:24:11.438+0000] {dagbag.py:538} INFO - Filling up the DagBag from /home/deprojectue/miniconda3/envs/airflow_demo/lib/python3.9/site-packages/airflow/example_dags/plugins/workday.py
[2024-01-31T08:24:11.448+0000] {processor.py:842} WARNING - No viable dags retrieved from /home/deprojectue/miniconda3/envs/airflow_demo/lib/python3.9/site-packages/airflow/example_dags/plugins/workday.py
[2024-01-31T08:24:11.462+0000] {processor.py:183} INFO - Processing /home/deprojectue/miniconda3/envs/airflow_demo/lib/python3.9/site-packages/airflow/example_dags/plugins/workday.py took 0.034 seconds
[2024-01-31T08:25:07.973+0000] {processor.py:161} INFO - Started process (PID=214090) to work on /home/deprojectue/miniconda3/envs/airflow_demo/lib/python3.9/site-packages/airflow/example_dags/plugins/workday.py
[2024-01-31T08:25:07.975+0000] {processor.py:830} INFO - Processing file /home/deprojectue/miniconda3/envs/airflow_demo/lib/python3.9/site-packages/airflow/example_dags/plugins/workday.py for tasks to queue
[2024-01-31T08:25:07.979+0000] {logging_mixin.py:188} INFO - [2024-01-31T08:25:07.978+0000] {dagbag.py:538} INFO - Filling up the DagBag from /home/deprojectue/miniconda3/envs/airflow_demo/lib/python3.9/site-packages/airflow/example_dags/plugins/workday.py
[2024-01-31T08:25:07.985+0000] {processor.py:842} WARNING - No viable dags retrieved from /home/deprojectue/miniconda3/envs/airflow_demo/lib/python3.9/site-packages/airflow/example_dags/plugins/workday.py
[2024-01-31T08:25:07.999+0000] {processor.py:183} INFO - Processing /home/deprojectue/miniconda3/envs/airflow_demo/lib/python3.9/site-packages/airflow/example_dags/plugins/workday.py took 0.030 seconds
[2024-01-31T08:25:54.112+0000] {processor.py:161} INFO - Started process (PID=214370) to work on /home/deprojectue/miniconda3/envs/airflow_demo/lib/python3.9/site-packages/airflow/example_dags/plugins/workday.py
[2024-01-31T08:25:54.121+0000] {processor.py:830} INFO - Processing file /home/deprojectue/miniconda3/envs/airflow_demo/lib/python3.9/site-packages/airflow/example_dags/plugins/workday.py for tasks to queue
[2024-01-31T08:25:54.125+0000] {logging_mixin.py:188} INFO - [2024-01-31T08:25:54.124+0000] {dagbag.py:538} INFO - Filling up the DagBag from /home/deprojectue/miniconda3/envs/airflow_demo/lib/python3.9/site-packages/airflow/example_dags/plugins/workday.py
[2024-01-31T08:25:54.140+0000] {processor.py:842} WARNING - No viable dags retrieved from /home/deprojectue/miniconda3/envs/airflow_demo/lib/python3.9/site-packages/airflow/example_dags/plugins/workday.py
[2024-01-31T08:25:54.172+0000] {processor.py:183} INFO - Processing /home/deprojectue/miniconda3/envs/airflow_demo/lib/python3.9/site-packages/airflow/example_dags/plugins/workday.py took 0.081 seconds
[2024-01-31T08:30:03.491+0000] {processor.py:161} INFO - Started process (PID=214933) to work on /home/deprojectue/miniconda3/envs/airflow_demo/lib/python3.9/site-packages/airflow/example_dags/plugins/workday.py
[2024-01-31T08:30:03.493+0000] {processor.py:830} INFO - Processing file /home/deprojectue/miniconda3/envs/airflow_demo/lib/python3.9/site-packages/airflow/example_dags/plugins/workday.py for tasks to queue
[2024-01-31T08:30:03.495+0000] {logging_mixin.py:188} INFO - [2024-01-31T08:30:03.494+0000] {dagbag.py:538} INFO - Filling up the DagBag from /home/deprojectue/miniconda3/envs/airflow_demo/lib/python3.9/site-packages/airflow/example_dags/plugins/workday.py
[2024-01-31T08:30:03.969+0000] {processor.py:842} WARNING - No viable dags retrieved from /home/deprojectue/miniconda3/envs/airflow_demo/lib/python3.9/site-packages/airflow/example_dags/plugins/workday.py
[2024-01-31T08:30:04.007+0000] {processor.py:183} INFO - Processing /home/deprojectue/miniconda3/envs/airflow_demo/lib/python3.9/site-packages/airflow/example_dags/plugins/workday.py took 0.533 seconds
[2024-01-31T08:51:51.400+0000] {processor.py:161} INFO - Started process (PID=215371) to work on /home/deprojectue/miniconda3/envs/airflow_demo/lib/python3.9/site-packages/airflow/example_dags/plugins/workday.py
[2024-01-31T08:51:51.403+0000] {processor.py:830} INFO - Processing file /home/deprojectue/miniconda3/envs/airflow_demo/lib/python3.9/site-packages/airflow/example_dags/plugins/workday.py for tasks to queue
[2024-01-31T08:51:51.406+0000] {logging_mixin.py:188} INFO - [2024-01-31T08:51:51.406+0000] {dagbag.py:538} INFO - Filling up the DagBag from /home/deprojectue/miniconda3/envs/airflow_demo/lib/python3.9/site-packages/airflow/example_dags/plugins/workday.py
[2024-01-31T08:51:51.419+0000] {processor.py:842} WARNING - No viable dags retrieved from /home/deprojectue/miniconda3/envs/airflow_demo/lib/python3.9/site-packages/airflow/example_dags/plugins/workday.py
[2024-01-31T08:51:51.435+0000] {processor.py:183} INFO - Processing /home/deprojectue/miniconda3/envs/airflow_demo/lib/python3.9/site-packages/airflow/example_dags/plugins/workday.py took 0.039 seconds
[2024-01-31T08:52:41.059+0000] {processor.py:161} INFO - Started process (PID=215422) to work on /home/deprojectue/miniconda3/envs/airflow_demo/lib/python3.9/site-packages/airflow/example_dags/plugins/workday.py
[2024-01-31T08:52:41.061+0000] {processor.py:830} INFO - Processing file /home/deprojectue/miniconda3/envs/airflow_demo/lib/python3.9/site-packages/airflow/example_dags/plugins/workday.py for tasks to queue
[2024-01-31T08:52:41.064+0000] {logging_mixin.py:188} INFO - [2024-01-31T08:52:41.063+0000] {dagbag.py:538} INFO - Filling up the DagBag from /home/deprojectue/miniconda3/envs/airflow_demo/lib/python3.9/site-packages/airflow/example_dags/plugins/workday.py
[2024-01-31T08:52:41.070+0000] {processor.py:842} WARNING - No viable dags retrieved from /home/deprojectue/miniconda3/envs/airflow_demo/lib/python3.9/site-packages/airflow/example_dags/plugins/workday.py
[2024-01-31T08:52:41.084+0000] {processor.py:183} INFO - Processing /home/deprojectue/miniconda3/envs/airflow_demo/lib/python3.9/site-packages/airflow/example_dags/plugins/workday.py took 0.030 seconds
[2024-01-31T08:53:31.977+0000] {processor.py:161} INFO - Started process (PID=215474) to work on /home/deprojectue/miniconda3/envs/airflow_demo/lib/python3.9/site-packages/airflow/example_dags/plugins/workday.py
[2024-01-31T08:53:31.979+0000] {processor.py:830} INFO - Processing file /home/deprojectue/miniconda3/envs/airflow_demo/lib/python3.9/site-packages/airflow/example_dags/plugins/workday.py for tasks to queue
[2024-01-31T08:53:31.983+0000] {logging_mixin.py:188} INFO - [2024-01-31T08:53:31.982+0000] {dagbag.py:538} INFO - Filling up the DagBag from /home/deprojectue/miniconda3/envs/airflow_demo/lib/python3.9/site-packages/airflow/example_dags/plugins/workday.py
[2024-01-31T08:53:31.988+0000] {processor.py:842} WARNING - No viable dags retrieved from /home/deprojectue/miniconda3/envs/airflow_demo/lib/python3.9/site-packages/airflow/example_dags/plugins/workday.py
[2024-01-31T08:53:32.003+0000] {processor.py:183} INFO - Processing /home/deprojectue/miniconda3/envs/airflow_demo/lib/python3.9/site-packages/airflow/example_dags/plugins/workday.py took 0.030 seconds
[2024-01-31T08:54:13.815+0000] {processor.py:161} INFO - Started process (PID=215516) to work on /home/deprojectue/miniconda3/envs/airflow_demo/lib/python3.9/site-packages/airflow/example_dags/plugins/workday.py
[2024-01-31T08:54:13.817+0000] {processor.py:830} INFO - Processing file /home/deprojectue/miniconda3/envs/airflow_demo/lib/python3.9/site-packages/airflow/example_dags/plugins/workday.py for tasks to queue
[2024-01-31T08:54:13.821+0000] {logging_mixin.py:188} INFO - [2024-01-31T08:54:13.820+0000] {dagbag.py:538} INFO - Filling up the DagBag from /home/deprojectue/miniconda3/envs/airflow_demo/lib/python3.9/site-packages/airflow/example_dags/plugins/workday.py
[2024-01-31T08:54:13.826+0000] {processor.py:842} WARNING - No viable dags retrieved from /home/deprojectue/miniconda3/envs/airflow_demo/lib/python3.9/site-packages/airflow/example_dags/plugins/workday.py
[2024-01-31T08:54:13.840+0000] {processor.py:183} INFO - Processing /home/deprojectue/miniconda3/envs/airflow_demo/lib/python3.9/site-packages/airflow/example_dags/plugins/workday.py took 0.030 seconds
[2024-01-31T08:54:55.503+0000] {processor.py:161} INFO - Started process (PID=215560) to work on /home/deprojectue/miniconda3/envs/airflow_demo/lib/python3.9/site-packages/airflow/example_dags/plugins/workday.py
[2024-01-31T08:54:55.505+0000] {processor.py:830} INFO - Processing file /home/deprojectue/miniconda3/envs/airflow_demo/lib/python3.9/site-packages/airflow/example_dags/plugins/workday.py for tasks to queue
[2024-01-31T08:54:55.509+0000] {logging_mixin.py:188} INFO - [2024-01-31T08:54:55.508+0000] {dagbag.py:538} INFO - Filling up the DagBag from /home/deprojectue/miniconda3/envs/airflow_demo/lib/python3.9/site-packages/airflow/example_dags/plugins/workday.py
[2024-01-31T08:54:55.515+0000] {processor.py:842} WARNING - No viable dags retrieved from /home/deprojectue/miniconda3/envs/airflow_demo/lib/python3.9/site-packages/airflow/example_dags/plugins/workday.py
[2024-01-31T08:54:55.529+0000] {processor.py:183} INFO - Processing /home/deprojectue/miniconda3/envs/airflow_demo/lib/python3.9/site-packages/airflow/example_dags/plugins/workday.py took 0.030 seconds
[2024-01-31T08:55:36.057+0000] {processor.py:161} INFO - Started process (PID=215602) to work on /home/deprojectue/miniconda3/envs/airflow_demo/lib/python3.9/site-packages/airflow/example_dags/plugins/workday.py
[2024-01-31T08:55:36.059+0000] {processor.py:830} INFO - Processing file /home/deprojectue/miniconda3/envs/airflow_demo/lib/python3.9/site-packages/airflow/example_dags/plugins/workday.py for tasks to queue
[2024-01-31T08:55:36.062+0000] {logging_mixin.py:188} INFO - [2024-01-31T08:55:36.062+0000] {dagbag.py:538} INFO - Filling up the DagBag from /home/deprojectue/miniconda3/envs/airflow_demo/lib/python3.9/site-packages/airflow/example_dags/plugins/workday.py
[2024-01-31T08:55:36.067+0000] {processor.py:842} WARNING - No viable dags retrieved from /home/deprojectue/miniconda3/envs/airflow_demo/lib/python3.9/site-packages/airflow/example_dags/plugins/workday.py
[2024-01-31T08:55:36.081+0000] {processor.py:183} INFO - Processing /home/deprojectue/miniconda3/envs/airflow_demo/lib/python3.9/site-packages/airflow/example_dags/plugins/workday.py took 0.028 seconds
[2024-01-31T08:56:13.603+0000] {processor.py:161} INFO - Started process (PID=215643) to work on /home/deprojectue/miniconda3/envs/airflow_demo/lib/python3.9/site-packages/airflow/example_dags/plugins/workday.py
[2024-01-31T08:56:13.606+0000] {processor.py:830} INFO - Processing file /home/deprojectue/miniconda3/envs/airflow_demo/lib/python3.9/site-packages/airflow/example_dags/plugins/workday.py for tasks to queue
[2024-01-31T08:56:13.609+0000] {logging_mixin.py:188} INFO - [2024-01-31T08:56:13.609+0000] {dagbag.py:538} INFO - Filling up the DagBag from /home/deprojectue/miniconda3/envs/airflow_demo/lib/python3.9/site-packages/airflow/example_dags/plugins/workday.py
[2024-01-31T08:56:13.614+0000] {processor.py:842} WARNING - No viable dags retrieved from /home/deprojectue/miniconda3/envs/airflow_demo/lib/python3.9/site-packages/airflow/example_dags/plugins/workday.py
[2024-01-31T08:56:13.628+0000] {processor.py:183} INFO - Processing /home/deprojectue/miniconda3/envs/airflow_demo/lib/python3.9/site-packages/airflow/example_dags/plugins/workday.py took 0.030 seconds
[2024-01-31T08:56:54.405+0000] {processor.py:161} INFO - Started process (PID=215702) to work on /home/deprojectue/miniconda3/envs/airflow_demo/lib/python3.9/site-packages/airflow/example_dags/plugins/workday.py
[2024-01-31T08:56:54.408+0000] {processor.py:830} INFO - Processing file /home/deprojectue/miniconda3/envs/airflow_demo/lib/python3.9/site-packages/airflow/example_dags/plugins/workday.py for tasks to queue
[2024-01-31T08:56:54.411+0000] {logging_mixin.py:188} INFO - [2024-01-31T08:56:54.411+0000] {dagbag.py:538} INFO - Filling up the DagBag from /home/deprojectue/miniconda3/envs/airflow_demo/lib/python3.9/site-packages/airflow/example_dags/plugins/workday.py
[2024-01-31T08:56:54.445+0000] {processor.py:842} WARNING - No viable dags retrieved from /home/deprojectue/miniconda3/envs/airflow_demo/lib/python3.9/site-packages/airflow/example_dags/plugins/workday.py
[2024-01-31T08:56:54.459+0000] {processor.py:183} INFO - Processing /home/deprojectue/miniconda3/envs/airflow_demo/lib/python3.9/site-packages/airflow/example_dags/plugins/workday.py took 0.058 seconds
[2024-01-31T08:57:31.132+0000] {processor.py:161} INFO - Started process (PID=215741) to work on /home/deprojectue/miniconda3/envs/airflow_demo/lib/python3.9/site-packages/airflow/example_dags/plugins/workday.py
[2024-01-31T08:57:31.134+0000] {processor.py:830} INFO - Processing file /home/deprojectue/miniconda3/envs/airflow_demo/lib/python3.9/site-packages/airflow/example_dags/plugins/workday.py for tasks to queue
[2024-01-31T08:57:31.138+0000] {logging_mixin.py:188} INFO - [2024-01-31T08:57:31.138+0000] {dagbag.py:538} INFO - Filling up the DagBag from /home/deprojectue/miniconda3/envs/airflow_demo/lib/python3.9/site-packages/airflow/example_dags/plugins/workday.py
[2024-01-31T08:57:31.164+0000] {processor.py:842} WARNING - No viable dags retrieved from /home/deprojectue/miniconda3/envs/airflow_demo/lib/python3.9/site-packages/airflow/example_dags/plugins/workday.py
[2024-01-31T08:57:31.178+0000] {processor.py:183} INFO - Processing /home/deprojectue/miniconda3/envs/airflow_demo/lib/python3.9/site-packages/airflow/example_dags/plugins/workday.py took 0.050 seconds
[2024-01-31T08:58:07.824+0000] {processor.py:161} INFO - Started process (PID=215779) to work on /home/deprojectue/miniconda3/envs/airflow_demo/lib/python3.9/site-packages/airflow/example_dags/plugins/workday.py
[2024-01-31T08:58:07.827+0000] {processor.py:830} INFO - Processing file /home/deprojectue/miniconda3/envs/airflow_demo/lib/python3.9/site-packages/airflow/example_dags/plugins/workday.py for tasks to queue
[2024-01-31T08:58:07.830+0000] {logging_mixin.py:188} INFO - [2024-01-31T08:58:07.830+0000] {dagbag.py:538} INFO - Filling up the DagBag from /home/deprojectue/miniconda3/envs/airflow_demo/lib/python3.9/site-packages/airflow/example_dags/plugins/workday.py
[2024-01-31T08:58:07.855+0000] {processor.py:842} WARNING - No viable dags retrieved from /home/deprojectue/miniconda3/envs/airflow_demo/lib/python3.9/site-packages/airflow/example_dags/plugins/workday.py
[2024-01-31T08:58:07.869+0000] {processor.py:183} INFO - Processing /home/deprojectue/miniconda3/envs/airflow_demo/lib/python3.9/site-packages/airflow/example_dags/plugins/workday.py took 0.050 seconds
[2024-01-31T08:58:48.836+0000] {processor.py:161} INFO - Started process (PID=215839) to work on /home/deprojectue/miniconda3/envs/airflow_demo/lib/python3.9/site-packages/airflow/example_dags/plugins/workday.py
[2024-01-31T08:58:48.838+0000] {processor.py:830} INFO - Processing file /home/deprojectue/miniconda3/envs/airflow_demo/lib/python3.9/site-packages/airflow/example_dags/plugins/workday.py for tasks to queue
[2024-01-31T08:58:48.842+0000] {logging_mixin.py:188} INFO - [2024-01-31T08:58:48.841+0000] {dagbag.py:538} INFO - Filling up the DagBag from /home/deprojectue/miniconda3/envs/airflow_demo/lib/python3.9/site-packages/airflow/example_dags/plugins/workday.py
[2024-01-31T08:58:48.867+0000] {processor.py:842} WARNING - No viable dags retrieved from /home/deprojectue/miniconda3/envs/airflow_demo/lib/python3.9/site-packages/airflow/example_dags/plugins/workday.py
[2024-01-31T08:58:48.881+0000] {processor.py:183} INFO - Processing /home/deprojectue/miniconda3/envs/airflow_demo/lib/python3.9/site-packages/airflow/example_dags/plugins/workday.py took 0.050 seconds
[2024-01-31T08:59:30.181+0000] {processor.py:161} INFO - Started process (PID=215883) to work on /home/deprojectue/miniconda3/envs/airflow_demo/lib/python3.9/site-packages/airflow/example_dags/plugins/workday.py
[2024-01-31T08:59:30.183+0000] {processor.py:830} INFO - Processing file /home/deprojectue/miniconda3/envs/airflow_demo/lib/python3.9/site-packages/airflow/example_dags/plugins/workday.py for tasks to queue
[2024-01-31T08:59:30.187+0000] {logging_mixin.py:188} INFO - [2024-01-31T08:59:30.186+0000] {dagbag.py:538} INFO - Filling up the DagBag from /home/deprojectue/miniconda3/envs/airflow_demo/lib/python3.9/site-packages/airflow/example_dags/plugins/workday.py
[2024-01-31T08:59:30.214+0000] {processor.py:842} WARNING - No viable dags retrieved from /home/deprojectue/miniconda3/envs/airflow_demo/lib/python3.9/site-packages/airflow/example_dags/plugins/workday.py
[2024-01-31T08:59:30.228+0000] {processor.py:183} INFO - Processing /home/deprojectue/miniconda3/envs/airflow_demo/lib/python3.9/site-packages/airflow/example_dags/plugins/workday.py took 0.051 seconds
[2024-01-31T09:00:09.274+0000] {processor.py:161} INFO - Started process (PID=215923) to work on /home/deprojectue/miniconda3/envs/airflow_demo/lib/python3.9/site-packages/airflow/example_dags/plugins/workday.py
[2024-01-31T09:00:09.276+0000] {processor.py:830} INFO - Processing file /home/deprojectue/miniconda3/envs/airflow_demo/lib/python3.9/site-packages/airflow/example_dags/plugins/workday.py for tasks to queue
[2024-01-31T09:00:09.280+0000] {logging_mixin.py:188} INFO - [2024-01-31T09:00:09.279+0000] {dagbag.py:538} INFO - Filling up the DagBag from /home/deprojectue/miniconda3/envs/airflow_demo/lib/python3.9/site-packages/airflow/example_dags/plugins/workday.py
[2024-01-31T09:00:09.305+0000] {processor.py:842} WARNING - No viable dags retrieved from /home/deprojectue/miniconda3/envs/airflow_demo/lib/python3.9/site-packages/airflow/example_dags/plugins/workday.py
[2024-01-31T09:00:09.319+0000] {processor.py:183} INFO - Processing /home/deprojectue/miniconda3/envs/airflow_demo/lib/python3.9/site-packages/airflow/example_dags/plugins/workday.py took 0.049 seconds
[2024-01-31T09:00:45.556+0000] {processor.py:161} INFO - Started process (PID=215962) to work on /home/deprojectue/miniconda3/envs/airflow_demo/lib/python3.9/site-packages/airflow/example_dags/plugins/workday.py
[2024-01-31T09:00:45.558+0000] {processor.py:830} INFO - Processing file /home/deprojectue/miniconda3/envs/airflow_demo/lib/python3.9/site-packages/airflow/example_dags/plugins/workday.py for tasks to queue
[2024-01-31T09:00:45.562+0000] {logging_mixin.py:188} INFO - [2024-01-31T09:00:45.561+0000] {dagbag.py:538} INFO - Filling up the DagBag from /home/deprojectue/miniconda3/envs/airflow_demo/lib/python3.9/site-packages/airflow/example_dags/plugins/workday.py
[2024-01-31T09:00:45.588+0000] {processor.py:842} WARNING - No viable dags retrieved from /home/deprojectue/miniconda3/envs/airflow_demo/lib/python3.9/site-packages/airflow/example_dags/plugins/workday.py
[2024-01-31T09:00:45.602+0000] {processor.py:183} INFO - Processing /home/deprojectue/miniconda3/envs/airflow_demo/lib/python3.9/site-packages/airflow/example_dags/plugins/workday.py took 0.050 seconds
[2024-01-31T09:01:25.024+0000] {processor.py:161} INFO - Started process (PID=216002) to work on /home/deprojectue/miniconda3/envs/airflow_demo/lib/python3.9/site-packages/airflow/example_dags/plugins/workday.py
[2024-01-31T09:01:25.026+0000] {processor.py:830} INFO - Processing file /home/deprojectue/miniconda3/envs/airflow_demo/lib/python3.9/site-packages/airflow/example_dags/plugins/workday.py for tasks to queue
[2024-01-31T09:01:25.029+0000] {logging_mixin.py:188} INFO - [2024-01-31T09:01:25.029+0000] {dagbag.py:538} INFO - Filling up the DagBag from /home/deprojectue/miniconda3/envs/airflow_demo/lib/python3.9/site-packages/airflow/example_dags/plugins/workday.py
[2024-01-31T09:01:25.056+0000] {processor.py:842} WARNING - No viable dags retrieved from /home/deprojectue/miniconda3/envs/airflow_demo/lib/python3.9/site-packages/airflow/example_dags/plugins/workday.py
[2024-01-31T09:01:25.071+0000] {processor.py:183} INFO - Processing /home/deprojectue/miniconda3/envs/airflow_demo/lib/python3.9/site-packages/airflow/example_dags/plugins/workday.py took 0.052 seconds
[2024-01-31T09:02:01.359+0000] {processor.py:161} INFO - Started process (PID=216043) to work on /home/deprojectue/miniconda3/envs/airflow_demo/lib/python3.9/site-packages/airflow/example_dags/plugins/workday.py
[2024-01-31T09:02:01.362+0000] {processor.py:830} INFO - Processing file /home/deprojectue/miniconda3/envs/airflow_demo/lib/python3.9/site-packages/airflow/example_dags/plugins/workday.py for tasks to queue
[2024-01-31T09:02:01.365+0000] {logging_mixin.py:188} INFO - [2024-01-31T09:02:01.365+0000] {dagbag.py:538} INFO - Filling up the DagBag from /home/deprojectue/miniconda3/envs/airflow_demo/lib/python3.9/site-packages/airflow/example_dags/plugins/workday.py
[2024-01-31T09:02:01.391+0000] {processor.py:842} WARNING - No viable dags retrieved from /home/deprojectue/miniconda3/envs/airflow_demo/lib/python3.9/site-packages/airflow/example_dags/plugins/workday.py
[2024-01-31T09:02:01.405+0000] {processor.py:183} INFO - Processing /home/deprojectue/miniconda3/envs/airflow_demo/lib/python3.9/site-packages/airflow/example_dags/plugins/workday.py took 0.050 seconds
[2024-01-31T09:02:38.794+0000] {processor.py:161} INFO - Started process (PID=216082) to work on /home/deprojectue/miniconda3/envs/airflow_demo/lib/python3.9/site-packages/airflow/example_dags/plugins/workday.py
[2024-01-31T09:02:38.797+0000] {processor.py:830} INFO - Processing file /home/deprojectue/miniconda3/envs/airflow_demo/lib/python3.9/site-packages/airflow/example_dags/plugins/workday.py for tasks to queue
[2024-01-31T09:02:38.800+0000] {logging_mixin.py:188} INFO - [2024-01-31T09:02:38.800+0000] {dagbag.py:538} INFO - Filling up the DagBag from /home/deprojectue/miniconda3/envs/airflow_demo/lib/python3.9/site-packages/airflow/example_dags/plugins/workday.py
[2024-01-31T09:02:38.830+0000] {processor.py:842} WARNING - No viable dags retrieved from /home/deprojectue/miniconda3/envs/airflow_demo/lib/python3.9/site-packages/airflow/example_dags/plugins/workday.py
[2024-01-31T09:02:38.844+0000] {processor.py:183} INFO - Processing /home/deprojectue/miniconda3/envs/airflow_demo/lib/python3.9/site-packages/airflow/example_dags/plugins/workday.py took 0.054 seconds
[2024-01-31T09:03:16.264+0000] {processor.py:161} INFO - Started process (PID=216120) to work on /home/deprojectue/miniconda3/envs/airflow_demo/lib/python3.9/site-packages/airflow/example_dags/plugins/workday.py
[2024-01-31T09:03:16.267+0000] {processor.py:830} INFO - Processing file /home/deprojectue/miniconda3/envs/airflow_demo/lib/python3.9/site-packages/airflow/example_dags/plugins/workday.py for tasks to queue
[2024-01-31T09:03:16.271+0000] {logging_mixin.py:188} INFO - [2024-01-31T09:03:16.270+0000] {dagbag.py:538} INFO - Filling up the DagBag from /home/deprojectue/miniconda3/envs/airflow_demo/lib/python3.9/site-packages/airflow/example_dags/plugins/workday.py
[2024-01-31T09:03:16.298+0000] {processor.py:842} WARNING - No viable dags retrieved from /home/deprojectue/miniconda3/envs/airflow_demo/lib/python3.9/site-packages/airflow/example_dags/plugins/workday.py
[2024-01-31T09:03:16.312+0000] {processor.py:183} INFO - Processing /home/deprojectue/miniconda3/envs/airflow_demo/lib/python3.9/site-packages/airflow/example_dags/plugins/workday.py took 0.052 seconds
[2024-01-31T09:04:09.395+0000] {processor.py:161} INFO - Started process (PID=216176) to work on /home/deprojectue/miniconda3/envs/airflow_demo/lib/python3.9/site-packages/airflow/example_dags/plugins/workday.py
[2024-01-31T09:04:09.397+0000] {processor.py:830} INFO - Processing file /home/deprojectue/miniconda3/envs/airflow_demo/lib/python3.9/site-packages/airflow/example_dags/plugins/workday.py for tasks to queue
[2024-01-31T09:04:09.400+0000] {logging_mixin.py:188} INFO - [2024-01-31T09:04:09.399+0000] {dagbag.py:538} INFO - Filling up the DagBag from /home/deprojectue/miniconda3/envs/airflow_demo/lib/python3.9/site-packages/airflow/example_dags/plugins/workday.py
[2024-01-31T09:04:09.427+0000] {processor.py:842} WARNING - No viable dags retrieved from /home/deprojectue/miniconda3/envs/airflow_demo/lib/python3.9/site-packages/airflow/example_dags/plugins/workday.py
[2024-01-31T09:04:09.441+0000] {processor.py:183} INFO - Processing /home/deprojectue/miniconda3/envs/airflow_demo/lib/python3.9/site-packages/airflow/example_dags/plugins/workday.py took 0.051 seconds
[2024-01-31T09:04:45.357+0000] {processor.py:161} INFO - Started process (PID=216216) to work on /home/deprojectue/miniconda3/envs/airflow_demo/lib/python3.9/site-packages/airflow/example_dags/plugins/workday.py
[2024-01-31T09:04:45.359+0000] {processor.py:830} INFO - Processing file /home/deprojectue/miniconda3/envs/airflow_demo/lib/python3.9/site-packages/airflow/example_dags/plugins/workday.py for tasks to queue
[2024-01-31T09:04:45.363+0000] {logging_mixin.py:188} INFO - [2024-01-31T09:04:45.362+0000] {dagbag.py:538} INFO - Filling up the DagBag from /home/deprojectue/miniconda3/envs/airflow_demo/lib/python3.9/site-packages/airflow/example_dags/plugins/workday.py
[2024-01-31T09:04:45.389+0000] {processor.py:842} WARNING - No viable dags retrieved from /home/deprojectue/miniconda3/envs/airflow_demo/lib/python3.9/site-packages/airflow/example_dags/plugins/workday.py
[2024-01-31T09:04:45.403+0000] {processor.py:183} INFO - Processing /home/deprojectue/miniconda3/envs/airflow_demo/lib/python3.9/site-packages/airflow/example_dags/plugins/workday.py took 0.051 seconds
[2024-01-31T09:05:25.158+0000] {processor.py:161} INFO - Started process (PID=216258) to work on /home/deprojectue/miniconda3/envs/airflow_demo/lib/python3.9/site-packages/airflow/example_dags/plugins/workday.py
[2024-01-31T09:05:25.161+0000] {processor.py:830} INFO - Processing file /home/deprojectue/miniconda3/envs/airflow_demo/lib/python3.9/site-packages/airflow/example_dags/plugins/workday.py for tasks to queue
[2024-01-31T09:05:25.164+0000] {logging_mixin.py:188} INFO - [2024-01-31T09:05:25.163+0000] {dagbag.py:538} INFO - Filling up the DagBag from /home/deprojectue/miniconda3/envs/airflow_demo/lib/python3.9/site-packages/airflow/example_dags/plugins/workday.py
[2024-01-31T09:05:25.192+0000] {processor.py:842} WARNING - No viable dags retrieved from /home/deprojectue/miniconda3/envs/airflow_demo/lib/python3.9/site-packages/airflow/example_dags/plugins/workday.py
[2024-01-31T09:05:25.206+0000] {processor.py:183} INFO - Processing /home/deprojectue/miniconda3/envs/airflow_demo/lib/python3.9/site-packages/airflow/example_dags/plugins/workday.py took 0.052 seconds
[2024-01-31T09:08:23.401+0000] {processor.py:161} INFO - Started process (PID=216376) to work on /home/deprojectue/miniconda3/envs/airflow_demo/lib/python3.9/site-packages/airflow/example_dags/plugins/workday.py
[2024-01-31T09:08:23.592+0000] {processor.py:830} INFO - Processing file /home/deprojectue/miniconda3/envs/airflow_demo/lib/python3.9/site-packages/airflow/example_dags/plugins/workday.py for tasks to queue
[2024-01-31T09:08:23.598+0000] {logging_mixin.py:188} INFO - [2024-01-31T09:08:23.597+0000] {dagbag.py:538} INFO - Filling up the DagBag from /home/deprojectue/miniconda3/envs/airflow_demo/lib/python3.9/site-packages/airflow/example_dags/plugins/workday.py
[2024-01-31T09:08:23.647+0000] {processor.py:842} WARNING - No viable dags retrieved from /home/deprojectue/miniconda3/envs/airflow_demo/lib/python3.9/site-packages/airflow/example_dags/plugins/workday.py
[2024-01-31T09:08:23.866+0000] {processor.py:183} INFO - Processing /home/deprojectue/miniconda3/envs/airflow_demo/lib/python3.9/site-packages/airflow/example_dags/plugins/workday.py took 0.496 seconds
[2024-01-31T09:34:18.729+0000] {processor.py:161} INFO - Started process (PID=216865) to work on /home/deprojectue/miniconda3/envs/airflow_demo/lib/python3.9/site-packages/airflow/example_dags/plugins/workday.py
[2024-01-31T09:34:18.734+0000] {processor.py:830} INFO - Processing file /home/deprojectue/miniconda3/envs/airflow_demo/lib/python3.9/site-packages/airflow/example_dags/plugins/workday.py for tasks to queue
[2024-01-31T09:34:18.743+0000] {logging_mixin.py:188} INFO - [2024-01-31T09:34:18.737+0000] {dagbag.py:538} INFO - Filling up the DagBag from /home/deprojectue/miniconda3/envs/airflow_demo/lib/python3.9/site-packages/airflow/example_dags/plugins/workday.py
[2024-01-31T09:34:18.786+0000] {processor.py:842} WARNING - No viable dags retrieved from /home/deprojectue/miniconda3/envs/airflow_demo/lib/python3.9/site-packages/airflow/example_dags/plugins/workday.py
[2024-01-31T09:34:18.852+0000] {processor.py:183} INFO - Processing /home/deprojectue/miniconda3/envs/airflow_demo/lib/python3.9/site-packages/airflow/example_dags/plugins/workday.py took 0.130 seconds
[2024-01-31T09:36:33.113+0000] {processor.py:161} INFO - Started process (PID=216930) to work on /home/deprojectue/miniconda3/envs/airflow_demo/lib/python3.9/site-packages/airflow/example_dags/plugins/workday.py
[2024-01-31T09:36:33.116+0000] {processor.py:830} INFO - Processing file /home/deprojectue/miniconda3/envs/airflow_demo/lib/python3.9/site-packages/airflow/example_dags/plugins/workday.py for tasks to queue
[2024-01-31T09:36:33.119+0000] {logging_mixin.py:188} INFO - [2024-01-31T09:36:33.119+0000] {dagbag.py:538} INFO - Filling up the DagBag from /home/deprojectue/miniconda3/envs/airflow_demo/lib/python3.9/site-packages/airflow/example_dags/plugins/workday.py
[2024-01-31T09:36:33.146+0000] {processor.py:842} WARNING - No viable dags retrieved from /home/deprojectue/miniconda3/envs/airflow_demo/lib/python3.9/site-packages/airflow/example_dags/plugins/workday.py
[2024-01-31T09:36:33.161+0000] {processor.py:183} INFO - Processing /home/deprojectue/miniconda3/envs/airflow_demo/lib/python3.9/site-packages/airflow/example_dags/plugins/workday.py took 0.052 seconds
