[2024-01-31T02:07:21.003+0000] {processor.py:161} INFO - Started process (PID=210198) to work on /home/deprojectue/miniconda3/envs/airflow_demo/lib/python3.9/site-packages/airflow/example_dags/subdags/subdag.py
[2024-01-31T02:07:21.004+0000] {processor.py:830} INFO - Processing file /home/deprojectue/miniconda3/envs/airflow_demo/lib/python3.9/site-packages/airflow/example_dags/subdags/subdag.py for tasks to queue
[2024-01-31T02:07:21.005+0000] {logging_mixin.py:188} INFO - [2024-01-31T02:07:21.005+0000] {dagbag.py:538} INFO - Filling up the DagBag from /home/deprojectue/miniconda3/envs/airflow_demo/lib/python3.9/site-packages/airflow/example_dags/subdags/subdag.py
[2024-01-31T02:07:21.008+0000] {processor.py:842} WARNING - No viable dags retrieved from /home/deprojectue/miniconda3/envs/airflow_demo/lib/python3.9/site-packages/airflow/example_dags/subdags/subdag.py
[2024-01-31T02:07:21.021+0000] {processor.py:183} INFO - Processing /home/deprojectue/miniconda3/envs/airflow_demo/lib/python3.9/site-packages/airflow/example_dags/subdags/subdag.py took 0.023 seconds
[2024-01-31T02:08:18.344+0000] {processor.py:161} INFO - Started process (PID=210639) to work on /home/deprojectue/miniconda3/envs/airflow_demo/lib/python3.9/site-packages/airflow/example_dags/subdags/subdag.py
[2024-01-31T02:08:18.346+0000] {processor.py:830} INFO - Processing file /home/deprojectue/miniconda3/envs/airflow_demo/lib/python3.9/site-packages/airflow/example_dags/subdags/subdag.py for tasks to queue
[2024-01-31T02:08:18.347+0000] {logging_mixin.py:188} INFO - [2024-01-31T02:08:18.347+0000] {dagbag.py:538} INFO - Filling up the DagBag from /home/deprojectue/miniconda3/envs/airflow_demo/lib/python3.9/site-packages/airflow/example_dags/subdags/subdag.py
[2024-01-31T02:08:18.350+0000] {processor.py:842} WARNING - No viable dags retrieved from /home/deprojectue/miniconda3/envs/airflow_demo/lib/python3.9/site-packages/airflow/example_dags/subdags/subdag.py
[2024-01-31T02:08:18.364+0000] {processor.py:183} INFO - Processing /home/deprojectue/miniconda3/envs/airflow_demo/lib/python3.9/site-packages/airflow/example_dags/subdags/subdag.py took 0.026 seconds
[2024-01-31T02:08:55.263+0000] {processor.py:161} INFO - Started process (PID=210663) to work on /home/deprojectue/miniconda3/envs/airflow_demo/lib/python3.9/site-packages/airflow/example_dags/subdags/subdag.py
[2024-01-31T02:08:55.265+0000] {processor.py:830} INFO - Processing file /home/deprojectue/miniconda3/envs/airflow_demo/lib/python3.9/site-packages/airflow/example_dags/subdags/subdag.py for tasks to queue
[2024-01-31T02:08:55.266+0000] {logging_mixin.py:188} INFO - [2024-01-31T02:08:55.266+0000] {dagbag.py:538} INFO - Filling up the DagBag from /home/deprojectue/miniconda3/envs/airflow_demo/lib/python3.9/site-packages/airflow/example_dags/subdags/subdag.py
[2024-01-31T02:08:55.269+0000] {processor.py:842} WARNING - No viable dags retrieved from /home/deprojectue/miniconda3/envs/airflow_demo/lib/python3.9/site-packages/airflow/example_dags/subdags/subdag.py
[2024-01-31T02:08:55.282+0000] {processor.py:183} INFO - Processing /home/deprojectue/miniconda3/envs/airflow_demo/lib/python3.9/site-packages/airflow/example_dags/subdags/subdag.py took 0.023 seconds
[2024-01-31T02:09:48.721+0000] {processor.py:161} INFO - Started process (PID=210947) to work on /home/deprojectue/miniconda3/envs/airflow_demo/lib/python3.9/site-packages/airflow/example_dags/subdags/subdag.py
[2024-01-31T02:09:48.723+0000] {processor.py:830} INFO - Processing file /home/deprojectue/miniconda3/envs/airflow_demo/lib/python3.9/site-packages/airflow/example_dags/subdags/subdag.py for tasks to queue
[2024-01-31T02:09:48.725+0000] {logging_mixin.py:188} INFO - [2024-01-31T02:09:48.724+0000] {dagbag.py:538} INFO - Filling up the DagBag from /home/deprojectue/miniconda3/envs/airflow_demo/lib/python3.9/site-packages/airflow/example_dags/subdags/subdag.py
[2024-01-31T02:09:48.728+0000] {processor.py:842} WARNING - No viable dags retrieved from /home/deprojectue/miniconda3/envs/airflow_demo/lib/python3.9/site-packages/airflow/example_dags/subdags/subdag.py
[2024-01-31T02:09:48.742+0000] {processor.py:183} INFO - Processing /home/deprojectue/miniconda3/envs/airflow_demo/lib/python3.9/site-packages/airflow/example_dags/subdags/subdag.py took 0.025 seconds
[2024-01-31T02:12:38.687+0000] {processor.py:161} INFO - Started process (PID=211035) to work on /home/deprojectue/miniconda3/envs/airflow_demo/lib/python3.9/site-packages/airflow/example_dags/subdags/subdag.py
[2024-01-31T02:12:38.689+0000] {processor.py:830} INFO - Processing file /home/deprojectue/miniconda3/envs/airflow_demo/lib/python3.9/site-packages/airflow/example_dags/subdags/subdag.py for tasks to queue
[2024-01-31T02:12:38.693+0000] {logging_mixin.py:188} INFO - [2024-01-31T02:12:38.692+0000] {dagbag.py:538} INFO - Filling up the DagBag from /home/deprojectue/miniconda3/envs/airflow_demo/lib/python3.9/site-packages/airflow/example_dags/subdags/subdag.py
[2024-01-31T02:12:38.696+0000] {processor.py:842} WARNING - No viable dags retrieved from /home/deprojectue/miniconda3/envs/airflow_demo/lib/python3.9/site-packages/airflow/example_dags/subdags/subdag.py
[2024-01-31T02:12:38.711+0000] {processor.py:183} INFO - Processing /home/deprojectue/miniconda3/envs/airflow_demo/lib/python3.9/site-packages/airflow/example_dags/subdags/subdag.py took 0.028 seconds
[2024-01-31T02:13:27.566+0000] {processor.py:161} INFO - Started process (PID=211084) to work on /home/deprojectue/miniconda3/envs/airflow_demo/lib/python3.9/site-packages/airflow/example_dags/subdags/subdag.py
[2024-01-31T02:13:27.568+0000] {processor.py:830} INFO - Processing file /home/deprojectue/miniconda3/envs/airflow_demo/lib/python3.9/site-packages/airflow/example_dags/subdags/subdag.py for tasks to queue
[2024-01-31T02:13:27.571+0000] {logging_mixin.py:188} INFO - [2024-01-31T02:13:27.571+0000] {dagbag.py:538} INFO - Filling up the DagBag from /home/deprojectue/miniconda3/envs/airflow_demo/lib/python3.9/site-packages/airflow/example_dags/subdags/subdag.py
[2024-01-31T02:13:27.574+0000] {processor.py:842} WARNING - No viable dags retrieved from /home/deprojectue/miniconda3/envs/airflow_demo/lib/python3.9/site-packages/airflow/example_dags/subdags/subdag.py
[2024-01-31T02:13:27.588+0000] {processor.py:183} INFO - Processing /home/deprojectue/miniconda3/envs/airflow_demo/lib/python3.9/site-packages/airflow/example_dags/subdags/subdag.py took 0.027 seconds
[2024-01-31T02:14:06.985+0000] {processor.py:161} INFO - Started process (PID=211133) to work on /home/deprojectue/miniconda3/envs/airflow_demo/lib/python3.9/site-packages/airflow/example_dags/subdags/subdag.py
[2024-01-31T02:14:06.987+0000] {processor.py:830} INFO - Processing file /home/deprojectue/miniconda3/envs/airflow_demo/lib/python3.9/site-packages/airflow/example_dags/subdags/subdag.py for tasks to queue
[2024-01-31T02:14:06.990+0000] {logging_mixin.py:188} INFO - [2024-01-31T02:14:06.990+0000] {dagbag.py:538} INFO - Filling up the DagBag from /home/deprojectue/miniconda3/envs/airflow_demo/lib/python3.9/site-packages/airflow/example_dags/subdags/subdag.py
[2024-01-31T02:14:06.993+0000] {processor.py:842} WARNING - No viable dags retrieved from /home/deprojectue/miniconda3/envs/airflow_demo/lib/python3.9/site-packages/airflow/example_dags/subdags/subdag.py
[2024-01-31T02:14:07.007+0000] {processor.py:183} INFO - Processing /home/deprojectue/miniconda3/envs/airflow_demo/lib/python3.9/site-packages/airflow/example_dags/subdags/subdag.py took 0.026 seconds
[2024-01-31T02:21:36.754+0000] {processor.py:161} INFO - Started process (PID=211295) to work on /home/deprojectue/miniconda3/envs/airflow_demo/lib/python3.9/site-packages/airflow/example_dags/subdags/subdag.py
[2024-01-31T02:21:36.756+0000] {processor.py:830} INFO - Processing file /home/deprojectue/miniconda3/envs/airflow_demo/lib/python3.9/site-packages/airflow/example_dags/subdags/subdag.py for tasks to queue
[2024-01-31T02:21:36.759+0000] {logging_mixin.py:188} INFO - [2024-01-31T02:21:36.759+0000] {dagbag.py:538} INFO - Filling up the DagBag from /home/deprojectue/miniconda3/envs/airflow_demo/lib/python3.9/site-packages/airflow/example_dags/subdags/subdag.py
[2024-01-31T02:21:36.762+0000] {processor.py:842} WARNING - No viable dags retrieved from /home/deprojectue/miniconda3/envs/airflow_demo/lib/python3.9/site-packages/airflow/example_dags/subdags/subdag.py
[2024-01-31T02:21:36.776+0000] {processor.py:183} INFO - Processing /home/deprojectue/miniconda3/envs/airflow_demo/lib/python3.9/site-packages/airflow/example_dags/subdags/subdag.py took 0.026 seconds
[2024-01-31T02:22:27.359+0000] {processor.py:161} INFO - Started process (PID=211345) to work on /home/deprojectue/miniconda3/envs/airflow_demo/lib/python3.9/site-packages/airflow/example_dags/subdags/subdag.py
[2024-01-31T02:22:27.361+0000] {processor.py:830} INFO - Processing file /home/deprojectue/miniconda3/envs/airflow_demo/lib/python3.9/site-packages/airflow/example_dags/subdags/subdag.py for tasks to queue
[2024-01-31T02:22:27.364+0000] {logging_mixin.py:188} INFO - [2024-01-31T02:22:27.364+0000] {dagbag.py:538} INFO - Filling up the DagBag from /home/deprojectue/miniconda3/envs/airflow_demo/lib/python3.9/site-packages/airflow/example_dags/subdags/subdag.py
[2024-01-31T02:22:27.367+0000] {processor.py:842} WARNING - No viable dags retrieved from /home/deprojectue/miniconda3/envs/airflow_demo/lib/python3.9/site-packages/airflow/example_dags/subdags/subdag.py
[2024-01-31T02:22:27.381+0000] {processor.py:183} INFO - Processing /home/deprojectue/miniconda3/envs/airflow_demo/lib/python3.9/site-packages/airflow/example_dags/subdags/subdag.py took 0.026 seconds
[2024-01-31T08:24:07.993+0000] {processor.py:161} INFO - Started process (PID=214028) to work on /home/deprojectue/miniconda3/envs/airflow_demo/lib/python3.9/site-packages/airflow/example_dags/subdags/subdag.py
[2024-01-31T08:24:07.995+0000] {processor.py:830} INFO - Processing file /home/deprojectue/miniconda3/envs/airflow_demo/lib/python3.9/site-packages/airflow/example_dags/subdags/subdag.py for tasks to queue
[2024-01-31T08:24:07.998+0000] {logging_mixin.py:188} INFO - [2024-01-31T08:24:07.998+0000] {dagbag.py:538} INFO - Filling up the DagBag from /home/deprojectue/miniconda3/envs/airflow_demo/lib/python3.9/site-packages/airflow/example_dags/subdags/subdag.py
[2024-01-31T08:24:08.001+0000] {processor.py:842} WARNING - No viable dags retrieved from /home/deprojectue/miniconda3/envs/airflow_demo/lib/python3.9/site-packages/airflow/example_dags/subdags/subdag.py
[2024-01-31T08:24:08.015+0000] {processor.py:183} INFO - Processing /home/deprojectue/miniconda3/envs/airflow_demo/lib/python3.9/site-packages/airflow/example_dags/subdags/subdag.py took 0.027 seconds
[2024-01-31T08:25:05.111+0000] {processor.py:161} INFO - Started process (PID=214085) to work on /home/deprojectue/miniconda3/envs/airflow_demo/lib/python3.9/site-packages/airflow/example_dags/subdags/subdag.py
[2024-01-31T08:25:05.113+0000] {processor.py:830} INFO - Processing file /home/deprojectue/miniconda3/envs/airflow_demo/lib/python3.9/site-packages/airflow/example_dags/subdags/subdag.py for tasks to queue
[2024-01-31T08:25:05.116+0000] {logging_mixin.py:188} INFO - [2024-01-31T08:25:05.116+0000] {dagbag.py:538} INFO - Filling up the DagBag from /home/deprojectue/miniconda3/envs/airflow_demo/lib/python3.9/site-packages/airflow/example_dags/subdags/subdag.py
[2024-01-31T08:25:05.119+0000] {processor.py:842} WARNING - No viable dags retrieved from /home/deprojectue/miniconda3/envs/airflow_demo/lib/python3.9/site-packages/airflow/example_dags/subdags/subdag.py
[2024-01-31T08:25:05.134+0000] {processor.py:183} INFO - Processing /home/deprojectue/miniconda3/envs/airflow_demo/lib/python3.9/site-packages/airflow/example_dags/subdags/subdag.py took 0.027 seconds
[2024-01-31T08:25:51.325+0000] {processor.py:161} INFO - Started process (PID=214257) to work on /home/deprojectue/miniconda3/envs/airflow_demo/lib/python3.9/site-packages/airflow/example_dags/subdags/subdag.py
[2024-01-31T08:25:51.327+0000] {processor.py:830} INFO - Processing file /home/deprojectue/miniconda3/envs/airflow_demo/lib/python3.9/site-packages/airflow/example_dags/subdags/subdag.py for tasks to queue
[2024-01-31T08:25:51.333+0000] {logging_mixin.py:188} INFO - [2024-01-31T08:25:51.332+0000] {dagbag.py:538} INFO - Filling up the DagBag from /home/deprojectue/miniconda3/envs/airflow_demo/lib/python3.9/site-packages/airflow/example_dags/subdags/subdag.py
[2024-01-31T08:25:51.341+0000] {processor.py:842} WARNING - No viable dags retrieved from /home/deprojectue/miniconda3/envs/airflow_demo/lib/python3.9/site-packages/airflow/example_dags/subdags/subdag.py
[2024-01-31T08:25:51.359+0000] {processor.py:183} INFO - Processing /home/deprojectue/miniconda3/envs/airflow_demo/lib/python3.9/site-packages/airflow/example_dags/subdags/subdag.py took 0.039 seconds
[2024-01-31T08:29:57.728+0000] {processor.py:161} INFO - Started process (PID=214874) to work on /home/deprojectue/miniconda3/envs/airflow_demo/lib/python3.9/site-packages/airflow/example_dags/subdags/subdag.py
[2024-01-31T08:29:57.734+0000] {processor.py:830} INFO - Processing file /home/deprojectue/miniconda3/envs/airflow_demo/lib/python3.9/site-packages/airflow/example_dags/subdags/subdag.py for tasks to queue
[2024-01-31T08:29:57.736+0000] {logging_mixin.py:188} INFO - [2024-01-31T08:29:57.735+0000] {dagbag.py:538} INFO - Filling up the DagBag from /home/deprojectue/miniconda3/envs/airflow_demo/lib/python3.9/site-packages/airflow/example_dags/subdags/subdag.py
[2024-01-31T08:29:57.765+0000] {processor.py:842} WARNING - No viable dags retrieved from /home/deprojectue/miniconda3/envs/airflow_demo/lib/python3.9/site-packages/airflow/example_dags/subdags/subdag.py
[2024-01-31T08:29:58.502+0000] {processor.py:183} INFO - Processing /home/deprojectue/miniconda3/envs/airflow_demo/lib/python3.9/site-packages/airflow/example_dags/subdags/subdag.py took 0.779 seconds
[2024-01-31T08:42:20.992+0000] {processor.py:161} INFO - Started process (PID=215206) to work on /home/deprojectue/miniconda3/envs/airflow_demo/lib/python3.9/site-packages/airflow/example_dags/subdags/subdag.py
[2024-01-31T08:42:20.994+0000] {processor.py:830} INFO - Processing file /home/deprojectue/miniconda3/envs/airflow_demo/lib/python3.9/site-packages/airflow/example_dags/subdags/subdag.py for tasks to queue
[2024-01-31T08:42:20.998+0000] {logging_mixin.py:188} INFO - [2024-01-31T08:42:20.997+0000] {dagbag.py:538} INFO - Filling up the DagBag from /home/deprojectue/miniconda3/envs/airflow_demo/lib/python3.9/site-packages/airflow/example_dags/subdags/subdag.py
[2024-01-31T08:42:21.002+0000] {processor.py:842} WARNING - No viable dags retrieved from /home/deprojectue/miniconda3/envs/airflow_demo/lib/python3.9/site-packages/airflow/example_dags/subdags/subdag.py
[2024-01-31T08:42:21.015+0000] {processor.py:183} INFO - Processing /home/deprojectue/miniconda3/envs/airflow_demo/lib/python3.9/site-packages/airflow/example_dags/subdags/subdag.py took 0.028 seconds
[2024-01-31T08:51:49.817+0000] {processor.py:161} INFO - Started process (PID=215368) to work on /home/deprojectue/miniconda3/envs/airflow_demo/lib/python3.9/site-packages/airflow/example_dags/subdags/subdag.py
[2024-01-31T08:51:49.819+0000] {processor.py:830} INFO - Processing file /home/deprojectue/miniconda3/envs/airflow_demo/lib/python3.9/site-packages/airflow/example_dags/subdags/subdag.py for tasks to queue
[2024-01-31T08:51:49.823+0000] {logging_mixin.py:188} INFO - [2024-01-31T08:51:49.822+0000] {dagbag.py:538} INFO - Filling up the DagBag from /home/deprojectue/miniconda3/envs/airflow_demo/lib/python3.9/site-packages/airflow/example_dags/subdags/subdag.py
[2024-01-31T08:51:49.827+0000] {processor.py:842} WARNING - No viable dags retrieved from /home/deprojectue/miniconda3/envs/airflow_demo/lib/python3.9/site-packages/airflow/example_dags/subdags/subdag.py
[2024-01-31T08:51:49.842+0000] {processor.py:183} INFO - Processing /home/deprojectue/miniconda3/envs/airflow_demo/lib/python3.9/site-packages/airflow/example_dags/subdags/subdag.py took 0.030 seconds
[2024-01-31T08:52:38.349+0000] {processor.py:161} INFO - Started process (PID=215418) to work on /home/deprojectue/miniconda3/envs/airflow_demo/lib/python3.9/site-packages/airflow/example_dags/subdags/subdag.py
[2024-01-31T08:52:38.350+0000] {processor.py:830} INFO - Processing file /home/deprojectue/miniconda3/envs/airflow_demo/lib/python3.9/site-packages/airflow/example_dags/subdags/subdag.py for tasks to queue
[2024-01-31T08:52:38.354+0000] {logging_mixin.py:188} INFO - [2024-01-31T08:52:38.353+0000] {dagbag.py:538} INFO - Filling up the DagBag from /home/deprojectue/miniconda3/envs/airflow_demo/lib/python3.9/site-packages/airflow/example_dags/subdags/subdag.py
[2024-01-31T08:52:38.357+0000] {processor.py:842} WARNING - No viable dags retrieved from /home/deprojectue/miniconda3/envs/airflow_demo/lib/python3.9/site-packages/airflow/example_dags/subdags/subdag.py
[2024-01-31T08:52:38.370+0000] {processor.py:183} INFO - Processing /home/deprojectue/miniconda3/envs/airflow_demo/lib/python3.9/site-packages/airflow/example_dags/subdags/subdag.py took 0.025 seconds
[2024-01-31T08:53:17.744+0000] {processor.py:161} INFO - Started process (PID=215461) to work on /home/deprojectue/miniconda3/envs/airflow_demo/lib/python3.9/site-packages/airflow/example_dags/subdags/subdag.py
[2024-01-31T08:53:17.745+0000] {processor.py:830} INFO - Processing file /home/deprojectue/miniconda3/envs/airflow_demo/lib/python3.9/site-packages/airflow/example_dags/subdags/subdag.py for tasks to queue
[2024-01-31T08:53:17.750+0000] {logging_mixin.py:188} INFO - [2024-01-31T08:53:17.749+0000] {dagbag.py:538} INFO - Filling up the DagBag from /home/deprojectue/miniconda3/envs/airflow_demo/lib/python3.9/site-packages/airflow/example_dags/subdags/subdag.py
[2024-01-31T08:53:17.752+0000] {processor.py:842} WARNING - No viable dags retrieved from /home/deprojectue/miniconda3/envs/airflow_demo/lib/python3.9/site-packages/airflow/example_dags/subdags/subdag.py
[2024-01-31T08:53:17.767+0000] {processor.py:183} INFO - Processing /home/deprojectue/miniconda3/envs/airflow_demo/lib/python3.9/site-packages/airflow/example_dags/subdags/subdag.py took 0.027 seconds
[2024-01-31T08:53:59.431+0000] {processor.py:161} INFO - Started process (PID=215501) to work on /home/deprojectue/miniconda3/envs/airflow_demo/lib/python3.9/site-packages/airflow/example_dags/subdags/subdag.py
[2024-01-31T08:53:59.433+0000] {processor.py:830} INFO - Processing file /home/deprojectue/miniconda3/envs/airflow_demo/lib/python3.9/site-packages/airflow/example_dags/subdags/subdag.py for tasks to queue
[2024-01-31T08:53:59.436+0000] {logging_mixin.py:188} INFO - [2024-01-31T08:53:59.436+0000] {dagbag.py:538} INFO - Filling up the DagBag from /home/deprojectue/miniconda3/envs/airflow_demo/lib/python3.9/site-packages/airflow/example_dags/subdags/subdag.py
[2024-01-31T08:53:59.439+0000] {processor.py:842} WARNING - No viable dags retrieved from /home/deprojectue/miniconda3/envs/airflow_demo/lib/python3.9/site-packages/airflow/example_dags/subdags/subdag.py
[2024-01-31T08:53:59.453+0000] {processor.py:183} INFO - Processing /home/deprojectue/miniconda3/envs/airflow_demo/lib/python3.9/site-packages/airflow/example_dags/subdags/subdag.py took 0.027 seconds
[2024-01-31T08:54:40.717+0000] {processor.py:161} INFO - Started process (PID=215545) to work on /home/deprojectue/miniconda3/envs/airflow_demo/lib/python3.9/site-packages/airflow/example_dags/subdags/subdag.py
[2024-01-31T08:54:40.718+0000] {processor.py:830} INFO - Processing file /home/deprojectue/miniconda3/envs/airflow_demo/lib/python3.9/site-packages/airflow/example_dags/subdags/subdag.py for tasks to queue
[2024-01-31T08:54:40.722+0000] {logging_mixin.py:188} INFO - [2024-01-31T08:54:40.721+0000] {dagbag.py:538} INFO - Filling up the DagBag from /home/deprojectue/miniconda3/envs/airflow_demo/lib/python3.9/site-packages/airflow/example_dags/subdags/subdag.py
[2024-01-31T08:54:40.725+0000] {processor.py:842} WARNING - No viable dags retrieved from /home/deprojectue/miniconda3/envs/airflow_demo/lib/python3.9/site-packages/airflow/example_dags/subdags/subdag.py
[2024-01-31T08:54:40.739+0000] {processor.py:183} INFO - Processing /home/deprojectue/miniconda3/envs/airflow_demo/lib/python3.9/site-packages/airflow/example_dags/subdags/subdag.py took 0.026 seconds
[2024-01-31T08:55:23.219+0000] {processor.py:161} INFO - Started process (PID=215588) to work on /home/deprojectue/miniconda3/envs/airflow_demo/lib/python3.9/site-packages/airflow/example_dags/subdags/subdag.py
[2024-01-31T08:55:23.221+0000] {processor.py:830} INFO - Processing file /home/deprojectue/miniconda3/envs/airflow_demo/lib/python3.9/site-packages/airflow/example_dags/subdags/subdag.py for tasks to queue
[2024-01-31T08:55:23.224+0000] {logging_mixin.py:188} INFO - [2024-01-31T08:55:23.224+0000] {dagbag.py:538} INFO - Filling up the DagBag from /home/deprojectue/miniconda3/envs/airflow_demo/lib/python3.9/site-packages/airflow/example_dags/subdags/subdag.py
[2024-01-31T08:55:23.227+0000] {processor.py:842} WARNING - No viable dags retrieved from /home/deprojectue/miniconda3/envs/airflow_demo/lib/python3.9/site-packages/airflow/example_dags/subdags/subdag.py
[2024-01-31T08:55:23.241+0000] {processor.py:183} INFO - Processing /home/deprojectue/miniconda3/envs/airflow_demo/lib/python3.9/site-packages/airflow/example_dags/subdags/subdag.py took 0.028 seconds
[2024-01-31T08:56:10.850+0000] {processor.py:161} INFO - Started process (PID=215640) to work on /home/deprojectue/miniconda3/envs/airflow_demo/lib/python3.9/site-packages/airflow/example_dags/subdags/subdag.py
[2024-01-31T08:56:10.851+0000] {processor.py:830} INFO - Processing file /home/deprojectue/miniconda3/envs/airflow_demo/lib/python3.9/site-packages/airflow/example_dags/subdags/subdag.py for tasks to queue
[2024-01-31T08:56:10.855+0000] {logging_mixin.py:188} INFO - [2024-01-31T08:56:10.854+0000] {dagbag.py:538} INFO - Filling up the DagBag from /home/deprojectue/miniconda3/envs/airflow_demo/lib/python3.9/site-packages/airflow/example_dags/subdags/subdag.py
[2024-01-31T08:56:10.858+0000] {processor.py:842} WARNING - No viable dags retrieved from /home/deprojectue/miniconda3/envs/airflow_demo/lib/python3.9/site-packages/airflow/example_dags/subdags/subdag.py
[2024-01-31T08:56:10.872+0000] {processor.py:183} INFO - Processing /home/deprojectue/miniconda3/envs/airflow_demo/lib/python3.9/site-packages/airflow/example_dags/subdags/subdag.py took 0.027 seconds
[2024-01-31T08:56:50.971+0000] {processor.py:161} INFO - Started process (PID=215699) to work on /home/deprojectue/miniconda3/envs/airflow_demo/lib/python3.9/site-packages/airflow/example_dags/subdags/subdag.py
[2024-01-31T08:56:50.973+0000] {processor.py:830} INFO - Processing file /home/deprojectue/miniconda3/envs/airflow_demo/lib/python3.9/site-packages/airflow/example_dags/subdags/subdag.py for tasks to queue
[2024-01-31T08:56:50.977+0000] {logging_mixin.py:188} INFO - [2024-01-31T08:56:50.977+0000] {dagbag.py:538} INFO - Filling up the DagBag from /home/deprojectue/miniconda3/envs/airflow_demo/lib/python3.9/site-packages/airflow/example_dags/subdags/subdag.py
[2024-01-31T08:56:50.982+0000] {processor.py:842} WARNING - No viable dags retrieved from /home/deprojectue/miniconda3/envs/airflow_demo/lib/python3.9/site-packages/airflow/example_dags/subdags/subdag.py
[2024-01-31T08:56:50.996+0000] {processor.py:183} INFO - Processing /home/deprojectue/miniconda3/envs/airflow_demo/lib/python3.9/site-packages/airflow/example_dags/subdags/subdag.py took 0.029 seconds
[2024-01-31T08:57:28.670+0000] {processor.py:161} INFO - Started process (PID=215738) to work on /home/deprojectue/miniconda3/envs/airflow_demo/lib/python3.9/site-packages/airflow/example_dags/subdags/subdag.py
[2024-01-31T08:57:28.672+0000] {processor.py:830} INFO - Processing file /home/deprojectue/miniconda3/envs/airflow_demo/lib/python3.9/site-packages/airflow/example_dags/subdags/subdag.py for tasks to queue
[2024-01-31T08:57:28.676+0000] {logging_mixin.py:188} INFO - [2024-01-31T08:57:28.675+0000] {dagbag.py:538} INFO - Filling up the DagBag from /home/deprojectue/miniconda3/envs/airflow_demo/lib/python3.9/site-packages/airflow/example_dags/subdags/subdag.py
[2024-01-31T08:57:28.679+0000] {processor.py:842} WARNING - No viable dags retrieved from /home/deprojectue/miniconda3/envs/airflow_demo/lib/python3.9/site-packages/airflow/example_dags/subdags/subdag.py
[2024-01-31T08:57:28.694+0000] {processor.py:183} INFO - Processing /home/deprojectue/miniconda3/envs/airflow_demo/lib/python3.9/site-packages/airflow/example_dags/subdags/subdag.py took 0.028 seconds
[2024-01-31T08:58:06.080+0000] {processor.py:161} INFO - Started process (PID=215776) to work on /home/deprojectue/miniconda3/envs/airflow_demo/lib/python3.9/site-packages/airflow/example_dags/subdags/subdag.py
[2024-01-31T08:58:06.082+0000] {processor.py:830} INFO - Processing file /home/deprojectue/miniconda3/envs/airflow_demo/lib/python3.9/site-packages/airflow/example_dags/subdags/subdag.py for tasks to queue
[2024-01-31T08:58:06.086+0000] {logging_mixin.py:188} INFO - [2024-01-31T08:58:06.085+0000] {dagbag.py:538} INFO - Filling up the DagBag from /home/deprojectue/miniconda3/envs/airflow_demo/lib/python3.9/site-packages/airflow/example_dags/subdags/subdag.py
[2024-01-31T08:58:06.090+0000] {processor.py:842} WARNING - No viable dags retrieved from /home/deprojectue/miniconda3/envs/airflow_demo/lib/python3.9/site-packages/airflow/example_dags/subdags/subdag.py
[2024-01-31T08:58:06.105+0000] {processor.py:183} INFO - Processing /home/deprojectue/miniconda3/envs/airflow_demo/lib/python3.9/site-packages/airflow/example_dags/subdags/subdag.py took 0.029 seconds
[2024-01-31T08:58:45.557+0000] {processor.py:161} INFO - Started process (PID=215836) to work on /home/deprojectue/miniconda3/envs/airflow_demo/lib/python3.9/site-packages/airflow/example_dags/subdags/subdag.py
[2024-01-31T08:58:45.559+0000] {processor.py:830} INFO - Processing file /home/deprojectue/miniconda3/envs/airflow_demo/lib/python3.9/site-packages/airflow/example_dags/subdags/subdag.py for tasks to queue
[2024-01-31T08:58:45.563+0000] {logging_mixin.py:188} INFO - [2024-01-31T08:58:45.562+0000] {dagbag.py:538} INFO - Filling up the DagBag from /home/deprojectue/miniconda3/envs/airflow_demo/lib/python3.9/site-packages/airflow/example_dags/subdags/subdag.py
[2024-01-31T08:58:45.567+0000] {processor.py:842} WARNING - No viable dags retrieved from /home/deprojectue/miniconda3/envs/airflow_demo/lib/python3.9/site-packages/airflow/example_dags/subdags/subdag.py
[2024-01-31T08:58:45.581+0000] {processor.py:183} INFO - Processing /home/deprojectue/miniconda3/envs/airflow_demo/lib/python3.9/site-packages/airflow/example_dags/subdags/subdag.py took 0.029 seconds
[2024-01-31T08:59:28.418+0000] {processor.py:161} INFO - Started process (PID=215880) to work on /home/deprojectue/miniconda3/envs/airflow_demo/lib/python3.9/site-packages/airflow/example_dags/subdags/subdag.py
[2024-01-31T08:59:28.420+0000] {processor.py:830} INFO - Processing file /home/deprojectue/miniconda3/envs/airflow_demo/lib/python3.9/site-packages/airflow/example_dags/subdags/subdag.py for tasks to queue
[2024-01-31T08:59:28.424+0000] {logging_mixin.py:188} INFO - [2024-01-31T08:59:28.423+0000] {dagbag.py:538} INFO - Filling up the DagBag from /home/deprojectue/miniconda3/envs/airflow_demo/lib/python3.9/site-packages/airflow/example_dags/subdags/subdag.py
[2024-01-31T08:59:28.427+0000] {processor.py:842} WARNING - No viable dags retrieved from /home/deprojectue/miniconda3/envs/airflow_demo/lib/python3.9/site-packages/airflow/example_dags/subdags/subdag.py
[2024-01-31T08:59:28.442+0000] {processor.py:183} INFO - Processing /home/deprojectue/miniconda3/envs/airflow_demo/lib/python3.9/site-packages/airflow/example_dags/subdags/subdag.py took 0.028 seconds
[2024-01-31T09:00:07.550+0000] {processor.py:161} INFO - Started process (PID=215920) to work on /home/deprojectue/miniconda3/envs/airflow_demo/lib/python3.9/site-packages/airflow/example_dags/subdags/subdag.py
[2024-01-31T09:00:07.552+0000] {processor.py:830} INFO - Processing file /home/deprojectue/miniconda3/envs/airflow_demo/lib/python3.9/site-packages/airflow/example_dags/subdags/subdag.py for tasks to queue
[2024-01-31T09:00:07.555+0000] {logging_mixin.py:188} INFO - [2024-01-31T09:00:07.555+0000] {dagbag.py:538} INFO - Filling up the DagBag from /home/deprojectue/miniconda3/envs/airflow_demo/lib/python3.9/site-packages/airflow/example_dags/subdags/subdag.py
[2024-01-31T09:00:07.559+0000] {processor.py:842} WARNING - No viable dags retrieved from /home/deprojectue/miniconda3/envs/airflow_demo/lib/python3.9/site-packages/airflow/example_dags/subdags/subdag.py
[2024-01-31T09:00:07.573+0000] {processor.py:183} INFO - Processing /home/deprojectue/miniconda3/envs/airflow_demo/lib/python3.9/site-packages/airflow/example_dags/subdags/subdag.py took 0.028 seconds
[2024-01-31T09:00:42.508+0000] {processor.py:161} INFO - Started process (PID=215959) to work on /home/deprojectue/miniconda3/envs/airflow_demo/lib/python3.9/site-packages/airflow/example_dags/subdags/subdag.py
[2024-01-31T09:00:42.510+0000] {processor.py:830} INFO - Processing file /home/deprojectue/miniconda3/envs/airflow_demo/lib/python3.9/site-packages/airflow/example_dags/subdags/subdag.py for tasks to queue
[2024-01-31T09:00:42.514+0000] {logging_mixin.py:188} INFO - [2024-01-31T09:00:42.514+0000] {dagbag.py:538} INFO - Filling up the DagBag from /home/deprojectue/miniconda3/envs/airflow_demo/lib/python3.9/site-packages/airflow/example_dags/subdags/subdag.py
[2024-01-31T09:00:42.519+0000] {processor.py:842} WARNING - No viable dags retrieved from /home/deprojectue/miniconda3/envs/airflow_demo/lib/python3.9/site-packages/airflow/example_dags/subdags/subdag.py
[2024-01-31T09:00:42.533+0000] {processor.py:183} INFO - Processing /home/deprojectue/miniconda3/envs/airflow_demo/lib/python3.9/site-packages/airflow/example_dags/subdags/subdag.py took 0.029 seconds
[2024-01-31T09:01:21.706+0000] {processor.py:161} INFO - Started process (PID=215999) to work on /home/deprojectue/miniconda3/envs/airflow_demo/lib/python3.9/site-packages/airflow/example_dags/subdags/subdag.py
[2024-01-31T09:01:21.708+0000] {processor.py:830} INFO - Processing file /home/deprojectue/miniconda3/envs/airflow_demo/lib/python3.9/site-packages/airflow/example_dags/subdags/subdag.py for tasks to queue
[2024-01-31T09:01:21.712+0000] {logging_mixin.py:188} INFO - [2024-01-31T09:01:21.711+0000] {dagbag.py:538} INFO - Filling up the DagBag from /home/deprojectue/miniconda3/envs/airflow_demo/lib/python3.9/site-packages/airflow/example_dags/subdags/subdag.py
[2024-01-31T09:01:21.715+0000] {processor.py:842} WARNING - No viable dags retrieved from /home/deprojectue/miniconda3/envs/airflow_demo/lib/python3.9/site-packages/airflow/example_dags/subdags/subdag.py
[2024-01-31T09:01:21.729+0000] {processor.py:183} INFO - Processing /home/deprojectue/miniconda3/envs/airflow_demo/lib/python3.9/site-packages/airflow/example_dags/subdags/subdag.py took 0.027 seconds
[2024-01-31T09:01:59.400+0000] {processor.py:161} INFO - Started process (PID=216039) to work on /home/deprojectue/miniconda3/envs/airflow_demo/lib/python3.9/site-packages/airflow/example_dags/subdags/subdag.py
[2024-01-31T09:01:59.402+0000] {processor.py:830} INFO - Processing file /home/deprojectue/miniconda3/envs/airflow_demo/lib/python3.9/site-packages/airflow/example_dags/subdags/subdag.py for tasks to queue
[2024-01-31T09:01:59.406+0000] {logging_mixin.py:188} INFO - [2024-01-31T09:01:59.405+0000] {dagbag.py:538} INFO - Filling up the DagBag from /home/deprojectue/miniconda3/envs/airflow_demo/lib/python3.9/site-packages/airflow/example_dags/subdags/subdag.py
[2024-01-31T09:01:59.410+0000] {processor.py:842} WARNING - No viable dags retrieved from /home/deprojectue/miniconda3/envs/airflow_demo/lib/python3.9/site-packages/airflow/example_dags/subdags/subdag.py
[2024-01-31T09:01:59.424+0000] {processor.py:183} INFO - Processing /home/deprojectue/miniconda3/envs/airflow_demo/lib/python3.9/site-packages/airflow/example_dags/subdags/subdag.py took 0.028 seconds
[2024-01-31T09:02:35.341+0000] {processor.py:161} INFO - Started process (PID=216079) to work on /home/deprojectue/miniconda3/envs/airflow_demo/lib/python3.9/site-packages/airflow/example_dags/subdags/subdag.py
[2024-01-31T09:02:35.343+0000] {processor.py:830} INFO - Processing file /home/deprojectue/miniconda3/envs/airflow_demo/lib/python3.9/site-packages/airflow/example_dags/subdags/subdag.py for tasks to queue
[2024-01-31T09:02:35.348+0000] {logging_mixin.py:188} INFO - [2024-01-31T09:02:35.347+0000] {dagbag.py:538} INFO - Filling up the DagBag from /home/deprojectue/miniconda3/envs/airflow_demo/lib/python3.9/site-packages/airflow/example_dags/subdags/subdag.py
[2024-01-31T09:02:35.351+0000] {processor.py:842} WARNING - No viable dags retrieved from /home/deprojectue/miniconda3/envs/airflow_demo/lib/python3.9/site-packages/airflow/example_dags/subdags/subdag.py
[2024-01-31T09:02:35.365+0000] {processor.py:183} INFO - Processing /home/deprojectue/miniconda3/envs/airflow_demo/lib/python3.9/site-packages/airflow/example_dags/subdags/subdag.py took 0.028 seconds
[2024-01-31T09:03:12.813+0000] {processor.py:161} INFO - Started process (PID=216117) to work on /home/deprojectue/miniconda3/envs/airflow_demo/lib/python3.9/site-packages/airflow/example_dags/subdags/subdag.py
[2024-01-31T09:03:12.815+0000] {processor.py:830} INFO - Processing file /home/deprojectue/miniconda3/envs/airflow_demo/lib/python3.9/site-packages/airflow/example_dags/subdags/subdag.py for tasks to queue
[2024-01-31T09:03:12.818+0000] {logging_mixin.py:188} INFO - [2024-01-31T09:03:12.818+0000] {dagbag.py:538} INFO - Filling up the DagBag from /home/deprojectue/miniconda3/envs/airflow_demo/lib/python3.9/site-packages/airflow/example_dags/subdags/subdag.py
[2024-01-31T09:03:12.822+0000] {processor.py:842} WARNING - No viable dags retrieved from /home/deprojectue/miniconda3/envs/airflow_demo/lib/python3.9/site-packages/airflow/example_dags/subdags/subdag.py
[2024-01-31T09:03:12.836+0000] {processor.py:183} INFO - Processing /home/deprojectue/miniconda3/envs/airflow_demo/lib/python3.9/site-packages/airflow/example_dags/subdags/subdag.py took 0.028 seconds
[2024-01-31T09:03:48.830+0000] {processor.py:161} INFO - Started process (PID=216155) to work on /home/deprojectue/miniconda3/envs/airflow_demo/lib/python3.9/site-packages/airflow/example_dags/subdags/subdag.py
[2024-01-31T09:03:48.832+0000] {processor.py:830} INFO - Processing file /home/deprojectue/miniconda3/envs/airflow_demo/lib/python3.9/site-packages/airflow/example_dags/subdags/subdag.py for tasks to queue
[2024-01-31T09:03:48.836+0000] {logging_mixin.py:188} INFO - [2024-01-31T09:03:48.836+0000] {dagbag.py:538} INFO - Filling up the DagBag from /home/deprojectue/miniconda3/envs/airflow_demo/lib/python3.9/site-packages/airflow/example_dags/subdags/subdag.py
[2024-01-31T09:03:48.840+0000] {processor.py:842} WARNING - No viable dags retrieved from /home/deprojectue/miniconda3/envs/airflow_demo/lib/python3.9/site-packages/airflow/example_dags/subdags/subdag.py
[2024-01-31T09:03:48.855+0000] {processor.py:183} INFO - Processing /home/deprojectue/miniconda3/envs/airflow_demo/lib/python3.9/site-packages/airflow/example_dags/subdags/subdag.py took 0.030 seconds
[2024-01-31T09:04:24.865+0000] {processor.py:161} INFO - Started process (PID=216192) to work on /home/deprojectue/miniconda3/envs/airflow_demo/lib/python3.9/site-packages/airflow/example_dags/subdags/subdag.py
[2024-01-31T09:04:24.867+0000] {processor.py:830} INFO - Processing file /home/deprojectue/miniconda3/envs/airflow_demo/lib/python3.9/site-packages/airflow/example_dags/subdags/subdag.py for tasks to queue
[2024-01-31T09:04:24.872+0000] {logging_mixin.py:188} INFO - [2024-01-31T09:04:24.871+0000] {dagbag.py:538} INFO - Filling up the DagBag from /home/deprojectue/miniconda3/envs/airflow_demo/lib/python3.9/site-packages/airflow/example_dags/subdags/subdag.py
[2024-01-31T09:04:24.876+0000] {processor.py:842} WARNING - No viable dags retrieved from /home/deprojectue/miniconda3/envs/airflow_demo/lib/python3.9/site-packages/airflow/example_dags/subdags/subdag.py
[2024-01-31T09:04:24.890+0000] {processor.py:183} INFO - Processing /home/deprojectue/miniconda3/envs/airflow_demo/lib/python3.9/site-packages/airflow/example_dags/subdags/subdag.py took 0.029 seconds
[2024-01-31T09:05:02.378+0000] {processor.py:161} INFO - Started process (PID=216233) to work on /home/deprojectue/miniconda3/envs/airflow_demo/lib/python3.9/site-packages/airflow/example_dags/subdags/subdag.py
[2024-01-31T09:05:02.381+0000] {processor.py:830} INFO - Processing file /home/deprojectue/miniconda3/envs/airflow_demo/lib/python3.9/site-packages/airflow/example_dags/subdags/subdag.py for tasks to queue
[2024-01-31T09:05:02.384+0000] {logging_mixin.py:188} INFO - [2024-01-31T09:05:02.383+0000] {dagbag.py:538} INFO - Filling up the DagBag from /home/deprojectue/miniconda3/envs/airflow_demo/lib/python3.9/site-packages/airflow/example_dags/subdags/subdag.py
[2024-01-31T09:05:02.388+0000] {processor.py:842} WARNING - No viable dags retrieved from /home/deprojectue/miniconda3/envs/airflow_demo/lib/python3.9/site-packages/airflow/example_dags/subdags/subdag.py
[2024-01-31T09:05:02.402+0000] {processor.py:183} INFO - Processing /home/deprojectue/miniconda3/envs/airflow_demo/lib/python3.9/site-packages/airflow/example_dags/subdags/subdag.py took 0.028 seconds
[2024-01-31T09:08:17.603+0000] {processor.py:161} INFO - Started process (PID=216372) to work on /home/deprojectue/miniconda3/envs/airflow_demo/lib/python3.9/site-packages/airflow/example_dags/subdags/subdag.py
[2024-01-31T09:08:17.607+0000] {processor.py:830} INFO - Processing file /home/deprojectue/miniconda3/envs/airflow_demo/lib/python3.9/site-packages/airflow/example_dags/subdags/subdag.py for tasks to queue
[2024-01-31T09:08:17.611+0000] {logging_mixin.py:188} INFO - [2024-01-31T09:08:17.610+0000] {dagbag.py:538} INFO - Filling up the DagBag from /home/deprojectue/miniconda3/envs/airflow_demo/lib/python3.9/site-packages/airflow/example_dags/subdags/subdag.py
[2024-01-31T09:08:17.617+0000] {processor.py:842} WARNING - No viable dags retrieved from /home/deprojectue/miniconda3/envs/airflow_demo/lib/python3.9/site-packages/airflow/example_dags/subdags/subdag.py
[2024-01-31T09:08:17.860+0000] {processor.py:183} INFO - Processing /home/deprojectue/miniconda3/envs/airflow_demo/lib/python3.9/site-packages/airflow/example_dags/subdags/subdag.py took 0.262 seconds
[2024-01-31T09:34:15.451+0000] {processor.py:161} INFO - Started process (PID=216862) to work on /home/deprojectue/miniconda3/envs/airflow_demo/lib/python3.9/site-packages/airflow/example_dags/subdags/subdag.py
[2024-01-31T09:34:15.455+0000] {processor.py:830} INFO - Processing file /home/deprojectue/miniconda3/envs/airflow_demo/lib/python3.9/site-packages/airflow/example_dags/subdags/subdag.py for tasks to queue
[2024-01-31T09:34:15.481+0000] {logging_mixin.py:188} INFO - [2024-01-31T09:34:15.465+0000] {dagbag.py:538} INFO - Filling up the DagBag from /home/deprojectue/miniconda3/envs/airflow_demo/lib/python3.9/site-packages/airflow/example_dags/subdags/subdag.py
[2024-01-31T09:34:15.508+0000] {processor.py:842} WARNING - No viable dags retrieved from /home/deprojectue/miniconda3/envs/airflow_demo/lib/python3.9/site-packages/airflow/example_dags/subdags/subdag.py
[2024-01-31T09:34:15.563+0000] {processor.py:183} INFO - Processing /home/deprojectue/miniconda3/envs/airflow_demo/lib/python3.9/site-packages/airflow/example_dags/subdags/subdag.py took 0.123 seconds
[2024-01-31T09:36:30.515+0000] {processor.py:161} INFO - Started process (PID=216927) to work on /home/deprojectue/miniconda3/envs/airflow_demo/lib/python3.9/site-packages/airflow/example_dags/subdags/subdag.py
[2024-01-31T09:36:30.517+0000] {processor.py:830} INFO - Processing file /home/deprojectue/miniconda3/envs/airflow_demo/lib/python3.9/site-packages/airflow/example_dags/subdags/subdag.py for tasks to queue
[2024-01-31T09:36:30.520+0000] {logging_mixin.py:188} INFO - [2024-01-31T09:36:30.520+0000] {dagbag.py:538} INFO - Filling up the DagBag from /home/deprojectue/miniconda3/envs/airflow_demo/lib/python3.9/site-packages/airflow/example_dags/subdags/subdag.py
[2024-01-31T09:36:30.524+0000] {processor.py:842} WARNING - No viable dags retrieved from /home/deprojectue/miniconda3/envs/airflow_demo/lib/python3.9/site-packages/airflow/example_dags/subdags/subdag.py
[2024-01-31T09:36:30.538+0000] {processor.py:183} INFO - Processing /home/deprojectue/miniconda3/envs/airflow_demo/lib/python3.9/site-packages/airflow/example_dags/subdags/subdag.py took 0.028 seconds
