[2024-01-31T02:07:42.611+0000] {processor.py:161} INFO - Started process (PID=210434) to work on /home/deprojectue/miniconda3/envs/airflow_demo/lib/python3.9/site-packages/airflow/example_dags/example_trigger_controller_dag.py
[2024-01-31T02:07:42.613+0000] {processor.py:830} INFO - Processing file /home/deprojectue/miniconda3/envs/airflow_demo/lib/python3.9/site-packages/airflow/example_dags/example_trigger_controller_dag.py for tasks to queue
[2024-01-31T02:07:42.616+0000] {logging_mixin.py:188} INFO - [2024-01-31T02:07:42.615+0000] {dagbag.py:538} INFO - Filling up the DagBag from /home/deprojectue/miniconda3/envs/airflow_demo/lib/python3.9/site-packages/airflow/example_dags/example_trigger_controller_dag.py
[2024-01-31T02:07:42.623+0000] {processor.py:840} INFO - DAG(s) 'example_trigger_controller_dag' retrieved from /home/deprojectue/miniconda3/envs/airflow_demo/lib/python3.9/site-packages/airflow/example_dags/example_trigger_controller_dag.py
[2024-01-31T02:07:42.855+0000] {logging_mixin.py:188} INFO - [2024-01-31T02:07:42.854+0000] {override.py:1769} INFO - Created Permission View: can read on DAG:example_trigger_controller_dag
[2024-01-31T02:07:42.935+0000] {logging_mixin.py:188} INFO - [2024-01-31T02:07:42.934+0000] {override.py:1769} INFO - Created Permission View: can delete on DAG:example_trigger_controller_dag
[2024-01-31T02:07:42.962+0000] {logging_mixin.py:188} INFO - [2024-01-31T02:07:42.962+0000] {override.py:1769} INFO - Created Permission View: can edit on DAG:example_trigger_controller_dag
[2024-01-31T02:07:42.963+0000] {logging_mixin.py:188} INFO - [2024-01-31T02:07:42.963+0000] {dag.py:3033} INFO - Sync 1 DAGs
[2024-01-31T02:07:42.995+0000] {logging_mixin.py:188} INFO - [2024-01-31T02:07:42.995+0000] {dag.py:3055} INFO - Creating ORM DAG for example_trigger_controller_dag
[2024-01-31T02:07:43.023+0000] {logging_mixin.py:188} INFO - [2024-01-31T02:07:43.023+0000] {dag.py:3820} INFO - Setting next_dagrun for example_trigger_controller_dag to 2021-01-01T00:00:00+00:00, run_after=2021-01-01T00:00:00+00:00
[2024-01-31T02:07:43.075+0000] {processor.py:183} INFO - Processing /home/deprojectue/miniconda3/envs/airflow_demo/lib/python3.9/site-packages/airflow/example_dags/example_trigger_controller_dag.py took 0.477 seconds
[2024-01-31T02:09:15.499+0000] {processor.py:161} INFO - Started process (PID=210783) to work on /home/deprojectue/miniconda3/envs/airflow_demo/lib/python3.9/site-packages/airflow/example_dags/example_trigger_controller_dag.py
[2024-01-31T02:09:15.517+0000] {processor.py:830} INFO - Processing file /home/deprojectue/miniconda3/envs/airflow_demo/lib/python3.9/site-packages/airflow/example_dags/example_trigger_controller_dag.py for tasks to queue
[2024-01-31T02:09:15.519+0000] {logging_mixin.py:188} INFO - [2024-01-31T02:09:15.518+0000] {dagbag.py:538} INFO - Filling up the DagBag from /home/deprojectue/miniconda3/envs/airflow_demo/lib/python3.9/site-packages/airflow/example_dags/example_trigger_controller_dag.py
[2024-01-31T02:09:15.536+0000] {processor.py:840} INFO - DAG(s) 'example_trigger_controller_dag' retrieved from /home/deprojectue/miniconda3/envs/airflow_demo/lib/python3.9/site-packages/airflow/example_dags/example_trigger_controller_dag.py
[2024-01-31T02:09:15.608+0000] {logging_mixin.py:188} INFO - [2024-01-31T02:09:15.608+0000] {dag.py:3033} INFO - Sync 1 DAGs
[2024-01-31T02:09:15.668+0000] {logging_mixin.py:188} INFO - [2024-01-31T02:09:15.668+0000] {dag.py:3820} INFO - Setting next_dagrun for example_trigger_controller_dag to 2021-01-01T00:00:00+00:00, run_after=2021-01-01T00:00:00+00:00
[2024-01-31T02:09:15.746+0000] {processor.py:183} INFO - Processing /home/deprojectue/miniconda3/envs/airflow_demo/lib/python3.9/site-packages/airflow/example_dags/example_trigger_controller_dag.py took 0.253 seconds
[2024-01-31T02:10:07.868+0000] {processor.py:161} INFO - Started process (PID=210968) to work on /home/deprojectue/miniconda3/envs/airflow_demo/lib/python3.9/site-packages/airflow/example_dags/example_trigger_controller_dag.py
[2024-01-31T02:10:07.870+0000] {processor.py:830} INFO - Processing file /home/deprojectue/miniconda3/envs/airflow_demo/lib/python3.9/site-packages/airflow/example_dags/example_trigger_controller_dag.py for tasks to queue
[2024-01-31T02:10:07.871+0000] {logging_mixin.py:188} INFO - [2024-01-31T02:10:07.871+0000] {dagbag.py:538} INFO - Filling up the DagBag from /home/deprojectue/miniconda3/envs/airflow_demo/lib/python3.9/site-packages/airflow/example_dags/example_trigger_controller_dag.py
[2024-01-31T02:10:07.879+0000] {processor.py:840} INFO - DAG(s) 'example_trigger_controller_dag' retrieved from /home/deprojectue/miniconda3/envs/airflow_demo/lib/python3.9/site-packages/airflow/example_dags/example_trigger_controller_dag.py
[2024-01-31T02:10:07.902+0000] {logging_mixin.py:188} INFO - [2024-01-31T02:10:07.901+0000] {dag.py:3033} INFO - Sync 1 DAGs
[2024-01-31T02:10:07.925+0000] {logging_mixin.py:188} INFO - [2024-01-31T02:10:07.924+0000] {dag.py:3820} INFO - Setting next_dagrun for example_trigger_controller_dag to 2021-01-01T00:00:00+00:00, run_after=2021-01-01T00:00:00+00:00
[2024-01-31T02:10:07.953+0000] {processor.py:183} INFO - Processing /home/deprojectue/miniconda3/envs/airflow_demo/lib/python3.9/site-packages/airflow/example_dags/example_trigger_controller_dag.py took 0.089 seconds
[2024-01-31T02:12:57.558+0000] {processor.py:161} INFO - Started process (PID=211054) to work on /home/deprojectue/miniconda3/envs/airflow_demo/lib/python3.9/site-packages/airflow/example_dags/example_trigger_controller_dag.py
[2024-01-31T02:12:57.560+0000] {processor.py:830} INFO - Processing file /home/deprojectue/miniconda3/envs/airflow_demo/lib/python3.9/site-packages/airflow/example_dags/example_trigger_controller_dag.py for tasks to queue
[2024-01-31T02:12:57.564+0000] {logging_mixin.py:188} INFO - [2024-01-31T02:12:57.563+0000] {dagbag.py:538} INFO - Filling up the DagBag from /home/deprojectue/miniconda3/envs/airflow_demo/lib/python3.9/site-packages/airflow/example_dags/example_trigger_controller_dag.py
[2024-01-31T02:12:57.570+0000] {processor.py:840} INFO - DAG(s) 'example_trigger_controller_dag' retrieved from /home/deprojectue/miniconda3/envs/airflow_demo/lib/python3.9/site-packages/airflow/example_dags/example_trigger_controller_dag.py
[2024-01-31T02:12:57.594+0000] {logging_mixin.py:188} INFO - [2024-01-31T02:12:57.592+0000] {dag.py:3033} INFO - Sync 1 DAGs
[2024-01-31T02:12:57.619+0000] {logging_mixin.py:188} INFO - [2024-01-31T02:12:57.619+0000] {dag.py:3820} INFO - Setting next_dagrun for example_trigger_controller_dag to 2021-01-01T00:00:00+00:00, run_after=2021-01-01T00:00:00+00:00
[2024-01-31T02:12:57.646+0000] {processor.py:183} INFO - Processing /home/deprojectue/miniconda3/envs/airflow_demo/lib/python3.9/site-packages/airflow/example_dags/example_trigger_controller_dag.py took 0.093 seconds
[2024-01-31T02:13:46.264+0000] {processor.py:161} INFO - Started process (PID=211113) to work on /home/deprojectue/miniconda3/envs/airflow_demo/lib/python3.9/site-packages/airflow/example_dags/example_trigger_controller_dag.py
[2024-01-31T02:13:46.266+0000] {processor.py:830} INFO - Processing file /home/deprojectue/miniconda3/envs/airflow_demo/lib/python3.9/site-packages/airflow/example_dags/example_trigger_controller_dag.py for tasks to queue
[2024-01-31T02:13:46.270+0000] {logging_mixin.py:188} INFO - [2024-01-31T02:13:46.269+0000] {dagbag.py:538} INFO - Filling up the DagBag from /home/deprojectue/miniconda3/envs/airflow_demo/lib/python3.9/site-packages/airflow/example_dags/example_trigger_controller_dag.py
[2024-01-31T02:13:46.276+0000] {processor.py:840} INFO - DAG(s) 'example_trigger_controller_dag' retrieved from /home/deprojectue/miniconda3/envs/airflow_demo/lib/python3.9/site-packages/airflow/example_dags/example_trigger_controller_dag.py
[2024-01-31T02:13:46.296+0000] {logging_mixin.py:188} INFO - [2024-01-31T02:13:46.295+0000] {dag.py:3033} INFO - Sync 1 DAGs
[2024-01-31T02:13:46.319+0000] {logging_mixin.py:188} INFO - [2024-01-31T02:13:46.318+0000] {dag.py:3820} INFO - Setting next_dagrun for example_trigger_controller_dag to 2021-01-01T00:00:00+00:00, run_after=2021-01-01T00:00:00+00:00
[2024-01-31T02:13:46.344+0000] {processor.py:183} INFO - Processing /home/deprojectue/miniconda3/envs/airflow_demo/lib/python3.9/site-packages/airflow/example_dags/example_trigger_controller_dag.py took 0.084 seconds
[2024-01-31T02:21:56.651+0000] {processor.py:161} INFO - Started process (PID=211314) to work on /home/deprojectue/miniconda3/envs/airflow_demo/lib/python3.9/site-packages/airflow/example_dags/example_trigger_controller_dag.py
[2024-01-31T02:21:56.653+0000] {processor.py:830} INFO - Processing file /home/deprojectue/miniconda3/envs/airflow_demo/lib/python3.9/site-packages/airflow/example_dags/example_trigger_controller_dag.py for tasks to queue
[2024-01-31T02:21:56.656+0000] {logging_mixin.py:188} INFO - [2024-01-31T02:21:56.656+0000] {dagbag.py:538} INFO - Filling up the DagBag from /home/deprojectue/miniconda3/envs/airflow_demo/lib/python3.9/site-packages/airflow/example_dags/example_trigger_controller_dag.py
[2024-01-31T02:21:56.663+0000] {processor.py:840} INFO - DAG(s) 'example_trigger_controller_dag' retrieved from /home/deprojectue/miniconda3/envs/airflow_demo/lib/python3.9/site-packages/airflow/example_dags/example_trigger_controller_dag.py
[2024-01-31T02:21:56.687+0000] {logging_mixin.py:188} INFO - [2024-01-31T02:21:56.685+0000] {dag.py:3033} INFO - Sync 1 DAGs
[2024-01-31T02:21:56.709+0000] {logging_mixin.py:188} INFO - [2024-01-31T02:21:56.709+0000] {dag.py:3820} INFO - Setting next_dagrun for example_trigger_controller_dag to 2021-01-01T00:00:00+00:00, run_after=2021-01-01T00:00:00+00:00
[2024-01-31T02:21:56.736+0000] {processor.py:183} INFO - Processing /home/deprojectue/miniconda3/envs/airflow_demo/lib/python3.9/site-packages/airflow/example_dags/example_trigger_controller_dag.py took 0.090 seconds
[2024-01-31T02:22:48.031+0000] {processor.py:161} INFO - Started process (PID=211366) to work on /home/deprojectue/miniconda3/envs/airflow_demo/lib/python3.9/site-packages/airflow/example_dags/example_trigger_controller_dag.py
[2024-01-31T02:22:48.033+0000] {processor.py:830} INFO - Processing file /home/deprojectue/miniconda3/envs/airflow_demo/lib/python3.9/site-packages/airflow/example_dags/example_trigger_controller_dag.py for tasks to queue
[2024-01-31T02:22:48.036+0000] {logging_mixin.py:188} INFO - [2024-01-31T02:22:48.036+0000] {dagbag.py:538} INFO - Filling up the DagBag from /home/deprojectue/miniconda3/envs/airflow_demo/lib/python3.9/site-packages/airflow/example_dags/example_trigger_controller_dag.py
[2024-01-31T02:22:48.043+0000] {processor.py:840} INFO - DAG(s) 'example_trigger_controller_dag' retrieved from /home/deprojectue/miniconda3/envs/airflow_demo/lib/python3.9/site-packages/airflow/example_dags/example_trigger_controller_dag.py
[2024-01-31T02:22:48.064+0000] {logging_mixin.py:188} INFO - [2024-01-31T02:22:48.064+0000] {dag.py:3033} INFO - Sync 1 DAGs
[2024-01-31T02:22:48.088+0000] {logging_mixin.py:188} INFO - [2024-01-31T02:22:48.088+0000] {dag.py:3820} INFO - Setting next_dagrun for example_trigger_controller_dag to 2021-01-01T00:00:00+00:00, run_after=2021-01-01T00:00:00+00:00
[2024-01-31T02:22:48.116+0000] {processor.py:183} INFO - Processing /home/deprojectue/miniconda3/envs/airflow_demo/lib/python3.9/site-packages/airflow/example_dags/example_trigger_controller_dag.py took 0.090 seconds
[2024-01-31T08:24:34.772+0000] {processor.py:161} INFO - Started process (PID=214055) to work on /home/deprojectue/miniconda3/envs/airflow_demo/lib/python3.9/site-packages/airflow/example_dags/example_trigger_controller_dag.py
[2024-01-31T08:24:34.774+0000] {processor.py:830} INFO - Processing file /home/deprojectue/miniconda3/envs/airflow_demo/lib/python3.9/site-packages/airflow/example_dags/example_trigger_controller_dag.py for tasks to queue
[2024-01-31T08:24:34.777+0000] {logging_mixin.py:188} INFO - [2024-01-31T08:24:34.777+0000] {dagbag.py:538} INFO - Filling up the DagBag from /home/deprojectue/miniconda3/envs/airflow_demo/lib/python3.9/site-packages/airflow/example_dags/example_trigger_controller_dag.py
[2024-01-31T08:24:34.784+0000] {processor.py:840} INFO - DAG(s) 'example_trigger_controller_dag' retrieved from /home/deprojectue/miniconda3/envs/airflow_demo/lib/python3.9/site-packages/airflow/example_dags/example_trigger_controller_dag.py
[2024-01-31T08:24:34.807+0000] {logging_mixin.py:188} INFO - [2024-01-31T08:24:34.807+0000] {dag.py:3033} INFO - Sync 1 DAGs
[2024-01-31T08:24:34.829+0000] {logging_mixin.py:188} INFO - [2024-01-31T08:24:34.829+0000] {dag.py:3820} INFO - Setting next_dagrun for example_trigger_controller_dag to 2021-01-01T00:00:00+00:00, run_after=2021-01-01T00:00:00+00:00
[2024-01-31T08:24:34.854+0000] {processor.py:183} INFO - Processing /home/deprojectue/miniconda3/envs/airflow_demo/lib/python3.9/site-packages/airflow/example_dags/example_trigger_controller_dag.py took 0.086 seconds
[2024-01-31T08:25:24.632+0000] {processor.py:161} INFO - Started process (PID=214106) to work on /home/deprojectue/miniconda3/envs/airflow_demo/lib/python3.9/site-packages/airflow/example_dags/example_trigger_controller_dag.py
[2024-01-31T08:25:24.634+0000] {processor.py:830} INFO - Processing file /home/deprojectue/miniconda3/envs/airflow_demo/lib/python3.9/site-packages/airflow/example_dags/example_trigger_controller_dag.py for tasks to queue
[2024-01-31T08:25:24.637+0000] {logging_mixin.py:188} INFO - [2024-01-31T08:25:24.637+0000] {dagbag.py:538} INFO - Filling up the DagBag from /home/deprojectue/miniconda3/envs/airflow_demo/lib/python3.9/site-packages/airflow/example_dags/example_trigger_controller_dag.py
[2024-01-31T08:25:24.644+0000] {processor.py:840} INFO - DAG(s) 'example_trigger_controller_dag' retrieved from /home/deprojectue/miniconda3/envs/airflow_demo/lib/python3.9/site-packages/airflow/example_dags/example_trigger_controller_dag.py
[2024-01-31T08:25:24.666+0000] {logging_mixin.py:188} INFO - [2024-01-31T08:25:24.665+0000] {dag.py:3033} INFO - Sync 1 DAGs
[2024-01-31T08:25:24.689+0000] {logging_mixin.py:188} INFO - [2024-01-31T08:25:24.689+0000] {dag.py:3820} INFO - Setting next_dagrun for example_trigger_controller_dag to 2021-01-01T00:00:00+00:00, run_after=2021-01-01T00:00:00+00:00
[2024-01-31T08:25:24.714+0000] {processor.py:183} INFO - Processing /home/deprojectue/miniconda3/envs/airflow_demo/lib/python3.9/site-packages/airflow/example_dags/example_trigger_controller_dag.py took 0.087 seconds
[2024-01-31T08:52:07.794+0000] {processor.py:161} INFO - Started process (PID=215387) to work on /home/deprojectue/miniconda3/envs/airflow_demo/lib/python3.9/site-packages/airflow/example_dags/example_trigger_controller_dag.py
[2024-01-31T08:52:07.796+0000] {processor.py:830} INFO - Processing file /home/deprojectue/miniconda3/envs/airflow_demo/lib/python3.9/site-packages/airflow/example_dags/example_trigger_controller_dag.py for tasks to queue
[2024-01-31T08:52:07.800+0000] {logging_mixin.py:188} INFO - [2024-01-31T08:52:07.799+0000] {dagbag.py:538} INFO - Filling up the DagBag from /home/deprojectue/miniconda3/envs/airflow_demo/lib/python3.9/site-packages/airflow/example_dags/example_trigger_controller_dag.py
[2024-01-31T08:52:07.807+0000] {processor.py:840} INFO - DAG(s) 'example_trigger_controller_dag' retrieved from /home/deprojectue/miniconda3/envs/airflow_demo/lib/python3.9/site-packages/airflow/example_dags/example_trigger_controller_dag.py
[2024-01-31T08:52:07.830+0000] {logging_mixin.py:188} INFO - [2024-01-31T08:52:07.829+0000] {dag.py:3033} INFO - Sync 1 DAGs
[2024-01-31T08:52:07.849+0000] {logging_mixin.py:188} INFO - [2024-01-31T08:52:07.849+0000] {dag.py:3820} INFO - Setting next_dagrun for example_trigger_controller_dag to 2021-01-01T00:00:00+00:00, run_after=2021-01-01T00:00:00+00:00
[2024-01-31T08:52:07.873+0000] {processor.py:183} INFO - Processing /home/deprojectue/miniconda3/envs/airflow_demo/lib/python3.9/site-packages/airflow/example_dags/example_trigger_controller_dag.py took 0.084 seconds
[2024-01-31T08:52:57.561+0000] {processor.py:161} INFO - Started process (PID=215438) to work on /home/deprojectue/miniconda3/envs/airflow_demo/lib/python3.9/site-packages/airflow/example_dags/example_trigger_controller_dag.py
[2024-01-31T08:52:57.563+0000] {processor.py:830} INFO - Processing file /home/deprojectue/miniconda3/envs/airflow_demo/lib/python3.9/site-packages/airflow/example_dags/example_trigger_controller_dag.py for tasks to queue
[2024-01-31T08:52:57.566+0000] {logging_mixin.py:188} INFO - [2024-01-31T08:52:57.565+0000] {dagbag.py:538} INFO - Filling up the DagBag from /home/deprojectue/miniconda3/envs/airflow_demo/lib/python3.9/site-packages/airflow/example_dags/example_trigger_controller_dag.py
[2024-01-31T08:52:57.573+0000] {processor.py:840} INFO - DAG(s) 'example_trigger_controller_dag' retrieved from /home/deprojectue/miniconda3/envs/airflow_demo/lib/python3.9/site-packages/airflow/example_dags/example_trigger_controller_dag.py
[2024-01-31T08:52:57.593+0000] {logging_mixin.py:188} INFO - [2024-01-31T08:52:57.593+0000] {dag.py:3033} INFO - Sync 1 DAGs
[2024-01-31T08:52:57.613+0000] {logging_mixin.py:188} INFO - [2024-01-31T08:52:57.613+0000] {dag.py:3820} INFO - Setting next_dagrun for example_trigger_controller_dag to 2021-01-01T00:00:00+00:00, run_after=2021-01-01T00:00:00+00:00
[2024-01-31T08:52:57.638+0000] {processor.py:183} INFO - Processing /home/deprojectue/miniconda3/envs/airflow_demo/lib/python3.9/site-packages/airflow/example_dags/example_trigger_controller_dag.py took 0.081 seconds
[2024-01-31T08:53:48.755+0000] {processor.py:161} INFO - Started process (PID=215490) to work on /home/deprojectue/miniconda3/envs/airflow_demo/lib/python3.9/site-packages/airflow/example_dags/example_trigger_controller_dag.py
[2024-01-31T08:53:48.757+0000] {processor.py:830} INFO - Processing file /home/deprojectue/miniconda3/envs/airflow_demo/lib/python3.9/site-packages/airflow/example_dags/example_trigger_controller_dag.py for tasks to queue
[2024-01-31T08:53:48.762+0000] {logging_mixin.py:188} INFO - [2024-01-31T08:53:48.761+0000] {dagbag.py:538} INFO - Filling up the DagBag from /home/deprojectue/miniconda3/envs/airflow_demo/lib/python3.9/site-packages/airflow/example_dags/example_trigger_controller_dag.py
[2024-01-31T08:53:48.769+0000] {processor.py:840} INFO - DAG(s) 'example_trigger_controller_dag' retrieved from /home/deprojectue/miniconda3/envs/airflow_demo/lib/python3.9/site-packages/airflow/example_dags/example_trigger_controller_dag.py
[2024-01-31T08:53:48.791+0000] {logging_mixin.py:188} INFO - [2024-01-31T08:53:48.790+0000] {dag.py:3033} INFO - Sync 1 DAGs
[2024-01-31T08:53:48.811+0000] {logging_mixin.py:188} INFO - [2024-01-31T08:53:48.810+0000] {dag.py:3820} INFO - Setting next_dagrun for example_trigger_controller_dag to 2021-01-01T00:00:00+00:00, run_after=2021-01-01T00:00:00+00:00
[2024-01-31T08:53:48.839+0000] {processor.py:183} INFO - Processing /home/deprojectue/miniconda3/envs/airflow_demo/lib/python3.9/site-packages/airflow/example_dags/example_trigger_controller_dag.py took 0.088 seconds
[2024-01-31T08:54:48.274+0000] {processor.py:161} INFO - Started process (PID=215553) to work on /home/deprojectue/miniconda3/envs/airflow_demo/lib/python3.9/site-packages/airflow/example_dags/example_trigger_controller_dag.py
[2024-01-31T08:54:48.276+0000] {processor.py:830} INFO - Processing file /home/deprojectue/miniconda3/envs/airflow_demo/lib/python3.9/site-packages/airflow/example_dags/example_trigger_controller_dag.py for tasks to queue
[2024-01-31T08:54:48.279+0000] {logging_mixin.py:188} INFO - [2024-01-31T08:54:48.279+0000] {dagbag.py:538} INFO - Filling up the DagBag from /home/deprojectue/miniconda3/envs/airflow_demo/lib/python3.9/site-packages/airflow/example_dags/example_trigger_controller_dag.py
[2024-01-31T08:54:48.287+0000] {processor.py:840} INFO - DAG(s) 'example_trigger_controller_dag' retrieved from /home/deprojectue/miniconda3/envs/airflow_demo/lib/python3.9/site-packages/airflow/example_dags/example_trigger_controller_dag.py
[2024-01-31T08:54:48.308+0000] {logging_mixin.py:188} INFO - [2024-01-31T08:54:48.308+0000] {dag.py:3033} INFO - Sync 1 DAGs
[2024-01-31T08:54:48.329+0000] {logging_mixin.py:188} INFO - [2024-01-31T08:54:48.329+0000] {dag.py:3820} INFO - Setting next_dagrun for example_trigger_controller_dag to 2021-01-01T00:00:00+00:00, run_after=2021-01-01T00:00:00+00:00
[2024-01-31T08:54:48.357+0000] {processor.py:183} INFO - Processing /home/deprojectue/miniconda3/envs/airflow_demo/lib/python3.9/site-packages/airflow/example_dags/example_trigger_controller_dag.py took 0.088 seconds
[2024-01-31T08:55:47.709+0000] {processor.py:161} INFO - Started process (PID=215616) to work on /home/deprojectue/miniconda3/envs/airflow_demo/lib/python3.9/site-packages/airflow/example_dags/example_trigger_controller_dag.py
[2024-01-31T08:55:47.711+0000] {processor.py:830} INFO - Processing file /home/deprojectue/miniconda3/envs/airflow_demo/lib/python3.9/site-packages/airflow/example_dags/example_trigger_controller_dag.py for tasks to queue
[2024-01-31T08:55:47.715+0000] {logging_mixin.py:188} INFO - [2024-01-31T08:55:47.714+0000] {dagbag.py:538} INFO - Filling up the DagBag from /home/deprojectue/miniconda3/envs/airflow_demo/lib/python3.9/site-packages/airflow/example_dags/example_trigger_controller_dag.py
[2024-01-31T08:55:47.722+0000] {processor.py:840} INFO - DAG(s) 'example_trigger_controller_dag' retrieved from /home/deprojectue/miniconda3/envs/airflow_demo/lib/python3.9/site-packages/airflow/example_dags/example_trigger_controller_dag.py
[2024-01-31T08:55:47.743+0000] {logging_mixin.py:188} INFO - [2024-01-31T08:55:47.742+0000] {dag.py:3033} INFO - Sync 1 DAGs
[2024-01-31T08:55:47.764+0000] {logging_mixin.py:188} INFO - [2024-01-31T08:55:47.763+0000] {dag.py:3820} INFO - Setting next_dagrun for example_trigger_controller_dag to 2021-01-01T00:00:00+00:00, run_after=2021-01-01T00:00:00+00:00
[2024-01-31T08:55:47.791+0000] {processor.py:183} INFO - Processing /home/deprojectue/miniconda3/envs/airflow_demo/lib/python3.9/site-packages/airflow/example_dags/example_trigger_controller_dag.py took 0.086 seconds
[2024-01-31T08:56:44.298+0000] {processor.py:161} INFO - Started process (PID=215686) to work on /home/deprojectue/miniconda3/envs/airflow_demo/lib/python3.9/site-packages/airflow/example_dags/example_trigger_controller_dag.py
[2024-01-31T08:56:44.301+0000] {processor.py:830} INFO - Processing file /home/deprojectue/miniconda3/envs/airflow_demo/lib/python3.9/site-packages/airflow/example_dags/example_trigger_controller_dag.py for tasks to queue
[2024-01-31T08:56:44.304+0000] {logging_mixin.py:188} INFO - [2024-01-31T08:56:44.303+0000] {dagbag.py:538} INFO - Filling up the DagBag from /home/deprojectue/miniconda3/envs/airflow_demo/lib/python3.9/site-packages/airflow/example_dags/example_trigger_controller_dag.py
[2024-01-31T08:56:44.312+0000] {processor.py:840} INFO - DAG(s) 'example_trigger_controller_dag' retrieved from /home/deprojectue/miniconda3/envs/airflow_demo/lib/python3.9/site-packages/airflow/example_dags/example_trigger_controller_dag.py
[2024-01-31T08:56:44.332+0000] {logging_mixin.py:188} INFO - [2024-01-31T08:56:44.332+0000] {dag.py:3033} INFO - Sync 1 DAGs
[2024-01-31T08:56:44.352+0000] {logging_mixin.py:188} INFO - [2024-01-31T08:56:44.351+0000] {dag.py:3820} INFO - Setting next_dagrun for example_trigger_controller_dag to 2021-01-01T00:00:00+00:00, run_after=2021-01-01T00:00:00+00:00
[2024-01-31T08:56:44.378+0000] {processor.py:183} INFO - Processing /home/deprojectue/miniconda3/envs/airflow_demo/lib/python3.9/site-packages/airflow/example_dags/example_trigger_controller_dag.py took 0.084 seconds
[2024-01-31T08:57:39.941+0000] {processor.py:161} INFO - Started process (PID=215749) to work on /home/deprojectue/miniconda3/envs/airflow_demo/lib/python3.9/site-packages/airflow/example_dags/example_trigger_controller_dag.py
[2024-01-31T08:57:39.943+0000] {processor.py:830} INFO - Processing file /home/deprojectue/miniconda3/envs/airflow_demo/lib/python3.9/site-packages/airflow/example_dags/example_trigger_controller_dag.py for tasks to queue
[2024-01-31T08:57:39.947+0000] {logging_mixin.py:188} INFO - [2024-01-31T08:57:39.946+0000] {dagbag.py:538} INFO - Filling up the DagBag from /home/deprojectue/miniconda3/envs/airflow_demo/lib/python3.9/site-packages/airflow/example_dags/example_trigger_controller_dag.py
[2024-01-31T08:57:39.955+0000] {processor.py:840} INFO - DAG(s) 'example_trigger_controller_dag' retrieved from /home/deprojectue/miniconda3/envs/airflow_demo/lib/python3.9/site-packages/airflow/example_dags/example_trigger_controller_dag.py
[2024-01-31T08:57:39.976+0000] {logging_mixin.py:188} INFO - [2024-01-31T08:57:39.975+0000] {dag.py:3033} INFO - Sync 1 DAGs
[2024-01-31T08:57:39.996+0000] {logging_mixin.py:188} INFO - [2024-01-31T08:57:39.996+0000] {dag.py:3820} INFO - Setting next_dagrun for example_trigger_controller_dag to 2021-01-01T00:00:00+00:00, run_after=2021-01-01T00:00:00+00:00
[2024-01-31T08:57:40.024+0000] {processor.py:183} INFO - Processing /home/deprojectue/miniconda3/envs/airflow_demo/lib/python3.9/site-packages/airflow/example_dags/example_trigger_controller_dag.py took 0.087 seconds
[2024-01-31T08:58:37.789+0000] {processor.py:161} INFO - Started process (PID=215826) to work on /home/deprojectue/miniconda3/envs/airflow_demo/lib/python3.9/site-packages/airflow/example_dags/example_trigger_controller_dag.py
[2024-01-31T08:58:37.792+0000] {processor.py:830} INFO - Processing file /home/deprojectue/miniconda3/envs/airflow_demo/lib/python3.9/site-packages/airflow/example_dags/example_trigger_controller_dag.py for tasks to queue
[2024-01-31T08:58:37.795+0000] {logging_mixin.py:188} INFO - [2024-01-31T08:58:37.795+0000] {dagbag.py:538} INFO - Filling up the DagBag from /home/deprojectue/miniconda3/envs/airflow_demo/lib/python3.9/site-packages/airflow/example_dags/example_trigger_controller_dag.py
[2024-01-31T08:58:37.803+0000] {processor.py:840} INFO - DAG(s) 'example_trigger_controller_dag' retrieved from /home/deprojectue/miniconda3/envs/airflow_demo/lib/python3.9/site-packages/airflow/example_dags/example_trigger_controller_dag.py
[2024-01-31T08:58:37.829+0000] {logging_mixin.py:188} INFO - [2024-01-31T08:58:37.828+0000] {dag.py:3033} INFO - Sync 1 DAGs
[2024-01-31T08:58:37.851+0000] {logging_mixin.py:188} INFO - [2024-01-31T08:58:37.851+0000] {dag.py:3820} INFO - Setting next_dagrun for example_trigger_controller_dag to 2021-01-01T00:00:00+00:00, run_after=2021-01-01T00:00:00+00:00
[2024-01-31T08:58:37.876+0000] {processor.py:183} INFO - Processing /home/deprojectue/miniconda3/envs/airflow_demo/lib/python3.9/site-packages/airflow/example_dags/example_trigger_controller_dag.py took 0.091 seconds
[2024-01-31T08:59:39.822+0000] {processor.py:161} INFO - Started process (PID=215892) to work on /home/deprojectue/miniconda3/envs/airflow_demo/lib/python3.9/site-packages/airflow/example_dags/example_trigger_controller_dag.py
[2024-01-31T08:59:39.824+0000] {processor.py:830} INFO - Processing file /home/deprojectue/miniconda3/envs/airflow_demo/lib/python3.9/site-packages/airflow/example_dags/example_trigger_controller_dag.py for tasks to queue
[2024-01-31T08:59:39.828+0000] {logging_mixin.py:188} INFO - [2024-01-31T08:59:39.827+0000] {dagbag.py:538} INFO - Filling up the DagBag from /home/deprojectue/miniconda3/envs/airflow_demo/lib/python3.9/site-packages/airflow/example_dags/example_trigger_controller_dag.py
[2024-01-31T08:59:39.837+0000] {processor.py:840} INFO - DAG(s) 'example_trigger_controller_dag' retrieved from /home/deprojectue/miniconda3/envs/airflow_demo/lib/python3.9/site-packages/airflow/example_dags/example_trigger_controller_dag.py
[2024-01-31T08:59:39.860+0000] {logging_mixin.py:188} INFO - [2024-01-31T08:59:39.860+0000] {dag.py:3033} INFO - Sync 1 DAGs
[2024-01-31T08:59:39.883+0000] {logging_mixin.py:188} INFO - [2024-01-31T08:59:39.882+0000] {dag.py:3820} INFO - Setting next_dagrun for example_trigger_controller_dag to 2021-01-01T00:00:00+00:00, run_after=2021-01-01T00:00:00+00:00
[2024-01-31T08:59:39.911+0000] {processor.py:183} INFO - Processing /home/deprojectue/miniconda3/envs/airflow_demo/lib/python3.9/site-packages/airflow/example_dags/example_trigger_controller_dag.py took 0.093 seconds
[2024-01-31T09:00:34.595+0000] {processor.py:161} INFO - Started process (PID=215950) to work on /home/deprojectue/miniconda3/envs/airflow_demo/lib/python3.9/site-packages/airflow/example_dags/example_trigger_controller_dag.py
[2024-01-31T09:00:34.597+0000] {processor.py:830} INFO - Processing file /home/deprojectue/miniconda3/envs/airflow_demo/lib/python3.9/site-packages/airflow/example_dags/example_trigger_controller_dag.py for tasks to queue
[2024-01-31T09:00:34.600+0000] {logging_mixin.py:188} INFO - [2024-01-31T09:00:34.599+0000] {dagbag.py:538} INFO - Filling up the DagBag from /home/deprojectue/miniconda3/envs/airflow_demo/lib/python3.9/site-packages/airflow/example_dags/example_trigger_controller_dag.py
[2024-01-31T09:00:34.607+0000] {processor.py:840} INFO - DAG(s) 'example_trigger_controller_dag' retrieved from /home/deprojectue/miniconda3/envs/airflow_demo/lib/python3.9/site-packages/airflow/example_dags/example_trigger_controller_dag.py
[2024-01-31T09:00:34.627+0000] {logging_mixin.py:188} INFO - [2024-01-31T09:00:34.627+0000] {dag.py:3033} INFO - Sync 1 DAGs
[2024-01-31T09:00:34.647+0000] {logging_mixin.py:188} INFO - [2024-01-31T09:00:34.647+0000] {dag.py:3820} INFO - Setting next_dagrun for example_trigger_controller_dag to 2021-01-01T00:00:00+00:00, run_after=2021-01-01T00:00:00+00:00
[2024-01-31T09:00:34.672+0000] {processor.py:183} INFO - Processing /home/deprojectue/miniconda3/envs/airflow_demo/lib/python3.9/site-packages/airflow/example_dags/example_trigger_controller_dag.py took 0.081 seconds
[2024-01-31T09:01:32.447+0000] {processor.py:161} INFO - Started process (PID=216010) to work on /home/deprojectue/miniconda3/envs/airflow_demo/lib/python3.9/site-packages/airflow/example_dags/example_trigger_controller_dag.py
[2024-01-31T09:01:32.450+0000] {processor.py:830} INFO - Processing file /home/deprojectue/miniconda3/envs/airflow_demo/lib/python3.9/site-packages/airflow/example_dags/example_trigger_controller_dag.py for tasks to queue
[2024-01-31T09:01:32.453+0000] {logging_mixin.py:188} INFO - [2024-01-31T09:01:32.453+0000] {dagbag.py:538} INFO - Filling up the DagBag from /home/deprojectue/miniconda3/envs/airflow_demo/lib/python3.9/site-packages/airflow/example_dags/example_trigger_controller_dag.py
[2024-01-31T09:01:32.460+0000] {processor.py:840} INFO - DAG(s) 'example_trigger_controller_dag' retrieved from /home/deprojectue/miniconda3/envs/airflow_demo/lib/python3.9/site-packages/airflow/example_dags/example_trigger_controller_dag.py
[2024-01-31T09:01:32.481+0000] {logging_mixin.py:188} INFO - [2024-01-31T09:01:32.480+0000] {dag.py:3033} INFO - Sync 1 DAGs
[2024-01-31T09:01:32.501+0000] {logging_mixin.py:188} INFO - [2024-01-31T09:01:32.500+0000] {dag.py:3820} INFO - Setting next_dagrun for example_trigger_controller_dag to 2021-01-01T00:00:00+00:00, run_after=2021-01-01T00:00:00+00:00
[2024-01-31T09:01:32.528+0000] {processor.py:183} INFO - Processing /home/deprojectue/miniconda3/envs/airflow_demo/lib/python3.9/site-packages/airflow/example_dags/example_trigger_controller_dag.py took 0.085 seconds
[2024-01-31T09:02:28.597+0000] {processor.py:161} INFO - Started process (PID=216071) to work on /home/deprojectue/miniconda3/envs/airflow_demo/lib/python3.9/site-packages/airflow/example_dags/example_trigger_controller_dag.py
[2024-01-31T09:02:28.599+0000] {processor.py:830} INFO - Processing file /home/deprojectue/miniconda3/envs/airflow_demo/lib/python3.9/site-packages/airflow/example_dags/example_trigger_controller_dag.py for tasks to queue
[2024-01-31T09:02:28.603+0000] {logging_mixin.py:188} INFO - [2024-01-31T09:02:28.602+0000] {dagbag.py:538} INFO - Filling up the DagBag from /home/deprojectue/miniconda3/envs/airflow_demo/lib/python3.9/site-packages/airflow/example_dags/example_trigger_controller_dag.py
[2024-01-31T09:02:28.611+0000] {processor.py:840} INFO - DAG(s) 'example_trigger_controller_dag' retrieved from /home/deprojectue/miniconda3/envs/airflow_demo/lib/python3.9/site-packages/airflow/example_dags/example_trigger_controller_dag.py
[2024-01-31T09:02:28.632+0000] {logging_mixin.py:188} INFO - [2024-01-31T09:02:28.631+0000] {dag.py:3033} INFO - Sync 1 DAGs
[2024-01-31T09:02:28.652+0000] {logging_mixin.py:188} INFO - [2024-01-31T09:02:28.651+0000] {dag.py:3820} INFO - Setting next_dagrun for example_trigger_controller_dag to 2021-01-01T00:00:00+00:00, run_after=2021-01-01T00:00:00+00:00
[2024-01-31T09:02:28.676+0000] {processor.py:183} INFO - Processing /home/deprojectue/miniconda3/envs/airflow_demo/lib/python3.9/site-packages/airflow/example_dags/example_trigger_controller_dag.py took 0.083 seconds
[2024-01-31T09:03:23.135+0000] {processor.py:161} INFO - Started process (PID=216127) to work on /home/deprojectue/miniconda3/envs/airflow_demo/lib/python3.9/site-packages/airflow/example_dags/example_trigger_controller_dag.py
[2024-01-31T09:03:23.137+0000] {processor.py:830} INFO - Processing file /home/deprojectue/miniconda3/envs/airflow_demo/lib/python3.9/site-packages/airflow/example_dags/example_trigger_controller_dag.py for tasks to queue
[2024-01-31T09:03:23.140+0000] {logging_mixin.py:188} INFO - [2024-01-31T09:03:23.140+0000] {dagbag.py:538} INFO - Filling up the DagBag from /home/deprojectue/miniconda3/envs/airflow_demo/lib/python3.9/site-packages/airflow/example_dags/example_trigger_controller_dag.py
[2024-01-31T09:03:23.148+0000] {processor.py:840} INFO - DAG(s) 'example_trigger_controller_dag' retrieved from /home/deprojectue/miniconda3/envs/airflow_demo/lib/python3.9/site-packages/airflow/example_dags/example_trigger_controller_dag.py
[2024-01-31T09:03:23.168+0000] {logging_mixin.py:188} INFO - [2024-01-31T09:03:23.168+0000] {dag.py:3033} INFO - Sync 1 DAGs
[2024-01-31T09:03:23.189+0000] {logging_mixin.py:188} INFO - [2024-01-31T09:03:23.188+0000] {dag.py:3820} INFO - Setting next_dagrun for example_trigger_controller_dag to 2021-01-01T00:00:00+00:00, run_after=2021-01-01T00:00:00+00:00
[2024-01-31T09:03:23.214+0000] {processor.py:183} INFO - Processing /home/deprojectue/miniconda3/envs/airflow_demo/lib/python3.9/site-packages/airflow/example_dags/example_trigger_controller_dag.py took 0.084 seconds
[2024-01-31T09:04:16.954+0000] {processor.py:161} INFO - Started process (PID=216184) to work on /home/deprojectue/miniconda3/envs/airflow_demo/lib/python3.9/site-packages/airflow/example_dags/example_trigger_controller_dag.py
[2024-01-31T09:04:16.956+0000] {processor.py:830} INFO - Processing file /home/deprojectue/miniconda3/envs/airflow_demo/lib/python3.9/site-packages/airflow/example_dags/example_trigger_controller_dag.py for tasks to queue
[2024-01-31T09:04:16.960+0000] {logging_mixin.py:188} INFO - [2024-01-31T09:04:16.959+0000] {dagbag.py:538} INFO - Filling up the DagBag from /home/deprojectue/miniconda3/envs/airflow_demo/lib/python3.9/site-packages/airflow/example_dags/example_trigger_controller_dag.py
[2024-01-31T09:04:16.968+0000] {processor.py:840} INFO - DAG(s) 'example_trigger_controller_dag' retrieved from /home/deprojectue/miniconda3/envs/airflow_demo/lib/python3.9/site-packages/airflow/example_dags/example_trigger_controller_dag.py
[2024-01-31T09:04:16.989+0000] {logging_mixin.py:188} INFO - [2024-01-31T09:04:16.989+0000] {dag.py:3033} INFO - Sync 1 DAGs
[2024-01-31T09:04:17.010+0000] {logging_mixin.py:188} INFO - [2024-01-31T09:04:17.010+0000] {dag.py:3820} INFO - Setting next_dagrun for example_trigger_controller_dag to 2021-01-01T00:00:00+00:00, run_after=2021-01-01T00:00:00+00:00
[2024-01-31T09:04:17.037+0000] {processor.py:183} INFO - Processing /home/deprojectue/miniconda3/envs/airflow_demo/lib/python3.9/site-packages/airflow/example_dags/example_trigger_controller_dag.py took 0.087 seconds
[2024-01-31T09:05:13.806+0000] {processor.py:161} INFO - Started process (PID=216245) to work on /home/deprojectue/miniconda3/envs/airflow_demo/lib/python3.9/site-packages/airflow/example_dags/example_trigger_controller_dag.py
[2024-01-31T09:05:13.809+0000] {processor.py:830} INFO - Processing file /home/deprojectue/miniconda3/envs/airflow_demo/lib/python3.9/site-packages/airflow/example_dags/example_trigger_controller_dag.py for tasks to queue
[2024-01-31T09:05:13.815+0000] {logging_mixin.py:188} INFO - [2024-01-31T09:05:13.814+0000] {dagbag.py:538} INFO - Filling up the DagBag from /home/deprojectue/miniconda3/envs/airflow_demo/lib/python3.9/site-packages/airflow/example_dags/example_trigger_controller_dag.py
[2024-01-31T09:05:13.827+0000] {processor.py:840} INFO - DAG(s) 'example_trigger_controller_dag' retrieved from /home/deprojectue/miniconda3/envs/airflow_demo/lib/python3.9/site-packages/airflow/example_dags/example_trigger_controller_dag.py
[2024-01-31T09:05:13.857+0000] {logging_mixin.py:188} INFO - [2024-01-31T09:05:13.856+0000] {dag.py:3033} INFO - Sync 1 DAGs
[2024-01-31T09:05:13.890+0000] {logging_mixin.py:188} INFO - [2024-01-31T09:05:13.890+0000] {dag.py:3820} INFO - Setting next_dagrun for example_trigger_controller_dag to 2021-01-01T00:00:00+00:00, run_after=2021-01-01T00:00:00+00:00
[2024-01-31T09:05:13.925+0000] {processor.py:183} INFO - Processing /home/deprojectue/miniconda3/envs/airflow_demo/lib/python3.9/site-packages/airflow/example_dags/example_trigger_controller_dag.py took 0.127 seconds
[2024-01-31T09:35:52.159+0000] {processor.py:161} INFO - Started process (PID=216891) to work on /home/deprojectue/miniconda3/envs/airflow_demo/lib/python3.9/site-packages/airflow/example_dags/example_trigger_controller_dag.py
[2024-01-31T09:35:52.161+0000] {processor.py:830} INFO - Processing file /home/deprojectue/miniconda3/envs/airflow_demo/lib/python3.9/site-packages/airflow/example_dags/example_trigger_controller_dag.py for tasks to queue
[2024-01-31T09:35:52.166+0000] {logging_mixin.py:188} INFO - [2024-01-31T09:35:52.164+0000] {dagbag.py:538} INFO - Filling up the DagBag from /home/deprojectue/miniconda3/envs/airflow_demo/lib/python3.9/site-packages/airflow/example_dags/example_trigger_controller_dag.py
[2024-01-31T09:35:52.175+0000] {processor.py:840} INFO - DAG(s) 'example_trigger_controller_dag' retrieved from /home/deprojectue/miniconda3/envs/airflow_demo/lib/python3.9/site-packages/airflow/example_dags/example_trigger_controller_dag.py
[2024-01-31T09:35:52.452+0000] {logging_mixin.py:188} INFO - [2024-01-31T09:35:52.444+0000] {override.py:1769} INFO - Created Permission View: can edit on DAG:example_trigger_controller_dag
[2024-01-31T09:35:52.467+0000] {logging_mixin.py:188} INFO - [2024-01-31T09:35:52.466+0000] {override.py:1769} INFO - Created Permission View: can read on DAG:example_trigger_controller_dag
[2024-01-31T09:35:52.479+0000] {logging_mixin.py:188} INFO - [2024-01-31T09:35:52.479+0000] {override.py:1769} INFO - Created Permission View: can delete on DAG:example_trigger_controller_dag
[2024-01-31T09:35:52.480+0000] {logging_mixin.py:188} INFO - [2024-01-31T09:35:52.480+0000] {dag.py:3033} INFO - Sync 1 DAGs
[2024-01-31T09:35:52.502+0000] {logging_mixin.py:188} INFO - [2024-01-31T09:35:52.500+0000] {dag.py:3055} INFO - Creating ORM DAG for example_trigger_controller_dag
[2024-01-31T09:35:52.517+0000] {logging_mixin.py:188} INFO - [2024-01-31T09:35:52.517+0000] {dag.py:3820} INFO - Setting next_dagrun for example_trigger_controller_dag to 2021-01-01T00:00:00+00:00, run_after=2021-01-01T00:00:00+00:00
[2024-01-31T09:35:52.573+0000] {processor.py:183} INFO - Processing /home/deprojectue/miniconda3/envs/airflow_demo/lib/python3.9/site-packages/airflow/example_dags/example_trigger_controller_dag.py took 0.419 seconds
[2024-01-31T09:36:50.947+0000] {processor.py:161} INFO - Started process (PID=216947) to work on /home/deprojectue/miniconda3/envs/airflow_demo/lib/python3.9/site-packages/airflow/example_dags/example_trigger_controller_dag.py
[2024-01-31T09:36:50.949+0000] {processor.py:830} INFO - Processing file /home/deprojectue/miniconda3/envs/airflow_demo/lib/python3.9/site-packages/airflow/example_dags/example_trigger_controller_dag.py for tasks to queue
[2024-01-31T09:36:50.954+0000] {logging_mixin.py:188} INFO - [2024-01-31T09:36:50.952+0000] {dagbag.py:538} INFO - Filling up the DagBag from /home/deprojectue/miniconda3/envs/airflow_demo/lib/python3.9/site-packages/airflow/example_dags/example_trigger_controller_dag.py
[2024-01-31T09:36:50.962+0000] {processor.py:840} INFO - DAG(s) 'example_trigger_controller_dag' retrieved from /home/deprojectue/miniconda3/envs/airflow_demo/lib/python3.9/site-packages/airflow/example_dags/example_trigger_controller_dag.py
[2024-01-31T09:36:50.990+0000] {logging_mixin.py:188} INFO - [2024-01-31T09:36:50.989+0000] {dag.py:3033} INFO - Sync 1 DAGs
[2024-01-31T09:36:51.017+0000] {logging_mixin.py:188} INFO - [2024-01-31T09:36:51.017+0000] {dag.py:3820} INFO - Setting next_dagrun for example_trigger_controller_dag to 2021-01-01T00:00:00+00:00, run_after=2021-01-01T00:00:00+00:00
[2024-01-31T09:36:51.049+0000] {processor.py:183} INFO - Processing /home/deprojectue/miniconda3/envs/airflow_demo/lib/python3.9/site-packages/airflow/example_dags/example_trigger_controller_dag.py took 0.107 seconds
