[2024-01-31T02:07:44.197+0000] {processor.py:161} INFO - Started process (PID=210460) to work on /home/deprojectue/miniconda3/envs/airflow_demo/lib/python3.9/site-packages/airflow/example_dags/example_python_operator.py
[2024-01-31T02:07:44.199+0000] {processor.py:830} INFO - Processing file /home/deprojectue/miniconda3/envs/airflow_demo/lib/python3.9/site-packages/airflow/example_dags/example_python_operator.py for tasks to queue
[2024-01-31T02:07:44.200+0000] {logging_mixin.py:188} INFO - [2024-01-31T02:07:44.199+0000] {dagbag.py:538} INFO - Filling up the DagBag from /home/deprojectue/miniconda3/envs/airflow_demo/lib/python3.9/site-packages/airflow/example_dags/example_python_operator.py
[2024-01-31T02:07:44.211+0000] {logging_mixin.py:188} INFO - [2024-01-31T02:07:44.210+0000] {example_python_operator.py:88} WARNING - The virtalenv_python example task requires virtualenv, please install it.
[2024-01-31T02:07:44.211+0000] {processor.py:840} INFO - DAG(s) 'example_python_operator' retrieved from /home/deprojectue/miniconda3/envs/airflow_demo/lib/python3.9/site-packages/airflow/example_dags/example_python_operator.py
[2024-01-31T02:07:44.565+0000] {logging_mixin.py:188} INFO - [2024-01-31T02:07:44.564+0000] {override.py:1769} INFO - Created Permission View: can read on DAG:example_python_operator
[2024-01-31T02:07:44.615+0000] {logging_mixin.py:188} INFO - [2024-01-31T02:07:44.614+0000] {override.py:1769} INFO - Created Permission View: can delete on DAG:example_python_operator
[2024-01-31T02:07:44.644+0000] {logging_mixin.py:188} INFO - [2024-01-31T02:07:44.643+0000] {override.py:1769} INFO - Created Permission View: can edit on DAG:example_python_operator
[2024-01-31T02:07:44.647+0000] {logging_mixin.py:188} INFO - [2024-01-31T02:07:44.647+0000] {dag.py:3033} INFO - Sync 1 DAGs
[2024-01-31T02:07:44.669+0000] {logging_mixin.py:188} INFO - [2024-01-31T02:07:44.668+0000] {dag.py:3055} INFO - Creating ORM DAG for example_python_operator
[2024-01-31T02:07:44.670+0000] {logging_mixin.py:188} INFO - [2024-01-31T02:07:44.670+0000] {dag.py:3820} INFO - Setting next_dagrun for example_python_operator to None, run_after=None
[2024-01-31T02:07:44.706+0000] {processor.py:183} INFO - Processing /home/deprojectue/miniconda3/envs/airflow_demo/lib/python3.9/site-packages/airflow/example_dags/example_python_operator.py took 0.515 seconds
[2024-01-31T02:09:15.961+0000] {processor.py:161} INFO - Started process (PID=210786) to work on /home/deprojectue/miniconda3/envs/airflow_demo/lib/python3.9/site-packages/airflow/example_dags/example_python_operator.py
[2024-01-31T02:09:15.967+0000] {processor.py:830} INFO - Processing file /home/deprojectue/miniconda3/envs/airflow_demo/lib/python3.9/site-packages/airflow/example_dags/example_python_operator.py for tasks to queue
[2024-01-31T02:09:15.969+0000] {logging_mixin.py:188} INFO - [2024-01-31T02:09:15.969+0000] {dagbag.py:538} INFO - Filling up the DagBag from /home/deprojectue/miniconda3/envs/airflow_demo/lib/python3.9/site-packages/airflow/example_dags/example_python_operator.py
[2024-01-31T02:09:16.015+0000] {processor.py:840} INFO - DAG(s) 'example_python_operator' retrieved from /home/deprojectue/miniconda3/envs/airflow_demo/lib/python3.9/site-packages/airflow/example_dags/example_python_operator.py
[2024-01-31T02:09:16.379+0000] {logging_mixin.py:188} INFO - [2024-01-31T02:09:16.379+0000] {dag.py:3033} INFO - Sync 1 DAGs
[2024-01-31T02:09:16.434+0000] {logging_mixin.py:188} INFO - [2024-01-31T02:09:16.434+0000] {dag.py:3820} INFO - Setting next_dagrun for example_python_operator to None, run_after=None
[2024-01-31T02:09:16.530+0000] {processor.py:183} INFO - Processing /home/deprojectue/miniconda3/envs/airflow_demo/lib/python3.9/site-packages/airflow/example_dags/example_python_operator.py took 0.583 seconds
[2024-01-31T02:10:09.017+0000] {processor.py:161} INFO - Started process (PID=210969) to work on /home/deprojectue/miniconda3/envs/airflow_demo/lib/python3.9/site-packages/airflow/example_dags/example_python_operator.py
[2024-01-31T02:10:09.019+0000] {processor.py:830} INFO - Processing file /home/deprojectue/miniconda3/envs/airflow_demo/lib/python3.9/site-packages/airflow/example_dags/example_python_operator.py for tasks to queue
[2024-01-31T02:10:09.020+0000] {logging_mixin.py:188} INFO - [2024-01-31T02:10:09.020+0000] {dagbag.py:538} INFO - Filling up the DagBag from /home/deprojectue/miniconda3/envs/airflow_demo/lib/python3.9/site-packages/airflow/example_dags/example_python_operator.py
[2024-01-31T02:10:09.035+0000] {processor.py:840} INFO - DAG(s) 'example_python_operator' retrieved from /home/deprojectue/miniconda3/envs/airflow_demo/lib/python3.9/site-packages/airflow/example_dags/example_python_operator.py
[2024-01-31T02:10:09.059+0000] {logging_mixin.py:188} INFO - [2024-01-31T02:10:09.059+0000] {dag.py:3033} INFO - Sync 1 DAGs
[2024-01-31T02:10:09.074+0000] {logging_mixin.py:188} INFO - [2024-01-31T02:10:09.074+0000] {dag.py:3820} INFO - Setting next_dagrun for example_python_operator to None, run_after=None
[2024-01-31T02:10:09.102+0000] {processor.py:183} INFO - Processing /home/deprojectue/miniconda3/envs/airflow_demo/lib/python3.9/site-packages/airflow/example_dags/example_python_operator.py took 0.089 seconds
[2024-01-31T02:12:58.153+0000] {processor.py:161} INFO - Started process (PID=211055) to work on /home/deprojectue/miniconda3/envs/airflow_demo/lib/python3.9/site-packages/airflow/example_dags/example_python_operator.py
[2024-01-31T02:12:58.155+0000] {processor.py:830} INFO - Processing file /home/deprojectue/miniconda3/envs/airflow_demo/lib/python3.9/site-packages/airflow/example_dags/example_python_operator.py for tasks to queue
[2024-01-31T02:12:58.158+0000] {logging_mixin.py:188} INFO - [2024-01-31T02:12:58.158+0000] {dagbag.py:538} INFO - Filling up the DagBag from /home/deprojectue/miniconda3/envs/airflow_demo/lib/python3.9/site-packages/airflow/example_dags/example_python_operator.py
[2024-01-31T02:12:58.173+0000] {processor.py:840} INFO - DAG(s) 'example_python_operator' retrieved from /home/deprojectue/miniconda3/envs/airflow_demo/lib/python3.9/site-packages/airflow/example_dags/example_python_operator.py
[2024-01-31T02:12:58.287+0000] {logging_mixin.py:188} INFO - [2024-01-31T02:12:58.286+0000] {dag.py:3033} INFO - Sync 1 DAGs
[2024-01-31T02:12:58.297+0000] {logging_mixin.py:188} INFO - [2024-01-31T02:12:58.297+0000] {dag.py:3820} INFO - Setting next_dagrun for example_python_operator to None, run_after=None
[2024-01-31T02:12:58.330+0000] {processor.py:183} INFO - Processing /home/deprojectue/miniconda3/envs/airflow_demo/lib/python3.9/site-packages/airflow/example_dags/example_python_operator.py took 0.182 seconds
[2024-01-31T02:13:47.408+0000] {processor.py:161} INFO - Started process (PID=211114) to work on /home/deprojectue/miniconda3/envs/airflow_demo/lib/python3.9/site-packages/airflow/example_dags/example_python_operator.py
[2024-01-31T02:13:47.410+0000] {processor.py:830} INFO - Processing file /home/deprojectue/miniconda3/envs/airflow_demo/lib/python3.9/site-packages/airflow/example_dags/example_python_operator.py for tasks to queue
[2024-01-31T02:13:47.414+0000] {logging_mixin.py:188} INFO - [2024-01-31T02:13:47.413+0000] {dagbag.py:538} INFO - Filling up the DagBag from /home/deprojectue/miniconda3/envs/airflow_demo/lib/python3.9/site-packages/airflow/example_dags/example_python_operator.py
[2024-01-31T02:13:47.428+0000] {processor.py:840} INFO - DAG(s) 'example_python_operator' retrieved from /home/deprojectue/miniconda3/envs/airflow_demo/lib/python3.9/site-packages/airflow/example_dags/example_python_operator.py
[2024-01-31T02:13:47.450+0000] {logging_mixin.py:188} INFO - [2024-01-31T02:13:47.449+0000] {dag.py:3033} INFO - Sync 1 DAGs
[2024-01-31T02:13:47.463+0000] {logging_mixin.py:188} INFO - [2024-01-31T02:13:47.463+0000] {dag.py:3820} INFO - Setting next_dagrun for example_python_operator to None, run_after=None
[2024-01-31T02:13:47.490+0000] {processor.py:183} INFO - Processing /home/deprojectue/miniconda3/envs/airflow_demo/lib/python3.9/site-packages/airflow/example_dags/example_python_operator.py took 0.086 seconds
[2024-01-31T02:21:57.824+0000] {processor.py:161} INFO - Started process (PID=211315) to work on /home/deprojectue/miniconda3/envs/airflow_demo/lib/python3.9/site-packages/airflow/example_dags/example_python_operator.py
[2024-01-31T02:21:57.826+0000] {processor.py:830} INFO - Processing file /home/deprojectue/miniconda3/envs/airflow_demo/lib/python3.9/site-packages/airflow/example_dags/example_python_operator.py for tasks to queue
[2024-01-31T02:21:57.829+0000] {logging_mixin.py:188} INFO - [2024-01-31T02:21:57.829+0000] {dagbag.py:538} INFO - Filling up the DagBag from /home/deprojectue/miniconda3/envs/airflow_demo/lib/python3.9/site-packages/airflow/example_dags/example_python_operator.py
[2024-01-31T02:21:57.843+0000] {processor.py:840} INFO - DAG(s) 'example_python_operator' retrieved from /home/deprojectue/miniconda3/envs/airflow_demo/lib/python3.9/site-packages/airflow/example_dags/example_python_operator.py
[2024-01-31T02:21:58.008+0000] {logging_mixin.py:188} INFO - [2024-01-31T02:21:58.008+0000] {dag.py:3033} INFO - Sync 1 DAGs
[2024-01-31T02:21:58.020+0000] {logging_mixin.py:188} INFO - [2024-01-31T02:21:58.020+0000] {dag.py:3820} INFO - Setting next_dagrun for example_python_operator to None, run_after=None
[2024-01-31T02:21:58.048+0000] {processor.py:183} INFO - Processing /home/deprojectue/miniconda3/envs/airflow_demo/lib/python3.9/site-packages/airflow/example_dags/example_python_operator.py took 0.229 seconds
[2024-01-31T02:22:48.396+0000] {processor.py:161} INFO - Started process (PID=211367) to work on /home/deprojectue/miniconda3/envs/airflow_demo/lib/python3.9/site-packages/airflow/example_dags/example_python_operator.py
[2024-01-31T02:22:48.398+0000] {processor.py:830} INFO - Processing file /home/deprojectue/miniconda3/envs/airflow_demo/lib/python3.9/site-packages/airflow/example_dags/example_python_operator.py for tasks to queue
[2024-01-31T02:22:48.402+0000] {logging_mixin.py:188} INFO - [2024-01-31T02:22:48.401+0000] {dagbag.py:538} INFO - Filling up the DagBag from /home/deprojectue/miniconda3/envs/airflow_demo/lib/python3.9/site-packages/airflow/example_dags/example_python_operator.py
[2024-01-31T02:22:48.417+0000] {processor.py:840} INFO - DAG(s) 'example_python_operator' retrieved from /home/deprojectue/miniconda3/envs/airflow_demo/lib/python3.9/site-packages/airflow/example_dags/example_python_operator.py
[2024-01-31T02:22:48.440+0000] {logging_mixin.py:188} INFO - [2024-01-31T02:22:48.440+0000] {dag.py:3033} INFO - Sync 1 DAGs
[2024-01-31T02:22:48.454+0000] {logging_mixin.py:188} INFO - [2024-01-31T02:22:48.454+0000] {dag.py:3820} INFO - Setting next_dagrun for example_python_operator to None, run_after=None
[2024-01-31T02:22:48.482+0000] {processor.py:183} INFO - Processing /home/deprojectue/miniconda3/envs/airflow_demo/lib/python3.9/site-packages/airflow/example_dags/example_python_operator.py took 0.091 seconds
[2024-01-31T08:24:35.432+0000] {processor.py:161} INFO - Started process (PID=214056) to work on /home/deprojectue/miniconda3/envs/airflow_demo/lib/python3.9/site-packages/airflow/example_dags/example_python_operator.py
[2024-01-31T08:24:35.434+0000] {processor.py:830} INFO - Processing file /home/deprojectue/miniconda3/envs/airflow_demo/lib/python3.9/site-packages/airflow/example_dags/example_python_operator.py for tasks to queue
[2024-01-31T08:24:35.437+0000] {logging_mixin.py:188} INFO - [2024-01-31T08:24:35.437+0000] {dagbag.py:538} INFO - Filling up the DagBag from /home/deprojectue/miniconda3/envs/airflow_demo/lib/python3.9/site-packages/airflow/example_dags/example_python_operator.py
[2024-01-31T08:24:35.452+0000] {processor.py:840} INFO - DAG(s) 'example_python_operator' retrieved from /home/deprojectue/miniconda3/envs/airflow_demo/lib/python3.9/site-packages/airflow/example_dags/example_python_operator.py
[2024-01-31T08:24:35.633+0000] {logging_mixin.py:188} INFO - [2024-01-31T08:24:35.632+0000] {dag.py:3033} INFO - Sync 1 DAGs
[2024-01-31T08:24:35.643+0000] {logging_mixin.py:188} INFO - [2024-01-31T08:24:35.643+0000] {dag.py:3820} INFO - Setting next_dagrun for example_python_operator to None, run_after=None
[2024-01-31T08:24:35.669+0000] {processor.py:183} INFO - Processing /home/deprojectue/miniconda3/envs/airflow_demo/lib/python3.9/site-packages/airflow/example_dags/example_python_operator.py took 0.241 seconds
[2024-01-31T08:25:25.776+0000] {processor.py:161} INFO - Started process (PID=214107) to work on /home/deprojectue/miniconda3/envs/airflow_demo/lib/python3.9/site-packages/airflow/example_dags/example_python_operator.py
[2024-01-31T08:25:25.778+0000] {processor.py:830} INFO - Processing file /home/deprojectue/miniconda3/envs/airflow_demo/lib/python3.9/site-packages/airflow/example_dags/example_python_operator.py for tasks to queue
[2024-01-31T08:25:25.781+0000] {logging_mixin.py:188} INFO - [2024-01-31T08:25:25.780+0000] {dagbag.py:538} INFO - Filling up the DagBag from /home/deprojectue/miniconda3/envs/airflow_demo/lib/python3.9/site-packages/airflow/example_dags/example_python_operator.py
[2024-01-31T08:25:25.795+0000] {processor.py:840} INFO - DAG(s) 'example_python_operator' retrieved from /home/deprojectue/miniconda3/envs/airflow_demo/lib/python3.9/site-packages/airflow/example_dags/example_python_operator.py
[2024-01-31T08:25:25.819+0000] {logging_mixin.py:188} INFO - [2024-01-31T08:25:25.818+0000] {dag.py:3033} INFO - Sync 1 DAGs
[2024-01-31T08:25:25.833+0000] {logging_mixin.py:188} INFO - [2024-01-31T08:25:25.833+0000] {dag.py:3820} INFO - Setting next_dagrun for example_python_operator to None, run_after=None
[2024-01-31T08:25:25.858+0000] {processor.py:183} INFO - Processing /home/deprojectue/miniconda3/envs/airflow_demo/lib/python3.9/site-packages/airflow/example_dags/example_python_operator.py took 0.087 seconds
[2024-01-31T08:52:08.954+0000] {processor.py:161} INFO - Started process (PID=215388) to work on /home/deprojectue/miniconda3/envs/airflow_demo/lib/python3.9/site-packages/airflow/example_dags/example_python_operator.py
[2024-01-31T08:52:08.956+0000] {processor.py:830} INFO - Processing file /home/deprojectue/miniconda3/envs/airflow_demo/lib/python3.9/site-packages/airflow/example_dags/example_python_operator.py for tasks to queue
[2024-01-31T08:52:08.959+0000] {logging_mixin.py:188} INFO - [2024-01-31T08:52:08.959+0000] {dagbag.py:538} INFO - Filling up the DagBag from /home/deprojectue/miniconda3/envs/airflow_demo/lib/python3.9/site-packages/airflow/example_dags/example_python_operator.py
[2024-01-31T08:52:08.975+0000] {processor.py:840} INFO - DAG(s) 'example_python_operator' retrieved from /home/deprojectue/miniconda3/envs/airflow_demo/lib/python3.9/site-packages/airflow/example_dags/example_python_operator.py
[2024-01-31T08:52:09.086+0000] {logging_mixin.py:188} INFO - [2024-01-31T08:52:09.086+0000] {dag.py:3033} INFO - Sync 1 DAGs
[2024-01-31T08:52:09.097+0000] {logging_mixin.py:188} INFO - [2024-01-31T08:52:09.097+0000] {dag.py:3820} INFO - Setting next_dagrun for example_python_operator to None, run_after=None
[2024-01-31T08:52:09.125+0000] {processor.py:183} INFO - Processing /home/deprojectue/miniconda3/envs/airflow_demo/lib/python3.9/site-packages/airflow/example_dags/example_python_operator.py took 0.175 seconds
[2024-01-31T08:52:58.727+0000] {processor.py:161} INFO - Started process (PID=215439) to work on /home/deprojectue/miniconda3/envs/airflow_demo/lib/python3.9/site-packages/airflow/example_dags/example_python_operator.py
[2024-01-31T08:52:58.729+0000] {processor.py:830} INFO - Processing file /home/deprojectue/miniconda3/envs/airflow_demo/lib/python3.9/site-packages/airflow/example_dags/example_python_operator.py for tasks to queue
[2024-01-31T08:52:58.734+0000] {logging_mixin.py:188} INFO - [2024-01-31T08:52:58.733+0000] {dagbag.py:538} INFO - Filling up the DagBag from /home/deprojectue/miniconda3/envs/airflow_demo/lib/python3.9/site-packages/airflow/example_dags/example_python_operator.py
[2024-01-31T08:52:58.749+0000] {processor.py:840} INFO - DAG(s) 'example_python_operator' retrieved from /home/deprojectue/miniconda3/envs/airflow_demo/lib/python3.9/site-packages/airflow/example_dags/example_python_operator.py
[2024-01-31T08:52:58.772+0000] {logging_mixin.py:188} INFO - [2024-01-31T08:52:58.772+0000] {dag.py:3033} INFO - Sync 1 DAGs
[2024-01-31T08:52:58.786+0000] {logging_mixin.py:188} INFO - [2024-01-31T08:52:58.785+0000] {dag.py:3820} INFO - Setting next_dagrun for example_python_operator to None, run_after=None
[2024-01-31T08:52:58.811+0000] {processor.py:183} INFO - Processing /home/deprojectue/miniconda3/envs/airflow_demo/lib/python3.9/site-packages/airflow/example_dags/example_python_operator.py took 0.089 seconds
[2024-01-31T08:53:49.116+0000] {processor.py:161} INFO - Started process (PID=215491) to work on /home/deprojectue/miniconda3/envs/airflow_demo/lib/python3.9/site-packages/airflow/example_dags/example_python_operator.py
[2024-01-31T08:53:49.118+0000] {processor.py:830} INFO - Processing file /home/deprojectue/miniconda3/envs/airflow_demo/lib/python3.9/site-packages/airflow/example_dags/example_python_operator.py for tasks to queue
[2024-01-31T08:53:49.121+0000] {logging_mixin.py:188} INFO - [2024-01-31T08:53:49.121+0000] {dagbag.py:538} INFO - Filling up the DagBag from /home/deprojectue/miniconda3/envs/airflow_demo/lib/python3.9/site-packages/airflow/example_dags/example_python_operator.py
[2024-01-31T08:53:49.136+0000] {processor.py:840} INFO - DAG(s) 'example_python_operator' retrieved from /home/deprojectue/miniconda3/envs/airflow_demo/lib/python3.9/site-packages/airflow/example_dags/example_python_operator.py
[2024-01-31T08:53:49.160+0000] {logging_mixin.py:188} INFO - [2024-01-31T08:53:49.159+0000] {dag.py:3033} INFO - Sync 1 DAGs
[2024-01-31T08:53:49.173+0000] {logging_mixin.py:188} INFO - [2024-01-31T08:53:49.173+0000] {dag.py:3820} INFO - Setting next_dagrun for example_python_operator to None, run_after=None
[2024-01-31T08:53:49.200+0000] {processor.py:183} INFO - Processing /home/deprojectue/miniconda3/envs/airflow_demo/lib/python3.9/site-packages/airflow/example_dags/example_python_operator.py took 0.089 seconds
[2024-01-31T08:54:49.419+0000] {processor.py:161} INFO - Started process (PID=215554) to work on /home/deprojectue/miniconda3/envs/airflow_demo/lib/python3.9/site-packages/airflow/example_dags/example_python_operator.py
[2024-01-31T08:54:49.421+0000] {processor.py:830} INFO - Processing file /home/deprojectue/miniconda3/envs/airflow_demo/lib/python3.9/site-packages/airflow/example_dags/example_python_operator.py for tasks to queue
[2024-01-31T08:54:49.424+0000] {logging_mixin.py:188} INFO - [2024-01-31T08:54:49.424+0000] {dagbag.py:538} INFO - Filling up the DagBag from /home/deprojectue/miniconda3/envs/airflow_demo/lib/python3.9/site-packages/airflow/example_dags/example_python_operator.py
[2024-01-31T08:54:49.439+0000] {processor.py:840} INFO - DAG(s) 'example_python_operator' retrieved from /home/deprojectue/miniconda3/envs/airflow_demo/lib/python3.9/site-packages/airflow/example_dags/example_python_operator.py
[2024-01-31T08:54:49.461+0000] {logging_mixin.py:188} INFO - [2024-01-31T08:54:49.461+0000] {dag.py:3033} INFO - Sync 1 DAGs
[2024-01-31T08:54:49.475+0000] {logging_mixin.py:188} INFO - [2024-01-31T08:54:49.475+0000] {dag.py:3820} INFO - Setting next_dagrun for example_python_operator to None, run_after=None
[2024-01-31T08:54:49.502+0000] {processor.py:183} INFO - Processing /home/deprojectue/miniconda3/envs/airflow_demo/lib/python3.9/site-packages/airflow/example_dags/example_python_operator.py took 0.087 seconds
[2024-01-31T08:55:48.866+0000] {processor.py:161} INFO - Started process (PID=215617) to work on /home/deprojectue/miniconda3/envs/airflow_demo/lib/python3.9/site-packages/airflow/example_dags/example_python_operator.py
[2024-01-31T08:55:48.868+0000] {processor.py:830} INFO - Processing file /home/deprojectue/miniconda3/envs/airflow_demo/lib/python3.9/site-packages/airflow/example_dags/example_python_operator.py for tasks to queue
[2024-01-31T08:55:48.872+0000] {logging_mixin.py:188} INFO - [2024-01-31T08:55:48.871+0000] {dagbag.py:538} INFO - Filling up the DagBag from /home/deprojectue/miniconda3/envs/airflow_demo/lib/python3.9/site-packages/airflow/example_dags/example_python_operator.py
[2024-01-31T08:55:48.886+0000] {processor.py:840} INFO - DAG(s) 'example_python_operator' retrieved from /home/deprojectue/miniconda3/envs/airflow_demo/lib/python3.9/site-packages/airflow/example_dags/example_python_operator.py
[2024-01-31T08:55:48.908+0000] {logging_mixin.py:188} INFO - [2024-01-31T08:55:48.907+0000] {dag.py:3033} INFO - Sync 1 DAGs
[2024-01-31T08:55:48.921+0000] {logging_mixin.py:188} INFO - [2024-01-31T08:55:48.920+0000] {dag.py:3820} INFO - Setting next_dagrun for example_python_operator to None, run_after=None
[2024-01-31T08:55:48.947+0000] {processor.py:183} INFO - Processing /home/deprojectue/miniconda3/envs/airflow_demo/lib/python3.9/site-packages/airflow/example_dags/example_python_operator.py took 0.085 seconds
[2024-01-31T08:56:44.658+0000] {processor.py:161} INFO - Started process (PID=215687) to work on /home/deprojectue/miniconda3/envs/airflow_demo/lib/python3.9/site-packages/airflow/example_dags/example_python_operator.py
[2024-01-31T08:56:44.660+0000] {processor.py:830} INFO - Processing file /home/deprojectue/miniconda3/envs/airflow_demo/lib/python3.9/site-packages/airflow/example_dags/example_python_operator.py for tasks to queue
[2024-01-31T08:56:44.664+0000] {logging_mixin.py:188} INFO - [2024-01-31T08:56:44.663+0000] {dagbag.py:538} INFO - Filling up the DagBag from /home/deprojectue/miniconda3/envs/airflow_demo/lib/python3.9/site-packages/airflow/example_dags/example_python_operator.py
[2024-01-31T08:56:44.680+0000] {processor.py:840} INFO - DAG(s) 'example_python_operator' retrieved from /home/deprojectue/miniconda3/envs/airflow_demo/lib/python3.9/site-packages/airflow/example_dags/example_python_operator.py
[2024-01-31T08:56:44.702+0000] {logging_mixin.py:188} INFO - [2024-01-31T08:56:44.701+0000] {dag.py:3033} INFO - Sync 1 DAGs
[2024-01-31T08:56:44.715+0000] {logging_mixin.py:188} INFO - [2024-01-31T08:56:44.715+0000] {dag.py:3820} INFO - Setting next_dagrun for example_python_operator to None, run_after=None
[2024-01-31T08:56:44.739+0000] {processor.py:183} INFO - Processing /home/deprojectue/miniconda3/envs/airflow_demo/lib/python3.9/site-packages/airflow/example_dags/example_python_operator.py took 0.085 seconds
[2024-01-31T08:57:41.087+0000] {processor.py:161} INFO - Started process (PID=215750) to work on /home/deprojectue/miniconda3/envs/airflow_demo/lib/python3.9/site-packages/airflow/example_dags/example_python_operator.py
[2024-01-31T08:57:41.089+0000] {processor.py:830} INFO - Processing file /home/deprojectue/miniconda3/envs/airflow_demo/lib/python3.9/site-packages/airflow/example_dags/example_python_operator.py for tasks to queue
[2024-01-31T08:57:41.093+0000] {logging_mixin.py:188} INFO - [2024-01-31T08:57:41.093+0000] {dagbag.py:538} INFO - Filling up the DagBag from /home/deprojectue/miniconda3/envs/airflow_demo/lib/python3.9/site-packages/airflow/example_dags/example_python_operator.py
[2024-01-31T08:57:41.109+0000] {processor.py:840} INFO - DAG(s) 'example_python_operator' retrieved from /home/deprojectue/miniconda3/envs/airflow_demo/lib/python3.9/site-packages/airflow/example_dags/example_python_operator.py
[2024-01-31T08:57:41.131+0000] {logging_mixin.py:188} INFO - [2024-01-31T08:57:41.130+0000] {dag.py:3033} INFO - Sync 1 DAGs
[2024-01-31T08:57:41.144+0000] {logging_mixin.py:188} INFO - [2024-01-31T08:57:41.144+0000] {dag.py:3820} INFO - Setting next_dagrun for example_python_operator to None, run_after=None
[2024-01-31T08:57:41.168+0000] {processor.py:183} INFO - Processing /home/deprojectue/miniconda3/envs/airflow_demo/lib/python3.9/site-packages/airflow/example_dags/example_python_operator.py took 0.085 seconds
[2024-01-31T08:58:38.417+0000] {processor.py:161} INFO - Started process (PID=215828) to work on /home/deprojectue/miniconda3/envs/airflow_demo/lib/python3.9/site-packages/airflow/example_dags/example_python_operator.py
[2024-01-31T08:58:38.419+0000] {processor.py:830} INFO - Processing file /home/deprojectue/miniconda3/envs/airflow_demo/lib/python3.9/site-packages/airflow/example_dags/example_python_operator.py for tasks to queue
[2024-01-31T08:58:38.423+0000] {logging_mixin.py:188} INFO - [2024-01-31T08:58:38.422+0000] {dagbag.py:538} INFO - Filling up the DagBag from /home/deprojectue/miniconda3/envs/airflow_demo/lib/python3.9/site-packages/airflow/example_dags/example_python_operator.py
[2024-01-31T08:58:38.443+0000] {processor.py:840} INFO - DAG(s) 'example_python_operator' retrieved from /home/deprojectue/miniconda3/envs/airflow_demo/lib/python3.9/site-packages/airflow/example_dags/example_python_operator.py
[2024-01-31T08:58:38.469+0000] {logging_mixin.py:188} INFO - [2024-01-31T08:58:38.469+0000] {dag.py:3033} INFO - Sync 1 DAGs
[2024-01-31T08:58:38.483+0000] {logging_mixin.py:188} INFO - [2024-01-31T08:58:38.483+0000] {dag.py:3820} INFO - Setting next_dagrun for example_python_operator to None, run_after=None
[2024-01-31T08:58:38.513+0000] {processor.py:183} INFO - Processing /home/deprojectue/miniconda3/envs/airflow_demo/lib/python3.9/site-packages/airflow/example_dags/example_python_operator.py took 0.100 seconds
[2024-01-31T08:59:40.503+0000] {processor.py:161} INFO - Started process (PID=215893) to work on /home/deprojectue/miniconda3/envs/airflow_demo/lib/python3.9/site-packages/airflow/example_dags/example_python_operator.py
[2024-01-31T08:59:40.505+0000] {processor.py:830} INFO - Processing file /home/deprojectue/miniconda3/envs/airflow_demo/lib/python3.9/site-packages/airflow/example_dags/example_python_operator.py for tasks to queue
[2024-01-31T08:59:40.509+0000] {logging_mixin.py:188} INFO - [2024-01-31T08:59:40.508+0000] {dagbag.py:538} INFO - Filling up the DagBag from /home/deprojectue/miniconda3/envs/airflow_demo/lib/python3.9/site-packages/airflow/example_dags/example_python_operator.py
[2024-01-31T08:59:40.526+0000] {processor.py:840} INFO - DAG(s) 'example_python_operator' retrieved from /home/deprojectue/miniconda3/envs/airflow_demo/lib/python3.9/site-packages/airflow/example_dags/example_python_operator.py
[2024-01-31T08:59:40.550+0000] {logging_mixin.py:188} INFO - [2024-01-31T08:59:40.549+0000] {dag.py:3033} INFO - Sync 1 DAGs
[2024-01-31T08:59:40.563+0000] {logging_mixin.py:188} INFO - [2024-01-31T08:59:40.563+0000] {dag.py:3820} INFO - Setting next_dagrun for example_python_operator to None, run_after=None
[2024-01-31T08:59:40.589+0000] {processor.py:183} INFO - Processing /home/deprojectue/miniconda3/envs/airflow_demo/lib/python3.9/site-packages/airflow/example_dags/example_python_operator.py took 0.091 seconds
[2024-01-31T09:00:35.740+0000] {processor.py:161} INFO - Started process (PID=215951) to work on /home/deprojectue/miniconda3/envs/airflow_demo/lib/python3.9/site-packages/airflow/example_dags/example_python_operator.py
[2024-01-31T09:00:35.742+0000] {processor.py:830} INFO - Processing file /home/deprojectue/miniconda3/envs/airflow_demo/lib/python3.9/site-packages/airflow/example_dags/example_python_operator.py for tasks to queue
[2024-01-31T09:00:35.745+0000] {logging_mixin.py:188} INFO - [2024-01-31T09:00:35.745+0000] {dagbag.py:538} INFO - Filling up the DagBag from /home/deprojectue/miniconda3/envs/airflow_demo/lib/python3.9/site-packages/airflow/example_dags/example_python_operator.py
[2024-01-31T09:00:35.760+0000] {processor.py:840} INFO - DAG(s) 'example_python_operator' retrieved from /home/deprojectue/miniconda3/envs/airflow_demo/lib/python3.9/site-packages/airflow/example_dags/example_python_operator.py
[2024-01-31T09:00:35.784+0000] {logging_mixin.py:188} INFO - [2024-01-31T09:00:35.783+0000] {dag.py:3033} INFO - Sync 1 DAGs
[2024-01-31T09:00:35.800+0000] {logging_mixin.py:188} INFO - [2024-01-31T09:00:35.800+0000] {dag.py:3820} INFO - Setting next_dagrun for example_python_operator to None, run_after=None
[2024-01-31T09:00:35.826+0000] {processor.py:183} INFO - Processing /home/deprojectue/miniconda3/envs/airflow_demo/lib/python3.9/site-packages/airflow/example_dags/example_python_operator.py took 0.090 seconds
[2024-01-31T09:01:33.594+0000] {processor.py:161} INFO - Started process (PID=216012) to work on /home/deprojectue/miniconda3/envs/airflow_demo/lib/python3.9/site-packages/airflow/example_dags/example_python_operator.py
[2024-01-31T09:01:33.596+0000] {processor.py:830} INFO - Processing file /home/deprojectue/miniconda3/envs/airflow_demo/lib/python3.9/site-packages/airflow/example_dags/example_python_operator.py for tasks to queue
[2024-01-31T09:01:33.599+0000] {logging_mixin.py:188} INFO - [2024-01-31T09:01:33.599+0000] {dagbag.py:538} INFO - Filling up the DagBag from /home/deprojectue/miniconda3/envs/airflow_demo/lib/python3.9/site-packages/airflow/example_dags/example_python_operator.py
[2024-01-31T09:01:33.614+0000] {processor.py:840} INFO - DAG(s) 'example_python_operator' retrieved from /home/deprojectue/miniconda3/envs/airflow_demo/lib/python3.9/site-packages/airflow/example_dags/example_python_operator.py
[2024-01-31T09:01:33.636+0000] {logging_mixin.py:188} INFO - [2024-01-31T09:01:33.635+0000] {dag.py:3033} INFO - Sync 1 DAGs
[2024-01-31T09:01:33.649+0000] {logging_mixin.py:188} INFO - [2024-01-31T09:01:33.648+0000] {dag.py:3820} INFO - Setting next_dagrun for example_python_operator to None, run_after=None
[2024-01-31T09:01:33.673+0000] {processor.py:183} INFO - Processing /home/deprojectue/miniconda3/envs/airflow_demo/lib/python3.9/site-packages/airflow/example_dags/example_python_operator.py took 0.083 seconds
[2024-01-31T09:02:29.742+0000] {processor.py:161} INFO - Started process (PID=216072) to work on /home/deprojectue/miniconda3/envs/airflow_demo/lib/python3.9/site-packages/airflow/example_dags/example_python_operator.py
[2024-01-31T09:02:29.745+0000] {processor.py:830} INFO - Processing file /home/deprojectue/miniconda3/envs/airflow_demo/lib/python3.9/site-packages/airflow/example_dags/example_python_operator.py for tasks to queue
[2024-01-31T09:02:29.748+0000] {logging_mixin.py:188} INFO - [2024-01-31T09:02:29.748+0000] {dagbag.py:538} INFO - Filling up the DagBag from /home/deprojectue/miniconda3/envs/airflow_demo/lib/python3.9/site-packages/airflow/example_dags/example_python_operator.py
[2024-01-31T09:02:29.764+0000] {processor.py:840} INFO - DAG(s) 'example_python_operator' retrieved from /home/deprojectue/miniconda3/envs/airflow_demo/lib/python3.9/site-packages/airflow/example_dags/example_python_operator.py
[2024-01-31T09:02:29.787+0000] {logging_mixin.py:188} INFO - [2024-01-31T09:02:29.786+0000] {dag.py:3033} INFO - Sync 1 DAGs
[2024-01-31T09:02:29.800+0000] {logging_mixin.py:188} INFO - [2024-01-31T09:02:29.800+0000] {dag.py:3820} INFO - Setting next_dagrun for example_python_operator to None, run_after=None
[2024-01-31T09:02:29.826+0000] {processor.py:183} INFO - Processing /home/deprojectue/miniconda3/envs/airflow_demo/lib/python3.9/site-packages/airflow/example_dags/example_python_operator.py took 0.089 seconds
[2024-01-31T09:03:24.294+0000] {processor.py:161} INFO - Started process (PID=216128) to work on /home/deprojectue/miniconda3/envs/airflow_demo/lib/python3.9/site-packages/airflow/example_dags/example_python_operator.py
[2024-01-31T09:03:24.296+0000] {processor.py:830} INFO - Processing file /home/deprojectue/miniconda3/envs/airflow_demo/lib/python3.9/site-packages/airflow/example_dags/example_python_operator.py for tasks to queue
[2024-01-31T09:03:24.299+0000] {logging_mixin.py:188} INFO - [2024-01-31T09:03:24.299+0000] {dagbag.py:538} INFO - Filling up the DagBag from /home/deprojectue/miniconda3/envs/airflow_demo/lib/python3.9/site-packages/airflow/example_dags/example_python_operator.py
[2024-01-31T09:03:24.314+0000] {processor.py:840} INFO - DAG(s) 'example_python_operator' retrieved from /home/deprojectue/miniconda3/envs/airflow_demo/lib/python3.9/site-packages/airflow/example_dags/example_python_operator.py
[2024-01-31T09:03:24.337+0000] {logging_mixin.py:188} INFO - [2024-01-31T09:03:24.336+0000] {dag.py:3033} INFO - Sync 1 DAGs
[2024-01-31T09:03:24.349+0000] {logging_mixin.py:188} INFO - [2024-01-31T09:03:24.349+0000] {dag.py:3820} INFO - Setting next_dagrun for example_python_operator to None, run_after=None
[2024-01-31T09:03:24.377+0000] {processor.py:183} INFO - Processing /home/deprojectue/miniconda3/envs/airflow_demo/lib/python3.9/site-packages/airflow/example_dags/example_python_operator.py took 0.087 seconds
[2024-01-31T09:04:17.781+0000] {processor.py:161} INFO - Started process (PID=216185) to work on /home/deprojectue/miniconda3/envs/airflow_demo/lib/python3.9/site-packages/airflow/example_dags/example_python_operator.py
[2024-01-31T09:04:17.783+0000] {processor.py:830} INFO - Processing file /home/deprojectue/miniconda3/envs/airflow_demo/lib/python3.9/site-packages/airflow/example_dags/example_python_operator.py for tasks to queue
[2024-01-31T09:04:17.786+0000] {logging_mixin.py:188} INFO - [2024-01-31T09:04:17.786+0000] {dagbag.py:538} INFO - Filling up the DagBag from /home/deprojectue/miniconda3/envs/airflow_demo/lib/python3.9/site-packages/airflow/example_dags/example_python_operator.py
[2024-01-31T09:04:17.802+0000] {processor.py:840} INFO - DAG(s) 'example_python_operator' retrieved from /home/deprojectue/miniconda3/envs/airflow_demo/lib/python3.9/site-packages/airflow/example_dags/example_python_operator.py
[2024-01-31T09:04:17.823+0000] {logging_mixin.py:188} INFO - [2024-01-31T09:04:17.823+0000] {dag.py:3033} INFO - Sync 1 DAGs
[2024-01-31T09:04:17.837+0000] {logging_mixin.py:188} INFO - [2024-01-31T09:04:17.836+0000] {dag.py:3820} INFO - Setting next_dagrun for example_python_operator to None, run_after=None
[2024-01-31T09:04:17.861+0000] {processor.py:183} INFO - Processing /home/deprojectue/miniconda3/envs/airflow_demo/lib/python3.9/site-packages/airflow/example_dags/example_python_operator.py took 0.085 seconds
[2024-01-31T09:05:15.051+0000] {processor.py:161} INFO - Started process (PID=216246) to work on /home/deprojectue/miniconda3/envs/airflow_demo/lib/python3.9/site-packages/airflow/example_dags/example_python_operator.py
[2024-01-31T09:05:15.053+0000] {processor.py:830} INFO - Processing file /home/deprojectue/miniconda3/envs/airflow_demo/lib/python3.9/site-packages/airflow/example_dags/example_python_operator.py for tasks to queue
[2024-01-31T09:05:15.057+0000] {logging_mixin.py:188} INFO - [2024-01-31T09:05:15.056+0000] {dagbag.py:538} INFO - Filling up the DagBag from /home/deprojectue/miniconda3/envs/airflow_demo/lib/python3.9/site-packages/airflow/example_dags/example_python_operator.py
[2024-01-31T09:05:15.073+0000] {processor.py:840} INFO - DAG(s) 'example_python_operator' retrieved from /home/deprojectue/miniconda3/envs/airflow_demo/lib/python3.9/site-packages/airflow/example_dags/example_python_operator.py
[2024-01-31T09:05:15.097+0000] {logging_mixin.py:188} INFO - [2024-01-31T09:05:15.096+0000] {dag.py:3033} INFO - Sync 1 DAGs
[2024-01-31T09:05:15.110+0000] {logging_mixin.py:188} INFO - [2024-01-31T09:05:15.110+0000] {dag.py:3820} INFO - Setting next_dagrun for example_python_operator to None, run_after=None
[2024-01-31T09:05:15.137+0000] {processor.py:183} INFO - Processing /home/deprojectue/miniconda3/envs/airflow_demo/lib/python3.9/site-packages/airflow/example_dags/example_python_operator.py took 0.090 seconds
[2024-01-31T09:35:53.739+0000] {processor.py:161} INFO - Started process (PID=216892) to work on /home/deprojectue/miniconda3/envs/airflow_demo/lib/python3.9/site-packages/airflow/example_dags/example_python_operator.py
[2024-01-31T09:35:53.742+0000] {processor.py:830} INFO - Processing file /home/deprojectue/miniconda3/envs/airflow_demo/lib/python3.9/site-packages/airflow/example_dags/example_python_operator.py for tasks to queue
[2024-01-31T09:35:53.746+0000] {logging_mixin.py:188} INFO - [2024-01-31T09:35:53.745+0000] {dagbag.py:538} INFO - Filling up the DagBag from /home/deprojectue/miniconda3/envs/airflow_demo/lib/python3.9/site-packages/airflow/example_dags/example_python_operator.py
[2024-01-31T09:35:53.765+0000] {processor.py:840} INFO - DAG(s) 'example_python_operator' retrieved from /home/deprojectue/miniconda3/envs/airflow_demo/lib/python3.9/site-packages/airflow/example_dags/example_python_operator.py
[2024-01-31T09:35:54.037+0000] {logging_mixin.py:188} INFO - [2024-01-31T09:35:54.024+0000] {override.py:1769} INFO - Created Permission View: can edit on DAG:example_python_operator
[2024-01-31T09:35:54.056+0000] {logging_mixin.py:188} INFO - [2024-01-31T09:35:54.055+0000] {override.py:1769} INFO - Created Permission View: can read on DAG:example_python_operator
[2024-01-31T09:35:54.068+0000] {logging_mixin.py:188} INFO - [2024-01-31T09:35:54.068+0000] {override.py:1769} INFO - Created Permission View: can delete on DAG:example_python_operator
[2024-01-31T09:35:54.070+0000] {logging_mixin.py:188} INFO - [2024-01-31T09:35:54.069+0000] {dag.py:3033} INFO - Sync 1 DAGs
[2024-01-31T09:35:54.082+0000] {logging_mixin.py:188} INFO - [2024-01-31T09:35:54.082+0000] {dag.py:3055} INFO - Creating ORM DAG for example_python_operator
[2024-01-31T09:35:54.083+0000] {logging_mixin.py:188} INFO - [2024-01-31T09:35:54.083+0000] {dag.py:3820} INFO - Setting next_dagrun for example_python_operator to None, run_after=None
[2024-01-31T09:35:54.135+0000] {processor.py:183} INFO - Processing /home/deprojectue/miniconda3/envs/airflow_demo/lib/python3.9/site-packages/airflow/example_dags/example_python_operator.py took 0.400 seconds
[2024-01-31T09:36:52.206+0000] {processor.py:161} INFO - Started process (PID=216948) to work on /home/deprojectue/miniconda3/envs/airflow_demo/lib/python3.9/site-packages/airflow/example_dags/example_python_operator.py
[2024-01-31T09:36:52.208+0000] {processor.py:830} INFO - Processing file /home/deprojectue/miniconda3/envs/airflow_demo/lib/python3.9/site-packages/airflow/example_dags/example_python_operator.py for tasks to queue
[2024-01-31T09:36:52.212+0000] {logging_mixin.py:188} INFO - [2024-01-31T09:36:52.211+0000] {dagbag.py:538} INFO - Filling up the DagBag from /home/deprojectue/miniconda3/envs/airflow_demo/lib/python3.9/site-packages/airflow/example_dags/example_python_operator.py
[2024-01-31T09:36:52.231+0000] {processor.py:840} INFO - DAG(s) 'example_python_operator' retrieved from /home/deprojectue/miniconda3/envs/airflow_demo/lib/python3.9/site-packages/airflow/example_dags/example_python_operator.py
[2024-01-31T09:36:52.255+0000] {logging_mixin.py:188} INFO - [2024-01-31T09:36:52.254+0000] {dag.py:3033} INFO - Sync 1 DAGs
[2024-01-31T09:36:52.269+0000] {logging_mixin.py:188} INFO - [2024-01-31T09:36:52.268+0000] {dag.py:3820} INFO - Setting next_dagrun for example_python_operator to None, run_after=None
[2024-01-31T09:36:52.298+0000] {processor.py:183} INFO - Processing /home/deprojectue/miniconda3/envs/airflow_demo/lib/python3.9/site-packages/airflow/example_dags/example_python_operator.py took 0.097 seconds
