[2024-01-31T02:07:58.949+0000] {processor.py:161} INFO - Started process (PID=210623) to work on /home/deprojectue/miniconda3/envs/airflow_demo/lib/python3.9/site-packages/airflow/example_dags/example_branch_datetime_operator.py
[2024-01-31T02:07:58.950+0000] {processor.py:830} INFO - Processing file /home/deprojectue/miniconda3/envs/airflow_demo/lib/python3.9/site-packages/airflow/example_dags/example_branch_datetime_operator.py for tasks to queue
[2024-01-31T02:07:58.951+0000] {logging_mixin.py:188} INFO - [2024-01-31T02:07:58.951+0000] {dagbag.py:538} INFO - Filling up the DagBag from /home/deprojectue/miniconda3/envs/airflow_demo/lib/python3.9/site-packages/airflow/example_dags/example_branch_datetime_operator.py
[2024-01-31T02:07:58.962+0000] {processor.py:840} INFO - DAG(s) 'example_branch_datetime_operator_2', 'example_branch_datetime_operator_3', 'example_branch_datetime_operator' retrieved from /home/deprojectue/miniconda3/envs/airflow_demo/lib/python3.9/site-packages/airflow/example_dags/example_branch_datetime_operator.py
[2024-01-31T02:07:59.076+0000] {logging_mixin.py:188} INFO - [2024-01-31T02:07:59.075+0000] {override.py:1769} INFO - Created Permission View: can read on DAG:example_branch_datetime_operator_2
[2024-01-31T02:07:59.090+0000] {logging_mixin.py:188} INFO - [2024-01-31T02:07:59.089+0000] {override.py:1769} INFO - Created Permission View: can delete on DAG:example_branch_datetime_operator_2
[2024-01-31T02:07:59.101+0000] {logging_mixin.py:188} INFO - [2024-01-31T02:07:59.100+0000] {override.py:1769} INFO - Created Permission View: can edit on DAG:example_branch_datetime_operator_2
[2024-01-31T02:07:59.123+0000] {logging_mixin.py:188} INFO - [2024-01-31T02:07:59.123+0000] {override.py:1769} INFO - Created Permission View: can read on DAG:example_branch_datetime_operator_3
[2024-01-31T02:07:59.134+0000] {logging_mixin.py:188} INFO - [2024-01-31T02:07:59.133+0000] {override.py:1769} INFO - Created Permission View: can delete on DAG:example_branch_datetime_operator_3
[2024-01-31T02:07:59.144+0000] {logging_mixin.py:188} INFO - [2024-01-31T02:07:59.144+0000] {override.py:1769} INFO - Created Permission View: can edit on DAG:example_branch_datetime_operator_3
[2024-01-31T02:07:59.166+0000] {logging_mixin.py:188} INFO - [2024-01-31T02:07:59.166+0000] {override.py:1769} INFO - Created Permission View: can read on DAG:example_branch_datetime_operator
[2024-01-31T02:07:59.177+0000] {logging_mixin.py:188} INFO - [2024-01-31T02:07:59.176+0000] {override.py:1769} INFO - Created Permission View: can delete on DAG:example_branch_datetime_operator
[2024-01-31T02:07:59.187+0000] {logging_mixin.py:188} INFO - [2024-01-31T02:07:59.187+0000] {override.py:1769} INFO - Created Permission View: can edit on DAG:example_branch_datetime_operator
[2024-01-31T02:07:59.188+0000] {logging_mixin.py:188} INFO - [2024-01-31T02:07:59.188+0000] {dag.py:3033} INFO - Sync 3 DAGs
[2024-01-31T02:07:59.200+0000] {logging_mixin.py:188} INFO - [2024-01-31T02:07:59.199+0000] {dag.py:3055} INFO - Creating ORM DAG for example_branch_datetime_operator_2
[2024-01-31T02:07:59.201+0000] {logging_mixin.py:188} INFO - [2024-01-31T02:07:59.200+0000] {dag.py:3055} INFO - Creating ORM DAG for example_branch_datetime_operator
[2024-01-31T02:07:59.201+0000] {logging_mixin.py:188} INFO - [2024-01-31T02:07:59.201+0000] {dag.py:3055} INFO - Creating ORM DAG for example_branch_datetime_operator_3
[2024-01-31T02:07:59.211+0000] {logging_mixin.py:188} INFO - [2024-01-31T02:07:59.211+0000] {dag.py:3820} INFO - Setting next_dagrun for example_branch_datetime_operator to 2024-01-30T00:00:00+00:00, run_after=2024-01-31T00:00:00+00:00
[2024-01-31T02:07:59.214+0000] {logging_mixin.py:188} INFO - [2024-01-31T02:07:59.213+0000] {dag.py:3820} INFO - Setting next_dagrun for example_branch_datetime_operator_2 to 2024-01-30T00:00:00+00:00, run_after=2024-01-31T00:00:00+00:00
[2024-01-31T02:07:59.215+0000] {logging_mixin.py:188} INFO - [2024-01-31T02:07:59.215+0000] {dag.py:3820} INFO - Setting next_dagrun for example_branch_datetime_operator_3 to 2024-01-30T00:00:00+00:00, run_after=2024-01-31T00:00:00+00:00
[2024-01-31T02:07:59.242+0000] {processor.py:183} INFO - Processing /home/deprojectue/miniconda3/envs/airflow_demo/lib/python3.9/site-packages/airflow/example_dags/example_branch_datetime_operator.py took 0.297 seconds
[2024-01-31T02:09:33.265+0000] {processor.py:161} INFO - Started process (PID=210931) to work on /home/deprojectue/miniconda3/envs/airflow_demo/lib/python3.9/site-packages/airflow/example_dags/example_branch_datetime_operator.py
[2024-01-31T02:09:33.267+0000] {processor.py:830} INFO - Processing file /home/deprojectue/miniconda3/envs/airflow_demo/lib/python3.9/site-packages/airflow/example_dags/example_branch_datetime_operator.py for tasks to queue
[2024-01-31T02:09:33.285+0000] {logging_mixin.py:188} INFO - [2024-01-31T02:09:33.278+0000] {dagbag.py:538} INFO - Filling up the DagBag from /home/deprojectue/miniconda3/envs/airflow_demo/lib/python3.9/site-packages/airflow/example_dags/example_branch_datetime_operator.py
[2024-01-31T02:09:33.358+0000] {processor.py:840} INFO - DAG(s) 'example_branch_datetime_operator', 'example_branch_datetime_operator_2', 'example_branch_datetime_operator_3' retrieved from /home/deprojectue/miniconda3/envs/airflow_demo/lib/python3.9/site-packages/airflow/example_dags/example_branch_datetime_operator.py
[2024-01-31T02:09:33.525+0000] {logging_mixin.py:188} INFO - [2024-01-31T02:09:33.525+0000] {dag.py:3033} INFO - Sync 3 DAGs
[2024-01-31T02:09:33.640+0000] {logging_mixin.py:188} INFO - [2024-01-31T02:09:33.639+0000] {dag.py:3820} INFO - Setting next_dagrun for example_branch_datetime_operator to 2024-01-30T00:00:00+00:00, run_after=2024-01-31T00:00:00+00:00
[2024-01-31T02:09:33.656+0000] {logging_mixin.py:188} INFO - [2024-01-31T02:09:33.656+0000] {dag.py:3820} INFO - Setting next_dagrun for example_branch_datetime_operator_2 to 2024-01-30T00:00:00+00:00, run_after=2024-01-31T00:00:00+00:00
[2024-01-31T02:09:33.668+0000] {logging_mixin.py:188} INFO - [2024-01-31T02:09:33.668+0000] {dag.py:3820} INFO - Setting next_dagrun for example_branch_datetime_operator_3 to 2024-01-30T00:00:00+00:00, run_after=2024-01-31T00:00:00+00:00
[2024-01-31T02:09:33.750+0000] {processor.py:183} INFO - Processing /home/deprojectue/miniconda3/envs/airflow_demo/lib/python3.9/site-packages/airflow/example_dags/example_branch_datetime_operator.py took 0.497 seconds
[2024-01-31T02:13:11.171+0000] {processor.py:161} INFO - Started process (PID=211067) to work on /home/deprojectue/miniconda3/envs/airflow_demo/lib/python3.9/site-packages/airflow/example_dags/example_branch_datetime_operator.py
[2024-01-31T02:13:11.173+0000] {processor.py:830} INFO - Processing file /home/deprojectue/miniconda3/envs/airflow_demo/lib/python3.9/site-packages/airflow/example_dags/example_branch_datetime_operator.py for tasks to queue
[2024-01-31T02:13:11.176+0000] {logging_mixin.py:188} INFO - [2024-01-31T02:13:11.176+0000] {dagbag.py:538} INFO - Filling up the DagBag from /home/deprojectue/miniconda3/envs/airflow_demo/lib/python3.9/site-packages/airflow/example_dags/example_branch_datetime_operator.py
[2024-01-31T02:13:11.189+0000] {processor.py:840} INFO - DAG(s) 'example_branch_datetime_operator', 'example_branch_datetime_operator_2', 'example_branch_datetime_operator_3' retrieved from /home/deprojectue/miniconda3/envs/airflow_demo/lib/python3.9/site-packages/airflow/example_dags/example_branch_datetime_operator.py
[2024-01-31T02:13:11.218+0000] {logging_mixin.py:188} INFO - [2024-01-31T02:13:11.218+0000] {dag.py:3033} INFO - Sync 3 DAGs
[2024-01-31T02:13:11.241+0000] {logging_mixin.py:188} INFO - [2024-01-31T02:13:11.241+0000] {dag.py:3820} INFO - Setting next_dagrun for example_branch_datetime_operator to 2024-01-30T00:00:00+00:00, run_after=2024-01-31T00:00:00+00:00
[2024-01-31T02:13:11.246+0000] {logging_mixin.py:188} INFO - [2024-01-31T02:13:11.246+0000] {dag.py:3820} INFO - Setting next_dagrun for example_branch_datetime_operator_2 to 2024-01-30T00:00:00+00:00, run_after=2024-01-31T00:00:00+00:00
[2024-01-31T02:13:11.249+0000] {logging_mixin.py:188} INFO - [2024-01-31T02:13:11.249+0000] {dag.py:3820} INFO - Setting next_dagrun for example_branch_datetime_operator_3 to 2024-01-30T00:00:00+00:00, run_after=2024-01-31T00:00:00+00:00
[2024-01-31T02:13:11.271+0000] {processor.py:183} INFO - Processing /home/deprojectue/miniconda3/envs/airflow_demo/lib/python3.9/site-packages/airflow/example_dags/example_branch_datetime_operator.py took 0.105 seconds
[2024-01-31T02:14:10.088+0000] {processor.py:161} INFO - Started process (PID=211136) to work on /home/deprojectue/miniconda3/envs/airflow_demo/lib/python3.9/site-packages/airflow/example_dags/example_branch_datetime_operator.py
[2024-01-31T02:14:10.090+0000] {processor.py:830} INFO - Processing file /home/deprojectue/miniconda3/envs/airflow_demo/lib/python3.9/site-packages/airflow/example_dags/example_branch_datetime_operator.py for tasks to queue
[2024-01-31T02:14:10.093+0000] {logging_mixin.py:188} INFO - [2024-01-31T02:14:10.093+0000] {dagbag.py:538} INFO - Filling up the DagBag from /home/deprojectue/miniconda3/envs/airflow_demo/lib/python3.9/site-packages/airflow/example_dags/example_branch_datetime_operator.py
[2024-01-31T02:14:10.105+0000] {processor.py:840} INFO - DAG(s) 'example_branch_datetime_operator_2', 'example_branch_datetime_operator_3', 'example_branch_datetime_operator' retrieved from /home/deprojectue/miniconda3/envs/airflow_demo/lib/python3.9/site-packages/airflow/example_dags/example_branch_datetime_operator.py
[2024-01-31T02:14:10.131+0000] {logging_mixin.py:188} INFO - [2024-01-31T02:14:10.131+0000] {dag.py:3033} INFO - Sync 3 DAGs
[2024-01-31T02:14:10.155+0000] {logging_mixin.py:188} INFO - [2024-01-31T02:14:10.155+0000] {dag.py:3820} INFO - Setting next_dagrun for example_branch_datetime_operator to 2024-01-30T00:00:00+00:00, run_after=2024-01-31T00:00:00+00:00
[2024-01-31T02:14:10.160+0000] {logging_mixin.py:188} INFO - [2024-01-31T02:14:10.160+0000] {dag.py:3820} INFO - Setting next_dagrun for example_branch_datetime_operator_2 to 2024-01-30T00:00:00+00:00, run_after=2024-01-31T00:00:00+00:00
[2024-01-31T02:14:10.163+0000] {logging_mixin.py:188} INFO - [2024-01-31T02:14:10.163+0000] {dag.py:3820} INFO - Setting next_dagrun for example_branch_datetime_operator_3 to 2024-01-30T00:00:00+00:00, run_after=2024-01-31T00:00:00+00:00
[2024-01-31T02:14:10.192+0000] {processor.py:183} INFO - Processing /home/deprojectue/miniconda3/envs/airflow_demo/lib/python3.9/site-packages/airflow/example_dags/example_branch_datetime_operator.py took 0.109 seconds
[2024-01-31T02:22:10.896+0000] {processor.py:161} INFO - Started process (PID=211327) to work on /home/deprojectue/miniconda3/envs/airflow_demo/lib/python3.9/site-packages/airflow/example_dags/example_branch_datetime_operator.py
[2024-01-31T02:22:10.899+0000] {processor.py:830} INFO - Processing file /home/deprojectue/miniconda3/envs/airflow_demo/lib/python3.9/site-packages/airflow/example_dags/example_branch_datetime_operator.py for tasks to queue
[2024-01-31T02:22:10.903+0000] {logging_mixin.py:188} INFO - [2024-01-31T02:22:10.902+0000] {dagbag.py:538} INFO - Filling up the DagBag from /home/deprojectue/miniconda3/envs/airflow_demo/lib/python3.9/site-packages/airflow/example_dags/example_branch_datetime_operator.py
[2024-01-31T02:22:10.917+0000] {processor.py:840} INFO - DAG(s) 'example_branch_datetime_operator_3', 'example_branch_datetime_operator', 'example_branch_datetime_operator_2' retrieved from /home/deprojectue/miniconda3/envs/airflow_demo/lib/python3.9/site-packages/airflow/example_dags/example_branch_datetime_operator.py
[2024-01-31T02:22:10.948+0000] {logging_mixin.py:188} INFO - [2024-01-31T02:22:10.947+0000] {dag.py:3033} INFO - Sync 3 DAGs
[2024-01-31T02:22:10.971+0000] {logging_mixin.py:188} INFO - [2024-01-31T02:22:10.971+0000] {dag.py:3820} INFO - Setting next_dagrun for example_branch_datetime_operator to 2024-01-30T00:00:00+00:00, run_after=2024-01-31T00:00:00+00:00
[2024-01-31T02:22:10.977+0000] {logging_mixin.py:188} INFO - [2024-01-31T02:22:10.977+0000] {dag.py:3820} INFO - Setting next_dagrun for example_branch_datetime_operator_2 to 2024-01-30T00:00:00+00:00, run_after=2024-01-31T00:00:00+00:00
[2024-01-31T02:22:10.980+0000] {logging_mixin.py:188} INFO - [2024-01-31T02:22:10.979+0000] {dag.py:3820} INFO - Setting next_dagrun for example_branch_datetime_operator_3 to 2024-01-30T00:00:00+00:00, run_after=2024-01-31T00:00:00+00:00
[2024-01-31T02:22:11.005+0000] {processor.py:183} INFO - Processing /home/deprojectue/miniconda3/envs/airflow_demo/lib/python3.9/site-packages/airflow/example_dags/example_branch_datetime_operator.py took 0.113 seconds
[2024-01-31T08:24:48.490+0000] {processor.py:161} INFO - Started process (PID=214068) to work on /home/deprojectue/miniconda3/envs/airflow_demo/lib/python3.9/site-packages/airflow/example_dags/example_branch_datetime_operator.py
[2024-01-31T08:24:48.492+0000] {processor.py:830} INFO - Processing file /home/deprojectue/miniconda3/envs/airflow_demo/lib/python3.9/site-packages/airflow/example_dags/example_branch_datetime_operator.py for tasks to queue
[2024-01-31T08:24:48.496+0000] {logging_mixin.py:188} INFO - [2024-01-31T08:24:48.495+0000] {dagbag.py:538} INFO - Filling up the DagBag from /home/deprojectue/miniconda3/envs/airflow_demo/lib/python3.9/site-packages/airflow/example_dags/example_branch_datetime_operator.py
[2024-01-31T08:24:48.509+0000] {processor.py:840} INFO - DAG(s) 'example_branch_datetime_operator_3', 'example_branch_datetime_operator', 'example_branch_datetime_operator_2' retrieved from /home/deprojectue/miniconda3/envs/airflow_demo/lib/python3.9/site-packages/airflow/example_dags/example_branch_datetime_operator.py
[2024-01-31T08:24:48.540+0000] {logging_mixin.py:188} INFO - [2024-01-31T08:24:48.539+0000] {dag.py:3033} INFO - Sync 3 DAGs
[2024-01-31T08:24:48.563+0000] {logging_mixin.py:188} INFO - [2024-01-31T08:24:48.563+0000] {dag.py:3820} INFO - Setting next_dagrun for example_branch_datetime_operator to 2024-01-30T00:00:00+00:00, run_after=2024-01-31T00:00:00+00:00
[2024-01-31T08:24:48.567+0000] {logging_mixin.py:188} INFO - [2024-01-31T08:24:48.567+0000] {dag.py:3820} INFO - Setting next_dagrun for example_branch_datetime_operator_2 to 2024-01-30T00:00:00+00:00, run_after=2024-01-31T00:00:00+00:00
[2024-01-31T08:24:48.570+0000] {logging_mixin.py:188} INFO - [2024-01-31T08:24:48.570+0000] {dag.py:3820} INFO - Setting next_dagrun for example_branch_datetime_operator_3 to 2024-01-30T00:00:00+00:00, run_after=2024-01-31T00:00:00+00:00
[2024-01-31T08:24:48.591+0000] {processor.py:183} INFO - Processing /home/deprojectue/miniconda3/envs/airflow_demo/lib/python3.9/site-packages/airflow/example_dags/example_branch_datetime_operator.py took 0.105 seconds
[2024-01-31T08:25:37.370+0000] {processor.py:161} INFO - Started process (PID=214119) to work on /home/deprojectue/miniconda3/envs/airflow_demo/lib/python3.9/site-packages/airflow/example_dags/example_branch_datetime_operator.py
[2024-01-31T08:25:37.372+0000] {processor.py:830} INFO - Processing file /home/deprojectue/miniconda3/envs/airflow_demo/lib/python3.9/site-packages/airflow/example_dags/example_branch_datetime_operator.py for tasks to queue
[2024-01-31T08:25:37.375+0000] {logging_mixin.py:188} INFO - [2024-01-31T08:25:37.375+0000] {dagbag.py:538} INFO - Filling up the DagBag from /home/deprojectue/miniconda3/envs/airflow_demo/lib/python3.9/site-packages/airflow/example_dags/example_branch_datetime_operator.py
[2024-01-31T08:25:37.389+0000] {processor.py:840} INFO - DAG(s) 'example_branch_datetime_operator', 'example_branch_datetime_operator_2', 'example_branch_datetime_operator_3' retrieved from /home/deprojectue/miniconda3/envs/airflow_demo/lib/python3.9/site-packages/airflow/example_dags/example_branch_datetime_operator.py
[2024-01-31T08:25:37.417+0000] {logging_mixin.py:188} INFO - [2024-01-31T08:25:37.417+0000] {dag.py:3033} INFO - Sync 3 DAGs
[2024-01-31T08:25:37.441+0000] {logging_mixin.py:188} INFO - [2024-01-31T08:25:37.441+0000] {dag.py:3820} INFO - Setting next_dagrun for example_branch_datetime_operator to 2024-01-30T00:00:00+00:00, run_after=2024-01-31T00:00:00+00:00
[2024-01-31T08:25:37.446+0000] {logging_mixin.py:188} INFO - [2024-01-31T08:25:37.446+0000] {dag.py:3820} INFO - Setting next_dagrun for example_branch_datetime_operator_2 to 2024-01-30T00:00:00+00:00, run_after=2024-01-31T00:00:00+00:00
[2024-01-31T08:25:37.449+0000] {logging_mixin.py:188} INFO - [2024-01-31T08:25:37.448+0000] {dag.py:3820} INFO - Setting next_dagrun for example_branch_datetime_operator_3 to 2024-01-30T00:00:00+00:00, run_after=2024-01-31T00:00:00+00:00
[2024-01-31T08:25:37.472+0000] {processor.py:183} INFO - Processing /home/deprojectue/miniconda3/envs/airflow_demo/lib/python3.9/site-packages/airflow/example_dags/example_branch_datetime_operator.py took 0.106 seconds
[2024-01-31T08:52:20.637+0000] {processor.py:161} INFO - Started process (PID=215400) to work on /home/deprojectue/miniconda3/envs/airflow_demo/lib/python3.9/site-packages/airflow/example_dags/example_branch_datetime_operator.py
[2024-01-31T08:52:20.639+0000] {processor.py:830} INFO - Processing file /home/deprojectue/miniconda3/envs/airflow_demo/lib/python3.9/site-packages/airflow/example_dags/example_branch_datetime_operator.py for tasks to queue
[2024-01-31T08:52:20.642+0000] {logging_mixin.py:188} INFO - [2024-01-31T08:52:20.642+0000] {dagbag.py:538} INFO - Filling up the DagBag from /home/deprojectue/miniconda3/envs/airflow_demo/lib/python3.9/site-packages/airflow/example_dags/example_branch_datetime_operator.py
[2024-01-31T08:52:20.655+0000] {processor.py:840} INFO - DAG(s) 'example_branch_datetime_operator_2', 'example_branch_datetime_operator', 'example_branch_datetime_operator_3' retrieved from /home/deprojectue/miniconda3/envs/airflow_demo/lib/python3.9/site-packages/airflow/example_dags/example_branch_datetime_operator.py
[2024-01-31T08:52:20.685+0000] {logging_mixin.py:188} INFO - [2024-01-31T08:52:20.685+0000] {dag.py:3033} INFO - Sync 3 DAGs
[2024-01-31T08:52:20.708+0000] {logging_mixin.py:188} INFO - [2024-01-31T08:52:20.708+0000] {dag.py:3820} INFO - Setting next_dagrun for example_branch_datetime_operator to 2024-01-30T00:00:00+00:00, run_after=2024-01-31T00:00:00+00:00
[2024-01-31T08:52:20.712+0000] {logging_mixin.py:188} INFO - [2024-01-31T08:52:20.712+0000] {dag.py:3820} INFO - Setting next_dagrun for example_branch_datetime_operator_2 to 2024-01-30T00:00:00+00:00, run_after=2024-01-31T00:00:00+00:00
[2024-01-31T08:52:20.715+0000] {logging_mixin.py:188} INFO - [2024-01-31T08:52:20.714+0000] {dag.py:3820} INFO - Setting next_dagrun for example_branch_datetime_operator_3 to 2024-01-30T00:00:00+00:00, run_after=2024-01-31T00:00:00+00:00
[2024-01-31T08:52:20.738+0000] {processor.py:183} INFO - Processing /home/deprojectue/miniconda3/envs/airflow_demo/lib/python3.9/site-packages/airflow/example_dags/example_branch_datetime_operator.py took 0.105 seconds
[2024-01-31T08:53:20.806+0000] {processor.py:161} INFO - Started process (PID=215464) to work on /home/deprojectue/miniconda3/envs/airflow_demo/lib/python3.9/site-packages/airflow/example_dags/example_branch_datetime_operator.py
[2024-01-31T08:53:20.808+0000] {processor.py:830} INFO - Processing file /home/deprojectue/miniconda3/envs/airflow_demo/lib/python3.9/site-packages/airflow/example_dags/example_branch_datetime_operator.py for tasks to queue
[2024-01-31T08:53:20.812+0000] {logging_mixin.py:188} INFO - [2024-01-31T08:53:20.811+0000] {dagbag.py:538} INFO - Filling up the DagBag from /home/deprojectue/miniconda3/envs/airflow_demo/lib/python3.9/site-packages/airflow/example_dags/example_branch_datetime_operator.py
[2024-01-31T08:53:20.825+0000] {processor.py:840} INFO - DAG(s) 'example_branch_datetime_operator_2', 'example_branch_datetime_operator_3', 'example_branch_datetime_operator' retrieved from /home/deprojectue/miniconda3/envs/airflow_demo/lib/python3.9/site-packages/airflow/example_dags/example_branch_datetime_operator.py
[2024-01-31T08:53:20.853+0000] {logging_mixin.py:188} INFO - [2024-01-31T08:53:20.852+0000] {dag.py:3033} INFO - Sync 3 DAGs
[2024-01-31T08:53:20.875+0000] {logging_mixin.py:188} INFO - [2024-01-31T08:53:20.874+0000] {dag.py:3820} INFO - Setting next_dagrun for example_branch_datetime_operator to 2024-01-30T00:00:00+00:00, run_after=2024-01-31T00:00:00+00:00
[2024-01-31T08:53:20.879+0000] {logging_mixin.py:188} INFO - [2024-01-31T08:53:20.879+0000] {dag.py:3820} INFO - Setting next_dagrun for example_branch_datetime_operator_2 to 2024-01-30T00:00:00+00:00, run_after=2024-01-31T00:00:00+00:00
[2024-01-31T08:53:20.882+0000] {logging_mixin.py:188} INFO - [2024-01-31T08:53:20.882+0000] {dag.py:3820} INFO - Setting next_dagrun for example_branch_datetime_operator_3 to 2024-01-30T00:00:00+00:00, run_after=2024-01-31T00:00:00+00:00
[2024-01-31T08:53:20.907+0000] {processor.py:183} INFO - Processing /home/deprojectue/miniconda3/envs/airflow_demo/lib/python3.9/site-packages/airflow/example_dags/example_branch_datetime_operator.py took 0.105 seconds
[2024-01-31T08:54:23.962+0000] {processor.py:161} INFO - Started process (PID=215526) to work on /home/deprojectue/miniconda3/envs/airflow_demo/lib/python3.9/site-packages/airflow/example_dags/example_branch_datetime_operator.py
[2024-01-31T08:54:23.964+0000] {processor.py:830} INFO - Processing file /home/deprojectue/miniconda3/envs/airflow_demo/lib/python3.9/site-packages/airflow/example_dags/example_branch_datetime_operator.py for tasks to queue
[2024-01-31T08:54:23.968+0000] {logging_mixin.py:188} INFO - [2024-01-31T08:54:23.967+0000] {dagbag.py:538} INFO - Filling up the DagBag from /home/deprojectue/miniconda3/envs/airflow_demo/lib/python3.9/site-packages/airflow/example_dags/example_branch_datetime_operator.py
[2024-01-31T08:54:23.980+0000] {processor.py:840} INFO - DAG(s) 'example_branch_datetime_operator_2', 'example_branch_datetime_operator_3', 'example_branch_datetime_operator' retrieved from /home/deprojectue/miniconda3/envs/airflow_demo/lib/python3.9/site-packages/airflow/example_dags/example_branch_datetime_operator.py
[2024-01-31T08:54:24.009+0000] {logging_mixin.py:188} INFO - [2024-01-31T08:54:24.008+0000] {dag.py:3033} INFO - Sync 3 DAGs
[2024-01-31T08:54:24.031+0000] {logging_mixin.py:188} INFO - [2024-01-31T08:54:24.031+0000] {dag.py:3820} INFO - Setting next_dagrun for example_branch_datetime_operator to 2024-01-30T00:00:00+00:00, run_after=2024-01-31T00:00:00+00:00
[2024-01-31T08:54:24.036+0000] {logging_mixin.py:188} INFO - [2024-01-31T08:54:24.036+0000] {dag.py:3820} INFO - Setting next_dagrun for example_branch_datetime_operator_2 to 2024-01-30T00:00:00+00:00, run_after=2024-01-31T00:00:00+00:00
[2024-01-31T08:54:24.039+0000] {logging_mixin.py:188} INFO - [2024-01-31T08:54:24.039+0000] {dag.py:3820} INFO - Setting next_dagrun for example_branch_datetime_operator_3 to 2024-01-30T00:00:00+00:00, run_after=2024-01-31T00:00:00+00:00
[2024-01-31T08:54:24.065+0000] {processor.py:183} INFO - Processing /home/deprojectue/miniconda3/envs/airflow_demo/lib/python3.9/site-packages/airflow/example_dags/example_branch_datetime_operator.py took 0.107 seconds
[2024-01-31T08:55:25.911+0000] {processor.py:161} INFO - Started process (PID=215591) to work on /home/deprojectue/miniconda3/envs/airflow_demo/lib/python3.9/site-packages/airflow/example_dags/example_branch_datetime_operator.py
[2024-01-31T08:55:25.913+0000] {processor.py:830} INFO - Processing file /home/deprojectue/miniconda3/envs/airflow_demo/lib/python3.9/site-packages/airflow/example_dags/example_branch_datetime_operator.py for tasks to queue
[2024-01-31T08:55:25.916+0000] {logging_mixin.py:188} INFO - [2024-01-31T08:55:25.916+0000] {dagbag.py:538} INFO - Filling up the DagBag from /home/deprojectue/miniconda3/envs/airflow_demo/lib/python3.9/site-packages/airflow/example_dags/example_branch_datetime_operator.py
[2024-01-31T08:55:25.928+0000] {processor.py:840} INFO - DAG(s) 'example_branch_datetime_operator_2', 'example_branch_datetime_operator_3', 'example_branch_datetime_operator' retrieved from /home/deprojectue/miniconda3/envs/airflow_demo/lib/python3.9/site-packages/airflow/example_dags/example_branch_datetime_operator.py
[2024-01-31T08:55:25.954+0000] {logging_mixin.py:188} INFO - [2024-01-31T08:55:25.954+0000] {dag.py:3033} INFO - Sync 3 DAGs
[2024-01-31T08:55:25.975+0000] {logging_mixin.py:188} INFO - [2024-01-31T08:55:25.975+0000] {dag.py:3820} INFO - Setting next_dagrun for example_branch_datetime_operator to 2024-01-30T00:00:00+00:00, run_after=2024-01-31T00:00:00+00:00
[2024-01-31T08:55:25.980+0000] {logging_mixin.py:188} INFO - [2024-01-31T08:55:25.980+0000] {dag.py:3820} INFO - Setting next_dagrun for example_branch_datetime_operator_2 to 2024-01-30T00:00:00+00:00, run_after=2024-01-31T00:00:00+00:00
[2024-01-31T08:55:25.983+0000] {logging_mixin.py:188} INFO - [2024-01-31T08:55:25.983+0000] {dag.py:3820} INFO - Setting next_dagrun for example_branch_datetime_operator_3 to 2024-01-30T00:00:00+00:00, run_after=2024-01-31T00:00:00+00:00
[2024-01-31T08:55:26.007+0000] {processor.py:183} INFO - Processing /home/deprojectue/miniconda3/envs/airflow_demo/lib/python3.9/site-packages/airflow/example_dags/example_branch_datetime_operator.py took 0.101 seconds
[2024-01-31T08:56:21.192+0000] {processor.py:161} INFO - Started process (PID=215663) to work on /home/deprojectue/miniconda3/envs/airflow_demo/lib/python3.9/site-packages/airflow/example_dags/example_branch_datetime_operator.py
[2024-01-31T08:56:21.194+0000] {processor.py:830} INFO - Processing file /home/deprojectue/miniconda3/envs/airflow_demo/lib/python3.9/site-packages/airflow/example_dags/example_branch_datetime_operator.py for tasks to queue
[2024-01-31T08:56:21.198+0000] {logging_mixin.py:188} INFO - [2024-01-31T08:56:21.197+0000] {dagbag.py:538} INFO - Filling up the DagBag from /home/deprojectue/miniconda3/envs/airflow_demo/lib/python3.9/site-packages/airflow/example_dags/example_branch_datetime_operator.py
[2024-01-31T08:56:21.212+0000] {processor.py:840} INFO - DAG(s) 'example_branch_datetime_operator_2', 'example_branch_datetime_operator', 'example_branch_datetime_operator_3' retrieved from /home/deprojectue/miniconda3/envs/airflow_demo/lib/python3.9/site-packages/airflow/example_dags/example_branch_datetime_operator.py
[2024-01-31T08:56:21.258+0000] {logging_mixin.py:188} INFO - [2024-01-31T08:56:21.258+0000] {dag.py:3033} INFO - Sync 3 DAGs
[2024-01-31T08:56:21.287+0000] {logging_mixin.py:188} INFO - [2024-01-31T08:56:21.287+0000] {dag.py:3820} INFO - Setting next_dagrun for example_branch_datetime_operator to 2024-01-30T00:00:00+00:00, run_after=2024-01-31T00:00:00+00:00
[2024-01-31T08:56:21.293+0000] {logging_mixin.py:188} INFO - [2024-01-31T08:56:21.293+0000] {dag.py:3820} INFO - Setting next_dagrun for example_branch_datetime_operator_2 to 2024-01-30T00:00:00+00:00, run_after=2024-01-31T00:00:00+00:00
[2024-01-31T08:56:21.296+0000] {logging_mixin.py:188} INFO - [2024-01-31T08:56:21.296+0000] {dag.py:3820} INFO - Setting next_dagrun for example_branch_datetime_operator_3 to 2024-01-30T00:00:00+00:00, run_after=2024-01-31T00:00:00+00:00
[2024-01-31T08:56:21.328+0000] {processor.py:183} INFO - Processing /home/deprojectue/miniconda3/envs/airflow_demo/lib/python3.9/site-packages/airflow/example_dags/example_branch_datetime_operator.py took 0.140 seconds
[2024-01-31T08:57:19.115+0000] {processor.py:161} INFO - Started process (PID=215728) to work on /home/deprojectue/miniconda3/envs/airflow_demo/lib/python3.9/site-packages/airflow/example_dags/example_branch_datetime_operator.py
[2024-01-31T08:57:19.117+0000] {processor.py:830} INFO - Processing file /home/deprojectue/miniconda3/envs/airflow_demo/lib/python3.9/site-packages/airflow/example_dags/example_branch_datetime_operator.py for tasks to queue
[2024-01-31T08:57:19.121+0000] {logging_mixin.py:188} INFO - [2024-01-31T08:57:19.120+0000] {dagbag.py:538} INFO - Filling up the DagBag from /home/deprojectue/miniconda3/envs/airflow_demo/lib/python3.9/site-packages/airflow/example_dags/example_branch_datetime_operator.py
[2024-01-31T08:57:19.133+0000] {processor.py:840} INFO - DAG(s) 'example_branch_datetime_operator', 'example_branch_datetime_operator_3', 'example_branch_datetime_operator_2' retrieved from /home/deprojectue/miniconda3/envs/airflow_demo/lib/python3.9/site-packages/airflow/example_dags/example_branch_datetime_operator.py
[2024-01-31T08:57:19.161+0000] {logging_mixin.py:188} INFO - [2024-01-31T08:57:19.160+0000] {dag.py:3033} INFO - Sync 3 DAGs
[2024-01-31T08:57:19.182+0000] {logging_mixin.py:188} INFO - [2024-01-31T08:57:19.182+0000] {dag.py:3820} INFO - Setting next_dagrun for example_branch_datetime_operator to 2024-01-30T00:00:00+00:00, run_after=2024-01-31T00:00:00+00:00
[2024-01-31T08:57:19.187+0000] {logging_mixin.py:188} INFO - [2024-01-31T08:57:19.186+0000] {dag.py:3820} INFO - Setting next_dagrun for example_branch_datetime_operator_2 to 2024-01-30T00:00:00+00:00, run_after=2024-01-31T00:00:00+00:00
[2024-01-31T08:57:19.189+0000] {logging_mixin.py:188} INFO - [2024-01-31T08:57:19.189+0000] {dag.py:3820} INFO - Setting next_dagrun for example_branch_datetime_operator_3 to 2024-01-30T00:00:00+00:00, run_after=2024-01-31T00:00:00+00:00
[2024-01-31T08:57:19.215+0000] {processor.py:183} INFO - Processing /home/deprojectue/miniconda3/envs/airflow_demo/lib/python3.9/site-packages/airflow/example_dags/example_branch_datetime_operator.py took 0.104 seconds
[2024-01-31T08:58:14.123+0000] {processor.py:161} INFO - Started process (PID=215785) to work on /home/deprojectue/miniconda3/envs/airflow_demo/lib/python3.9/site-packages/airflow/example_dags/example_branch_datetime_operator.py
[2024-01-31T08:58:14.124+0000] {processor.py:830} INFO - Processing file /home/deprojectue/miniconda3/envs/airflow_demo/lib/python3.9/site-packages/airflow/example_dags/example_branch_datetime_operator.py for tasks to queue
[2024-01-31T08:58:14.128+0000] {logging_mixin.py:188} INFO - [2024-01-31T08:58:14.127+0000] {dagbag.py:538} INFO - Filling up the DagBag from /home/deprojectue/miniconda3/envs/airflow_demo/lib/python3.9/site-packages/airflow/example_dags/example_branch_datetime_operator.py
[2024-01-31T08:58:14.143+0000] {processor.py:840} INFO - DAG(s) 'example_branch_datetime_operator', 'example_branch_datetime_operator_3', 'example_branch_datetime_operator_2' retrieved from /home/deprojectue/miniconda3/envs/airflow_demo/lib/python3.9/site-packages/airflow/example_dags/example_branch_datetime_operator.py
[2024-01-31T08:58:14.173+0000] {logging_mixin.py:188} INFO - [2024-01-31T08:58:14.172+0000] {dag.py:3033} INFO - Sync 3 DAGs
[2024-01-31T08:58:14.195+0000] {logging_mixin.py:188} INFO - [2024-01-31T08:58:14.195+0000] {dag.py:3820} INFO - Setting next_dagrun for example_branch_datetime_operator to 2024-01-30T00:00:00+00:00, run_after=2024-01-31T00:00:00+00:00
[2024-01-31T08:58:14.200+0000] {logging_mixin.py:188} INFO - [2024-01-31T08:58:14.200+0000] {dag.py:3820} INFO - Setting next_dagrun for example_branch_datetime_operator_2 to 2024-01-30T00:00:00+00:00, run_after=2024-01-31T00:00:00+00:00
[2024-01-31T08:58:14.202+0000] {logging_mixin.py:188} INFO - [2024-01-31T08:58:14.202+0000] {dag.py:3820} INFO - Setting next_dagrun for example_branch_datetime_operator_3 to 2024-01-30T00:00:00+00:00, run_after=2024-01-31T00:00:00+00:00
[2024-01-31T08:58:14.226+0000] {processor.py:183} INFO - Processing /home/deprojectue/miniconda3/envs/airflow_demo/lib/python3.9/site-packages/airflow/example_dags/example_branch_datetime_operator.py took 0.108 seconds
[2024-01-31T08:59:15.865+0000] {processor.py:161} INFO - Started process (PID=215867) to work on /home/deprojectue/miniconda3/envs/airflow_demo/lib/python3.9/site-packages/airflow/example_dags/example_branch_datetime_operator.py
[2024-01-31T08:59:15.867+0000] {processor.py:830} INFO - Processing file /home/deprojectue/miniconda3/envs/airflow_demo/lib/python3.9/site-packages/airflow/example_dags/example_branch_datetime_operator.py for tasks to queue
[2024-01-31T08:59:15.870+0000] {logging_mixin.py:188} INFO - [2024-01-31T08:59:15.870+0000] {dagbag.py:538} INFO - Filling up the DagBag from /home/deprojectue/miniconda3/envs/airflow_demo/lib/python3.9/site-packages/airflow/example_dags/example_branch_datetime_operator.py
[2024-01-31T08:59:15.882+0000] {processor.py:840} INFO - DAG(s) 'example_branch_datetime_operator_3', 'example_branch_datetime_operator', 'example_branch_datetime_operator_2' retrieved from /home/deprojectue/miniconda3/envs/airflow_demo/lib/python3.9/site-packages/airflow/example_dags/example_branch_datetime_operator.py
[2024-01-31T08:59:15.910+0000] {logging_mixin.py:188} INFO - [2024-01-31T08:59:15.909+0000] {dag.py:3033} INFO - Sync 3 DAGs
[2024-01-31T08:59:15.930+0000] {logging_mixin.py:188} INFO - [2024-01-31T08:59:15.930+0000] {dag.py:3820} INFO - Setting next_dagrun for example_branch_datetime_operator to 2024-01-30T00:00:00+00:00, run_after=2024-01-31T00:00:00+00:00
[2024-01-31T08:59:15.935+0000] {logging_mixin.py:188} INFO - [2024-01-31T08:59:15.934+0000] {dag.py:3820} INFO - Setting next_dagrun for example_branch_datetime_operator_2 to 2024-01-30T00:00:00+00:00, run_after=2024-01-31T00:00:00+00:00
[2024-01-31T08:59:15.937+0000] {logging_mixin.py:188} INFO - [2024-01-31T08:59:15.937+0000] {dag.py:3820} INFO - Setting next_dagrun for example_branch_datetime_operator_3 to 2024-01-30T00:00:00+00:00, run_after=2024-01-31T00:00:00+00:00
[2024-01-31T08:59:15.959+0000] {processor.py:183} INFO - Processing /home/deprojectue/miniconda3/envs/airflow_demo/lib/python3.9/site-packages/airflow/example_dags/example_branch_datetime_operator.py took 0.099 seconds
[2024-01-31T09:00:15.008+0000] {processor.py:161} INFO - Started process (PID=215928) to work on /home/deprojectue/miniconda3/envs/airflow_demo/lib/python3.9/site-packages/airflow/example_dags/example_branch_datetime_operator.py
[2024-01-31T09:00:15.011+0000] {processor.py:830} INFO - Processing file /home/deprojectue/miniconda3/envs/airflow_demo/lib/python3.9/site-packages/airflow/example_dags/example_branch_datetime_operator.py for tasks to queue
[2024-01-31T09:00:15.014+0000] {logging_mixin.py:188} INFO - [2024-01-31T09:00:15.014+0000] {dagbag.py:538} INFO - Filling up the DagBag from /home/deprojectue/miniconda3/envs/airflow_demo/lib/python3.9/site-packages/airflow/example_dags/example_branch_datetime_operator.py
[2024-01-31T09:00:15.027+0000] {processor.py:840} INFO - DAG(s) 'example_branch_datetime_operator_3', 'example_branch_datetime_operator_2', 'example_branch_datetime_operator' retrieved from /home/deprojectue/miniconda3/envs/airflow_demo/lib/python3.9/site-packages/airflow/example_dags/example_branch_datetime_operator.py
[2024-01-31T09:00:15.057+0000] {logging_mixin.py:188} INFO - [2024-01-31T09:00:15.056+0000] {dag.py:3033} INFO - Sync 3 DAGs
[2024-01-31T09:00:15.079+0000] {logging_mixin.py:188} INFO - [2024-01-31T09:00:15.078+0000] {dag.py:3820} INFO - Setting next_dagrun for example_branch_datetime_operator to 2024-01-30T00:00:00+00:00, run_after=2024-01-31T00:00:00+00:00
[2024-01-31T09:00:15.083+0000] {logging_mixin.py:188} INFO - [2024-01-31T09:00:15.083+0000] {dag.py:3820} INFO - Setting next_dagrun for example_branch_datetime_operator_2 to 2024-01-30T00:00:00+00:00, run_after=2024-01-31T00:00:00+00:00
[2024-01-31T09:00:15.086+0000] {logging_mixin.py:188} INFO - [2024-01-31T09:00:15.086+0000] {dag.py:3820} INFO - Setting next_dagrun for example_branch_datetime_operator_3 to 2024-01-30T00:00:00+00:00, run_after=2024-01-31T00:00:00+00:00
[2024-01-31T09:00:15.112+0000] {processor.py:183} INFO - Processing /home/deprojectue/miniconda3/envs/airflow_demo/lib/python3.9/site-packages/airflow/example_dags/example_branch_datetime_operator.py took 0.108 seconds
[2024-01-31T09:01:10.414+0000] {processor.py:161} INFO - Started process (PID=215988) to work on /home/deprojectue/miniconda3/envs/airflow_demo/lib/python3.9/site-packages/airflow/example_dags/example_branch_datetime_operator.py
[2024-01-31T09:01:10.416+0000] {processor.py:830} INFO - Processing file /home/deprojectue/miniconda3/envs/airflow_demo/lib/python3.9/site-packages/airflow/example_dags/example_branch_datetime_operator.py for tasks to queue
[2024-01-31T09:01:10.420+0000] {logging_mixin.py:188} INFO - [2024-01-31T09:01:10.419+0000] {dagbag.py:538} INFO - Filling up the DagBag from /home/deprojectue/miniconda3/envs/airflow_demo/lib/python3.9/site-packages/airflow/example_dags/example_branch_datetime_operator.py
[2024-01-31T09:01:10.432+0000] {processor.py:840} INFO - DAG(s) 'example_branch_datetime_operator_3', 'example_branch_datetime_operator', 'example_branch_datetime_operator_2' retrieved from /home/deprojectue/miniconda3/envs/airflow_demo/lib/python3.9/site-packages/airflow/example_dags/example_branch_datetime_operator.py
[2024-01-31T09:01:10.460+0000] {logging_mixin.py:188} INFO - [2024-01-31T09:01:10.459+0000] {dag.py:3033} INFO - Sync 3 DAGs
[2024-01-31T09:01:10.483+0000] {logging_mixin.py:188} INFO - [2024-01-31T09:01:10.483+0000] {dag.py:3820} INFO - Setting next_dagrun for example_branch_datetime_operator to 2024-01-30T00:00:00+00:00, run_after=2024-01-31T00:00:00+00:00
[2024-01-31T09:01:10.487+0000] {logging_mixin.py:188} INFO - [2024-01-31T09:01:10.487+0000] {dag.py:3820} INFO - Setting next_dagrun for example_branch_datetime_operator_2 to 2024-01-30T00:00:00+00:00, run_after=2024-01-31T00:00:00+00:00
[2024-01-31T09:01:10.490+0000] {logging_mixin.py:188} INFO - [2024-01-31T09:01:10.490+0000] {dag.py:3820} INFO - Setting next_dagrun for example_branch_datetime_operator_3 to 2024-01-30T00:00:00+00:00, run_after=2024-01-31T00:00:00+00:00
[2024-01-31T09:01:10.516+0000] {processor.py:183} INFO - Processing /home/deprojectue/miniconda3/envs/airflow_demo/lib/python3.9/site-packages/airflow/example_dags/example_branch_datetime_operator.py took 0.106 seconds
[2024-01-31T09:02:05.131+0000] {processor.py:161} INFO - Started process (PID=216047) to work on /home/deprojectue/miniconda3/envs/airflow_demo/lib/python3.9/site-packages/airflow/example_dags/example_branch_datetime_operator.py
[2024-01-31T09:02:05.133+0000] {processor.py:830} INFO - Processing file /home/deprojectue/miniconda3/envs/airflow_demo/lib/python3.9/site-packages/airflow/example_dags/example_branch_datetime_operator.py for tasks to queue
[2024-01-31T09:02:05.137+0000] {logging_mixin.py:188} INFO - [2024-01-31T09:02:05.136+0000] {dagbag.py:538} INFO - Filling up the DagBag from /home/deprojectue/miniconda3/envs/airflow_demo/lib/python3.9/site-packages/airflow/example_dags/example_branch_datetime_operator.py
[2024-01-31T09:02:05.150+0000] {processor.py:840} INFO - DAG(s) 'example_branch_datetime_operator_3', 'example_branch_datetime_operator', 'example_branch_datetime_operator_2' retrieved from /home/deprojectue/miniconda3/envs/airflow_demo/lib/python3.9/site-packages/airflow/example_dags/example_branch_datetime_operator.py
[2024-01-31T09:02:05.177+0000] {logging_mixin.py:188} INFO - [2024-01-31T09:02:05.176+0000] {dag.py:3033} INFO - Sync 3 DAGs
[2024-01-31T09:02:05.198+0000] {logging_mixin.py:188} INFO - [2024-01-31T09:02:05.198+0000] {dag.py:3820} INFO - Setting next_dagrun for example_branch_datetime_operator to 2024-01-30T00:00:00+00:00, run_after=2024-01-31T00:00:00+00:00
[2024-01-31T09:02:05.202+0000] {logging_mixin.py:188} INFO - [2024-01-31T09:02:05.202+0000] {dag.py:3820} INFO - Setting next_dagrun for example_branch_datetime_operator_2 to 2024-01-30T00:00:00+00:00, run_after=2024-01-31T00:00:00+00:00
[2024-01-31T09:02:05.205+0000] {logging_mixin.py:188} INFO - [2024-01-31T09:02:05.205+0000] {dag.py:3820} INFO - Setting next_dagrun for example_branch_datetime_operator_3 to 2024-01-30T00:00:00+00:00, run_after=2024-01-31T00:00:00+00:00
[2024-01-31T09:02:05.229+0000] {processor.py:183} INFO - Processing /home/deprojectue/miniconda3/envs/airflow_demo/lib/python3.9/site-packages/airflow/example_dags/example_branch_datetime_operator.py took 0.103 seconds
[2024-01-31T09:03:02.071+0000] {processor.py:161} INFO - Started process (PID=216106) to work on /home/deprojectue/miniconda3/envs/airflow_demo/lib/python3.9/site-packages/airflow/example_dags/example_branch_datetime_operator.py
[2024-01-31T09:03:02.073+0000] {processor.py:830} INFO - Processing file /home/deprojectue/miniconda3/envs/airflow_demo/lib/python3.9/site-packages/airflow/example_dags/example_branch_datetime_operator.py for tasks to queue
[2024-01-31T09:03:02.077+0000] {logging_mixin.py:188} INFO - [2024-01-31T09:03:02.077+0000] {dagbag.py:538} INFO - Filling up the DagBag from /home/deprojectue/miniconda3/envs/airflow_demo/lib/python3.9/site-packages/airflow/example_dags/example_branch_datetime_operator.py
[2024-01-31T09:03:02.089+0000] {processor.py:840} INFO - DAG(s) 'example_branch_datetime_operator', 'example_branch_datetime_operator_3', 'example_branch_datetime_operator_2' retrieved from /home/deprojectue/miniconda3/envs/airflow_demo/lib/python3.9/site-packages/airflow/example_dags/example_branch_datetime_operator.py
[2024-01-31T09:03:02.117+0000] {logging_mixin.py:188} INFO - [2024-01-31T09:03:02.117+0000] {dag.py:3033} INFO - Sync 3 DAGs
[2024-01-31T09:03:02.138+0000] {logging_mixin.py:188} INFO - [2024-01-31T09:03:02.138+0000] {dag.py:3820} INFO - Setting next_dagrun for example_branch_datetime_operator to 2024-01-30T00:00:00+00:00, run_after=2024-01-31T00:00:00+00:00
[2024-01-31T09:03:02.142+0000] {logging_mixin.py:188} INFO - [2024-01-31T09:03:02.142+0000] {dag.py:3820} INFO - Setting next_dagrun for example_branch_datetime_operator_2 to 2024-01-30T00:00:00+00:00, run_after=2024-01-31T00:00:00+00:00
[2024-01-31T09:03:02.145+0000] {logging_mixin.py:188} INFO - [2024-01-31T09:03:02.145+0000] {dag.py:3820} INFO - Setting next_dagrun for example_branch_datetime_operator_3 to 2024-01-30T00:00:00+00:00, run_after=2024-01-31T00:00:00+00:00
[2024-01-31T09:03:02.168+0000] {processor.py:183} INFO - Processing /home/deprojectue/miniconda3/envs/airflow_demo/lib/python3.9/site-packages/airflow/example_dags/example_branch_datetime_operator.py took 0.102 seconds
[2024-01-31T09:03:56.230+0000] {processor.py:161} INFO - Started process (PID=216162) to work on /home/deprojectue/miniconda3/envs/airflow_demo/lib/python3.9/site-packages/airflow/example_dags/example_branch_datetime_operator.py
[2024-01-31T09:03:56.232+0000] {processor.py:830} INFO - Processing file /home/deprojectue/miniconda3/envs/airflow_demo/lib/python3.9/site-packages/airflow/example_dags/example_branch_datetime_operator.py for tasks to queue
[2024-01-31T09:03:56.236+0000] {logging_mixin.py:188} INFO - [2024-01-31T09:03:56.235+0000] {dagbag.py:538} INFO - Filling up the DagBag from /home/deprojectue/miniconda3/envs/airflow_demo/lib/python3.9/site-packages/airflow/example_dags/example_branch_datetime_operator.py
[2024-01-31T09:03:56.249+0000] {processor.py:840} INFO - DAG(s) 'example_branch_datetime_operator', 'example_branch_datetime_operator_2', 'example_branch_datetime_operator_3' retrieved from /home/deprojectue/miniconda3/envs/airflow_demo/lib/python3.9/site-packages/airflow/example_dags/example_branch_datetime_operator.py
[2024-01-31T09:03:56.277+0000] {logging_mixin.py:188} INFO - [2024-01-31T09:03:56.276+0000] {dag.py:3033} INFO - Sync 3 DAGs
[2024-01-31T09:03:56.298+0000] {logging_mixin.py:188} INFO - [2024-01-31T09:03:56.298+0000] {dag.py:3820} INFO - Setting next_dagrun for example_branch_datetime_operator to 2024-01-30T00:00:00+00:00, run_after=2024-01-31T00:00:00+00:00
[2024-01-31T09:03:56.303+0000] {logging_mixin.py:188} INFO - [2024-01-31T09:03:56.302+0000] {dag.py:3820} INFO - Setting next_dagrun for example_branch_datetime_operator_2 to 2024-01-30T00:00:00+00:00, run_after=2024-01-31T00:00:00+00:00
[2024-01-31T09:03:56.305+0000] {logging_mixin.py:188} INFO - [2024-01-31T09:03:56.305+0000] {dag.py:3820} INFO - Setting next_dagrun for example_branch_datetime_operator_3 to 2024-01-30T00:00:00+00:00, run_after=2024-01-31T00:00:00+00:00
[2024-01-31T09:03:56.330+0000] {processor.py:183} INFO - Processing /home/deprojectue/miniconda3/envs/airflow_demo/lib/python3.9/site-packages/airflow/example_dags/example_branch_datetime_operator.py took 0.104 seconds
[2024-01-31T09:04:50.386+0000] {processor.py:161} INFO - Started process (PID=216221) to work on /home/deprojectue/miniconda3/envs/airflow_demo/lib/python3.9/site-packages/airflow/example_dags/example_branch_datetime_operator.py
[2024-01-31T09:04:50.389+0000] {processor.py:830} INFO - Processing file /home/deprojectue/miniconda3/envs/airflow_demo/lib/python3.9/site-packages/airflow/example_dags/example_branch_datetime_operator.py for tasks to queue
[2024-01-31T09:04:50.392+0000] {logging_mixin.py:188} INFO - [2024-01-31T09:04:50.392+0000] {dagbag.py:538} INFO - Filling up the DagBag from /home/deprojectue/miniconda3/envs/airflow_demo/lib/python3.9/site-packages/airflow/example_dags/example_branch_datetime_operator.py
[2024-01-31T09:04:50.406+0000] {processor.py:840} INFO - DAG(s) 'example_branch_datetime_operator_3', 'example_branch_datetime_operator_2', 'example_branch_datetime_operator' retrieved from /home/deprojectue/miniconda3/envs/airflow_demo/lib/python3.9/site-packages/airflow/example_dags/example_branch_datetime_operator.py
[2024-01-31T09:04:50.437+0000] {logging_mixin.py:188} INFO - [2024-01-31T09:04:50.437+0000] {dag.py:3033} INFO - Sync 3 DAGs
[2024-01-31T09:04:50.459+0000] {logging_mixin.py:188} INFO - [2024-01-31T09:04:50.459+0000] {dag.py:3820} INFO - Setting next_dagrun for example_branch_datetime_operator to 2024-01-30T00:00:00+00:00, run_after=2024-01-31T00:00:00+00:00
[2024-01-31T09:04:50.464+0000] {logging_mixin.py:188} INFO - [2024-01-31T09:04:50.463+0000] {dag.py:3820} INFO - Setting next_dagrun for example_branch_datetime_operator_2 to 2024-01-30T00:00:00+00:00, run_after=2024-01-31T00:00:00+00:00
[2024-01-31T09:04:50.467+0000] {logging_mixin.py:188} INFO - [2024-01-31T09:04:50.467+0000] {dag.py:3820} INFO - Setting next_dagrun for example_branch_datetime_operator_3 to 2024-01-30T00:00:00+00:00, run_after=2024-01-31T00:00:00+00:00
[2024-01-31T09:04:50.491+0000] {processor.py:183} INFO - Processing /home/deprojectue/miniconda3/envs/airflow_demo/lib/python3.9/site-packages/airflow/example_dags/example_branch_datetime_operator.py took 0.110 seconds
[2024-01-31T09:36:10.198+0000] {processor.py:161} INFO - Started process (PID=216905) to work on /home/deprojectue/miniconda3/envs/airflow_demo/lib/python3.9/site-packages/airflow/example_dags/example_branch_datetime_operator.py
[2024-01-31T09:36:10.201+0000] {processor.py:830} INFO - Processing file /home/deprojectue/miniconda3/envs/airflow_demo/lib/python3.9/site-packages/airflow/example_dags/example_branch_datetime_operator.py for tasks to queue
[2024-01-31T09:36:10.205+0000] {logging_mixin.py:188} INFO - [2024-01-31T09:36:10.203+0000] {dagbag.py:538} INFO - Filling up the DagBag from /home/deprojectue/miniconda3/envs/airflow_demo/lib/python3.9/site-packages/airflow/example_dags/example_branch_datetime_operator.py
[2024-01-31T09:36:10.223+0000] {processor.py:840} INFO - DAG(s) 'example_branch_datetime_operator', 'example_branch_datetime_operator_3', 'example_branch_datetime_operator_2' retrieved from /home/deprojectue/miniconda3/envs/airflow_demo/lib/python3.9/site-packages/airflow/example_dags/example_branch_datetime_operator.py
[2024-01-31T09:36:10.484+0000] {logging_mixin.py:188} INFO - [2024-01-31T09:36:10.470+0000] {override.py:1769} INFO - Created Permission View: can edit on DAG:example_branch_datetime_operator
[2024-01-31T09:36:10.500+0000] {logging_mixin.py:188} INFO - [2024-01-31T09:36:10.500+0000] {override.py:1769} INFO - Created Permission View: can read on DAG:example_branch_datetime_operator
[2024-01-31T09:36:10.513+0000] {logging_mixin.py:188} INFO - [2024-01-31T09:36:10.513+0000] {override.py:1769} INFO - Created Permission View: can delete on DAG:example_branch_datetime_operator
[2024-01-31T09:36:10.549+0000] {logging_mixin.py:188} INFO - [2024-01-31T09:36:10.549+0000] {override.py:1769} INFO - Created Permission View: can edit on DAG:example_branch_datetime_operator_3
[2024-01-31T09:36:10.566+0000] {logging_mixin.py:188} INFO - [2024-01-31T09:36:10.566+0000] {override.py:1769} INFO - Created Permission View: can read on DAG:example_branch_datetime_operator_3
[2024-01-31T09:36:10.582+0000] {logging_mixin.py:188} INFO - [2024-01-31T09:36:10.581+0000] {override.py:1769} INFO - Created Permission View: can delete on DAG:example_branch_datetime_operator_3
[2024-01-31T09:36:10.613+0000] {logging_mixin.py:188} INFO - [2024-01-31T09:36:10.613+0000] {override.py:1769} INFO - Created Permission View: can edit on DAG:example_branch_datetime_operator_2
[2024-01-31T09:36:10.624+0000] {logging_mixin.py:188} INFO - [2024-01-31T09:36:10.624+0000] {override.py:1769} INFO - Created Permission View: can read on DAG:example_branch_datetime_operator_2
[2024-01-31T09:36:10.636+0000] {logging_mixin.py:188} INFO - [2024-01-31T09:36:10.636+0000] {override.py:1769} INFO - Created Permission View: can delete on DAG:example_branch_datetime_operator_2
[2024-01-31T09:36:10.637+0000] {logging_mixin.py:188} INFO - [2024-01-31T09:36:10.636+0000] {dag.py:3033} INFO - Sync 3 DAGs
[2024-01-31T09:36:10.655+0000] {logging_mixin.py:188} INFO - [2024-01-31T09:36:10.655+0000] {dag.py:3055} INFO - Creating ORM DAG for example_branch_datetime_operator_2
[2024-01-31T09:36:10.656+0000] {logging_mixin.py:188} INFO - [2024-01-31T09:36:10.656+0000] {dag.py:3055} INFO - Creating ORM DAG for example_branch_datetime_operator
[2024-01-31T09:36:10.657+0000] {logging_mixin.py:188} INFO - [2024-01-31T09:36:10.657+0000] {dag.py:3055} INFO - Creating ORM DAG for example_branch_datetime_operator_3
[2024-01-31T09:36:10.695+0000] {logging_mixin.py:188} INFO - [2024-01-31T09:36:10.694+0000] {dag.py:3820} INFO - Setting next_dagrun for example_branch_datetime_operator to 2024-01-30T00:00:00+00:00, run_after=2024-01-31T00:00:00+00:00
[2024-01-31T09:36:10.698+0000] {logging_mixin.py:188} INFO - [2024-01-31T09:36:10.698+0000] {dag.py:3820} INFO - Setting next_dagrun for example_branch_datetime_operator_2 to 2024-01-30T00:00:00+00:00, run_after=2024-01-31T00:00:00+00:00
[2024-01-31T09:36:10.701+0000] {logging_mixin.py:188} INFO - [2024-01-31T09:36:10.700+0000] {dag.py:3820} INFO - Setting next_dagrun for example_branch_datetime_operator_3 to 2024-01-30T00:00:00+00:00, run_after=2024-01-31T00:00:00+00:00
[2024-01-31T09:36:10.758+0000] {processor.py:183} INFO - Processing /home/deprojectue/miniconda3/envs/airflow_demo/lib/python3.9/site-packages/airflow/example_dags/example_branch_datetime_operator.py took 0.564 seconds
