[2024-01-31T02:08:00.404+0000] {processor.py:161} INFO - Started process (PID=210624) to work on /home/deprojectue/miniconda3/envs/airflow_demo/lib/python3.9/site-packages/airflow/example_dags/example_branch_day_of_week_operator.py
[2024-01-31T02:08:00.405+0000] {processor.py:830} INFO - Processing file /home/deprojectue/miniconda3/envs/airflow_demo/lib/python3.9/site-packages/airflow/example_dags/example_branch_day_of_week_operator.py for tasks to queue
[2024-01-31T02:08:00.406+0000] {logging_mixin.py:188} INFO - [2024-01-31T02:08:00.406+0000] {dagbag.py:538} INFO - Filling up the DagBag from /home/deprojectue/miniconda3/envs/airflow_demo/lib/python3.9/site-packages/airflow/example_dags/example_branch_day_of_week_operator.py
[2024-01-31T02:08:00.415+0000] {processor.py:840} INFO - DAG(s) 'example_weekday_branch_operator' retrieved from /home/deprojectue/miniconda3/envs/airflow_demo/lib/python3.9/site-packages/airflow/example_dags/example_branch_day_of_week_operator.py
[2024-01-31T02:08:00.531+0000] {logging_mixin.py:188} INFO - [2024-01-31T02:08:00.530+0000] {override.py:1769} INFO - Created Permission View: can read on DAG:example_weekday_branch_operator
[2024-01-31T02:08:00.545+0000] {logging_mixin.py:188} INFO - [2024-01-31T02:08:00.545+0000] {override.py:1769} INFO - Created Permission View: can delete on DAG:example_weekday_branch_operator
[2024-01-31T02:08:00.556+0000] {logging_mixin.py:188} INFO - [2024-01-31T02:08:00.556+0000] {override.py:1769} INFO - Created Permission View: can edit on DAG:example_weekday_branch_operator
[2024-01-31T02:08:00.557+0000] {logging_mixin.py:188} INFO - [2024-01-31T02:08:00.557+0000] {dag.py:3033} INFO - Sync 1 DAGs
[2024-01-31T02:08:00.568+0000] {logging_mixin.py:188} INFO - [2024-01-31T02:08:00.567+0000] {dag.py:3055} INFO - Creating ORM DAG for example_weekday_branch_operator
[2024-01-31T02:08:00.578+0000] {logging_mixin.py:188} INFO - [2024-01-31T02:08:00.577+0000] {dag.py:3820} INFO - Setting next_dagrun for example_weekday_branch_operator to 2024-01-30T00:00:00+00:00, run_after=2024-01-31T00:00:00+00:00
[2024-01-31T02:08:00.603+0000] {processor.py:183} INFO - Processing /home/deprojectue/miniconda3/envs/airflow_demo/lib/python3.9/site-packages/airflow/example_dags/example_branch_day_of_week_operator.py took 0.203 seconds
[2024-01-31T02:09:35.107+0000] {processor.py:161} INFO - Started process (PID=210932) to work on /home/deprojectue/miniconda3/envs/airflow_demo/lib/python3.9/site-packages/airflow/example_dags/example_branch_day_of_week_operator.py
[2024-01-31T02:09:35.112+0000] {processor.py:830} INFO - Processing file /home/deprojectue/miniconda3/envs/airflow_demo/lib/python3.9/site-packages/airflow/example_dags/example_branch_day_of_week_operator.py for tasks to queue
[2024-01-31T02:09:35.117+0000] {logging_mixin.py:188} INFO - [2024-01-31T02:09:35.116+0000] {dagbag.py:538} INFO - Filling up the DagBag from /home/deprojectue/miniconda3/envs/airflow_demo/lib/python3.9/site-packages/airflow/example_dags/example_branch_day_of_week_operator.py
[2024-01-31T02:09:35.191+0000] {processor.py:840} INFO - DAG(s) 'example_weekday_branch_operator' retrieved from /home/deprojectue/miniconda3/envs/airflow_demo/lib/python3.9/site-packages/airflow/example_dags/example_branch_day_of_week_operator.py
[2024-01-31T02:09:35.325+0000] {logging_mixin.py:188} INFO - [2024-01-31T02:09:35.325+0000] {dag.py:3033} INFO - Sync 1 DAGs
[2024-01-31T02:09:35.396+0000] {logging_mixin.py:188} INFO - [2024-01-31T02:09:35.396+0000] {dag.py:3820} INFO - Setting next_dagrun for example_weekday_branch_operator to 2024-01-30T00:00:00+00:00, run_after=2024-01-31T00:00:00+00:00
[2024-01-31T02:09:35.461+0000] {processor.py:183} INFO - Processing /home/deprojectue/miniconda3/envs/airflow_demo/lib/python3.9/site-packages/airflow/example_dags/example_branch_day_of_week_operator.py took 0.383 seconds
[2024-01-31T02:13:12.414+0000] {processor.py:161} INFO - Started process (PID=211068) to work on /home/deprojectue/miniconda3/envs/airflow_demo/lib/python3.9/site-packages/airflow/example_dags/example_branch_day_of_week_operator.py
[2024-01-31T02:13:12.416+0000] {processor.py:830} INFO - Processing file /home/deprojectue/miniconda3/envs/airflow_demo/lib/python3.9/site-packages/airflow/example_dags/example_branch_day_of_week_operator.py for tasks to queue
[2024-01-31T02:13:12.420+0000] {logging_mixin.py:188} INFO - [2024-01-31T02:13:12.419+0000] {dagbag.py:538} INFO - Filling up the DagBag from /home/deprojectue/miniconda3/envs/airflow_demo/lib/python3.9/site-packages/airflow/example_dags/example_branch_day_of_week_operator.py
[2024-01-31T02:13:12.430+0000] {processor.py:840} INFO - DAG(s) 'example_weekday_branch_operator' retrieved from /home/deprojectue/miniconda3/envs/airflow_demo/lib/python3.9/site-packages/airflow/example_dags/example_branch_day_of_week_operator.py
[2024-01-31T02:13:12.455+0000] {logging_mixin.py:188} INFO - [2024-01-31T02:13:12.454+0000] {dag.py:3033} INFO - Sync 1 DAGs
[2024-01-31T02:13:12.478+0000] {logging_mixin.py:188} INFO - [2024-01-31T02:13:12.478+0000] {dag.py:3820} INFO - Setting next_dagrun for example_weekday_branch_operator to 2024-01-30T00:00:00+00:00, run_after=2024-01-31T00:00:00+00:00
[2024-01-31T02:13:12.505+0000] {processor.py:183} INFO - Processing /home/deprojectue/miniconda3/envs/airflow_demo/lib/python3.9/site-packages/airflow/example_dags/example_branch_day_of_week_operator.py took 0.095 seconds
[2024-01-31T02:14:10.984+0000] {processor.py:161} INFO - Started process (PID=211137) to work on /home/deprojectue/miniconda3/envs/airflow_demo/lib/python3.9/site-packages/airflow/example_dags/example_branch_day_of_week_operator.py
[2024-01-31T02:14:10.986+0000] {processor.py:830} INFO - Processing file /home/deprojectue/miniconda3/envs/airflow_demo/lib/python3.9/site-packages/airflow/example_dags/example_branch_day_of_week_operator.py for tasks to queue
[2024-01-31T02:14:10.989+0000] {logging_mixin.py:188} INFO - [2024-01-31T02:14:10.989+0000] {dagbag.py:538} INFO - Filling up the DagBag from /home/deprojectue/miniconda3/envs/airflow_demo/lib/python3.9/site-packages/airflow/example_dags/example_branch_day_of_week_operator.py
[2024-01-31T02:14:11.000+0000] {processor.py:840} INFO - DAG(s) 'example_weekday_branch_operator' retrieved from /home/deprojectue/miniconda3/envs/airflow_demo/lib/python3.9/site-packages/airflow/example_dags/example_branch_day_of_week_operator.py
[2024-01-31T02:14:11.022+0000] {logging_mixin.py:188} INFO - [2024-01-31T02:14:11.021+0000] {dag.py:3033} INFO - Sync 1 DAGs
[2024-01-31T02:14:11.046+0000] {logging_mixin.py:188} INFO - [2024-01-31T02:14:11.046+0000] {dag.py:3820} INFO - Setting next_dagrun for example_weekday_branch_operator to 2024-01-30T00:00:00+00:00, run_after=2024-01-31T00:00:00+00:00
[2024-01-31T02:14:11.072+0000] {processor.py:183} INFO - Processing /home/deprojectue/miniconda3/envs/airflow_demo/lib/python3.9/site-packages/airflow/example_dags/example_branch_day_of_week_operator.py took 0.092 seconds
[2024-01-31T02:22:11.187+0000] {processor.py:161} INFO - Started process (PID=211328) to work on /home/deprojectue/miniconda3/envs/airflow_demo/lib/python3.9/site-packages/airflow/example_dags/example_branch_day_of_week_operator.py
[2024-01-31T02:22:11.189+0000] {processor.py:830} INFO - Processing file /home/deprojectue/miniconda3/envs/airflow_demo/lib/python3.9/site-packages/airflow/example_dags/example_branch_day_of_week_operator.py for tasks to queue
[2024-01-31T02:22:11.192+0000] {logging_mixin.py:188} INFO - [2024-01-31T02:22:11.192+0000] {dagbag.py:538} INFO - Filling up the DagBag from /home/deprojectue/miniconda3/envs/airflow_demo/lib/python3.9/site-packages/airflow/example_dags/example_branch_day_of_week_operator.py
[2024-01-31T02:22:11.203+0000] {processor.py:840} INFO - DAG(s) 'example_weekday_branch_operator' retrieved from /home/deprojectue/miniconda3/envs/airflow_demo/lib/python3.9/site-packages/airflow/example_dags/example_branch_day_of_week_operator.py
[2024-01-31T02:22:11.227+0000] {logging_mixin.py:188} INFO - [2024-01-31T02:22:11.227+0000] {dag.py:3033} INFO - Sync 1 DAGs
[2024-01-31T02:22:11.251+0000] {logging_mixin.py:188} INFO - [2024-01-31T02:22:11.250+0000] {dag.py:3820} INFO - Setting next_dagrun for example_weekday_branch_operator to 2024-01-30T00:00:00+00:00, run_after=2024-01-31T00:00:00+00:00
[2024-01-31T02:22:11.275+0000] {processor.py:183} INFO - Processing /home/deprojectue/miniconda3/envs/airflow_demo/lib/python3.9/site-packages/airflow/example_dags/example_branch_day_of_week_operator.py took 0.093 seconds
[2024-01-31T08:24:49.747+0000] {processor.py:161} INFO - Started process (PID=214069) to work on /home/deprojectue/miniconda3/envs/airflow_demo/lib/python3.9/site-packages/airflow/example_dags/example_branch_day_of_week_operator.py
[2024-01-31T08:24:49.748+0000] {processor.py:830} INFO - Processing file /home/deprojectue/miniconda3/envs/airflow_demo/lib/python3.9/site-packages/airflow/example_dags/example_branch_day_of_week_operator.py for tasks to queue
[2024-01-31T08:24:49.752+0000] {logging_mixin.py:188} INFO - [2024-01-31T08:24:49.751+0000] {dagbag.py:538} INFO - Filling up the DagBag from /home/deprojectue/miniconda3/envs/airflow_demo/lib/python3.9/site-packages/airflow/example_dags/example_branch_day_of_week_operator.py
[2024-01-31T08:24:49.762+0000] {processor.py:840} INFO - DAG(s) 'example_weekday_branch_operator' retrieved from /home/deprojectue/miniconda3/envs/airflow_demo/lib/python3.9/site-packages/airflow/example_dags/example_branch_day_of_week_operator.py
[2024-01-31T08:24:49.795+0000] {logging_mixin.py:188} INFO - [2024-01-31T08:24:49.794+0000] {dag.py:3033} INFO - Sync 1 DAGs
[2024-01-31T08:24:49.821+0000] {logging_mixin.py:188} INFO - [2024-01-31T08:24:49.821+0000] {dag.py:3820} INFO - Setting next_dagrun for example_weekday_branch_operator to 2024-01-30T00:00:00+00:00, run_after=2024-01-31T00:00:00+00:00
[2024-01-31T08:24:49.846+0000] {processor.py:183} INFO - Processing /home/deprojectue/miniconda3/envs/airflow_demo/lib/python3.9/site-packages/airflow/example_dags/example_branch_day_of_week_operator.py took 0.104 seconds
[2024-01-31T08:25:37.636+0000] {processor.py:161} INFO - Started process (PID=214120) to work on /home/deprojectue/miniconda3/envs/airflow_demo/lib/python3.9/site-packages/airflow/example_dags/example_branch_day_of_week_operator.py
[2024-01-31T08:25:37.638+0000] {processor.py:830} INFO - Processing file /home/deprojectue/miniconda3/envs/airflow_demo/lib/python3.9/site-packages/airflow/example_dags/example_branch_day_of_week_operator.py for tasks to queue
[2024-01-31T08:25:37.641+0000] {logging_mixin.py:188} INFO - [2024-01-31T08:25:37.641+0000] {dagbag.py:538} INFO - Filling up the DagBag from /home/deprojectue/miniconda3/envs/airflow_demo/lib/python3.9/site-packages/airflow/example_dags/example_branch_day_of_week_operator.py
[2024-01-31T08:25:37.651+0000] {processor.py:840} INFO - DAG(s) 'example_weekday_branch_operator' retrieved from /home/deprojectue/miniconda3/envs/airflow_demo/lib/python3.9/site-packages/airflow/example_dags/example_branch_day_of_week_operator.py
[2024-01-31T08:25:37.675+0000] {logging_mixin.py:188} INFO - [2024-01-31T08:25:37.674+0000] {dag.py:3033} INFO - Sync 1 DAGs
[2024-01-31T08:25:37.700+0000] {logging_mixin.py:188} INFO - [2024-01-31T08:25:37.700+0000] {dag.py:3820} INFO - Setting next_dagrun for example_weekday_branch_operator to 2024-01-30T00:00:00+00:00, run_after=2024-01-31T00:00:00+00:00
[2024-01-31T08:25:37.724+0000] {processor.py:183} INFO - Processing /home/deprojectue/miniconda3/envs/airflow_demo/lib/python3.9/site-packages/airflow/example_dags/example_branch_day_of_week_operator.py took 0.092 seconds
[2024-01-31T08:52:21.466+0000] {processor.py:161} INFO - Started process (PID=215401) to work on /home/deprojectue/miniconda3/envs/airflow_demo/lib/python3.9/site-packages/airflow/example_dags/example_branch_day_of_week_operator.py
[2024-01-31T08:52:21.468+0000] {processor.py:830} INFO - Processing file /home/deprojectue/miniconda3/envs/airflow_demo/lib/python3.9/site-packages/airflow/example_dags/example_branch_day_of_week_operator.py for tasks to queue
[2024-01-31T08:52:21.472+0000] {logging_mixin.py:188} INFO - [2024-01-31T08:52:21.471+0000] {dagbag.py:538} INFO - Filling up the DagBag from /home/deprojectue/miniconda3/envs/airflow_demo/lib/python3.9/site-packages/airflow/example_dags/example_branch_day_of_week_operator.py
[2024-01-31T08:52:21.483+0000] {processor.py:840} INFO - DAG(s) 'example_weekday_branch_operator' retrieved from /home/deprojectue/miniconda3/envs/airflow_demo/lib/python3.9/site-packages/airflow/example_dags/example_branch_day_of_week_operator.py
[2024-01-31T08:52:21.509+0000] {logging_mixin.py:188} INFO - [2024-01-31T08:52:21.508+0000] {dag.py:3033} INFO - Sync 1 DAGs
[2024-01-31T08:52:21.532+0000] {logging_mixin.py:188} INFO - [2024-01-31T08:52:21.531+0000] {dag.py:3820} INFO - Setting next_dagrun for example_weekday_branch_operator to 2024-01-30T00:00:00+00:00, run_after=2024-01-31T00:00:00+00:00
[2024-01-31T08:52:21.557+0000] {processor.py:183} INFO - Processing /home/deprojectue/miniconda3/envs/airflow_demo/lib/python3.9/site-packages/airflow/example_dags/example_branch_day_of_week_operator.py took 0.096 seconds
[2024-01-31T08:53:21.811+0000] {processor.py:161} INFO - Started process (PID=215465) to work on /home/deprojectue/miniconda3/envs/airflow_demo/lib/python3.9/site-packages/airflow/example_dags/example_branch_day_of_week_operator.py
[2024-01-31T08:53:21.812+0000] {processor.py:830} INFO - Processing file /home/deprojectue/miniconda3/envs/airflow_demo/lib/python3.9/site-packages/airflow/example_dags/example_branch_day_of_week_operator.py for tasks to queue
[2024-01-31T08:53:21.816+0000] {logging_mixin.py:188} INFO - [2024-01-31T08:53:21.815+0000] {dagbag.py:538} INFO - Filling up the DagBag from /home/deprojectue/miniconda3/envs/airflow_demo/lib/python3.9/site-packages/airflow/example_dags/example_branch_day_of_week_operator.py
[2024-01-31T08:53:21.826+0000] {processor.py:840} INFO - DAG(s) 'example_weekday_branch_operator' retrieved from /home/deprojectue/miniconda3/envs/airflow_demo/lib/python3.9/site-packages/airflow/example_dags/example_branch_day_of_week_operator.py
[2024-01-31T08:53:21.848+0000] {logging_mixin.py:188} INFO - [2024-01-31T08:53:21.847+0000] {dag.py:3033} INFO - Sync 1 DAGs
[2024-01-31T08:53:21.871+0000] {logging_mixin.py:188} INFO - [2024-01-31T08:53:21.871+0000] {dag.py:3820} INFO - Setting next_dagrun for example_weekday_branch_operator to 2024-01-30T00:00:00+00:00, run_after=2024-01-31T00:00:00+00:00
[2024-01-31T08:53:21.898+0000] {processor.py:183} INFO - Processing /home/deprojectue/miniconda3/envs/airflow_demo/lib/python3.9/site-packages/airflow/example_dags/example_branch_day_of_week_operator.py took 0.091 seconds
[2024-01-31T08:54:25.205+0000] {processor.py:161} INFO - Started process (PID=215527) to work on /home/deprojectue/miniconda3/envs/airflow_demo/lib/python3.9/site-packages/airflow/example_dags/example_branch_day_of_week_operator.py
[2024-01-31T08:54:25.207+0000] {processor.py:830} INFO - Processing file /home/deprojectue/miniconda3/envs/airflow_demo/lib/python3.9/site-packages/airflow/example_dags/example_branch_day_of_week_operator.py for tasks to queue
[2024-01-31T08:54:25.211+0000] {logging_mixin.py:188} INFO - [2024-01-31T08:54:25.211+0000] {dagbag.py:538} INFO - Filling up the DagBag from /home/deprojectue/miniconda3/envs/airflow_demo/lib/python3.9/site-packages/airflow/example_dags/example_branch_day_of_week_operator.py
[2024-01-31T08:54:25.220+0000] {processor.py:840} INFO - DAG(s) 'example_weekday_branch_operator' retrieved from /home/deprojectue/miniconda3/envs/airflow_demo/lib/python3.9/site-packages/airflow/example_dags/example_branch_day_of_week_operator.py
[2024-01-31T08:54:25.243+0000] {logging_mixin.py:188} INFO - [2024-01-31T08:54:25.242+0000] {dag.py:3033} INFO - Sync 1 DAGs
[2024-01-31T08:54:25.264+0000] {logging_mixin.py:188} INFO - [2024-01-31T08:54:25.264+0000] {dag.py:3820} INFO - Setting next_dagrun for example_weekday_branch_operator to 2024-01-30T00:00:00+00:00, run_after=2024-01-31T00:00:00+00:00
[2024-01-31T08:54:25.291+0000] {processor.py:183} INFO - Processing /home/deprojectue/miniconda3/envs/airflow_demo/lib/python3.9/site-packages/airflow/example_dags/example_branch_day_of_week_operator.py took 0.090 seconds
[2024-01-31T08:55:27.156+0000] {processor.py:161} INFO - Started process (PID=215592) to work on /home/deprojectue/miniconda3/envs/airflow_demo/lib/python3.9/site-packages/airflow/example_dags/example_branch_day_of_week_operator.py
[2024-01-31T08:55:27.158+0000] {processor.py:830} INFO - Processing file /home/deprojectue/miniconda3/envs/airflow_demo/lib/python3.9/site-packages/airflow/example_dags/example_branch_day_of_week_operator.py for tasks to queue
[2024-01-31T08:55:27.161+0000] {logging_mixin.py:188} INFO - [2024-01-31T08:55:27.161+0000] {dagbag.py:538} INFO - Filling up the DagBag from /home/deprojectue/miniconda3/envs/airflow_demo/lib/python3.9/site-packages/airflow/example_dags/example_branch_day_of_week_operator.py
[2024-01-31T08:55:27.170+0000] {processor.py:840} INFO - DAG(s) 'example_weekday_branch_operator' retrieved from /home/deprojectue/miniconda3/envs/airflow_demo/lib/python3.9/site-packages/airflow/example_dags/example_branch_day_of_week_operator.py
[2024-01-31T08:55:27.193+0000] {logging_mixin.py:188} INFO - [2024-01-31T08:55:27.192+0000] {dag.py:3033} INFO - Sync 1 DAGs
[2024-01-31T08:55:27.214+0000] {logging_mixin.py:188} INFO - [2024-01-31T08:55:27.214+0000] {dag.py:3820} INFO - Setting next_dagrun for example_weekday_branch_operator to 2024-01-30T00:00:00+00:00, run_after=2024-01-31T00:00:00+00:00
[2024-01-31T08:55:27.240+0000] {processor.py:183} INFO - Processing /home/deprojectue/miniconda3/envs/airflow_demo/lib/python3.9/site-packages/airflow/example_dags/example_branch_day_of_week_operator.py took 0.089 seconds
[2024-01-31T08:56:22.442+0000] {processor.py:161} INFO - Started process (PID=215664) to work on /home/deprojectue/miniconda3/envs/airflow_demo/lib/python3.9/site-packages/airflow/example_dags/example_branch_day_of_week_operator.py
[2024-01-31T08:56:22.445+0000] {processor.py:830} INFO - Processing file /home/deprojectue/miniconda3/envs/airflow_demo/lib/python3.9/site-packages/airflow/example_dags/example_branch_day_of_week_operator.py for tasks to queue
[2024-01-31T08:56:22.449+0000] {logging_mixin.py:188} INFO - [2024-01-31T08:56:22.448+0000] {dagbag.py:538} INFO - Filling up the DagBag from /home/deprojectue/miniconda3/envs/airflow_demo/lib/python3.9/site-packages/airflow/example_dags/example_branch_day_of_week_operator.py
[2024-01-31T08:56:22.461+0000] {processor.py:840} INFO - DAG(s) 'example_weekday_branch_operator' retrieved from /home/deprojectue/miniconda3/envs/airflow_demo/lib/python3.9/site-packages/airflow/example_dags/example_branch_day_of_week_operator.py
[2024-01-31T08:56:22.484+0000] {logging_mixin.py:188} INFO - [2024-01-31T08:56:22.483+0000] {dag.py:3033} INFO - Sync 1 DAGs
[2024-01-31T08:56:22.508+0000] {logging_mixin.py:188} INFO - [2024-01-31T08:56:22.508+0000] {dag.py:3820} INFO - Setting next_dagrun for example_weekday_branch_operator to 2024-01-30T00:00:00+00:00, run_after=2024-01-31T00:00:00+00:00
[2024-01-31T08:56:22.537+0000] {processor.py:183} INFO - Processing /home/deprojectue/miniconda3/envs/airflow_demo/lib/python3.9/site-packages/airflow/example_dags/example_branch_day_of_week_operator.py took 0.099 seconds
[2024-01-31T08:57:20.361+0000] {processor.py:161} INFO - Started process (PID=215729) to work on /home/deprojectue/miniconda3/envs/airflow_demo/lib/python3.9/site-packages/airflow/example_dags/example_branch_day_of_week_operator.py
[2024-01-31T08:57:20.364+0000] {processor.py:830} INFO - Processing file /home/deprojectue/miniconda3/envs/airflow_demo/lib/python3.9/site-packages/airflow/example_dags/example_branch_day_of_week_operator.py for tasks to queue
[2024-01-31T08:57:20.367+0000] {logging_mixin.py:188} INFO - [2024-01-31T08:57:20.367+0000] {dagbag.py:538} INFO - Filling up the DagBag from /home/deprojectue/miniconda3/envs/airflow_demo/lib/python3.9/site-packages/airflow/example_dags/example_branch_day_of_week_operator.py
[2024-01-31T08:57:20.378+0000] {processor.py:840} INFO - DAG(s) 'example_weekday_branch_operator' retrieved from /home/deprojectue/miniconda3/envs/airflow_demo/lib/python3.9/site-packages/airflow/example_dags/example_branch_day_of_week_operator.py
[2024-01-31T08:57:20.401+0000] {logging_mixin.py:188} INFO - [2024-01-31T08:57:20.401+0000] {dag.py:3033} INFO - Sync 1 DAGs
[2024-01-31T08:57:20.422+0000] {logging_mixin.py:188} INFO - [2024-01-31T08:57:20.422+0000] {dag.py:3820} INFO - Setting next_dagrun for example_weekday_branch_operator to 2024-01-30T00:00:00+00:00, run_after=2024-01-31T00:00:00+00:00
[2024-01-31T08:57:20.449+0000] {processor.py:183} INFO - Processing /home/deprojectue/miniconda3/envs/airflow_demo/lib/python3.9/site-packages/airflow/example_dags/example_branch_day_of_week_operator.py took 0.092 seconds
[2024-01-31T08:58:15.372+0000] {processor.py:161} INFO - Started process (PID=215786) to work on /home/deprojectue/miniconda3/envs/airflow_demo/lib/python3.9/site-packages/airflow/example_dags/example_branch_day_of_week_operator.py
[2024-01-31T08:58:15.374+0000] {processor.py:830} INFO - Processing file /home/deprojectue/miniconda3/envs/airflow_demo/lib/python3.9/site-packages/airflow/example_dags/example_branch_day_of_week_operator.py for tasks to queue
[2024-01-31T08:58:15.377+0000] {logging_mixin.py:188} INFO - [2024-01-31T08:58:15.377+0000] {dagbag.py:538} INFO - Filling up the DagBag from /home/deprojectue/miniconda3/envs/airflow_demo/lib/python3.9/site-packages/airflow/example_dags/example_branch_day_of_week_operator.py
[2024-01-31T08:58:15.388+0000] {processor.py:840} INFO - DAG(s) 'example_weekday_branch_operator' retrieved from /home/deprojectue/miniconda3/envs/airflow_demo/lib/python3.9/site-packages/airflow/example_dags/example_branch_day_of_week_operator.py
[2024-01-31T08:58:15.411+0000] {logging_mixin.py:188} INFO - [2024-01-31T08:58:15.410+0000] {dag.py:3033} INFO - Sync 1 DAGs
[2024-01-31T08:58:15.432+0000] {logging_mixin.py:188} INFO - [2024-01-31T08:58:15.432+0000] {dag.py:3820} INFO - Setting next_dagrun for example_weekday_branch_operator to 2024-01-30T00:00:00+00:00, run_after=2024-01-31T00:00:00+00:00
[2024-01-31T08:58:15.456+0000] {processor.py:183} INFO - Processing /home/deprojectue/miniconda3/envs/airflow_demo/lib/python3.9/site-packages/airflow/example_dags/example_branch_day_of_week_operator.py took 0.089 seconds
[2024-01-31T08:59:17.108+0000] {processor.py:161} INFO - Started process (PID=215870) to work on /home/deprojectue/miniconda3/envs/airflow_demo/lib/python3.9/site-packages/airflow/example_dags/example_branch_day_of_week_operator.py
[2024-01-31T08:59:17.110+0000] {processor.py:830} INFO - Processing file /home/deprojectue/miniconda3/envs/airflow_demo/lib/python3.9/site-packages/airflow/example_dags/example_branch_day_of_week_operator.py for tasks to queue
[2024-01-31T08:59:17.114+0000] {logging_mixin.py:188} INFO - [2024-01-31T08:59:17.113+0000] {dagbag.py:538} INFO - Filling up the DagBag from /home/deprojectue/miniconda3/envs/airflow_demo/lib/python3.9/site-packages/airflow/example_dags/example_branch_day_of_week_operator.py
[2024-01-31T08:59:17.123+0000] {processor.py:840} INFO - DAG(s) 'example_weekday_branch_operator' retrieved from /home/deprojectue/miniconda3/envs/airflow_demo/lib/python3.9/site-packages/airflow/example_dags/example_branch_day_of_week_operator.py
[2024-01-31T08:59:17.144+0000] {logging_mixin.py:188} INFO - [2024-01-31T08:59:17.144+0000] {dag.py:3033} INFO - Sync 1 DAGs
[2024-01-31T08:59:17.166+0000] {logging_mixin.py:188} INFO - [2024-01-31T08:59:17.166+0000] {dag.py:3820} INFO - Setting next_dagrun for example_weekday_branch_operator to 2024-01-30T00:00:00+00:00, run_after=2024-01-31T00:00:00+00:00
[2024-01-31T08:59:17.192+0000] {processor.py:183} INFO - Processing /home/deprojectue/miniconda3/envs/airflow_demo/lib/python3.9/site-packages/airflow/example_dags/example_branch_day_of_week_operator.py took 0.088 seconds
[2024-01-31T09:00:15.260+0000] {processor.py:161} INFO - Started process (PID=215929) to work on /home/deprojectue/miniconda3/envs/airflow_demo/lib/python3.9/site-packages/airflow/example_dags/example_branch_day_of_week_operator.py
[2024-01-31T09:00:15.263+0000] {processor.py:830} INFO - Processing file /home/deprojectue/miniconda3/envs/airflow_demo/lib/python3.9/site-packages/airflow/example_dags/example_branch_day_of_week_operator.py for tasks to queue
[2024-01-31T09:00:15.266+0000] {logging_mixin.py:188} INFO - [2024-01-31T09:00:15.266+0000] {dagbag.py:538} INFO - Filling up the DagBag from /home/deprojectue/miniconda3/envs/airflow_demo/lib/python3.9/site-packages/airflow/example_dags/example_branch_day_of_week_operator.py
[2024-01-31T09:00:15.276+0000] {processor.py:840} INFO - DAG(s) 'example_weekday_branch_operator' retrieved from /home/deprojectue/miniconda3/envs/airflow_demo/lib/python3.9/site-packages/airflow/example_dags/example_branch_day_of_week_operator.py
[2024-01-31T09:00:15.298+0000] {logging_mixin.py:188} INFO - [2024-01-31T09:00:15.297+0000] {dag.py:3033} INFO - Sync 1 DAGs
[2024-01-31T09:00:15.318+0000] {logging_mixin.py:188} INFO - [2024-01-31T09:00:15.318+0000] {dag.py:3820} INFO - Setting next_dagrun for example_weekday_branch_operator to 2024-01-30T00:00:00+00:00, run_after=2024-01-31T00:00:00+00:00
[2024-01-31T09:00:15.344+0000] {processor.py:183} INFO - Processing /home/deprojectue/miniconda3/envs/airflow_demo/lib/python3.9/site-packages/airflow/example_dags/example_branch_day_of_week_operator.py took 0.089 seconds
[2024-01-31T09:01:11.657+0000] {processor.py:161} INFO - Started process (PID=215989) to work on /home/deprojectue/miniconda3/envs/airflow_demo/lib/python3.9/site-packages/airflow/example_dags/example_branch_day_of_week_operator.py
[2024-01-31T09:01:11.659+0000] {processor.py:830} INFO - Processing file /home/deprojectue/miniconda3/envs/airflow_demo/lib/python3.9/site-packages/airflow/example_dags/example_branch_day_of_week_operator.py for tasks to queue
[2024-01-31T09:01:11.663+0000] {logging_mixin.py:188} INFO - [2024-01-31T09:01:11.662+0000] {dagbag.py:538} INFO - Filling up the DagBag from /home/deprojectue/miniconda3/envs/airflow_demo/lib/python3.9/site-packages/airflow/example_dags/example_branch_day_of_week_operator.py
[2024-01-31T09:01:11.672+0000] {processor.py:840} INFO - DAG(s) 'example_weekday_branch_operator' retrieved from /home/deprojectue/miniconda3/envs/airflow_demo/lib/python3.9/site-packages/airflow/example_dags/example_branch_day_of_week_operator.py
[2024-01-31T09:01:11.692+0000] {logging_mixin.py:188} INFO - [2024-01-31T09:01:11.692+0000] {dag.py:3033} INFO - Sync 1 DAGs
[2024-01-31T09:01:11.713+0000] {logging_mixin.py:188} INFO - [2024-01-31T09:01:11.713+0000] {dag.py:3820} INFO - Setting next_dagrun for example_weekday_branch_operator to 2024-01-30T00:00:00+00:00, run_after=2024-01-31T00:00:00+00:00
[2024-01-31T09:01:11.739+0000] {processor.py:183} INFO - Processing /home/deprojectue/miniconda3/envs/airflow_demo/lib/python3.9/site-packages/airflow/example_dags/example_branch_day_of_week_operator.py took 0.086 seconds
[2024-01-31T09:02:06.387+0000] {processor.py:161} INFO - Started process (PID=216048) to work on /home/deprojectue/miniconda3/envs/airflow_demo/lib/python3.9/site-packages/airflow/example_dags/example_branch_day_of_week_operator.py
[2024-01-31T09:02:06.389+0000] {processor.py:830} INFO - Processing file /home/deprojectue/miniconda3/envs/airflow_demo/lib/python3.9/site-packages/airflow/example_dags/example_branch_day_of_week_operator.py for tasks to queue
[2024-01-31T09:02:06.393+0000] {logging_mixin.py:188} INFO - [2024-01-31T09:02:06.392+0000] {dagbag.py:538} INFO - Filling up the DagBag from /home/deprojectue/miniconda3/envs/airflow_demo/lib/python3.9/site-packages/airflow/example_dags/example_branch_day_of_week_operator.py
[2024-01-31T09:02:06.403+0000] {processor.py:840} INFO - DAG(s) 'example_weekday_branch_operator' retrieved from /home/deprojectue/miniconda3/envs/airflow_demo/lib/python3.9/site-packages/airflow/example_dags/example_branch_day_of_week_operator.py
[2024-01-31T09:02:06.425+0000] {logging_mixin.py:188} INFO - [2024-01-31T09:02:06.425+0000] {dag.py:3033} INFO - Sync 1 DAGs
[2024-01-31T09:02:06.447+0000] {logging_mixin.py:188} INFO - [2024-01-31T09:02:06.447+0000] {dag.py:3820} INFO - Setting next_dagrun for example_weekday_branch_operator to 2024-01-30T00:00:00+00:00, run_after=2024-01-31T00:00:00+00:00
[2024-01-31T09:02:06.473+0000] {processor.py:183} INFO - Processing /home/deprojectue/miniconda3/envs/airflow_demo/lib/python3.9/site-packages/airflow/example_dags/example_branch_day_of_week_operator.py took 0.091 seconds
[2024-01-31T09:03:02.383+0000] {processor.py:161} INFO - Started process (PID=216107) to work on /home/deprojectue/miniconda3/envs/airflow_demo/lib/python3.9/site-packages/airflow/example_dags/example_branch_day_of_week_operator.py
[2024-01-31T09:03:02.386+0000] {processor.py:830} INFO - Processing file /home/deprojectue/miniconda3/envs/airflow_demo/lib/python3.9/site-packages/airflow/example_dags/example_branch_day_of_week_operator.py for tasks to queue
[2024-01-31T09:03:02.390+0000] {logging_mixin.py:188} INFO - [2024-01-31T09:03:02.389+0000] {dagbag.py:538} INFO - Filling up the DagBag from /home/deprojectue/miniconda3/envs/airflow_demo/lib/python3.9/site-packages/airflow/example_dags/example_branch_day_of_week_operator.py
[2024-01-31T09:03:02.400+0000] {processor.py:840} INFO - DAG(s) 'example_weekday_branch_operator' retrieved from /home/deprojectue/miniconda3/envs/airflow_demo/lib/python3.9/site-packages/airflow/example_dags/example_branch_day_of_week_operator.py
[2024-01-31T09:03:02.422+0000] {logging_mixin.py:188} INFO - [2024-01-31T09:03:02.421+0000] {dag.py:3033} INFO - Sync 1 DAGs
[2024-01-31T09:03:02.444+0000] {logging_mixin.py:188} INFO - [2024-01-31T09:03:02.443+0000] {dag.py:3820} INFO - Setting next_dagrun for example_weekday_branch_operator to 2024-01-30T00:00:00+00:00, run_after=2024-01-31T00:00:00+00:00
[2024-01-31T09:03:02.470+0000] {processor.py:183} INFO - Processing /home/deprojectue/miniconda3/envs/airflow_demo/lib/python3.9/site-packages/airflow/example_dags/example_branch_day_of_week_operator.py took 0.092 seconds
[2024-01-31T09:03:57.474+0000] {processor.py:161} INFO - Started process (PID=216163) to work on /home/deprojectue/miniconda3/envs/airflow_demo/lib/python3.9/site-packages/airflow/example_dags/example_branch_day_of_week_operator.py
[2024-01-31T09:03:57.476+0000] {processor.py:830} INFO - Processing file /home/deprojectue/miniconda3/envs/airflow_demo/lib/python3.9/site-packages/airflow/example_dags/example_branch_day_of_week_operator.py for tasks to queue
[2024-01-31T09:03:57.480+0000] {logging_mixin.py:188} INFO - [2024-01-31T09:03:57.479+0000] {dagbag.py:538} INFO - Filling up the DagBag from /home/deprojectue/miniconda3/envs/airflow_demo/lib/python3.9/site-packages/airflow/example_dags/example_branch_day_of_week_operator.py
[2024-01-31T09:03:57.491+0000] {processor.py:840} INFO - DAG(s) 'example_weekday_branch_operator' retrieved from /home/deprojectue/miniconda3/envs/airflow_demo/lib/python3.9/site-packages/airflow/example_dags/example_branch_day_of_week_operator.py
[2024-01-31T09:03:57.514+0000] {logging_mixin.py:188} INFO - [2024-01-31T09:03:57.513+0000] {dag.py:3033} INFO - Sync 1 DAGs
[2024-01-31T09:03:57.535+0000] {logging_mixin.py:188} INFO - [2024-01-31T09:03:57.535+0000] {dag.py:3820} INFO - Setting next_dagrun for example_weekday_branch_operator to 2024-01-30T00:00:00+00:00, run_after=2024-01-31T00:00:00+00:00
[2024-01-31T09:03:57.559+0000] {processor.py:183} INFO - Processing /home/deprojectue/miniconda3/envs/airflow_demo/lib/python3.9/site-packages/airflow/example_dags/example_branch_day_of_week_operator.py took 0.089 seconds
[2024-01-31T09:04:51.642+0000] {processor.py:161} INFO - Started process (PID=216222) to work on /home/deprojectue/miniconda3/envs/airflow_demo/lib/python3.9/site-packages/airflow/example_dags/example_branch_day_of_week_operator.py
[2024-01-31T09:04:51.644+0000] {processor.py:830} INFO - Processing file /home/deprojectue/miniconda3/envs/airflow_demo/lib/python3.9/site-packages/airflow/example_dags/example_branch_day_of_week_operator.py for tasks to queue
[2024-01-31T09:04:51.647+0000] {logging_mixin.py:188} INFO - [2024-01-31T09:04:51.647+0000] {dagbag.py:538} INFO - Filling up the DagBag from /home/deprojectue/miniconda3/envs/airflow_demo/lib/python3.9/site-packages/airflow/example_dags/example_branch_day_of_week_operator.py
[2024-01-31T09:04:51.657+0000] {processor.py:840} INFO - DAG(s) 'example_weekday_branch_operator' retrieved from /home/deprojectue/miniconda3/envs/airflow_demo/lib/python3.9/site-packages/airflow/example_dags/example_branch_day_of_week_operator.py
[2024-01-31T09:04:51.678+0000] {logging_mixin.py:188} INFO - [2024-01-31T09:04:51.678+0000] {dag.py:3033} INFO - Sync 1 DAGs
[2024-01-31T09:04:51.700+0000] {logging_mixin.py:188} INFO - [2024-01-31T09:04:51.700+0000] {dag.py:3820} INFO - Setting next_dagrun for example_weekday_branch_operator to 2024-01-30T00:00:00+00:00, run_after=2024-01-31T00:00:00+00:00
[2024-01-31T09:04:51.723+0000] {processor.py:183} INFO - Processing /home/deprojectue/miniconda3/envs/airflow_demo/lib/python3.9/site-packages/airflow/example_dags/example_branch_day_of_week_operator.py took 0.085 seconds
[2024-01-31T09:36:11.865+0000] {processor.py:161} INFO - Started process (PID=216906) to work on /home/deprojectue/miniconda3/envs/airflow_demo/lib/python3.9/site-packages/airflow/example_dags/example_branch_day_of_week_operator.py
[2024-01-31T09:36:11.868+0000] {processor.py:830} INFO - Processing file /home/deprojectue/miniconda3/envs/airflow_demo/lib/python3.9/site-packages/airflow/example_dags/example_branch_day_of_week_operator.py for tasks to queue
[2024-01-31T09:36:11.871+0000] {logging_mixin.py:188} INFO - [2024-01-31T09:36:11.871+0000] {dagbag.py:538} INFO - Filling up the DagBag from /home/deprojectue/miniconda3/envs/airflow_demo/lib/python3.9/site-packages/airflow/example_dags/example_branch_day_of_week_operator.py
[2024-01-31T09:36:11.887+0000] {processor.py:840} INFO - DAG(s) 'example_weekday_branch_operator' retrieved from /home/deprojectue/miniconda3/envs/airflow_demo/lib/python3.9/site-packages/airflow/example_dags/example_branch_day_of_week_operator.py
[2024-01-31T09:36:12.131+0000] {logging_mixin.py:188} INFO - [2024-01-31T09:36:12.117+0000] {override.py:1769} INFO - Created Permission View: can edit on DAG:example_weekday_branch_operator
[2024-01-31T09:36:12.149+0000] {logging_mixin.py:188} INFO - [2024-01-31T09:36:12.148+0000] {override.py:1769} INFO - Created Permission View: can read on DAG:example_weekday_branch_operator
[2024-01-31T09:36:12.163+0000] {logging_mixin.py:188} INFO - [2024-01-31T09:36:12.163+0000] {override.py:1769} INFO - Created Permission View: can delete on DAG:example_weekday_branch_operator
[2024-01-31T09:36:12.164+0000] {logging_mixin.py:188} INFO - [2024-01-31T09:36:12.163+0000] {dag.py:3033} INFO - Sync 1 DAGs
[2024-01-31T09:36:12.177+0000] {logging_mixin.py:188} INFO - [2024-01-31T09:36:12.177+0000] {dag.py:3055} INFO - Creating ORM DAG for example_weekday_branch_operator
[2024-01-31T09:36:12.192+0000] {logging_mixin.py:188} INFO - [2024-01-31T09:36:12.192+0000] {dag.py:3820} INFO - Setting next_dagrun for example_weekday_branch_operator to 2024-01-30T00:00:00+00:00, run_after=2024-01-31T00:00:00+00:00
[2024-01-31T09:36:12.272+0000] {processor.py:183} INFO - Processing /home/deprojectue/miniconda3/envs/airflow_demo/lib/python3.9/site-packages/airflow/example_dags/example_branch_day_of_week_operator.py took 0.410 seconds
