[2024-01-31T02:07:52.992+0000] {processor.py:161} INFO - Started process (PID=210618) to work on /home/deprojectue/miniconda3/envs/airflow_demo/lib/python3.9/site-packages/airflow/example_dags/example_datasets.py
[2024-01-31T02:07:52.993+0000] {processor.py:830} INFO - Processing file /home/deprojectue/miniconda3/envs/airflow_demo/lib/python3.9/site-packages/airflow/example_dags/example_datasets.py for tasks to queue
[2024-01-31T02:07:52.994+0000] {logging_mixin.py:188} INFO - [2024-01-31T02:07:52.994+0000] {dagbag.py:538} INFO - Filling up the DagBag from /home/deprojectue/miniconda3/envs/airflow_demo/lib/python3.9/site-packages/airflow/example_dags/example_datasets.py
[2024-01-31T02:07:53.006+0000] {processor.py:840} INFO - DAG(s) 'dataset_consumes_unknown_never_scheduled', 'dataset_consumes_1_and_2', 'dataset_produces_2', 'dataset_consumes_1', 'dataset_consumes_1_never_scheduled', 'dataset_produces_1' retrieved from /home/deprojectue/miniconda3/envs/airflow_demo/lib/python3.9/site-packages/airflow/example_dags/example_datasets.py
[2024-01-31T02:07:53.187+0000] {logging_mixin.py:188} INFO - [2024-01-31T02:07:53.186+0000] {override.py:1769} INFO - Created Permission View: can read on DAG:dataset_consumes_unknown_never_scheduled
[2024-01-31T02:07:53.232+0000] {logging_mixin.py:188} INFO - [2024-01-31T02:07:53.231+0000] {override.py:1769} INFO - Created Permission View: can delete on DAG:dataset_consumes_unknown_never_scheduled
[2024-01-31T02:07:53.275+0000] {logging_mixin.py:188} INFO - [2024-01-31T02:07:53.275+0000] {override.py:1769} INFO - Created Permission View: can edit on DAG:dataset_consumes_unknown_never_scheduled
[2024-01-31T02:07:53.352+0000] {logging_mixin.py:188} INFO - [2024-01-31T02:07:53.351+0000] {override.py:1769} INFO - Created Permission View: can read on DAG:dataset_consumes_1_and_2
[2024-01-31T02:07:53.368+0000] {logging_mixin.py:188} INFO - [2024-01-31T02:07:53.367+0000] {override.py:1769} INFO - Created Permission View: can delete on DAG:dataset_consumes_1_and_2
[2024-01-31T02:07:53.402+0000] {logging_mixin.py:188} INFO - [2024-01-31T02:07:53.396+0000] {override.py:1769} INFO - Created Permission View: can edit on DAG:dataset_consumes_1_and_2
[2024-01-31T02:07:53.439+0000] {logging_mixin.py:188} INFO - [2024-01-31T02:07:53.438+0000] {override.py:1769} INFO - Created Permission View: can read on DAG:dataset_produces_2
[2024-01-31T02:07:53.485+0000] {logging_mixin.py:188} INFO - [2024-01-31T02:07:53.484+0000] {override.py:1769} INFO - Created Permission View: can delete on DAG:dataset_produces_2
[2024-01-31T02:07:53.537+0000] {logging_mixin.py:188} INFO - [2024-01-31T02:07:53.536+0000] {override.py:1769} INFO - Created Permission View: can edit on DAG:dataset_produces_2
[2024-01-31T02:07:53.605+0000] {logging_mixin.py:188} INFO - [2024-01-31T02:07:53.604+0000] {override.py:1769} INFO - Created Permission View: can read on DAG:dataset_consumes_1
[2024-01-31T02:07:53.654+0000] {logging_mixin.py:188} INFO - [2024-01-31T02:07:53.654+0000] {override.py:1769} INFO - Created Permission View: can delete on DAG:dataset_consumes_1
[2024-01-31T02:07:53.673+0000] {logging_mixin.py:188} INFO - [2024-01-31T02:07:53.670+0000] {override.py:1769} INFO - Created Permission View: can edit on DAG:dataset_consumes_1
[2024-01-31T02:07:53.729+0000] {logging_mixin.py:188} INFO - [2024-01-31T02:07:53.729+0000] {override.py:1769} INFO - Created Permission View: can read on DAG:dataset_consumes_1_never_scheduled
[2024-01-31T02:07:53.740+0000] {logging_mixin.py:188} INFO - [2024-01-31T02:07:53.739+0000] {override.py:1769} INFO - Created Permission View: can delete on DAG:dataset_consumes_1_never_scheduled
[2024-01-31T02:07:53.751+0000] {logging_mixin.py:188} INFO - [2024-01-31T02:07:53.750+0000] {override.py:1769} INFO - Created Permission View: can edit on DAG:dataset_consumes_1_never_scheduled
[2024-01-31T02:07:53.774+0000] {logging_mixin.py:188} INFO - [2024-01-31T02:07:53.774+0000] {override.py:1769} INFO - Created Permission View: can read on DAG:dataset_produces_1
[2024-01-31T02:07:53.785+0000] {logging_mixin.py:188} INFO - [2024-01-31T02:07:53.784+0000] {override.py:1769} INFO - Created Permission View: can delete on DAG:dataset_produces_1
[2024-01-31T02:07:53.796+0000] {logging_mixin.py:188} INFO - [2024-01-31T02:07:53.795+0000] {override.py:1769} INFO - Created Permission View: can edit on DAG:dataset_produces_1
[2024-01-31T02:07:53.796+0000] {logging_mixin.py:188} INFO - [2024-01-31T02:07:53.796+0000] {dag.py:3033} INFO - Sync 6 DAGs
[2024-01-31T02:07:53.807+0000] {logging_mixin.py:188} INFO - [2024-01-31T02:07:53.807+0000] {dag.py:3055} INFO - Creating ORM DAG for dataset_produces_1
[2024-01-31T02:07:53.808+0000] {logging_mixin.py:188} INFO - [2024-01-31T02:07:53.808+0000] {dag.py:3055} INFO - Creating ORM DAG for dataset_consumes_1
[2024-01-31T02:07:53.809+0000] {logging_mixin.py:188} INFO - [2024-01-31T02:07:53.809+0000] {dag.py:3055} INFO - Creating ORM DAG for dataset_consumes_1_never_scheduled
[2024-01-31T02:07:53.809+0000] {logging_mixin.py:188} INFO - [2024-01-31T02:07:53.809+0000] {dag.py:3055} INFO - Creating ORM DAG for dataset_consumes_1_and_2
[2024-01-31T02:07:53.810+0000] {logging_mixin.py:188} INFO - [2024-01-31T02:07:53.810+0000] {dag.py:3055} INFO - Creating ORM DAG for dataset_produces_2
[2024-01-31T02:07:53.811+0000] {logging_mixin.py:188} INFO - [2024-01-31T02:07:53.811+0000] {dag.py:3055} INFO - Creating ORM DAG for dataset_consumes_unknown_never_scheduled
[2024-01-31T02:07:53.819+0000] {logging_mixin.py:188} INFO - [2024-01-31T02:07:53.819+0000] {dag.py:3820} INFO - Setting next_dagrun for dataset_consumes_1 to None, run_after=None
[2024-01-31T02:07:53.820+0000] {logging_mixin.py:188} INFO - [2024-01-31T02:07:53.820+0000] {dag.py:3820} INFO - Setting next_dagrun for dataset_consumes_1_and_2 to None, run_after=None
[2024-01-31T02:07:53.821+0000] {logging_mixin.py:188} INFO - [2024-01-31T02:07:53.821+0000] {dag.py:3820} INFO - Setting next_dagrun for dataset_consumes_1_never_scheduled to None, run_after=None
[2024-01-31T02:07:53.821+0000] {logging_mixin.py:188} INFO - [2024-01-31T02:07:53.821+0000] {dag.py:3820} INFO - Setting next_dagrun for dataset_consumes_unknown_never_scheduled to None, run_after=None
[2024-01-31T02:07:53.823+0000] {logging_mixin.py:188} INFO - [2024-01-31T02:07:53.823+0000] {dag.py:3820} INFO - Setting next_dagrun for dataset_produces_1 to 2024-01-30T00:00:00+00:00, run_after=2024-01-31T00:00:00+00:00
[2024-01-31T02:07:53.824+0000] {logging_mixin.py:188} INFO - [2024-01-31T02:07:53.824+0000] {dag.py:3820} INFO - Setting next_dagrun for dataset_produces_2 to None, run_after=None
[2024-01-31T02:07:53.862+0000] {processor.py:183} INFO - Processing /home/deprojectue/miniconda3/envs/airflow_demo/lib/python3.9/site-packages/airflow/example_dags/example_datasets.py took 0.874 seconds
[2024-01-31T02:09:25.413+0000] {processor.py:161} INFO - Started process (PID=210914) to work on /home/deprojectue/miniconda3/envs/airflow_demo/lib/python3.9/site-packages/airflow/example_dags/example_datasets.py
[2024-01-31T02:09:25.421+0000] {processor.py:830} INFO - Processing file /home/deprojectue/miniconda3/envs/airflow_demo/lib/python3.9/site-packages/airflow/example_dags/example_datasets.py for tasks to queue
[2024-01-31T02:09:25.422+0000] {logging_mixin.py:188} INFO - [2024-01-31T02:09:25.422+0000] {dagbag.py:538} INFO - Filling up the DagBag from /home/deprojectue/miniconda3/envs/airflow_demo/lib/python3.9/site-packages/airflow/example_dags/example_datasets.py
[2024-01-31T02:09:25.461+0000] {processor.py:840} INFO - DAG(s) 'dataset_consumes_1_and_2', 'dataset_consumes_1_never_scheduled', 'dataset_produces_2', 'dataset_produces_1', 'dataset_consumes_unknown_never_scheduled', 'dataset_consumes_1' retrieved from /home/deprojectue/miniconda3/envs/airflow_demo/lib/python3.9/site-packages/airflow/example_dags/example_datasets.py
[2024-01-31T02:09:25.573+0000] {logging_mixin.py:188} INFO - [2024-01-31T02:09:25.573+0000] {dag.py:3033} INFO - Sync 6 DAGs
[2024-01-31T02:09:25.611+0000] {logging_mixin.py:188} INFO - [2024-01-31T02:09:25.611+0000] {dag.py:3820} INFO - Setting next_dagrun for dataset_consumes_1 to None, run_after=None
[2024-01-31T02:09:25.616+0000] {logging_mixin.py:188} INFO - [2024-01-31T02:09:25.615+0000] {dag.py:3820} INFO - Setting next_dagrun for dataset_consumes_1_and_2 to None, run_after=None
[2024-01-31T02:09:25.617+0000] {logging_mixin.py:188} INFO - [2024-01-31T02:09:25.617+0000] {dag.py:3820} INFO - Setting next_dagrun for dataset_consumes_1_never_scheduled to None, run_after=None
[2024-01-31T02:09:25.619+0000] {logging_mixin.py:188} INFO - [2024-01-31T02:09:25.618+0000] {dag.py:3820} INFO - Setting next_dagrun for dataset_consumes_unknown_never_scheduled to None, run_after=None
[2024-01-31T02:09:25.622+0000] {logging_mixin.py:188} INFO - [2024-01-31T02:09:25.622+0000] {dag.py:3820} INFO - Setting next_dagrun for dataset_produces_1 to 2024-01-30T00:00:00+00:00, run_after=2024-01-31T00:00:00+00:00
[2024-01-31T02:09:25.623+0000] {logging_mixin.py:188} INFO - [2024-01-31T02:09:25.623+0000] {dag.py:3820} INFO - Setting next_dagrun for dataset_produces_2 to None, run_after=None
[2024-01-31T02:09:25.698+0000] {processor.py:183} INFO - Processing /home/deprojectue/miniconda3/envs/airflow_demo/lib/python3.9/site-packages/airflow/example_dags/example_datasets.py took 0.299 seconds
[2024-01-31T02:10:16.484+0000] {processor.py:161} INFO - Started process (PID=210976) to work on /home/deprojectue/miniconda3/envs/airflow_demo/lib/python3.9/site-packages/airflow/example_dags/example_datasets.py
[2024-01-31T02:10:16.486+0000] {processor.py:830} INFO - Processing file /home/deprojectue/miniconda3/envs/airflow_demo/lib/python3.9/site-packages/airflow/example_dags/example_datasets.py for tasks to queue
[2024-01-31T02:10:16.487+0000] {logging_mixin.py:188} INFO - [2024-01-31T02:10:16.487+0000] {dagbag.py:538} INFO - Filling up the DagBag from /home/deprojectue/miniconda3/envs/airflow_demo/lib/python3.9/site-packages/airflow/example_dags/example_datasets.py
[2024-01-31T02:10:16.500+0000] {processor.py:840} INFO - DAG(s) 'dataset_consumes_unknown_never_scheduled', 'dataset_produces_1', 'dataset_produces_2', 'dataset_consumes_1_and_2', 'dataset_consumes_1', 'dataset_consumes_1_never_scheduled' retrieved from /home/deprojectue/miniconda3/envs/airflow_demo/lib/python3.9/site-packages/airflow/example_dags/example_datasets.py
[2024-01-31T02:10:16.534+0000] {logging_mixin.py:188} INFO - [2024-01-31T02:10:16.534+0000] {dag.py:3033} INFO - Sync 6 DAGs
[2024-01-31T02:10:16.561+0000] {logging_mixin.py:188} INFO - [2024-01-31T02:10:16.561+0000] {dag.py:3820} INFO - Setting next_dagrun for dataset_consumes_1 to None, run_after=None
[2024-01-31T02:10:16.566+0000] {logging_mixin.py:188} INFO - [2024-01-31T02:10:16.566+0000] {dag.py:3820} INFO - Setting next_dagrun for dataset_consumes_1_and_2 to None, run_after=None
[2024-01-31T02:10:16.567+0000] {logging_mixin.py:188} INFO - [2024-01-31T02:10:16.567+0000] {dag.py:3820} INFO - Setting next_dagrun for dataset_consumes_1_never_scheduled to None, run_after=None
[2024-01-31T02:10:16.569+0000] {logging_mixin.py:188} INFO - [2024-01-31T02:10:16.568+0000] {dag.py:3820} INFO - Setting next_dagrun for dataset_consumes_unknown_never_scheduled to None, run_after=None
[2024-01-31T02:10:16.571+0000] {logging_mixin.py:188} INFO - [2024-01-31T02:10:16.571+0000] {dag.py:3820} INFO - Setting next_dagrun for dataset_produces_1 to 2024-01-30T00:00:00+00:00, run_after=2024-01-31T00:00:00+00:00
[2024-01-31T02:10:16.572+0000] {logging_mixin.py:188} INFO - [2024-01-31T02:10:16.572+0000] {dag.py:3820} INFO - Setting next_dagrun for dataset_produces_2 to None, run_after=None
[2024-01-31T02:10:16.610+0000] {processor.py:183} INFO - Processing /home/deprojectue/miniconda3/envs/airflow_demo/lib/python3.9/site-packages/airflow/example_dags/example_datasets.py took 0.130 seconds
[2024-01-31T02:13:05.721+0000] {processor.py:161} INFO - Started process (PID=211062) to work on /home/deprojectue/miniconda3/envs/airflow_demo/lib/python3.9/site-packages/airflow/example_dags/example_datasets.py
[2024-01-31T02:13:05.723+0000] {processor.py:830} INFO - Processing file /home/deprojectue/miniconda3/envs/airflow_demo/lib/python3.9/site-packages/airflow/example_dags/example_datasets.py for tasks to queue
[2024-01-31T02:13:05.726+0000] {logging_mixin.py:188} INFO - [2024-01-31T02:13:05.725+0000] {dagbag.py:538} INFO - Filling up the DagBag from /home/deprojectue/miniconda3/envs/airflow_demo/lib/python3.9/site-packages/airflow/example_dags/example_datasets.py
[2024-01-31T02:13:05.739+0000] {processor.py:840} INFO - DAG(s) 'dataset_consumes_1_and_2', 'dataset_produces_1', 'dataset_consumes_unknown_never_scheduled', 'dataset_produces_2', 'dataset_consumes_1', 'dataset_consumes_1_never_scheduled' retrieved from /home/deprojectue/miniconda3/envs/airflow_demo/lib/python3.9/site-packages/airflow/example_dags/example_datasets.py
[2024-01-31T02:13:05.773+0000] {logging_mixin.py:188} INFO - [2024-01-31T02:13:05.773+0000] {dag.py:3033} INFO - Sync 6 DAGs
[2024-01-31T02:13:05.796+0000] {logging_mixin.py:188} INFO - [2024-01-31T02:13:05.796+0000] {dag.py:3820} INFO - Setting next_dagrun for dataset_consumes_1 to None, run_after=None
[2024-01-31T02:13:05.801+0000] {logging_mixin.py:188} INFO - [2024-01-31T02:13:05.800+0000] {dag.py:3820} INFO - Setting next_dagrun for dataset_consumes_1_and_2 to None, run_after=None
[2024-01-31T02:13:05.802+0000] {logging_mixin.py:188} INFO - [2024-01-31T02:13:05.802+0000] {dag.py:3820} INFO - Setting next_dagrun for dataset_consumes_1_never_scheduled to None, run_after=None
[2024-01-31T02:13:05.803+0000] {logging_mixin.py:188} INFO - [2024-01-31T02:13:05.803+0000] {dag.py:3820} INFO - Setting next_dagrun for dataset_consumes_unknown_never_scheduled to None, run_after=None
[2024-01-31T02:13:05.806+0000] {logging_mixin.py:188} INFO - [2024-01-31T02:13:05.805+0000] {dag.py:3820} INFO - Setting next_dagrun for dataset_produces_1 to 2024-01-30T00:00:00+00:00, run_after=2024-01-31T00:00:00+00:00
[2024-01-31T02:13:05.807+0000] {logging_mixin.py:188} INFO - [2024-01-31T02:13:05.807+0000] {dag.py:3820} INFO - Setting next_dagrun for dataset_produces_2 to None, run_after=None
[2024-01-31T02:13:05.841+0000] {processor.py:183} INFO - Processing /home/deprojectue/miniconda3/envs/airflow_demo/lib/python3.9/site-packages/airflow/example_dags/example_datasets.py took 0.125 seconds
[2024-01-31T02:13:54.951+0000] {processor.py:161} INFO - Started process (PID=211121) to work on /home/deprojectue/miniconda3/envs/airflow_demo/lib/python3.9/site-packages/airflow/example_dags/example_datasets.py
[2024-01-31T02:13:54.953+0000] {processor.py:830} INFO - Processing file /home/deprojectue/miniconda3/envs/airflow_demo/lib/python3.9/site-packages/airflow/example_dags/example_datasets.py for tasks to queue
[2024-01-31T02:13:54.956+0000] {logging_mixin.py:188} INFO - [2024-01-31T02:13:54.956+0000] {dagbag.py:538} INFO - Filling up the DagBag from /home/deprojectue/miniconda3/envs/airflow_demo/lib/python3.9/site-packages/airflow/example_dags/example_datasets.py
[2024-01-31T02:13:54.969+0000] {processor.py:840} INFO - DAG(s) 'dataset_consumes_1_and_2', 'dataset_produces_1', 'dataset_consumes_1_never_scheduled', 'dataset_consumes_1', 'dataset_consumes_unknown_never_scheduled', 'dataset_produces_2' retrieved from /home/deprojectue/miniconda3/envs/airflow_demo/lib/python3.9/site-packages/airflow/example_dags/example_datasets.py
[2024-01-31T02:13:55.005+0000] {logging_mixin.py:188} INFO - [2024-01-31T02:13:55.004+0000] {dag.py:3033} INFO - Sync 6 DAGs
[2024-01-31T02:13:55.028+0000] {logging_mixin.py:188} INFO - [2024-01-31T02:13:55.028+0000] {dag.py:3820} INFO - Setting next_dagrun for dataset_consumes_1 to None, run_after=None
[2024-01-31T02:13:55.032+0000] {logging_mixin.py:188} INFO - [2024-01-31T02:13:55.032+0000] {dag.py:3820} INFO - Setting next_dagrun for dataset_consumes_1_and_2 to None, run_after=None
[2024-01-31T02:13:55.034+0000] {logging_mixin.py:188} INFO - [2024-01-31T02:13:55.033+0000] {dag.py:3820} INFO - Setting next_dagrun for dataset_consumes_1_never_scheduled to None, run_after=None
[2024-01-31T02:13:55.035+0000] {logging_mixin.py:188} INFO - [2024-01-31T02:13:55.035+0000] {dag.py:3820} INFO - Setting next_dagrun for dataset_consumes_unknown_never_scheduled to None, run_after=None
[2024-01-31T02:13:55.038+0000] {logging_mixin.py:188} INFO - [2024-01-31T02:13:55.038+0000] {dag.py:3820} INFO - Setting next_dagrun for dataset_produces_1 to 2024-01-30T00:00:00+00:00, run_after=2024-01-31T00:00:00+00:00
[2024-01-31T02:13:55.039+0000] {logging_mixin.py:188} INFO - [2024-01-31T02:13:55.039+0000] {dag.py:3820} INFO - Setting next_dagrun for dataset_produces_2 to None, run_after=None
[2024-01-31T02:13:55.075+0000] {processor.py:183} INFO - Processing /home/deprojectue/miniconda3/envs/airflow_demo/lib/python3.9/site-packages/airflow/example_dags/example_datasets.py took 0.128 seconds
[2024-01-31T02:22:04.963+0000] {processor.py:161} INFO - Started process (PID=211322) to work on /home/deprojectue/miniconda3/envs/airflow_demo/lib/python3.9/site-packages/airflow/example_dags/example_datasets.py
[2024-01-31T02:22:04.965+0000] {processor.py:830} INFO - Processing file /home/deprojectue/miniconda3/envs/airflow_demo/lib/python3.9/site-packages/airflow/example_dags/example_datasets.py for tasks to queue
[2024-01-31T02:22:04.969+0000] {logging_mixin.py:188} INFO - [2024-01-31T02:22:04.968+0000] {dagbag.py:538} INFO - Filling up the DagBag from /home/deprojectue/miniconda3/envs/airflow_demo/lib/python3.9/site-packages/airflow/example_dags/example_datasets.py
[2024-01-31T02:22:04.983+0000] {processor.py:840} INFO - DAG(s) 'dataset_consumes_1', 'dataset_consumes_1_never_scheduled', 'dataset_produces_1', 'dataset_consumes_1_and_2', 'dataset_consumes_unknown_never_scheduled', 'dataset_produces_2' retrieved from /home/deprojectue/miniconda3/envs/airflow_demo/lib/python3.9/site-packages/airflow/example_dags/example_datasets.py
[2024-01-31T02:22:05.019+0000] {logging_mixin.py:188} INFO - [2024-01-31T02:22:05.019+0000] {dag.py:3033} INFO - Sync 6 DAGs
[2024-01-31T02:22:05.043+0000] {logging_mixin.py:188} INFO - [2024-01-31T02:22:05.043+0000] {dag.py:3820} INFO - Setting next_dagrun for dataset_consumes_1 to None, run_after=None
[2024-01-31T02:22:05.047+0000] {logging_mixin.py:188} INFO - [2024-01-31T02:22:05.046+0000] {dag.py:3820} INFO - Setting next_dagrun for dataset_consumes_1_and_2 to None, run_after=None
[2024-01-31T02:22:05.048+0000] {logging_mixin.py:188} INFO - [2024-01-31T02:22:05.048+0000] {dag.py:3820} INFO - Setting next_dagrun for dataset_consumes_1_never_scheduled to None, run_after=None
[2024-01-31T02:22:05.049+0000] {logging_mixin.py:188} INFO - [2024-01-31T02:22:05.049+0000] {dag.py:3820} INFO - Setting next_dagrun for dataset_consumes_unknown_never_scheduled to None, run_after=None
[2024-01-31T02:22:05.052+0000] {logging_mixin.py:188} INFO - [2024-01-31T02:22:05.052+0000] {dag.py:3820} INFO - Setting next_dagrun for dataset_produces_1 to 2024-01-30T00:00:00+00:00, run_after=2024-01-31T00:00:00+00:00
[2024-01-31T02:22:05.053+0000] {logging_mixin.py:188} INFO - [2024-01-31T02:22:05.053+0000] {dag.py:3820} INFO - Setting next_dagrun for dataset_produces_2 to None, run_after=None
[2024-01-31T02:22:05.093+0000] {processor.py:183} INFO - Processing /home/deprojectue/miniconda3/envs/airflow_demo/lib/python3.9/site-packages/airflow/example_dags/example_datasets.py took 0.134 seconds
[2024-01-31T08:24:43.123+0000] {processor.py:161} INFO - Started process (PID=214063) to work on /home/deprojectue/miniconda3/envs/airflow_demo/lib/python3.9/site-packages/airflow/example_dags/example_datasets.py
[2024-01-31T08:24:43.125+0000] {processor.py:830} INFO - Processing file /home/deprojectue/miniconda3/envs/airflow_demo/lib/python3.9/site-packages/airflow/example_dags/example_datasets.py for tasks to queue
[2024-01-31T08:24:43.128+0000] {logging_mixin.py:188} INFO - [2024-01-31T08:24:43.128+0000] {dagbag.py:538} INFO - Filling up the DagBag from /home/deprojectue/miniconda3/envs/airflow_demo/lib/python3.9/site-packages/airflow/example_dags/example_datasets.py
[2024-01-31T08:24:43.142+0000] {processor.py:840} INFO - DAG(s) 'dataset_consumes_1_never_scheduled', 'dataset_consumes_1_and_2', 'dataset_produces_2', 'dataset_consumes_unknown_never_scheduled', 'dataset_produces_1', 'dataset_consumes_1' retrieved from /home/deprojectue/miniconda3/envs/airflow_demo/lib/python3.9/site-packages/airflow/example_dags/example_datasets.py
[2024-01-31T08:24:43.176+0000] {logging_mixin.py:188} INFO - [2024-01-31T08:24:43.176+0000] {dag.py:3033} INFO - Sync 6 DAGs
[2024-01-31T08:24:43.199+0000] {logging_mixin.py:188} INFO - [2024-01-31T08:24:43.198+0000] {dag.py:3820} INFO - Setting next_dagrun for dataset_consumes_1 to None, run_after=None
[2024-01-31T08:24:43.202+0000] {logging_mixin.py:188} INFO - [2024-01-31T08:24:43.202+0000] {dag.py:3820} INFO - Setting next_dagrun for dataset_consumes_1_and_2 to None, run_after=None
[2024-01-31T08:24:43.203+0000] {logging_mixin.py:188} INFO - [2024-01-31T08:24:43.203+0000] {dag.py:3820} INFO - Setting next_dagrun for dataset_consumes_1_never_scheduled to None, run_after=None
[2024-01-31T08:24:43.204+0000] {logging_mixin.py:188} INFO - [2024-01-31T08:24:43.204+0000] {dag.py:3820} INFO - Setting next_dagrun for dataset_consumes_unknown_never_scheduled to None, run_after=None
[2024-01-31T08:24:43.206+0000] {logging_mixin.py:188} INFO - [2024-01-31T08:24:43.206+0000] {dag.py:3820} INFO - Setting next_dagrun for dataset_produces_1 to 2024-01-30T00:00:00+00:00, run_after=2024-01-31T00:00:00+00:00
[2024-01-31T08:24:43.207+0000] {logging_mixin.py:188} INFO - [2024-01-31T08:24:43.207+0000] {dag.py:3820} INFO - Setting next_dagrun for dataset_produces_2 to None, run_after=None
[2024-01-31T08:24:43.241+0000] {processor.py:183} INFO - Processing /home/deprojectue/miniconda3/envs/airflow_demo/lib/python3.9/site-packages/airflow/example_dags/example_datasets.py took 0.122 seconds
[2024-01-31T08:25:31.230+0000] {processor.py:161} INFO - Started process (PID=214114) to work on /home/deprojectue/miniconda3/envs/airflow_demo/lib/python3.9/site-packages/airflow/example_dags/example_datasets.py
[2024-01-31T08:25:31.232+0000] {processor.py:830} INFO - Processing file /home/deprojectue/miniconda3/envs/airflow_demo/lib/python3.9/site-packages/airflow/example_dags/example_datasets.py for tasks to queue
[2024-01-31T08:25:31.235+0000] {logging_mixin.py:188} INFO - [2024-01-31T08:25:31.235+0000] {dagbag.py:538} INFO - Filling up the DagBag from /home/deprojectue/miniconda3/envs/airflow_demo/lib/python3.9/site-packages/airflow/example_dags/example_datasets.py
[2024-01-31T08:25:31.248+0000] {processor.py:840} INFO - DAG(s) 'dataset_consumes_1', 'dataset_consumes_1_never_scheduled', 'dataset_consumes_unknown_never_scheduled', 'dataset_produces_1', 'dataset_produces_2', 'dataset_consumes_1_and_2' retrieved from /home/deprojectue/miniconda3/envs/airflow_demo/lib/python3.9/site-packages/airflow/example_dags/example_datasets.py
[2024-01-31T08:25:31.282+0000] {logging_mixin.py:188} INFO - [2024-01-31T08:25:31.282+0000] {dag.py:3033} INFO - Sync 6 DAGs
[2024-01-31T08:25:31.306+0000] {logging_mixin.py:188} INFO - [2024-01-31T08:25:31.305+0000] {dag.py:3820} INFO - Setting next_dagrun for dataset_consumes_1 to None, run_after=None
[2024-01-31T08:25:31.309+0000] {logging_mixin.py:188} INFO - [2024-01-31T08:25:31.309+0000] {dag.py:3820} INFO - Setting next_dagrun for dataset_consumes_1_and_2 to None, run_after=None
[2024-01-31T08:25:31.310+0000] {logging_mixin.py:188} INFO - [2024-01-31T08:25:31.310+0000] {dag.py:3820} INFO - Setting next_dagrun for dataset_consumes_1_never_scheduled to None, run_after=None
[2024-01-31T08:25:31.311+0000] {logging_mixin.py:188} INFO - [2024-01-31T08:25:31.311+0000] {dag.py:3820} INFO - Setting next_dagrun for dataset_consumes_unknown_never_scheduled to None, run_after=None
[2024-01-31T08:25:31.314+0000] {logging_mixin.py:188} INFO - [2024-01-31T08:25:31.313+0000] {dag.py:3820} INFO - Setting next_dagrun for dataset_produces_1 to 2024-01-30T00:00:00+00:00, run_after=2024-01-31T00:00:00+00:00
[2024-01-31T08:25:31.314+0000] {logging_mixin.py:188} INFO - [2024-01-31T08:25:31.314+0000] {dag.py:3820} INFO - Setting next_dagrun for dataset_produces_2 to None, run_after=None
[2024-01-31T08:25:31.345+0000] {processor.py:183} INFO - Processing /home/deprojectue/miniconda3/envs/airflow_demo/lib/python3.9/site-packages/airflow/example_dags/example_datasets.py took 0.119 seconds
[2024-01-31T08:52:15.784+0000] {processor.py:161} INFO - Started process (PID=215395) to work on /home/deprojectue/miniconda3/envs/airflow_demo/lib/python3.9/site-packages/airflow/example_dags/example_datasets.py
[2024-01-31T08:52:15.786+0000] {processor.py:830} INFO - Processing file /home/deprojectue/miniconda3/envs/airflow_demo/lib/python3.9/site-packages/airflow/example_dags/example_datasets.py for tasks to queue
[2024-01-31T08:52:15.790+0000] {logging_mixin.py:188} INFO - [2024-01-31T08:52:15.789+0000] {dagbag.py:538} INFO - Filling up the DagBag from /home/deprojectue/miniconda3/envs/airflow_demo/lib/python3.9/site-packages/airflow/example_dags/example_datasets.py
[2024-01-31T08:52:15.803+0000] {processor.py:840} INFO - DAG(s) 'dataset_produces_2', 'dataset_consumes_unknown_never_scheduled', 'dataset_consumes_1_and_2', 'dataset_consumes_1_never_scheduled', 'dataset_produces_1', 'dataset_consumes_1' retrieved from /home/deprojectue/miniconda3/envs/airflow_demo/lib/python3.9/site-packages/airflow/example_dags/example_datasets.py
[2024-01-31T08:52:15.920+0000] {logging_mixin.py:188} INFO - [2024-01-31T08:52:15.919+0000] {dag.py:3033} INFO - Sync 6 DAGs
[2024-01-31T08:52:15.933+0000] {logging_mixin.py:188} INFO - [2024-01-31T08:52:15.933+0000] {dag.py:3055} INFO - Creating ORM DAG for dataset_consumes_1
[2024-01-31T08:52:15.940+0000] {logging_mixin.py:188} INFO - [2024-01-31T08:52:15.940+0000] {dag.py:3820} INFO - Setting next_dagrun for dataset_consumes_1 to None, run_after=None
[2024-01-31T08:52:15.941+0000] {logging_mixin.py:188} INFO - [2024-01-31T08:52:15.941+0000] {dag.py:3820} INFO - Setting next_dagrun for dataset_consumes_1_and_2 to None, run_after=None
[2024-01-31T08:52:15.943+0000] {logging_mixin.py:188} INFO - [2024-01-31T08:52:15.943+0000] {dag.py:3820} INFO - Setting next_dagrun for dataset_consumes_1_never_scheduled to None, run_after=None
[2024-01-31T08:52:15.945+0000] {logging_mixin.py:188} INFO - [2024-01-31T08:52:15.944+0000] {dag.py:3820} INFO - Setting next_dagrun for dataset_consumes_unknown_never_scheduled to None, run_after=None
[2024-01-31T08:52:15.947+0000] {logging_mixin.py:188} INFO - [2024-01-31T08:52:15.947+0000] {dag.py:3820} INFO - Setting next_dagrun for dataset_produces_1 to 2024-01-30T00:00:00+00:00, run_after=2024-01-31T00:00:00+00:00
[2024-01-31T08:52:15.948+0000] {logging_mixin.py:188} INFO - [2024-01-31T08:52:15.948+0000] {dag.py:3820} INFO - Setting next_dagrun for dataset_produces_2 to None, run_after=None
[2024-01-31T08:52:15.988+0000] {processor.py:183} INFO - Processing /home/deprojectue/miniconda3/envs/airflow_demo/lib/python3.9/site-packages/airflow/example_dags/example_datasets.py took 0.209 seconds
[2024-01-31T08:53:06.136+0000] {processor.py:161} INFO - Started process (PID=215447) to work on /home/deprojectue/miniconda3/envs/airflow_demo/lib/python3.9/site-packages/airflow/example_dags/example_datasets.py
[2024-01-31T08:53:06.138+0000] {processor.py:830} INFO - Processing file /home/deprojectue/miniconda3/envs/airflow_demo/lib/python3.9/site-packages/airflow/example_dags/example_datasets.py for tasks to queue
[2024-01-31T08:53:06.142+0000] {logging_mixin.py:188} INFO - [2024-01-31T08:53:06.141+0000] {dagbag.py:538} INFO - Filling up the DagBag from /home/deprojectue/miniconda3/envs/airflow_demo/lib/python3.9/site-packages/airflow/example_dags/example_datasets.py
[2024-01-31T08:53:06.154+0000] {processor.py:840} INFO - DAG(s) 'dataset_consumes_1_never_scheduled', 'dataset_produces_2', 'dataset_consumes_1', 'dataset_produces_1', 'dataset_consumes_unknown_never_scheduled', 'dataset_consumes_1_and_2' retrieved from /home/deprojectue/miniconda3/envs/airflow_demo/lib/python3.9/site-packages/airflow/example_dags/example_datasets.py
[2024-01-31T08:53:06.186+0000] {logging_mixin.py:188} INFO - [2024-01-31T08:53:06.185+0000] {dag.py:3033} INFO - Sync 6 DAGs
[2024-01-31T08:53:06.206+0000] {logging_mixin.py:188} INFO - [2024-01-31T08:53:06.205+0000] {dag.py:3820} INFO - Setting next_dagrun for dataset_consumes_1 to None, run_after=None
[2024-01-31T08:53:06.209+0000] {logging_mixin.py:188} INFO - [2024-01-31T08:53:06.209+0000] {dag.py:3820} INFO - Setting next_dagrun for dataset_consumes_1_and_2 to None, run_after=None
[2024-01-31T08:53:06.210+0000] {logging_mixin.py:188} INFO - [2024-01-31T08:53:06.210+0000] {dag.py:3820} INFO - Setting next_dagrun for dataset_consumes_1_never_scheduled to None, run_after=None
[2024-01-31T08:53:06.211+0000] {logging_mixin.py:188} INFO - [2024-01-31T08:53:06.211+0000] {dag.py:3820} INFO - Setting next_dagrun for dataset_consumes_unknown_never_scheduled to None, run_after=None
[2024-01-31T08:53:06.214+0000] {logging_mixin.py:188} INFO - [2024-01-31T08:53:06.214+0000] {dag.py:3820} INFO - Setting next_dagrun for dataset_produces_1 to 2024-01-30T00:00:00+00:00, run_after=2024-01-31T00:00:00+00:00
[2024-01-31T08:53:06.216+0000] {logging_mixin.py:188} INFO - [2024-01-31T08:53:06.216+0000] {dag.py:3820} INFO - Setting next_dagrun for dataset_produces_2 to None, run_after=None
[2024-01-31T08:53:06.254+0000] {processor.py:183} INFO - Processing /home/deprojectue/miniconda3/envs/airflow_demo/lib/python3.9/site-packages/airflow/example_dags/example_datasets.py took 0.122 seconds
[2024-01-31T08:54:06.892+0000] {processor.py:161} INFO - Started process (PID=215509) to work on /home/deprojectue/miniconda3/envs/airflow_demo/lib/python3.9/site-packages/airflow/example_dags/example_datasets.py
[2024-01-31T08:54:06.894+0000] {processor.py:830} INFO - Processing file /home/deprojectue/miniconda3/envs/airflow_demo/lib/python3.9/site-packages/airflow/example_dags/example_datasets.py for tasks to queue
[2024-01-31T08:54:06.898+0000] {logging_mixin.py:188} INFO - [2024-01-31T08:54:06.897+0000] {dagbag.py:538} INFO - Filling up the DagBag from /home/deprojectue/miniconda3/envs/airflow_demo/lib/python3.9/site-packages/airflow/example_dags/example_datasets.py
[2024-01-31T08:54:06.910+0000] {processor.py:840} INFO - DAG(s) 'dataset_produces_2', 'dataset_consumes_1', 'dataset_consumes_1_never_scheduled', 'dataset_consumes_unknown_never_scheduled', 'dataset_consumes_1_and_2', 'dataset_produces_1' retrieved from /home/deprojectue/miniconda3/envs/airflow_demo/lib/python3.9/site-packages/airflow/example_dags/example_datasets.py
[2024-01-31T08:54:06.942+0000] {logging_mixin.py:188} INFO - [2024-01-31T08:54:06.942+0000] {dag.py:3033} INFO - Sync 6 DAGs
[2024-01-31T08:54:06.962+0000] {logging_mixin.py:188} INFO - [2024-01-31T08:54:06.962+0000] {dag.py:3820} INFO - Setting next_dagrun for dataset_consumes_1 to None, run_after=None
[2024-01-31T08:54:06.965+0000] {logging_mixin.py:188} INFO - [2024-01-31T08:54:06.965+0000] {dag.py:3820} INFO - Setting next_dagrun for dataset_consumes_1_and_2 to None, run_after=None
[2024-01-31T08:54:06.966+0000] {logging_mixin.py:188} INFO - [2024-01-31T08:54:06.966+0000] {dag.py:3820} INFO - Setting next_dagrun for dataset_consumes_1_never_scheduled to None, run_after=None
[2024-01-31T08:54:06.967+0000] {logging_mixin.py:188} INFO - [2024-01-31T08:54:06.967+0000] {dag.py:3820} INFO - Setting next_dagrun for dataset_consumes_unknown_never_scheduled to None, run_after=None
[2024-01-31T08:54:06.970+0000] {logging_mixin.py:188} INFO - [2024-01-31T08:54:06.970+0000] {dag.py:3820} INFO - Setting next_dagrun for dataset_produces_1 to 2024-01-30T00:00:00+00:00, run_after=2024-01-31T00:00:00+00:00
[2024-01-31T08:54:06.972+0000] {logging_mixin.py:188} INFO - [2024-01-31T08:54:06.972+0000] {dag.py:3820} INFO - Setting next_dagrun for dataset_produces_2 to None, run_after=None
[2024-01-31T08:54:07.008+0000] {processor.py:183} INFO - Processing /home/deprojectue/miniconda3/envs/airflow_demo/lib/python3.9/site-packages/airflow/example_dags/example_datasets.py took 0.120 seconds
[2024-01-31T08:55:08.292+0000] {processor.py:161} INFO - Started process (PID=215574) to work on /home/deprojectue/miniconda3/envs/airflow_demo/lib/python3.9/site-packages/airflow/example_dags/example_datasets.py
[2024-01-31T08:55:08.294+0000] {processor.py:830} INFO - Processing file /home/deprojectue/miniconda3/envs/airflow_demo/lib/python3.9/site-packages/airflow/example_dags/example_datasets.py for tasks to queue
[2024-01-31T08:55:08.297+0000] {logging_mixin.py:188} INFO - [2024-01-31T08:55:08.297+0000] {dagbag.py:538} INFO - Filling up the DagBag from /home/deprojectue/miniconda3/envs/airflow_demo/lib/python3.9/site-packages/airflow/example_dags/example_datasets.py
[2024-01-31T08:55:08.310+0000] {processor.py:840} INFO - DAG(s) 'dataset_consumes_1_never_scheduled', 'dataset_consumes_1', 'dataset_consumes_1_and_2', 'dataset_consumes_unknown_never_scheduled', 'dataset_produces_1', 'dataset_produces_2' retrieved from /home/deprojectue/miniconda3/envs/airflow_demo/lib/python3.9/site-packages/airflow/example_dags/example_datasets.py
[2024-01-31T08:55:08.343+0000] {logging_mixin.py:188} INFO - [2024-01-31T08:55:08.343+0000] {dag.py:3033} INFO - Sync 6 DAGs
[2024-01-31T08:55:08.364+0000] {logging_mixin.py:188} INFO - [2024-01-31T08:55:08.364+0000] {dag.py:3820} INFO - Setting next_dagrun for dataset_consumes_1 to None, run_after=None
[2024-01-31T08:55:08.367+0000] {logging_mixin.py:188} INFO - [2024-01-31T08:55:08.367+0000] {dag.py:3820} INFO - Setting next_dagrun for dataset_consumes_1_and_2 to None, run_after=None
[2024-01-31T08:55:08.368+0000] {logging_mixin.py:188} INFO - [2024-01-31T08:55:08.368+0000] {dag.py:3820} INFO - Setting next_dagrun for dataset_consumes_1_never_scheduled to None, run_after=None
[2024-01-31T08:55:08.370+0000] {logging_mixin.py:188} INFO - [2024-01-31T08:55:08.370+0000] {dag.py:3820} INFO - Setting next_dagrun for dataset_consumes_unknown_never_scheduled to None, run_after=None
[2024-01-31T08:55:08.372+0000] {logging_mixin.py:188} INFO - [2024-01-31T08:55:08.372+0000] {dag.py:3820} INFO - Setting next_dagrun for dataset_produces_1 to 2024-01-30T00:00:00+00:00, run_after=2024-01-31T00:00:00+00:00
[2024-01-31T08:55:08.374+0000] {logging_mixin.py:188} INFO - [2024-01-31T08:55:08.373+0000] {dag.py:3820} INFO - Setting next_dagrun for dataset_produces_2 to None, run_after=None
[2024-01-31T08:55:08.408+0000] {processor.py:183} INFO - Processing /home/deprojectue/miniconda3/envs/airflow_demo/lib/python3.9/site-packages/airflow/example_dags/example_datasets.py took 0.121 seconds
[2024-01-31T08:56:05.331+0000] {processor.py:161} INFO - Started process (PID=215635) to work on /home/deprojectue/miniconda3/envs/airflow_demo/lib/python3.9/site-packages/airflow/example_dags/example_datasets.py
[2024-01-31T08:56:05.333+0000] {processor.py:830} INFO - Processing file /home/deprojectue/miniconda3/envs/airflow_demo/lib/python3.9/site-packages/airflow/example_dags/example_datasets.py for tasks to queue
[2024-01-31T08:56:05.337+0000] {logging_mixin.py:188} INFO - [2024-01-31T08:56:05.336+0000] {dagbag.py:538} INFO - Filling up the DagBag from /home/deprojectue/miniconda3/envs/airflow_demo/lib/python3.9/site-packages/airflow/example_dags/example_datasets.py
[2024-01-31T08:56:05.349+0000] {processor.py:840} INFO - DAG(s) 'dataset_consumes_unknown_never_scheduled', 'dataset_produces_1', 'dataset_produces_2', 'dataset_consumes_1_and_2', 'dataset_consumes_1_never_scheduled', 'dataset_consumes_1' retrieved from /home/deprojectue/miniconda3/envs/airflow_demo/lib/python3.9/site-packages/airflow/example_dags/example_datasets.py
[2024-01-31T08:56:05.381+0000] {logging_mixin.py:188} INFO - [2024-01-31T08:56:05.381+0000] {dag.py:3033} INFO - Sync 6 DAGs
[2024-01-31T08:56:05.402+0000] {logging_mixin.py:188} INFO - [2024-01-31T08:56:05.402+0000] {dag.py:3820} INFO - Setting next_dagrun for dataset_consumes_1 to None, run_after=None
[2024-01-31T08:56:05.405+0000] {logging_mixin.py:188} INFO - [2024-01-31T08:56:05.405+0000] {dag.py:3820} INFO - Setting next_dagrun for dataset_consumes_1_and_2 to None, run_after=None
[2024-01-31T08:56:05.406+0000] {logging_mixin.py:188} INFO - [2024-01-31T08:56:05.406+0000] {dag.py:3820} INFO - Setting next_dagrun for dataset_consumes_1_never_scheduled to None, run_after=None
[2024-01-31T08:56:05.407+0000] {logging_mixin.py:188} INFO - [2024-01-31T08:56:05.407+0000] {dag.py:3820} INFO - Setting next_dagrun for dataset_consumes_unknown_never_scheduled to None, run_after=None
[2024-01-31T08:56:05.410+0000] {logging_mixin.py:188} INFO - [2024-01-31T08:56:05.410+0000] {dag.py:3820} INFO - Setting next_dagrun for dataset_produces_1 to 2024-01-30T00:00:00+00:00, run_after=2024-01-31T00:00:00+00:00
[2024-01-31T08:56:05.411+0000] {logging_mixin.py:188} INFO - [2024-01-31T08:56:05.411+0000] {dag.py:3820} INFO - Setting next_dagrun for dataset_produces_2 to None, run_after=None
[2024-01-31T08:56:05.442+0000] {processor.py:183} INFO - Processing /home/deprojectue/miniconda3/envs/airflow_demo/lib/python3.9/site-packages/airflow/example_dags/example_datasets.py took 0.116 seconds
[2024-01-31T08:57:04.684+0000] {processor.py:161} INFO - Started process (PID=215712) to work on /home/deprojectue/miniconda3/envs/airflow_demo/lib/python3.9/site-packages/airflow/example_dags/example_datasets.py
[2024-01-31T08:57:04.686+0000] {processor.py:830} INFO - Processing file /home/deprojectue/miniconda3/envs/airflow_demo/lib/python3.9/site-packages/airflow/example_dags/example_datasets.py for tasks to queue
[2024-01-31T08:57:04.690+0000] {logging_mixin.py:188} INFO - [2024-01-31T08:57:04.690+0000] {dagbag.py:538} INFO - Filling up the DagBag from /home/deprojectue/miniconda3/envs/airflow_demo/lib/python3.9/site-packages/airflow/example_dags/example_datasets.py
[2024-01-31T08:57:04.704+0000] {processor.py:840} INFO - DAG(s) 'dataset_consumes_1_and_2', 'dataset_produces_2', 'dataset_consumes_unknown_never_scheduled', 'dataset_consumes_1', 'dataset_produces_1', 'dataset_consumes_1_never_scheduled' retrieved from /home/deprojectue/miniconda3/envs/airflow_demo/lib/python3.9/site-packages/airflow/example_dags/example_datasets.py
[2024-01-31T08:57:04.739+0000] {logging_mixin.py:188} INFO - [2024-01-31T08:57:04.739+0000] {dag.py:3033} INFO - Sync 6 DAGs
[2024-01-31T08:57:04.762+0000] {logging_mixin.py:188} INFO - [2024-01-31T08:57:04.762+0000] {dag.py:3820} INFO - Setting next_dagrun for dataset_consumes_1 to None, run_after=None
[2024-01-31T08:57:04.766+0000] {logging_mixin.py:188} INFO - [2024-01-31T08:57:04.766+0000] {dag.py:3820} INFO - Setting next_dagrun for dataset_consumes_1_and_2 to None, run_after=None
[2024-01-31T08:57:04.768+0000] {logging_mixin.py:188} INFO - [2024-01-31T08:57:04.767+0000] {dag.py:3820} INFO - Setting next_dagrun for dataset_consumes_1_never_scheduled to None, run_after=None
[2024-01-31T08:57:04.769+0000] {logging_mixin.py:188} INFO - [2024-01-31T08:57:04.769+0000] {dag.py:3820} INFO - Setting next_dagrun for dataset_consumes_unknown_never_scheduled to None, run_after=None
[2024-01-31T08:57:04.771+0000] {logging_mixin.py:188} INFO - [2024-01-31T08:57:04.771+0000] {dag.py:3820} INFO - Setting next_dagrun for dataset_produces_1 to 2024-01-30T00:00:00+00:00, run_after=2024-01-31T00:00:00+00:00
[2024-01-31T08:57:04.773+0000] {logging_mixin.py:188} INFO - [2024-01-31T08:57:04.772+0000] {dag.py:3820} INFO - Setting next_dagrun for dataset_produces_2 to None, run_after=None
[2024-01-31T08:57:04.812+0000] {processor.py:183} INFO - Processing /home/deprojectue/miniconda3/envs/airflow_demo/lib/python3.9/site-packages/airflow/example_dags/example_datasets.py took 0.132 seconds
[2024-01-31T08:57:58.241+0000] {processor.py:161} INFO - Started process (PID=215768) to work on /home/deprojectue/miniconda3/envs/airflow_demo/lib/python3.9/site-packages/airflow/example_dags/example_datasets.py
[2024-01-31T08:57:58.243+0000] {processor.py:830} INFO - Processing file /home/deprojectue/miniconda3/envs/airflow_demo/lib/python3.9/site-packages/airflow/example_dags/example_datasets.py for tasks to queue
[2024-01-31T08:57:58.247+0000] {logging_mixin.py:188} INFO - [2024-01-31T08:57:58.246+0000] {dagbag.py:538} INFO - Filling up the DagBag from /home/deprojectue/miniconda3/envs/airflow_demo/lib/python3.9/site-packages/airflow/example_dags/example_datasets.py
[2024-01-31T08:57:58.261+0000] {processor.py:840} INFO - DAG(s) 'dataset_consumes_1', 'dataset_consumes_1_and_2', 'dataset_consumes_1_never_scheduled', 'dataset_produces_2', 'dataset_produces_1', 'dataset_consumes_unknown_never_scheduled' retrieved from /home/deprojectue/miniconda3/envs/airflow_demo/lib/python3.9/site-packages/airflow/example_dags/example_datasets.py
[2024-01-31T08:57:58.295+0000] {logging_mixin.py:188} INFO - [2024-01-31T08:57:58.295+0000] {dag.py:3033} INFO - Sync 6 DAGs
[2024-01-31T08:57:58.316+0000] {logging_mixin.py:188} INFO - [2024-01-31T08:57:58.315+0000] {dag.py:3820} INFO - Setting next_dagrun for dataset_consumes_1 to None, run_after=None
[2024-01-31T08:57:58.320+0000] {logging_mixin.py:188} INFO - [2024-01-31T08:57:58.319+0000] {dag.py:3820} INFO - Setting next_dagrun for dataset_consumes_1_and_2 to None, run_after=None
[2024-01-31T08:57:58.321+0000] {logging_mixin.py:188} INFO - [2024-01-31T08:57:58.321+0000] {dag.py:3820} INFO - Setting next_dagrun for dataset_consumes_1_never_scheduled to None, run_after=None
[2024-01-31T08:57:58.322+0000] {logging_mixin.py:188} INFO - [2024-01-31T08:57:58.322+0000] {dag.py:3820} INFO - Setting next_dagrun for dataset_consumes_unknown_never_scheduled to None, run_after=None
[2024-01-31T08:57:58.325+0000] {logging_mixin.py:188} INFO - [2024-01-31T08:57:58.325+0000] {dag.py:3820} INFO - Setting next_dagrun for dataset_produces_1 to 2024-01-30T00:00:00+00:00, run_after=2024-01-31T00:00:00+00:00
[2024-01-31T08:57:58.326+0000] {logging_mixin.py:188} INFO - [2024-01-31T08:57:58.326+0000] {dag.py:3820} INFO - Setting next_dagrun for dataset_produces_2 to None, run_after=None
[2024-01-31T08:57:58.361+0000] {processor.py:183} INFO - Processing /home/deprojectue/miniconda3/envs/airflow_demo/lib/python3.9/site-packages/airflow/example_dags/example_datasets.py took 0.125 seconds
[2024-01-31T08:58:59.154+0000] {processor.py:161} INFO - Started process (PID=215849) to work on /home/deprojectue/miniconda3/envs/airflow_demo/lib/python3.9/site-packages/airflow/example_dags/example_datasets.py
[2024-01-31T08:58:59.157+0000] {processor.py:830} INFO - Processing file /home/deprojectue/miniconda3/envs/airflow_demo/lib/python3.9/site-packages/airflow/example_dags/example_datasets.py for tasks to queue
[2024-01-31T08:58:59.160+0000] {logging_mixin.py:188} INFO - [2024-01-31T08:58:59.160+0000] {dagbag.py:538} INFO - Filling up the DagBag from /home/deprojectue/miniconda3/envs/airflow_demo/lib/python3.9/site-packages/airflow/example_dags/example_datasets.py
[2024-01-31T08:58:59.173+0000] {processor.py:840} INFO - DAG(s) 'dataset_produces_2', 'dataset_produces_1', 'dataset_consumes_unknown_never_scheduled', 'dataset_consumes_1', 'dataset_consumes_1_never_scheduled', 'dataset_consumes_1_and_2' retrieved from /home/deprojectue/miniconda3/envs/airflow_demo/lib/python3.9/site-packages/airflow/example_dags/example_datasets.py
[2024-01-31T08:58:59.206+0000] {logging_mixin.py:188} INFO - [2024-01-31T08:58:59.206+0000] {dag.py:3033} INFO - Sync 6 DAGs
[2024-01-31T08:58:59.227+0000] {logging_mixin.py:188} INFO - [2024-01-31T08:58:59.227+0000] {dag.py:3820} INFO - Setting next_dagrun for dataset_consumes_1 to None, run_after=None
[2024-01-31T08:58:59.230+0000] {logging_mixin.py:188} INFO - [2024-01-31T08:58:59.230+0000] {dag.py:3820} INFO - Setting next_dagrun for dataset_consumes_1_and_2 to None, run_after=None
[2024-01-31T08:58:59.232+0000] {logging_mixin.py:188} INFO - [2024-01-31T08:58:59.232+0000] {dag.py:3820} INFO - Setting next_dagrun for dataset_consumes_1_never_scheduled to None, run_after=None
[2024-01-31T08:58:59.233+0000] {logging_mixin.py:188} INFO - [2024-01-31T08:58:59.233+0000] {dag.py:3820} INFO - Setting next_dagrun for dataset_consumes_unknown_never_scheduled to None, run_after=None
[2024-01-31T08:58:59.236+0000] {logging_mixin.py:188} INFO - [2024-01-31T08:58:59.236+0000] {dag.py:3820} INFO - Setting next_dagrun for dataset_produces_1 to 2024-01-30T00:00:00+00:00, run_after=2024-01-31T00:00:00+00:00
[2024-01-31T08:58:59.237+0000] {logging_mixin.py:188} INFO - [2024-01-31T08:58:59.237+0000] {dag.py:3820} INFO - Setting next_dagrun for dataset_produces_2 to None, run_after=None
[2024-01-31T08:58:59.273+0000] {processor.py:183} INFO - Processing /home/deprojectue/miniconda3/envs/airflow_demo/lib/python3.9/site-packages/airflow/example_dags/example_datasets.py took 0.123 seconds
[2024-01-31T08:59:58.868+0000] {processor.py:161} INFO - Started process (PID=215912) to work on /home/deprojectue/miniconda3/envs/airflow_demo/lib/python3.9/site-packages/airflow/example_dags/example_datasets.py
[2024-01-31T08:59:58.870+0000] {processor.py:830} INFO - Processing file /home/deprojectue/miniconda3/envs/airflow_demo/lib/python3.9/site-packages/airflow/example_dags/example_datasets.py for tasks to queue
[2024-01-31T08:59:58.874+0000] {logging_mixin.py:188} INFO - [2024-01-31T08:59:58.873+0000] {dagbag.py:538} INFO - Filling up the DagBag from /home/deprojectue/miniconda3/envs/airflow_demo/lib/python3.9/site-packages/airflow/example_dags/example_datasets.py
[2024-01-31T08:59:58.887+0000] {processor.py:840} INFO - DAG(s) 'dataset_produces_2', 'dataset_consumes_1_and_2', 'dataset_consumes_1', 'dataset_consumes_1_never_scheduled', 'dataset_consumes_unknown_never_scheduled', 'dataset_produces_1' retrieved from /home/deprojectue/miniconda3/envs/airflow_demo/lib/python3.9/site-packages/airflow/example_dags/example_datasets.py
[2024-01-31T08:59:58.920+0000] {logging_mixin.py:188} INFO - [2024-01-31T08:59:58.919+0000] {dag.py:3033} INFO - Sync 6 DAGs
[2024-01-31T08:59:58.939+0000] {logging_mixin.py:188} INFO - [2024-01-31T08:59:58.939+0000] {dag.py:3820} INFO - Setting next_dagrun for dataset_consumes_1 to None, run_after=None
[2024-01-31T08:59:58.942+0000] {logging_mixin.py:188} INFO - [2024-01-31T08:59:58.942+0000] {dag.py:3820} INFO - Setting next_dagrun for dataset_consumes_1_and_2 to None, run_after=None
[2024-01-31T08:59:58.943+0000] {logging_mixin.py:188} INFO - [2024-01-31T08:59:58.943+0000] {dag.py:3820} INFO - Setting next_dagrun for dataset_consumes_1_never_scheduled to None, run_after=None
[2024-01-31T08:59:58.944+0000] {logging_mixin.py:188} INFO - [2024-01-31T08:59:58.944+0000] {dag.py:3820} INFO - Setting next_dagrun for dataset_consumes_unknown_never_scheduled to None, run_after=None
[2024-01-31T08:59:58.947+0000] {logging_mixin.py:188} INFO - [2024-01-31T08:59:58.947+0000] {dag.py:3820} INFO - Setting next_dagrun for dataset_produces_1 to 2024-01-30T00:00:00+00:00, run_after=2024-01-31T00:00:00+00:00
[2024-01-31T08:59:58.948+0000] {logging_mixin.py:188} INFO - [2024-01-31T08:59:58.948+0000] {dag.py:3820} INFO - Setting next_dagrun for dataset_produces_2 to None, run_after=None
[2024-01-31T08:59:58.983+0000] {processor.py:183} INFO - Processing /home/deprojectue/miniconda3/envs/airflow_demo/lib/python3.9/site-packages/airflow/example_dags/example_datasets.py took 0.120 seconds
[2024-01-31T09:00:53.982+0000] {processor.py:161} INFO - Started process (PID=215970) to work on /home/deprojectue/miniconda3/envs/airflow_demo/lib/python3.9/site-packages/airflow/example_dags/example_datasets.py
[2024-01-31T09:00:53.985+0000] {processor.py:830} INFO - Processing file /home/deprojectue/miniconda3/envs/airflow_demo/lib/python3.9/site-packages/airflow/example_dags/example_datasets.py for tasks to queue
[2024-01-31T09:00:53.988+0000] {logging_mixin.py:188} INFO - [2024-01-31T09:00:53.988+0000] {dagbag.py:538} INFO - Filling up the DagBag from /home/deprojectue/miniconda3/envs/airflow_demo/lib/python3.9/site-packages/airflow/example_dags/example_datasets.py
[2024-01-31T09:00:54.003+0000] {processor.py:840} INFO - DAG(s) 'dataset_consumes_unknown_never_scheduled', 'dataset_consumes_1', 'dataset_consumes_1_and_2', 'dataset_produces_2', 'dataset_consumes_1_never_scheduled', 'dataset_produces_1' retrieved from /home/deprojectue/miniconda3/envs/airflow_demo/lib/python3.9/site-packages/airflow/example_dags/example_datasets.py
[2024-01-31T09:00:54.035+0000] {logging_mixin.py:188} INFO - [2024-01-31T09:00:54.035+0000] {dag.py:3033} INFO - Sync 6 DAGs
[2024-01-31T09:00:54.056+0000] {logging_mixin.py:188} INFO - [2024-01-31T09:00:54.056+0000] {dag.py:3820} INFO - Setting next_dagrun for dataset_consumes_1 to None, run_after=None
[2024-01-31T09:00:54.059+0000] {logging_mixin.py:188} INFO - [2024-01-31T09:00:54.059+0000] {dag.py:3820} INFO - Setting next_dagrun for dataset_consumes_1_and_2 to None, run_after=None
[2024-01-31T09:00:54.060+0000] {logging_mixin.py:188} INFO - [2024-01-31T09:00:54.060+0000] {dag.py:3820} INFO - Setting next_dagrun for dataset_consumes_1_never_scheduled to None, run_after=None
[2024-01-31T09:00:54.062+0000] {logging_mixin.py:188} INFO - [2024-01-31T09:00:54.061+0000] {dag.py:3820} INFO - Setting next_dagrun for dataset_consumes_unknown_never_scheduled to None, run_after=None
[2024-01-31T09:00:54.064+0000] {logging_mixin.py:188} INFO - [2024-01-31T09:00:54.064+0000] {dag.py:3820} INFO - Setting next_dagrun for dataset_produces_1 to 2024-01-30T00:00:00+00:00, run_after=2024-01-31T00:00:00+00:00
[2024-01-31T09:00:54.065+0000] {logging_mixin.py:188} INFO - [2024-01-31T09:00:54.065+0000] {dag.py:3820} INFO - Setting next_dagrun for dataset_produces_2 to None, run_after=None
[2024-01-31T09:00:54.101+0000] {processor.py:183} INFO - Processing /home/deprojectue/miniconda3/envs/airflow_demo/lib/python3.9/site-packages/airflow/example_dags/example_datasets.py took 0.123 seconds
[2024-01-31T09:01:49.961+0000] {processor.py:161} INFO - Started process (PID=216031) to work on /home/deprojectue/miniconda3/envs/airflow_demo/lib/python3.9/site-packages/airflow/example_dags/example_datasets.py
[2024-01-31T09:01:49.963+0000] {processor.py:830} INFO - Processing file /home/deprojectue/miniconda3/envs/airflow_demo/lib/python3.9/site-packages/airflow/example_dags/example_datasets.py for tasks to queue
[2024-01-31T09:01:49.967+0000] {logging_mixin.py:188} INFO - [2024-01-31T09:01:49.966+0000] {dagbag.py:538} INFO - Filling up the DagBag from /home/deprojectue/miniconda3/envs/airflow_demo/lib/python3.9/site-packages/airflow/example_dags/example_datasets.py
[2024-01-31T09:01:49.981+0000] {processor.py:840} INFO - DAG(s) 'dataset_consumes_1_never_scheduled', 'dataset_produces_2', 'dataset_consumes_unknown_never_scheduled', 'dataset_produces_1', 'dataset_consumes_1_and_2', 'dataset_consumes_1' retrieved from /home/deprojectue/miniconda3/envs/airflow_demo/lib/python3.9/site-packages/airflow/example_dags/example_datasets.py
[2024-01-31T09:01:50.018+0000] {logging_mixin.py:188} INFO - [2024-01-31T09:01:50.017+0000] {dag.py:3033} INFO - Sync 6 DAGs
[2024-01-31T09:01:50.039+0000] {logging_mixin.py:188} INFO - [2024-01-31T09:01:50.038+0000] {dag.py:3820} INFO - Setting next_dagrun for dataset_consumes_1 to None, run_after=None
[2024-01-31T09:01:50.042+0000] {logging_mixin.py:188} INFO - [2024-01-31T09:01:50.042+0000] {dag.py:3820} INFO - Setting next_dagrun for dataset_consumes_1_and_2 to None, run_after=None
[2024-01-31T09:01:50.043+0000] {logging_mixin.py:188} INFO - [2024-01-31T09:01:50.043+0000] {dag.py:3820} INFO - Setting next_dagrun for dataset_consumes_1_never_scheduled to None, run_after=None
[2024-01-31T09:01:50.044+0000] {logging_mixin.py:188} INFO - [2024-01-31T09:01:50.044+0000] {dag.py:3820} INFO - Setting next_dagrun for dataset_consumes_unknown_never_scheduled to None, run_after=None
[2024-01-31T09:01:50.047+0000] {logging_mixin.py:188} INFO - [2024-01-31T09:01:50.047+0000] {dag.py:3820} INFO - Setting next_dagrun for dataset_produces_1 to 2024-01-30T00:00:00+00:00, run_after=2024-01-31T00:00:00+00:00
[2024-01-31T09:01:50.048+0000] {logging_mixin.py:188} INFO - [2024-01-31T09:01:50.048+0000] {dag.py:3820} INFO - Setting next_dagrun for dataset_produces_2 to None, run_after=None
[2024-01-31T09:01:50.098+0000] {processor.py:183} INFO - Processing /home/deprojectue/miniconda3/envs/airflow_demo/lib/python3.9/site-packages/airflow/example_dags/example_datasets.py took 0.141 seconds
[2024-01-31T09:02:46.811+0000] {processor.py:161} INFO - Started process (PID=216091) to work on /home/deprojectue/miniconda3/envs/airflow_demo/lib/python3.9/site-packages/airflow/example_dags/example_datasets.py
[2024-01-31T09:02:46.813+0000] {processor.py:830} INFO - Processing file /home/deprojectue/miniconda3/envs/airflow_demo/lib/python3.9/site-packages/airflow/example_dags/example_datasets.py for tasks to queue
[2024-01-31T09:02:46.816+0000] {logging_mixin.py:188} INFO - [2024-01-31T09:02:46.815+0000] {dagbag.py:538} INFO - Filling up the DagBag from /home/deprojectue/miniconda3/envs/airflow_demo/lib/python3.9/site-packages/airflow/example_dags/example_datasets.py
[2024-01-31T09:02:46.830+0000] {processor.py:840} INFO - DAG(s) 'dataset_consumes_unknown_never_scheduled', 'dataset_produces_2', 'dataset_consumes_1_and_2', 'dataset_produces_1', 'dataset_consumes_1', 'dataset_consumes_1_never_scheduled' retrieved from /home/deprojectue/miniconda3/envs/airflow_demo/lib/python3.9/site-packages/airflow/example_dags/example_datasets.py
[2024-01-31T09:02:46.862+0000] {logging_mixin.py:188} INFO - [2024-01-31T09:02:46.862+0000] {dag.py:3033} INFO - Sync 6 DAGs
[2024-01-31T09:02:46.883+0000] {logging_mixin.py:188} INFO - [2024-01-31T09:02:46.882+0000] {dag.py:3820} INFO - Setting next_dagrun for dataset_consumes_1 to None, run_after=None
[2024-01-31T09:02:46.886+0000] {logging_mixin.py:188} INFO - [2024-01-31T09:02:46.886+0000] {dag.py:3820} INFO - Setting next_dagrun for dataset_consumes_1_and_2 to None, run_after=None
[2024-01-31T09:02:46.887+0000] {logging_mixin.py:188} INFO - [2024-01-31T09:02:46.887+0000] {dag.py:3820} INFO - Setting next_dagrun for dataset_consumes_1_never_scheduled to None, run_after=None
[2024-01-31T09:02:46.888+0000] {logging_mixin.py:188} INFO - [2024-01-31T09:02:46.888+0000] {dag.py:3820} INFO - Setting next_dagrun for dataset_consumes_unknown_never_scheduled to None, run_after=None
[2024-01-31T09:02:46.890+0000] {logging_mixin.py:188} INFO - [2024-01-31T09:02:46.890+0000] {dag.py:3820} INFO - Setting next_dagrun for dataset_produces_1 to 2024-01-30T00:00:00+00:00, run_after=2024-01-31T00:00:00+00:00
[2024-01-31T09:02:46.891+0000] {logging_mixin.py:188} INFO - [2024-01-31T09:02:46.891+0000] {dag.py:3820} INFO - Setting next_dagrun for dataset_produces_2 to None, run_after=None
[2024-01-31T09:02:46.924+0000] {processor.py:183} INFO - Processing /home/deprojectue/miniconda3/envs/airflow_demo/lib/python3.9/site-packages/airflow/example_dags/example_datasets.py took 0.118 seconds
[2024-01-31T09:03:42.064+0000] {processor.py:161} INFO - Started process (PID=216147) to work on /home/deprojectue/miniconda3/envs/airflow_demo/lib/python3.9/site-packages/airflow/example_dags/example_datasets.py
[2024-01-31T09:03:42.066+0000] {processor.py:830} INFO - Processing file /home/deprojectue/miniconda3/envs/airflow_demo/lib/python3.9/site-packages/airflow/example_dags/example_datasets.py for tasks to queue
[2024-01-31T09:03:42.069+0000] {logging_mixin.py:188} INFO - [2024-01-31T09:03:42.069+0000] {dagbag.py:538} INFO - Filling up the DagBag from /home/deprojectue/miniconda3/envs/airflow_demo/lib/python3.9/site-packages/airflow/example_dags/example_datasets.py
[2024-01-31T09:03:42.082+0000] {processor.py:840} INFO - DAG(s) 'dataset_produces_1', 'dataset_consumes_1_and_2', 'dataset_consumes_unknown_never_scheduled', 'dataset_produces_2', 'dataset_consumes_1_never_scheduled', 'dataset_consumes_1' retrieved from /home/deprojectue/miniconda3/envs/airflow_demo/lib/python3.9/site-packages/airflow/example_dags/example_datasets.py
[2024-01-31T09:03:42.115+0000] {logging_mixin.py:188} INFO - [2024-01-31T09:03:42.115+0000] {dag.py:3033} INFO - Sync 6 DAGs
[2024-01-31T09:03:42.135+0000] {logging_mixin.py:188} INFO - [2024-01-31T09:03:42.135+0000] {dag.py:3820} INFO - Setting next_dagrun for dataset_consumes_1 to None, run_after=None
[2024-01-31T09:03:42.138+0000] {logging_mixin.py:188} INFO - [2024-01-31T09:03:42.138+0000] {dag.py:3820} INFO - Setting next_dagrun for dataset_consumes_1_and_2 to None, run_after=None
[2024-01-31T09:03:42.140+0000] {logging_mixin.py:188} INFO - [2024-01-31T09:03:42.139+0000] {dag.py:3820} INFO - Setting next_dagrun for dataset_consumes_1_never_scheduled to None, run_after=None
[2024-01-31T09:03:42.141+0000] {logging_mixin.py:188} INFO - [2024-01-31T09:03:42.141+0000] {dag.py:3820} INFO - Setting next_dagrun for dataset_consumes_unknown_never_scheduled to None, run_after=None
[2024-01-31T09:03:42.144+0000] {logging_mixin.py:188} INFO - [2024-01-31T09:03:42.144+0000] {dag.py:3820} INFO - Setting next_dagrun for dataset_produces_1 to 2024-01-30T00:00:00+00:00, run_after=2024-01-31T00:00:00+00:00
[2024-01-31T09:03:42.145+0000] {logging_mixin.py:188} INFO - [2024-01-31T09:03:42.145+0000] {dag.py:3820} INFO - Setting next_dagrun for dataset_produces_2 to None, run_after=None
[2024-01-31T09:03:42.181+0000] {processor.py:183} INFO - Processing /home/deprojectue/miniconda3/envs/airflow_demo/lib/python3.9/site-packages/airflow/example_dags/example_datasets.py took 0.121 seconds
[2024-01-31T09:04:34.457+0000] {processor.py:161} INFO - Started process (PID=216203) to work on /home/deprojectue/miniconda3/envs/airflow_demo/lib/python3.9/site-packages/airflow/example_dags/example_datasets.py
[2024-01-31T09:04:34.459+0000] {processor.py:830} INFO - Processing file /home/deprojectue/miniconda3/envs/airflow_demo/lib/python3.9/site-packages/airflow/example_dags/example_datasets.py for tasks to queue
[2024-01-31T09:04:34.462+0000] {logging_mixin.py:188} INFO - [2024-01-31T09:04:34.462+0000] {dagbag.py:538} INFO - Filling up the DagBag from /home/deprojectue/miniconda3/envs/airflow_demo/lib/python3.9/site-packages/airflow/example_dags/example_datasets.py
[2024-01-31T09:04:34.476+0000] {processor.py:840} INFO - DAG(s) 'dataset_consumes_1_never_scheduled', 'dataset_produces_2', 'dataset_consumes_unknown_never_scheduled', 'dataset_consumes_1', 'dataset_produces_1', 'dataset_consumes_1_and_2' retrieved from /home/deprojectue/miniconda3/envs/airflow_demo/lib/python3.9/site-packages/airflow/example_dags/example_datasets.py
[2024-01-31T09:04:34.509+0000] {logging_mixin.py:188} INFO - [2024-01-31T09:04:34.509+0000] {dag.py:3033} INFO - Sync 6 DAGs
[2024-01-31T09:04:34.531+0000] {logging_mixin.py:188} INFO - [2024-01-31T09:04:34.531+0000] {dag.py:3820} INFO - Setting next_dagrun for dataset_consumes_1 to None, run_after=None
[2024-01-31T09:04:34.536+0000] {logging_mixin.py:188} INFO - [2024-01-31T09:04:34.535+0000] {dag.py:3820} INFO - Setting next_dagrun for dataset_consumes_1_and_2 to None, run_after=None
[2024-01-31T09:04:34.537+0000] {logging_mixin.py:188} INFO - [2024-01-31T09:04:34.537+0000] {dag.py:3820} INFO - Setting next_dagrun for dataset_consumes_1_never_scheduled to None, run_after=None
[2024-01-31T09:04:34.538+0000] {logging_mixin.py:188} INFO - [2024-01-31T09:04:34.538+0000] {dag.py:3820} INFO - Setting next_dagrun for dataset_consumes_unknown_never_scheduled to None, run_after=None
[2024-01-31T09:04:34.541+0000] {logging_mixin.py:188} INFO - [2024-01-31T09:04:34.541+0000] {dag.py:3820} INFO - Setting next_dagrun for dataset_produces_1 to 2024-01-30T00:00:00+00:00, run_after=2024-01-31T00:00:00+00:00
[2024-01-31T09:04:34.542+0000] {logging_mixin.py:188} INFO - [2024-01-31T09:04:34.542+0000] {dag.py:3820} INFO - Setting next_dagrun for dataset_produces_2 to None, run_after=None
[2024-01-31T09:04:34.584+0000] {processor.py:183} INFO - Processing /home/deprojectue/miniconda3/envs/airflow_demo/lib/python3.9/site-packages/airflow/example_dags/example_datasets.py took 0.131 seconds
[2024-01-31T09:07:38.885+0000] {processor.py:161} INFO - Started process (PID=216348) to work on /home/deprojectue/miniconda3/envs/airflow_demo/lib/python3.9/site-packages/airflow/example_dags/example_datasets.py
[2024-01-31T09:07:38.887+0000] {processor.py:830} INFO - Processing file /home/deprojectue/miniconda3/envs/airflow_demo/lib/python3.9/site-packages/airflow/example_dags/example_datasets.py for tasks to queue
[2024-01-31T09:07:38.891+0000] {logging_mixin.py:188} INFO - [2024-01-31T09:07:38.890+0000] {dagbag.py:538} INFO - Filling up the DagBag from /home/deprojectue/miniconda3/envs/airflow_demo/lib/python3.9/site-packages/airflow/example_dags/example_datasets.py
[2024-01-31T09:07:39.142+0000] {processor.py:840} INFO - DAG(s) 'dataset_produces_2', 'dataset_produces_1', 'dataset_consumes_1', 'dataset_consumes_1_and_2', 'dataset_consumes_1_never_scheduled', 'dataset_consumes_unknown_never_scheduled' retrieved from /home/deprojectue/miniconda3/envs/airflow_demo/lib/python3.9/site-packages/airflow/example_dags/example_datasets.py
[2024-01-31T09:07:39.843+0000] {logging_mixin.py:188} INFO - [2024-01-31T09:07:39.842+0000] {dag.py:3033} INFO - Sync 6 DAGs
[2024-01-31T09:07:39.872+0000] {logging_mixin.py:188} INFO - [2024-01-31T09:07:39.871+0000] {dag.py:3820} INFO - Setting next_dagrun for dataset_consumes_1 to None, run_after=None
[2024-01-31T09:07:39.876+0000] {logging_mixin.py:188} INFO - [2024-01-31T09:07:39.875+0000] {dag.py:3820} INFO - Setting next_dagrun for dataset_consumes_1_and_2 to None, run_after=None
[2024-01-31T09:07:39.877+0000] {logging_mixin.py:188} INFO - [2024-01-31T09:07:39.877+0000] {dag.py:3820} INFO - Setting next_dagrun for dataset_consumes_1_never_scheduled to None, run_after=None
[2024-01-31T09:07:39.878+0000] {logging_mixin.py:188} INFO - [2024-01-31T09:07:39.878+0000] {dag.py:3820} INFO - Setting next_dagrun for dataset_consumes_unknown_never_scheduled to None, run_after=None
[2024-01-31T09:07:39.882+0000] {logging_mixin.py:188} INFO - [2024-01-31T09:07:39.882+0000] {dag.py:3820} INFO - Setting next_dagrun for dataset_produces_1 to 2024-01-30T00:00:00+00:00, run_after=2024-01-31T00:00:00+00:00
[2024-01-31T09:07:39.883+0000] {logging_mixin.py:188} INFO - [2024-01-31T09:07:39.883+0000] {dag.py:3820} INFO - Setting next_dagrun for dataset_produces_2 to None, run_after=None
[2024-01-31T09:07:40.379+0000] {processor.py:183} INFO - Processing /home/deprojectue/miniconda3/envs/airflow_demo/lib/python3.9/site-packages/airflow/example_dags/example_datasets.py took 1.508 seconds
[2024-01-31T09:36:02.724+0000] {processor.py:161} INFO - Started process (PID=216900) to work on /home/deprojectue/miniconda3/envs/airflow_demo/lib/python3.9/site-packages/airflow/example_dags/example_datasets.py
[2024-01-31T09:36:02.726+0000] {processor.py:830} INFO - Processing file /home/deprojectue/miniconda3/envs/airflow_demo/lib/python3.9/site-packages/airflow/example_dags/example_datasets.py for tasks to queue
[2024-01-31T09:36:02.730+0000] {logging_mixin.py:188} INFO - [2024-01-31T09:36:02.730+0000] {dagbag.py:538} INFO - Filling up the DagBag from /home/deprojectue/miniconda3/envs/airflow_demo/lib/python3.9/site-packages/airflow/example_dags/example_datasets.py
[2024-01-31T09:36:02.749+0000] {processor.py:840} INFO - DAG(s) 'dataset_consumes_1_and_2', 'dataset_consumes_unknown_never_scheduled', 'dataset_produces_2', 'dataset_consumes_1', 'dataset_produces_1', 'dataset_consumes_1_never_scheduled' retrieved from /home/deprojectue/miniconda3/envs/airflow_demo/lib/python3.9/site-packages/airflow/example_dags/example_datasets.py
[2024-01-31T09:36:03.031+0000] {logging_mixin.py:188} INFO - [2024-01-31T09:36:03.018+0000] {override.py:1769} INFO - Created Permission View: can edit on DAG:dataset_consumes_1_and_2
[2024-01-31T09:36:03.048+0000] {logging_mixin.py:188} INFO - [2024-01-31T09:36:03.048+0000] {override.py:1769} INFO - Created Permission View: can read on DAG:dataset_consumes_1_and_2
[2024-01-31T09:36:03.061+0000] {logging_mixin.py:188} INFO - [2024-01-31T09:36:03.060+0000] {override.py:1769} INFO - Created Permission View: can delete on DAG:dataset_consumes_1_and_2
[2024-01-31T09:36:03.102+0000] {logging_mixin.py:188} INFO - [2024-01-31T09:36:03.101+0000] {override.py:1769} INFO - Created Permission View: can edit on DAG:dataset_consumes_unknown_never_scheduled
[2024-01-31T09:36:03.113+0000] {logging_mixin.py:188} INFO - [2024-01-31T09:36:03.113+0000] {override.py:1769} INFO - Created Permission View: can read on DAG:dataset_consumes_unknown_never_scheduled
[2024-01-31T09:36:03.125+0000] {logging_mixin.py:188} INFO - [2024-01-31T09:36:03.125+0000] {override.py:1769} INFO - Created Permission View: can delete on DAG:dataset_consumes_unknown_never_scheduled
[2024-01-31T09:36:03.148+0000] {logging_mixin.py:188} INFO - [2024-01-31T09:36:03.147+0000] {override.py:1769} INFO - Created Permission View: can edit on DAG:dataset_produces_2
[2024-01-31T09:36:03.161+0000] {logging_mixin.py:188} INFO - [2024-01-31T09:36:03.160+0000] {override.py:1769} INFO - Created Permission View: can read on DAG:dataset_produces_2
[2024-01-31T09:36:03.173+0000] {logging_mixin.py:188} INFO - [2024-01-31T09:36:03.172+0000] {override.py:1769} INFO - Created Permission View: can delete on DAG:dataset_produces_2
[2024-01-31T09:36:03.199+0000] {logging_mixin.py:188} INFO - [2024-01-31T09:36:03.198+0000] {override.py:1769} INFO - Created Permission View: can edit on DAG:dataset_consumes_1
[2024-01-31T09:36:03.211+0000] {logging_mixin.py:188} INFO - [2024-01-31T09:36:03.211+0000] {override.py:1769} INFO - Created Permission View: can read on DAG:dataset_consumes_1
[2024-01-31T09:36:03.223+0000] {logging_mixin.py:188} INFO - [2024-01-31T09:36:03.222+0000] {override.py:1769} INFO - Created Permission View: can delete on DAG:dataset_consumes_1
[2024-01-31T09:36:03.247+0000] {logging_mixin.py:188} INFO - [2024-01-31T09:36:03.247+0000] {override.py:1769} INFO - Created Permission View: can edit on DAG:dataset_produces_1
[2024-01-31T09:36:03.259+0000] {logging_mixin.py:188} INFO - [2024-01-31T09:36:03.258+0000] {override.py:1769} INFO - Created Permission View: can read on DAG:dataset_produces_1
[2024-01-31T09:36:03.272+0000] {logging_mixin.py:188} INFO - [2024-01-31T09:36:03.271+0000] {override.py:1769} INFO - Created Permission View: can delete on DAG:dataset_produces_1
[2024-01-31T09:36:03.307+0000] {logging_mixin.py:188} INFO - [2024-01-31T09:36:03.306+0000] {override.py:1769} INFO - Created Permission View: can edit on DAG:dataset_consumes_1_never_scheduled
[2024-01-31T09:36:03.321+0000] {logging_mixin.py:188} INFO - [2024-01-31T09:36:03.320+0000] {override.py:1769} INFO - Created Permission View: can read on DAG:dataset_consumes_1_never_scheduled
[2024-01-31T09:36:03.333+0000] {logging_mixin.py:188} INFO - [2024-01-31T09:36:03.333+0000] {override.py:1769} INFO - Created Permission View: can delete on DAG:dataset_consumes_1_never_scheduled
[2024-01-31T09:36:03.334+0000] {logging_mixin.py:188} INFO - [2024-01-31T09:36:03.334+0000] {dag.py:3033} INFO - Sync 6 DAGs
[2024-01-31T09:36:03.359+0000] {logging_mixin.py:188} INFO - [2024-01-31T09:36:03.358+0000] {dag.py:3055} INFO - Creating ORM DAG for dataset_consumes_1_and_2
[2024-01-31T09:36:03.360+0000] {logging_mixin.py:188} INFO - [2024-01-31T09:36:03.359+0000] {dag.py:3055} INFO - Creating ORM DAG for dataset_produces_1
[2024-01-31T09:36:03.360+0000] {logging_mixin.py:188} INFO - [2024-01-31T09:36:03.360+0000] {dag.py:3055} INFO - Creating ORM DAG for dataset_produces_2
[2024-01-31T09:36:03.361+0000] {logging_mixin.py:188} INFO - [2024-01-31T09:36:03.361+0000] {dag.py:3055} INFO - Creating ORM DAG for dataset_consumes_1
[2024-01-31T09:36:03.362+0000] {logging_mixin.py:188} INFO - [2024-01-31T09:36:03.362+0000] {dag.py:3055} INFO - Creating ORM DAG for dataset_consumes_unknown_never_scheduled
[2024-01-31T09:36:03.363+0000] {logging_mixin.py:188} INFO - [2024-01-31T09:36:03.362+0000] {dag.py:3055} INFO - Creating ORM DAG for dataset_consumes_1_never_scheduled
[2024-01-31T09:36:03.375+0000] {logging_mixin.py:188} INFO - [2024-01-31T09:36:03.374+0000] {dag.py:3820} INFO - Setting next_dagrun for dataset_consumes_1 to None, run_after=None
[2024-01-31T09:36:03.377+0000] {logging_mixin.py:188} INFO - [2024-01-31T09:36:03.377+0000] {dag.py:3820} INFO - Setting next_dagrun for dataset_consumes_1_and_2 to None, run_after=None
[2024-01-31T09:36:03.378+0000] {logging_mixin.py:188} INFO - [2024-01-31T09:36:03.378+0000] {dag.py:3820} INFO - Setting next_dagrun for dataset_consumes_1_never_scheduled to None, run_after=None
[2024-01-31T09:36:03.379+0000] {logging_mixin.py:188} INFO - [2024-01-31T09:36:03.379+0000] {dag.py:3820} INFO - Setting next_dagrun for dataset_consumes_unknown_never_scheduled to None, run_after=None
[2024-01-31T09:36:03.384+0000] {logging_mixin.py:188} INFO - [2024-01-31T09:36:03.384+0000] {dag.py:3820} INFO - Setting next_dagrun for dataset_produces_1 to 2024-01-30T00:00:00+00:00, run_after=2024-01-31T00:00:00+00:00
[2024-01-31T09:36:03.386+0000] {logging_mixin.py:188} INFO - [2024-01-31T09:36:03.386+0000] {dag.py:3820} INFO - Setting next_dagrun for dataset_produces_2 to None, run_after=None
[2024-01-31T09:36:03.472+0000] {processor.py:183} INFO - Processing /home/deprojectue/miniconda3/envs/airflow_demo/lib/python3.9/site-packages/airflow/example_dags/example_datasets.py took 0.753 seconds
