[2024-01-31T02:07:51.849+0000] {processor.py:161} INFO - Started process (PID=210617) to work on /home/deprojectue/miniconda3/envs/airflow_demo/lib/python3.9/site-packages/airflow/example_dags/example_kubernetes_executor.py
[2024-01-31T02:07:51.850+0000] {processor.py:830} INFO - Processing file /home/deprojectue/miniconda3/envs/airflow_demo/lib/python3.9/site-packages/airflow/example_dags/example_kubernetes_executor.py for tasks to queue
[2024-01-31T02:07:51.851+0000] {logging_mixin.py:188} INFO - [2024-01-31T02:07:51.851+0000] {dagbag.py:538} INFO - Filling up the DagBag from /home/deprojectue/miniconda3/envs/airflow_demo/lib/python3.9/site-packages/airflow/example_dags/example_kubernetes_executor.py
[2024-01-31T02:07:51.855+0000] {logging_mixin.py:188} INFO - [2024-01-31T02:07:51.855+0000] {example_kubernetes_executor.py:38} WARNING - The example_kubernetes_executor example DAG requires the kubernetes provider. Please install it with: pip install apache-airflow[cncf.kubernetes]
[2024-01-31T02:07:51.856+0000] {processor.py:842} WARNING - No viable dags retrieved from /home/deprojectue/miniconda3/envs/airflow_demo/lib/python3.9/site-packages/airflow/example_dags/example_kubernetes_executor.py
[2024-01-31T02:07:51.868+0000] {processor.py:183} INFO - Processing /home/deprojectue/miniconda3/envs/airflow_demo/lib/python3.9/site-packages/airflow/example_dags/example_kubernetes_executor.py took 0.023 seconds
[2024-01-31T02:09:24.042+0000] {processor.py:161} INFO - Started process (PID=210908) to work on /home/deprojectue/miniconda3/envs/airflow_demo/lib/python3.9/site-packages/airflow/example_dags/example_kubernetes_executor.py
[2024-01-31T02:09:24.049+0000] {processor.py:830} INFO - Processing file /home/deprojectue/miniconda3/envs/airflow_demo/lib/python3.9/site-packages/airflow/example_dags/example_kubernetes_executor.py for tasks to queue
[2024-01-31T02:09:24.050+0000] {logging_mixin.py:188} INFO - [2024-01-31T02:09:24.050+0000] {dagbag.py:538} INFO - Filling up the DagBag from /home/deprojectue/miniconda3/envs/airflow_demo/lib/python3.9/site-packages/airflow/example_dags/example_kubernetes_executor.py
[2024-01-31T02:09:24.070+0000] {logging_mixin.py:188} INFO - [2024-01-31T02:09:24.070+0000] {example_kubernetes_executor.py:38} WARNING - The example_kubernetes_executor example DAG requires the kubernetes provider. Please install it with: pip install apache-airflow[cncf.kubernetes]
[2024-01-31T02:09:24.071+0000] {processor.py:842} WARNING - No viable dags retrieved from /home/deprojectue/miniconda3/envs/airflow_demo/lib/python3.9/site-packages/airflow/example_dags/example_kubernetes_executor.py
[2024-01-31T02:09:24.156+0000] {processor.py:183} INFO - Processing /home/deprojectue/miniconda3/envs/airflow_demo/lib/python3.9/site-packages/airflow/example_dags/example_kubernetes_executor.py took 0.156 seconds
[2024-01-31T02:10:15.330+0000] {processor.py:161} INFO - Started process (PID=210975) to work on /home/deprojectue/miniconda3/envs/airflow_demo/lib/python3.9/site-packages/airflow/example_dags/example_kubernetes_executor.py
[2024-01-31T02:10:15.332+0000] {processor.py:830} INFO - Processing file /home/deprojectue/miniconda3/envs/airflow_demo/lib/python3.9/site-packages/airflow/example_dags/example_kubernetes_executor.py for tasks to queue
[2024-01-31T02:10:15.334+0000] {logging_mixin.py:188} INFO - [2024-01-31T02:10:15.333+0000] {dagbag.py:538} INFO - Filling up the DagBag from /home/deprojectue/miniconda3/envs/airflow_demo/lib/python3.9/site-packages/airflow/example_dags/example_kubernetes_executor.py
[2024-01-31T02:10:15.338+0000] {logging_mixin.py:188} INFO - [2024-01-31T02:10:15.338+0000] {example_kubernetes_executor.py:38} WARNING - The example_kubernetes_executor example DAG requires the kubernetes provider. Please install it with: pip install apache-airflow[cncf.kubernetes]
[2024-01-31T02:10:15.339+0000] {processor.py:842} WARNING - No viable dags retrieved from /home/deprojectue/miniconda3/envs/airflow_demo/lib/python3.9/site-packages/airflow/example_dags/example_kubernetes_executor.py
[2024-01-31T02:10:15.355+0000] {processor.py:183} INFO - Processing /home/deprojectue/miniconda3/envs/airflow_demo/lib/python3.9/site-packages/airflow/example_dags/example_kubernetes_executor.py took 0.029 seconds
[2024-01-31T02:13:04.573+0000] {processor.py:161} INFO - Started process (PID=211061) to work on /home/deprojectue/miniconda3/envs/airflow_demo/lib/python3.9/site-packages/airflow/example_dags/example_kubernetes_executor.py
[2024-01-31T02:13:04.576+0000] {processor.py:830} INFO - Processing file /home/deprojectue/miniconda3/envs/airflow_demo/lib/python3.9/site-packages/airflow/example_dags/example_kubernetes_executor.py for tasks to queue
[2024-01-31T02:13:04.579+0000] {logging_mixin.py:188} INFO - [2024-01-31T02:13:04.578+0000] {dagbag.py:538} INFO - Filling up the DagBag from /home/deprojectue/miniconda3/envs/airflow_demo/lib/python3.9/site-packages/airflow/example_dags/example_kubernetes_executor.py
[2024-01-31T02:13:04.584+0000] {logging_mixin.py:188} INFO - [2024-01-31T02:13:04.584+0000] {example_kubernetes_executor.py:38} WARNING - The example_kubernetes_executor example DAG requires the kubernetes provider. Please install it with: pip install apache-airflow[cncf.kubernetes]
[2024-01-31T02:13:04.584+0000] {processor.py:842} WARNING - No viable dags retrieved from /home/deprojectue/miniconda3/envs/airflow_demo/lib/python3.9/site-packages/airflow/example_dags/example_kubernetes_executor.py
[2024-01-31T02:13:04.598+0000] {processor.py:183} INFO - Processing /home/deprojectue/miniconda3/envs/airflow_demo/lib/python3.9/site-packages/airflow/example_dags/example_kubernetes_executor.py took 0.029 seconds
[2024-01-31T02:13:53.806+0000] {processor.py:161} INFO - Started process (PID=211120) to work on /home/deprojectue/miniconda3/envs/airflow_demo/lib/python3.9/site-packages/airflow/example_dags/example_kubernetes_executor.py
[2024-01-31T02:13:53.808+0000] {processor.py:830} INFO - Processing file /home/deprojectue/miniconda3/envs/airflow_demo/lib/python3.9/site-packages/airflow/example_dags/example_kubernetes_executor.py for tasks to queue
[2024-01-31T02:13:53.812+0000] {logging_mixin.py:188} INFO - [2024-01-31T02:13:53.811+0000] {dagbag.py:538} INFO - Filling up the DagBag from /home/deprojectue/miniconda3/envs/airflow_demo/lib/python3.9/site-packages/airflow/example_dags/example_kubernetes_executor.py
[2024-01-31T02:13:53.816+0000] {logging_mixin.py:188} INFO - [2024-01-31T02:13:53.816+0000] {example_kubernetes_executor.py:38} WARNING - The example_kubernetes_executor example DAG requires the kubernetes provider. Please install it with: pip install apache-airflow[cncf.kubernetes]
[2024-01-31T02:13:53.817+0000] {processor.py:842} WARNING - No viable dags retrieved from /home/deprojectue/miniconda3/envs/airflow_demo/lib/python3.9/site-packages/airflow/example_dags/example_kubernetes_executor.py
[2024-01-31T02:13:53.831+0000] {processor.py:183} INFO - Processing /home/deprojectue/miniconda3/envs/airflow_demo/lib/python3.9/site-packages/airflow/example_dags/example_kubernetes_executor.py took 0.029 seconds
[2024-01-31T02:22:04.171+0000] {processor.py:161} INFO - Started process (PID=211321) to work on /home/deprojectue/miniconda3/envs/airflow_demo/lib/python3.9/site-packages/airflow/example_dags/example_kubernetes_executor.py
[2024-01-31T02:22:04.174+0000] {processor.py:830} INFO - Processing file /home/deprojectue/miniconda3/envs/airflow_demo/lib/python3.9/site-packages/airflow/example_dags/example_kubernetes_executor.py for tasks to queue
[2024-01-31T02:22:04.178+0000] {logging_mixin.py:188} INFO - [2024-01-31T02:22:04.178+0000] {dagbag.py:538} INFO - Filling up the DagBag from /home/deprojectue/miniconda3/envs/airflow_demo/lib/python3.9/site-packages/airflow/example_dags/example_kubernetes_executor.py
[2024-01-31T02:22:04.184+0000] {logging_mixin.py:188} INFO - [2024-01-31T02:22:04.184+0000] {example_kubernetes_executor.py:38} WARNING - The example_kubernetes_executor example DAG requires the kubernetes provider. Please install it with: pip install apache-airflow[cncf.kubernetes]
[2024-01-31T02:22:04.185+0000] {processor.py:842} WARNING - No viable dags retrieved from /home/deprojectue/miniconda3/envs/airflow_demo/lib/python3.9/site-packages/airflow/example_dags/example_kubernetes_executor.py
[2024-01-31T02:22:04.199+0000] {processor.py:183} INFO - Processing /home/deprojectue/miniconda3/envs/airflow_demo/lib/python3.9/site-packages/airflow/example_dags/example_kubernetes_executor.py took 0.032 seconds
[2024-01-31T08:24:41.969+0000] {processor.py:161} INFO - Started process (PID=214062) to work on /home/deprojectue/miniconda3/envs/airflow_demo/lib/python3.9/site-packages/airflow/example_dags/example_kubernetes_executor.py
[2024-01-31T08:24:41.971+0000] {processor.py:830} INFO - Processing file /home/deprojectue/miniconda3/envs/airflow_demo/lib/python3.9/site-packages/airflow/example_dags/example_kubernetes_executor.py for tasks to queue
[2024-01-31T08:24:41.974+0000] {logging_mixin.py:188} INFO - [2024-01-31T08:24:41.974+0000] {dagbag.py:538} INFO - Filling up the DagBag from /home/deprojectue/miniconda3/envs/airflow_demo/lib/python3.9/site-packages/airflow/example_dags/example_kubernetes_executor.py
[2024-01-31T08:24:41.978+0000] {logging_mixin.py:188} INFO - [2024-01-31T08:24:41.978+0000] {example_kubernetes_executor.py:38} WARNING - The example_kubernetes_executor example DAG requires the kubernetes provider. Please install it with: pip install apache-airflow[cncf.kubernetes]
[2024-01-31T08:24:41.978+0000] {processor.py:842} WARNING - No viable dags retrieved from /home/deprojectue/miniconda3/envs/airflow_demo/lib/python3.9/site-packages/airflow/example_dags/example_kubernetes_executor.py
[2024-01-31T08:24:41.993+0000] {processor.py:183} INFO - Processing /home/deprojectue/miniconda3/envs/airflow_demo/lib/python3.9/site-packages/airflow/example_dags/example_kubernetes_executor.py took 0.028 seconds
[2024-01-31T08:25:31.079+0000] {processor.py:161} INFO - Started process (PID=214113) to work on /home/deprojectue/miniconda3/envs/airflow_demo/lib/python3.9/site-packages/airflow/example_dags/example_kubernetes_executor.py
[2024-01-31T08:25:31.081+0000] {processor.py:830} INFO - Processing file /home/deprojectue/miniconda3/envs/airflow_demo/lib/python3.9/site-packages/airflow/example_dags/example_kubernetes_executor.py for tasks to queue
[2024-01-31T08:25:31.084+0000] {logging_mixin.py:188} INFO - [2024-01-31T08:25:31.083+0000] {dagbag.py:538} INFO - Filling up the DagBag from /home/deprojectue/miniconda3/envs/airflow_demo/lib/python3.9/site-packages/airflow/example_dags/example_kubernetes_executor.py
[2024-01-31T08:25:31.088+0000] {logging_mixin.py:188} INFO - [2024-01-31T08:25:31.088+0000] {example_kubernetes_executor.py:38} WARNING - The example_kubernetes_executor example DAG requires the kubernetes provider. Please install it with: pip install apache-airflow[cncf.kubernetes]
[2024-01-31T08:25:31.088+0000] {processor.py:842} WARNING - No viable dags retrieved from /home/deprojectue/miniconda3/envs/airflow_demo/lib/python3.9/site-packages/airflow/example_dags/example_kubernetes_executor.py
[2024-01-31T08:25:31.102+0000] {processor.py:183} INFO - Processing /home/deprojectue/miniconda3/envs/airflow_demo/lib/python3.9/site-packages/airflow/example_dags/example_kubernetes_executor.py took 0.028 seconds
[2024-01-31T08:52:14.622+0000] {processor.py:161} INFO - Started process (PID=215394) to work on /home/deprojectue/miniconda3/envs/airflow_demo/lib/python3.9/site-packages/airflow/example_dags/example_kubernetes_executor.py
[2024-01-31T08:52:14.624+0000] {processor.py:830} INFO - Processing file /home/deprojectue/miniconda3/envs/airflow_demo/lib/python3.9/site-packages/airflow/example_dags/example_kubernetes_executor.py for tasks to queue
[2024-01-31T08:52:14.627+0000] {logging_mixin.py:188} INFO - [2024-01-31T08:52:14.627+0000] {dagbag.py:538} INFO - Filling up the DagBag from /home/deprojectue/miniconda3/envs/airflow_demo/lib/python3.9/site-packages/airflow/example_dags/example_kubernetes_executor.py
[2024-01-31T08:52:14.633+0000] {logging_mixin.py:188} INFO - [2024-01-31T08:52:14.632+0000] {example_kubernetes_executor.py:38} WARNING - The example_kubernetes_executor example DAG requires the kubernetes provider. Please install it with: pip install apache-airflow[cncf.kubernetes]
[2024-01-31T08:52:14.633+0000] {processor.py:842} WARNING - No viable dags retrieved from /home/deprojectue/miniconda3/envs/airflow_demo/lib/python3.9/site-packages/airflow/example_dags/example_kubernetes_executor.py
[2024-01-31T08:52:14.646+0000] {processor.py:183} INFO - Processing /home/deprojectue/miniconda3/envs/airflow_demo/lib/python3.9/site-packages/airflow/example_dags/example_kubernetes_executor.py took 0.029 seconds
[2024-01-31T08:53:04.978+0000] {processor.py:161} INFO - Started process (PID=215446) to work on /home/deprojectue/miniconda3/envs/airflow_demo/lib/python3.9/site-packages/airflow/example_dags/example_kubernetes_executor.py
[2024-01-31T08:53:04.980+0000] {processor.py:830} INFO - Processing file /home/deprojectue/miniconda3/envs/airflow_demo/lib/python3.9/site-packages/airflow/example_dags/example_kubernetes_executor.py for tasks to queue
[2024-01-31T08:53:04.984+0000] {logging_mixin.py:188} INFO - [2024-01-31T08:53:04.984+0000] {dagbag.py:538} INFO - Filling up the DagBag from /home/deprojectue/miniconda3/envs/airflow_demo/lib/python3.9/site-packages/airflow/example_dags/example_kubernetes_executor.py
[2024-01-31T08:53:04.988+0000] {logging_mixin.py:188} INFO - [2024-01-31T08:53:04.988+0000] {example_kubernetes_executor.py:38} WARNING - The example_kubernetes_executor example DAG requires the kubernetes provider. Please install it with: pip install apache-airflow[cncf.kubernetes]
[2024-01-31T08:53:04.989+0000] {processor.py:842} WARNING - No viable dags retrieved from /home/deprojectue/miniconda3/envs/airflow_demo/lib/python3.9/site-packages/airflow/example_dags/example_kubernetes_executor.py
[2024-01-31T08:53:05.003+0000] {processor.py:183} INFO - Processing /home/deprojectue/miniconda3/envs/airflow_demo/lib/python3.9/site-packages/airflow/example_dags/example_kubernetes_executor.py took 0.030 seconds
[2024-01-31T08:54:05.747+0000] {processor.py:161} INFO - Started process (PID=215508) to work on /home/deprojectue/miniconda3/envs/airflow_demo/lib/python3.9/site-packages/airflow/example_dags/example_kubernetes_executor.py
[2024-01-31T08:54:05.749+0000] {processor.py:830} INFO - Processing file /home/deprojectue/miniconda3/envs/airflow_demo/lib/python3.9/site-packages/airflow/example_dags/example_kubernetes_executor.py for tasks to queue
[2024-01-31T08:54:05.753+0000] {logging_mixin.py:188} INFO - [2024-01-31T08:54:05.752+0000] {dagbag.py:538} INFO - Filling up the DagBag from /home/deprojectue/miniconda3/envs/airflow_demo/lib/python3.9/site-packages/airflow/example_dags/example_kubernetes_executor.py
[2024-01-31T08:54:05.757+0000] {logging_mixin.py:188} INFO - [2024-01-31T08:54:05.757+0000] {example_kubernetes_executor.py:38} WARNING - The example_kubernetes_executor example DAG requires the kubernetes provider. Please install it with: pip install apache-airflow[cncf.kubernetes]
[2024-01-31T08:54:05.757+0000] {processor.py:842} WARNING - No viable dags retrieved from /home/deprojectue/miniconda3/envs/airflow_demo/lib/python3.9/site-packages/airflow/example_dags/example_kubernetes_executor.py
[2024-01-31T08:54:05.772+0000] {processor.py:183} INFO - Processing /home/deprojectue/miniconda3/envs/airflow_demo/lib/python3.9/site-packages/airflow/example_dags/example_kubernetes_executor.py took 0.029 seconds
[2024-01-31T08:55:07.140+0000] {processor.py:161} INFO - Started process (PID=215573) to work on /home/deprojectue/miniconda3/envs/airflow_demo/lib/python3.9/site-packages/airflow/example_dags/example_kubernetes_executor.py
[2024-01-31T08:55:07.142+0000] {processor.py:830} INFO - Processing file /home/deprojectue/miniconda3/envs/airflow_demo/lib/python3.9/site-packages/airflow/example_dags/example_kubernetes_executor.py for tasks to queue
[2024-01-31T08:55:07.145+0000] {logging_mixin.py:188} INFO - [2024-01-31T08:55:07.145+0000] {dagbag.py:538} INFO - Filling up the DagBag from /home/deprojectue/miniconda3/envs/airflow_demo/lib/python3.9/site-packages/airflow/example_dags/example_kubernetes_executor.py
[2024-01-31T08:55:07.149+0000] {logging_mixin.py:188} INFO - [2024-01-31T08:55:07.149+0000] {example_kubernetes_executor.py:38} WARNING - The example_kubernetes_executor example DAG requires the kubernetes provider. Please install it with: pip install apache-airflow[cncf.kubernetes]
[2024-01-31T08:55:07.150+0000] {processor.py:842} WARNING - No viable dags retrieved from /home/deprojectue/miniconda3/envs/airflow_demo/lib/python3.9/site-packages/airflow/example_dags/example_kubernetes_executor.py
[2024-01-31T08:55:07.164+0000] {processor.py:183} INFO - Processing /home/deprojectue/miniconda3/envs/airflow_demo/lib/python3.9/site-packages/airflow/example_dags/example_kubernetes_executor.py took 0.028 seconds
[2024-01-31T08:56:04.182+0000] {processor.py:161} INFO - Started process (PID=215634) to work on /home/deprojectue/miniconda3/envs/airflow_demo/lib/python3.9/site-packages/airflow/example_dags/example_kubernetes_executor.py
[2024-01-31T08:56:04.185+0000] {processor.py:830} INFO - Processing file /home/deprojectue/miniconda3/envs/airflow_demo/lib/python3.9/site-packages/airflow/example_dags/example_kubernetes_executor.py for tasks to queue
[2024-01-31T08:56:04.188+0000] {logging_mixin.py:188} INFO - [2024-01-31T08:56:04.187+0000] {dagbag.py:538} INFO - Filling up the DagBag from /home/deprojectue/miniconda3/envs/airflow_demo/lib/python3.9/site-packages/airflow/example_dags/example_kubernetes_executor.py
[2024-01-31T08:56:04.192+0000] {logging_mixin.py:188} INFO - [2024-01-31T08:56:04.192+0000] {example_kubernetes_executor.py:38} WARNING - The example_kubernetes_executor example DAG requires the kubernetes provider. Please install it with: pip install apache-airflow[cncf.kubernetes]
[2024-01-31T08:56:04.193+0000] {processor.py:842} WARNING - No viable dags retrieved from /home/deprojectue/miniconda3/envs/airflow_demo/lib/python3.9/site-packages/airflow/example_dags/example_kubernetes_executor.py
[2024-01-31T08:56:04.206+0000] {processor.py:183} INFO - Processing /home/deprojectue/miniconda3/envs/airflow_demo/lib/python3.9/site-packages/airflow/example_dags/example_kubernetes_executor.py took 0.028 seconds
[2024-01-31T08:57:03.539+0000] {processor.py:161} INFO - Started process (PID=215711) to work on /home/deprojectue/miniconda3/envs/airflow_demo/lib/python3.9/site-packages/airflow/example_dags/example_kubernetes_executor.py
[2024-01-31T08:57:03.542+0000] {processor.py:830} INFO - Processing file /home/deprojectue/miniconda3/envs/airflow_demo/lib/python3.9/site-packages/airflow/example_dags/example_kubernetes_executor.py for tasks to queue
[2024-01-31T08:57:03.545+0000] {logging_mixin.py:188} INFO - [2024-01-31T08:57:03.545+0000] {dagbag.py:538} INFO - Filling up the DagBag from /home/deprojectue/miniconda3/envs/airflow_demo/lib/python3.9/site-packages/airflow/example_dags/example_kubernetes_executor.py
[2024-01-31T08:57:03.551+0000] {logging_mixin.py:188} INFO - [2024-01-31T08:57:03.550+0000] {example_kubernetes_executor.py:38} WARNING - The example_kubernetes_executor example DAG requires the kubernetes provider. Please install it with: pip install apache-airflow[cncf.kubernetes]
[2024-01-31T08:57:03.551+0000] {processor.py:842} WARNING - No viable dags retrieved from /home/deprojectue/miniconda3/envs/airflow_demo/lib/python3.9/site-packages/airflow/example_dags/example_kubernetes_executor.py
[2024-01-31T08:57:03.565+0000] {processor.py:183} INFO - Processing /home/deprojectue/miniconda3/envs/airflow_demo/lib/python3.9/site-packages/airflow/example_dags/example_kubernetes_executor.py took 0.030 seconds
[2024-01-31T08:57:57.082+0000] {processor.py:161} INFO - Started process (PID=215767) to work on /home/deprojectue/miniconda3/envs/airflow_demo/lib/python3.9/site-packages/airflow/example_dags/example_kubernetes_executor.py
[2024-01-31T08:57:57.084+0000] {processor.py:830} INFO - Processing file /home/deprojectue/miniconda3/envs/airflow_demo/lib/python3.9/site-packages/airflow/example_dags/example_kubernetes_executor.py for tasks to queue
[2024-01-31T08:57:57.087+0000] {logging_mixin.py:188} INFO - [2024-01-31T08:57:57.087+0000] {dagbag.py:538} INFO - Filling up the DagBag from /home/deprojectue/miniconda3/envs/airflow_demo/lib/python3.9/site-packages/airflow/example_dags/example_kubernetes_executor.py
[2024-01-31T08:57:57.092+0000] {logging_mixin.py:188} INFO - [2024-01-31T08:57:57.092+0000] {example_kubernetes_executor.py:38} WARNING - The example_kubernetes_executor example DAG requires the kubernetes provider. Please install it with: pip install apache-airflow[cncf.kubernetes]
[2024-01-31T08:57:57.092+0000] {processor.py:842} WARNING - No viable dags retrieved from /home/deprojectue/miniconda3/envs/airflow_demo/lib/python3.9/site-packages/airflow/example_dags/example_kubernetes_executor.py
[2024-01-31T08:57:57.106+0000] {processor.py:183} INFO - Processing /home/deprojectue/miniconda3/envs/airflow_demo/lib/python3.9/site-packages/airflow/example_dags/example_kubernetes_executor.py took 0.029 seconds
[2024-01-31T08:58:58.009+0000] {processor.py:161} INFO - Started process (PID=215848) to work on /home/deprojectue/miniconda3/envs/airflow_demo/lib/python3.9/site-packages/airflow/example_dags/example_kubernetes_executor.py
[2024-01-31T08:58:58.012+0000] {processor.py:830} INFO - Processing file /home/deprojectue/miniconda3/envs/airflow_demo/lib/python3.9/site-packages/airflow/example_dags/example_kubernetes_executor.py for tasks to queue
[2024-01-31T08:58:58.015+0000] {logging_mixin.py:188} INFO - [2024-01-31T08:58:58.015+0000] {dagbag.py:538} INFO - Filling up the DagBag from /home/deprojectue/miniconda3/envs/airflow_demo/lib/python3.9/site-packages/airflow/example_dags/example_kubernetes_executor.py
[2024-01-31T08:58:58.020+0000] {logging_mixin.py:188} INFO - [2024-01-31T08:58:58.020+0000] {example_kubernetes_executor.py:38} WARNING - The example_kubernetes_executor example DAG requires the kubernetes provider. Please install it with: pip install apache-airflow[cncf.kubernetes]
[2024-01-31T08:58:58.021+0000] {processor.py:842} WARNING - No viable dags retrieved from /home/deprojectue/miniconda3/envs/airflow_demo/lib/python3.9/site-packages/airflow/example_dags/example_kubernetes_executor.py
[2024-01-31T08:58:58.035+0000] {processor.py:183} INFO - Processing /home/deprojectue/miniconda3/envs/airflow_demo/lib/python3.9/site-packages/airflow/example_dags/example_kubernetes_executor.py took 0.031 seconds
[2024-01-31T08:59:57.714+0000] {processor.py:161} INFO - Started process (PID=215911) to work on /home/deprojectue/miniconda3/envs/airflow_demo/lib/python3.9/site-packages/airflow/example_dags/example_kubernetes_executor.py
[2024-01-31T08:59:57.716+0000] {processor.py:830} INFO - Processing file /home/deprojectue/miniconda3/envs/airflow_demo/lib/python3.9/site-packages/airflow/example_dags/example_kubernetes_executor.py for tasks to queue
[2024-01-31T08:59:57.720+0000] {logging_mixin.py:188} INFO - [2024-01-31T08:59:57.719+0000] {dagbag.py:538} INFO - Filling up the DagBag from /home/deprojectue/miniconda3/envs/airflow_demo/lib/python3.9/site-packages/airflow/example_dags/example_kubernetes_executor.py
[2024-01-31T08:59:57.725+0000] {logging_mixin.py:188} INFO - [2024-01-31T08:59:57.724+0000] {example_kubernetes_executor.py:38} WARNING - The example_kubernetes_executor example DAG requires the kubernetes provider. Please install it with: pip install apache-airflow[cncf.kubernetes]
[2024-01-31T08:59:57.725+0000] {processor.py:842} WARNING - No viable dags retrieved from /home/deprojectue/miniconda3/envs/airflow_demo/lib/python3.9/site-packages/airflow/example_dags/example_kubernetes_executor.py
[2024-01-31T08:59:57.739+0000] {processor.py:183} INFO - Processing /home/deprojectue/miniconda3/envs/airflow_demo/lib/python3.9/site-packages/airflow/example_dags/example_kubernetes_executor.py took 0.029 seconds
[2024-01-31T09:00:52.826+0000] {processor.py:161} INFO - Started process (PID=215969) to work on /home/deprojectue/miniconda3/envs/airflow_demo/lib/python3.9/site-packages/airflow/example_dags/example_kubernetes_executor.py
[2024-01-31T09:00:52.828+0000] {processor.py:830} INFO - Processing file /home/deprojectue/miniconda3/envs/airflow_demo/lib/python3.9/site-packages/airflow/example_dags/example_kubernetes_executor.py for tasks to queue
[2024-01-31T09:00:52.832+0000] {logging_mixin.py:188} INFO - [2024-01-31T09:00:52.831+0000] {dagbag.py:538} INFO - Filling up the DagBag from /home/deprojectue/miniconda3/envs/airflow_demo/lib/python3.9/site-packages/airflow/example_dags/example_kubernetes_executor.py
[2024-01-31T09:00:52.836+0000] {logging_mixin.py:188} INFO - [2024-01-31T09:00:52.836+0000] {example_kubernetes_executor.py:38} WARNING - The example_kubernetes_executor example DAG requires the kubernetes provider. Please install it with: pip install apache-airflow[cncf.kubernetes]
[2024-01-31T09:00:52.837+0000] {processor.py:842} WARNING - No viable dags retrieved from /home/deprojectue/miniconda3/envs/airflow_demo/lib/python3.9/site-packages/airflow/example_dags/example_kubernetes_executor.py
[2024-01-31T09:00:52.850+0000] {processor.py:183} INFO - Processing /home/deprojectue/miniconda3/envs/airflow_demo/lib/python3.9/site-packages/airflow/example_dags/example_kubernetes_executor.py took 0.029 seconds
[2024-01-31T09:01:49.556+0000] {processor.py:161} INFO - Started process (PID=216030) to work on /home/deprojectue/miniconda3/envs/airflow_demo/lib/python3.9/site-packages/airflow/example_dags/example_kubernetes_executor.py
[2024-01-31T09:01:49.558+0000] {processor.py:830} INFO - Processing file /home/deprojectue/miniconda3/envs/airflow_demo/lib/python3.9/site-packages/airflow/example_dags/example_kubernetes_executor.py for tasks to queue
[2024-01-31T09:01:49.562+0000] {logging_mixin.py:188} INFO - [2024-01-31T09:01:49.561+0000] {dagbag.py:538} INFO - Filling up the DagBag from /home/deprojectue/miniconda3/envs/airflow_demo/lib/python3.9/site-packages/airflow/example_dags/example_kubernetes_executor.py
[2024-01-31T09:01:49.567+0000] {logging_mixin.py:188} INFO - [2024-01-31T09:01:49.567+0000] {example_kubernetes_executor.py:38} WARNING - The example_kubernetes_executor example DAG requires the kubernetes provider. Please install it with: pip install apache-airflow[cncf.kubernetes]
[2024-01-31T09:01:49.567+0000] {processor.py:842} WARNING - No viable dags retrieved from /home/deprojectue/miniconda3/envs/airflow_demo/lib/python3.9/site-packages/airflow/example_dags/example_kubernetes_executor.py
[2024-01-31T09:01:49.581+0000] {processor.py:183} INFO - Processing /home/deprojectue/miniconda3/envs/airflow_demo/lib/python3.9/site-packages/airflow/example_dags/example_kubernetes_executor.py took 0.029 seconds
[2024-01-31T09:02:46.246+0000] {processor.py:161} INFO - Started process (PID=216090) to work on /home/deprojectue/miniconda3/envs/airflow_demo/lib/python3.9/site-packages/airflow/example_dags/example_kubernetes_executor.py
[2024-01-31T09:02:46.248+0000] {processor.py:830} INFO - Processing file /home/deprojectue/miniconda3/envs/airflow_demo/lib/python3.9/site-packages/airflow/example_dags/example_kubernetes_executor.py for tasks to queue
[2024-01-31T09:02:46.252+0000] {logging_mixin.py:188} INFO - [2024-01-31T09:02:46.251+0000] {dagbag.py:538} INFO - Filling up the DagBag from /home/deprojectue/miniconda3/envs/airflow_demo/lib/python3.9/site-packages/airflow/example_dags/example_kubernetes_executor.py
[2024-01-31T09:02:46.257+0000] {logging_mixin.py:188} INFO - [2024-01-31T09:02:46.257+0000] {example_kubernetes_executor.py:38} WARNING - The example_kubernetes_executor example DAG requires the kubernetes provider. Please install it with: pip install apache-airflow[cncf.kubernetes]
[2024-01-31T09:02:46.257+0000] {processor.py:842} WARNING - No viable dags retrieved from /home/deprojectue/miniconda3/envs/airflow_demo/lib/python3.9/site-packages/airflow/example_dags/example_kubernetes_executor.py
[2024-01-31T09:02:46.271+0000] {processor.py:183} INFO - Processing /home/deprojectue/miniconda3/envs/airflow_demo/lib/python3.9/site-packages/airflow/example_dags/example_kubernetes_executor.py took 0.029 seconds
[2024-01-31T09:03:40.918+0000] {processor.py:161} INFO - Started process (PID=216145) to work on /home/deprojectue/miniconda3/envs/airflow_demo/lib/python3.9/site-packages/airflow/example_dags/example_kubernetes_executor.py
[2024-01-31T09:03:40.920+0000] {processor.py:830} INFO - Processing file /home/deprojectue/miniconda3/envs/airflow_demo/lib/python3.9/site-packages/airflow/example_dags/example_kubernetes_executor.py for tasks to queue
[2024-01-31T09:03:40.924+0000] {logging_mixin.py:188} INFO - [2024-01-31T09:03:40.923+0000] {dagbag.py:538} INFO - Filling up the DagBag from /home/deprojectue/miniconda3/envs/airflow_demo/lib/python3.9/site-packages/airflow/example_dags/example_kubernetes_executor.py
[2024-01-31T09:03:40.929+0000] {logging_mixin.py:188} INFO - [2024-01-31T09:03:40.929+0000] {example_kubernetes_executor.py:38} WARNING - The example_kubernetes_executor example DAG requires the kubernetes provider. Please install it with: pip install apache-airflow[cncf.kubernetes]
[2024-01-31T09:03:40.929+0000] {processor.py:842} WARNING - No viable dags retrieved from /home/deprojectue/miniconda3/envs/airflow_demo/lib/python3.9/site-packages/airflow/example_dags/example_kubernetes_executor.py
[2024-01-31T09:03:40.943+0000] {processor.py:183} INFO - Processing /home/deprojectue/miniconda3/envs/airflow_demo/lib/python3.9/site-packages/airflow/example_dags/example_kubernetes_executor.py took 0.029 seconds
[2024-01-31T09:04:33.309+0000] {processor.py:161} INFO - Started process (PID=216202) to work on /home/deprojectue/miniconda3/envs/airflow_demo/lib/python3.9/site-packages/airflow/example_dags/example_kubernetes_executor.py
[2024-01-31T09:04:33.311+0000] {processor.py:830} INFO - Processing file /home/deprojectue/miniconda3/envs/airflow_demo/lib/python3.9/site-packages/airflow/example_dags/example_kubernetes_executor.py for tasks to queue
[2024-01-31T09:04:33.315+0000] {logging_mixin.py:188} INFO - [2024-01-31T09:04:33.314+0000] {dagbag.py:538} INFO - Filling up the DagBag from /home/deprojectue/miniconda3/envs/airflow_demo/lib/python3.9/site-packages/airflow/example_dags/example_kubernetes_executor.py
[2024-01-31T09:04:33.320+0000] {logging_mixin.py:188} INFO - [2024-01-31T09:04:33.320+0000] {example_kubernetes_executor.py:38} WARNING - The example_kubernetes_executor example DAG requires the kubernetes provider. Please install it with: pip install apache-airflow[cncf.kubernetes]
[2024-01-31T09:04:33.320+0000] {processor.py:842} WARNING - No viable dags retrieved from /home/deprojectue/miniconda3/envs/airflow_demo/lib/python3.9/site-packages/airflow/example_dags/example_kubernetes_executor.py
[2024-01-31T09:04:33.335+0000] {processor.py:183} INFO - Processing /home/deprojectue/miniconda3/envs/airflow_demo/lib/python3.9/site-packages/airflow/example_dags/example_kubernetes_executor.py took 0.030 seconds
[2024-01-31T09:07:36.868+0000] {processor.py:161} INFO - Started process (PID=216347) to work on /home/deprojectue/miniconda3/envs/airflow_demo/lib/python3.9/site-packages/airflow/example_dags/example_kubernetes_executor.py
[2024-01-31T09:07:36.877+0000] {processor.py:830} INFO - Processing file /home/deprojectue/miniconda3/envs/airflow_demo/lib/python3.9/site-packages/airflow/example_dags/example_kubernetes_executor.py for tasks to queue
[2024-01-31T09:07:36.881+0000] {logging_mixin.py:188} INFO - [2024-01-31T09:07:36.880+0000] {dagbag.py:538} INFO - Filling up the DagBag from /home/deprojectue/miniconda3/envs/airflow_demo/lib/python3.9/site-packages/airflow/example_dags/example_kubernetes_executor.py
[2024-01-31T09:07:36.895+0000] {logging_mixin.py:188} INFO - [2024-01-31T09:07:36.894+0000] {example_kubernetes_executor.py:38} WARNING - The example_kubernetes_executor example DAG requires the kubernetes provider. Please install it with: pip install apache-airflow[cncf.kubernetes]
[2024-01-31T09:07:36.895+0000] {processor.py:842} WARNING - No viable dags retrieved from /home/deprojectue/miniconda3/envs/airflow_demo/lib/python3.9/site-packages/airflow/example_dags/example_kubernetes_executor.py
[2024-01-31T09:07:37.103+0000] {processor.py:183} INFO - Processing /home/deprojectue/miniconda3/envs/airflow_demo/lib/python3.9/site-packages/airflow/example_dags/example_kubernetes_executor.py took 0.249 seconds
[2024-01-31T09:36:02.238+0000] {processor.py:161} INFO - Started process (PID=216898) to work on /home/deprojectue/miniconda3/envs/airflow_demo/lib/python3.9/site-packages/airflow/example_dags/example_kubernetes_executor.py
[2024-01-31T09:36:02.241+0000] {processor.py:830} INFO - Processing file /home/deprojectue/miniconda3/envs/airflow_demo/lib/python3.9/site-packages/airflow/example_dags/example_kubernetes_executor.py for tasks to queue
[2024-01-31T09:36:02.245+0000] {logging_mixin.py:188} INFO - [2024-01-31T09:36:02.244+0000] {dagbag.py:538} INFO - Filling up the DagBag from /home/deprojectue/miniconda3/envs/airflow_demo/lib/python3.9/site-packages/airflow/example_dags/example_kubernetes_executor.py
[2024-01-31T09:36:02.253+0000] {logging_mixin.py:188} INFO - [2024-01-31T09:36:02.253+0000] {example_kubernetes_executor.py:38} WARNING - The example_kubernetes_executor example DAG requires the kubernetes provider. Please install it with: pip install apache-airflow[cncf.kubernetes]
[2024-01-31T09:36:02.254+0000] {processor.py:842} WARNING - No viable dags retrieved from /home/deprojectue/miniconda3/envs/airflow_demo/lib/python3.9/site-packages/airflow/example_dags/example_kubernetes_executor.py
[2024-01-31T09:36:02.268+0000] {processor.py:183} INFO - Processing /home/deprojectue/miniconda3/envs/airflow_demo/lib/python3.9/site-packages/airflow/example_dags/example_kubernetes_executor.py took 0.035 seconds
