[2024-01-31T02:07:41.141+0000] {processor.py:161} INFO - Started process (PID=210398) to work on /home/deprojectue/miniconda3/envs/airflow_demo/lib/python3.9/site-packages/airflow/example_dags/example_params_ui_tutorial.py
[2024-01-31T02:07:41.142+0000] {processor.py:830} INFO - Processing file /home/deprojectue/miniconda3/envs/airflow_demo/lib/python3.9/site-packages/airflow/example_dags/example_params_ui_tutorial.py for tasks to queue
[2024-01-31T02:07:41.144+0000] {logging_mixin.py:188} INFO - [2024-01-31T02:07:41.143+0000] {dagbag.py:538} INFO - Filling up the DagBag from /home/deprojectue/miniconda3/envs/airflow_demo/lib/python3.9/site-packages/airflow/example_dags/example_params_ui_tutorial.py
[2024-01-31T02:07:41.231+0000] {processor.py:840} INFO - DAG(s) 'example_params_ui_tutorial' retrieved from /home/deprojectue/miniconda3/envs/airflow_demo/lib/python3.9/site-packages/airflow/example_dags/example_params_ui_tutorial.py
[2024-01-31T02:07:41.595+0000] {logging_mixin.py:188} INFO - [2024-01-31T02:07:41.594+0000] {override.py:1769} INFO - Created Permission View: can read on DAG:example_params_ui_tutorial
[2024-01-31T02:07:41.626+0000] {logging_mixin.py:188} INFO - [2024-01-31T02:07:41.626+0000] {override.py:1769} INFO - Created Permission View: can delete on DAG:example_params_ui_tutorial
[2024-01-31T02:07:41.647+0000] {logging_mixin.py:188} INFO - [2024-01-31T02:07:41.647+0000] {override.py:1769} INFO - Created Permission View: can edit on DAG:example_params_ui_tutorial
[2024-01-31T02:07:41.648+0000] {logging_mixin.py:188} INFO - [2024-01-31T02:07:41.648+0000] {dag.py:3033} INFO - Sync 1 DAGs
[2024-01-31T02:07:41.686+0000] {logging_mixin.py:188} INFO - [2024-01-31T02:07:41.686+0000] {dag.py:3055} INFO - Creating ORM DAG for example_params_ui_tutorial
[2024-01-31T02:07:41.687+0000] {logging_mixin.py:188} INFO - [2024-01-31T02:07:41.687+0000] {dag.py:3820} INFO - Setting next_dagrun for example_params_ui_tutorial to None, run_after=None
[2024-01-31T02:07:41.753+0000] {processor.py:183} INFO - Processing /home/deprojectue/miniconda3/envs/airflow_demo/lib/python3.9/site-packages/airflow/example_dags/example_params_ui_tutorial.py took 0.625 seconds
[2024-01-31T02:09:13.870+0000] {processor.py:161} INFO - Started process (PID=210696) to work on /home/deprojectue/miniconda3/envs/airflow_demo/lib/python3.9/site-packages/airflow/example_dags/example_params_ui_tutorial.py
[2024-01-31T02:09:13.875+0000] {processor.py:830} INFO - Processing file /home/deprojectue/miniconda3/envs/airflow_demo/lib/python3.9/site-packages/airflow/example_dags/example_params_ui_tutorial.py for tasks to queue
[2024-01-31T02:09:13.877+0000] {logging_mixin.py:188} INFO - [2024-01-31T02:09:13.876+0000] {dagbag.py:538} INFO - Filling up the DagBag from /home/deprojectue/miniconda3/envs/airflow_demo/lib/python3.9/site-packages/airflow/example_dags/example_params_ui_tutorial.py
[2024-01-31T02:09:13.916+0000] {processor.py:840} INFO - DAG(s) 'example_params_ui_tutorial' retrieved from /home/deprojectue/miniconda3/envs/airflow_demo/lib/python3.9/site-packages/airflow/example_dags/example_params_ui_tutorial.py
[2024-01-31T02:09:14.163+0000] {logging_mixin.py:188} INFO - [2024-01-31T02:09:14.162+0000] {dag.py:3033} INFO - Sync 1 DAGs
[2024-01-31T02:09:14.182+0000] {logging_mixin.py:188} INFO - [2024-01-31T02:09:14.181+0000] {dag.py:3820} INFO - Setting next_dagrun for example_params_ui_tutorial to None, run_after=None
[2024-01-31T02:09:14.245+0000] {processor.py:183} INFO - Processing /home/deprojectue/miniconda3/envs/airflow_demo/lib/python3.9/site-packages/airflow/example_dags/example_params_ui_tutorial.py took 0.382 seconds
[2024-01-31T02:10:07.387+0000] {processor.py:161} INFO - Started process (PID=210967) to work on /home/deprojectue/miniconda3/envs/airflow_demo/lib/python3.9/site-packages/airflow/example_dags/example_params_ui_tutorial.py
[2024-01-31T02:10:07.395+0000] {processor.py:830} INFO - Processing file /home/deprojectue/miniconda3/envs/airflow_demo/lib/python3.9/site-packages/airflow/example_dags/example_params_ui_tutorial.py for tasks to queue
[2024-01-31T02:10:07.397+0000] {logging_mixin.py:188} INFO - [2024-01-31T02:10:07.396+0000] {dagbag.py:538} INFO - Filling up the DagBag from /home/deprojectue/miniconda3/envs/airflow_demo/lib/python3.9/site-packages/airflow/example_dags/example_params_ui_tutorial.py
[2024-01-31T02:10:07.433+0000] {processor.py:840} INFO - DAG(s) 'example_params_ui_tutorial' retrieved from /home/deprojectue/miniconda3/envs/airflow_demo/lib/python3.9/site-packages/airflow/example_dags/example_params_ui_tutorial.py
[2024-01-31T02:10:07.554+0000] {logging_mixin.py:188} INFO - [2024-01-31T02:10:07.554+0000] {dag.py:3033} INFO - Sync 1 DAGs
[2024-01-31T02:10:07.573+0000] {logging_mixin.py:188} INFO - [2024-01-31T02:10:07.573+0000] {dag.py:3820} INFO - Setting next_dagrun for example_params_ui_tutorial to None, run_after=None
[2024-01-31T02:10:07.631+0000] {processor.py:183} INFO - Processing /home/deprojectue/miniconda3/envs/airflow_demo/lib/python3.9/site-packages/airflow/example_dags/example_params_ui_tutorial.py took 0.252 seconds
[2024-01-31T02:12:57.292+0000] {processor.py:161} INFO - Started process (PID=211053) to work on /home/deprojectue/miniconda3/envs/airflow_demo/lib/python3.9/site-packages/airflow/example_dags/example_params_ui_tutorial.py
[2024-01-31T02:12:57.294+0000] {processor.py:830} INFO - Processing file /home/deprojectue/miniconda3/envs/airflow_demo/lib/python3.9/site-packages/airflow/example_dags/example_params_ui_tutorial.py for tasks to queue
[2024-01-31T02:12:57.298+0000] {logging_mixin.py:188} INFO - [2024-01-31T02:12:57.297+0000] {dagbag.py:538} INFO - Filling up the DagBag from /home/deprojectue/miniconda3/envs/airflow_demo/lib/python3.9/site-packages/airflow/example_dags/example_params_ui_tutorial.py
[2024-01-31T02:12:57.314+0000] {processor.py:840} INFO - DAG(s) 'example_params_ui_tutorial' retrieved from /home/deprojectue/miniconda3/envs/airflow_demo/lib/python3.9/site-packages/airflow/example_dags/example_params_ui_tutorial.py
[2024-01-31T02:12:57.371+0000] {logging_mixin.py:188} INFO - [2024-01-31T02:12:57.371+0000] {dag.py:3033} INFO - Sync 1 DAGs
[2024-01-31T02:12:57.385+0000] {logging_mixin.py:188} INFO - [2024-01-31T02:12:57.385+0000] {dag.py:3820} INFO - Setting next_dagrun for example_params_ui_tutorial to None, run_after=None
[2024-01-31T02:12:57.415+0000] {processor.py:183} INFO - Processing /home/deprojectue/miniconda3/envs/airflow_demo/lib/python3.9/site-packages/airflow/example_dags/example_params_ui_tutorial.py took 0.127 seconds
[2024-01-31T02:13:45.007+0000] {processor.py:161} INFO - Started process (PID=211112) to work on /home/deprojectue/miniconda3/envs/airflow_demo/lib/python3.9/site-packages/airflow/example_dags/example_params_ui_tutorial.py
[2024-01-31T02:13:45.010+0000] {processor.py:830} INFO - Processing file /home/deprojectue/miniconda3/envs/airflow_demo/lib/python3.9/site-packages/airflow/example_dags/example_params_ui_tutorial.py for tasks to queue
[2024-01-31T02:13:45.013+0000] {logging_mixin.py:188} INFO - [2024-01-31T02:13:45.013+0000] {dagbag.py:538} INFO - Filling up the DagBag from /home/deprojectue/miniconda3/envs/airflow_demo/lib/python3.9/site-packages/airflow/example_dags/example_params_ui_tutorial.py
[2024-01-31T02:13:45.029+0000] {processor.py:840} INFO - DAG(s) 'example_params_ui_tutorial' retrieved from /home/deprojectue/miniconda3/envs/airflow_demo/lib/python3.9/site-packages/airflow/example_dags/example_params_ui_tutorial.py
[2024-01-31T02:13:45.078+0000] {logging_mixin.py:188} INFO - [2024-01-31T02:13:45.078+0000] {dag.py:3033} INFO - Sync 1 DAGs
[2024-01-31T02:13:45.093+0000] {logging_mixin.py:188} INFO - [2024-01-31T02:13:45.093+0000] {dag.py:3820} INFO - Setting next_dagrun for example_params_ui_tutorial to None, run_after=None
[2024-01-31T02:13:45.120+0000] {processor.py:183} INFO - Processing /home/deprojectue/miniconda3/envs/airflow_demo/lib/python3.9/site-packages/airflow/example_dags/example_params_ui_tutorial.py took 0.116 seconds
[2024-01-31T02:21:56.236+0000] {processor.py:161} INFO - Started process (PID=211313) to work on /home/deprojectue/miniconda3/envs/airflow_demo/lib/python3.9/site-packages/airflow/example_dags/example_params_ui_tutorial.py
[2024-01-31T02:21:56.238+0000] {processor.py:830} INFO - Processing file /home/deprojectue/miniconda3/envs/airflow_demo/lib/python3.9/site-packages/airflow/example_dags/example_params_ui_tutorial.py for tasks to queue
[2024-01-31T02:21:56.241+0000] {logging_mixin.py:188} INFO - [2024-01-31T02:21:56.241+0000] {dagbag.py:538} INFO - Filling up the DagBag from /home/deprojectue/miniconda3/envs/airflow_demo/lib/python3.9/site-packages/airflow/example_dags/example_params_ui_tutorial.py
[2024-01-31T02:21:56.258+0000] {processor.py:840} INFO - DAG(s) 'example_params_ui_tutorial' retrieved from /home/deprojectue/miniconda3/envs/airflow_demo/lib/python3.9/site-packages/airflow/example_dags/example_params_ui_tutorial.py
[2024-01-31T02:21:56.311+0000] {logging_mixin.py:188} INFO - [2024-01-31T02:21:56.310+0000] {dag.py:3033} INFO - Sync 1 DAGs
[2024-01-31T02:21:56.325+0000] {logging_mixin.py:188} INFO - [2024-01-31T02:21:56.324+0000] {dag.py:3820} INFO - Setting next_dagrun for example_params_ui_tutorial to None, run_after=None
[2024-01-31T02:21:56.350+0000] {processor.py:183} INFO - Processing /home/deprojectue/miniconda3/envs/airflow_demo/lib/python3.9/site-packages/airflow/example_dags/example_params_ui_tutorial.py took 0.119 seconds
[2024-01-31T02:22:46.788+0000] {processor.py:161} INFO - Started process (PID=211365) to work on /home/deprojectue/miniconda3/envs/airflow_demo/lib/python3.9/site-packages/airflow/example_dags/example_params_ui_tutorial.py
[2024-01-31T02:22:46.790+0000] {processor.py:830} INFO - Processing file /home/deprojectue/miniconda3/envs/airflow_demo/lib/python3.9/site-packages/airflow/example_dags/example_params_ui_tutorial.py for tasks to queue
[2024-01-31T02:22:46.794+0000] {logging_mixin.py:188} INFO - [2024-01-31T02:22:46.794+0000] {dagbag.py:538} INFO - Filling up the DagBag from /home/deprojectue/miniconda3/envs/airflow_demo/lib/python3.9/site-packages/airflow/example_dags/example_params_ui_tutorial.py
[2024-01-31T02:22:46.815+0000] {processor.py:840} INFO - DAG(s) 'example_params_ui_tutorial' retrieved from /home/deprojectue/miniconda3/envs/airflow_demo/lib/python3.9/site-packages/airflow/example_dags/example_params_ui_tutorial.py
[2024-01-31T02:22:46.863+0000] {logging_mixin.py:188} INFO - [2024-01-31T02:22:46.863+0000] {dag.py:3033} INFO - Sync 1 DAGs
[2024-01-31T02:22:46.879+0000] {logging_mixin.py:188} INFO - [2024-01-31T02:22:46.878+0000] {dag.py:3820} INFO - Setting next_dagrun for example_params_ui_tutorial to None, run_after=None
[2024-01-31T02:22:46.907+0000] {processor.py:183} INFO - Processing /home/deprojectue/miniconda3/envs/airflow_demo/lib/python3.9/site-packages/airflow/example_dags/example_params_ui_tutorial.py took 0.123 seconds
[2024-01-31T08:24:30.431+0000] {processor.py:161} INFO - Started process (PID=214050) to work on /home/deprojectue/miniconda3/envs/airflow_demo/lib/python3.9/site-packages/airflow/example_dags/example_params_ui_tutorial.py
[2024-01-31T08:24:30.433+0000] {processor.py:830} INFO - Processing file /home/deprojectue/miniconda3/envs/airflow_demo/lib/python3.9/site-packages/airflow/example_dags/example_params_ui_tutorial.py for tasks to queue
[2024-01-31T08:24:30.436+0000] {logging_mixin.py:188} INFO - [2024-01-31T08:24:30.435+0000] {dagbag.py:538} INFO - Filling up the DagBag from /home/deprojectue/miniconda3/envs/airflow_demo/lib/python3.9/site-packages/airflow/example_dags/example_params_ui_tutorial.py
[2024-01-31T08:24:30.451+0000] {processor.py:840} INFO - DAG(s) 'example_params_ui_tutorial' retrieved from /home/deprojectue/miniconda3/envs/airflow_demo/lib/python3.9/site-packages/airflow/example_dags/example_params_ui_tutorial.py
[2024-01-31T08:24:30.507+0000] {logging_mixin.py:188} INFO - [2024-01-31T08:24:30.506+0000] {dag.py:3033} INFO - Sync 1 DAGs
[2024-01-31T08:24:30.520+0000] {logging_mixin.py:188} INFO - [2024-01-31T08:24:30.519+0000] {dag.py:3820} INFO - Setting next_dagrun for example_params_ui_tutorial to None, run_after=None
[2024-01-31T08:24:30.543+0000] {processor.py:183} INFO - Processing /home/deprojectue/miniconda3/envs/airflow_demo/lib/python3.9/site-packages/airflow/example_dags/example_params_ui_tutorial.py took 0.116 seconds
[2024-01-31T08:25:23.388+0000] {processor.py:161} INFO - Started process (PID=214105) to work on /home/deprojectue/miniconda3/envs/airflow_demo/lib/python3.9/site-packages/airflow/example_dags/example_params_ui_tutorial.py
[2024-01-31T08:25:23.390+0000] {processor.py:830} INFO - Processing file /home/deprojectue/miniconda3/envs/airflow_demo/lib/python3.9/site-packages/airflow/example_dags/example_params_ui_tutorial.py for tasks to queue
[2024-01-31T08:25:23.393+0000] {logging_mixin.py:188} INFO - [2024-01-31T08:25:23.393+0000] {dagbag.py:538} INFO - Filling up the DagBag from /home/deprojectue/miniconda3/envs/airflow_demo/lib/python3.9/site-packages/airflow/example_dags/example_params_ui_tutorial.py
[2024-01-31T08:25:23.409+0000] {processor.py:840} INFO - DAG(s) 'example_params_ui_tutorial' retrieved from /home/deprojectue/miniconda3/envs/airflow_demo/lib/python3.9/site-packages/airflow/example_dags/example_params_ui_tutorial.py
[2024-01-31T08:25:23.461+0000] {logging_mixin.py:188} INFO - [2024-01-31T08:25:23.460+0000] {dag.py:3033} INFO - Sync 1 DAGs
[2024-01-31T08:25:23.475+0000] {logging_mixin.py:188} INFO - [2024-01-31T08:25:23.475+0000] {dag.py:3820} INFO - Setting next_dagrun for example_params_ui_tutorial to None, run_after=None
[2024-01-31T08:25:23.502+0000] {processor.py:183} INFO - Processing /home/deprojectue/miniconda3/envs/airflow_demo/lib/python3.9/site-packages/airflow/example_dags/example_params_ui_tutorial.py took 0.118 seconds
[2024-01-31T08:52:06.516+0000] {processor.py:161} INFO - Started process (PID=215386) to work on /home/deprojectue/miniconda3/envs/airflow_demo/lib/python3.9/site-packages/airflow/example_dags/example_params_ui_tutorial.py
[2024-01-31T08:52:06.518+0000] {processor.py:830} INFO - Processing file /home/deprojectue/miniconda3/envs/airflow_demo/lib/python3.9/site-packages/airflow/example_dags/example_params_ui_tutorial.py for tasks to queue
[2024-01-31T08:52:06.522+0000] {logging_mixin.py:188} INFO - [2024-01-31T08:52:06.521+0000] {dagbag.py:538} INFO - Filling up the DagBag from /home/deprojectue/miniconda3/envs/airflow_demo/lib/python3.9/site-packages/airflow/example_dags/example_params_ui_tutorial.py
[2024-01-31T08:52:06.540+0000] {processor.py:840} INFO - DAG(s) 'example_params_ui_tutorial' retrieved from /home/deprojectue/miniconda3/envs/airflow_demo/lib/python3.9/site-packages/airflow/example_dags/example_params_ui_tutorial.py
[2024-01-31T08:52:06.593+0000] {logging_mixin.py:188} INFO - [2024-01-31T08:52:06.592+0000] {dag.py:3033} INFO - Sync 1 DAGs
[2024-01-31T08:52:06.606+0000] {logging_mixin.py:188} INFO - [2024-01-31T08:52:06.605+0000] {dag.py:3820} INFO - Setting next_dagrun for example_params_ui_tutorial to None, run_after=None
[2024-01-31T08:52:06.630+0000] {processor.py:183} INFO - Processing /home/deprojectue/miniconda3/envs/airflow_demo/lib/python3.9/site-packages/airflow/example_dags/example_params_ui_tutorial.py took 0.119 seconds
[2024-01-31T08:52:56.987+0000] {processor.py:161} INFO - Started process (PID=215437) to work on /home/deprojectue/miniconda3/envs/airflow_demo/lib/python3.9/site-packages/airflow/example_dags/example_params_ui_tutorial.py
[2024-01-31T08:52:56.989+0000] {processor.py:830} INFO - Processing file /home/deprojectue/miniconda3/envs/airflow_demo/lib/python3.9/site-packages/airflow/example_dags/example_params_ui_tutorial.py for tasks to queue
[2024-01-31T08:52:56.993+0000] {logging_mixin.py:188} INFO - [2024-01-31T08:52:56.992+0000] {dagbag.py:538} INFO - Filling up the DagBag from /home/deprojectue/miniconda3/envs/airflow_demo/lib/python3.9/site-packages/airflow/example_dags/example_params_ui_tutorial.py
[2024-01-31T08:52:57.009+0000] {processor.py:840} INFO - DAG(s) 'example_params_ui_tutorial' retrieved from /home/deprojectue/miniconda3/envs/airflow_demo/lib/python3.9/site-packages/airflow/example_dags/example_params_ui_tutorial.py
[2024-01-31T08:52:57.060+0000] {logging_mixin.py:188} INFO - [2024-01-31T08:52:57.059+0000] {dag.py:3033} INFO - Sync 1 DAGs
[2024-01-31T08:52:57.074+0000] {logging_mixin.py:188} INFO - [2024-01-31T08:52:57.073+0000] {dag.py:3820} INFO - Setting next_dagrun for example_params_ui_tutorial to None, run_after=None
[2024-01-31T08:52:57.106+0000] {processor.py:183} INFO - Processing /home/deprojectue/miniconda3/envs/airflow_demo/lib/python3.9/site-packages/airflow/example_dags/example_params_ui_tutorial.py took 0.124 seconds
[2024-01-31T08:53:47.510+0000] {processor.py:161} INFO - Started process (PID=215489) to work on /home/deprojectue/miniconda3/envs/airflow_demo/lib/python3.9/site-packages/airflow/example_dags/example_params_ui_tutorial.py
[2024-01-31T08:53:47.512+0000] {processor.py:830} INFO - Processing file /home/deprojectue/miniconda3/envs/airflow_demo/lib/python3.9/site-packages/airflow/example_dags/example_params_ui_tutorial.py for tasks to queue
[2024-01-31T08:53:47.515+0000] {logging_mixin.py:188} INFO - [2024-01-31T08:53:47.515+0000] {dagbag.py:538} INFO - Filling up the DagBag from /home/deprojectue/miniconda3/envs/airflow_demo/lib/python3.9/site-packages/airflow/example_dags/example_params_ui_tutorial.py
[2024-01-31T08:53:47.532+0000] {processor.py:840} INFO - DAG(s) 'example_params_ui_tutorial' retrieved from /home/deprojectue/miniconda3/envs/airflow_demo/lib/python3.9/site-packages/airflow/example_dags/example_params_ui_tutorial.py
[2024-01-31T08:53:47.583+0000] {logging_mixin.py:188} INFO - [2024-01-31T08:53:47.583+0000] {dag.py:3033} INFO - Sync 1 DAGs
[2024-01-31T08:53:47.598+0000] {logging_mixin.py:188} INFO - [2024-01-31T08:53:47.597+0000] {dag.py:3820} INFO - Setting next_dagrun for example_params_ui_tutorial to None, run_after=None
[2024-01-31T08:53:47.625+0000] {processor.py:183} INFO - Processing /home/deprojectue/miniconda3/envs/airflow_demo/lib/python3.9/site-packages/airflow/example_dags/example_params_ui_tutorial.py took 0.120 seconds
[2024-01-31T08:54:47.031+0000] {processor.py:161} INFO - Started process (PID=215552) to work on /home/deprojectue/miniconda3/envs/airflow_demo/lib/python3.9/site-packages/airflow/example_dags/example_params_ui_tutorial.py
[2024-01-31T08:54:47.033+0000] {processor.py:830} INFO - Processing file /home/deprojectue/miniconda3/envs/airflow_demo/lib/python3.9/site-packages/airflow/example_dags/example_params_ui_tutorial.py for tasks to queue
[2024-01-31T08:54:47.037+0000] {logging_mixin.py:188} INFO - [2024-01-31T08:54:47.036+0000] {dagbag.py:538} INFO - Filling up the DagBag from /home/deprojectue/miniconda3/envs/airflow_demo/lib/python3.9/site-packages/airflow/example_dags/example_params_ui_tutorial.py
[2024-01-31T08:54:47.053+0000] {processor.py:840} INFO - DAG(s) 'example_params_ui_tutorial' retrieved from /home/deprojectue/miniconda3/envs/airflow_demo/lib/python3.9/site-packages/airflow/example_dags/example_params_ui_tutorial.py
[2024-01-31T08:54:47.103+0000] {logging_mixin.py:188} INFO - [2024-01-31T08:54:47.102+0000] {dag.py:3033} INFO - Sync 1 DAGs
[2024-01-31T08:54:47.118+0000] {logging_mixin.py:188} INFO - [2024-01-31T08:54:47.117+0000] {dag.py:3820} INFO - Setting next_dagrun for example_params_ui_tutorial to None, run_after=None
[2024-01-31T08:54:47.143+0000] {processor.py:183} INFO - Processing /home/deprojectue/miniconda3/envs/airflow_demo/lib/python3.9/site-packages/airflow/example_dags/example_params_ui_tutorial.py took 0.117 seconds
[2024-01-31T08:55:46.505+0000] {processor.py:161} INFO - Started process (PID=215615) to work on /home/deprojectue/miniconda3/envs/airflow_demo/lib/python3.9/site-packages/airflow/example_dags/example_params_ui_tutorial.py
[2024-01-31T08:55:46.508+0000] {processor.py:830} INFO - Processing file /home/deprojectue/miniconda3/envs/airflow_demo/lib/python3.9/site-packages/airflow/example_dags/example_params_ui_tutorial.py for tasks to queue
[2024-01-31T08:55:46.511+0000] {logging_mixin.py:188} INFO - [2024-01-31T08:55:46.511+0000] {dagbag.py:538} INFO - Filling up the DagBag from /home/deprojectue/miniconda3/envs/airflow_demo/lib/python3.9/site-packages/airflow/example_dags/example_params_ui_tutorial.py
[2024-01-31T08:55:46.528+0000] {processor.py:840} INFO - DAG(s) 'example_params_ui_tutorial' retrieved from /home/deprojectue/miniconda3/envs/airflow_demo/lib/python3.9/site-packages/airflow/example_dags/example_params_ui_tutorial.py
[2024-01-31T08:55:46.579+0000] {logging_mixin.py:188} INFO - [2024-01-31T08:55:46.579+0000] {dag.py:3033} INFO - Sync 1 DAGs
[2024-01-31T08:55:46.594+0000] {logging_mixin.py:188} INFO - [2024-01-31T08:55:46.593+0000] {dag.py:3820} INFO - Setting next_dagrun for example_params_ui_tutorial to None, run_after=None
[2024-01-31T08:55:46.621+0000] {processor.py:183} INFO - Processing /home/deprojectue/miniconda3/envs/airflow_demo/lib/python3.9/site-packages/airflow/example_dags/example_params_ui_tutorial.py took 0.120 seconds
[2024-01-31T08:56:43.050+0000] {processor.py:161} INFO - Started process (PID=215685) to work on /home/deprojectue/miniconda3/envs/airflow_demo/lib/python3.9/site-packages/airflow/example_dags/example_params_ui_tutorial.py
[2024-01-31T08:56:43.052+0000] {processor.py:830} INFO - Processing file /home/deprojectue/miniconda3/envs/airflow_demo/lib/python3.9/site-packages/airflow/example_dags/example_params_ui_tutorial.py for tasks to queue
[2024-01-31T08:56:43.056+0000] {logging_mixin.py:188} INFO - [2024-01-31T08:56:43.055+0000] {dagbag.py:538} INFO - Filling up the DagBag from /home/deprojectue/miniconda3/envs/airflow_demo/lib/python3.9/site-packages/airflow/example_dags/example_params_ui_tutorial.py
[2024-01-31T08:56:43.073+0000] {processor.py:840} INFO - DAG(s) 'example_params_ui_tutorial' retrieved from /home/deprojectue/miniconda3/envs/airflow_demo/lib/python3.9/site-packages/airflow/example_dags/example_params_ui_tutorial.py
[2024-01-31T08:56:43.127+0000] {logging_mixin.py:188} INFO - [2024-01-31T08:56:43.126+0000] {dag.py:3033} INFO - Sync 1 DAGs
[2024-01-31T08:56:43.141+0000] {logging_mixin.py:188} INFO - [2024-01-31T08:56:43.141+0000] {dag.py:3820} INFO - Setting next_dagrun for example_params_ui_tutorial to None, run_after=None
[2024-01-31T08:56:43.167+0000] {processor.py:183} INFO - Processing /home/deprojectue/miniconda3/envs/airflow_demo/lib/python3.9/site-packages/airflow/example_dags/example_params_ui_tutorial.py took 0.122 seconds
[2024-01-31T08:57:38.696+0000] {processor.py:161} INFO - Started process (PID=215748) to work on /home/deprojectue/miniconda3/envs/airflow_demo/lib/python3.9/site-packages/airflow/example_dags/example_params_ui_tutorial.py
[2024-01-31T08:57:38.698+0000] {processor.py:830} INFO - Processing file /home/deprojectue/miniconda3/envs/airflow_demo/lib/python3.9/site-packages/airflow/example_dags/example_params_ui_tutorial.py for tasks to queue
[2024-01-31T08:57:38.702+0000] {logging_mixin.py:188} INFO - [2024-01-31T08:57:38.702+0000] {dagbag.py:538} INFO - Filling up the DagBag from /home/deprojectue/miniconda3/envs/airflow_demo/lib/python3.9/site-packages/airflow/example_dags/example_params_ui_tutorial.py
[2024-01-31T08:57:38.720+0000] {processor.py:840} INFO - DAG(s) 'example_params_ui_tutorial' retrieved from /home/deprojectue/miniconda3/envs/airflow_demo/lib/python3.9/site-packages/airflow/example_dags/example_params_ui_tutorial.py
[2024-01-31T08:57:38.770+0000] {logging_mixin.py:188} INFO - [2024-01-31T08:57:38.769+0000] {dag.py:3033} INFO - Sync 1 DAGs
[2024-01-31T08:57:38.784+0000] {logging_mixin.py:188} INFO - [2024-01-31T08:57:38.784+0000] {dag.py:3820} INFO - Setting next_dagrun for example_params_ui_tutorial to None, run_after=None
[2024-01-31T08:57:38.812+0000] {processor.py:183} INFO - Processing /home/deprojectue/miniconda3/envs/airflow_demo/lib/python3.9/site-packages/airflow/example_dags/example_params_ui_tutorial.py took 0.120 seconds
[2024-01-31T08:58:36.541+0000] {processor.py:161} INFO - Started process (PID=215807) to work on /home/deprojectue/miniconda3/envs/airflow_demo/lib/python3.9/site-packages/airflow/example_dags/example_params_ui_tutorial.py
[2024-01-31T08:58:36.544+0000] {processor.py:830} INFO - Processing file /home/deprojectue/miniconda3/envs/airflow_demo/lib/python3.9/site-packages/airflow/example_dags/example_params_ui_tutorial.py for tasks to queue
[2024-01-31T08:58:36.547+0000] {logging_mixin.py:188} INFO - [2024-01-31T08:58:36.547+0000] {dagbag.py:538} INFO - Filling up the DagBag from /home/deprojectue/miniconda3/envs/airflow_demo/lib/python3.9/site-packages/airflow/example_dags/example_params_ui_tutorial.py
[2024-01-31T08:58:36.563+0000] {processor.py:840} INFO - DAG(s) 'example_params_ui_tutorial' retrieved from /home/deprojectue/miniconda3/envs/airflow_demo/lib/python3.9/site-packages/airflow/example_dags/example_params_ui_tutorial.py
[2024-01-31T08:58:36.627+0000] {logging_mixin.py:188} INFO - [2024-01-31T08:58:36.626+0000] {dag.py:3033} INFO - Sync 1 DAGs
[2024-01-31T08:58:36.639+0000] {logging_mixin.py:188} INFO - [2024-01-31T08:58:36.639+0000] {dag.py:3820} INFO - Setting next_dagrun for example_params_ui_tutorial to None, run_after=None
[2024-01-31T08:58:36.666+0000] {processor.py:183} INFO - Processing /home/deprojectue/miniconda3/envs/airflow_demo/lib/python3.9/site-packages/airflow/example_dags/example_params_ui_tutorial.py took 0.129 seconds
[2024-01-31T08:59:38.567+0000] {processor.py:161} INFO - Started process (PID=215891) to work on /home/deprojectue/miniconda3/envs/airflow_demo/lib/python3.9/site-packages/airflow/example_dags/example_params_ui_tutorial.py
[2024-01-31T08:59:38.569+0000] {processor.py:830} INFO - Processing file /home/deprojectue/miniconda3/envs/airflow_demo/lib/python3.9/site-packages/airflow/example_dags/example_params_ui_tutorial.py for tasks to queue
[2024-01-31T08:59:38.572+0000] {logging_mixin.py:188} INFO - [2024-01-31T08:59:38.571+0000] {dagbag.py:538} INFO - Filling up the DagBag from /home/deprojectue/miniconda3/envs/airflow_demo/lib/python3.9/site-packages/airflow/example_dags/example_params_ui_tutorial.py
[2024-01-31T08:59:38.588+0000] {processor.py:840} INFO - DAG(s) 'example_params_ui_tutorial' retrieved from /home/deprojectue/miniconda3/envs/airflow_demo/lib/python3.9/site-packages/airflow/example_dags/example_params_ui_tutorial.py
[2024-01-31T08:59:38.640+0000] {logging_mixin.py:188} INFO - [2024-01-31T08:59:38.639+0000] {dag.py:3033} INFO - Sync 1 DAGs
[2024-01-31T08:59:38.654+0000] {logging_mixin.py:188} INFO - [2024-01-31T08:59:38.654+0000] {dag.py:3820} INFO - Setting next_dagrun for example_params_ui_tutorial to None, run_after=None
[2024-01-31T08:59:38.686+0000] {processor.py:183} INFO - Processing /home/deprojectue/miniconda3/envs/airflow_demo/lib/python3.9/site-packages/airflow/example_dags/example_params_ui_tutorial.py took 0.123 seconds
[2024-01-31T09:00:33.352+0000] {processor.py:161} INFO - Started process (PID=215949) to work on /home/deprojectue/miniconda3/envs/airflow_demo/lib/python3.9/site-packages/airflow/example_dags/example_params_ui_tutorial.py
[2024-01-31T09:00:33.355+0000] {processor.py:830} INFO - Processing file /home/deprojectue/miniconda3/envs/airflow_demo/lib/python3.9/site-packages/airflow/example_dags/example_params_ui_tutorial.py for tasks to queue
[2024-01-31T09:00:33.358+0000] {logging_mixin.py:188} INFO - [2024-01-31T09:00:33.358+0000] {dagbag.py:538} INFO - Filling up the DagBag from /home/deprojectue/miniconda3/envs/airflow_demo/lib/python3.9/site-packages/airflow/example_dags/example_params_ui_tutorial.py
[2024-01-31T09:00:33.376+0000] {processor.py:840} INFO - DAG(s) 'example_params_ui_tutorial' retrieved from /home/deprojectue/miniconda3/envs/airflow_demo/lib/python3.9/site-packages/airflow/example_dags/example_params_ui_tutorial.py
[2024-01-31T09:00:33.427+0000] {logging_mixin.py:188} INFO - [2024-01-31T09:00:33.427+0000] {dag.py:3033} INFO - Sync 1 DAGs
[2024-01-31T09:00:33.442+0000] {logging_mixin.py:188} INFO - [2024-01-31T09:00:33.442+0000] {dag.py:3820} INFO - Setting next_dagrun for example_params_ui_tutorial to None, run_after=None
[2024-01-31T09:00:33.467+0000] {processor.py:183} INFO - Processing /home/deprojectue/miniconda3/envs/airflow_demo/lib/python3.9/site-packages/airflow/example_dags/example_params_ui_tutorial.py took 0.120 seconds
[2024-01-31T09:01:31.201+0000] {processor.py:161} INFO - Started process (PID=216009) to work on /home/deprojectue/miniconda3/envs/airflow_demo/lib/python3.9/site-packages/airflow/example_dags/example_params_ui_tutorial.py
[2024-01-31T09:01:31.204+0000] {processor.py:830} INFO - Processing file /home/deprojectue/miniconda3/envs/airflow_demo/lib/python3.9/site-packages/airflow/example_dags/example_params_ui_tutorial.py for tasks to queue
[2024-01-31T09:01:31.207+0000] {logging_mixin.py:188} INFO - [2024-01-31T09:01:31.207+0000] {dagbag.py:538} INFO - Filling up the DagBag from /home/deprojectue/miniconda3/envs/airflow_demo/lib/python3.9/site-packages/airflow/example_dags/example_params_ui_tutorial.py
[2024-01-31T09:01:31.225+0000] {processor.py:840} INFO - DAG(s) 'example_params_ui_tutorial' retrieved from /home/deprojectue/miniconda3/envs/airflow_demo/lib/python3.9/site-packages/airflow/example_dags/example_params_ui_tutorial.py
[2024-01-31T09:01:31.276+0000] {logging_mixin.py:188} INFO - [2024-01-31T09:01:31.275+0000] {dag.py:3033} INFO - Sync 1 DAGs
[2024-01-31T09:01:31.289+0000] {logging_mixin.py:188} INFO - [2024-01-31T09:01:31.289+0000] {dag.py:3820} INFO - Setting next_dagrun for example_params_ui_tutorial to None, run_after=None
[2024-01-31T09:01:31.315+0000] {processor.py:183} INFO - Processing /home/deprojectue/miniconda3/envs/airflow_demo/lib/python3.9/site-packages/airflow/example_dags/example_params_ui_tutorial.py took 0.118 seconds
[2024-01-31T09:02:27.352+0000] {processor.py:161} INFO - Started process (PID=216070) to work on /home/deprojectue/miniconda3/envs/airflow_demo/lib/python3.9/site-packages/airflow/example_dags/example_params_ui_tutorial.py
[2024-01-31T09:02:27.354+0000] {processor.py:830} INFO - Processing file /home/deprojectue/miniconda3/envs/airflow_demo/lib/python3.9/site-packages/airflow/example_dags/example_params_ui_tutorial.py for tasks to queue
[2024-01-31T09:02:27.358+0000] {logging_mixin.py:188} INFO - [2024-01-31T09:02:27.357+0000] {dagbag.py:538} INFO - Filling up the DagBag from /home/deprojectue/miniconda3/envs/airflow_demo/lib/python3.9/site-packages/airflow/example_dags/example_params_ui_tutorial.py
[2024-01-31T09:02:27.376+0000] {processor.py:840} INFO - DAG(s) 'example_params_ui_tutorial' retrieved from /home/deprojectue/miniconda3/envs/airflow_demo/lib/python3.9/site-packages/airflow/example_dags/example_params_ui_tutorial.py
[2024-01-31T09:02:27.428+0000] {logging_mixin.py:188} INFO - [2024-01-31T09:02:27.427+0000] {dag.py:3033} INFO - Sync 1 DAGs
[2024-01-31T09:02:27.441+0000] {logging_mixin.py:188} INFO - [2024-01-31T09:02:27.441+0000] {dag.py:3820} INFO - Setting next_dagrun for example_params_ui_tutorial to None, run_after=None
[2024-01-31T09:02:27.465+0000] {processor.py:183} INFO - Processing /home/deprojectue/miniconda3/envs/airflow_demo/lib/python3.9/site-packages/airflow/example_dags/example_params_ui_tutorial.py took 0.118 seconds
[2024-01-31T09:03:22.033+0000] {processor.py:161} INFO - Started process (PID=216126) to work on /home/deprojectue/miniconda3/envs/airflow_demo/lib/python3.9/site-packages/airflow/example_dags/example_params_ui_tutorial.py
[2024-01-31T09:03:22.035+0000] {processor.py:830} INFO - Processing file /home/deprojectue/miniconda3/envs/airflow_demo/lib/python3.9/site-packages/airflow/example_dags/example_params_ui_tutorial.py for tasks to queue
[2024-01-31T09:03:22.039+0000] {logging_mixin.py:188} INFO - [2024-01-31T09:03:22.038+0000] {dagbag.py:538} INFO - Filling up the DagBag from /home/deprojectue/miniconda3/envs/airflow_demo/lib/python3.9/site-packages/airflow/example_dags/example_params_ui_tutorial.py
[2024-01-31T09:03:22.054+0000] {processor.py:840} INFO - DAG(s) 'example_params_ui_tutorial' retrieved from /home/deprojectue/miniconda3/envs/airflow_demo/lib/python3.9/site-packages/airflow/example_dags/example_params_ui_tutorial.py
[2024-01-31T09:03:22.105+0000] {logging_mixin.py:188} INFO - [2024-01-31T09:03:22.105+0000] {dag.py:3033} INFO - Sync 1 DAGs
[2024-01-31T09:03:22.118+0000] {logging_mixin.py:188} INFO - [2024-01-31T09:03:22.118+0000] {dag.py:3820} INFO - Setting next_dagrun for example_params_ui_tutorial to None, run_after=None
[2024-01-31T09:03:22.146+0000] {processor.py:183} INFO - Processing /home/deprojectue/miniconda3/envs/airflow_demo/lib/python3.9/site-packages/airflow/example_dags/example_params_ui_tutorial.py took 0.118 seconds
[2024-01-31T09:04:15.709+0000] {processor.py:161} INFO - Started process (PID=216183) to work on /home/deprojectue/miniconda3/envs/airflow_demo/lib/python3.9/site-packages/airflow/example_dags/example_params_ui_tutorial.py
[2024-01-31T09:04:15.711+0000] {processor.py:830} INFO - Processing file /home/deprojectue/miniconda3/envs/airflow_demo/lib/python3.9/site-packages/airflow/example_dags/example_params_ui_tutorial.py for tasks to queue
[2024-01-31T09:04:15.715+0000] {logging_mixin.py:188} INFO - [2024-01-31T09:04:15.714+0000] {dagbag.py:538} INFO - Filling up the DagBag from /home/deprojectue/miniconda3/envs/airflow_demo/lib/python3.9/site-packages/airflow/example_dags/example_params_ui_tutorial.py
[2024-01-31T09:04:15.731+0000] {processor.py:840} INFO - DAG(s) 'example_params_ui_tutorial' retrieved from /home/deprojectue/miniconda3/envs/airflow_demo/lib/python3.9/site-packages/airflow/example_dags/example_params_ui_tutorial.py
[2024-01-31T09:04:15.783+0000] {logging_mixin.py:188} INFO - [2024-01-31T09:04:15.782+0000] {dag.py:3033} INFO - Sync 1 DAGs
[2024-01-31T09:04:15.797+0000] {logging_mixin.py:188} INFO - [2024-01-31T09:04:15.796+0000] {dag.py:3820} INFO - Setting next_dagrun for example_params_ui_tutorial to None, run_after=None
[2024-01-31T09:04:15.823+0000] {processor.py:183} INFO - Processing /home/deprojectue/miniconda3/envs/airflow_demo/lib/python3.9/site-packages/airflow/example_dags/example_params_ui_tutorial.py took 0.118 seconds
[2024-01-31T09:05:12.545+0000] {processor.py:161} INFO - Started process (PID=216244) to work on /home/deprojectue/miniconda3/envs/airflow_demo/lib/python3.9/site-packages/airflow/example_dags/example_params_ui_tutorial.py
[2024-01-31T09:05:12.547+0000] {processor.py:830} INFO - Processing file /home/deprojectue/miniconda3/envs/airflow_demo/lib/python3.9/site-packages/airflow/example_dags/example_params_ui_tutorial.py for tasks to queue
[2024-01-31T09:05:12.551+0000] {logging_mixin.py:188} INFO - [2024-01-31T09:05:12.550+0000] {dagbag.py:538} INFO - Filling up the DagBag from /home/deprojectue/miniconda3/envs/airflow_demo/lib/python3.9/site-packages/airflow/example_dags/example_params_ui_tutorial.py
[2024-01-31T09:05:12.569+0000] {processor.py:840} INFO - DAG(s) 'example_params_ui_tutorial' retrieved from /home/deprojectue/miniconda3/envs/airflow_demo/lib/python3.9/site-packages/airflow/example_dags/example_params_ui_tutorial.py
[2024-01-31T09:05:12.628+0000] {logging_mixin.py:188} INFO - [2024-01-31T09:05:12.628+0000] {dag.py:3033} INFO - Sync 1 DAGs
[2024-01-31T09:05:12.641+0000] {logging_mixin.py:188} INFO - [2024-01-31T09:05:12.641+0000] {dag.py:3820} INFO - Setting next_dagrun for example_params_ui_tutorial to None, run_after=None
[2024-01-31T09:05:12.668+0000] {processor.py:183} INFO - Processing /home/deprojectue/miniconda3/envs/airflow_demo/lib/python3.9/site-packages/airflow/example_dags/example_params_ui_tutorial.py took 0.129 seconds
[2024-01-31T09:35:50.960+0000] {processor.py:161} INFO - Started process (PID=216890) to work on /home/deprojectue/miniconda3/envs/airflow_demo/lib/python3.9/site-packages/airflow/example_dags/example_params_ui_tutorial.py
[2024-01-31T09:35:50.963+0000] {processor.py:830} INFO - Processing file /home/deprojectue/miniconda3/envs/airflow_demo/lib/python3.9/site-packages/airflow/example_dags/example_params_ui_tutorial.py for tasks to queue
[2024-01-31T09:35:50.966+0000] {logging_mixin.py:188} INFO - [2024-01-31T09:35:50.966+0000] {dagbag.py:538} INFO - Filling up the DagBag from /home/deprojectue/miniconda3/envs/airflow_demo/lib/python3.9/site-packages/airflow/example_dags/example_params_ui_tutorial.py
[2024-01-31T09:35:50.986+0000] {processor.py:840} INFO - DAG(s) 'example_params_ui_tutorial' retrieved from /home/deprojectue/miniconda3/envs/airflow_demo/lib/python3.9/site-packages/airflow/example_dags/example_params_ui_tutorial.py
[2024-01-31T09:35:51.283+0000] {logging_mixin.py:188} INFO - [2024-01-31T09:35:51.272+0000] {override.py:1769} INFO - Created Permission View: can edit on DAG:example_params_ui_tutorial
[2024-01-31T09:35:51.301+0000] {logging_mixin.py:188} INFO - [2024-01-31T09:35:51.300+0000] {override.py:1769} INFO - Created Permission View: can read on DAG:example_params_ui_tutorial
[2024-01-31T09:35:51.323+0000] {logging_mixin.py:188} INFO - [2024-01-31T09:35:51.319+0000] {override.py:1769} INFO - Created Permission View: can delete on DAG:example_params_ui_tutorial
[2024-01-31T09:35:51.325+0000] {logging_mixin.py:188} INFO - [2024-01-31T09:35:51.324+0000] {dag.py:3033} INFO - Sync 1 DAGs
[2024-01-31T09:35:51.346+0000] {logging_mixin.py:188} INFO - [2024-01-31T09:35:51.345+0000] {dag.py:3055} INFO - Creating ORM DAG for example_params_ui_tutorial
[2024-01-31T09:35:51.348+0000] {logging_mixin.py:188} INFO - [2024-01-31T09:35:51.348+0000] {dag.py:3820} INFO - Setting next_dagrun for example_params_ui_tutorial to None, run_after=None
[2024-01-31T09:35:51.401+0000] {processor.py:183} INFO - Processing /home/deprojectue/miniconda3/envs/airflow_demo/lib/python3.9/site-packages/airflow/example_dags/example_params_ui_tutorial.py took 0.445 seconds
[2024-01-31T09:36:50.598+0000] {processor.py:161} INFO - Started process (PID=216946) to work on /home/deprojectue/miniconda3/envs/airflow_demo/lib/python3.9/site-packages/airflow/example_dags/example_params_ui_tutorial.py
[2024-01-31T09:36:50.601+0000] {processor.py:830} INFO - Processing file /home/deprojectue/miniconda3/envs/airflow_demo/lib/python3.9/site-packages/airflow/example_dags/example_params_ui_tutorial.py for tasks to queue
[2024-01-31T09:36:50.604+0000] {logging_mixin.py:188} INFO - [2024-01-31T09:36:50.604+0000] {dagbag.py:538} INFO - Filling up the DagBag from /home/deprojectue/miniconda3/envs/airflow_demo/lib/python3.9/site-packages/airflow/example_dags/example_params_ui_tutorial.py
[2024-01-31T09:36:50.620+0000] {processor.py:840} INFO - DAG(s) 'example_params_ui_tutorial' retrieved from /home/deprojectue/miniconda3/envs/airflow_demo/lib/python3.9/site-packages/airflow/example_dags/example_params_ui_tutorial.py
[2024-01-31T09:36:50.671+0000] {logging_mixin.py:188} INFO - [2024-01-31T09:36:50.670+0000] {dag.py:3033} INFO - Sync 1 DAGs
[2024-01-31T09:36:50.688+0000] {logging_mixin.py:188} INFO - [2024-01-31T09:36:50.688+0000] {dag.py:3820} INFO - Setting next_dagrun for example_params_ui_tutorial to None, run_after=None
[2024-01-31T09:36:50.736+0000] {processor.py:183} INFO - Processing /home/deprojectue/miniconda3/envs/airflow_demo/lib/python3.9/site-packages/airflow/example_dags/example_params_ui_tutorial.py took 0.142 seconds
