[2024-01-31T02:07:26.002+0000] {processor.py:161} INFO - Started process (PID=210206) to work on /home/deprojectue/miniconda3/envs/airflow_demo/lib/python3.9/site-packages/airflow/example_dags/example_sensor_decorator.py
[2024-01-31T02:07:26.003+0000] {processor.py:830} INFO - Processing file /home/deprojectue/miniconda3/envs/airflow_demo/lib/python3.9/site-packages/airflow/example_dags/example_sensor_decorator.py for tasks to queue
[2024-01-31T02:07:26.004+0000] {logging_mixin.py:188} INFO - [2024-01-31T02:07:26.004+0000] {dagbag.py:538} INFO - Filling up the DagBag from /home/deprojectue/miniconda3/envs/airflow_demo/lib/python3.9/site-packages/airflow/example_dags/example_sensor_decorator.py
[2024-01-31T02:07:26.015+0000] {processor.py:840} INFO - DAG(s) 'example_sensor_decorator' retrieved from /home/deprojectue/miniconda3/envs/airflow_demo/lib/python3.9/site-packages/airflow/example_dags/example_sensor_decorator.py
[2024-01-31T02:07:26.131+0000] {logging_mixin.py:188} INFO - [2024-01-31T02:07:26.131+0000] {override.py:1769} INFO - Created Permission View: can read on DAG:example_sensor_decorator
[2024-01-31T02:07:26.144+0000] {logging_mixin.py:188} INFO - [2024-01-31T02:07:26.144+0000] {override.py:1769} INFO - Created Permission View: can delete on DAG:example_sensor_decorator
[2024-01-31T02:07:26.156+0000] {logging_mixin.py:188} INFO - [2024-01-31T02:07:26.156+0000] {override.py:1769} INFO - Created Permission View: can edit on DAG:example_sensor_decorator
[2024-01-31T02:07:26.157+0000] {logging_mixin.py:188} INFO - [2024-01-31T02:07:26.156+0000] {dag.py:3033} INFO - Sync 1 DAGs
[2024-01-31T02:07:26.168+0000] {logging_mixin.py:188} INFO - [2024-01-31T02:07:26.168+0000] {dag.py:3055} INFO - Creating ORM DAG for example_sensor_decorator
[2024-01-31T02:07:26.169+0000] {logging_mixin.py:188} INFO - [2024-01-31T02:07:26.169+0000] {dag.py:3820} INFO - Setting next_dagrun for example_sensor_decorator to None, run_after=None
[2024-01-31T02:07:26.194+0000] {processor.py:183} INFO - Processing /home/deprojectue/miniconda3/envs/airflow_demo/lib/python3.9/site-packages/airflow/example_dags/example_sensor_decorator.py took 0.196 seconds
[2024-01-31T02:09:00.778+0000] {processor.py:161} INFO - Started process (PID=210670) to work on /home/deprojectue/miniconda3/envs/airflow_demo/lib/python3.9/site-packages/airflow/example_dags/example_sensor_decorator.py
[2024-01-31T02:09:00.780+0000] {processor.py:830} INFO - Processing file /home/deprojectue/miniconda3/envs/airflow_demo/lib/python3.9/site-packages/airflow/example_dags/example_sensor_decorator.py for tasks to queue
[2024-01-31T02:09:00.781+0000] {logging_mixin.py:188} INFO - [2024-01-31T02:09:00.780+0000] {dagbag.py:538} INFO - Filling up the DagBag from /home/deprojectue/miniconda3/envs/airflow_demo/lib/python3.9/site-packages/airflow/example_dags/example_sensor_decorator.py
[2024-01-31T02:09:00.792+0000] {processor.py:840} INFO - DAG(s) 'example_sensor_decorator' retrieved from /home/deprojectue/miniconda3/envs/airflow_demo/lib/python3.9/site-packages/airflow/example_dags/example_sensor_decorator.py
[2024-01-31T02:09:00.817+0000] {logging_mixin.py:188} INFO - [2024-01-31T02:09:00.816+0000] {dag.py:3033} INFO - Sync 1 DAGs
[2024-01-31T02:09:00.831+0000] {logging_mixin.py:188} INFO - [2024-01-31T02:09:00.831+0000] {dag.py:3820} INFO - Setting next_dagrun for example_sensor_decorator to None, run_after=None
[2024-01-31T02:09:00.856+0000] {processor.py:183} INFO - Processing /home/deprojectue/miniconda3/envs/airflow_demo/lib/python3.9/site-packages/airflow/example_dags/example_sensor_decorator.py took 0.082 seconds
[2024-01-31T02:09:54.626+0000] {processor.py:161} INFO - Started process (PID=210954) to work on /home/deprojectue/miniconda3/envs/airflow_demo/lib/python3.9/site-packages/airflow/example_dags/example_sensor_decorator.py
[2024-01-31T02:09:54.628+0000] {processor.py:830} INFO - Processing file /home/deprojectue/miniconda3/envs/airflow_demo/lib/python3.9/site-packages/airflow/example_dags/example_sensor_decorator.py for tasks to queue
[2024-01-31T02:09:54.630+0000] {logging_mixin.py:188} INFO - [2024-01-31T02:09:54.629+0000] {dagbag.py:538} INFO - Filling up the DagBag from /home/deprojectue/miniconda3/envs/airflow_demo/lib/python3.9/site-packages/airflow/example_dags/example_sensor_decorator.py
[2024-01-31T02:09:54.639+0000] {processor.py:840} INFO - DAG(s) 'example_sensor_decorator' retrieved from /home/deprojectue/miniconda3/envs/airflow_demo/lib/python3.9/site-packages/airflow/example_dags/example_sensor_decorator.py
[2024-01-31T02:09:54.661+0000] {logging_mixin.py:188} INFO - [2024-01-31T02:09:54.660+0000] {dag.py:3033} INFO - Sync 1 DAGs
[2024-01-31T02:09:54.675+0000] {logging_mixin.py:188} INFO - [2024-01-31T02:09:54.674+0000] {dag.py:3820} INFO - Setting next_dagrun for example_sensor_decorator to None, run_after=None
[2024-01-31T02:09:54.703+0000] {processor.py:183} INFO - Processing /home/deprojectue/miniconda3/envs/airflow_demo/lib/python3.9/site-packages/airflow/example_dags/example_sensor_decorator.py took 0.080 seconds
[2024-01-31T02:12:43.839+0000] {processor.py:161} INFO - Started process (PID=211040) to work on /home/deprojectue/miniconda3/envs/airflow_demo/lib/python3.9/site-packages/airflow/example_dags/example_sensor_decorator.py
[2024-01-31T02:12:43.841+0000] {processor.py:830} INFO - Processing file /home/deprojectue/miniconda3/envs/airflow_demo/lib/python3.9/site-packages/airflow/example_dags/example_sensor_decorator.py for tasks to queue
[2024-01-31T02:12:43.844+0000] {logging_mixin.py:188} INFO - [2024-01-31T02:12:43.844+0000] {dagbag.py:538} INFO - Filling up the DagBag from /home/deprojectue/miniconda3/envs/airflow_demo/lib/python3.9/site-packages/airflow/example_dags/example_sensor_decorator.py
[2024-01-31T02:12:43.855+0000] {processor.py:840} INFO - DAG(s) 'example_sensor_decorator' retrieved from /home/deprojectue/miniconda3/envs/airflow_demo/lib/python3.9/site-packages/airflow/example_dags/example_sensor_decorator.py
[2024-01-31T02:12:43.880+0000] {logging_mixin.py:188} INFO - [2024-01-31T02:12:43.879+0000] {dag.py:3033} INFO - Sync 1 DAGs
[2024-01-31T02:12:43.893+0000] {logging_mixin.py:188} INFO - [2024-01-31T02:12:43.893+0000] {dag.py:3820} INFO - Setting next_dagrun for example_sensor_decorator to None, run_after=None
[2024-01-31T02:12:43.921+0000] {processor.py:183} INFO - Processing /home/deprojectue/miniconda3/envs/airflow_demo/lib/python3.9/site-packages/airflow/example_dags/example_sensor_decorator.py took 0.086 seconds
[2024-01-31T02:13:32.791+0000] {processor.py:161} INFO - Started process (PID=211096) to work on /home/deprojectue/miniconda3/envs/airflow_demo/lib/python3.9/site-packages/airflow/example_dags/example_sensor_decorator.py
[2024-01-31T02:13:32.792+0000] {processor.py:830} INFO - Processing file /home/deprojectue/miniconda3/envs/airflow_demo/lib/python3.9/site-packages/airflow/example_dags/example_sensor_decorator.py for tasks to queue
[2024-01-31T02:13:32.796+0000] {logging_mixin.py:188} INFO - [2024-01-31T02:13:32.795+0000] {dagbag.py:538} INFO - Filling up the DagBag from /home/deprojectue/miniconda3/envs/airflow_demo/lib/python3.9/site-packages/airflow/example_dags/example_sensor_decorator.py
[2024-01-31T02:13:32.804+0000] {processor.py:840} INFO - DAG(s) 'example_sensor_decorator' retrieved from /home/deprojectue/miniconda3/envs/airflow_demo/lib/python3.9/site-packages/airflow/example_dags/example_sensor_decorator.py
[2024-01-31T02:13:32.824+0000] {logging_mixin.py:188} INFO - [2024-01-31T02:13:32.823+0000] {dag.py:3033} INFO - Sync 1 DAGs
[2024-01-31T02:13:32.837+0000] {logging_mixin.py:188} INFO - [2024-01-31T02:13:32.836+0000] {dag.py:3820} INFO - Setting next_dagrun for example_sensor_decorator to None, run_after=None
[2024-01-31T02:13:32.861+0000] {processor.py:183} INFO - Processing /home/deprojectue/miniconda3/envs/airflow_demo/lib/python3.9/site-packages/airflow/example_dags/example_sensor_decorator.py took 0.075 seconds
[2024-01-31T02:14:23.511+0000] {processor.py:161} INFO - Started process (PID=211148) to work on /home/deprojectue/miniconda3/envs/airflow_demo/lib/python3.9/site-packages/airflow/example_dags/example_sensor_decorator.py
[2024-01-31T02:14:23.513+0000] {processor.py:830} INFO - Processing file /home/deprojectue/miniconda3/envs/airflow_demo/lib/python3.9/site-packages/airflow/example_dags/example_sensor_decorator.py for tasks to queue
[2024-01-31T02:14:23.517+0000] {logging_mixin.py:188} INFO - [2024-01-31T02:14:23.516+0000] {dagbag.py:538} INFO - Filling up the DagBag from /home/deprojectue/miniconda3/envs/airflow_demo/lib/python3.9/site-packages/airflow/example_dags/example_sensor_decorator.py
[2024-01-31T02:14:23.526+0000] {processor.py:840} INFO - DAG(s) 'example_sensor_decorator' retrieved from /home/deprojectue/miniconda3/envs/airflow_demo/lib/python3.9/site-packages/airflow/example_dags/example_sensor_decorator.py
[2024-01-31T02:14:23.546+0000] {logging_mixin.py:188} INFO - [2024-01-31T02:14:23.546+0000] {dag.py:3033} INFO - Sync 1 DAGs
[2024-01-31T02:14:23.560+0000] {logging_mixin.py:188} INFO - [2024-01-31T02:14:23.559+0000] {dag.py:3820} INFO - Setting next_dagrun for example_sensor_decorator to None, run_after=None
[2024-01-31T02:14:23.585+0000] {processor.py:183} INFO - Processing /home/deprojectue/miniconda3/envs/airflow_demo/lib/python3.9/site-packages/airflow/example_dags/example_sensor_decorator.py took 0.078 seconds
[2024-01-31T02:21:42.026+0000] {processor.py:161} INFO - Started process (PID=211300) to work on /home/deprojectue/miniconda3/envs/airflow_demo/lib/python3.9/site-packages/airflow/example_dags/example_sensor_decorator.py
[2024-01-31T02:21:42.029+0000] {processor.py:830} INFO - Processing file /home/deprojectue/miniconda3/envs/airflow_demo/lib/python3.9/site-packages/airflow/example_dags/example_sensor_decorator.py for tasks to queue
[2024-01-31T02:21:42.032+0000] {logging_mixin.py:188} INFO - [2024-01-31T02:21:42.032+0000] {dagbag.py:538} INFO - Filling up the DagBag from /home/deprojectue/miniconda3/envs/airflow_demo/lib/python3.9/site-packages/airflow/example_dags/example_sensor_decorator.py
[2024-01-31T02:21:42.046+0000] {processor.py:840} INFO - DAG(s) 'example_sensor_decorator' retrieved from /home/deprojectue/miniconda3/envs/airflow_demo/lib/python3.9/site-packages/airflow/example_dags/example_sensor_decorator.py
[2024-01-31T02:21:42.071+0000] {logging_mixin.py:188} INFO - [2024-01-31T02:21:42.070+0000] {dag.py:3033} INFO - Sync 1 DAGs
[2024-01-31T02:21:42.084+0000] {logging_mixin.py:188} INFO - [2024-01-31T02:21:42.084+0000] {dag.py:3820} INFO - Setting next_dagrun for example_sensor_decorator to None, run_after=None
[2024-01-31T02:21:42.112+0000] {processor.py:183} INFO - Processing /home/deprojectue/miniconda3/envs/airflow_demo/lib/python3.9/site-packages/airflow/example_dags/example_sensor_decorator.py took 0.090 seconds
[2024-01-31T02:22:32.716+0000] {processor.py:161} INFO - Started process (PID=211350) to work on /home/deprojectue/miniconda3/envs/airflow_demo/lib/python3.9/site-packages/airflow/example_dags/example_sensor_decorator.py
[2024-01-31T02:22:32.725+0000] {processor.py:830} INFO - Processing file /home/deprojectue/miniconda3/envs/airflow_demo/lib/python3.9/site-packages/airflow/example_dags/example_sensor_decorator.py for tasks to queue
[2024-01-31T02:22:32.737+0000] {logging_mixin.py:188} INFO - [2024-01-31T02:22:32.736+0000] {dagbag.py:538} INFO - Filling up the DagBag from /home/deprojectue/miniconda3/envs/airflow_demo/lib/python3.9/site-packages/airflow/example_dags/example_sensor_decorator.py
[2024-01-31T02:22:32.747+0000] {processor.py:840} INFO - DAG(s) 'example_sensor_decorator' retrieved from /home/deprojectue/miniconda3/envs/airflow_demo/lib/python3.9/site-packages/airflow/example_dags/example_sensor_decorator.py
[2024-01-31T02:22:32.851+0000] {logging_mixin.py:188} INFO - [2024-01-31T02:22:32.850+0000] {dag.py:3033} INFO - Sync 1 DAGs
[2024-01-31T02:22:32.900+0000] {logging_mixin.py:188} INFO - [2024-01-31T02:22:32.899+0000] {dag.py:3820} INFO - Setting next_dagrun for example_sensor_decorator to None, run_after=None
[2024-01-31T02:22:32.962+0000] {processor.py:183} INFO - Processing /home/deprojectue/miniconda3/envs/airflow_demo/lib/python3.9/site-packages/airflow/example_dags/example_sensor_decorator.py took 0.267 seconds
[2024-01-31T08:24:12.828+0000] {processor.py:161} INFO - Started process (PID=214033) to work on /home/deprojectue/miniconda3/envs/airflow_demo/lib/python3.9/site-packages/airflow/example_dags/example_sensor_decorator.py
[2024-01-31T08:24:12.829+0000] {processor.py:830} INFO - Processing file /home/deprojectue/miniconda3/envs/airflow_demo/lib/python3.9/site-packages/airflow/example_dags/example_sensor_decorator.py for tasks to queue
[2024-01-31T08:24:12.833+0000] {logging_mixin.py:188} INFO - [2024-01-31T08:24:12.832+0000] {dagbag.py:538} INFO - Filling up the DagBag from /home/deprojectue/miniconda3/envs/airflow_demo/lib/python3.9/site-packages/airflow/example_dags/example_sensor_decorator.py
[2024-01-31T08:24:12.844+0000] {processor.py:840} INFO - DAG(s) 'example_sensor_decorator' retrieved from /home/deprojectue/miniconda3/envs/airflow_demo/lib/python3.9/site-packages/airflow/example_dags/example_sensor_decorator.py
[2024-01-31T08:24:12.868+0000] {logging_mixin.py:188} INFO - [2024-01-31T08:24:12.867+0000] {dag.py:3033} INFO - Sync 1 DAGs
[2024-01-31T08:24:12.881+0000] {logging_mixin.py:188} INFO - [2024-01-31T08:24:12.880+0000] {dag.py:3820} INFO - Setting next_dagrun for example_sensor_decorator to None, run_after=None
[2024-01-31T08:24:12.908+0000] {processor.py:183} INFO - Processing /home/deprojectue/miniconda3/envs/airflow_demo/lib/python3.9/site-packages/airflow/example_dags/example_sensor_decorator.py took 0.084 seconds
[2024-01-31T08:25:10.259+0000] {processor.py:161} INFO - Started process (PID=214092) to work on /home/deprojectue/miniconda3/envs/airflow_demo/lib/python3.9/site-packages/airflow/example_dags/example_sensor_decorator.py
[2024-01-31T08:25:10.261+0000] {processor.py:830} INFO - Processing file /home/deprojectue/miniconda3/envs/airflow_demo/lib/python3.9/site-packages/airflow/example_dags/example_sensor_decorator.py for tasks to queue
[2024-01-31T08:25:10.264+0000] {logging_mixin.py:188} INFO - [2024-01-31T08:25:10.264+0000] {dagbag.py:538} INFO - Filling up the DagBag from /home/deprojectue/miniconda3/envs/airflow_demo/lib/python3.9/site-packages/airflow/example_dags/example_sensor_decorator.py
[2024-01-31T08:25:10.273+0000] {processor.py:840} INFO - DAG(s) 'example_sensor_decorator' retrieved from /home/deprojectue/miniconda3/envs/airflow_demo/lib/python3.9/site-packages/airflow/example_dags/example_sensor_decorator.py
[2024-01-31T08:25:10.294+0000] {logging_mixin.py:188} INFO - [2024-01-31T08:25:10.293+0000] {dag.py:3033} INFO - Sync 1 DAGs
[2024-01-31T08:25:10.307+0000] {logging_mixin.py:188} INFO - [2024-01-31T08:25:10.307+0000] {dag.py:3820} INFO - Setting next_dagrun for example_sensor_decorator to None, run_after=None
[2024-01-31T08:25:10.333+0000] {processor.py:183} INFO - Processing /home/deprojectue/miniconda3/envs/airflow_demo/lib/python3.9/site-packages/airflow/example_dags/example_sensor_decorator.py took 0.079 seconds
[2024-01-31T08:25:56.654+0000] {processor.py:161} INFO - Started process (PID=214504) to work on /home/deprojectue/miniconda3/envs/airflow_demo/lib/python3.9/site-packages/airflow/example_dags/example_sensor_decorator.py
[2024-01-31T08:25:56.657+0000] {processor.py:830} INFO - Processing file /home/deprojectue/miniconda3/envs/airflow_demo/lib/python3.9/site-packages/airflow/example_dags/example_sensor_decorator.py for tasks to queue
[2024-01-31T08:25:56.662+0000] {logging_mixin.py:188} INFO - [2024-01-31T08:25:56.661+0000] {dagbag.py:538} INFO - Filling up the DagBag from /home/deprojectue/miniconda3/envs/airflow_demo/lib/python3.9/site-packages/airflow/example_dags/example_sensor_decorator.py
[2024-01-31T08:25:56.691+0000] {processor.py:840} INFO - DAG(s) 'example_sensor_decorator' retrieved from /home/deprojectue/miniconda3/envs/airflow_demo/lib/python3.9/site-packages/airflow/example_dags/example_sensor_decorator.py
[2024-01-31T08:25:56.762+0000] {logging_mixin.py:188} INFO - [2024-01-31T08:25:56.761+0000] {dag.py:3033} INFO - Sync 1 DAGs
[2024-01-31T08:25:56.790+0000] {logging_mixin.py:188} INFO - [2024-01-31T08:25:56.790+0000] {dag.py:3820} INFO - Setting next_dagrun for example_sensor_decorator to None, run_after=None
[2024-01-31T08:25:56.827+0000] {processor.py:183} INFO - Processing /home/deprojectue/miniconda3/envs/airflow_demo/lib/python3.9/site-packages/airflow/example_dags/example_sensor_decorator.py took 0.181 seconds
[2024-01-31T08:30:11.222+0000] {processor.py:161} INFO - Started process (PID=214947) to work on /home/deprojectue/miniconda3/envs/airflow_demo/lib/python3.9/site-packages/airflow/example_dags/example_sensor_decorator.py
[2024-01-31T08:30:11.243+0000] {processor.py:830} INFO - Processing file /home/deprojectue/miniconda3/envs/airflow_demo/lib/python3.9/site-packages/airflow/example_dags/example_sensor_decorator.py for tasks to queue
[2024-01-31T08:30:11.251+0000] {logging_mixin.py:188} INFO - [2024-01-31T08:30:11.244+0000] {dagbag.py:538} INFO - Filling up the DagBag from /home/deprojectue/miniconda3/envs/airflow_demo/lib/python3.9/site-packages/airflow/example_dags/example_sensor_decorator.py
[2024-01-31T08:30:11.474+0000] {processor.py:840} INFO - DAG(s) 'example_sensor_decorator' retrieved from /home/deprojectue/miniconda3/envs/airflow_demo/lib/python3.9/site-packages/airflow/example_dags/example_sensor_decorator.py
[2024-01-31T08:30:12.011+0000] {logging_mixin.py:188} INFO - [2024-01-31T08:30:12.002+0000] {dag.py:3033} INFO - Sync 1 DAGs
[2024-01-31T08:30:12.488+0000] {logging_mixin.py:188} INFO - [2024-01-31T08:30:12.272+0000] {dag.py:3820} INFO - Setting next_dagrun for example_sensor_decorator to None, run_after=None
[2024-01-31T08:30:13.016+0000] {processor.py:183} INFO - Processing /home/deprojectue/miniconda3/envs/airflow_demo/lib/python3.9/site-packages/airflow/example_dags/example_sensor_decorator.py took 2.000 seconds
[2024-01-31T08:51:53.728+0000] {processor.py:161} INFO - Started process (PID=215373) to work on /home/deprojectue/miniconda3/envs/airflow_demo/lib/python3.9/site-packages/airflow/example_dags/example_sensor_decorator.py
[2024-01-31T08:51:53.731+0000] {processor.py:830} INFO - Processing file /home/deprojectue/miniconda3/envs/airflow_demo/lib/python3.9/site-packages/airflow/example_dags/example_sensor_decorator.py for tasks to queue
[2024-01-31T08:51:53.734+0000] {logging_mixin.py:188} INFO - [2024-01-31T08:51:53.734+0000] {dagbag.py:538} INFO - Filling up the DagBag from /home/deprojectue/miniconda3/envs/airflow_demo/lib/python3.9/site-packages/airflow/example_dags/example_sensor_decorator.py
[2024-01-31T08:51:53.744+0000] {processor.py:840} INFO - DAG(s) 'example_sensor_decorator' retrieved from /home/deprojectue/miniconda3/envs/airflow_demo/lib/python3.9/site-packages/airflow/example_dags/example_sensor_decorator.py
[2024-01-31T08:51:53.772+0000] {logging_mixin.py:188} INFO - [2024-01-31T08:51:53.771+0000] {dag.py:3033} INFO - Sync 1 DAGs
[2024-01-31T08:51:53.785+0000] {logging_mixin.py:188} INFO - [2024-01-31T08:51:53.785+0000] {dag.py:3820} INFO - Setting next_dagrun for example_sensor_decorator to None, run_after=None
[2024-01-31T08:51:53.811+0000] {processor.py:183} INFO - Processing /home/deprojectue/miniconda3/envs/airflow_demo/lib/python3.9/site-packages/airflow/example_dags/example_sensor_decorator.py took 0.088 seconds
[2024-01-31T08:52:43.388+0000] {processor.py:161} INFO - Started process (PID=215424) to work on /home/deprojectue/miniconda3/envs/airflow_demo/lib/python3.9/site-packages/airflow/example_dags/example_sensor_decorator.py
[2024-01-31T08:52:43.389+0000] {processor.py:830} INFO - Processing file /home/deprojectue/miniconda3/envs/airflow_demo/lib/python3.9/site-packages/airflow/example_dags/example_sensor_decorator.py for tasks to queue
[2024-01-31T08:52:43.393+0000] {logging_mixin.py:188} INFO - [2024-01-31T08:52:43.392+0000] {dagbag.py:538} INFO - Filling up the DagBag from /home/deprojectue/miniconda3/envs/airflow_demo/lib/python3.9/site-packages/airflow/example_dags/example_sensor_decorator.py
[2024-01-31T08:52:43.401+0000] {processor.py:840} INFO - DAG(s) 'example_sensor_decorator' retrieved from /home/deprojectue/miniconda3/envs/airflow_demo/lib/python3.9/site-packages/airflow/example_dags/example_sensor_decorator.py
[2024-01-31T08:52:43.422+0000] {logging_mixin.py:188} INFO - [2024-01-31T08:52:43.421+0000] {dag.py:3033} INFO - Sync 1 DAGs
[2024-01-31T08:52:43.434+0000] {logging_mixin.py:188} INFO - [2024-01-31T08:52:43.434+0000] {dag.py:3820} INFO - Setting next_dagrun for example_sensor_decorator to None, run_after=None
[2024-01-31T08:52:43.457+0000] {processor.py:183} INFO - Processing /home/deprojectue/miniconda3/envs/airflow_demo/lib/python3.9/site-packages/airflow/example_dags/example_sensor_decorator.py took 0.074 seconds
[2024-01-31T08:53:33.767+0000] {processor.py:161} INFO - Started process (PID=215476) to work on /home/deprojectue/miniconda3/envs/airflow_demo/lib/python3.9/site-packages/airflow/example_dags/example_sensor_decorator.py
[2024-01-31T08:53:33.769+0000] {processor.py:830} INFO - Processing file /home/deprojectue/miniconda3/envs/airflow_demo/lib/python3.9/site-packages/airflow/example_dags/example_sensor_decorator.py for tasks to queue
[2024-01-31T08:53:33.773+0000] {logging_mixin.py:188} INFO - [2024-01-31T08:53:33.772+0000] {dagbag.py:538} INFO - Filling up the DagBag from /home/deprojectue/miniconda3/envs/airflow_demo/lib/python3.9/site-packages/airflow/example_dags/example_sensor_decorator.py
[2024-01-31T08:53:33.783+0000] {processor.py:840} INFO - DAG(s) 'example_sensor_decorator' retrieved from /home/deprojectue/miniconda3/envs/airflow_demo/lib/python3.9/site-packages/airflow/example_dags/example_sensor_decorator.py
[2024-01-31T08:53:33.805+0000] {logging_mixin.py:188} INFO - [2024-01-31T08:53:33.804+0000] {dag.py:3033} INFO - Sync 1 DAGs
[2024-01-31T08:53:33.819+0000] {logging_mixin.py:188} INFO - [2024-01-31T08:53:33.819+0000] {dag.py:3820} INFO - Setting next_dagrun for example_sensor_decorator to None, run_after=None
[2024-01-31T08:53:33.847+0000] {processor.py:183} INFO - Processing /home/deprojectue/miniconda3/envs/airflow_demo/lib/python3.9/site-packages/airflow/example_dags/example_sensor_decorator.py took 0.085 seconds
[2024-01-31T08:54:16.116+0000] {processor.py:161} INFO - Started process (PID=215518) to work on /home/deprojectue/miniconda3/envs/airflow_demo/lib/python3.9/site-packages/airflow/example_dags/example_sensor_decorator.py
[2024-01-31T08:54:16.118+0000] {processor.py:830} INFO - Processing file /home/deprojectue/miniconda3/envs/airflow_demo/lib/python3.9/site-packages/airflow/example_dags/example_sensor_decorator.py for tasks to queue
[2024-01-31T08:54:16.121+0000] {logging_mixin.py:188} INFO - [2024-01-31T08:54:16.121+0000] {dagbag.py:538} INFO - Filling up the DagBag from /home/deprojectue/miniconda3/envs/airflow_demo/lib/python3.9/site-packages/airflow/example_dags/example_sensor_decorator.py
[2024-01-31T08:54:16.130+0000] {processor.py:840} INFO - DAG(s) 'example_sensor_decorator' retrieved from /home/deprojectue/miniconda3/envs/airflow_demo/lib/python3.9/site-packages/airflow/example_dags/example_sensor_decorator.py
[2024-01-31T08:54:16.150+0000] {logging_mixin.py:188} INFO - [2024-01-31T08:54:16.150+0000] {dag.py:3033} INFO - Sync 1 DAGs
[2024-01-31T08:54:16.163+0000] {logging_mixin.py:188} INFO - [2024-01-31T08:54:16.163+0000] {dag.py:3820} INFO - Setting next_dagrun for example_sensor_decorator to None, run_after=None
[2024-01-31T08:54:16.187+0000] {processor.py:183} INFO - Processing /home/deprojectue/miniconda3/envs/airflow_demo/lib/python3.9/site-packages/airflow/example_dags/example_sensor_decorator.py took 0.076 seconds
[2024-01-31T08:54:57.062+0000] {processor.py:161} INFO - Started process (PID=215562) to work on /home/deprojectue/miniconda3/envs/airflow_demo/lib/python3.9/site-packages/airflow/example_dags/example_sensor_decorator.py
[2024-01-31T08:54:57.063+0000] {processor.py:830} INFO - Processing file /home/deprojectue/miniconda3/envs/airflow_demo/lib/python3.9/site-packages/airflow/example_dags/example_sensor_decorator.py for tasks to queue
[2024-01-31T08:54:57.067+0000] {logging_mixin.py:188} INFO - [2024-01-31T08:54:57.066+0000] {dagbag.py:538} INFO - Filling up the DagBag from /home/deprojectue/miniconda3/envs/airflow_demo/lib/python3.9/site-packages/airflow/example_dags/example_sensor_decorator.py
[2024-01-31T08:54:57.076+0000] {processor.py:840} INFO - DAG(s) 'example_sensor_decorator' retrieved from /home/deprojectue/miniconda3/envs/airflow_demo/lib/python3.9/site-packages/airflow/example_dags/example_sensor_decorator.py
[2024-01-31T08:54:57.096+0000] {logging_mixin.py:188} INFO - [2024-01-31T08:54:57.095+0000] {dag.py:3033} INFO - Sync 1 DAGs
[2024-01-31T08:54:57.110+0000] {logging_mixin.py:188} INFO - [2024-01-31T08:54:57.109+0000] {dag.py:3820} INFO - Setting next_dagrun for example_sensor_decorator to None, run_after=None
[2024-01-31T08:54:57.134+0000] {processor.py:183} INFO - Processing /home/deprojectue/miniconda3/envs/airflow_demo/lib/python3.9/site-packages/airflow/example_dags/example_sensor_decorator.py took 0.076 seconds
[2024-01-31T08:55:37.400+0000] {processor.py:161} INFO - Started process (PID=215604) to work on /home/deprojectue/miniconda3/envs/airflow_demo/lib/python3.9/site-packages/airflow/example_dags/example_sensor_decorator.py
[2024-01-31T08:55:37.402+0000] {processor.py:830} INFO - Processing file /home/deprojectue/miniconda3/envs/airflow_demo/lib/python3.9/site-packages/airflow/example_dags/example_sensor_decorator.py for tasks to queue
[2024-01-31T08:55:37.405+0000] {logging_mixin.py:188} INFO - [2024-01-31T08:55:37.404+0000] {dagbag.py:538} INFO - Filling up the DagBag from /home/deprojectue/miniconda3/envs/airflow_demo/lib/python3.9/site-packages/airflow/example_dags/example_sensor_decorator.py
[2024-01-31T08:55:37.414+0000] {processor.py:840} INFO - DAG(s) 'example_sensor_decorator' retrieved from /home/deprojectue/miniconda3/envs/airflow_demo/lib/python3.9/site-packages/airflow/example_dags/example_sensor_decorator.py
[2024-01-31T08:55:37.436+0000] {logging_mixin.py:188} INFO - [2024-01-31T08:55:37.435+0000] {dag.py:3033} INFO - Sync 1 DAGs
[2024-01-31T08:55:37.449+0000] {logging_mixin.py:188} INFO - [2024-01-31T08:55:37.449+0000] {dag.py:3820} INFO - Setting next_dagrun for example_sensor_decorator to None, run_after=None
[2024-01-31T08:55:37.473+0000] {processor.py:183} INFO - Processing /home/deprojectue/miniconda3/envs/airflow_demo/lib/python3.9/site-packages/airflow/example_dags/example_sensor_decorator.py took 0.079 seconds
[2024-01-31T08:56:15.480+0000] {processor.py:161} INFO - Started process (PID=215645) to work on /home/deprojectue/miniconda3/envs/airflow_demo/lib/python3.9/site-packages/airflow/example_dags/example_sensor_decorator.py
[2024-01-31T08:56:15.482+0000] {processor.py:830} INFO - Processing file /home/deprojectue/miniconda3/envs/airflow_demo/lib/python3.9/site-packages/airflow/example_dags/example_sensor_decorator.py for tasks to queue
[2024-01-31T08:56:15.486+0000] {logging_mixin.py:188} INFO - [2024-01-31T08:56:15.485+0000] {dagbag.py:538} INFO - Filling up the DagBag from /home/deprojectue/miniconda3/envs/airflow_demo/lib/python3.9/site-packages/airflow/example_dags/example_sensor_decorator.py
[2024-01-31T08:56:15.495+0000] {processor.py:840} INFO - DAG(s) 'example_sensor_decorator' retrieved from /home/deprojectue/miniconda3/envs/airflow_demo/lib/python3.9/site-packages/airflow/example_dags/example_sensor_decorator.py
[2024-01-31T08:56:15.515+0000] {logging_mixin.py:188} INFO - [2024-01-31T08:56:15.514+0000] {dag.py:3033} INFO - Sync 1 DAGs
[2024-01-31T08:56:15.528+0000] {logging_mixin.py:188} INFO - [2024-01-31T08:56:15.528+0000] {dag.py:3820} INFO - Setting next_dagrun for example_sensor_decorator to None, run_after=None
[2024-01-31T08:56:15.553+0000] {processor.py:183} INFO - Processing /home/deprojectue/miniconda3/envs/airflow_demo/lib/python3.9/site-packages/airflow/example_dags/example_sensor_decorator.py took 0.078 seconds
[2024-01-31T08:56:55.983+0000] {processor.py:161} INFO - Started process (PID=215704) to work on /home/deprojectue/miniconda3/envs/airflow_demo/lib/python3.9/site-packages/airflow/example_dags/example_sensor_decorator.py
[2024-01-31T08:56:55.985+0000] {processor.py:830} INFO - Processing file /home/deprojectue/miniconda3/envs/airflow_demo/lib/python3.9/site-packages/airflow/example_dags/example_sensor_decorator.py for tasks to queue
[2024-01-31T08:56:55.989+0000] {logging_mixin.py:188} INFO - [2024-01-31T08:56:55.989+0000] {dagbag.py:538} INFO - Filling up the DagBag from /home/deprojectue/miniconda3/envs/airflow_demo/lib/python3.9/site-packages/airflow/example_dags/example_sensor_decorator.py
[2024-01-31T08:56:55.999+0000] {processor.py:840} INFO - DAG(s) 'example_sensor_decorator' retrieved from /home/deprojectue/miniconda3/envs/airflow_demo/lib/python3.9/site-packages/airflow/example_dags/example_sensor_decorator.py
[2024-01-31T08:56:56.020+0000] {logging_mixin.py:188} INFO - [2024-01-31T08:56:56.019+0000] {dag.py:3033} INFO - Sync 1 DAGs
[2024-01-31T08:56:56.033+0000] {logging_mixin.py:188} INFO - [2024-01-31T08:56:56.033+0000] {dag.py:3820} INFO - Setting next_dagrun for example_sensor_decorator to None, run_after=None
[2024-01-31T08:56:56.058+0000] {processor.py:183} INFO - Processing /home/deprojectue/miniconda3/envs/airflow_demo/lib/python3.9/site-packages/airflow/example_dags/example_sensor_decorator.py took 0.080 seconds
[2024-01-31T08:57:33.435+0000] {processor.py:161} INFO - Started process (PID=215743) to work on /home/deprojectue/miniconda3/envs/airflow_demo/lib/python3.9/site-packages/airflow/example_dags/example_sensor_decorator.py
[2024-01-31T08:57:33.438+0000] {processor.py:830} INFO - Processing file /home/deprojectue/miniconda3/envs/airflow_demo/lib/python3.9/site-packages/airflow/example_dags/example_sensor_decorator.py for tasks to queue
[2024-01-31T08:57:33.441+0000] {logging_mixin.py:188} INFO - [2024-01-31T08:57:33.441+0000] {dagbag.py:538} INFO - Filling up the DagBag from /home/deprojectue/miniconda3/envs/airflow_demo/lib/python3.9/site-packages/airflow/example_dags/example_sensor_decorator.py
[2024-01-31T08:57:33.451+0000] {processor.py:840} INFO - DAG(s) 'example_sensor_decorator' retrieved from /home/deprojectue/miniconda3/envs/airflow_demo/lib/python3.9/site-packages/airflow/example_dags/example_sensor_decorator.py
[2024-01-31T08:57:33.472+0000] {logging_mixin.py:188} INFO - [2024-01-31T08:57:33.471+0000] {dag.py:3033} INFO - Sync 1 DAGs
[2024-01-31T08:57:33.485+0000] {logging_mixin.py:188} INFO - [2024-01-31T08:57:33.485+0000] {dag.py:3820} INFO - Setting next_dagrun for example_sensor_decorator to None, run_after=None
[2024-01-31T08:57:33.513+0000] {processor.py:183} INFO - Processing /home/deprojectue/miniconda3/envs/airflow_demo/lib/python3.9/site-packages/airflow/example_dags/example_sensor_decorator.py took 0.081 seconds
[2024-01-31T08:58:29.260+0000] {processor.py:161} INFO - Started process (PID=215799) to work on /home/deprojectue/miniconda3/envs/airflow_demo/lib/python3.9/site-packages/airflow/example_dags/example_sensor_decorator.py
[2024-01-31T08:58:29.262+0000] {processor.py:830} INFO - Processing file /home/deprojectue/miniconda3/envs/airflow_demo/lib/python3.9/site-packages/airflow/example_dags/example_sensor_decorator.py for tasks to queue
[2024-01-31T08:58:29.267+0000] {logging_mixin.py:188} INFO - [2024-01-31T08:58:29.266+0000] {dagbag.py:538} INFO - Filling up the DagBag from /home/deprojectue/miniconda3/envs/airflow_demo/lib/python3.9/site-packages/airflow/example_dags/example_sensor_decorator.py
[2024-01-31T08:58:29.276+0000] {processor.py:840} INFO - DAG(s) 'example_sensor_decorator' retrieved from /home/deprojectue/miniconda3/envs/airflow_demo/lib/python3.9/site-packages/airflow/example_dags/example_sensor_decorator.py
[2024-01-31T08:58:29.296+0000] {logging_mixin.py:188} INFO - [2024-01-31T08:58:29.296+0000] {dag.py:3033} INFO - Sync 1 DAGs
[2024-01-31T08:58:29.310+0000] {logging_mixin.py:188} INFO - [2024-01-31T08:58:29.309+0000] {dag.py:3820} INFO - Setting next_dagrun for example_sensor_decorator to None, run_after=None
[2024-01-31T08:58:29.335+0000] {processor.py:183} INFO - Processing /home/deprojectue/miniconda3/envs/airflow_demo/lib/python3.9/site-packages/airflow/example_dags/example_sensor_decorator.py took 0.080 seconds
[2024-01-31T08:59:09.669+0000] {processor.py:161} INFO - Started process (PID=215861) to work on /home/deprojectue/miniconda3/envs/airflow_demo/lib/python3.9/site-packages/airflow/example_dags/example_sensor_decorator.py
[2024-01-31T08:59:09.672+0000] {processor.py:830} INFO - Processing file /home/deprojectue/miniconda3/envs/airflow_demo/lib/python3.9/site-packages/airflow/example_dags/example_sensor_decorator.py for tasks to queue
[2024-01-31T08:59:09.676+0000] {logging_mixin.py:188} INFO - [2024-01-31T08:59:09.675+0000] {dagbag.py:538} INFO - Filling up the DagBag from /home/deprojectue/miniconda3/envs/airflow_demo/lib/python3.9/site-packages/airflow/example_dags/example_sensor_decorator.py
[2024-01-31T08:59:09.685+0000] {processor.py:840} INFO - DAG(s) 'example_sensor_decorator' retrieved from /home/deprojectue/miniconda3/envs/airflow_demo/lib/python3.9/site-packages/airflow/example_dags/example_sensor_decorator.py
[2024-01-31T08:59:09.706+0000] {logging_mixin.py:188} INFO - [2024-01-31T08:59:09.705+0000] {dag.py:3033} INFO - Sync 1 DAGs
[2024-01-31T08:59:09.718+0000] {logging_mixin.py:188} INFO - [2024-01-31T08:59:09.718+0000] {dag.py:3820} INFO - Setting next_dagrun for example_sensor_decorator to None, run_after=None
[2024-01-31T08:59:09.743+0000] {processor.py:183} INFO - Processing /home/deprojectue/miniconda3/envs/airflow_demo/lib/python3.9/site-packages/airflow/example_dags/example_sensor_decorator.py took 0.078 seconds
[2024-01-31T08:59:49.859+0000] {processor.py:161} INFO - Started process (PID=215903) to work on /home/deprojectue/miniconda3/envs/airflow_demo/lib/python3.9/site-packages/airflow/example_dags/example_sensor_decorator.py
[2024-01-31T08:59:49.861+0000] {processor.py:830} INFO - Processing file /home/deprojectue/miniconda3/envs/airflow_demo/lib/python3.9/site-packages/airflow/example_dags/example_sensor_decorator.py for tasks to queue
[2024-01-31T08:59:49.865+0000] {logging_mixin.py:188} INFO - [2024-01-31T08:59:49.864+0000] {dagbag.py:538} INFO - Filling up the DagBag from /home/deprojectue/miniconda3/envs/airflow_demo/lib/python3.9/site-packages/airflow/example_dags/example_sensor_decorator.py
[2024-01-31T08:59:49.875+0000] {processor.py:840} INFO - DAG(s) 'example_sensor_decorator' retrieved from /home/deprojectue/miniconda3/envs/airflow_demo/lib/python3.9/site-packages/airflow/example_dags/example_sensor_decorator.py
[2024-01-31T08:59:49.895+0000] {logging_mixin.py:188} INFO - [2024-01-31T08:59:49.894+0000] {dag.py:3033} INFO - Sync 1 DAGs
[2024-01-31T08:59:49.908+0000] {logging_mixin.py:188} INFO - [2024-01-31T08:59:49.908+0000] {dag.py:3820} INFO - Setting next_dagrun for example_sensor_decorator to None, run_after=None
[2024-01-31T08:59:49.934+0000] {processor.py:183} INFO - Processing /home/deprojectue/miniconda3/envs/airflow_demo/lib/python3.9/site-packages/airflow/example_dags/example_sensor_decorator.py took 0.079 seconds
[2024-01-31T09:00:28.193+0000] {processor.py:161} INFO - Started process (PID=215943) to work on /home/deprojectue/miniconda3/envs/airflow_demo/lib/python3.9/site-packages/airflow/example_dags/example_sensor_decorator.py
[2024-01-31T09:00:28.196+0000] {processor.py:830} INFO - Processing file /home/deprojectue/miniconda3/envs/airflow_demo/lib/python3.9/site-packages/airflow/example_dags/example_sensor_decorator.py for tasks to queue
[2024-01-31T09:00:28.200+0000] {logging_mixin.py:188} INFO - [2024-01-31T09:00:28.200+0000] {dagbag.py:538} INFO - Filling up the DagBag from /home/deprojectue/miniconda3/envs/airflow_demo/lib/python3.9/site-packages/airflow/example_dags/example_sensor_decorator.py
[2024-01-31T09:00:28.210+0000] {processor.py:840} INFO - DAG(s) 'example_sensor_decorator' retrieved from /home/deprojectue/miniconda3/envs/airflow_demo/lib/python3.9/site-packages/airflow/example_dags/example_sensor_decorator.py
[2024-01-31T09:00:28.231+0000] {logging_mixin.py:188} INFO - [2024-01-31T09:00:28.230+0000] {dag.py:3033} INFO - Sync 1 DAGs
[2024-01-31T09:00:28.245+0000] {logging_mixin.py:188} INFO - [2024-01-31T09:00:28.244+0000] {dag.py:3820} INFO - Setting next_dagrun for example_sensor_decorator to None, run_after=None
[2024-01-31T09:00:28.271+0000] {processor.py:183} INFO - Processing /home/deprojectue/miniconda3/envs/airflow_demo/lib/python3.9/site-packages/airflow/example_dags/example_sensor_decorator.py took 0.082 seconds
[2024-01-31T09:01:05.546+0000] {processor.py:161} INFO - Started process (PID=215983) to work on /home/deprojectue/miniconda3/envs/airflow_demo/lib/python3.9/site-packages/airflow/example_dags/example_sensor_decorator.py
[2024-01-31T09:01:05.548+0000] {processor.py:830} INFO - Processing file /home/deprojectue/miniconda3/envs/airflow_demo/lib/python3.9/site-packages/airflow/example_dags/example_sensor_decorator.py for tasks to queue
[2024-01-31T09:01:05.552+0000] {logging_mixin.py:188} INFO - [2024-01-31T09:01:05.551+0000] {dagbag.py:538} INFO - Filling up the DagBag from /home/deprojectue/miniconda3/envs/airflow_demo/lib/python3.9/site-packages/airflow/example_dags/example_sensor_decorator.py
[2024-01-31T09:01:05.561+0000] {processor.py:840} INFO - DAG(s) 'example_sensor_decorator' retrieved from /home/deprojectue/miniconda3/envs/airflow_demo/lib/python3.9/site-packages/airflow/example_dags/example_sensor_decorator.py
[2024-01-31T09:01:05.581+0000] {logging_mixin.py:188} INFO - [2024-01-31T09:01:05.581+0000] {dag.py:3033} INFO - Sync 1 DAGs
[2024-01-31T09:01:05.595+0000] {logging_mixin.py:188} INFO - [2024-01-31T09:01:05.595+0000] {dag.py:3820} INFO - Setting next_dagrun for example_sensor_decorator to None, run_after=None
[2024-01-31T09:01:05.618+0000] {processor.py:183} INFO - Processing /home/deprojectue/miniconda3/envs/airflow_demo/lib/python3.9/site-packages/airflow/example_dags/example_sensor_decorator.py took 0.077 seconds
[2024-01-31T09:01:44.396+0000] {processor.py:161} INFO - Started process (PID=216024) to work on /home/deprojectue/miniconda3/envs/airflow_demo/lib/python3.9/site-packages/airflow/example_dags/example_sensor_decorator.py
[2024-01-31T09:01:44.399+0000] {processor.py:830} INFO - Processing file /home/deprojectue/miniconda3/envs/airflow_demo/lib/python3.9/site-packages/airflow/example_dags/example_sensor_decorator.py for tasks to queue
[2024-01-31T09:01:44.402+0000] {logging_mixin.py:188} INFO - [2024-01-31T09:01:44.402+0000] {dagbag.py:538} INFO - Filling up the DagBag from /home/deprojectue/miniconda3/envs/airflow_demo/lib/python3.9/site-packages/airflow/example_dags/example_sensor_decorator.py
[2024-01-31T09:01:44.413+0000] {processor.py:840} INFO - DAG(s) 'example_sensor_decorator' retrieved from /home/deprojectue/miniconda3/envs/airflow_demo/lib/python3.9/site-packages/airflow/example_dags/example_sensor_decorator.py
[2024-01-31T09:01:44.433+0000] {logging_mixin.py:188} INFO - [2024-01-31T09:01:44.432+0000] {dag.py:3033} INFO - Sync 1 DAGs
[2024-01-31T09:01:44.446+0000] {logging_mixin.py:188} INFO - [2024-01-31T09:01:44.445+0000] {dag.py:3820} INFO - Setting next_dagrun for example_sensor_decorator to None, run_after=None
[2024-01-31T09:01:44.470+0000] {processor.py:183} INFO - Processing /home/deprojectue/miniconda3/envs/airflow_demo/lib/python3.9/site-packages/airflow/example_dags/example_sensor_decorator.py took 0.078 seconds
[2024-01-31T09:02:39.940+0000] {processor.py:161} INFO - Started process (PID=216083) to work on /home/deprojectue/miniconda3/envs/airflow_demo/lib/python3.9/site-packages/airflow/example_dags/example_sensor_decorator.py
[2024-01-31T09:02:39.943+0000] {processor.py:830} INFO - Processing file /home/deprojectue/miniconda3/envs/airflow_demo/lib/python3.9/site-packages/airflow/example_dags/example_sensor_decorator.py for tasks to queue
[2024-01-31T09:02:39.946+0000] {logging_mixin.py:188} INFO - [2024-01-31T09:02:39.946+0000] {dagbag.py:538} INFO - Filling up the DagBag from /home/deprojectue/miniconda3/envs/airflow_demo/lib/python3.9/site-packages/airflow/example_dags/example_sensor_decorator.py
[2024-01-31T09:02:39.956+0000] {processor.py:840} INFO - DAG(s) 'example_sensor_decorator' retrieved from /home/deprojectue/miniconda3/envs/airflow_demo/lib/python3.9/site-packages/airflow/example_dags/example_sensor_decorator.py
[2024-01-31T09:02:39.982+0000] {logging_mixin.py:188} INFO - [2024-01-31T09:02:39.981+0000] {dag.py:3033} INFO - Sync 1 DAGs
[2024-01-31T09:02:40.003+0000] {logging_mixin.py:188} INFO - [2024-01-31T09:02:40.003+0000] {dag.py:3820} INFO - Setting next_dagrun for example_sensor_decorator to None, run_after=None
[2024-01-31T09:02:40.037+0000] {processor.py:183} INFO - Processing /home/deprojectue/miniconda3/envs/airflow_demo/lib/python3.9/site-packages/airflow/example_dags/example_sensor_decorator.py took 0.102 seconds
[2024-01-31T09:03:33.454+0000] {processor.py:161} INFO - Started process (PID=216138) to work on /home/deprojectue/miniconda3/envs/airflow_demo/lib/python3.9/site-packages/airflow/example_dags/example_sensor_decorator.py
[2024-01-31T09:03:33.457+0000] {processor.py:830} INFO - Processing file /home/deprojectue/miniconda3/envs/airflow_demo/lib/python3.9/site-packages/airflow/example_dags/example_sensor_decorator.py for tasks to queue
[2024-01-31T09:03:33.460+0000] {logging_mixin.py:188} INFO - [2024-01-31T09:03:33.460+0000] {dagbag.py:538} INFO - Filling up the DagBag from /home/deprojectue/miniconda3/envs/airflow_demo/lib/python3.9/site-packages/airflow/example_dags/example_sensor_decorator.py
[2024-01-31T09:03:33.470+0000] {processor.py:840} INFO - DAG(s) 'example_sensor_decorator' retrieved from /home/deprojectue/miniconda3/envs/airflow_demo/lib/python3.9/site-packages/airflow/example_dags/example_sensor_decorator.py
[2024-01-31T09:03:33.492+0000] {logging_mixin.py:188} INFO - [2024-01-31T09:03:33.491+0000] {dag.py:3033} INFO - Sync 1 DAGs
[2024-01-31T09:03:33.506+0000] {logging_mixin.py:188} INFO - [2024-01-31T09:03:33.506+0000] {dag.py:3820} INFO - Setting next_dagrun for example_sensor_decorator to None, run_after=None
[2024-01-31T09:03:33.533+0000] {processor.py:183} INFO - Processing /home/deprojectue/miniconda3/envs/airflow_demo/lib/python3.9/site-packages/airflow/example_dags/example_sensor_decorator.py took 0.083 seconds
[2024-01-31T09:04:10.553+0000] {processor.py:161} INFO - Started process (PID=216177) to work on /home/deprojectue/miniconda3/envs/airflow_demo/lib/python3.9/site-packages/airflow/example_dags/example_sensor_decorator.py
[2024-01-31T09:04:10.555+0000] {processor.py:830} INFO - Processing file /home/deprojectue/miniconda3/envs/airflow_demo/lib/python3.9/site-packages/airflow/example_dags/example_sensor_decorator.py for tasks to queue
[2024-01-31T09:04:10.559+0000] {logging_mixin.py:188} INFO - [2024-01-31T09:04:10.558+0000] {dagbag.py:538} INFO - Filling up the DagBag from /home/deprojectue/miniconda3/envs/airflow_demo/lib/python3.9/site-packages/airflow/example_dags/example_sensor_decorator.py
[2024-01-31T09:04:10.569+0000] {processor.py:840} INFO - DAG(s) 'example_sensor_decorator' retrieved from /home/deprojectue/miniconda3/envs/airflow_demo/lib/python3.9/site-packages/airflow/example_dags/example_sensor_decorator.py
[2024-01-31T09:04:10.590+0000] {logging_mixin.py:188} INFO - [2024-01-31T09:04:10.590+0000] {dag.py:3033} INFO - Sync 1 DAGs
[2024-01-31T09:04:10.603+0000] {logging_mixin.py:188} INFO - [2024-01-31T09:04:10.603+0000] {dag.py:3820} INFO - Setting next_dagrun for example_sensor_decorator to None, run_after=None
[2024-01-31T09:04:10.628+0000] {processor.py:183} INFO - Processing /home/deprojectue/miniconda3/envs/airflow_demo/lib/python3.9/site-packages/airflow/example_dags/example_sensor_decorator.py took 0.079 seconds
[2024-01-31T09:05:04.905+0000] {processor.py:161} INFO - Started process (PID=216236) to work on /home/deprojectue/miniconda3/envs/airflow_demo/lib/python3.9/site-packages/airflow/example_dags/example_sensor_decorator.py
[2024-01-31T09:05:04.907+0000] {processor.py:830} INFO - Processing file /home/deprojectue/miniconda3/envs/airflow_demo/lib/python3.9/site-packages/airflow/example_dags/example_sensor_decorator.py for tasks to queue
[2024-01-31T09:05:04.911+0000] {logging_mixin.py:188} INFO - [2024-01-31T09:05:04.910+0000] {dagbag.py:538} INFO - Filling up the DagBag from /home/deprojectue/miniconda3/envs/airflow_demo/lib/python3.9/site-packages/airflow/example_dags/example_sensor_decorator.py
[2024-01-31T09:05:04.921+0000] {processor.py:840} INFO - DAG(s) 'example_sensor_decorator' retrieved from /home/deprojectue/miniconda3/envs/airflow_demo/lib/python3.9/site-packages/airflow/example_dags/example_sensor_decorator.py
[2024-01-31T09:05:04.941+0000] {logging_mixin.py:188} INFO - [2024-01-31T09:05:04.940+0000] {dag.py:3033} INFO - Sync 1 DAGs
[2024-01-31T09:05:04.954+0000] {logging_mixin.py:188} INFO - [2024-01-31T09:05:04.954+0000] {dag.py:3820} INFO - Setting next_dagrun for example_sensor_decorator to None, run_after=None
[2024-01-31T09:05:04.979+0000] {processor.py:183} INFO - Processing /home/deprojectue/miniconda3/envs/airflow_demo/lib/python3.9/site-packages/airflow/example_dags/example_sensor_decorator.py took 0.079 seconds
[2024-01-31T09:08:27.854+0000] {processor.py:161} INFO - Started process (PID=216378) to work on /home/deprojectue/miniconda3/envs/airflow_demo/lib/python3.9/site-packages/airflow/example_dags/example_sensor_decorator.py
[2024-01-31T09:08:27.859+0000] {processor.py:830} INFO - Processing file /home/deprojectue/miniconda3/envs/airflow_demo/lib/python3.9/site-packages/airflow/example_dags/example_sensor_decorator.py for tasks to queue
[2024-01-31T09:08:27.885+0000] {logging_mixin.py:188} INFO - [2024-01-31T09:08:27.866+0000] {dagbag.py:538} INFO - Filling up the DagBag from /home/deprojectue/miniconda3/envs/airflow_demo/lib/python3.9/site-packages/airflow/example_dags/example_sensor_decorator.py
[2024-01-31T09:08:28.149+0000] {processor.py:840} INFO - DAG(s) 'example_sensor_decorator' retrieved from /home/deprojectue/miniconda3/envs/airflow_demo/lib/python3.9/site-packages/airflow/example_dags/example_sensor_decorator.py
[2024-01-31T09:08:28.860+0000] {logging_mixin.py:188} INFO - [2024-01-31T09:08:28.841+0000] {dag.py:3033} INFO - Sync 1 DAGs
[2024-01-31T09:08:29.361+0000] {logging_mixin.py:188} INFO - [2024-01-31T09:08:29.346+0000] {dag.py:3820} INFO - Setting next_dagrun for example_sensor_decorator to None, run_after=None
[2024-01-31T09:08:32.103+0000] {processor.py:183} INFO - Processing /home/deprojectue/miniconda3/envs/airflow_demo/lib/python3.9/site-packages/airflow/example_dags/example_sensor_decorator.py took 4.459 seconds
[2024-01-31T09:35:33.159+0000] {processor.py:161} INFO - Started process (PID=216873) to work on /home/deprojectue/miniconda3/envs/airflow_demo/lib/python3.9/site-packages/airflow/example_dags/example_sensor_decorator.py
[2024-01-31T09:35:33.162+0000] {processor.py:830} INFO - Processing file /home/deprojectue/miniconda3/envs/airflow_demo/lib/python3.9/site-packages/airflow/example_dags/example_sensor_decorator.py for tasks to queue
[2024-01-31T09:35:33.170+0000] {logging_mixin.py:188} INFO - [2024-01-31T09:35:33.165+0000] {dagbag.py:538} INFO - Filling up the DagBag from /home/deprojectue/miniconda3/envs/airflow_demo/lib/python3.9/site-packages/airflow/example_dags/example_sensor_decorator.py
[2024-01-31T09:35:33.193+0000] {processor.py:840} INFO - DAG(s) 'example_sensor_decorator' retrieved from /home/deprojectue/miniconda3/envs/airflow_demo/lib/python3.9/site-packages/airflow/example_dags/example_sensor_decorator.py
[2024-01-31T09:35:33.462+0000] {logging_mixin.py:188} INFO - [2024-01-31T09:35:33.455+0000] {override.py:1769} INFO - Created Permission View: can edit on DAG:example_sensor_decorator
[2024-01-31T09:35:33.478+0000] {logging_mixin.py:188} INFO - [2024-01-31T09:35:33.477+0000] {override.py:1769} INFO - Created Permission View: can read on DAG:example_sensor_decorator
[2024-01-31T09:35:33.491+0000] {logging_mixin.py:188} INFO - [2024-01-31T09:35:33.491+0000] {override.py:1769} INFO - Created Permission View: can delete on DAG:example_sensor_decorator
[2024-01-31T09:35:33.493+0000] {logging_mixin.py:188} INFO - [2024-01-31T09:35:33.493+0000] {dag.py:3033} INFO - Sync 1 DAGs
[2024-01-31T09:35:33.635+0000] {logging_mixin.py:188} INFO - [2024-01-31T09:35:33.635+0000] {dag.py:3055} INFO - Creating ORM DAG for example_sensor_decorator
[2024-01-31T09:35:33.636+0000] {logging_mixin.py:188} INFO - [2024-01-31T09:35:33.636+0000] {dag.py:3820} INFO - Setting next_dagrun for example_sensor_decorator to None, run_after=None
[2024-01-31T09:35:33.683+0000] {processor.py:183} INFO - Processing /home/deprojectue/miniconda3/envs/airflow_demo/lib/python3.9/site-packages/airflow/example_dags/example_sensor_decorator.py took 0.528 seconds
[2024-01-31T09:36:35.514+0000] {processor.py:161} INFO - Started process (PID=216932) to work on /home/deprojectue/miniconda3/envs/airflow_demo/lib/python3.9/site-packages/airflow/example_dags/example_sensor_decorator.py
[2024-01-31T09:36:35.516+0000] {processor.py:830} INFO - Processing file /home/deprojectue/miniconda3/envs/airflow_demo/lib/python3.9/site-packages/airflow/example_dags/example_sensor_decorator.py for tasks to queue
[2024-01-31T09:36:35.520+0000] {logging_mixin.py:188} INFO - [2024-01-31T09:36:35.520+0000] {dagbag.py:538} INFO - Filling up the DagBag from /home/deprojectue/miniconda3/envs/airflow_demo/lib/python3.9/site-packages/airflow/example_dags/example_sensor_decorator.py
[2024-01-31T09:36:35.533+0000] {processor.py:840} INFO - DAG(s) 'example_sensor_decorator' retrieved from /home/deprojectue/miniconda3/envs/airflow_demo/lib/python3.9/site-packages/airflow/example_dags/example_sensor_decorator.py
[2024-01-31T09:36:35.561+0000] {logging_mixin.py:188} INFO - [2024-01-31T09:36:35.560+0000] {dag.py:3033} INFO - Sync 1 DAGs
[2024-01-31T09:36:35.577+0000] {logging_mixin.py:188} INFO - [2024-01-31T09:36:35.577+0000] {dag.py:3820} INFO - Setting next_dagrun for example_sensor_decorator to None, run_after=None
[2024-01-31T09:36:35.611+0000] {processor.py:183} INFO - Processing /home/deprojectue/miniconda3/envs/airflow_demo/lib/python3.9/site-packages/airflow/example_dags/example_sensor_decorator.py took 0.102 seconds
