[2024-01-31T02:07:54.947+0000] {processor.py:161} INFO - Started process (PID=210619) to work on /home/deprojectue/miniconda3/envs/airflow_demo/lib/python3.9/site-packages/airflow/example_dags/example_branch_labels.py
[2024-01-31T02:07:54.948+0000] {processor.py:830} INFO - Processing file /home/deprojectue/miniconda3/envs/airflow_demo/lib/python3.9/site-packages/airflow/example_dags/example_branch_labels.py for tasks to queue
[2024-01-31T02:07:54.949+0000] {logging_mixin.py:188} INFO - [2024-01-31T02:07:54.949+0000] {dagbag.py:538} INFO - Filling up the DagBag from /home/deprojectue/miniconda3/envs/airflow_demo/lib/python3.9/site-packages/airflow/example_dags/example_branch_labels.py
[2024-01-31T02:07:54.958+0000] {processor.py:840} INFO - DAG(s) 'example_branch_labels' retrieved from /home/deprojectue/miniconda3/envs/airflow_demo/lib/python3.9/site-packages/airflow/example_dags/example_branch_labels.py
[2024-01-31T02:07:55.072+0000] {logging_mixin.py:188} INFO - [2024-01-31T02:07:55.071+0000] {override.py:1769} INFO - Created Permission View: can read on DAG:example_branch_labels
[2024-01-31T02:07:55.086+0000] {logging_mixin.py:188} INFO - [2024-01-31T02:07:55.085+0000] {override.py:1769} INFO - Created Permission View: can delete on DAG:example_branch_labels
[2024-01-31T02:07:55.097+0000] {logging_mixin.py:188} INFO - [2024-01-31T02:07:55.096+0000] {override.py:1769} INFO - Created Permission View: can edit on DAG:example_branch_labels
[2024-01-31T02:07:55.097+0000] {logging_mixin.py:188} INFO - [2024-01-31T02:07:55.097+0000] {dag.py:3033} INFO - Sync 1 DAGs
[2024-01-31T02:07:55.110+0000] {logging_mixin.py:188} INFO - [2024-01-31T02:07:55.110+0000] {dag.py:3055} INFO - Creating ORM DAG for example_branch_labels
[2024-01-31T02:07:55.121+0000] {logging_mixin.py:188} INFO - [2024-01-31T02:07:55.121+0000] {dag.py:3820} INFO - Setting next_dagrun for example_branch_labels to 2024-01-30T00:00:00+00:00, run_after=2024-01-31T00:00:00+00:00
[2024-01-31T02:07:55.147+0000] {processor.py:183} INFO - Processing /home/deprojectue/miniconda3/envs/airflow_demo/lib/python3.9/site-packages/airflow/example_dags/example_branch_labels.py took 0.205 seconds
[2024-01-31T02:09:26.724+0000] {processor.py:161} INFO - Started process (PID=210915) to work on /home/deprojectue/miniconda3/envs/airflow_demo/lib/python3.9/site-packages/airflow/example_dags/example_branch_labels.py
[2024-01-31T02:09:26.737+0000] {processor.py:830} INFO - Processing file /home/deprojectue/miniconda3/envs/airflow_demo/lib/python3.9/site-packages/airflow/example_dags/example_branch_labels.py for tasks to queue
[2024-01-31T02:09:26.738+0000] {logging_mixin.py:188} INFO - [2024-01-31T02:09:26.738+0000] {dagbag.py:538} INFO - Filling up the DagBag from /home/deprojectue/miniconda3/envs/airflow_demo/lib/python3.9/site-packages/airflow/example_dags/example_branch_labels.py
[2024-01-31T02:09:26.775+0000] {processor.py:840} INFO - DAG(s) 'example_branch_labels' retrieved from /home/deprojectue/miniconda3/envs/airflow_demo/lib/python3.9/site-packages/airflow/example_dags/example_branch_labels.py
[2024-01-31T02:09:26.830+0000] {logging_mixin.py:188} INFO - [2024-01-31T02:09:26.830+0000] {dag.py:3033} INFO - Sync 1 DAGs
[2024-01-31T02:09:26.863+0000] {logging_mixin.py:188} INFO - [2024-01-31T02:09:26.863+0000] {dag.py:3820} INFO - Setting next_dagrun for example_branch_labels to 2024-01-30T00:00:00+00:00, run_after=2024-01-31T00:00:00+00:00
[2024-01-31T02:09:26.916+0000] {processor.py:183} INFO - Processing /home/deprojectue/miniconda3/envs/airflow_demo/lib/python3.9/site-packages/airflow/example_dags/example_branch_labels.py took 0.201 seconds
[2024-01-31T02:10:17.610+0000] {processor.py:161} INFO - Started process (PID=210977) to work on /home/deprojectue/miniconda3/envs/airflow_demo/lib/python3.9/site-packages/airflow/example_dags/example_branch_labels.py
[2024-01-31T02:10:17.612+0000] {processor.py:830} INFO - Processing file /home/deprojectue/miniconda3/envs/airflow_demo/lib/python3.9/site-packages/airflow/example_dags/example_branch_labels.py for tasks to queue
[2024-01-31T02:10:17.613+0000] {logging_mixin.py:188} INFO - [2024-01-31T02:10:17.613+0000] {dagbag.py:538} INFO - Filling up the DagBag from /home/deprojectue/miniconda3/envs/airflow_demo/lib/python3.9/site-packages/airflow/example_dags/example_branch_labels.py
[2024-01-31T02:10:17.623+0000] {processor.py:840} INFO - DAG(s) 'example_branch_labels' retrieved from /home/deprojectue/miniconda3/envs/airflow_demo/lib/python3.9/site-packages/airflow/example_dags/example_branch_labels.py
[2024-01-31T02:10:17.646+0000] {logging_mixin.py:188} INFO - [2024-01-31T02:10:17.646+0000] {dag.py:3033} INFO - Sync 1 DAGs
[2024-01-31T02:10:17.670+0000] {logging_mixin.py:188} INFO - [2024-01-31T02:10:17.670+0000] {dag.py:3820} INFO - Setting next_dagrun for example_branch_labels to 2024-01-30T00:00:00+00:00, run_after=2024-01-31T00:00:00+00:00
[2024-01-31T02:10:17.697+0000] {processor.py:183} INFO - Processing /home/deprojectue/miniconda3/envs/airflow_demo/lib/python3.9/site-packages/airflow/example_dags/example_branch_labels.py took 0.092 seconds
[2024-01-31T02:13:06.962+0000] {processor.py:161} INFO - Started process (PID=211063) to work on /home/deprojectue/miniconda3/envs/airflow_demo/lib/python3.9/site-packages/airflow/example_dags/example_branch_labels.py
[2024-01-31T02:13:06.964+0000] {processor.py:830} INFO - Processing file /home/deprojectue/miniconda3/envs/airflow_demo/lib/python3.9/site-packages/airflow/example_dags/example_branch_labels.py for tasks to queue
[2024-01-31T02:13:06.968+0000] {logging_mixin.py:188} INFO - [2024-01-31T02:13:06.967+0000] {dagbag.py:538} INFO - Filling up the DagBag from /home/deprojectue/miniconda3/envs/airflow_demo/lib/python3.9/site-packages/airflow/example_dags/example_branch_labels.py
[2024-01-31T02:13:06.978+0000] {processor.py:840} INFO - DAG(s) 'example_branch_labels' retrieved from /home/deprojectue/miniconda3/envs/airflow_demo/lib/python3.9/site-packages/airflow/example_dags/example_branch_labels.py
[2024-01-31T02:13:07.003+0000] {logging_mixin.py:188} INFO - [2024-01-31T02:13:07.002+0000] {dag.py:3033} INFO - Sync 1 DAGs
[2024-01-31T02:13:07.027+0000] {logging_mixin.py:188} INFO - [2024-01-31T02:13:07.027+0000] {dag.py:3820} INFO - Setting next_dagrun for example_branch_labels to 2024-01-30T00:00:00+00:00, run_after=2024-01-31T00:00:00+00:00
[2024-01-31T02:13:07.053+0000] {processor.py:183} INFO - Processing /home/deprojectue/miniconda3/envs/airflow_demo/lib/python3.9/site-packages/airflow/example_dags/example_branch_labels.py took 0.096 seconds
[2024-01-31T02:13:55.519+0000] {processor.py:161} INFO - Started process (PID=211122) to work on /home/deprojectue/miniconda3/envs/airflow_demo/lib/python3.9/site-packages/airflow/example_dags/example_branch_labels.py
[2024-01-31T02:13:55.521+0000] {processor.py:830} INFO - Processing file /home/deprojectue/miniconda3/envs/airflow_demo/lib/python3.9/site-packages/airflow/example_dags/example_branch_labels.py for tasks to queue
[2024-01-31T02:13:55.525+0000] {logging_mixin.py:188} INFO - [2024-01-31T02:13:55.524+0000] {dagbag.py:538} INFO - Filling up the DagBag from /home/deprojectue/miniconda3/envs/airflow_demo/lib/python3.9/site-packages/airflow/example_dags/example_branch_labels.py
[2024-01-31T02:13:55.535+0000] {processor.py:840} INFO - DAG(s) 'example_branch_labels' retrieved from /home/deprojectue/miniconda3/envs/airflow_demo/lib/python3.9/site-packages/airflow/example_dags/example_branch_labels.py
[2024-01-31T02:13:55.556+0000] {logging_mixin.py:188} INFO - [2024-01-31T02:13:55.556+0000] {dag.py:3033} INFO - Sync 1 DAGs
[2024-01-31T02:13:55.578+0000] {logging_mixin.py:188} INFO - [2024-01-31T02:13:55.578+0000] {dag.py:3820} INFO - Setting next_dagrun for example_branch_labels to 2024-01-30T00:00:00+00:00, run_after=2024-01-31T00:00:00+00:00
[2024-01-31T02:13:55.604+0000] {processor.py:183} INFO - Processing /home/deprojectue/miniconda3/envs/airflow_demo/lib/python3.9/site-packages/airflow/example_dags/example_branch_labels.py took 0.089 seconds
[2024-01-31T02:22:06.226+0000] {processor.py:161} INFO - Started process (PID=211323) to work on /home/deprojectue/miniconda3/envs/airflow_demo/lib/python3.9/site-packages/airflow/example_dags/example_branch_labels.py
[2024-01-31T02:22:06.229+0000] {processor.py:830} INFO - Processing file /home/deprojectue/miniconda3/envs/airflow_demo/lib/python3.9/site-packages/airflow/example_dags/example_branch_labels.py for tasks to queue
[2024-01-31T02:22:06.232+0000] {logging_mixin.py:188} INFO - [2024-01-31T02:22:06.232+0000] {dagbag.py:538} INFO - Filling up the DagBag from /home/deprojectue/miniconda3/envs/airflow_demo/lib/python3.9/site-packages/airflow/example_dags/example_branch_labels.py
[2024-01-31T02:22:06.243+0000] {processor.py:840} INFO - DAG(s) 'example_branch_labels' retrieved from /home/deprojectue/miniconda3/envs/airflow_demo/lib/python3.9/site-packages/airflow/example_dags/example_branch_labels.py
[2024-01-31T02:22:06.268+0000] {logging_mixin.py:188} INFO - [2024-01-31T02:22:06.267+0000] {dag.py:3033} INFO - Sync 1 DAGs
[2024-01-31T02:22:06.291+0000] {logging_mixin.py:188} INFO - [2024-01-31T02:22:06.291+0000] {dag.py:3820} INFO - Setting next_dagrun for example_branch_labels to 2024-01-30T00:00:00+00:00, run_after=2024-01-31T00:00:00+00:00
[2024-01-31T02:22:06.316+0000] {processor.py:183} INFO - Processing /home/deprojectue/miniconda3/envs/airflow_demo/lib/python3.9/site-packages/airflow/example_dags/example_branch_labels.py took 0.094 seconds
[2024-01-31T08:24:44.386+0000] {processor.py:161} INFO - Started process (PID=214064) to work on /home/deprojectue/miniconda3/envs/airflow_demo/lib/python3.9/site-packages/airflow/example_dags/example_branch_labels.py
[2024-01-31T08:24:44.389+0000] {processor.py:830} INFO - Processing file /home/deprojectue/miniconda3/envs/airflow_demo/lib/python3.9/site-packages/airflow/example_dags/example_branch_labels.py for tasks to queue
[2024-01-31T08:24:44.393+0000] {logging_mixin.py:188} INFO - [2024-01-31T08:24:44.392+0000] {dagbag.py:538} INFO - Filling up the DagBag from /home/deprojectue/miniconda3/envs/airflow_demo/lib/python3.9/site-packages/airflow/example_dags/example_branch_labels.py
[2024-01-31T08:24:44.405+0000] {processor.py:840} INFO - DAG(s) 'example_branch_labels' retrieved from /home/deprojectue/miniconda3/envs/airflow_demo/lib/python3.9/site-packages/airflow/example_dags/example_branch_labels.py
[2024-01-31T08:24:44.430+0000] {logging_mixin.py:188} INFO - [2024-01-31T08:24:44.429+0000] {dag.py:3033} INFO - Sync 1 DAGs
[2024-01-31T08:24:44.453+0000] {logging_mixin.py:188} INFO - [2024-01-31T08:24:44.453+0000] {dag.py:3820} INFO - Setting next_dagrun for example_branch_labels to 2024-01-30T00:00:00+00:00, run_after=2024-01-31T00:00:00+00:00
[2024-01-31T08:24:44.477+0000] {processor.py:183} INFO - Processing /home/deprojectue/miniconda3/envs/airflow_demo/lib/python3.9/site-packages/airflow/example_dags/example_branch_labels.py took 0.096 seconds
[2024-01-31T08:25:32.476+0000] {processor.py:161} INFO - Started process (PID=214115) to work on /home/deprojectue/miniconda3/envs/airflow_demo/lib/python3.9/site-packages/airflow/example_dags/example_branch_labels.py
[2024-01-31T08:25:32.478+0000] {processor.py:830} INFO - Processing file /home/deprojectue/miniconda3/envs/airflow_demo/lib/python3.9/site-packages/airflow/example_dags/example_branch_labels.py for tasks to queue
[2024-01-31T08:25:32.481+0000] {logging_mixin.py:188} INFO - [2024-01-31T08:25:32.481+0000] {dagbag.py:538} INFO - Filling up the DagBag from /home/deprojectue/miniconda3/envs/airflow_demo/lib/python3.9/site-packages/airflow/example_dags/example_branch_labels.py
[2024-01-31T08:25:32.492+0000] {processor.py:840} INFO - DAG(s) 'example_branch_labels' retrieved from /home/deprojectue/miniconda3/envs/airflow_demo/lib/python3.9/site-packages/airflow/example_dags/example_branch_labels.py
[2024-01-31T08:25:32.516+0000] {logging_mixin.py:188} INFO - [2024-01-31T08:25:32.515+0000] {dag.py:3033} INFO - Sync 1 DAGs
[2024-01-31T08:25:32.541+0000] {logging_mixin.py:188} INFO - [2024-01-31T08:25:32.541+0000] {dag.py:3820} INFO - Setting next_dagrun for example_branch_labels to 2024-01-30T00:00:00+00:00, run_after=2024-01-31T00:00:00+00:00
[2024-01-31T08:25:32.567+0000] {processor.py:183} INFO - Processing /home/deprojectue/miniconda3/envs/airflow_demo/lib/python3.9/site-packages/airflow/example_dags/example_branch_labels.py took 0.095 seconds
[2024-01-31T08:52:16.296+0000] {processor.py:161} INFO - Started process (PID=215396) to work on /home/deprojectue/miniconda3/envs/airflow_demo/lib/python3.9/site-packages/airflow/example_dags/example_branch_labels.py
[2024-01-31T08:52:16.297+0000] {processor.py:830} INFO - Processing file /home/deprojectue/miniconda3/envs/airflow_demo/lib/python3.9/site-packages/airflow/example_dags/example_branch_labels.py for tasks to queue
[2024-01-31T08:52:16.301+0000] {logging_mixin.py:188} INFO - [2024-01-31T08:52:16.300+0000] {dagbag.py:538} INFO - Filling up the DagBag from /home/deprojectue/miniconda3/envs/airflow_demo/lib/python3.9/site-packages/airflow/example_dags/example_branch_labels.py
[2024-01-31T08:52:16.311+0000] {processor.py:840} INFO - DAG(s) 'example_branch_labels' retrieved from /home/deprojectue/miniconda3/envs/airflow_demo/lib/python3.9/site-packages/airflow/example_dags/example_branch_labels.py
[2024-01-31T08:52:16.336+0000] {logging_mixin.py:188} INFO - [2024-01-31T08:52:16.335+0000] {dag.py:3033} INFO - Sync 1 DAGs
[2024-01-31T08:52:16.357+0000] {logging_mixin.py:188} INFO - [2024-01-31T08:52:16.357+0000] {dag.py:3820} INFO - Setting next_dagrun for example_branch_labels to 2024-01-30T00:00:00+00:00, run_after=2024-01-31T00:00:00+00:00
[2024-01-31T08:52:16.381+0000] {processor.py:183} INFO - Processing /home/deprojectue/miniconda3/envs/airflow_demo/lib/python3.9/site-packages/airflow/example_dags/example_branch_labels.py took 0.090 seconds
[2024-01-31T08:53:06.778+0000] {processor.py:161} INFO - Started process (PID=215448) to work on /home/deprojectue/miniconda3/envs/airflow_demo/lib/python3.9/site-packages/airflow/example_dags/example_branch_labels.py
[2024-01-31T08:53:06.780+0000] {processor.py:830} INFO - Processing file /home/deprojectue/miniconda3/envs/airflow_demo/lib/python3.9/site-packages/airflow/example_dags/example_branch_labels.py for tasks to queue
[2024-01-31T08:53:06.784+0000] {logging_mixin.py:188} INFO - [2024-01-31T08:53:06.783+0000] {dagbag.py:538} INFO - Filling up the DagBag from /home/deprojectue/miniconda3/envs/airflow_demo/lib/python3.9/site-packages/airflow/example_dags/example_branch_labels.py
[2024-01-31T08:53:06.794+0000] {processor.py:840} INFO - DAG(s) 'example_branch_labels' retrieved from /home/deprojectue/miniconda3/envs/airflow_demo/lib/python3.9/site-packages/airflow/example_dags/example_branch_labels.py
[2024-01-31T08:53:06.817+0000] {logging_mixin.py:188} INFO - [2024-01-31T08:53:06.816+0000] {dag.py:3033} INFO - Sync 1 DAGs
[2024-01-31T08:53:06.839+0000] {logging_mixin.py:188} INFO - [2024-01-31T08:53:06.838+0000] {dag.py:3820} INFO - Setting next_dagrun for example_branch_labels to 2024-01-30T00:00:00+00:00, run_after=2024-01-31T00:00:00+00:00
[2024-01-31T08:53:06.863+0000] {processor.py:183} INFO - Processing /home/deprojectue/miniconda3/envs/airflow_demo/lib/python3.9/site-packages/airflow/example_dags/example_branch_labels.py took 0.090 seconds
[2024-01-31T08:54:08.144+0000] {processor.py:161} INFO - Started process (PID=215510) to work on /home/deprojectue/miniconda3/envs/airflow_demo/lib/python3.9/site-packages/airflow/example_dags/example_branch_labels.py
[2024-01-31T08:54:08.146+0000] {processor.py:830} INFO - Processing file /home/deprojectue/miniconda3/envs/airflow_demo/lib/python3.9/site-packages/airflow/example_dags/example_branch_labels.py for tasks to queue
[2024-01-31T08:54:08.150+0000] {logging_mixin.py:188} INFO - [2024-01-31T08:54:08.149+0000] {dagbag.py:538} INFO - Filling up the DagBag from /home/deprojectue/miniconda3/envs/airflow_demo/lib/python3.9/site-packages/airflow/example_dags/example_branch_labels.py
[2024-01-31T08:54:08.159+0000] {processor.py:840} INFO - DAG(s) 'example_branch_labels' retrieved from /home/deprojectue/miniconda3/envs/airflow_demo/lib/python3.9/site-packages/airflow/example_dags/example_branch_labels.py
[2024-01-31T08:54:08.180+0000] {logging_mixin.py:188} INFO - [2024-01-31T08:54:08.179+0000] {dag.py:3033} INFO - Sync 1 DAGs
[2024-01-31T08:54:08.200+0000] {logging_mixin.py:188} INFO - [2024-01-31T08:54:08.200+0000] {dag.py:3820} INFO - Setting next_dagrun for example_branch_labels to 2024-01-30T00:00:00+00:00, run_after=2024-01-31T00:00:00+00:00
[2024-01-31T08:54:08.223+0000] {processor.py:183} INFO - Processing /home/deprojectue/miniconda3/envs/airflow_demo/lib/python3.9/site-packages/airflow/example_dags/example_branch_labels.py took 0.083 seconds
[2024-01-31T08:55:09.536+0000] {processor.py:161} INFO - Started process (PID=215575) to work on /home/deprojectue/miniconda3/envs/airflow_demo/lib/python3.9/site-packages/airflow/example_dags/example_branch_labels.py
[2024-01-31T08:55:09.538+0000] {processor.py:830} INFO - Processing file /home/deprojectue/miniconda3/envs/airflow_demo/lib/python3.9/site-packages/airflow/example_dags/example_branch_labels.py for tasks to queue
[2024-01-31T08:55:09.541+0000] {logging_mixin.py:188} INFO - [2024-01-31T08:55:09.541+0000] {dagbag.py:538} INFO - Filling up the DagBag from /home/deprojectue/miniconda3/envs/airflow_demo/lib/python3.9/site-packages/airflow/example_dags/example_branch_labels.py
[2024-01-31T08:55:09.551+0000] {processor.py:840} INFO - DAG(s) 'example_branch_labels' retrieved from /home/deprojectue/miniconda3/envs/airflow_demo/lib/python3.9/site-packages/airflow/example_dags/example_branch_labels.py
[2024-01-31T08:55:09.573+0000] {logging_mixin.py:188} INFO - [2024-01-31T08:55:09.573+0000] {dag.py:3033} INFO - Sync 1 DAGs
[2024-01-31T08:55:09.596+0000] {logging_mixin.py:188} INFO - [2024-01-31T08:55:09.595+0000] {dag.py:3820} INFO - Setting next_dagrun for example_branch_labels to 2024-01-30T00:00:00+00:00, run_after=2024-01-31T00:00:00+00:00
[2024-01-31T08:55:09.624+0000] {processor.py:183} INFO - Processing /home/deprojectue/miniconda3/envs/airflow_demo/lib/python3.9/site-packages/airflow/example_dags/example_branch_labels.py took 0.093 seconds
[2024-01-31T08:56:06.575+0000] {processor.py:161} INFO - Started process (PID=215636) to work on /home/deprojectue/miniconda3/envs/airflow_demo/lib/python3.9/site-packages/airflow/example_dags/example_branch_labels.py
[2024-01-31T08:56:06.577+0000] {processor.py:830} INFO - Processing file /home/deprojectue/miniconda3/envs/airflow_demo/lib/python3.9/site-packages/airflow/example_dags/example_branch_labels.py for tasks to queue
[2024-01-31T08:56:06.581+0000] {logging_mixin.py:188} INFO - [2024-01-31T08:56:06.580+0000] {dagbag.py:538} INFO - Filling up the DagBag from /home/deprojectue/miniconda3/envs/airflow_demo/lib/python3.9/site-packages/airflow/example_dags/example_branch_labels.py
[2024-01-31T08:56:06.590+0000] {processor.py:840} INFO - DAG(s) 'example_branch_labels' retrieved from /home/deprojectue/miniconda3/envs/airflow_demo/lib/python3.9/site-packages/airflow/example_dags/example_branch_labels.py
[2024-01-31T08:56:06.611+0000] {logging_mixin.py:188} INFO - [2024-01-31T08:56:06.610+0000] {dag.py:3033} INFO - Sync 1 DAGs
[2024-01-31T08:56:06.631+0000] {logging_mixin.py:188} INFO - [2024-01-31T08:56:06.631+0000] {dag.py:3820} INFO - Setting next_dagrun for example_branch_labels to 2024-01-30T00:00:00+00:00, run_after=2024-01-31T00:00:00+00:00
[2024-01-31T08:56:06.655+0000] {processor.py:183} INFO - Processing /home/deprojectue/miniconda3/envs/airflow_demo/lib/python3.9/site-packages/airflow/example_dags/example_branch_labels.py took 0.084 seconds
[2024-01-31T08:57:04.980+0000] {processor.py:161} INFO - Started process (PID=215713) to work on /home/deprojectue/miniconda3/envs/airflow_demo/lib/python3.9/site-packages/airflow/example_dags/example_branch_labels.py
[2024-01-31T08:57:04.983+0000] {processor.py:830} INFO - Processing file /home/deprojectue/miniconda3/envs/airflow_demo/lib/python3.9/site-packages/airflow/example_dags/example_branch_labels.py for tasks to queue
[2024-01-31T08:57:04.987+0000] {logging_mixin.py:188} INFO - [2024-01-31T08:57:04.987+0000] {dagbag.py:538} INFO - Filling up the DagBag from /home/deprojectue/miniconda3/envs/airflow_demo/lib/python3.9/site-packages/airflow/example_dags/example_branch_labels.py
[2024-01-31T08:57:04.998+0000] {processor.py:840} INFO - DAG(s) 'example_branch_labels' retrieved from /home/deprojectue/miniconda3/envs/airflow_demo/lib/python3.9/site-packages/airflow/example_dags/example_branch_labels.py
[2024-01-31T08:57:05.021+0000] {logging_mixin.py:188} INFO - [2024-01-31T08:57:05.020+0000] {dag.py:3033} INFO - Sync 1 DAGs
[2024-01-31T08:57:05.043+0000] {logging_mixin.py:188} INFO - [2024-01-31T08:57:05.043+0000] {dag.py:3820} INFO - Setting next_dagrun for example_branch_labels to 2024-01-30T00:00:00+00:00, run_after=2024-01-31T00:00:00+00:00
[2024-01-31T08:57:05.070+0000] {processor.py:183} INFO - Processing /home/deprojectue/miniconda3/envs/airflow_demo/lib/python3.9/site-packages/airflow/example_dags/example_branch_labels.py took 0.094 seconds
[2024-01-31T08:57:58.970+0000] {processor.py:161} INFO - Started process (PID=215769) to work on /home/deprojectue/miniconda3/envs/airflow_demo/lib/python3.9/site-packages/airflow/example_dags/example_branch_labels.py
[2024-01-31T08:57:58.973+0000] {processor.py:830} INFO - Processing file /home/deprojectue/miniconda3/envs/airflow_demo/lib/python3.9/site-packages/airflow/example_dags/example_branch_labels.py for tasks to queue
[2024-01-31T08:57:58.976+0000] {logging_mixin.py:188} INFO - [2024-01-31T08:57:58.976+0000] {dagbag.py:538} INFO - Filling up the DagBag from /home/deprojectue/miniconda3/envs/airflow_demo/lib/python3.9/site-packages/airflow/example_dags/example_branch_labels.py
[2024-01-31T08:57:58.987+0000] {processor.py:840} INFO - DAG(s) 'example_branch_labels' retrieved from /home/deprojectue/miniconda3/envs/airflow_demo/lib/python3.9/site-packages/airflow/example_dags/example_branch_labels.py
[2024-01-31T08:57:59.011+0000] {logging_mixin.py:188} INFO - [2024-01-31T08:57:59.010+0000] {dag.py:3033} INFO - Sync 1 DAGs
[2024-01-31T08:57:59.032+0000] {logging_mixin.py:188} INFO - [2024-01-31T08:57:59.032+0000] {dag.py:3820} INFO - Setting next_dagrun for example_branch_labels to 2024-01-30T00:00:00+00:00, run_after=2024-01-31T00:00:00+00:00
[2024-01-31T08:57:59.057+0000] {processor.py:183} INFO - Processing /home/deprojectue/miniconda3/envs/airflow_demo/lib/python3.9/site-packages/airflow/example_dags/example_branch_labels.py took 0.092 seconds
[2024-01-31T08:58:59.556+0000] {processor.py:161} INFO - Started process (PID=215850) to work on /home/deprojectue/miniconda3/envs/airflow_demo/lib/python3.9/site-packages/airflow/example_dags/example_branch_labels.py
[2024-01-31T08:58:59.559+0000] {processor.py:830} INFO - Processing file /home/deprojectue/miniconda3/envs/airflow_demo/lib/python3.9/site-packages/airflow/example_dags/example_branch_labels.py for tasks to queue
[2024-01-31T08:58:59.562+0000] {logging_mixin.py:188} INFO - [2024-01-31T08:58:59.562+0000] {dagbag.py:538} INFO - Filling up the DagBag from /home/deprojectue/miniconda3/envs/airflow_demo/lib/python3.9/site-packages/airflow/example_dags/example_branch_labels.py
[2024-01-31T08:58:59.572+0000] {processor.py:840} INFO - DAG(s) 'example_branch_labels' retrieved from /home/deprojectue/miniconda3/envs/airflow_demo/lib/python3.9/site-packages/airflow/example_dags/example_branch_labels.py
[2024-01-31T08:58:59.594+0000] {logging_mixin.py:188} INFO - [2024-01-31T08:58:59.593+0000] {dag.py:3033} INFO - Sync 1 DAGs
[2024-01-31T08:58:59.614+0000] {logging_mixin.py:188} INFO - [2024-01-31T08:58:59.614+0000] {dag.py:3820} INFO - Setting next_dagrun for example_branch_labels to 2024-01-30T00:00:00+00:00, run_after=2024-01-31T00:00:00+00:00
[2024-01-31T08:58:59.637+0000] {processor.py:183} INFO - Processing /home/deprojectue/miniconda3/envs/airflow_demo/lib/python3.9/site-packages/airflow/example_dags/example_branch_labels.py took 0.085 seconds
[2024-01-31T09:00:00.112+0000] {processor.py:161} INFO - Started process (PID=215913) to work on /home/deprojectue/miniconda3/envs/airflow_demo/lib/python3.9/site-packages/airflow/example_dags/example_branch_labels.py
[2024-01-31T09:00:00.115+0000] {processor.py:830} INFO - Processing file /home/deprojectue/miniconda3/envs/airflow_demo/lib/python3.9/site-packages/airflow/example_dags/example_branch_labels.py for tasks to queue
[2024-01-31T09:00:00.118+0000] {logging_mixin.py:188} INFO - [2024-01-31T09:00:00.118+0000] {dagbag.py:538} INFO - Filling up the DagBag from /home/deprojectue/miniconda3/envs/airflow_demo/lib/python3.9/site-packages/airflow/example_dags/example_branch_labels.py
[2024-01-31T09:00:00.128+0000] {processor.py:840} INFO - DAG(s) 'example_branch_labels' retrieved from /home/deprojectue/miniconda3/envs/airflow_demo/lib/python3.9/site-packages/airflow/example_dags/example_branch_labels.py
[2024-01-31T09:00:00.150+0000] {logging_mixin.py:188} INFO - [2024-01-31T09:00:00.149+0000] {dag.py:3033} INFO - Sync 1 DAGs
[2024-01-31T09:00:00.172+0000] {logging_mixin.py:188} INFO - [2024-01-31T09:00:00.171+0000] {dag.py:3820} INFO - Setting next_dagrun for example_branch_labels to 2024-01-30T00:00:00+00:00, run_after=2024-01-31T00:00:00+00:00
[2024-01-31T09:00:00.195+0000] {processor.py:183} INFO - Processing /home/deprojectue/miniconda3/envs/airflow_demo/lib/python3.9/site-packages/airflow/example_dags/example_branch_labels.py took 0.087 seconds
[2024-01-31T09:00:55.226+0000] {processor.py:161} INFO - Started process (PID=215971) to work on /home/deprojectue/miniconda3/envs/airflow_demo/lib/python3.9/site-packages/airflow/example_dags/example_branch_labels.py
[2024-01-31T09:00:55.228+0000] {processor.py:830} INFO - Processing file /home/deprojectue/miniconda3/envs/airflow_demo/lib/python3.9/site-packages/airflow/example_dags/example_branch_labels.py for tasks to queue
[2024-01-31T09:00:55.232+0000] {logging_mixin.py:188} INFO - [2024-01-31T09:00:55.231+0000] {dagbag.py:538} INFO - Filling up the DagBag from /home/deprojectue/miniconda3/envs/airflow_demo/lib/python3.9/site-packages/airflow/example_dags/example_branch_labels.py
[2024-01-31T09:00:55.242+0000] {processor.py:840} INFO - DAG(s) 'example_branch_labels' retrieved from /home/deprojectue/miniconda3/envs/airflow_demo/lib/python3.9/site-packages/airflow/example_dags/example_branch_labels.py
[2024-01-31T09:00:55.264+0000] {logging_mixin.py:188} INFO - [2024-01-31T09:00:55.263+0000] {dag.py:3033} INFO - Sync 1 DAGs
[2024-01-31T09:00:55.285+0000] {logging_mixin.py:188} INFO - [2024-01-31T09:00:55.285+0000] {dag.py:3820} INFO - Setting next_dagrun for example_branch_labels to 2024-01-30T00:00:00+00:00, run_after=2024-01-31T00:00:00+00:00
[2024-01-31T09:00:55.310+0000] {processor.py:183} INFO - Processing /home/deprojectue/miniconda3/envs/airflow_demo/lib/python3.9/site-packages/airflow/example_dags/example_branch_labels.py took 0.089 seconds
[2024-01-31T09:01:51.218+0000] {processor.py:161} INFO - Started process (PID=216032) to work on /home/deprojectue/miniconda3/envs/airflow_demo/lib/python3.9/site-packages/airflow/example_dags/example_branch_labels.py
[2024-01-31T09:01:51.221+0000] {processor.py:830} INFO - Processing file /home/deprojectue/miniconda3/envs/airflow_demo/lib/python3.9/site-packages/airflow/example_dags/example_branch_labels.py for tasks to queue
[2024-01-31T09:01:51.224+0000] {logging_mixin.py:188} INFO - [2024-01-31T09:01:51.224+0000] {dagbag.py:538} INFO - Filling up the DagBag from /home/deprojectue/miniconda3/envs/airflow_demo/lib/python3.9/site-packages/airflow/example_dags/example_branch_labels.py
[2024-01-31T09:01:51.238+0000] {processor.py:840} INFO - DAG(s) 'example_branch_labels' retrieved from /home/deprojectue/miniconda3/envs/airflow_demo/lib/python3.9/site-packages/airflow/example_dags/example_branch_labels.py
[2024-01-31T09:01:51.264+0000] {logging_mixin.py:188} INFO - [2024-01-31T09:01:51.264+0000] {dag.py:3033} INFO - Sync 1 DAGs
[2024-01-31T09:01:51.288+0000] {logging_mixin.py:188} INFO - [2024-01-31T09:01:51.287+0000] {dag.py:3820} INFO - Setting next_dagrun for example_branch_labels to 2024-01-30T00:00:00+00:00, run_after=2024-01-31T00:00:00+00:00
[2024-01-31T09:01:51.316+0000] {processor.py:183} INFO - Processing /home/deprojectue/miniconda3/envs/airflow_demo/lib/python3.9/site-packages/airflow/example_dags/example_branch_labels.py took 0.102 seconds
[2024-01-31T09:02:48.070+0000] {processor.py:161} INFO - Started process (PID=216092) to work on /home/deprojectue/miniconda3/envs/airflow_demo/lib/python3.9/site-packages/airflow/example_dags/example_branch_labels.py
[2024-01-31T09:02:48.072+0000] {processor.py:830} INFO - Processing file /home/deprojectue/miniconda3/envs/airflow_demo/lib/python3.9/site-packages/airflow/example_dags/example_branch_labels.py for tasks to queue
[2024-01-31T09:02:48.075+0000] {logging_mixin.py:188} INFO - [2024-01-31T09:02:48.075+0000] {dagbag.py:538} INFO - Filling up the DagBag from /home/deprojectue/miniconda3/envs/airflow_demo/lib/python3.9/site-packages/airflow/example_dags/example_branch_labels.py
[2024-01-31T09:02:48.086+0000] {processor.py:840} INFO - DAG(s) 'example_branch_labels' retrieved from /home/deprojectue/miniconda3/envs/airflow_demo/lib/python3.9/site-packages/airflow/example_dags/example_branch_labels.py
[2024-01-31T09:02:48.108+0000] {logging_mixin.py:188} INFO - [2024-01-31T09:02:48.108+0000] {dag.py:3033} INFO - Sync 1 DAGs
[2024-01-31T09:02:48.129+0000] {logging_mixin.py:188} INFO - [2024-01-31T09:02:48.129+0000] {dag.py:3820} INFO - Setting next_dagrun for example_branch_labels to 2024-01-30T00:00:00+00:00, run_after=2024-01-31T00:00:00+00:00
[2024-01-31T09:02:48.154+0000] {processor.py:183} INFO - Processing /home/deprojectue/miniconda3/envs/airflow_demo/lib/python3.9/site-packages/airflow/example_dags/example_branch_labels.py took 0.088 seconds
[2024-01-31T09:03:42.428+0000] {processor.py:161} INFO - Started process (PID=216148) to work on /home/deprojectue/miniconda3/envs/airflow_demo/lib/python3.9/site-packages/airflow/example_dags/example_branch_labels.py
[2024-01-31T09:03:42.430+0000] {processor.py:830} INFO - Processing file /home/deprojectue/miniconda3/envs/airflow_demo/lib/python3.9/site-packages/airflow/example_dags/example_branch_labels.py for tasks to queue
[2024-01-31T09:03:42.433+0000] {logging_mixin.py:188} INFO - [2024-01-31T09:03:42.433+0000] {dagbag.py:538} INFO - Filling up the DagBag from /home/deprojectue/miniconda3/envs/airflow_demo/lib/python3.9/site-packages/airflow/example_dags/example_branch_labels.py
[2024-01-31T09:03:42.443+0000] {processor.py:840} INFO - DAG(s) 'example_branch_labels' retrieved from /home/deprojectue/miniconda3/envs/airflow_demo/lib/python3.9/site-packages/airflow/example_dags/example_branch_labels.py
[2024-01-31T09:03:42.463+0000] {logging_mixin.py:188} INFO - [2024-01-31T09:03:42.463+0000] {dag.py:3033} INFO - Sync 1 DAGs
[2024-01-31T09:03:42.484+0000] {logging_mixin.py:188} INFO - [2024-01-31T09:03:42.484+0000] {dag.py:3820} INFO - Setting next_dagrun for example_branch_labels to 2024-01-30T00:00:00+00:00, run_after=2024-01-31T00:00:00+00:00
[2024-01-31T09:03:42.508+0000] {processor.py:183} INFO - Processing /home/deprojectue/miniconda3/envs/airflow_demo/lib/python3.9/site-packages/airflow/example_dags/example_branch_labels.py took 0.085 seconds
[2024-01-31T09:04:35.190+0000] {processor.py:161} INFO - Started process (PID=216205) to work on /home/deprojectue/miniconda3/envs/airflow_demo/lib/python3.9/site-packages/airflow/example_dags/example_branch_labels.py
[2024-01-31T09:04:35.193+0000] {processor.py:830} INFO - Processing file /home/deprojectue/miniconda3/envs/airflow_demo/lib/python3.9/site-packages/airflow/example_dags/example_branch_labels.py for tasks to queue
[2024-01-31T09:04:35.196+0000] {logging_mixin.py:188} INFO - [2024-01-31T09:04:35.196+0000] {dagbag.py:538} INFO - Filling up the DagBag from /home/deprojectue/miniconda3/envs/airflow_demo/lib/python3.9/site-packages/airflow/example_dags/example_branch_labels.py
[2024-01-31T09:04:35.209+0000] {processor.py:840} INFO - DAG(s) 'example_branch_labels' retrieved from /home/deprojectue/miniconda3/envs/airflow_demo/lib/python3.9/site-packages/airflow/example_dags/example_branch_labels.py
[2024-01-31T09:04:35.232+0000] {logging_mixin.py:188} INFO - [2024-01-31T09:04:35.231+0000] {dag.py:3033} INFO - Sync 1 DAGs
[2024-01-31T09:04:35.255+0000] {logging_mixin.py:188} INFO - [2024-01-31T09:04:35.255+0000] {dag.py:3820} INFO - Setting next_dagrun for example_branch_labels to 2024-01-30T00:00:00+00:00, run_after=2024-01-31T00:00:00+00:00
[2024-01-31T09:04:35.279+0000] {processor.py:183} INFO - Processing /home/deprojectue/miniconda3/envs/airflow_demo/lib/python3.9/site-packages/airflow/example_dags/example_branch_labels.py took 0.093 seconds
[2024-01-31T09:07:42.105+0000] {processor.py:161} INFO - Started process (PID=216351) to work on /home/deprojectue/miniconda3/envs/airflow_demo/lib/python3.9/site-packages/airflow/example_dags/example_branch_labels.py
[2024-01-31T09:07:42.108+0000] {processor.py:830} INFO - Processing file /home/deprojectue/miniconda3/envs/airflow_demo/lib/python3.9/site-packages/airflow/example_dags/example_branch_labels.py for tasks to queue
[2024-01-31T09:07:42.112+0000] {logging_mixin.py:188} INFO - [2024-01-31T09:07:42.111+0000] {dagbag.py:538} INFO - Filling up the DagBag from /home/deprojectue/miniconda3/envs/airflow_demo/lib/python3.9/site-packages/airflow/example_dags/example_branch_labels.py
[2024-01-31T09:07:42.132+0000] {processor.py:840} INFO - DAG(s) 'example_branch_labels' retrieved from /home/deprojectue/miniconda3/envs/airflow_demo/lib/python3.9/site-packages/airflow/example_dags/example_branch_labels.py
[2024-01-31T09:07:42.395+0000] {logging_mixin.py:188} INFO - [2024-01-31T09:07:42.394+0000] {dag.py:3033} INFO - Sync 1 DAGs
[2024-01-31T09:07:42.890+0000] {logging_mixin.py:188} INFO - [2024-01-31T09:07:42.890+0000] {dag.py:3820} INFO - Setting next_dagrun for example_branch_labels to 2024-01-30T00:00:00+00:00, run_after=2024-01-31T00:00:00+00:00
[2024-01-31T09:07:43.131+0000] {processor.py:183} INFO - Processing /home/deprojectue/miniconda3/envs/airflow_demo/lib/python3.9/site-packages/airflow/example_dags/example_branch_labels.py took 1.031 seconds
[2024-01-31T09:36:04.612+0000] {processor.py:161} INFO - Started process (PID=216901) to work on /home/deprojectue/miniconda3/envs/airflow_demo/lib/python3.9/site-packages/airflow/example_dags/example_branch_labels.py
[2024-01-31T09:36:04.615+0000] {processor.py:830} INFO - Processing file /home/deprojectue/miniconda3/envs/airflow_demo/lib/python3.9/site-packages/airflow/example_dags/example_branch_labels.py for tasks to queue
[2024-01-31T09:36:04.618+0000] {logging_mixin.py:188} INFO - [2024-01-31T09:36:04.618+0000] {dagbag.py:538} INFO - Filling up the DagBag from /home/deprojectue/miniconda3/envs/airflow_demo/lib/python3.9/site-packages/airflow/example_dags/example_branch_labels.py
[2024-01-31T09:36:04.634+0000] {processor.py:840} INFO - DAG(s) 'example_branch_labels' retrieved from /home/deprojectue/miniconda3/envs/airflow_demo/lib/python3.9/site-packages/airflow/example_dags/example_branch_labels.py
[2024-01-31T09:36:04.902+0000] {logging_mixin.py:188} INFO - [2024-01-31T09:36:04.888+0000] {override.py:1769} INFO - Created Permission View: can edit on DAG:example_branch_labels
[2024-01-31T09:36:04.918+0000] {logging_mixin.py:188} INFO - [2024-01-31T09:36:04.918+0000] {override.py:1769} INFO - Created Permission View: can read on DAG:example_branch_labels
[2024-01-31T09:36:04.929+0000] {logging_mixin.py:188} INFO - [2024-01-31T09:36:04.929+0000] {override.py:1769} INFO - Created Permission View: can delete on DAG:example_branch_labels
[2024-01-31T09:36:04.930+0000] {logging_mixin.py:188} INFO - [2024-01-31T09:36:04.930+0000] {dag.py:3033} INFO - Sync 1 DAGs
[2024-01-31T09:36:04.944+0000] {logging_mixin.py:188} INFO - [2024-01-31T09:36:04.944+0000] {dag.py:3055} INFO - Creating ORM DAG for example_branch_labels
[2024-01-31T09:36:04.959+0000] {logging_mixin.py:188} INFO - [2024-01-31T09:36:04.959+0000] {dag.py:3820} INFO - Setting next_dagrun for example_branch_labels to 2024-01-30T00:00:00+00:00, run_after=2024-01-31T00:00:00+00:00
[2024-01-31T09:36:05.026+0000] {processor.py:183} INFO - Processing /home/deprojectue/miniconda3/envs/airflow_demo/lib/python3.9/site-packages/airflow/example_dags/example_branch_labels.py took 0.419 seconds
