[2024-01-31T02:07:37.237+0000] {processor.py:161} INFO - Started process (PID=210220) to work on /home/deprojectue/miniconda3/envs/airflow_demo/lib/python3.9/site-packages/airflow/example_dags/example_task_group.py
[2024-01-31T02:07:37.238+0000] {processor.py:830} INFO - Processing file /home/deprojectue/miniconda3/envs/airflow_demo/lib/python3.9/site-packages/airflow/example_dags/example_task_group.py for tasks to queue
[2024-01-31T02:07:37.239+0000] {logging_mixin.py:188} INFO - [2024-01-31T02:07:37.239+0000] {dagbag.py:538} INFO - Filling up the DagBag from /home/deprojectue/miniconda3/envs/airflow_demo/lib/python3.9/site-packages/airflow/example_dags/example_task_group.py
[2024-01-31T02:07:37.249+0000] {processor.py:840} INFO - DAG(s) 'example_task_group' retrieved from /home/deprojectue/miniconda3/envs/airflow_demo/lib/python3.9/site-packages/airflow/example_dags/example_task_group.py
[2024-01-31T02:07:37.374+0000] {logging_mixin.py:188} INFO - [2024-01-31T02:07:37.373+0000] {override.py:1769} INFO - Created Permission View: can read on DAG:example_task_group
[2024-01-31T02:07:37.388+0000] {logging_mixin.py:188} INFO - [2024-01-31T02:07:37.387+0000] {override.py:1769} INFO - Created Permission View: can delete on DAG:example_task_group
[2024-01-31T02:07:37.398+0000] {logging_mixin.py:188} INFO - [2024-01-31T02:07:37.397+0000] {override.py:1769} INFO - Created Permission View: can edit on DAG:example_task_group
[2024-01-31T02:07:37.398+0000] {logging_mixin.py:188} INFO - [2024-01-31T02:07:37.398+0000] {dag.py:3033} INFO - Sync 1 DAGs
[2024-01-31T02:07:37.410+0000] {logging_mixin.py:188} INFO - [2024-01-31T02:07:37.410+0000] {dag.py:3055} INFO - Creating ORM DAG for example_task_group
[2024-01-31T02:07:37.421+0000] {logging_mixin.py:188} INFO - [2024-01-31T02:07:37.421+0000] {dag.py:3820} INFO - Setting next_dagrun for example_task_group to 2024-01-30T00:00:00+00:00, run_after=2024-01-31T00:00:00+00:00
[2024-01-31T02:07:37.445+0000] {processor.py:183} INFO - Processing /home/deprojectue/miniconda3/envs/airflow_demo/lib/python3.9/site-packages/airflow/example_dags/example_task_group.py took 0.212 seconds
[2024-01-31T02:09:11.172+0000] {processor.py:161} INFO - Started process (PID=210691) to work on /home/deprojectue/miniconda3/envs/airflow_demo/lib/python3.9/site-packages/airflow/example_dags/example_task_group.py
[2024-01-31T02:09:11.174+0000] {processor.py:830} INFO - Processing file /home/deprojectue/miniconda3/envs/airflow_demo/lib/python3.9/site-packages/airflow/example_dags/example_task_group.py for tasks to queue
[2024-01-31T02:09:11.175+0000] {logging_mixin.py:188} INFO - [2024-01-31T02:09:11.174+0000] {dagbag.py:538} INFO - Filling up the DagBag from /home/deprojectue/miniconda3/envs/airflow_demo/lib/python3.9/site-packages/airflow/example_dags/example_task_group.py
[2024-01-31T02:09:11.184+0000] {processor.py:840} INFO - DAG(s) 'example_task_group' retrieved from /home/deprojectue/miniconda3/envs/airflow_demo/lib/python3.9/site-packages/airflow/example_dags/example_task_group.py
[2024-01-31T02:09:11.212+0000] {logging_mixin.py:188} INFO - [2024-01-31T02:09:11.212+0000] {dag.py:3033} INFO - Sync 1 DAGs
[2024-01-31T02:09:11.233+0000] {logging_mixin.py:188} INFO - [2024-01-31T02:09:11.233+0000] {dag.py:3820} INFO - Setting next_dagrun for example_task_group to 2024-01-30T00:00:00+00:00, run_after=2024-01-31T00:00:00+00:00
[2024-01-31T02:09:11.259+0000] {processor.py:183} INFO - Processing /home/deprojectue/miniconda3/envs/airflow_demo/lib/python3.9/site-packages/airflow/example_dags/example_task_group.py took 0.091 seconds
[2024-01-31T02:10:04.757+0000] {processor.py:161} INFO - Started process (PID=210964) to work on /home/deprojectue/miniconda3/envs/airflow_demo/lib/python3.9/site-packages/airflow/example_dags/example_task_group.py
[2024-01-31T02:10:04.759+0000] {processor.py:830} INFO - Processing file /home/deprojectue/miniconda3/envs/airflow_demo/lib/python3.9/site-packages/airflow/example_dags/example_task_group.py for tasks to queue
[2024-01-31T02:10:04.760+0000] {logging_mixin.py:188} INFO - [2024-01-31T02:10:04.759+0000] {dagbag.py:538} INFO - Filling up the DagBag from /home/deprojectue/miniconda3/envs/airflow_demo/lib/python3.9/site-packages/airflow/example_dags/example_task_group.py
[2024-01-31T02:10:04.771+0000] {processor.py:840} INFO - DAG(s) 'example_task_group' retrieved from /home/deprojectue/miniconda3/envs/airflow_demo/lib/python3.9/site-packages/airflow/example_dags/example_task_group.py
[2024-01-31T02:10:04.792+0000] {logging_mixin.py:188} INFO - [2024-01-31T02:10:04.792+0000] {dag.py:3033} INFO - Sync 1 DAGs
[2024-01-31T02:10:04.815+0000] {logging_mixin.py:188} INFO - [2024-01-31T02:10:04.815+0000] {dag.py:3820} INFO - Setting next_dagrun for example_task_group to 2024-01-30T00:00:00+00:00, run_after=2024-01-31T00:00:00+00:00
[2024-01-31T02:10:04.842+0000] {processor.py:183} INFO - Processing /home/deprojectue/miniconda3/envs/airflow_demo/lib/python3.9/site-packages/airflow/example_dags/example_task_group.py took 0.090 seconds
[2024-01-31T02:12:54.152+0000] {processor.py:161} INFO - Started process (PID=211050) to work on /home/deprojectue/miniconda3/envs/airflow_demo/lib/python3.9/site-packages/airflow/example_dags/example_task_group.py
[2024-01-31T02:12:54.154+0000] {processor.py:830} INFO - Processing file /home/deprojectue/miniconda3/envs/airflow_demo/lib/python3.9/site-packages/airflow/example_dags/example_task_group.py for tasks to queue
[2024-01-31T02:12:54.157+0000] {logging_mixin.py:188} INFO - [2024-01-31T02:12:54.157+0000] {dagbag.py:538} INFO - Filling up the DagBag from /home/deprojectue/miniconda3/envs/airflow_demo/lib/python3.9/site-packages/airflow/example_dags/example_task_group.py
[2024-01-31T02:12:54.167+0000] {processor.py:840} INFO - DAG(s) 'example_task_group' retrieved from /home/deprojectue/miniconda3/envs/airflow_demo/lib/python3.9/site-packages/airflow/example_dags/example_task_group.py
[2024-01-31T02:12:54.192+0000] {logging_mixin.py:188} INFO - [2024-01-31T02:12:54.192+0000] {dag.py:3033} INFO - Sync 1 DAGs
[2024-01-31T02:12:54.215+0000] {logging_mixin.py:188} INFO - [2024-01-31T02:12:54.215+0000] {dag.py:3820} INFO - Setting next_dagrun for example_task_group to 2024-01-30T00:00:00+00:00, run_after=2024-01-31T00:00:00+00:00
[2024-01-31T02:12:54.242+0000] {processor.py:183} INFO - Processing /home/deprojectue/miniconda3/envs/airflow_demo/lib/python3.9/site-packages/airflow/example_dags/example_task_group.py took 0.095 seconds
[2024-01-31T02:13:42.151+0000] {processor.py:161} INFO - Started process (PID=211108) to work on /home/deprojectue/miniconda3/envs/airflow_demo/lib/python3.9/site-packages/airflow/example_dags/example_task_group.py
[2024-01-31T02:13:42.153+0000] {processor.py:830} INFO - Processing file /home/deprojectue/miniconda3/envs/airflow_demo/lib/python3.9/site-packages/airflow/example_dags/example_task_group.py for tasks to queue
[2024-01-31T02:13:42.156+0000] {logging_mixin.py:188} INFO - [2024-01-31T02:13:42.155+0000] {dagbag.py:538} INFO - Filling up the DagBag from /home/deprojectue/miniconda3/envs/airflow_demo/lib/python3.9/site-packages/airflow/example_dags/example_task_group.py
[2024-01-31T02:13:42.166+0000] {processor.py:840} INFO - DAG(s) 'example_task_group' retrieved from /home/deprojectue/miniconda3/envs/airflow_demo/lib/python3.9/site-packages/airflow/example_dags/example_task_group.py
[2024-01-31T02:13:42.187+0000] {logging_mixin.py:188} INFO - [2024-01-31T02:13:42.187+0000] {dag.py:3033} INFO - Sync 1 DAGs
[2024-01-31T02:13:42.210+0000] {logging_mixin.py:188} INFO - [2024-01-31T02:13:42.210+0000] {dag.py:3820} INFO - Setting next_dagrun for example_task_group to 2024-01-30T00:00:00+00:00, run_after=2024-01-31T00:00:00+00:00
[2024-01-31T02:13:42.238+0000] {processor.py:183} INFO - Processing /home/deprojectue/miniconda3/envs/airflow_demo/lib/python3.9/site-packages/airflow/example_dags/example_task_group.py took 0.091 seconds
[2024-01-31T02:21:52.649+0000] {processor.py:161} INFO - Started process (PID=211310) to work on /home/deprojectue/miniconda3/envs/airflow_demo/lib/python3.9/site-packages/airflow/example_dags/example_task_group.py
[2024-01-31T02:21:52.651+0000] {processor.py:830} INFO - Processing file /home/deprojectue/miniconda3/envs/airflow_demo/lib/python3.9/site-packages/airflow/example_dags/example_task_group.py for tasks to queue
[2024-01-31T02:21:52.655+0000] {logging_mixin.py:188} INFO - [2024-01-31T02:21:52.654+0000] {dagbag.py:538} INFO - Filling up the DagBag from /home/deprojectue/miniconda3/envs/airflow_demo/lib/python3.9/site-packages/airflow/example_dags/example_task_group.py
[2024-01-31T02:21:52.664+0000] {processor.py:840} INFO - DAG(s) 'example_task_group' retrieved from /home/deprojectue/miniconda3/envs/airflow_demo/lib/python3.9/site-packages/airflow/example_dags/example_task_group.py
[2024-01-31T02:21:52.689+0000] {logging_mixin.py:188} INFO - [2024-01-31T02:21:52.689+0000] {dag.py:3033} INFO - Sync 1 DAGs
[2024-01-31T02:21:52.712+0000] {logging_mixin.py:188} INFO - [2024-01-31T02:21:52.712+0000] {dag.py:3820} INFO - Setting next_dagrun for example_task_group to 2024-01-30T00:00:00+00:00, run_after=2024-01-31T00:00:00+00:00
[2024-01-31T02:21:52.738+0000] {processor.py:183} INFO - Processing /home/deprojectue/miniconda3/envs/airflow_demo/lib/python3.9/site-packages/airflow/example_dags/example_task_group.py took 0.093 seconds
[2024-01-31T02:22:43.240+0000] {processor.py:161} INFO - Started process (PID=211361) to work on /home/deprojectue/miniconda3/envs/airflow_demo/lib/python3.9/site-packages/airflow/example_dags/example_task_group.py
[2024-01-31T02:22:43.241+0000] {processor.py:830} INFO - Processing file /home/deprojectue/miniconda3/envs/airflow_demo/lib/python3.9/site-packages/airflow/example_dags/example_task_group.py for tasks to queue
[2024-01-31T02:22:43.245+0000] {logging_mixin.py:188} INFO - [2024-01-31T02:22:43.244+0000] {dagbag.py:538} INFO - Filling up the DagBag from /home/deprojectue/miniconda3/envs/airflow_demo/lib/python3.9/site-packages/airflow/example_dags/example_task_group.py
[2024-01-31T02:22:43.256+0000] {processor.py:840} INFO - DAG(s) 'example_task_group' retrieved from /home/deprojectue/miniconda3/envs/airflow_demo/lib/python3.9/site-packages/airflow/example_dags/example_task_group.py
[2024-01-31T02:22:43.279+0000] {logging_mixin.py:188} INFO - [2024-01-31T02:22:43.278+0000] {dag.py:3033} INFO - Sync 1 DAGs
[2024-01-31T02:22:43.302+0000] {logging_mixin.py:188} INFO - [2024-01-31T02:22:43.301+0000] {dag.py:3820} INFO - Setting next_dagrun for example_task_group to 2024-01-30T00:00:00+00:00, run_after=2024-01-31T00:00:00+00:00
[2024-01-31T02:22:43.327+0000] {processor.py:183} INFO - Processing /home/deprojectue/miniconda3/envs/airflow_demo/lib/python3.9/site-packages/airflow/example_dags/example_task_group.py took 0.092 seconds
[2024-01-31T08:24:23.414+0000] {processor.py:161} INFO - Started process (PID=214043) to work on /home/deprojectue/miniconda3/envs/airflow_demo/lib/python3.9/site-packages/airflow/example_dags/example_task_group.py
[2024-01-31T08:24:23.416+0000] {processor.py:830} INFO - Processing file /home/deprojectue/miniconda3/envs/airflow_demo/lib/python3.9/site-packages/airflow/example_dags/example_task_group.py for tasks to queue
[2024-01-31T08:24:23.420+0000] {logging_mixin.py:188} INFO - [2024-01-31T08:24:23.419+0000] {dagbag.py:538} INFO - Filling up the DagBag from /home/deprojectue/miniconda3/envs/airflow_demo/lib/python3.9/site-packages/airflow/example_dags/example_task_group.py
[2024-01-31T08:24:23.431+0000] {processor.py:840} INFO - DAG(s) 'example_task_group' retrieved from /home/deprojectue/miniconda3/envs/airflow_demo/lib/python3.9/site-packages/airflow/example_dags/example_task_group.py
[2024-01-31T08:24:23.456+0000] {logging_mixin.py:188} INFO - [2024-01-31T08:24:23.456+0000] {dag.py:3033} INFO - Sync 1 DAGs
[2024-01-31T08:24:23.480+0000] {logging_mixin.py:188} INFO - [2024-01-31T08:24:23.480+0000] {dag.py:3820} INFO - Setting next_dagrun for example_task_group to 2024-01-30T00:00:00+00:00, run_after=2024-01-31T00:00:00+00:00
[2024-01-31T08:24:23.505+0000] {processor.py:183} INFO - Processing /home/deprojectue/miniconda3/envs/airflow_demo/lib/python3.9/site-packages/airflow/example_dags/example_task_group.py took 0.095 seconds
[2024-01-31T08:25:20.625+0000] {processor.py:161} INFO - Started process (PID=214102) to work on /home/deprojectue/miniconda3/envs/airflow_demo/lib/python3.9/site-packages/airflow/example_dags/example_task_group.py
[2024-01-31T08:25:20.627+0000] {processor.py:830} INFO - Processing file /home/deprojectue/miniconda3/envs/airflow_demo/lib/python3.9/site-packages/airflow/example_dags/example_task_group.py for tasks to queue
[2024-01-31T08:25:20.630+0000] {logging_mixin.py:188} INFO - [2024-01-31T08:25:20.630+0000] {dagbag.py:538} INFO - Filling up the DagBag from /home/deprojectue/miniconda3/envs/airflow_demo/lib/python3.9/site-packages/airflow/example_dags/example_task_group.py
[2024-01-31T08:25:20.641+0000] {processor.py:840} INFO - DAG(s) 'example_task_group' retrieved from /home/deprojectue/miniconda3/envs/airflow_demo/lib/python3.9/site-packages/airflow/example_dags/example_task_group.py
[2024-01-31T08:25:20.663+0000] {logging_mixin.py:188} INFO - [2024-01-31T08:25:20.663+0000] {dag.py:3033} INFO - Sync 1 DAGs
[2024-01-31T08:25:20.686+0000] {logging_mixin.py:188} INFO - [2024-01-31T08:25:20.686+0000] {dag.py:3820} INFO - Setting next_dagrun for example_task_group to 2024-01-30T00:00:00+00:00, run_after=2024-01-31T00:00:00+00:00
[2024-01-31T08:25:20.711+0000] {processor.py:183} INFO - Processing /home/deprojectue/miniconda3/envs/airflow_demo/lib/python3.9/site-packages/airflow/example_dags/example_task_group.py took 0.090 seconds
[2024-01-31T08:52:04.277+0000] {processor.py:161} INFO - Started process (PID=215383) to work on /home/deprojectue/miniconda3/envs/airflow_demo/lib/python3.9/site-packages/airflow/example_dags/example_task_group.py
[2024-01-31T08:52:04.279+0000] {processor.py:830} INFO - Processing file /home/deprojectue/miniconda3/envs/airflow_demo/lib/python3.9/site-packages/airflow/example_dags/example_task_group.py for tasks to queue
[2024-01-31T08:52:04.282+0000] {logging_mixin.py:188} INFO - [2024-01-31T08:52:04.282+0000] {dagbag.py:538} INFO - Filling up the DagBag from /home/deprojectue/miniconda3/envs/airflow_demo/lib/python3.9/site-packages/airflow/example_dags/example_task_group.py
[2024-01-31T08:52:04.295+0000] {processor.py:840} INFO - DAG(s) 'example_task_group' retrieved from /home/deprojectue/miniconda3/envs/airflow_demo/lib/python3.9/site-packages/airflow/example_dags/example_task_group.py
[2024-01-31T08:52:04.320+0000] {logging_mixin.py:188} INFO - [2024-01-31T08:52:04.319+0000] {dag.py:3033} INFO - Sync 1 DAGs
[2024-01-31T08:52:04.339+0000] {logging_mixin.py:188} INFO - [2024-01-31T08:52:04.339+0000] {dag.py:3820} INFO - Setting next_dagrun for example_task_group to 2024-01-30T00:00:00+00:00, run_after=2024-01-31T00:00:00+00:00
[2024-01-31T08:52:04.364+0000] {processor.py:183} INFO - Processing /home/deprojectue/miniconda3/envs/airflow_demo/lib/python3.9/site-packages/airflow/example_dags/example_task_group.py took 0.092 seconds
[2024-01-31T08:52:53.562+0000] {processor.py:161} INFO - Started process (PID=215434) to work on /home/deprojectue/miniconda3/envs/airflow_demo/lib/python3.9/site-packages/airflow/example_dags/example_task_group.py
[2024-01-31T08:52:53.563+0000] {processor.py:830} INFO - Processing file /home/deprojectue/miniconda3/envs/airflow_demo/lib/python3.9/site-packages/airflow/example_dags/example_task_group.py for tasks to queue
[2024-01-31T08:52:53.567+0000] {logging_mixin.py:188} INFO - [2024-01-31T08:52:53.566+0000] {dagbag.py:538} INFO - Filling up the DagBag from /home/deprojectue/miniconda3/envs/airflow_demo/lib/python3.9/site-packages/airflow/example_dags/example_task_group.py
[2024-01-31T08:52:53.577+0000] {processor.py:840} INFO - DAG(s) 'example_task_group' retrieved from /home/deprojectue/miniconda3/envs/airflow_demo/lib/python3.9/site-packages/airflow/example_dags/example_task_group.py
[2024-01-31T08:52:53.598+0000] {logging_mixin.py:188} INFO - [2024-01-31T08:52:53.598+0000] {dag.py:3033} INFO - Sync 1 DAGs
[2024-01-31T08:52:53.618+0000] {logging_mixin.py:188} INFO - [2024-01-31T08:52:53.618+0000] {dag.py:3820} INFO - Setting next_dagrun for example_task_group to 2024-01-30T00:00:00+00:00, run_after=2024-01-31T00:00:00+00:00
[2024-01-31T08:52:53.642+0000] {processor.py:183} INFO - Processing /home/deprojectue/miniconda3/envs/airflow_demo/lib/python3.9/site-packages/airflow/example_dags/example_task_group.py took 0.084 seconds
[2024-01-31T08:53:43.952+0000] {processor.py:161} INFO - Started process (PID=215486) to work on /home/deprojectue/miniconda3/envs/airflow_demo/lib/python3.9/site-packages/airflow/example_dags/example_task_group.py
[2024-01-31T08:53:43.954+0000] {processor.py:830} INFO - Processing file /home/deprojectue/miniconda3/envs/airflow_demo/lib/python3.9/site-packages/airflow/example_dags/example_task_group.py for tasks to queue
[2024-01-31T08:53:43.957+0000] {logging_mixin.py:188} INFO - [2024-01-31T08:53:43.957+0000] {dagbag.py:538} INFO - Filling up the DagBag from /home/deprojectue/miniconda3/envs/airflow_demo/lib/python3.9/site-packages/airflow/example_dags/example_task_group.py
[2024-01-31T08:53:43.968+0000] {processor.py:840} INFO - DAG(s) 'example_task_group' retrieved from /home/deprojectue/miniconda3/envs/airflow_demo/lib/python3.9/site-packages/airflow/example_dags/example_task_group.py
[2024-01-31T08:53:43.990+0000] {logging_mixin.py:188} INFO - [2024-01-31T08:53:43.990+0000] {dag.py:3033} INFO - Sync 1 DAGs
[2024-01-31T08:53:44.011+0000] {logging_mixin.py:188} INFO - [2024-01-31T08:53:44.011+0000] {dag.py:3820} INFO - Setting next_dagrun for example_task_group to 2024-01-30T00:00:00+00:00, run_after=2024-01-31T00:00:00+00:00
[2024-01-31T08:53:44.038+0000] {processor.py:183} INFO - Processing /home/deprojectue/miniconda3/envs/airflow_demo/lib/python3.9/site-packages/airflow/example_dags/example_task_group.py took 0.090 seconds
[2024-01-31T08:54:44.013+0000] {processor.py:161} INFO - Started process (PID=215549) to work on /home/deprojectue/miniconda3/envs/airflow_demo/lib/python3.9/site-packages/airflow/example_dags/example_task_group.py
[2024-01-31T08:54:44.015+0000] {processor.py:830} INFO - Processing file /home/deprojectue/miniconda3/envs/airflow_demo/lib/python3.9/site-packages/airflow/example_dags/example_task_group.py for tasks to queue
[2024-01-31T08:54:44.019+0000] {logging_mixin.py:188} INFO - [2024-01-31T08:54:44.018+0000] {dagbag.py:538} INFO - Filling up the DagBag from /home/deprojectue/miniconda3/envs/airflow_demo/lib/python3.9/site-packages/airflow/example_dags/example_task_group.py
[2024-01-31T08:54:44.030+0000] {processor.py:840} INFO - DAG(s) 'example_task_group' retrieved from /home/deprojectue/miniconda3/envs/airflow_demo/lib/python3.9/site-packages/airflow/example_dags/example_task_group.py
[2024-01-31T08:54:44.051+0000] {logging_mixin.py:188} INFO - [2024-01-31T08:54:44.051+0000] {dag.py:3033} INFO - Sync 1 DAGs
[2024-01-31T08:54:44.073+0000] {logging_mixin.py:188} INFO - [2024-01-31T08:54:44.073+0000] {dag.py:3820} INFO - Setting next_dagrun for example_task_group to 2024-01-30T00:00:00+00:00, run_after=2024-01-31T00:00:00+00:00
[2024-01-31T08:54:44.099+0000] {processor.py:183} INFO - Processing /home/deprojectue/miniconda3/envs/airflow_demo/lib/python3.9/site-packages/airflow/example_dags/example_task_group.py took 0.091 seconds
[2024-01-31T08:55:43.911+0000] {processor.py:161} INFO - Started process (PID=215612) to work on /home/deprojectue/miniconda3/envs/airflow_demo/lib/python3.9/site-packages/airflow/example_dags/example_task_group.py
[2024-01-31T08:55:43.913+0000] {processor.py:830} INFO - Processing file /home/deprojectue/miniconda3/envs/airflow_demo/lib/python3.9/site-packages/airflow/example_dags/example_task_group.py for tasks to queue
[2024-01-31T08:55:43.917+0000] {logging_mixin.py:188} INFO - [2024-01-31T08:55:43.916+0000] {dagbag.py:538} INFO - Filling up the DagBag from /home/deprojectue/miniconda3/envs/airflow_demo/lib/python3.9/site-packages/airflow/example_dags/example_task_group.py
[2024-01-31T08:55:43.927+0000] {processor.py:840} INFO - DAG(s) 'example_task_group' retrieved from /home/deprojectue/miniconda3/envs/airflow_demo/lib/python3.9/site-packages/airflow/example_dags/example_task_group.py
[2024-01-31T08:55:43.948+0000] {logging_mixin.py:188} INFO - [2024-01-31T08:55:43.948+0000] {dag.py:3033} INFO - Sync 1 DAGs
[2024-01-31T08:55:43.969+0000] {logging_mixin.py:188} INFO - [2024-01-31T08:55:43.968+0000] {dag.py:3820} INFO - Setting next_dagrun for example_task_group to 2024-01-30T00:00:00+00:00, run_after=2024-01-31T00:00:00+00:00
[2024-01-31T08:55:43.993+0000] {processor.py:183} INFO - Processing /home/deprojectue/miniconda3/envs/airflow_demo/lib/python3.9/site-packages/airflow/example_dags/example_task_group.py took 0.086 seconds
[2024-01-31T08:56:39.499+0000] {processor.py:161} INFO - Started process (PID=215682) to work on /home/deprojectue/miniconda3/envs/airflow_demo/lib/python3.9/site-packages/airflow/example_dags/example_task_group.py
[2024-01-31T08:56:39.501+0000] {processor.py:830} INFO - Processing file /home/deprojectue/miniconda3/envs/airflow_demo/lib/python3.9/site-packages/airflow/example_dags/example_task_group.py for tasks to queue
[2024-01-31T08:56:39.504+0000] {logging_mixin.py:188} INFO - [2024-01-31T08:56:39.504+0000] {dagbag.py:538} INFO - Filling up the DagBag from /home/deprojectue/miniconda3/envs/airflow_demo/lib/python3.9/site-packages/airflow/example_dags/example_task_group.py
[2024-01-31T08:56:39.516+0000] {processor.py:840} INFO - DAG(s) 'example_task_group' retrieved from /home/deprojectue/miniconda3/envs/airflow_demo/lib/python3.9/site-packages/airflow/example_dags/example_task_group.py
[2024-01-31T08:56:39.539+0000] {logging_mixin.py:188} INFO - [2024-01-31T08:56:39.538+0000] {dag.py:3033} INFO - Sync 1 DAGs
[2024-01-31T08:56:39.560+0000] {logging_mixin.py:188} INFO - [2024-01-31T08:56:39.560+0000] {dag.py:3820} INFO - Setting next_dagrun for example_task_group to 2024-01-30T00:00:00+00:00, run_after=2024-01-31T00:00:00+00:00
[2024-01-31T08:56:39.585+0000] {processor.py:183} INFO - Processing /home/deprojectue/miniconda3/envs/airflow_demo/lib/python3.9/site-packages/airflow/example_dags/example_task_group.py took 0.091 seconds
[2024-01-31T08:57:35.538+0000] {processor.py:161} INFO - Started process (PID=215745) to work on /home/deprojectue/miniconda3/envs/airflow_demo/lib/python3.9/site-packages/airflow/example_dags/example_task_group.py
[2024-01-31T08:57:35.540+0000] {processor.py:830} INFO - Processing file /home/deprojectue/miniconda3/envs/airflow_demo/lib/python3.9/site-packages/airflow/example_dags/example_task_group.py for tasks to queue
[2024-01-31T08:57:35.544+0000] {logging_mixin.py:188} INFO - [2024-01-31T08:57:35.543+0000] {dagbag.py:538} INFO - Filling up the DagBag from /home/deprojectue/miniconda3/envs/airflow_demo/lib/python3.9/site-packages/airflow/example_dags/example_task_group.py
[2024-01-31T08:57:35.556+0000] {processor.py:840} INFO - DAG(s) 'example_task_group' retrieved from /home/deprojectue/miniconda3/envs/airflow_demo/lib/python3.9/site-packages/airflow/example_dags/example_task_group.py
[2024-01-31T08:57:35.577+0000] {logging_mixin.py:188} INFO - [2024-01-31T08:57:35.577+0000] {dag.py:3033} INFO - Sync 1 DAGs
[2024-01-31T08:57:35.597+0000] {logging_mixin.py:188} INFO - [2024-01-31T08:57:35.597+0000] {dag.py:3820} INFO - Setting next_dagrun for example_task_group to 2024-01-30T00:00:00+00:00, run_after=2024-01-31T00:00:00+00:00
[2024-01-31T08:57:35.622+0000] {processor.py:183} INFO - Processing /home/deprojectue/miniconda3/envs/airflow_demo/lib/python3.9/site-packages/airflow/example_dags/example_task_group.py took 0.088 seconds
[2024-01-31T08:58:33.260+0000] {processor.py:161} INFO - Started process (PID=215804) to work on /home/deprojectue/miniconda3/envs/airflow_demo/lib/python3.9/site-packages/airflow/example_dags/example_task_group.py
[2024-01-31T08:58:33.263+0000] {processor.py:830} INFO - Processing file /home/deprojectue/miniconda3/envs/airflow_demo/lib/python3.9/site-packages/airflow/example_dags/example_task_group.py for tasks to queue
[2024-01-31T08:58:33.267+0000] {logging_mixin.py:188} INFO - [2024-01-31T08:58:33.267+0000] {dagbag.py:538} INFO - Filling up the DagBag from /home/deprojectue/miniconda3/envs/airflow_demo/lib/python3.9/site-packages/airflow/example_dags/example_task_group.py
[2024-01-31T08:58:33.278+0000] {processor.py:840} INFO - DAG(s) 'example_task_group' retrieved from /home/deprojectue/miniconda3/envs/airflow_demo/lib/python3.9/site-packages/airflow/example_dags/example_task_group.py
[2024-01-31T08:58:33.298+0000] {logging_mixin.py:188} INFO - [2024-01-31T08:58:33.298+0000] {dag.py:3033} INFO - Sync 1 DAGs
[2024-01-31T08:58:33.318+0000] {logging_mixin.py:188} INFO - [2024-01-31T08:58:33.318+0000] {dag.py:3820} INFO - Setting next_dagrun for example_task_group to 2024-01-30T00:00:00+00:00, run_after=2024-01-31T00:00:00+00:00
[2024-01-31T08:58:33.342+0000] {processor.py:183} INFO - Processing /home/deprojectue/miniconda3/envs/airflow_demo/lib/python3.9/site-packages/airflow/example_dags/example_task_group.py took 0.086 seconds
[2024-01-31T08:59:14.702+0000] {processor.py:161} INFO - Started process (PID=215866) to work on /home/deprojectue/miniconda3/envs/airflow_demo/lib/python3.9/site-packages/airflow/example_dags/example_task_group.py
[2024-01-31T08:59:14.704+0000] {processor.py:830} INFO - Processing file /home/deprojectue/miniconda3/envs/airflow_demo/lib/python3.9/site-packages/airflow/example_dags/example_task_group.py for tasks to queue
[2024-01-31T08:59:14.708+0000] {logging_mixin.py:188} INFO - [2024-01-31T08:59:14.707+0000] {dagbag.py:538} INFO - Filling up the DagBag from /home/deprojectue/miniconda3/envs/airflow_demo/lib/python3.9/site-packages/airflow/example_dags/example_task_group.py
[2024-01-31T08:59:14.719+0000] {processor.py:840} INFO - DAG(s) 'example_task_group' retrieved from /home/deprojectue/miniconda3/envs/airflow_demo/lib/python3.9/site-packages/airflow/example_dags/example_task_group.py
[2024-01-31T08:59:14.740+0000] {logging_mixin.py:188} INFO - [2024-01-31T08:59:14.740+0000] {dag.py:3033} INFO - Sync 1 DAGs
[2024-01-31T08:59:14.761+0000] {logging_mixin.py:188} INFO - [2024-01-31T08:59:14.761+0000] {dag.py:3820} INFO - Setting next_dagrun for example_task_group to 2024-01-30T00:00:00+00:00, run_after=2024-01-31T00:00:00+00:00
[2024-01-31T08:59:14.787+0000] {processor.py:183} INFO - Processing /home/deprojectue/miniconda3/envs/airflow_demo/lib/python3.9/site-packages/airflow/example_dags/example_task_group.py took 0.089 seconds
[2024-01-31T09:00:13.863+0000] {processor.py:161} INFO - Started process (PID=215927) to work on /home/deprojectue/miniconda3/envs/airflow_demo/lib/python3.9/site-packages/airflow/example_dags/example_task_group.py
[2024-01-31T09:00:13.865+0000] {processor.py:830} INFO - Processing file /home/deprojectue/miniconda3/envs/airflow_demo/lib/python3.9/site-packages/airflow/example_dags/example_task_group.py for tasks to queue
[2024-01-31T09:00:13.869+0000] {logging_mixin.py:188} INFO - [2024-01-31T09:00:13.868+0000] {dagbag.py:538} INFO - Filling up the DagBag from /home/deprojectue/miniconda3/envs/airflow_demo/lib/python3.9/site-packages/airflow/example_dags/example_task_group.py
[2024-01-31T09:00:13.880+0000] {processor.py:840} INFO - DAG(s) 'example_task_group' retrieved from /home/deprojectue/miniconda3/envs/airflow_demo/lib/python3.9/site-packages/airflow/example_dags/example_task_group.py
[2024-01-31T09:00:13.902+0000] {logging_mixin.py:188} INFO - [2024-01-31T09:00:13.902+0000] {dag.py:3033} INFO - Sync 1 DAGs
[2024-01-31T09:00:13.922+0000] {logging_mixin.py:188} INFO - [2024-01-31T09:00:13.922+0000] {dag.py:3820} INFO - Setting next_dagrun for example_task_group to 2024-01-30T00:00:00+00:00, run_after=2024-01-31T00:00:00+00:00
[2024-01-31T09:00:13.947+0000] {processor.py:183} INFO - Processing /home/deprojectue/miniconda3/envs/airflow_demo/lib/python3.9/site-packages/airflow/example_dags/example_task_group.py took 0.088 seconds
[2024-01-31T09:01:09.264+0000] {processor.py:161} INFO - Started process (PID=215987) to work on /home/deprojectue/miniconda3/envs/airflow_demo/lib/python3.9/site-packages/airflow/example_dags/example_task_group.py
[2024-01-31T09:01:09.267+0000] {processor.py:830} INFO - Processing file /home/deprojectue/miniconda3/envs/airflow_demo/lib/python3.9/site-packages/airflow/example_dags/example_task_group.py for tasks to queue
[2024-01-31T09:01:09.270+0000] {logging_mixin.py:188} INFO - [2024-01-31T09:01:09.270+0000] {dagbag.py:538} INFO - Filling up the DagBag from /home/deprojectue/miniconda3/envs/airflow_demo/lib/python3.9/site-packages/airflow/example_dags/example_task_group.py
[2024-01-31T09:01:09.281+0000] {processor.py:840} INFO - DAG(s) 'example_task_group' retrieved from /home/deprojectue/miniconda3/envs/airflow_demo/lib/python3.9/site-packages/airflow/example_dags/example_task_group.py
[2024-01-31T09:01:09.302+0000] {logging_mixin.py:188} INFO - [2024-01-31T09:01:09.301+0000] {dag.py:3033} INFO - Sync 1 DAGs
[2024-01-31T09:01:09.322+0000] {logging_mixin.py:188} INFO - [2024-01-31T09:01:09.321+0000] {dag.py:3820} INFO - Setting next_dagrun for example_task_group to 2024-01-30T00:00:00+00:00, run_after=2024-01-31T00:00:00+00:00
[2024-01-31T09:01:09.346+0000] {processor.py:183} INFO - Processing /home/deprojectue/miniconda3/envs/airflow_demo/lib/python3.9/site-packages/airflow/example_dags/example_task_group.py took 0.086 seconds
[2024-01-31T09:02:03.992+0000] {processor.py:161} INFO - Started process (PID=216046) to work on /home/deprojectue/miniconda3/envs/airflow_demo/lib/python3.9/site-packages/airflow/example_dags/example_task_group.py
[2024-01-31T09:02:03.993+0000] {processor.py:830} INFO - Processing file /home/deprojectue/miniconda3/envs/airflow_demo/lib/python3.9/site-packages/airflow/example_dags/example_task_group.py for tasks to queue
[2024-01-31T09:02:03.997+0000] {logging_mixin.py:188} INFO - [2024-01-31T09:02:03.996+0000] {dagbag.py:538} INFO - Filling up the DagBag from /home/deprojectue/miniconda3/envs/airflow_demo/lib/python3.9/site-packages/airflow/example_dags/example_task_group.py
[2024-01-31T09:02:04.008+0000] {processor.py:840} INFO - DAG(s) 'example_task_group' retrieved from /home/deprojectue/miniconda3/envs/airflow_demo/lib/python3.9/site-packages/airflow/example_dags/example_task_group.py
[2024-01-31T09:02:04.030+0000] {logging_mixin.py:188} INFO - [2024-01-31T09:02:04.030+0000] {dag.py:3033} INFO - Sync 1 DAGs
[2024-01-31T09:02:04.049+0000] {logging_mixin.py:188} INFO - [2024-01-31T09:02:04.049+0000] {dag.py:3820} INFO - Setting next_dagrun for example_task_group to 2024-01-30T00:00:00+00:00, run_after=2024-01-31T00:00:00+00:00
[2024-01-31T09:02:04.074+0000] {processor.py:183} INFO - Processing /home/deprojectue/miniconda3/envs/airflow_demo/lib/python3.9/site-packages/airflow/example_dags/example_task_group.py took 0.087 seconds
[2024-01-31T09:03:01.731+0000] {processor.py:161} INFO - Started process (PID=216105) to work on /home/deprojectue/miniconda3/envs/airflow_demo/lib/python3.9/site-packages/airflow/example_dags/example_task_group.py
[2024-01-31T09:03:01.734+0000] {processor.py:830} INFO - Processing file /home/deprojectue/miniconda3/envs/airflow_demo/lib/python3.9/site-packages/airflow/example_dags/example_task_group.py for tasks to queue
[2024-01-31T09:03:01.738+0000] {logging_mixin.py:188} INFO - [2024-01-31T09:03:01.737+0000] {dagbag.py:538} INFO - Filling up the DagBag from /home/deprojectue/miniconda3/envs/airflow_demo/lib/python3.9/site-packages/airflow/example_dags/example_task_group.py
[2024-01-31T09:03:01.749+0000] {processor.py:840} INFO - DAG(s) 'example_task_group' retrieved from /home/deprojectue/miniconda3/envs/airflow_demo/lib/python3.9/site-packages/airflow/example_dags/example_task_group.py
[2024-01-31T09:03:01.770+0000] {logging_mixin.py:188} INFO - [2024-01-31T09:03:01.770+0000] {dag.py:3033} INFO - Sync 1 DAGs
[2024-01-31T09:03:01.790+0000] {logging_mixin.py:188} INFO - [2024-01-31T09:03:01.789+0000] {dag.py:3820} INFO - Setting next_dagrun for example_task_group to 2024-01-30T00:00:00+00:00, run_after=2024-01-31T00:00:00+00:00
[2024-01-31T09:03:01.815+0000] {processor.py:183} INFO - Processing /home/deprojectue/miniconda3/envs/airflow_demo/lib/python3.9/site-packages/airflow/example_dags/example_task_group.py took 0.088 seconds
[2024-01-31T09:03:55.084+0000] {processor.py:161} INFO - Started process (PID=216161) to work on /home/deprojectue/miniconda3/envs/airflow_demo/lib/python3.9/site-packages/airflow/example_dags/example_task_group.py
[2024-01-31T09:03:55.086+0000] {processor.py:830} INFO - Processing file /home/deprojectue/miniconda3/envs/airflow_demo/lib/python3.9/site-packages/airflow/example_dags/example_task_group.py for tasks to queue
[2024-01-31T09:03:55.090+0000] {logging_mixin.py:188} INFO - [2024-01-31T09:03:55.089+0000] {dagbag.py:538} INFO - Filling up the DagBag from /home/deprojectue/miniconda3/envs/airflow_demo/lib/python3.9/site-packages/airflow/example_dags/example_task_group.py
[2024-01-31T09:03:55.102+0000] {processor.py:840} INFO - DAG(s) 'example_task_group' retrieved from /home/deprojectue/miniconda3/envs/airflow_demo/lib/python3.9/site-packages/airflow/example_dags/example_task_group.py
[2024-01-31T09:03:55.124+0000] {logging_mixin.py:188} INFO - [2024-01-31T09:03:55.124+0000] {dag.py:3033} INFO - Sync 1 DAGs
[2024-01-31T09:03:55.144+0000] {logging_mixin.py:188} INFO - [2024-01-31T09:03:55.144+0000] {dag.py:3820} INFO - Setting next_dagrun for example_task_group to 2024-01-30T00:00:00+00:00, run_after=2024-01-31T00:00:00+00:00
[2024-01-31T09:03:55.170+0000] {processor.py:183} INFO - Processing /home/deprojectue/miniconda3/envs/airflow_demo/lib/python3.9/site-packages/airflow/example_dags/example_task_group.py took 0.090 seconds
[2024-01-31T09:04:49.233+0000] {processor.py:161} INFO - Started process (PID=216220) to work on /home/deprojectue/miniconda3/envs/airflow_demo/lib/python3.9/site-packages/airflow/example_dags/example_task_group.py
[2024-01-31T09:04:49.236+0000] {processor.py:830} INFO - Processing file /home/deprojectue/miniconda3/envs/airflow_demo/lib/python3.9/site-packages/airflow/example_dags/example_task_group.py for tasks to queue
[2024-01-31T09:04:49.240+0000] {logging_mixin.py:188} INFO - [2024-01-31T09:04:49.239+0000] {dagbag.py:538} INFO - Filling up the DagBag from /home/deprojectue/miniconda3/envs/airflow_demo/lib/python3.9/site-packages/airflow/example_dags/example_task_group.py
[2024-01-31T09:04:49.252+0000] {processor.py:840} INFO - DAG(s) 'example_task_group' retrieved from /home/deprojectue/miniconda3/envs/airflow_demo/lib/python3.9/site-packages/airflow/example_dags/example_task_group.py
[2024-01-31T09:04:49.275+0000] {logging_mixin.py:188} INFO - [2024-01-31T09:04:49.275+0000] {dag.py:3033} INFO - Sync 1 DAGs
[2024-01-31T09:04:49.296+0000] {logging_mixin.py:188} INFO - [2024-01-31T09:04:49.296+0000] {dag.py:3820} INFO - Setting next_dagrun for example_task_group to 2024-01-30T00:00:00+00:00, run_after=2024-01-31T00:00:00+00:00
[2024-01-31T09:04:49.323+0000] {processor.py:183} INFO - Processing /home/deprojectue/miniconda3/envs/airflow_demo/lib/python3.9/site-packages/airflow/example_dags/example_task_group.py took 0.095 seconds
[2024-01-31T09:35:46.669+0000] {processor.py:161} INFO - Started process (PID=216885) to work on /home/deprojectue/miniconda3/envs/airflow_demo/lib/python3.9/site-packages/airflow/example_dags/example_task_group.py
[2024-01-31T09:35:46.671+0000] {processor.py:830} INFO - Processing file /home/deprojectue/miniconda3/envs/airflow_demo/lib/python3.9/site-packages/airflow/example_dags/example_task_group.py for tasks to queue
[2024-01-31T09:35:46.676+0000] {logging_mixin.py:188} INFO - [2024-01-31T09:35:46.674+0000] {dagbag.py:538} INFO - Filling up the DagBag from /home/deprojectue/miniconda3/envs/airflow_demo/lib/python3.9/site-packages/airflow/example_dags/example_task_group.py
[2024-01-31T09:35:46.691+0000] {processor.py:840} INFO - DAG(s) 'example_task_group' retrieved from /home/deprojectue/miniconda3/envs/airflow_demo/lib/python3.9/site-packages/airflow/example_dags/example_task_group.py
[2024-01-31T09:35:46.941+0000] {logging_mixin.py:188} INFO - [2024-01-31T09:35:46.936+0000] {override.py:1769} INFO - Created Permission View: can edit on DAG:example_task_group
[2024-01-31T09:35:46.958+0000] {logging_mixin.py:188} INFO - [2024-01-31T09:35:46.957+0000] {override.py:1769} INFO - Created Permission View: can read on DAG:example_task_group
[2024-01-31T09:35:46.969+0000] {logging_mixin.py:188} INFO - [2024-01-31T09:35:46.969+0000] {override.py:1769} INFO - Created Permission View: can delete on DAG:example_task_group
[2024-01-31T09:35:46.970+0000] {logging_mixin.py:188} INFO - [2024-01-31T09:35:46.970+0000] {dag.py:3033} INFO - Sync 1 DAGs
[2024-01-31T09:35:46.983+0000] {logging_mixin.py:188} INFO - [2024-01-31T09:35:46.983+0000] {dag.py:3055} INFO - Creating ORM DAG for example_task_group
[2024-01-31T09:35:47.007+0000] {logging_mixin.py:188} INFO - [2024-01-31T09:35:47.005+0000] {dag.py:3820} INFO - Setting next_dagrun for example_task_group to 2024-01-30T00:00:00+00:00, run_after=2024-01-31T00:00:00+00:00
[2024-01-31T09:35:47.067+0000] {processor.py:183} INFO - Processing /home/deprojectue/miniconda3/envs/airflow_demo/lib/python3.9/site-packages/airflow/example_dags/example_task_group.py took 0.402 seconds
[2024-01-31T09:36:46.941+0000] {processor.py:161} INFO - Started process (PID=216943) to work on /home/deprojectue/miniconda3/envs/airflow_demo/lib/python3.9/site-packages/airflow/example_dags/example_task_group.py
[2024-01-31T09:36:46.943+0000] {processor.py:830} INFO - Processing file /home/deprojectue/miniconda3/envs/airflow_demo/lib/python3.9/site-packages/airflow/example_dags/example_task_group.py for tasks to queue
[2024-01-31T09:36:46.947+0000] {logging_mixin.py:188} INFO - [2024-01-31T09:36:46.947+0000] {dagbag.py:538} INFO - Filling up the DagBag from /home/deprojectue/miniconda3/envs/airflow_demo/lib/python3.9/site-packages/airflow/example_dags/example_task_group.py
[2024-01-31T09:36:46.959+0000] {processor.py:840} INFO - DAG(s) 'example_task_group' retrieved from /home/deprojectue/miniconda3/envs/airflow_demo/lib/python3.9/site-packages/airflow/example_dags/example_task_group.py
[2024-01-31T09:36:46.987+0000] {logging_mixin.py:188} INFO - [2024-01-31T09:36:46.987+0000] {dag.py:3033} INFO - Sync 1 DAGs
[2024-01-31T09:36:47.013+0000] {logging_mixin.py:188} INFO - [2024-01-31T09:36:47.013+0000] {dag.py:3820} INFO - Setting next_dagrun for example_task_group to 2024-01-30T00:00:00+00:00, run_after=2024-01-31T00:00:00+00:00
[2024-01-31T09:36:47.052+0000] {processor.py:183} INFO - Processing /home/deprojectue/miniconda3/envs/airflow_demo/lib/python3.9/site-packages/airflow/example_dags/example_task_group.py took 0.116 seconds
