[2024-01-31T02:07:56.288+0000] {processor.py:161} INFO - Started process (PID=210620) to work on /home/deprojectue/miniconda3/envs/airflow_demo/lib/python3.9/site-packages/airflow/example_dags/example_bash_operator.py
[2024-01-31T02:07:56.289+0000] {processor.py:830} INFO - Processing file /home/deprojectue/miniconda3/envs/airflow_demo/lib/python3.9/site-packages/airflow/example_dags/example_bash_operator.py for tasks to queue
[2024-01-31T02:07:56.290+0000] {logging_mixin.py:188} INFO - [2024-01-31T02:07:56.290+0000] {dagbag.py:538} INFO - Filling up the DagBag from /home/deprojectue/miniconda3/envs/airflow_demo/lib/python3.9/site-packages/airflow/example_dags/example_bash_operator.py
[2024-01-31T02:07:56.305+0000] {processor.py:840} INFO - DAG(s) 'example_bash_operator' retrieved from /home/deprojectue/miniconda3/envs/airflow_demo/lib/python3.9/site-packages/airflow/example_dags/example_bash_operator.py
[2024-01-31T02:07:56.427+0000] {logging_mixin.py:188} INFO - [2024-01-31T02:07:56.426+0000] {override.py:1769} INFO - Created Permission View: can read on DAG:example_bash_operator
[2024-01-31T02:07:56.441+0000] {logging_mixin.py:188} INFO - [2024-01-31T02:07:56.441+0000] {override.py:1769} INFO - Created Permission View: can delete on DAG:example_bash_operator
[2024-01-31T02:07:56.451+0000] {logging_mixin.py:188} INFO - [2024-01-31T02:07:56.451+0000] {override.py:1769} INFO - Created Permission View: can edit on DAG:example_bash_operator
[2024-01-31T02:07:56.452+0000] {logging_mixin.py:188} INFO - [2024-01-31T02:07:56.451+0000] {dag.py:3033} INFO - Sync 1 DAGs
[2024-01-31T02:07:56.462+0000] {logging_mixin.py:188} INFO - [2024-01-31T02:07:56.462+0000] {dag.py:3055} INFO - Creating ORM DAG for example_bash_operator
[2024-01-31T02:07:56.473+0000] {logging_mixin.py:188} INFO - [2024-01-31T02:07:56.472+0000] {dag.py:3820} INFO - Setting next_dagrun for example_bash_operator to 2024-01-30T00:00:00+00:00, run_after=2024-01-31T00:00:00+00:00
[2024-01-31T02:07:56.499+0000] {processor.py:183} INFO - Processing /home/deprojectue/miniconda3/envs/airflow_demo/lib/python3.9/site-packages/airflow/example_dags/example_bash_operator.py took 0.215 seconds
[2024-01-31T02:09:27.975+0000] {processor.py:161} INFO - Started process (PID=210923) to work on /home/deprojectue/miniconda3/envs/airflow_demo/lib/python3.9/site-packages/airflow/example_dags/example_bash_operator.py
[2024-01-31T02:09:27.989+0000] {processor.py:830} INFO - Processing file /home/deprojectue/miniconda3/envs/airflow_demo/lib/python3.9/site-packages/airflow/example_dags/example_bash_operator.py for tasks to queue
[2024-01-31T02:09:27.990+0000] {logging_mixin.py:188} INFO - [2024-01-31T02:09:27.990+0000] {dagbag.py:538} INFO - Filling up the DagBag from /home/deprojectue/miniconda3/envs/airflow_demo/lib/python3.9/site-packages/airflow/example_dags/example_bash_operator.py
[2024-01-31T02:09:28.027+0000] {processor.py:840} INFO - DAG(s) 'example_bash_operator' retrieved from /home/deprojectue/miniconda3/envs/airflow_demo/lib/python3.9/site-packages/airflow/example_dags/example_bash_operator.py
[2024-01-31T02:09:28.209+0000] {logging_mixin.py:188} INFO - [2024-01-31T02:09:28.208+0000] {dag.py:3033} INFO - Sync 1 DAGs
[2024-01-31T02:09:28.297+0000] {logging_mixin.py:188} INFO - [2024-01-31T02:09:28.296+0000] {dag.py:3820} INFO - Setting next_dagrun for example_bash_operator to 2024-01-30T00:00:00+00:00, run_after=2024-01-31T00:00:00+00:00
[2024-01-31T02:09:28.337+0000] {processor.py:183} INFO - Processing /home/deprojectue/miniconda3/envs/airflow_demo/lib/python3.9/site-packages/airflow/example_dags/example_bash_operator.py took 0.367 seconds
[2024-01-31T02:10:18.014+0000] {processor.py:161} INFO - Started process (PID=210978) to work on /home/deprojectue/miniconda3/envs/airflow_demo/lib/python3.9/site-packages/airflow/example_dags/example_bash_operator.py
[2024-01-31T02:10:18.016+0000] {processor.py:830} INFO - Processing file /home/deprojectue/miniconda3/envs/airflow_demo/lib/python3.9/site-packages/airflow/example_dags/example_bash_operator.py for tasks to queue
[2024-01-31T02:10:18.018+0000] {logging_mixin.py:188} INFO - [2024-01-31T02:10:18.017+0000] {dagbag.py:538} INFO - Filling up the DagBag from /home/deprojectue/miniconda3/envs/airflow_demo/lib/python3.9/site-packages/airflow/example_dags/example_bash_operator.py
[2024-01-31T02:10:18.033+0000] {processor.py:840} INFO - DAG(s) 'example_bash_operator' retrieved from /home/deprojectue/miniconda3/envs/airflow_demo/lib/python3.9/site-packages/airflow/example_dags/example_bash_operator.py
[2024-01-31T02:10:18.061+0000] {logging_mixin.py:188} INFO - [2024-01-31T02:10:18.060+0000] {dag.py:3033} INFO - Sync 1 DAGs
[2024-01-31T02:10:18.084+0000] {logging_mixin.py:188} INFO - [2024-01-31T02:10:18.084+0000] {dag.py:3820} INFO - Setting next_dagrun for example_bash_operator to 2024-01-30T00:00:00+00:00, run_after=2024-01-31T00:00:00+00:00
[2024-01-31T02:10:18.111+0000] {processor.py:183} INFO - Processing /home/deprojectue/miniconda3/envs/airflow_demo/lib/python3.9/site-packages/airflow/example_dags/example_bash_operator.py took 0.101 seconds
[2024-01-31T02:13:07.705+0000] {processor.py:161} INFO - Started process (PID=211064) to work on /home/deprojectue/miniconda3/envs/airflow_demo/lib/python3.9/site-packages/airflow/example_dags/example_bash_operator.py
[2024-01-31T02:13:07.706+0000] {processor.py:830} INFO - Processing file /home/deprojectue/miniconda3/envs/airflow_demo/lib/python3.9/site-packages/airflow/example_dags/example_bash_operator.py for tasks to queue
[2024-01-31T02:13:07.710+0000] {logging_mixin.py:188} INFO - [2024-01-31T02:13:07.709+0000] {dagbag.py:538} INFO - Filling up the DagBag from /home/deprojectue/miniconda3/envs/airflow_demo/lib/python3.9/site-packages/airflow/example_dags/example_bash_operator.py
[2024-01-31T02:13:07.726+0000] {processor.py:840} INFO - DAG(s) 'example_bash_operator' retrieved from /home/deprojectue/miniconda3/envs/airflow_demo/lib/python3.9/site-packages/airflow/example_dags/example_bash_operator.py
[2024-01-31T02:13:07.756+0000] {logging_mixin.py:188} INFO - [2024-01-31T02:13:07.756+0000] {dag.py:3033} INFO - Sync 1 DAGs
[2024-01-31T02:13:07.780+0000] {logging_mixin.py:188} INFO - [2024-01-31T02:13:07.780+0000] {dag.py:3820} INFO - Setting next_dagrun for example_bash_operator to 2024-01-30T00:00:00+00:00, run_after=2024-01-31T00:00:00+00:00
[2024-01-31T02:13:07.808+0000] {processor.py:183} INFO - Processing /home/deprojectue/miniconda3/envs/airflow_demo/lib/python3.9/site-packages/airflow/example_dags/example_bash_operator.py took 0.108 seconds
[2024-01-31T02:13:56.674+0000] {processor.py:161} INFO - Started process (PID=211123) to work on /home/deprojectue/miniconda3/envs/airflow_demo/lib/python3.9/site-packages/airflow/example_dags/example_bash_operator.py
[2024-01-31T02:13:56.676+0000] {processor.py:830} INFO - Processing file /home/deprojectue/miniconda3/envs/airflow_demo/lib/python3.9/site-packages/airflow/example_dags/example_bash_operator.py for tasks to queue
[2024-01-31T02:13:56.679+0000] {logging_mixin.py:188} INFO - [2024-01-31T02:13:56.679+0000] {dagbag.py:538} INFO - Filling up the DagBag from /home/deprojectue/miniconda3/envs/airflow_demo/lib/python3.9/site-packages/airflow/example_dags/example_bash_operator.py
[2024-01-31T02:13:56.695+0000] {processor.py:840} INFO - DAG(s) 'example_bash_operator' retrieved from /home/deprojectue/miniconda3/envs/airflow_demo/lib/python3.9/site-packages/airflow/example_dags/example_bash_operator.py
[2024-01-31T02:13:56.723+0000] {logging_mixin.py:188} INFO - [2024-01-31T02:13:56.723+0000] {dag.py:3033} INFO - Sync 1 DAGs
[2024-01-31T02:13:56.746+0000] {logging_mixin.py:188} INFO - [2024-01-31T02:13:56.746+0000] {dag.py:3820} INFO - Setting next_dagrun for example_bash_operator to 2024-01-30T00:00:00+00:00, run_after=2024-01-31T00:00:00+00:00
[2024-01-31T02:13:56.772+0000] {processor.py:183} INFO - Processing /home/deprojectue/miniconda3/envs/airflow_demo/lib/python3.9/site-packages/airflow/example_dags/example_bash_operator.py took 0.102 seconds
[2024-01-31T02:22:07.001+0000] {processor.py:161} INFO - Started process (PID=211324) to work on /home/deprojectue/miniconda3/envs/airflow_demo/lib/python3.9/site-packages/airflow/example_dags/example_bash_operator.py
[2024-01-31T02:22:07.003+0000] {processor.py:830} INFO - Processing file /home/deprojectue/miniconda3/envs/airflow_demo/lib/python3.9/site-packages/airflow/example_dags/example_bash_operator.py for tasks to queue
[2024-01-31T02:22:07.007+0000] {logging_mixin.py:188} INFO - [2024-01-31T02:22:07.006+0000] {dagbag.py:538} INFO - Filling up the DagBag from /home/deprojectue/miniconda3/envs/airflow_demo/lib/python3.9/site-packages/airflow/example_dags/example_bash_operator.py
[2024-01-31T02:22:07.023+0000] {processor.py:840} INFO - DAG(s) 'example_bash_operator' retrieved from /home/deprojectue/miniconda3/envs/airflow_demo/lib/python3.9/site-packages/airflow/example_dags/example_bash_operator.py
[2024-01-31T02:22:07.053+0000] {logging_mixin.py:188} INFO - [2024-01-31T02:22:07.053+0000] {dag.py:3033} INFO - Sync 1 DAGs
[2024-01-31T02:22:07.079+0000] {logging_mixin.py:188} INFO - [2024-01-31T02:22:07.079+0000] {dag.py:3820} INFO - Setting next_dagrun for example_bash_operator to 2024-01-30T00:00:00+00:00, run_after=2024-01-31T00:00:00+00:00
[2024-01-31T02:22:07.106+0000] {processor.py:183} INFO - Processing /home/deprojectue/miniconda3/envs/airflow_demo/lib/python3.9/site-packages/airflow/example_dags/example_bash_operator.py took 0.110 seconds
[2024-01-31T08:24:45.425+0000] {processor.py:161} INFO - Started process (PID=214065) to work on /home/deprojectue/miniconda3/envs/airflow_demo/lib/python3.9/site-packages/airflow/example_dags/example_bash_operator.py
[2024-01-31T08:24:45.427+0000] {processor.py:830} INFO - Processing file /home/deprojectue/miniconda3/envs/airflow_demo/lib/python3.9/site-packages/airflow/example_dags/example_bash_operator.py for tasks to queue
[2024-01-31T08:24:45.430+0000] {logging_mixin.py:188} INFO - [2024-01-31T08:24:45.430+0000] {dagbag.py:538} INFO - Filling up the DagBag from /home/deprojectue/miniconda3/envs/airflow_demo/lib/python3.9/site-packages/airflow/example_dags/example_bash_operator.py
[2024-01-31T08:24:45.446+0000] {processor.py:840} INFO - DAG(s) 'example_bash_operator' retrieved from /home/deprojectue/miniconda3/envs/airflow_demo/lib/python3.9/site-packages/airflow/example_dags/example_bash_operator.py
[2024-01-31T08:24:45.478+0000] {logging_mixin.py:188} INFO - [2024-01-31T08:24:45.478+0000] {dag.py:3033} INFO - Sync 1 DAGs
[2024-01-31T08:24:45.502+0000] {logging_mixin.py:188} INFO - [2024-01-31T08:24:45.502+0000] {dag.py:3820} INFO - Setting next_dagrun for example_bash_operator to 2024-01-30T00:00:00+00:00, run_after=2024-01-31T00:00:00+00:00
[2024-01-31T08:24:45.526+0000] {processor.py:183} INFO - Processing /home/deprojectue/miniconda3/envs/airflow_demo/lib/python3.9/site-packages/airflow/example_dags/example_bash_operator.py took 0.105 seconds
[2024-01-31T08:25:33.637+0000] {processor.py:161} INFO - Started process (PID=214116) to work on /home/deprojectue/miniconda3/envs/airflow_demo/lib/python3.9/site-packages/airflow/example_dags/example_bash_operator.py
[2024-01-31T08:25:33.639+0000] {processor.py:830} INFO - Processing file /home/deprojectue/miniconda3/envs/airflow_demo/lib/python3.9/site-packages/airflow/example_dags/example_bash_operator.py for tasks to queue
[2024-01-31T08:25:33.642+0000] {logging_mixin.py:188} INFO - [2024-01-31T08:25:33.642+0000] {dagbag.py:538} INFO - Filling up the DagBag from /home/deprojectue/miniconda3/envs/airflow_demo/lib/python3.9/site-packages/airflow/example_dags/example_bash_operator.py
[2024-01-31T08:25:33.658+0000] {processor.py:840} INFO - DAG(s) 'example_bash_operator' retrieved from /home/deprojectue/miniconda3/envs/airflow_demo/lib/python3.9/site-packages/airflow/example_dags/example_bash_operator.py
[2024-01-31T08:25:33.687+0000] {logging_mixin.py:188} INFO - [2024-01-31T08:25:33.687+0000] {dag.py:3033} INFO - Sync 1 DAGs
[2024-01-31T08:25:33.711+0000] {logging_mixin.py:188} INFO - [2024-01-31T08:25:33.711+0000] {dag.py:3820} INFO - Setting next_dagrun for example_bash_operator to 2024-01-30T00:00:00+00:00, run_after=2024-01-31T00:00:00+00:00
[2024-01-31T08:25:33.740+0000] {processor.py:183} INFO - Processing /home/deprojectue/miniconda3/envs/airflow_demo/lib/python3.9/site-packages/airflow/example_dags/example_bash_operator.py took 0.107 seconds
[2024-01-31T08:52:17.462+0000] {processor.py:161} INFO - Started process (PID=215397) to work on /home/deprojectue/miniconda3/envs/airflow_demo/lib/python3.9/site-packages/airflow/example_dags/example_bash_operator.py
[2024-01-31T08:52:17.464+0000] {processor.py:830} INFO - Processing file /home/deprojectue/miniconda3/envs/airflow_demo/lib/python3.9/site-packages/airflow/example_dags/example_bash_operator.py for tasks to queue
[2024-01-31T08:52:17.468+0000] {logging_mixin.py:188} INFO - [2024-01-31T08:52:17.467+0000] {dagbag.py:538} INFO - Filling up the DagBag from /home/deprojectue/miniconda3/envs/airflow_demo/lib/python3.9/site-packages/airflow/example_dags/example_bash_operator.py
[2024-01-31T08:52:17.484+0000] {processor.py:840} INFO - DAG(s) 'example_bash_operator' retrieved from /home/deprojectue/miniconda3/envs/airflow_demo/lib/python3.9/site-packages/airflow/example_dags/example_bash_operator.py
[2024-01-31T08:52:17.515+0000] {logging_mixin.py:188} INFO - [2024-01-31T08:52:17.515+0000] {dag.py:3033} INFO - Sync 1 DAGs
[2024-01-31T08:52:17.538+0000] {logging_mixin.py:188} INFO - [2024-01-31T08:52:17.537+0000] {dag.py:3820} INFO - Setting next_dagrun for example_bash_operator to 2024-01-30T00:00:00+00:00, run_after=2024-01-31T00:00:00+00:00
[2024-01-31T08:52:17.560+0000] {processor.py:183} INFO - Processing /home/deprojectue/miniconda3/envs/airflow_demo/lib/python3.9/site-packages/airflow/example_dags/example_bash_operator.py took 0.102 seconds
[2024-01-31T08:53:07.822+0000] {processor.py:161} INFO - Started process (PID=215449) to work on /home/deprojectue/miniconda3/envs/airflow_demo/lib/python3.9/site-packages/airflow/example_dags/example_bash_operator.py
[2024-01-31T08:53:07.825+0000] {processor.py:830} INFO - Processing file /home/deprojectue/miniconda3/envs/airflow_demo/lib/python3.9/site-packages/airflow/example_dags/example_bash_operator.py for tasks to queue
[2024-01-31T08:53:07.829+0000] {logging_mixin.py:188} INFO - [2024-01-31T08:53:07.828+0000] {dagbag.py:538} INFO - Filling up the DagBag from /home/deprojectue/miniconda3/envs/airflow_demo/lib/python3.9/site-packages/airflow/example_dags/example_bash_operator.py
[2024-01-31T08:53:07.844+0000] {processor.py:840} INFO - DAG(s) 'example_bash_operator' retrieved from /home/deprojectue/miniconda3/envs/airflow_demo/lib/python3.9/site-packages/airflow/example_dags/example_bash_operator.py
[2024-01-31T08:53:07.872+0000] {logging_mixin.py:188} INFO - [2024-01-31T08:53:07.872+0000] {dag.py:3033} INFO - Sync 1 DAGs
[2024-01-31T08:53:07.893+0000] {logging_mixin.py:188} INFO - [2024-01-31T08:53:07.893+0000] {dag.py:3820} INFO - Setting next_dagrun for example_bash_operator to 2024-01-30T00:00:00+00:00, run_after=2024-01-31T00:00:00+00:00
[2024-01-31T08:53:07.917+0000] {processor.py:183} INFO - Processing /home/deprojectue/miniconda3/envs/airflow_demo/lib/python3.9/site-packages/airflow/example_dags/example_bash_operator.py took 0.100 seconds
[2024-01-31T08:54:09.289+0000] {processor.py:161} INFO - Started process (PID=215511) to work on /home/deprojectue/miniconda3/envs/airflow_demo/lib/python3.9/site-packages/airflow/example_dags/example_bash_operator.py
[2024-01-31T08:54:09.291+0000] {processor.py:830} INFO - Processing file /home/deprojectue/miniconda3/envs/airflow_demo/lib/python3.9/site-packages/airflow/example_dags/example_bash_operator.py for tasks to queue
[2024-01-31T08:54:09.295+0000] {logging_mixin.py:188} INFO - [2024-01-31T08:54:09.294+0000] {dagbag.py:538} INFO - Filling up the DagBag from /home/deprojectue/miniconda3/envs/airflow_demo/lib/python3.9/site-packages/airflow/example_dags/example_bash_operator.py
[2024-01-31T08:54:09.310+0000] {processor.py:840} INFO - DAG(s) 'example_bash_operator' retrieved from /home/deprojectue/miniconda3/envs/airflow_demo/lib/python3.9/site-packages/airflow/example_dags/example_bash_operator.py
[2024-01-31T08:54:09.337+0000] {logging_mixin.py:188} INFO - [2024-01-31T08:54:09.337+0000] {dag.py:3033} INFO - Sync 1 DAGs
[2024-01-31T08:54:09.359+0000] {logging_mixin.py:188} INFO - [2024-01-31T08:54:09.359+0000] {dag.py:3820} INFO - Setting next_dagrun for example_bash_operator to 2024-01-30T00:00:00+00:00, run_after=2024-01-31T00:00:00+00:00
[2024-01-31T08:54:09.384+0000] {processor.py:183} INFO - Processing /home/deprojectue/miniconda3/envs/airflow_demo/lib/python3.9/site-packages/airflow/example_dags/example_bash_operator.py took 0.100 seconds
[2024-01-31T08:55:10.685+0000] {processor.py:161} INFO - Started process (PID=215576) to work on /home/deprojectue/miniconda3/envs/airflow_demo/lib/python3.9/site-packages/airflow/example_dags/example_bash_operator.py
[2024-01-31T08:55:10.687+0000] {processor.py:830} INFO - Processing file /home/deprojectue/miniconda3/envs/airflow_demo/lib/python3.9/site-packages/airflow/example_dags/example_bash_operator.py for tasks to queue
[2024-01-31T08:55:10.691+0000] {logging_mixin.py:188} INFO - [2024-01-31T08:55:10.690+0000] {dagbag.py:538} INFO - Filling up the DagBag from /home/deprojectue/miniconda3/envs/airflow_demo/lib/python3.9/site-packages/airflow/example_dags/example_bash_operator.py
[2024-01-31T08:55:10.707+0000] {processor.py:840} INFO - DAG(s) 'example_bash_operator' retrieved from /home/deprojectue/miniconda3/envs/airflow_demo/lib/python3.9/site-packages/airflow/example_dags/example_bash_operator.py
[2024-01-31T08:55:10.737+0000] {logging_mixin.py:188} INFO - [2024-01-31T08:55:10.737+0000] {dag.py:3033} INFO - Sync 1 DAGs
[2024-01-31T08:55:10.759+0000] {logging_mixin.py:188} INFO - [2024-01-31T08:55:10.759+0000] {dag.py:3820} INFO - Setting next_dagrun for example_bash_operator to 2024-01-30T00:00:00+00:00, run_after=2024-01-31T00:00:00+00:00
[2024-01-31T08:55:10.789+0000] {processor.py:183} INFO - Processing /home/deprojectue/miniconda3/envs/airflow_demo/lib/python3.9/site-packages/airflow/example_dags/example_bash_operator.py took 0.108 seconds
[2024-01-31T08:56:07.326+0000] {processor.py:161} INFO - Started process (PID=215637) to work on /home/deprojectue/miniconda3/envs/airflow_demo/lib/python3.9/site-packages/airflow/example_dags/example_bash_operator.py
[2024-01-31T08:56:07.328+0000] {processor.py:830} INFO - Processing file /home/deprojectue/miniconda3/envs/airflow_demo/lib/python3.9/site-packages/airflow/example_dags/example_bash_operator.py for tasks to queue
[2024-01-31T08:56:07.332+0000] {logging_mixin.py:188} INFO - [2024-01-31T08:56:07.331+0000] {dagbag.py:538} INFO - Filling up the DagBag from /home/deprojectue/miniconda3/envs/airflow_demo/lib/python3.9/site-packages/airflow/example_dags/example_bash_operator.py
[2024-01-31T08:56:07.347+0000] {processor.py:840} INFO - DAG(s) 'example_bash_operator' retrieved from /home/deprojectue/miniconda3/envs/airflow_demo/lib/python3.9/site-packages/airflow/example_dags/example_bash_operator.py
[2024-01-31T08:56:07.375+0000] {logging_mixin.py:188} INFO - [2024-01-31T08:56:07.375+0000] {dag.py:3033} INFO - Sync 1 DAGs
[2024-01-31T08:56:07.396+0000] {logging_mixin.py:188} INFO - [2024-01-31T08:56:07.396+0000] {dag.py:3820} INFO - Setting next_dagrun for example_bash_operator to 2024-01-30T00:00:00+00:00, run_after=2024-01-31T00:00:00+00:00
[2024-01-31T08:56:07.419+0000] {processor.py:183} INFO - Processing /home/deprojectue/miniconda3/envs/airflow_demo/lib/python3.9/site-packages/airflow/example_dags/example_bash_operator.py took 0.098 seconds
[2024-01-31T08:57:05.240+0000] {processor.py:161} INFO - Started process (PID=215714) to work on /home/deprojectue/miniconda3/envs/airflow_demo/lib/python3.9/site-packages/airflow/example_dags/example_bash_operator.py
[2024-01-31T08:57:05.243+0000] {processor.py:830} INFO - Processing file /home/deprojectue/miniconda3/envs/airflow_demo/lib/python3.9/site-packages/airflow/example_dags/example_bash_operator.py for tasks to queue
[2024-01-31T08:57:05.246+0000] {logging_mixin.py:188} INFO - [2024-01-31T08:57:05.246+0000] {dagbag.py:538} INFO - Filling up the DagBag from /home/deprojectue/miniconda3/envs/airflow_demo/lib/python3.9/site-packages/airflow/example_dags/example_bash_operator.py
[2024-01-31T08:57:05.263+0000] {processor.py:840} INFO - DAG(s) 'example_bash_operator' retrieved from /home/deprojectue/miniconda3/envs/airflow_demo/lib/python3.9/site-packages/airflow/example_dags/example_bash_operator.py
[2024-01-31T08:57:05.293+0000] {logging_mixin.py:188} INFO - [2024-01-31T08:57:05.293+0000] {dag.py:3033} INFO - Sync 1 DAGs
[2024-01-31T08:57:05.316+0000] {logging_mixin.py:188} INFO - [2024-01-31T08:57:05.316+0000] {dag.py:3820} INFO - Setting next_dagrun for example_bash_operator to 2024-01-30T00:00:00+00:00, run_after=2024-01-31T00:00:00+00:00
[2024-01-31T08:57:05.343+0000] {processor.py:183} INFO - Processing /home/deprojectue/miniconda3/envs/airflow_demo/lib/python3.9/site-packages/airflow/example_dags/example_bash_operator.py took 0.107 seconds
[2024-01-31T08:58:00.122+0000] {processor.py:161} INFO - Started process (PID=215770) to work on /home/deprojectue/miniconda3/envs/airflow_demo/lib/python3.9/site-packages/airflow/example_dags/example_bash_operator.py
[2024-01-31T08:58:00.124+0000] {processor.py:830} INFO - Processing file /home/deprojectue/miniconda3/envs/airflow_demo/lib/python3.9/site-packages/airflow/example_dags/example_bash_operator.py for tasks to queue
[2024-01-31T08:58:00.128+0000] {logging_mixin.py:188} INFO - [2024-01-31T08:58:00.128+0000] {dagbag.py:538} INFO - Filling up the DagBag from /home/deprojectue/miniconda3/envs/airflow_demo/lib/python3.9/site-packages/airflow/example_dags/example_bash_operator.py
[2024-01-31T08:58:00.143+0000] {processor.py:840} INFO - DAG(s) 'example_bash_operator' retrieved from /home/deprojectue/miniconda3/envs/airflow_demo/lib/python3.9/site-packages/airflow/example_dags/example_bash_operator.py
[2024-01-31T08:58:00.171+0000] {logging_mixin.py:188} INFO - [2024-01-31T08:58:00.170+0000] {dag.py:3033} INFO - Sync 1 DAGs
[2024-01-31T08:58:00.191+0000] {logging_mixin.py:188} INFO - [2024-01-31T08:58:00.191+0000] {dag.py:3820} INFO - Setting next_dagrun for example_bash_operator to 2024-01-30T00:00:00+00:00, run_after=2024-01-31T00:00:00+00:00
[2024-01-31T08:58:00.216+0000] {processor.py:183} INFO - Processing /home/deprojectue/miniconda3/envs/airflow_demo/lib/python3.9/site-packages/airflow/example_dags/example_bash_operator.py took 0.098 seconds
[2024-01-31T08:59:00.702+0000] {processor.py:161} INFO - Started process (PID=215851) to work on /home/deprojectue/miniconda3/envs/airflow_demo/lib/python3.9/site-packages/airflow/example_dags/example_bash_operator.py
[2024-01-31T08:59:00.704+0000] {processor.py:830} INFO - Processing file /home/deprojectue/miniconda3/envs/airflow_demo/lib/python3.9/site-packages/airflow/example_dags/example_bash_operator.py for tasks to queue
[2024-01-31T08:59:00.708+0000] {logging_mixin.py:188} INFO - [2024-01-31T08:59:00.707+0000] {dagbag.py:538} INFO - Filling up the DagBag from /home/deprojectue/miniconda3/envs/airflow_demo/lib/python3.9/site-packages/airflow/example_dags/example_bash_operator.py
[2024-01-31T08:59:00.723+0000] {processor.py:840} INFO - DAG(s) 'example_bash_operator' retrieved from /home/deprojectue/miniconda3/envs/airflow_demo/lib/python3.9/site-packages/airflow/example_dags/example_bash_operator.py
[2024-01-31T08:59:00.752+0000] {logging_mixin.py:188} INFO - [2024-01-31T08:59:00.752+0000] {dag.py:3033} INFO - Sync 1 DAGs
[2024-01-31T08:59:00.773+0000] {logging_mixin.py:188} INFO - [2024-01-31T08:59:00.773+0000] {dag.py:3820} INFO - Setting next_dagrun for example_bash_operator to 2024-01-30T00:00:00+00:00, run_after=2024-01-31T00:00:00+00:00
[2024-01-31T08:59:00.799+0000] {processor.py:183} INFO - Processing /home/deprojectue/miniconda3/envs/airflow_demo/lib/python3.9/site-packages/airflow/example_dags/example_bash_operator.py took 0.101 seconds
[2024-01-31T09:00:01.133+0000] {processor.py:161} INFO - Started process (PID=215914) to work on /home/deprojectue/miniconda3/envs/airflow_demo/lib/python3.9/site-packages/airflow/example_dags/example_bash_operator.py
[2024-01-31T09:00:01.136+0000] {processor.py:830} INFO - Processing file /home/deprojectue/miniconda3/envs/airflow_demo/lib/python3.9/site-packages/airflow/example_dags/example_bash_operator.py for tasks to queue
[2024-01-31T09:00:01.139+0000] {logging_mixin.py:188} INFO - [2024-01-31T09:00:01.139+0000] {dagbag.py:538} INFO - Filling up the DagBag from /home/deprojectue/miniconda3/envs/airflow_demo/lib/python3.9/site-packages/airflow/example_dags/example_bash_operator.py
[2024-01-31T09:00:01.155+0000] {processor.py:840} INFO - DAG(s) 'example_bash_operator' retrieved from /home/deprojectue/miniconda3/envs/airflow_demo/lib/python3.9/site-packages/airflow/example_dags/example_bash_operator.py
[2024-01-31T09:00:01.183+0000] {logging_mixin.py:188} INFO - [2024-01-31T09:00:01.183+0000] {dag.py:3033} INFO - Sync 1 DAGs
[2024-01-31T09:00:01.204+0000] {logging_mixin.py:188} INFO - [2024-01-31T09:00:01.204+0000] {dag.py:3820} INFO - Setting next_dagrun for example_bash_operator to 2024-01-30T00:00:00+00:00, run_after=2024-01-31T00:00:00+00:00
[2024-01-31T09:00:01.228+0000] {processor.py:183} INFO - Processing /home/deprojectue/miniconda3/envs/airflow_demo/lib/python3.9/site-packages/airflow/example_dags/example_bash_operator.py took 0.099 seconds
[2024-01-31T09:00:56.372+0000] {processor.py:161} INFO - Started process (PID=215972) to work on /home/deprojectue/miniconda3/envs/airflow_demo/lib/python3.9/site-packages/airflow/example_dags/example_bash_operator.py
[2024-01-31T09:00:56.374+0000] {processor.py:830} INFO - Processing file /home/deprojectue/miniconda3/envs/airflow_demo/lib/python3.9/site-packages/airflow/example_dags/example_bash_operator.py for tasks to queue
[2024-01-31T09:00:56.378+0000] {logging_mixin.py:188} INFO - [2024-01-31T09:00:56.378+0000] {dagbag.py:538} INFO - Filling up the DagBag from /home/deprojectue/miniconda3/envs/airflow_demo/lib/python3.9/site-packages/airflow/example_dags/example_bash_operator.py
[2024-01-31T09:00:56.394+0000] {processor.py:840} INFO - DAG(s) 'example_bash_operator' retrieved from /home/deprojectue/miniconda3/envs/airflow_demo/lib/python3.9/site-packages/airflow/example_dags/example_bash_operator.py
[2024-01-31T09:00:56.422+0000] {logging_mixin.py:188} INFO - [2024-01-31T09:00:56.422+0000] {dag.py:3033} INFO - Sync 1 DAGs
[2024-01-31T09:00:56.444+0000] {logging_mixin.py:188} INFO - [2024-01-31T09:00:56.444+0000] {dag.py:3820} INFO - Setting next_dagrun for example_bash_operator to 2024-01-30T00:00:00+00:00, run_after=2024-01-31T00:00:00+00:00
[2024-01-31T09:00:56.469+0000] {processor.py:183} INFO - Processing /home/deprojectue/miniconda3/envs/airflow_demo/lib/python3.9/site-packages/airflow/example_dags/example_bash_operator.py took 0.101 seconds
[2024-01-31T09:01:52.461+0000] {processor.py:161} INFO - Started process (PID=216033) to work on /home/deprojectue/miniconda3/envs/airflow_demo/lib/python3.9/site-packages/airflow/example_dags/example_bash_operator.py
[2024-01-31T09:01:52.463+0000] {processor.py:830} INFO - Processing file /home/deprojectue/miniconda3/envs/airflow_demo/lib/python3.9/site-packages/airflow/example_dags/example_bash_operator.py for tasks to queue
[2024-01-31T09:01:52.467+0000] {logging_mixin.py:188} INFO - [2024-01-31T09:01:52.466+0000] {dagbag.py:538} INFO - Filling up the DagBag from /home/deprojectue/miniconda3/envs/airflow_demo/lib/python3.9/site-packages/airflow/example_dags/example_bash_operator.py
[2024-01-31T09:01:52.484+0000] {processor.py:840} INFO - DAG(s) 'example_bash_operator' retrieved from /home/deprojectue/miniconda3/envs/airflow_demo/lib/python3.9/site-packages/airflow/example_dags/example_bash_operator.py
[2024-01-31T09:01:52.514+0000] {logging_mixin.py:188} INFO - [2024-01-31T09:01:52.514+0000] {dag.py:3033} INFO - Sync 1 DAGs
[2024-01-31T09:01:52.536+0000] {logging_mixin.py:188} INFO - [2024-01-31T09:01:52.535+0000] {dag.py:3820} INFO - Setting next_dagrun for example_bash_operator to 2024-01-30T00:00:00+00:00, run_after=2024-01-31T00:00:00+00:00
[2024-01-31T09:01:52.562+0000] {processor.py:183} INFO - Processing /home/deprojectue/miniconda3/envs/airflow_demo/lib/python3.9/site-packages/airflow/example_dags/example_bash_operator.py took 0.106 seconds
[2024-01-31T09:02:49.213+0000] {processor.py:161} INFO - Started process (PID=216093) to work on /home/deprojectue/miniconda3/envs/airflow_demo/lib/python3.9/site-packages/airflow/example_dags/example_bash_operator.py
[2024-01-31T09:02:49.216+0000] {processor.py:830} INFO - Processing file /home/deprojectue/miniconda3/envs/airflow_demo/lib/python3.9/site-packages/airflow/example_dags/example_bash_operator.py for tasks to queue
[2024-01-31T09:02:49.219+0000] {logging_mixin.py:188} INFO - [2024-01-31T09:02:49.218+0000] {dagbag.py:538} INFO - Filling up the DagBag from /home/deprojectue/miniconda3/envs/airflow_demo/lib/python3.9/site-packages/airflow/example_dags/example_bash_operator.py
[2024-01-31T09:02:49.235+0000] {processor.py:840} INFO - DAG(s) 'example_bash_operator' retrieved from /home/deprojectue/miniconda3/envs/airflow_demo/lib/python3.9/site-packages/airflow/example_dags/example_bash_operator.py
[2024-01-31T09:02:49.263+0000] {logging_mixin.py:188} INFO - [2024-01-31T09:02:49.263+0000] {dag.py:3033} INFO - Sync 1 DAGs
[2024-01-31T09:02:49.285+0000] {logging_mixin.py:188} INFO - [2024-01-31T09:02:49.285+0000] {dag.py:3820} INFO - Setting next_dagrun for example_bash_operator to 2024-01-30T00:00:00+00:00, run_after=2024-01-31T00:00:00+00:00
[2024-01-31T09:02:49.310+0000] {processor.py:183} INFO - Processing /home/deprojectue/miniconda3/envs/airflow_demo/lib/python3.9/site-packages/airflow/example_dags/example_bash_operator.py took 0.101 seconds
[2024-01-31T09:03:43.575+0000] {processor.py:161} INFO - Started process (PID=216149) to work on /home/deprojectue/miniconda3/envs/airflow_demo/lib/python3.9/site-packages/airflow/example_dags/example_bash_operator.py
[2024-01-31T09:03:43.577+0000] {processor.py:830} INFO - Processing file /home/deprojectue/miniconda3/envs/airflow_demo/lib/python3.9/site-packages/airflow/example_dags/example_bash_operator.py for tasks to queue
[2024-01-31T09:03:43.581+0000] {logging_mixin.py:188} INFO - [2024-01-31T09:03:43.580+0000] {dagbag.py:538} INFO - Filling up the DagBag from /home/deprojectue/miniconda3/envs/airflow_demo/lib/python3.9/site-packages/airflow/example_dags/example_bash_operator.py
[2024-01-31T09:03:43.596+0000] {processor.py:840} INFO - DAG(s) 'example_bash_operator' retrieved from /home/deprojectue/miniconda3/envs/airflow_demo/lib/python3.9/site-packages/airflow/example_dags/example_bash_operator.py
[2024-01-31T09:03:43.624+0000] {logging_mixin.py:188} INFO - [2024-01-31T09:03:43.623+0000] {dag.py:3033} INFO - Sync 1 DAGs
[2024-01-31T09:03:43.645+0000] {logging_mixin.py:188} INFO - [2024-01-31T09:03:43.645+0000] {dag.py:3820} INFO - Setting next_dagrun for example_bash_operator to 2024-01-30T00:00:00+00:00, run_after=2024-01-31T00:00:00+00:00
[2024-01-31T09:03:43.669+0000] {processor.py:183} INFO - Processing /home/deprojectue/miniconda3/envs/airflow_demo/lib/python3.9/site-packages/airflow/example_dags/example_bash_operator.py took 0.099 seconds
[2024-01-31T09:04:36.352+0000] {processor.py:161} INFO - Started process (PID=216206) to work on /home/deprojectue/miniconda3/envs/airflow_demo/lib/python3.9/site-packages/airflow/example_dags/example_bash_operator.py
[2024-01-31T09:04:36.355+0000] {processor.py:830} INFO - Processing file /home/deprojectue/miniconda3/envs/airflow_demo/lib/python3.9/site-packages/airflow/example_dags/example_bash_operator.py for tasks to queue
[2024-01-31T09:04:36.358+0000] {logging_mixin.py:188} INFO - [2024-01-31T09:04:36.358+0000] {dagbag.py:538} INFO - Filling up the DagBag from /home/deprojectue/miniconda3/envs/airflow_demo/lib/python3.9/site-packages/airflow/example_dags/example_bash_operator.py
[2024-01-31T09:04:36.374+0000] {processor.py:840} INFO - DAG(s) 'example_bash_operator' retrieved from /home/deprojectue/miniconda3/envs/airflow_demo/lib/python3.9/site-packages/airflow/example_dags/example_bash_operator.py
[2024-01-31T09:04:36.401+0000] {logging_mixin.py:188} INFO - [2024-01-31T09:04:36.400+0000] {dag.py:3033} INFO - Sync 1 DAGs
[2024-01-31T09:04:36.422+0000] {logging_mixin.py:188} INFO - [2024-01-31T09:04:36.421+0000] {dag.py:3820} INFO - Setting next_dagrun for example_bash_operator to 2024-01-30T00:00:00+00:00, run_after=2024-01-31T00:00:00+00:00
[2024-01-31T09:04:36.448+0000] {processor.py:183} INFO - Processing /home/deprojectue/miniconda3/envs/airflow_demo/lib/python3.9/site-packages/airflow/example_dags/example_bash_operator.py took 0.100 seconds
[2024-01-31T09:07:45.363+0000] {processor.py:161} INFO - Started process (PID=216356) to work on /home/deprojectue/miniconda3/envs/airflow_demo/lib/python3.9/site-packages/airflow/example_dags/example_bash_operator.py
[2024-01-31T09:07:45.365+0000] {processor.py:830} INFO - Processing file /home/deprojectue/miniconda3/envs/airflow_demo/lib/python3.9/site-packages/airflow/example_dags/example_bash_operator.py for tasks to queue
[2024-01-31T09:07:45.369+0000] {logging_mixin.py:188} INFO - [2024-01-31T09:07:45.368+0000] {dagbag.py:538} INFO - Filling up the DagBag from /home/deprojectue/miniconda3/envs/airflow_demo/lib/python3.9/site-packages/airflow/example_dags/example_bash_operator.py
[2024-01-31T09:07:45.391+0000] {processor.py:840} INFO - DAG(s) 'example_bash_operator' retrieved from /home/deprojectue/miniconda3/envs/airflow_demo/lib/python3.9/site-packages/airflow/example_dags/example_bash_operator.py
[2024-01-31T09:07:45.861+0000] {logging_mixin.py:188} INFO - [2024-01-31T09:07:45.861+0000] {dag.py:3033} INFO - Sync 1 DAGs
[2024-01-31T09:07:46.119+0000] {logging_mixin.py:188} INFO - [2024-01-31T09:07:46.118+0000] {dag.py:3820} INFO - Setting next_dagrun for example_bash_operator to 2024-01-30T00:00:00+00:00, run_after=2024-01-31T00:00:00+00:00
[2024-01-31T09:07:46.370+0000] {processor.py:183} INFO - Processing /home/deprojectue/miniconda3/envs/airflow_demo/lib/python3.9/site-packages/airflow/example_dags/example_bash_operator.py took 1.013 seconds
[2024-01-31T09:36:06.176+0000] {processor.py:161} INFO - Started process (PID=216902) to work on /home/deprojectue/miniconda3/envs/airflow_demo/lib/python3.9/site-packages/airflow/example_dags/example_bash_operator.py
[2024-01-31T09:36:06.178+0000] {processor.py:830} INFO - Processing file /home/deprojectue/miniconda3/envs/airflow_demo/lib/python3.9/site-packages/airflow/example_dags/example_bash_operator.py for tasks to queue
[2024-01-31T09:36:06.182+0000] {logging_mixin.py:188} INFO - [2024-01-31T09:36:06.181+0000] {dagbag.py:538} INFO - Filling up the DagBag from /home/deprojectue/miniconda3/envs/airflow_demo/lib/python3.9/site-packages/airflow/example_dags/example_bash_operator.py
[2024-01-31T09:36:06.210+0000] {processor.py:840} INFO - DAG(s) 'example_bash_operator' retrieved from /home/deprojectue/miniconda3/envs/airflow_demo/lib/python3.9/site-packages/airflow/example_dags/example_bash_operator.py
[2024-01-31T09:36:06.457+0000] {logging_mixin.py:188} INFO - [2024-01-31T09:36:06.448+0000] {override.py:1769} INFO - Created Permission View: can edit on DAG:example_bash_operator
[2024-01-31T09:36:06.473+0000] {logging_mixin.py:188} INFO - [2024-01-31T09:36:06.473+0000] {override.py:1769} INFO - Created Permission View: can read on DAG:example_bash_operator
[2024-01-31T09:36:06.487+0000] {logging_mixin.py:188} INFO - [2024-01-31T09:36:06.487+0000] {override.py:1769} INFO - Created Permission View: can delete on DAG:example_bash_operator
[2024-01-31T09:36:06.488+0000] {logging_mixin.py:188} INFO - [2024-01-31T09:36:06.488+0000] {dag.py:3033} INFO - Sync 1 DAGs
[2024-01-31T09:36:06.501+0000] {logging_mixin.py:188} INFO - [2024-01-31T09:36:06.501+0000] {dag.py:3055} INFO - Creating ORM DAG for example_bash_operator
[2024-01-31T09:36:06.517+0000] {logging_mixin.py:188} INFO - [2024-01-31T09:36:06.517+0000] {dag.py:3820} INFO - Setting next_dagrun for example_bash_operator to 2024-01-30T00:00:00+00:00, run_after=2024-01-31T00:00:00+00:00
[2024-01-31T09:36:06.572+0000] {processor.py:183} INFO - Processing /home/deprojectue/miniconda3/envs/airflow_demo/lib/python3.9/site-packages/airflow/example_dags/example_bash_operator.py took 0.400 seconds
