[2024-01-31T02:07:31.156+0000] {processor.py:161} INFO - Started process (PID=210211) to work on /home/deprojectue/miniconda3/envs/airflow_demo/lib/python3.9/site-packages/airflow/example_dags/example_latest_only_with_trigger.py
[2024-01-31T02:07:31.158+0000] {processor.py:830} INFO - Processing file /home/deprojectue/miniconda3/envs/airflow_demo/lib/python3.9/site-packages/airflow/example_dags/example_latest_only_with_trigger.py for tasks to queue
[2024-01-31T02:07:31.159+0000] {logging_mixin.py:188} INFO - [2024-01-31T02:07:31.158+0000] {dagbag.py:538} INFO - Filling up the DagBag from /home/deprojectue/miniconda3/envs/airflow_demo/lib/python3.9/site-packages/airflow/example_dags/example_latest_only_with_trigger.py
[2024-01-31T02:07:31.168+0000] {processor.py:840} INFO - DAG(s) 'latest_only_with_trigger' retrieved from /home/deprojectue/miniconda3/envs/airflow_demo/lib/python3.9/site-packages/airflow/example_dags/example_latest_only_with_trigger.py
[2024-01-31T02:07:31.291+0000] {logging_mixin.py:188} INFO - [2024-01-31T02:07:31.290+0000] {override.py:1769} INFO - Created Permission View: can read on DAG:latest_only_with_trigger
[2024-01-31T02:07:31.306+0000] {logging_mixin.py:188} INFO - [2024-01-31T02:07:31.305+0000] {override.py:1769} INFO - Created Permission View: can delete on DAG:latest_only_with_trigger
[2024-01-31T02:07:31.316+0000] {logging_mixin.py:188} INFO - [2024-01-31T02:07:31.316+0000] {override.py:1769} INFO - Created Permission View: can edit on DAG:latest_only_with_trigger
[2024-01-31T02:07:31.317+0000] {logging_mixin.py:188} INFO - [2024-01-31T02:07:31.317+0000] {dag.py:3033} INFO - Sync 1 DAGs
[2024-01-31T02:07:31.328+0000] {logging_mixin.py:188} INFO - [2024-01-31T02:07:31.328+0000] {dag.py:3055} INFO - Creating ORM DAG for latest_only_with_trigger
[2024-01-31T02:07:31.338+0000] {logging_mixin.py:188} INFO - [2024-01-31T02:07:31.338+0000] {dag.py:3820} INFO - Setting next_dagrun for latest_only_with_trigger to 2024-01-30T20:00:00+00:00, run_after=2024-01-31T00:00:00+00:00
[2024-01-31T02:07:31.362+0000] {processor.py:183} INFO - Processing /home/deprojectue/miniconda3/envs/airflow_demo/lib/python3.9/site-packages/airflow/example_dags/example_latest_only_with_trigger.py took 0.211 seconds
[2024-01-31T02:09:05.933+0000] {processor.py:161} INFO - Started process (PID=210686) to work on /home/deprojectue/miniconda3/envs/airflow_demo/lib/python3.9/site-packages/airflow/example_dags/example_latest_only_with_trigger.py
[2024-01-31T02:09:05.934+0000] {processor.py:830} INFO - Processing file /home/deprojectue/miniconda3/envs/airflow_demo/lib/python3.9/site-packages/airflow/example_dags/example_latest_only_with_trigger.py for tasks to queue
[2024-01-31T02:09:05.936+0000] {logging_mixin.py:188} INFO - [2024-01-31T02:09:05.935+0000] {dagbag.py:538} INFO - Filling up the DagBag from /home/deprojectue/miniconda3/envs/airflow_demo/lib/python3.9/site-packages/airflow/example_dags/example_latest_only_with_trigger.py
[2024-01-31T02:09:05.944+0000] {processor.py:840} INFO - DAG(s) 'latest_only_with_trigger' retrieved from /home/deprojectue/miniconda3/envs/airflow_demo/lib/python3.9/site-packages/airflow/example_dags/example_latest_only_with_trigger.py
[2024-01-31T02:09:05.971+0000] {logging_mixin.py:188} INFO - [2024-01-31T02:09:05.971+0000] {dag.py:3033} INFO - Sync 1 DAGs
[2024-01-31T02:09:05.995+0000] {logging_mixin.py:188} INFO - [2024-01-31T02:09:05.995+0000] {dag.py:3820} INFO - Setting next_dagrun for latest_only_with_trigger to 2024-01-30T20:00:00+00:00, run_after=2024-01-31T00:00:00+00:00
[2024-01-31T02:09:06.021+0000] {processor.py:183} INFO - Processing /home/deprojectue/miniconda3/envs/airflow_demo/lib/python3.9/site-packages/airflow/example_dags/example_latest_only_with_trigger.py took 0.093 seconds
[2024-01-31T02:09:59.784+0000] {processor.py:161} INFO - Started process (PID=210959) to work on /home/deprojectue/miniconda3/envs/airflow_demo/lib/python3.9/site-packages/airflow/example_dags/example_latest_only_with_trigger.py
[2024-01-31T02:09:59.786+0000] {processor.py:830} INFO - Processing file /home/deprojectue/miniconda3/envs/airflow_demo/lib/python3.9/site-packages/airflow/example_dags/example_latest_only_with_trigger.py for tasks to queue
[2024-01-31T02:09:59.787+0000] {logging_mixin.py:188} INFO - [2024-01-31T02:09:59.786+0000] {dagbag.py:538} INFO - Filling up the DagBag from /home/deprojectue/miniconda3/envs/airflow_demo/lib/python3.9/site-packages/airflow/example_dags/example_latest_only_with_trigger.py
[2024-01-31T02:09:59.798+0000] {processor.py:840} INFO - DAG(s) 'latest_only_with_trigger' retrieved from /home/deprojectue/miniconda3/envs/airflow_demo/lib/python3.9/site-packages/airflow/example_dags/example_latest_only_with_trigger.py
[2024-01-31T02:09:59.818+0000] {logging_mixin.py:188} INFO - [2024-01-31T02:09:59.818+0000] {dag.py:3033} INFO - Sync 1 DAGs
[2024-01-31T02:09:59.841+0000] {logging_mixin.py:188} INFO - [2024-01-31T02:09:59.841+0000] {dag.py:3820} INFO - Setting next_dagrun for latest_only_with_trigger to 2024-01-30T20:00:00+00:00, run_after=2024-01-31T00:00:00+00:00
[2024-01-31T02:09:59.869+0000] {processor.py:183} INFO - Processing /home/deprojectue/miniconda3/envs/airflow_demo/lib/python3.9/site-packages/airflow/example_dags/example_latest_only_with_trigger.py took 0.089 seconds
[2024-01-31T02:12:48.998+0000] {processor.py:161} INFO - Started process (PID=211045) to work on /home/deprojectue/miniconda3/envs/airflow_demo/lib/python3.9/site-packages/airflow/example_dags/example_latest_only_with_trigger.py
[2024-01-31T02:12:49.000+0000] {processor.py:830} INFO - Processing file /home/deprojectue/miniconda3/envs/airflow_demo/lib/python3.9/site-packages/airflow/example_dags/example_latest_only_with_trigger.py for tasks to queue
[2024-01-31T02:12:49.004+0000] {logging_mixin.py:188} INFO - [2024-01-31T02:12:49.003+0000] {dagbag.py:538} INFO - Filling up the DagBag from /home/deprojectue/miniconda3/envs/airflow_demo/lib/python3.9/site-packages/airflow/example_dags/example_latest_only_with_trigger.py
[2024-01-31T02:12:49.011+0000] {processor.py:840} INFO - DAG(s) 'latest_only_with_trigger' retrieved from /home/deprojectue/miniconda3/envs/airflow_demo/lib/python3.9/site-packages/airflow/example_dags/example_latest_only_with_trigger.py
[2024-01-31T02:12:49.038+0000] {logging_mixin.py:188} INFO - [2024-01-31T02:12:49.037+0000] {dag.py:3033} INFO - Sync 1 DAGs
[2024-01-31T02:12:49.062+0000] {logging_mixin.py:188} INFO - [2024-01-31T02:12:49.061+0000] {dag.py:3820} INFO - Setting next_dagrun for latest_only_with_trigger to 2024-01-30T20:00:00+00:00, run_after=2024-01-31T00:00:00+00:00
[2024-01-31T02:12:49.088+0000] {processor.py:183} INFO - Processing /home/deprojectue/miniconda3/envs/airflow_demo/lib/python3.9/site-packages/airflow/example_dags/example_latest_only_with_trigger.py took 0.094 seconds
[2024-01-31T02:13:38.139+0000] {processor.py:161} INFO - Started process (PID=211102) to work on /home/deprojectue/miniconda3/envs/airflow_demo/lib/python3.9/site-packages/airflow/example_dags/example_latest_only_with_trigger.py
[2024-01-31T02:13:38.141+0000] {processor.py:830} INFO - Processing file /home/deprojectue/miniconda3/envs/airflow_demo/lib/python3.9/site-packages/airflow/example_dags/example_latest_only_with_trigger.py for tasks to queue
[2024-01-31T02:13:38.145+0000] {logging_mixin.py:188} INFO - [2024-01-31T02:13:38.145+0000] {dagbag.py:538} INFO - Filling up the DagBag from /home/deprojectue/miniconda3/envs/airflow_demo/lib/python3.9/site-packages/airflow/example_dags/example_latest_only_with_trigger.py
[2024-01-31T02:13:38.152+0000] {processor.py:840} INFO - DAG(s) 'latest_only_with_trigger' retrieved from /home/deprojectue/miniconda3/envs/airflow_demo/lib/python3.9/site-packages/airflow/example_dags/example_latest_only_with_trigger.py
[2024-01-31T02:13:38.173+0000] {logging_mixin.py:188} INFO - [2024-01-31T02:13:38.173+0000] {dag.py:3033} INFO - Sync 1 DAGs
[2024-01-31T02:13:38.197+0000] {logging_mixin.py:188} INFO - [2024-01-31T02:13:38.196+0000] {dag.py:3820} INFO - Setting next_dagrun for latest_only_with_trigger to 2024-01-30T20:00:00+00:00, run_after=2024-01-31T00:00:00+00:00
[2024-01-31T02:13:38.223+0000] {processor.py:183} INFO - Processing /home/deprojectue/miniconda3/envs/airflow_demo/lib/python3.9/site-packages/airflow/example_dags/example_latest_only_with_trigger.py took 0.088 seconds
[2024-01-31T02:21:47.379+0000] {processor.py:161} INFO - Started process (PID=211305) to work on /home/deprojectue/miniconda3/envs/airflow_demo/lib/python3.9/site-packages/airflow/example_dags/example_latest_only_with_trigger.py
[2024-01-31T02:21:47.382+0000] {processor.py:830} INFO - Processing file /home/deprojectue/miniconda3/envs/airflow_demo/lib/python3.9/site-packages/airflow/example_dags/example_latest_only_with_trigger.py for tasks to queue
[2024-01-31T02:21:47.385+0000] {logging_mixin.py:188} INFO - [2024-01-31T02:21:47.384+0000] {dagbag.py:538} INFO - Filling up the DagBag from /home/deprojectue/miniconda3/envs/airflow_demo/lib/python3.9/site-packages/airflow/example_dags/example_latest_only_with_trigger.py
[2024-01-31T02:21:47.392+0000] {processor.py:840} INFO - DAG(s) 'latest_only_with_trigger' retrieved from /home/deprojectue/miniconda3/envs/airflow_demo/lib/python3.9/site-packages/airflow/example_dags/example_latest_only_with_trigger.py
[2024-01-31T02:21:47.419+0000] {logging_mixin.py:188} INFO - [2024-01-31T02:21:47.418+0000] {dag.py:3033} INFO - Sync 1 DAGs
[2024-01-31T02:21:47.444+0000] {logging_mixin.py:188} INFO - [2024-01-31T02:21:47.443+0000] {dag.py:3820} INFO - Setting next_dagrun for latest_only_with_trigger to 2024-01-30T20:00:00+00:00, run_after=2024-01-31T00:00:00+00:00
[2024-01-31T02:21:47.468+0000] {processor.py:183} INFO - Processing /home/deprojectue/miniconda3/envs/airflow_demo/lib/python3.9/site-packages/airflow/example_dags/example_latest_only_with_trigger.py took 0.093 seconds
[2024-01-31T02:22:38.081+0000] {processor.py:161} INFO - Started process (PID=211355) to work on /home/deprojectue/miniconda3/envs/airflow_demo/lib/python3.9/site-packages/airflow/example_dags/example_latest_only_with_trigger.py
[2024-01-31T02:22:38.083+0000] {processor.py:830} INFO - Processing file /home/deprojectue/miniconda3/envs/airflow_demo/lib/python3.9/site-packages/airflow/example_dags/example_latest_only_with_trigger.py for tasks to queue
[2024-01-31T02:22:38.087+0000] {logging_mixin.py:188} INFO - [2024-01-31T02:22:38.087+0000] {dagbag.py:538} INFO - Filling up the DagBag from /home/deprojectue/miniconda3/envs/airflow_demo/lib/python3.9/site-packages/airflow/example_dags/example_latest_only_with_trigger.py
[2024-01-31T02:22:38.095+0000] {processor.py:840} INFO - DAG(s) 'latest_only_with_trigger' retrieved from /home/deprojectue/miniconda3/envs/airflow_demo/lib/python3.9/site-packages/airflow/example_dags/example_latest_only_with_trigger.py
[2024-01-31T02:22:38.118+0000] {logging_mixin.py:188} INFO - [2024-01-31T02:22:38.117+0000] {dag.py:3033} INFO - Sync 1 DAGs
[2024-01-31T02:22:38.144+0000] {logging_mixin.py:188} INFO - [2024-01-31T02:22:38.143+0000] {dag.py:3820} INFO - Setting next_dagrun for latest_only_with_trigger to 2024-01-30T20:00:00+00:00, run_after=2024-01-31T00:00:00+00:00
[2024-01-31T02:22:38.169+0000] {processor.py:183} INFO - Processing /home/deprojectue/miniconda3/envs/airflow_demo/lib/python3.9/site-packages/airflow/example_dags/example_latest_only_with_trigger.py took 0.092 seconds
[2024-01-31T08:24:17.984+0000] {processor.py:161} INFO - Started process (PID=214038) to work on /home/deprojectue/miniconda3/envs/airflow_demo/lib/python3.9/site-packages/airflow/example_dags/example_latest_only_with_trigger.py
[2024-01-31T08:24:17.986+0000] {processor.py:830} INFO - Processing file /home/deprojectue/miniconda3/envs/airflow_demo/lib/python3.9/site-packages/airflow/example_dags/example_latest_only_with_trigger.py for tasks to queue
[2024-01-31T08:24:17.989+0000] {logging_mixin.py:188} INFO - [2024-01-31T08:24:17.988+0000] {dagbag.py:538} INFO - Filling up the DagBag from /home/deprojectue/miniconda3/envs/airflow_demo/lib/python3.9/site-packages/airflow/example_dags/example_latest_only_with_trigger.py
[2024-01-31T08:24:17.996+0000] {processor.py:840} INFO - DAG(s) 'latest_only_with_trigger' retrieved from /home/deprojectue/miniconda3/envs/airflow_demo/lib/python3.9/site-packages/airflow/example_dags/example_latest_only_with_trigger.py
[2024-01-31T08:24:18.023+0000] {logging_mixin.py:188} INFO - [2024-01-31T08:24:18.022+0000] {dag.py:3033} INFO - Sync 1 DAGs
[2024-01-31T08:24:18.047+0000] {logging_mixin.py:188} INFO - [2024-01-31T08:24:18.046+0000] {dag.py:3820} INFO - Setting next_dagrun for latest_only_with_trigger to 2024-01-31T04:00:00+00:00, run_after=2024-01-31T08:00:00+00:00
[2024-01-31T08:24:18.071+0000] {processor.py:183} INFO - Processing /home/deprojectue/miniconda3/envs/airflow_demo/lib/python3.9/site-packages/airflow/example_dags/example_latest_only_with_trigger.py took 0.092 seconds
[2024-01-31T08:25:15.523+0000] {processor.py:161} INFO - Started process (PID=214097) to work on /home/deprojectue/miniconda3/envs/airflow_demo/lib/python3.9/site-packages/airflow/example_dags/example_latest_only_with_trigger.py
[2024-01-31T08:25:15.524+0000] {processor.py:830} INFO - Processing file /home/deprojectue/miniconda3/envs/airflow_demo/lib/python3.9/site-packages/airflow/example_dags/example_latest_only_with_trigger.py for tasks to queue
[2024-01-31T08:25:15.528+0000] {logging_mixin.py:188} INFO - [2024-01-31T08:25:15.528+0000] {dagbag.py:538} INFO - Filling up the DagBag from /home/deprojectue/miniconda3/envs/airflow_demo/lib/python3.9/site-packages/airflow/example_dags/example_latest_only_with_trigger.py
[2024-01-31T08:25:15.536+0000] {processor.py:840} INFO - DAG(s) 'latest_only_with_trigger' retrieved from /home/deprojectue/miniconda3/envs/airflow_demo/lib/python3.9/site-packages/airflow/example_dags/example_latest_only_with_trigger.py
[2024-01-31T08:25:15.558+0000] {logging_mixin.py:188} INFO - [2024-01-31T08:25:15.558+0000] {dag.py:3033} INFO - Sync 1 DAGs
[2024-01-31T08:25:15.583+0000] {logging_mixin.py:188} INFO - [2024-01-31T08:25:15.583+0000] {dag.py:3820} INFO - Setting next_dagrun for latest_only_with_trigger to 2024-01-31T04:00:00+00:00, run_after=2024-01-31T08:00:00+00:00
[2024-01-31T08:25:15.608+0000] {processor.py:183} INFO - Processing /home/deprojectue/miniconda3/envs/airflow_demo/lib/python3.9/site-packages/airflow/example_dags/example_latest_only_with_trigger.py took 0.089 seconds
[2024-01-31T08:35:00.239+0000] {processor.py:161} INFO - Started process (PID=215045) to work on /home/deprojectue/miniconda3/envs/airflow_demo/lib/python3.9/site-packages/airflow/example_dags/example_latest_only_with_trigger.py
[2024-01-31T08:35:00.250+0000] {processor.py:830} INFO - Processing file /home/deprojectue/miniconda3/envs/airflow_demo/lib/python3.9/site-packages/airflow/example_dags/example_latest_only_with_trigger.py for tasks to queue
[2024-01-31T08:35:00.258+0000] {logging_mixin.py:188} INFO - [2024-01-31T08:35:00.251+0000] {dagbag.py:538} INFO - Filling up the DagBag from /home/deprojectue/miniconda3/envs/airflow_demo/lib/python3.9/site-packages/airflow/example_dags/example_latest_only_with_trigger.py
[2024-01-31T08:35:00.484+0000] {processor.py:840} INFO - DAG(s) 'latest_only_with_trigger' retrieved from /home/deprojectue/miniconda3/envs/airflow_demo/lib/python3.9/site-packages/airflow/example_dags/example_latest_only_with_trigger.py
[2024-01-31T08:35:00.983+0000] {logging_mixin.py:188} INFO - [2024-01-31T08:35:00.969+0000] {dag.py:3033} INFO - Sync 1 DAGs
[2024-01-31T08:35:02.218+0000] {logging_mixin.py:188} INFO - [2024-01-31T08:35:01.973+0000] {dag.py:3820} INFO - Setting next_dagrun for latest_only_with_trigger to 2024-01-31T04:00:00+00:00, run_after=2024-01-31T08:00:00+00:00
[2024-01-31T08:35:26.236+0000] {processor.py:183} INFO - Processing /home/deprojectue/miniconda3/envs/airflow_demo/lib/python3.9/site-packages/airflow/example_dags/example_latest_only_with_trigger.py took 26.002 seconds
[2024-01-31T08:51:59.197+0000] {processor.py:161} INFO - Started process (PID=215378) to work on /home/deprojectue/miniconda3/envs/airflow_demo/lib/python3.9/site-packages/airflow/example_dags/example_latest_only_with_trigger.py
[2024-01-31T08:51:59.199+0000] {processor.py:830} INFO - Processing file /home/deprojectue/miniconda3/envs/airflow_demo/lib/python3.9/site-packages/airflow/example_dags/example_latest_only_with_trigger.py for tasks to queue
[2024-01-31T08:51:59.203+0000] {logging_mixin.py:188} INFO - [2024-01-31T08:51:59.203+0000] {dagbag.py:538} INFO - Filling up the DagBag from /home/deprojectue/miniconda3/envs/airflow_demo/lib/python3.9/site-packages/airflow/example_dags/example_latest_only_with_trigger.py
[2024-01-31T08:51:59.212+0000] {processor.py:840} INFO - DAG(s) 'latest_only_with_trigger' retrieved from /home/deprojectue/miniconda3/envs/airflow_demo/lib/python3.9/site-packages/airflow/example_dags/example_latest_only_with_trigger.py
[2024-01-31T08:51:59.241+0000] {logging_mixin.py:188} INFO - [2024-01-31T08:51:59.240+0000] {dag.py:3033} INFO - Sync 1 DAGs
[2024-01-31T08:51:59.261+0000] {logging_mixin.py:188} INFO - [2024-01-31T08:51:59.261+0000] {dag.py:3820} INFO - Setting next_dagrun for latest_only_with_trigger to 2024-01-31T04:00:00+00:00, run_after=2024-01-31T08:00:00+00:00
[2024-01-31T08:51:59.287+0000] {processor.py:183} INFO - Processing /home/deprojectue/miniconda3/envs/airflow_demo/lib/python3.9/site-packages/airflow/example_dags/example_latest_only_with_trigger.py took 0.094 seconds
[2024-01-31T08:52:48.566+0000] {processor.py:161} INFO - Started process (PID=215429) to work on /home/deprojectue/miniconda3/envs/airflow_demo/lib/python3.9/site-packages/airflow/example_dags/example_latest_only_with_trigger.py
[2024-01-31T08:52:48.568+0000] {processor.py:830} INFO - Processing file /home/deprojectue/miniconda3/envs/airflow_demo/lib/python3.9/site-packages/airflow/example_dags/example_latest_only_with_trigger.py for tasks to queue
[2024-01-31T08:52:48.574+0000] {logging_mixin.py:188} INFO - [2024-01-31T08:52:48.573+0000] {dagbag.py:538} INFO - Filling up the DagBag from /home/deprojectue/miniconda3/envs/airflow_demo/lib/python3.9/site-packages/airflow/example_dags/example_latest_only_with_trigger.py
[2024-01-31T08:52:48.582+0000] {processor.py:840} INFO - DAG(s) 'latest_only_with_trigger' retrieved from /home/deprojectue/miniconda3/envs/airflow_demo/lib/python3.9/site-packages/airflow/example_dags/example_latest_only_with_trigger.py
[2024-01-31T08:52:48.604+0000] {logging_mixin.py:188} INFO - [2024-01-31T08:52:48.603+0000] {dag.py:3033} INFO - Sync 1 DAGs
[2024-01-31T08:52:48.624+0000] {logging_mixin.py:188} INFO - [2024-01-31T08:52:48.623+0000] {dag.py:3820} INFO - Setting next_dagrun for latest_only_with_trigger to 2024-01-31T04:00:00+00:00, run_after=2024-01-31T08:00:00+00:00
[2024-01-31T08:52:48.648+0000] {processor.py:183} INFO - Processing /home/deprojectue/miniconda3/envs/airflow_demo/lib/python3.9/site-packages/airflow/example_dags/example_latest_only_with_trigger.py took 0.087 seconds
[2024-01-31T08:53:38.922+0000] {processor.py:161} INFO - Started process (PID=215481) to work on /home/deprojectue/miniconda3/envs/airflow_demo/lib/python3.9/site-packages/airflow/example_dags/example_latest_only_with_trigger.py
[2024-01-31T08:53:38.924+0000] {processor.py:830} INFO - Processing file /home/deprojectue/miniconda3/envs/airflow_demo/lib/python3.9/site-packages/airflow/example_dags/example_latest_only_with_trigger.py for tasks to queue
[2024-01-31T08:53:38.928+0000] {logging_mixin.py:188} INFO - [2024-01-31T08:53:38.928+0000] {dagbag.py:538} INFO - Filling up the DagBag from /home/deprojectue/miniconda3/envs/airflow_demo/lib/python3.9/site-packages/airflow/example_dags/example_latest_only_with_trigger.py
[2024-01-31T08:53:38.936+0000] {processor.py:840} INFO - DAG(s) 'latest_only_with_trigger' retrieved from /home/deprojectue/miniconda3/envs/airflow_demo/lib/python3.9/site-packages/airflow/example_dags/example_latest_only_with_trigger.py
[2024-01-31T08:53:38.959+0000] {logging_mixin.py:188} INFO - [2024-01-31T08:53:38.958+0000] {dag.py:3033} INFO - Sync 1 DAGs
[2024-01-31T08:53:38.980+0000] {logging_mixin.py:188} INFO - [2024-01-31T08:53:38.980+0000] {dag.py:3820} INFO - Setting next_dagrun for latest_only_with_trigger to 2024-01-31T04:00:00+00:00, run_after=2024-01-31T08:00:00+00:00
[2024-01-31T08:53:39.006+0000] {processor.py:183} INFO - Processing /home/deprojectue/miniconda3/envs/airflow_demo/lib/python3.9/site-packages/airflow/example_dags/example_latest_only_with_trigger.py took 0.088 seconds
[2024-01-31T08:54:21.273+0000] {processor.py:161} INFO - Started process (PID=215523) to work on /home/deprojectue/miniconda3/envs/airflow_demo/lib/python3.9/site-packages/airflow/example_dags/example_latest_only_with_trigger.py
[2024-01-31T08:54:21.275+0000] {processor.py:830} INFO - Processing file /home/deprojectue/miniconda3/envs/airflow_demo/lib/python3.9/site-packages/airflow/example_dags/example_latest_only_with_trigger.py for tasks to queue
[2024-01-31T08:54:21.280+0000] {logging_mixin.py:188} INFO - [2024-01-31T08:54:21.279+0000] {dagbag.py:538} INFO - Filling up the DagBag from /home/deprojectue/miniconda3/envs/airflow_demo/lib/python3.9/site-packages/airflow/example_dags/example_latest_only_with_trigger.py
[2024-01-31T08:54:21.287+0000] {processor.py:840} INFO - DAG(s) 'latest_only_with_trigger' retrieved from /home/deprojectue/miniconda3/envs/airflow_demo/lib/python3.9/site-packages/airflow/example_dags/example_latest_only_with_trigger.py
[2024-01-31T08:54:21.309+0000] {logging_mixin.py:188} INFO - [2024-01-31T08:54:21.308+0000] {dag.py:3033} INFO - Sync 1 DAGs
[2024-01-31T08:54:21.329+0000] {logging_mixin.py:188} INFO - [2024-01-31T08:54:21.329+0000] {dag.py:3820} INFO - Setting next_dagrun for latest_only_with_trigger to 2024-01-31T04:00:00+00:00, run_after=2024-01-31T08:00:00+00:00
[2024-01-31T08:54:21.355+0000] {processor.py:183} INFO - Processing /home/deprojectue/miniconda3/envs/airflow_demo/lib/python3.9/site-packages/airflow/example_dags/example_latest_only_with_trigger.py took 0.086 seconds
[2024-01-31T08:55:02.501+0000] {processor.py:161} INFO - Started process (PID=215567) to work on /home/deprojectue/miniconda3/envs/airflow_demo/lib/python3.9/site-packages/airflow/example_dags/example_latest_only_with_trigger.py
[2024-01-31T08:55:02.503+0000] {processor.py:830} INFO - Processing file /home/deprojectue/miniconda3/envs/airflow_demo/lib/python3.9/site-packages/airflow/example_dags/example_latest_only_with_trigger.py for tasks to queue
[2024-01-31T08:55:02.507+0000] {logging_mixin.py:188} INFO - [2024-01-31T08:55:02.506+0000] {dagbag.py:538} INFO - Filling up the DagBag from /home/deprojectue/miniconda3/envs/airflow_demo/lib/python3.9/site-packages/airflow/example_dags/example_latest_only_with_trigger.py
[2024-01-31T08:55:02.514+0000] {processor.py:840} INFO - DAG(s) 'latest_only_with_trigger' retrieved from /home/deprojectue/miniconda3/envs/airflow_demo/lib/python3.9/site-packages/airflow/example_dags/example_latest_only_with_trigger.py
[2024-01-31T08:55:02.536+0000] {logging_mixin.py:188} INFO - [2024-01-31T08:55:02.535+0000] {dag.py:3033} INFO - Sync 1 DAGs
[2024-01-31T08:55:02.555+0000] {logging_mixin.py:188} INFO - [2024-01-31T08:55:02.555+0000] {dag.py:3820} INFO - Setting next_dagrun for latest_only_with_trigger to 2024-01-31T04:00:00+00:00, run_after=2024-01-31T08:00:00+00:00
[2024-01-31T08:55:02.579+0000] {processor.py:183} INFO - Processing /home/deprojectue/miniconda3/envs/airflow_demo/lib/python3.9/site-packages/airflow/example_dags/example_latest_only_with_trigger.py took 0.083 seconds
[2024-01-31T08:55:42.555+0000] {processor.py:161} INFO - Started process (PID=215610) to work on /home/deprojectue/miniconda3/envs/airflow_demo/lib/python3.9/site-packages/airflow/example_dags/example_latest_only_with_trigger.py
[2024-01-31T08:55:42.557+0000] {processor.py:830} INFO - Processing file /home/deprojectue/miniconda3/envs/airflow_demo/lib/python3.9/site-packages/airflow/example_dags/example_latest_only_with_trigger.py for tasks to queue
[2024-01-31T08:55:42.561+0000] {logging_mixin.py:188} INFO - [2024-01-31T08:55:42.560+0000] {dagbag.py:538} INFO - Filling up the DagBag from /home/deprojectue/miniconda3/envs/airflow_demo/lib/python3.9/site-packages/airflow/example_dags/example_latest_only_with_trigger.py
[2024-01-31T08:55:42.568+0000] {processor.py:840} INFO - DAG(s) 'latest_only_with_trigger' retrieved from /home/deprojectue/miniconda3/envs/airflow_demo/lib/python3.9/site-packages/airflow/example_dags/example_latest_only_with_trigger.py
[2024-01-31T08:55:42.591+0000] {logging_mixin.py:188} INFO - [2024-01-31T08:55:42.590+0000] {dag.py:3033} INFO - Sync 1 DAGs
[2024-01-31T08:55:42.610+0000] {logging_mixin.py:188} INFO - [2024-01-31T08:55:42.610+0000] {dag.py:3820} INFO - Setting next_dagrun for latest_only_with_trigger to 2024-01-31T04:00:00+00:00, run_after=2024-01-31T08:00:00+00:00
[2024-01-31T08:55:42.633+0000] {processor.py:183} INFO - Processing /home/deprojectue/miniconda3/envs/airflow_demo/lib/python3.9/site-packages/airflow/example_dags/example_latest_only_with_trigger.py took 0.083 seconds
[2024-01-31T08:56:38.176+0000] {processor.py:161} INFO - Started process (PID=215680) to work on /home/deprojectue/miniconda3/envs/airflow_demo/lib/python3.9/site-packages/airflow/example_dags/example_latest_only_with_trigger.py
[2024-01-31T08:56:38.178+0000] {processor.py:830} INFO - Processing file /home/deprojectue/miniconda3/envs/airflow_demo/lib/python3.9/site-packages/airflow/example_dags/example_latest_only_with_trigger.py for tasks to queue
[2024-01-31T08:56:38.183+0000] {logging_mixin.py:188} INFO - [2024-01-31T08:56:38.182+0000] {dagbag.py:538} INFO - Filling up the DagBag from /home/deprojectue/miniconda3/envs/airflow_demo/lib/python3.9/site-packages/airflow/example_dags/example_latest_only_with_trigger.py
[2024-01-31T08:56:38.191+0000] {processor.py:840} INFO - DAG(s) 'latest_only_with_trigger' retrieved from /home/deprojectue/miniconda3/envs/airflow_demo/lib/python3.9/site-packages/airflow/example_dags/example_latest_only_with_trigger.py
[2024-01-31T08:56:38.213+0000] {logging_mixin.py:188} INFO - [2024-01-31T08:56:38.212+0000] {dag.py:3033} INFO - Sync 1 DAGs
[2024-01-31T08:56:38.233+0000] {logging_mixin.py:188} INFO - [2024-01-31T08:56:38.233+0000] {dag.py:3820} INFO - Setting next_dagrun for latest_only_with_trigger to 2024-01-31T04:00:00+00:00, run_after=2024-01-31T08:00:00+00:00
[2024-01-31T08:56:38.261+0000] {processor.py:183} INFO - Processing /home/deprojectue/miniconda3/envs/airflow_demo/lib/python3.9/site-packages/airflow/example_dags/example_latest_only_with_trigger.py took 0.089 seconds
[2024-01-31T08:57:16.812+0000] {processor.py:161} INFO - Started process (PID=215726) to work on /home/deprojectue/miniconda3/envs/airflow_demo/lib/python3.9/site-packages/airflow/example_dags/example_latest_only_with_trigger.py
[2024-01-31T08:57:16.814+0000] {processor.py:830} INFO - Processing file /home/deprojectue/miniconda3/envs/airflow_demo/lib/python3.9/site-packages/airflow/example_dags/example_latest_only_with_trigger.py for tasks to queue
[2024-01-31T08:57:16.819+0000] {logging_mixin.py:188} INFO - [2024-01-31T08:57:16.819+0000] {dagbag.py:538} INFO - Filling up the DagBag from /home/deprojectue/miniconda3/envs/airflow_demo/lib/python3.9/site-packages/airflow/example_dags/example_latest_only_with_trigger.py
[2024-01-31T08:57:16.827+0000] {processor.py:840} INFO - DAG(s) 'latest_only_with_trigger' retrieved from /home/deprojectue/miniconda3/envs/airflow_demo/lib/python3.9/site-packages/airflow/example_dags/example_latest_only_with_trigger.py
[2024-01-31T08:57:16.850+0000] {logging_mixin.py:188} INFO - [2024-01-31T08:57:16.849+0000] {dag.py:3033} INFO - Sync 1 DAGs
[2024-01-31T08:57:16.871+0000] {logging_mixin.py:188} INFO - [2024-01-31T08:57:16.871+0000] {dag.py:3820} INFO - Setting next_dagrun for latest_only_with_trigger to 2024-01-31T04:00:00+00:00, run_after=2024-01-31T08:00:00+00:00
[2024-01-31T08:57:16.898+0000] {processor.py:183} INFO - Processing /home/deprojectue/miniconda3/envs/airflow_demo/lib/python3.9/site-packages/airflow/example_dags/example_latest_only_with_trigger.py took 0.090 seconds
[2024-01-31T08:58:12.526+0000] {processor.py:161} INFO - Started process (PID=215783) to work on /home/deprojectue/miniconda3/envs/airflow_demo/lib/python3.9/site-packages/airflow/example_dags/example_latest_only_with_trigger.py
[2024-01-31T08:58:12.528+0000] {processor.py:830} INFO - Processing file /home/deprojectue/miniconda3/envs/airflow_demo/lib/python3.9/site-packages/airflow/example_dags/example_latest_only_with_trigger.py for tasks to queue
[2024-01-31T08:58:12.532+0000] {logging_mixin.py:188} INFO - [2024-01-31T08:58:12.531+0000] {dagbag.py:538} INFO - Filling up the DagBag from /home/deprojectue/miniconda3/envs/airflow_demo/lib/python3.9/site-packages/airflow/example_dags/example_latest_only_with_trigger.py
[2024-01-31T08:58:12.541+0000] {processor.py:840} INFO - DAG(s) 'latest_only_with_trigger' retrieved from /home/deprojectue/miniconda3/envs/airflow_demo/lib/python3.9/site-packages/airflow/example_dags/example_latest_only_with_trigger.py
[2024-01-31T08:58:12.563+0000] {logging_mixin.py:188} INFO - [2024-01-31T08:58:12.562+0000] {dag.py:3033} INFO - Sync 1 DAGs
[2024-01-31T08:58:12.585+0000] {logging_mixin.py:188} INFO - [2024-01-31T08:58:12.585+0000] {dag.py:3820} INFO - Setting next_dagrun for latest_only_with_trigger to 2024-01-31T04:00:00+00:00, run_after=2024-01-31T08:00:00+00:00
[2024-01-31T08:58:12.611+0000] {processor.py:183} INFO - Processing /home/deprojectue/miniconda3/envs/airflow_demo/lib/python3.9/site-packages/airflow/example_dags/example_latest_only_with_trigger.py took 0.089 seconds
[2024-01-31T08:58:53.445+0000] {processor.py:161} INFO - Started process (PID=215843) to work on /home/deprojectue/miniconda3/envs/airflow_demo/lib/python3.9/site-packages/airflow/example_dags/example_latest_only_with_trigger.py
[2024-01-31T08:58:53.448+0000] {processor.py:830} INFO - Processing file /home/deprojectue/miniconda3/envs/airflow_demo/lib/python3.9/site-packages/airflow/example_dags/example_latest_only_with_trigger.py for tasks to queue
[2024-01-31T08:58:53.451+0000] {logging_mixin.py:188} INFO - [2024-01-31T08:58:53.451+0000] {dagbag.py:538} INFO - Filling up the DagBag from /home/deprojectue/miniconda3/envs/airflow_demo/lib/python3.9/site-packages/airflow/example_dags/example_latest_only_with_trigger.py
[2024-01-31T08:58:53.460+0000] {processor.py:840} INFO - DAG(s) 'latest_only_with_trigger' retrieved from /home/deprojectue/miniconda3/envs/airflow_demo/lib/python3.9/site-packages/airflow/example_dags/example_latest_only_with_trigger.py
[2024-01-31T08:58:53.483+0000] {logging_mixin.py:188} INFO - [2024-01-31T08:58:53.482+0000] {dag.py:3033} INFO - Sync 1 DAGs
[2024-01-31T08:58:53.504+0000] {logging_mixin.py:188} INFO - [2024-01-31T08:58:53.504+0000] {dag.py:3820} INFO - Setting next_dagrun for latest_only_with_trigger to 2024-01-31T04:00:00+00:00, run_after=2024-01-31T08:00:00+00:00
[2024-01-31T08:58:53.531+0000] {processor.py:183} INFO - Processing /home/deprojectue/miniconda3/envs/airflow_demo/lib/python3.9/site-packages/airflow/example_dags/example_latest_only_with_trigger.py took 0.090 seconds
[2024-01-31T08:59:34.779+0000] {processor.py:161} INFO - Started process (PID=215887) to work on /home/deprojectue/miniconda3/envs/airflow_demo/lib/python3.9/site-packages/airflow/example_dags/example_latest_only_with_trigger.py
[2024-01-31T08:59:34.781+0000] {processor.py:830} INFO - Processing file /home/deprojectue/miniconda3/envs/airflow_demo/lib/python3.9/site-packages/airflow/example_dags/example_latest_only_with_trigger.py for tasks to queue
[2024-01-31T08:59:34.785+0000] {logging_mixin.py:188} INFO - [2024-01-31T08:59:34.784+0000] {dagbag.py:538} INFO - Filling up the DagBag from /home/deprojectue/miniconda3/envs/airflow_demo/lib/python3.9/site-packages/airflow/example_dags/example_latest_only_with_trigger.py
[2024-01-31T08:59:34.794+0000] {processor.py:840} INFO - DAG(s) 'latest_only_with_trigger' retrieved from /home/deprojectue/miniconda3/envs/airflow_demo/lib/python3.9/site-packages/airflow/example_dags/example_latest_only_with_trigger.py
[2024-01-31T08:59:34.815+0000] {logging_mixin.py:188} INFO - [2024-01-31T08:59:34.814+0000] {dag.py:3033} INFO - Sync 1 DAGs
[2024-01-31T08:59:34.834+0000] {logging_mixin.py:188} INFO - [2024-01-31T08:59:34.834+0000] {dag.py:3820} INFO - Setting next_dagrun for latest_only_with_trigger to 2024-01-31T04:00:00+00:00, run_after=2024-01-31T08:00:00+00:00
[2024-01-31T08:59:34.860+0000] {processor.py:183} INFO - Processing /home/deprojectue/miniconda3/envs/airflow_demo/lib/python3.9/site-packages/airflow/example_dags/example_latest_only_with_trigger.py took 0.085 seconds
[2024-01-31T09:00:29.722+0000] {processor.py:161} INFO - Started process (PID=215945) to work on /home/deprojectue/miniconda3/envs/airflow_demo/lib/python3.9/site-packages/airflow/example_dags/example_latest_only_with_trigger.py
[2024-01-31T09:00:29.725+0000] {processor.py:830} INFO - Processing file /home/deprojectue/miniconda3/envs/airflow_demo/lib/python3.9/site-packages/airflow/example_dags/example_latest_only_with_trigger.py for tasks to queue
[2024-01-31T09:00:29.729+0000] {logging_mixin.py:188} INFO - [2024-01-31T09:00:29.728+0000] {dagbag.py:538} INFO - Filling up the DagBag from /home/deprojectue/miniconda3/envs/airflow_demo/lib/python3.9/site-packages/airflow/example_dags/example_latest_only_with_trigger.py
[2024-01-31T09:00:29.738+0000] {processor.py:840} INFO - DAG(s) 'latest_only_with_trigger' retrieved from /home/deprojectue/miniconda3/envs/airflow_demo/lib/python3.9/site-packages/airflow/example_dags/example_latest_only_with_trigger.py
[2024-01-31T09:00:29.760+0000] {logging_mixin.py:188} INFO - [2024-01-31T09:00:29.760+0000] {dag.py:3033} INFO - Sync 1 DAGs
[2024-01-31T09:00:29.781+0000] {logging_mixin.py:188} INFO - [2024-01-31T09:00:29.781+0000] {dag.py:3820} INFO - Setting next_dagrun for latest_only_with_trigger to 2024-01-31T04:00:00+00:00, run_after=2024-01-31T08:00:00+00:00
[2024-01-31T09:00:29.807+0000] {processor.py:183} INFO - Processing /home/deprojectue/miniconda3/envs/airflow_demo/lib/python3.9/site-packages/airflow/example_dags/example_latest_only_with_trigger.py took 0.089 seconds
[2024-01-31T09:01:27.412+0000] {processor.py:161} INFO - Started process (PID=216004) to work on /home/deprojectue/miniconda3/envs/airflow_demo/lib/python3.9/site-packages/airflow/example_dags/example_latest_only_with_trigger.py
[2024-01-31T09:01:27.415+0000] {processor.py:830} INFO - Processing file /home/deprojectue/miniconda3/envs/airflow_demo/lib/python3.9/site-packages/airflow/example_dags/example_latest_only_with_trigger.py for tasks to queue
[2024-01-31T09:01:27.418+0000] {logging_mixin.py:188} INFO - [2024-01-31T09:01:27.418+0000] {dagbag.py:538} INFO - Filling up the DagBag from /home/deprojectue/miniconda3/envs/airflow_demo/lib/python3.9/site-packages/airflow/example_dags/example_latest_only_with_trigger.py
[2024-01-31T09:01:27.426+0000] {processor.py:840} INFO - DAG(s) 'latest_only_with_trigger' retrieved from /home/deprojectue/miniconda3/envs/airflow_demo/lib/python3.9/site-packages/airflow/example_dags/example_latest_only_with_trigger.py
[2024-01-31T09:01:27.448+0000] {logging_mixin.py:188} INFO - [2024-01-31T09:01:27.447+0000] {dag.py:3033} INFO - Sync 1 DAGs
[2024-01-31T09:01:27.467+0000] {logging_mixin.py:188} INFO - [2024-01-31T09:01:27.466+0000] {dag.py:3820} INFO - Setting next_dagrun for latest_only_with_trigger to 2024-01-31T04:00:00+00:00, run_after=2024-01-31T08:00:00+00:00
[2024-01-31T09:01:27.494+0000] {processor.py:183} INFO - Processing /home/deprojectue/miniconda3/envs/airflow_demo/lib/python3.9/site-packages/airflow/example_dags/example_latest_only_with_trigger.py took 0.086 seconds
[2024-01-31T09:02:22.191+0000] {processor.py:161} INFO - Started process (PID=216065) to work on /home/deprojectue/miniconda3/envs/airflow_demo/lib/python3.9/site-packages/airflow/example_dags/example_latest_only_with_trigger.py
[2024-01-31T09:02:22.193+0000] {processor.py:830} INFO - Processing file /home/deprojectue/miniconda3/envs/airflow_demo/lib/python3.9/site-packages/airflow/example_dags/example_latest_only_with_trigger.py for tasks to queue
[2024-01-31T09:02:22.197+0000] {logging_mixin.py:188} INFO - [2024-01-31T09:02:22.197+0000] {dagbag.py:538} INFO - Filling up the DagBag from /home/deprojectue/miniconda3/envs/airflow_demo/lib/python3.9/site-packages/airflow/example_dags/example_latest_only_with_trigger.py
[2024-01-31T09:02:22.205+0000] {processor.py:840} INFO - DAG(s) 'latest_only_with_trigger' retrieved from /home/deprojectue/miniconda3/envs/airflow_demo/lib/python3.9/site-packages/airflow/example_dags/example_latest_only_with_trigger.py
[2024-01-31T09:02:22.226+0000] {logging_mixin.py:188} INFO - [2024-01-31T09:02:22.225+0000] {dag.py:3033} INFO - Sync 1 DAGs
[2024-01-31T09:02:22.246+0000] {logging_mixin.py:188} INFO - [2024-01-31T09:02:22.246+0000] {dag.py:3820} INFO - Setting next_dagrun for latest_only_with_trigger to 2024-01-31T04:00:00+00:00, run_after=2024-01-31T08:00:00+00:00
[2024-01-31T09:02:22.272+0000] {processor.py:183} INFO - Processing /home/deprojectue/miniconda3/envs/airflow_demo/lib/python3.9/site-packages/airflow/example_dags/example_latest_only_with_trigger.py took 0.084 seconds
[2024-01-31T09:03:17.319+0000] {processor.py:161} INFO - Started process (PID=216121) to work on /home/deprojectue/miniconda3/envs/airflow_demo/lib/python3.9/site-packages/airflow/example_dags/example_latest_only_with_trigger.py
[2024-01-31T09:03:17.321+0000] {processor.py:830} INFO - Processing file /home/deprojectue/miniconda3/envs/airflow_demo/lib/python3.9/site-packages/airflow/example_dags/example_latest_only_with_trigger.py for tasks to queue
[2024-01-31T09:03:17.324+0000] {logging_mixin.py:188} INFO - [2024-01-31T09:03:17.324+0000] {dagbag.py:538} INFO - Filling up the DagBag from /home/deprojectue/miniconda3/envs/airflow_demo/lib/python3.9/site-packages/airflow/example_dags/example_latest_only_with_trigger.py
[2024-01-31T09:03:17.333+0000] {processor.py:840} INFO - DAG(s) 'latest_only_with_trigger' retrieved from /home/deprojectue/miniconda3/envs/airflow_demo/lib/python3.9/site-packages/airflow/example_dags/example_latest_only_with_trigger.py
[2024-01-31T09:03:17.357+0000] {logging_mixin.py:188} INFO - [2024-01-31T09:03:17.357+0000] {dag.py:3033} INFO - Sync 1 DAGs
[2024-01-31T09:03:17.378+0000] {logging_mixin.py:188} INFO - [2024-01-31T09:03:17.378+0000] {dag.py:3820} INFO - Setting next_dagrun for latest_only_with_trigger to 2024-01-31T04:00:00+00:00, run_after=2024-01-31T08:00:00+00:00
[2024-01-31T09:03:17.406+0000] {processor.py:183} INFO - Processing /home/deprojectue/miniconda3/envs/airflow_demo/lib/python3.9/site-packages/airflow/example_dags/example_latest_only_with_trigger.py took 0.092 seconds
[2024-01-31T09:04:11.697+0000] {processor.py:161} INFO - Started process (PID=216178) to work on /home/deprojectue/miniconda3/envs/airflow_demo/lib/python3.9/site-packages/airflow/example_dags/example_latest_only_with_trigger.py
[2024-01-31T09:04:11.699+0000] {processor.py:830} INFO - Processing file /home/deprojectue/miniconda3/envs/airflow_demo/lib/python3.9/site-packages/airflow/example_dags/example_latest_only_with_trigger.py for tasks to queue
[2024-01-31T09:04:11.703+0000] {logging_mixin.py:188} INFO - [2024-01-31T09:04:11.702+0000] {dagbag.py:538} INFO - Filling up the DagBag from /home/deprojectue/miniconda3/envs/airflow_demo/lib/python3.9/site-packages/airflow/example_dags/example_latest_only_with_trigger.py
[2024-01-31T09:04:11.711+0000] {processor.py:840} INFO - DAG(s) 'latest_only_with_trigger' retrieved from /home/deprojectue/miniconda3/envs/airflow_demo/lib/python3.9/site-packages/airflow/example_dags/example_latest_only_with_trigger.py
[2024-01-31T09:04:11.732+0000] {logging_mixin.py:188} INFO - [2024-01-31T09:04:11.732+0000] {dag.py:3033} INFO - Sync 1 DAGs
[2024-01-31T09:04:11.754+0000] {logging_mixin.py:188} INFO - [2024-01-31T09:04:11.754+0000] {dag.py:3820} INFO - Setting next_dagrun for latest_only_with_trigger to 2024-01-31T04:00:00+00:00, run_after=2024-01-31T08:00:00+00:00
[2024-01-31T09:04:11.779+0000] {processor.py:183} INFO - Processing /home/deprojectue/miniconda3/envs/airflow_demo/lib/python3.9/site-packages/airflow/example_dags/example_latest_only_with_trigger.py took 0.086 seconds
[2024-01-31T09:05:07.540+0000] {processor.py:161} INFO - Started process (PID=216239) to work on /home/deprojectue/miniconda3/envs/airflow_demo/lib/python3.9/site-packages/airflow/example_dags/example_latest_only_with_trigger.py
[2024-01-31T09:05:07.543+0000] {processor.py:830} INFO - Processing file /home/deprojectue/miniconda3/envs/airflow_demo/lib/python3.9/site-packages/airflow/example_dags/example_latest_only_with_trigger.py for tasks to queue
[2024-01-31T09:05:07.548+0000] {logging_mixin.py:188} INFO - [2024-01-31T09:05:07.547+0000] {dagbag.py:538} INFO - Filling up the DagBag from /home/deprojectue/miniconda3/envs/airflow_demo/lib/python3.9/site-packages/airflow/example_dags/example_latest_only_with_trigger.py
[2024-01-31T09:05:07.561+0000] {processor.py:840} INFO - DAG(s) 'latest_only_with_trigger' retrieved from /home/deprojectue/miniconda3/envs/airflow_demo/lib/python3.9/site-packages/airflow/example_dags/example_latest_only_with_trigger.py
[2024-01-31T09:05:07.584+0000] {logging_mixin.py:188} INFO - [2024-01-31T09:05:07.583+0000] {dag.py:3033} INFO - Sync 1 DAGs
[2024-01-31T09:05:07.607+0000] {logging_mixin.py:188} INFO - [2024-01-31T09:05:07.606+0000] {dag.py:3820} INFO - Setting next_dagrun for latest_only_with_trigger to 2024-01-31T04:00:00+00:00, run_after=2024-01-31T08:00:00+00:00
[2024-01-31T09:05:07.632+0000] {processor.py:183} INFO - Processing /home/deprojectue/miniconda3/envs/airflow_demo/lib/python3.9/site-packages/airflow/example_dags/example_latest_only_with_trigger.py took 0.098 seconds
[2024-01-31T09:35:41.012+0000] {processor.py:161} INFO - Started process (PID=216880) to work on /home/deprojectue/miniconda3/envs/airflow_demo/lib/python3.9/site-packages/airflow/example_dags/example_latest_only_with_trigger.py
[2024-01-31T09:35:41.014+0000] {processor.py:830} INFO - Processing file /home/deprojectue/miniconda3/envs/airflow_demo/lib/python3.9/site-packages/airflow/example_dags/example_latest_only_with_trigger.py for tasks to queue
[2024-01-31T09:35:41.018+0000] {logging_mixin.py:188} INFO - [2024-01-31T09:35:41.017+0000] {dagbag.py:538} INFO - Filling up the DagBag from /home/deprojectue/miniconda3/envs/airflow_demo/lib/python3.9/site-packages/airflow/example_dags/example_latest_only_with_trigger.py
[2024-01-31T09:35:41.029+0000] {processor.py:840} INFO - DAG(s) 'latest_only_with_trigger' retrieved from /home/deprojectue/miniconda3/envs/airflow_demo/lib/python3.9/site-packages/airflow/example_dags/example_latest_only_with_trigger.py
[2024-01-31T09:35:41.295+0000] {logging_mixin.py:188} INFO - [2024-01-31T09:35:41.289+0000] {override.py:1769} INFO - Created Permission View: can edit on DAG:latest_only_with_trigger
[2024-01-31T09:35:41.315+0000] {logging_mixin.py:188} INFO - [2024-01-31T09:35:41.314+0000] {override.py:1769} INFO - Created Permission View: can read on DAG:latest_only_with_trigger
[2024-01-31T09:35:41.328+0000] {logging_mixin.py:188} INFO - [2024-01-31T09:35:41.327+0000] {override.py:1769} INFO - Created Permission View: can delete on DAG:latest_only_with_trigger
[2024-01-31T09:35:41.329+0000] {logging_mixin.py:188} INFO - [2024-01-31T09:35:41.329+0000] {dag.py:3033} INFO - Sync 1 DAGs
[2024-01-31T09:35:41.345+0000] {logging_mixin.py:188} INFO - [2024-01-31T09:35:41.344+0000] {dag.py:3055} INFO - Creating ORM DAG for latest_only_with_trigger
[2024-01-31T09:35:41.363+0000] {logging_mixin.py:188} INFO - [2024-01-31T09:35:41.363+0000] {dag.py:3820} INFO - Setting next_dagrun for latest_only_with_trigger to 2024-01-31T04:00:00+00:00, run_after=2024-01-31T08:00:00+00:00
[2024-01-31T09:35:41.423+0000] {processor.py:183} INFO - Processing /home/deprojectue/miniconda3/envs/airflow_demo/lib/python3.9/site-packages/airflow/example_dags/example_latest_only_with_trigger.py took 0.415 seconds
[2024-01-31T09:36:40.772+0000] {processor.py:161} INFO - Started process (PID=216937) to work on /home/deprojectue/miniconda3/envs/airflow_demo/lib/python3.9/site-packages/airflow/example_dags/example_latest_only_with_trigger.py
[2024-01-31T09:36:40.774+0000] {processor.py:830} INFO - Processing file /home/deprojectue/miniconda3/envs/airflow_demo/lib/python3.9/site-packages/airflow/example_dags/example_latest_only_with_trigger.py for tasks to queue
[2024-01-31T09:36:40.778+0000] {logging_mixin.py:188} INFO - [2024-01-31T09:36:40.778+0000] {dagbag.py:538} INFO - Filling up the DagBag from /home/deprojectue/miniconda3/envs/airflow_demo/lib/python3.9/site-packages/airflow/example_dags/example_latest_only_with_trigger.py
[2024-01-31T09:36:40.786+0000] {processor.py:840} INFO - DAG(s) 'latest_only_with_trigger' retrieved from /home/deprojectue/miniconda3/envs/airflow_demo/lib/python3.9/site-packages/airflow/example_dags/example_latest_only_with_trigger.py
[2024-01-31T09:36:40.808+0000] {logging_mixin.py:188} INFO - [2024-01-31T09:36:40.808+0000] {dag.py:3033} INFO - Sync 1 DAGs
[2024-01-31T09:36:40.833+0000] {logging_mixin.py:188} INFO - [2024-01-31T09:36:40.833+0000] {dag.py:3820} INFO - Setting next_dagrun for latest_only_with_trigger to 2024-01-31T04:00:00+00:00, run_after=2024-01-31T08:00:00+00:00
[2024-01-31T09:36:40.860+0000] {processor.py:183} INFO - Processing /home/deprojectue/miniconda3/envs/airflow_demo/lib/python3.9/site-packages/airflow/example_dags/example_latest_only_with_trigger.py took 0.093 seconds
