[2024-01-31T02:07:45.909+0000] {processor.py:161} INFO - Started process (PID=210597) to work on /home/deprojectue/miniconda3/envs/airflow_demo/lib/python3.9/site-packages/airflow/example_dags/example_latest_only.py
[2024-01-31T02:07:45.910+0000] {processor.py:830} INFO - Processing file /home/deprojectue/miniconda3/envs/airflow_demo/lib/python3.9/site-packages/airflow/example_dags/example_latest_only.py for tasks to queue
[2024-01-31T02:07:45.911+0000] {logging_mixin.py:188} INFO - [2024-01-31T02:07:45.911+0000] {dagbag.py:538} INFO - Filling up the DagBag from /home/deprojectue/miniconda3/envs/airflow_demo/lib/python3.9/site-packages/airflow/example_dags/example_latest_only.py
[2024-01-31T02:07:45.919+0000] {processor.py:840} INFO - DAG(s) 'latest_only' retrieved from /home/deprojectue/miniconda3/envs/airflow_demo/lib/python3.9/site-packages/airflow/example_dags/example_latest_only.py
[2024-01-31T02:07:46.039+0000] {logging_mixin.py:188} INFO - [2024-01-31T02:07:46.038+0000] {override.py:1769} INFO - Created Permission View: can read on DAG:latest_only
[2024-01-31T02:07:46.052+0000] {logging_mixin.py:188} INFO - [2024-01-31T02:07:46.052+0000] {override.py:1769} INFO - Created Permission View: can delete on DAG:latest_only
[2024-01-31T02:07:46.062+0000] {logging_mixin.py:188} INFO - [2024-01-31T02:07:46.062+0000] {override.py:1769} INFO - Created Permission View: can edit on DAG:latest_only
[2024-01-31T02:07:46.063+0000] {logging_mixin.py:188} INFO - [2024-01-31T02:07:46.062+0000] {dag.py:3033} INFO - Sync 1 DAGs
[2024-01-31T02:07:46.074+0000] {logging_mixin.py:188} INFO - [2024-01-31T02:07:46.074+0000] {dag.py:3055} INFO - Creating ORM DAG for latest_only
[2024-01-31T02:07:46.084+0000] {logging_mixin.py:188} INFO - [2024-01-31T02:07:46.084+0000] {dag.py:3820} INFO - Setting next_dagrun for latest_only to 2024-01-30T20:00:00+00:00, run_after=2024-01-31T00:00:00+00:00
[2024-01-31T02:07:46.107+0000] {processor.py:183} INFO - Processing /home/deprojectue/miniconda3/envs/airflow_demo/lib/python3.9/site-packages/airflow/example_dags/example_latest_only.py took 0.203 seconds
[2024-01-31T02:09:16.738+0000] {processor.py:161} INFO - Started process (PID=210792) to work on /home/deprojectue/miniconda3/envs/airflow_demo/lib/python3.9/site-packages/airflow/example_dags/example_latest_only.py
[2024-01-31T02:09:16.753+0000] {processor.py:830} INFO - Processing file /home/deprojectue/miniconda3/envs/airflow_demo/lib/python3.9/site-packages/airflow/example_dags/example_latest_only.py for tasks to queue
[2024-01-31T02:09:16.755+0000] {logging_mixin.py:188} INFO - [2024-01-31T02:09:16.754+0000] {dagbag.py:538} INFO - Filling up the DagBag from /home/deprojectue/miniconda3/envs/airflow_demo/lib/python3.9/site-packages/airflow/example_dags/example_latest_only.py
[2024-01-31T02:09:16.772+0000] {processor.py:840} INFO - DAG(s) 'latest_only' retrieved from /home/deprojectue/miniconda3/envs/airflow_demo/lib/python3.9/site-packages/airflow/example_dags/example_latest_only.py
[2024-01-31T02:09:16.812+0000] {logging_mixin.py:188} INFO - [2024-01-31T02:09:16.812+0000] {dag.py:3033} INFO - Sync 1 DAGs
[2024-01-31T02:09:16.886+0000] {logging_mixin.py:188} INFO - [2024-01-31T02:09:16.886+0000] {dag.py:3820} INFO - Setting next_dagrun for latest_only to 2024-01-30T20:00:00+00:00, run_after=2024-01-31T00:00:00+00:00
[2024-01-31T02:09:16.984+0000] {processor.py:183} INFO - Processing /home/deprojectue/miniconda3/envs/airflow_demo/lib/python3.9/site-packages/airflow/example_dags/example_latest_only.py took 0.257 seconds
[2024-01-31T02:10:10.160+0000] {processor.py:161} INFO - Started process (PID=210970) to work on /home/deprojectue/miniconda3/envs/airflow_demo/lib/python3.9/site-packages/airflow/example_dags/example_latest_only.py
[2024-01-31T02:10:10.162+0000] {processor.py:830} INFO - Processing file /home/deprojectue/miniconda3/envs/airflow_demo/lib/python3.9/site-packages/airflow/example_dags/example_latest_only.py for tasks to queue
[2024-01-31T02:10:10.163+0000] {logging_mixin.py:188} INFO - [2024-01-31T02:10:10.162+0000] {dagbag.py:538} INFO - Filling up the DagBag from /home/deprojectue/miniconda3/envs/airflow_demo/lib/python3.9/site-packages/airflow/example_dags/example_latest_only.py
[2024-01-31T02:10:10.172+0000] {processor.py:840} INFO - DAG(s) 'latest_only' retrieved from /home/deprojectue/miniconda3/envs/airflow_demo/lib/python3.9/site-packages/airflow/example_dags/example_latest_only.py
[2024-01-31T02:10:10.192+0000] {logging_mixin.py:188} INFO - [2024-01-31T02:10:10.191+0000] {dag.py:3033} INFO - Sync 1 DAGs
[2024-01-31T02:10:10.215+0000] {logging_mixin.py:188} INFO - [2024-01-31T02:10:10.215+0000] {dag.py:3820} INFO - Setting next_dagrun for latest_only to 2024-01-30T20:00:00+00:00, run_after=2024-01-31T00:00:00+00:00
[2024-01-31T02:10:10.243+0000] {processor.py:183} INFO - Processing /home/deprojectue/miniconda3/envs/airflow_demo/lib/python3.9/site-packages/airflow/example_dags/example_latest_only.py took 0.087 seconds
[2024-01-31T02:12:59.415+0000] {processor.py:161} INFO - Started process (PID=211056) to work on /home/deprojectue/miniconda3/envs/airflow_demo/lib/python3.9/site-packages/airflow/example_dags/example_latest_only.py
[2024-01-31T02:12:59.419+0000] {processor.py:830} INFO - Processing file /home/deprojectue/miniconda3/envs/airflow_demo/lib/python3.9/site-packages/airflow/example_dags/example_latest_only.py for tasks to queue
[2024-01-31T02:12:59.424+0000] {logging_mixin.py:188} INFO - [2024-01-31T02:12:59.423+0000] {dagbag.py:538} INFO - Filling up the DagBag from /home/deprojectue/miniconda3/envs/airflow_demo/lib/python3.9/site-packages/airflow/example_dags/example_latest_only.py
[2024-01-31T02:12:59.434+0000] {processor.py:840} INFO - DAG(s) 'latest_only' retrieved from /home/deprojectue/miniconda3/envs/airflow_demo/lib/python3.9/site-packages/airflow/example_dags/example_latest_only.py
[2024-01-31T02:12:59.467+0000] {logging_mixin.py:188} INFO - [2024-01-31T02:12:59.466+0000] {dag.py:3033} INFO - Sync 1 DAGs
[2024-01-31T02:12:59.500+0000] {logging_mixin.py:188} INFO - [2024-01-31T02:12:59.500+0000] {dag.py:3820} INFO - Setting next_dagrun for latest_only to 2024-01-30T20:00:00+00:00, run_after=2024-01-31T00:00:00+00:00
[2024-01-31T02:12:59.537+0000] {processor.py:183} INFO - Processing /home/deprojectue/miniconda3/envs/airflow_demo/lib/python3.9/site-packages/airflow/example_dags/example_latest_only.py took 0.128 seconds
[2024-01-31T02:13:48.551+0000] {processor.py:161} INFO - Started process (PID=211115) to work on /home/deprojectue/miniconda3/envs/airflow_demo/lib/python3.9/site-packages/airflow/example_dags/example_latest_only.py
[2024-01-31T02:13:48.553+0000] {processor.py:830} INFO - Processing file /home/deprojectue/miniconda3/envs/airflow_demo/lib/python3.9/site-packages/airflow/example_dags/example_latest_only.py for tasks to queue
[2024-01-31T02:13:48.556+0000] {logging_mixin.py:188} INFO - [2024-01-31T02:13:48.556+0000] {dagbag.py:538} INFO - Filling up the DagBag from /home/deprojectue/miniconda3/envs/airflow_demo/lib/python3.9/site-packages/airflow/example_dags/example_latest_only.py
[2024-01-31T02:13:48.563+0000] {processor.py:840} INFO - DAG(s) 'latest_only' retrieved from /home/deprojectue/miniconda3/envs/airflow_demo/lib/python3.9/site-packages/airflow/example_dags/example_latest_only.py
[2024-01-31T02:13:48.584+0000] {logging_mixin.py:188} INFO - [2024-01-31T02:13:48.583+0000] {dag.py:3033} INFO - Sync 1 DAGs
[2024-01-31T02:13:48.606+0000] {logging_mixin.py:188} INFO - [2024-01-31T02:13:48.606+0000] {dag.py:3820} INFO - Setting next_dagrun for latest_only to 2024-01-30T20:00:00+00:00, run_after=2024-01-31T00:00:00+00:00
[2024-01-31T02:13:48.632+0000] {processor.py:183} INFO - Processing /home/deprojectue/miniconda3/envs/airflow_demo/lib/python3.9/site-packages/airflow/example_dags/example_latest_only.py took 0.085 seconds
[2024-01-31T02:21:59.183+0000] {processor.py:161} INFO - Started process (PID=211316) to work on /home/deprojectue/miniconda3/envs/airflow_demo/lib/python3.9/site-packages/airflow/example_dags/example_latest_only.py
[2024-01-31T02:21:59.186+0000] {processor.py:830} INFO - Processing file /home/deprojectue/miniconda3/envs/airflow_demo/lib/python3.9/site-packages/airflow/example_dags/example_latest_only.py for tasks to queue
[2024-01-31T02:21:59.189+0000] {logging_mixin.py:188} INFO - [2024-01-31T02:21:59.189+0000] {dagbag.py:538} INFO - Filling up the DagBag from /home/deprojectue/miniconda3/envs/airflow_demo/lib/python3.9/site-packages/airflow/example_dags/example_latest_only.py
[2024-01-31T02:21:59.196+0000] {processor.py:840} INFO - DAG(s) 'latest_only' retrieved from /home/deprojectue/miniconda3/envs/airflow_demo/lib/python3.9/site-packages/airflow/example_dags/example_latest_only.py
[2024-01-31T02:21:59.221+0000] {logging_mixin.py:188} INFO - [2024-01-31T02:21:59.220+0000] {dag.py:3033} INFO - Sync 1 DAGs
[2024-01-31T02:21:59.242+0000] {logging_mixin.py:188} INFO - [2024-01-31T02:21:59.242+0000] {dag.py:3820} INFO - Setting next_dagrun for latest_only to 2024-01-30T20:00:00+00:00, run_after=2024-01-31T00:00:00+00:00
[2024-01-31T02:21:59.269+0000] {processor.py:183} INFO - Processing /home/deprojectue/miniconda3/envs/airflow_demo/lib/python3.9/site-packages/airflow/example_dags/example_latest_only.py took 0.090 seconds
[2024-01-31T02:22:49.560+0000] {processor.py:161} INFO - Started process (PID=211368) to work on /home/deprojectue/miniconda3/envs/airflow_demo/lib/python3.9/site-packages/airflow/example_dags/example_latest_only.py
[2024-01-31T02:22:49.562+0000] {processor.py:830} INFO - Processing file /home/deprojectue/miniconda3/envs/airflow_demo/lib/python3.9/site-packages/airflow/example_dags/example_latest_only.py for tasks to queue
[2024-01-31T02:22:49.574+0000] {logging_mixin.py:188} INFO - [2024-01-31T02:22:49.574+0000] {dagbag.py:538} INFO - Filling up the DagBag from /home/deprojectue/miniconda3/envs/airflow_demo/lib/python3.9/site-packages/airflow/example_dags/example_latest_only.py
[2024-01-31T02:22:49.591+0000] {processor.py:840} INFO - DAG(s) 'latest_only' retrieved from /home/deprojectue/miniconda3/envs/airflow_demo/lib/python3.9/site-packages/airflow/example_dags/example_latest_only.py
[2024-01-31T02:22:49.619+0000] {logging_mixin.py:188} INFO - [2024-01-31T02:22:49.618+0000] {dag.py:3033} INFO - Sync 1 DAGs
[2024-01-31T02:22:49.652+0000] {logging_mixin.py:188} INFO - [2024-01-31T02:22:49.652+0000] {dag.py:3820} INFO - Setting next_dagrun for latest_only to 2024-01-30T20:00:00+00:00, run_after=2024-01-31T00:00:00+00:00
[2024-01-31T02:22:49.702+0000] {processor.py:183} INFO - Processing /home/deprojectue/miniconda3/envs/airflow_demo/lib/python3.9/site-packages/airflow/example_dags/example_latest_only.py took 0.148 seconds
[2024-01-31T08:24:36.801+0000] {processor.py:161} INFO - Started process (PID=214057) to work on /home/deprojectue/miniconda3/envs/airflow_demo/lib/python3.9/site-packages/airflow/example_dags/example_latest_only.py
[2024-01-31T08:24:36.803+0000] {processor.py:830} INFO - Processing file /home/deprojectue/miniconda3/envs/airflow_demo/lib/python3.9/site-packages/airflow/example_dags/example_latest_only.py for tasks to queue
[2024-01-31T08:24:36.806+0000] {logging_mixin.py:188} INFO - [2024-01-31T08:24:36.805+0000] {dagbag.py:538} INFO - Filling up the DagBag from /home/deprojectue/miniconda3/envs/airflow_demo/lib/python3.9/site-packages/airflow/example_dags/example_latest_only.py
[2024-01-31T08:24:36.813+0000] {processor.py:840} INFO - DAG(s) 'latest_only' retrieved from /home/deprojectue/miniconda3/envs/airflow_demo/lib/python3.9/site-packages/airflow/example_dags/example_latest_only.py
[2024-01-31T08:24:36.838+0000] {logging_mixin.py:188} INFO - [2024-01-31T08:24:36.837+0000] {dag.py:3033} INFO - Sync 1 DAGs
[2024-01-31T08:24:36.861+0000] {logging_mixin.py:188} INFO - [2024-01-31T08:24:36.861+0000] {dag.py:3820} INFO - Setting next_dagrun for latest_only to 2024-01-31T04:00:00+00:00, run_after=2024-01-31T08:00:00+00:00
[2024-01-31T08:24:36.886+0000] {processor.py:183} INFO - Processing /home/deprojectue/miniconda3/envs/airflow_demo/lib/python3.9/site-packages/airflow/example_dags/example_latest_only.py took 0.090 seconds
[2024-01-31T08:25:26.919+0000] {processor.py:161} INFO - Started process (PID=214108) to work on /home/deprojectue/miniconda3/envs/airflow_demo/lib/python3.9/site-packages/airflow/example_dags/example_latest_only.py
[2024-01-31T08:25:26.921+0000] {processor.py:830} INFO - Processing file /home/deprojectue/miniconda3/envs/airflow_demo/lib/python3.9/site-packages/airflow/example_dags/example_latest_only.py for tasks to queue
[2024-01-31T08:25:26.924+0000] {logging_mixin.py:188} INFO - [2024-01-31T08:25:26.924+0000] {dagbag.py:538} INFO - Filling up the DagBag from /home/deprojectue/miniconda3/envs/airflow_demo/lib/python3.9/site-packages/airflow/example_dags/example_latest_only.py
[2024-01-31T08:25:26.932+0000] {processor.py:840} INFO - DAG(s) 'latest_only' retrieved from /home/deprojectue/miniconda3/envs/airflow_demo/lib/python3.9/site-packages/airflow/example_dags/example_latest_only.py
[2024-01-31T08:25:26.953+0000] {logging_mixin.py:188} INFO - [2024-01-31T08:25:26.952+0000] {dag.py:3033} INFO - Sync 1 DAGs
[2024-01-31T08:25:26.976+0000] {logging_mixin.py:188} INFO - [2024-01-31T08:25:26.975+0000] {dag.py:3820} INFO - Setting next_dagrun for latest_only to 2024-01-31T04:00:00+00:00, run_after=2024-01-31T08:00:00+00:00
[2024-01-31T08:25:27.002+0000] {processor.py:183} INFO - Processing /home/deprojectue/miniconda3/envs/airflow_demo/lib/python3.9/site-packages/airflow/example_dags/example_latest_only.py took 0.087 seconds
[2024-01-31T08:52:10.211+0000] {processor.py:161} INFO - Started process (PID=215389) to work on /home/deprojectue/miniconda3/envs/airflow_demo/lib/python3.9/site-packages/airflow/example_dags/example_latest_only.py
[2024-01-31T08:52:10.214+0000] {processor.py:830} INFO - Processing file /home/deprojectue/miniconda3/envs/airflow_demo/lib/python3.9/site-packages/airflow/example_dags/example_latest_only.py for tasks to queue
[2024-01-31T08:52:10.217+0000] {logging_mixin.py:188} INFO - [2024-01-31T08:52:10.217+0000] {dagbag.py:538} INFO - Filling up the DagBag from /home/deprojectue/miniconda3/envs/airflow_demo/lib/python3.9/site-packages/airflow/example_dags/example_latest_only.py
[2024-01-31T08:52:10.225+0000] {processor.py:840} INFO - DAG(s) 'latest_only' retrieved from /home/deprojectue/miniconda3/envs/airflow_demo/lib/python3.9/site-packages/airflow/example_dags/example_latest_only.py
[2024-01-31T08:52:10.250+0000] {logging_mixin.py:188} INFO - [2024-01-31T08:52:10.250+0000] {dag.py:3033} INFO - Sync 1 DAGs
[2024-01-31T08:52:10.272+0000] {logging_mixin.py:188} INFO - [2024-01-31T08:52:10.272+0000] {dag.py:3820} INFO - Setting next_dagrun for latest_only to 2024-01-31T04:00:00+00:00, run_after=2024-01-31T08:00:00+00:00
[2024-01-31T08:52:10.300+0000] {processor.py:183} INFO - Processing /home/deprojectue/miniconda3/envs/airflow_demo/lib/python3.9/site-packages/airflow/example_dags/example_latest_only.py took 0.093 seconds
[2024-01-31T08:52:59.885+0000] {processor.py:161} INFO - Started process (PID=215440) to work on /home/deprojectue/miniconda3/envs/airflow_demo/lib/python3.9/site-packages/airflow/example_dags/example_latest_only.py
[2024-01-31T08:52:59.887+0000] {processor.py:830} INFO - Processing file /home/deprojectue/miniconda3/envs/airflow_demo/lib/python3.9/site-packages/airflow/example_dags/example_latest_only.py for tasks to queue
[2024-01-31T08:52:59.891+0000] {logging_mixin.py:188} INFO - [2024-01-31T08:52:59.890+0000] {dagbag.py:538} INFO - Filling up the DagBag from /home/deprojectue/miniconda3/envs/airflow_demo/lib/python3.9/site-packages/airflow/example_dags/example_latest_only.py
[2024-01-31T08:52:59.899+0000] {processor.py:840} INFO - DAG(s) 'latest_only' retrieved from /home/deprojectue/miniconda3/envs/airflow_demo/lib/python3.9/site-packages/airflow/example_dags/example_latest_only.py
[2024-01-31T08:52:59.919+0000] {logging_mixin.py:188} INFO - [2024-01-31T08:52:59.918+0000] {dag.py:3033} INFO - Sync 1 DAGs
[2024-01-31T08:52:59.939+0000] {logging_mixin.py:188} INFO - [2024-01-31T08:52:59.939+0000] {dag.py:3820} INFO - Setting next_dagrun for latest_only to 2024-01-31T04:00:00+00:00, run_after=2024-01-31T08:00:00+00:00
[2024-01-31T08:52:59.964+0000] {processor.py:183} INFO - Processing /home/deprojectue/miniconda3/envs/airflow_demo/lib/python3.9/site-packages/airflow/example_dags/example_latest_only.py took 0.083 seconds
[2024-01-31T08:54:00.588+0000] {processor.py:161} INFO - Started process (PID=215502) to work on /home/deprojectue/miniconda3/envs/airflow_demo/lib/python3.9/site-packages/airflow/example_dags/example_latest_only.py
[2024-01-31T08:54:00.589+0000] {processor.py:830} INFO - Processing file /home/deprojectue/miniconda3/envs/airflow_demo/lib/python3.9/site-packages/airflow/example_dags/example_latest_only.py for tasks to queue
[2024-01-31T08:54:00.593+0000] {logging_mixin.py:188} INFO - [2024-01-31T08:54:00.592+0000] {dagbag.py:538} INFO - Filling up the DagBag from /home/deprojectue/miniconda3/envs/airflow_demo/lib/python3.9/site-packages/airflow/example_dags/example_latest_only.py
[2024-01-31T08:54:00.600+0000] {processor.py:840} INFO - DAG(s) 'latest_only' retrieved from /home/deprojectue/miniconda3/envs/airflow_demo/lib/python3.9/site-packages/airflow/example_dags/example_latest_only.py
[2024-01-31T08:54:00.621+0000] {logging_mixin.py:188} INFO - [2024-01-31T08:54:00.620+0000] {dag.py:3033} INFO - Sync 1 DAGs
[2024-01-31T08:54:00.641+0000] {logging_mixin.py:188} INFO - [2024-01-31T08:54:00.640+0000] {dag.py:3820} INFO - Setting next_dagrun for latest_only to 2024-01-31T04:00:00+00:00, run_after=2024-01-31T08:00:00+00:00
[2024-01-31T08:54:00.666+0000] {processor.py:183} INFO - Processing /home/deprojectue/miniconda3/envs/airflow_demo/lib/python3.9/site-packages/airflow/example_dags/example_latest_only.py took 0.083 seconds
[2024-01-31T08:54:50.563+0000] {processor.py:161} INFO - Started process (PID=215555) to work on /home/deprojectue/miniconda3/envs/airflow_demo/lib/python3.9/site-packages/airflow/example_dags/example_latest_only.py
[2024-01-31T08:54:50.565+0000] {processor.py:830} INFO - Processing file /home/deprojectue/miniconda3/envs/airflow_demo/lib/python3.9/site-packages/airflow/example_dags/example_latest_only.py for tasks to queue
[2024-01-31T08:54:50.568+0000] {logging_mixin.py:188} INFO - [2024-01-31T08:54:50.567+0000] {dagbag.py:538} INFO - Filling up the DagBag from /home/deprojectue/miniconda3/envs/airflow_demo/lib/python3.9/site-packages/airflow/example_dags/example_latest_only.py
[2024-01-31T08:54:50.575+0000] {processor.py:840} INFO - DAG(s) 'latest_only' retrieved from /home/deprojectue/miniconda3/envs/airflow_demo/lib/python3.9/site-packages/airflow/example_dags/example_latest_only.py
[2024-01-31T08:54:50.596+0000] {logging_mixin.py:188} INFO - [2024-01-31T08:54:50.596+0000] {dag.py:3033} INFO - Sync 1 DAGs
[2024-01-31T08:54:50.617+0000] {logging_mixin.py:188} INFO - [2024-01-31T08:54:50.617+0000] {dag.py:3820} INFO - Setting next_dagrun for latest_only to 2024-01-31T04:00:00+00:00, run_after=2024-01-31T08:00:00+00:00
[2024-01-31T08:54:50.641+0000] {processor.py:183} INFO - Processing /home/deprojectue/miniconda3/envs/airflow_demo/lib/python3.9/site-packages/airflow/example_dags/example_latest_only.py took 0.083 seconds
[2024-01-31T08:55:50.010+0000] {processor.py:161} INFO - Started process (PID=215618) to work on /home/deprojectue/miniconda3/envs/airflow_demo/lib/python3.9/site-packages/airflow/example_dags/example_latest_only.py
[2024-01-31T08:55:50.012+0000] {processor.py:830} INFO - Processing file /home/deprojectue/miniconda3/envs/airflow_demo/lib/python3.9/site-packages/airflow/example_dags/example_latest_only.py for tasks to queue
[2024-01-31T08:55:50.016+0000] {logging_mixin.py:188} INFO - [2024-01-31T08:55:50.015+0000] {dagbag.py:538} INFO - Filling up the DagBag from /home/deprojectue/miniconda3/envs/airflow_demo/lib/python3.9/site-packages/airflow/example_dags/example_latest_only.py
[2024-01-31T08:55:50.023+0000] {processor.py:840} INFO - DAG(s) 'latest_only' retrieved from /home/deprojectue/miniconda3/envs/airflow_demo/lib/python3.9/site-packages/airflow/example_dags/example_latest_only.py
[2024-01-31T08:55:50.044+0000] {logging_mixin.py:188} INFO - [2024-01-31T08:55:50.043+0000] {dag.py:3033} INFO - Sync 1 DAGs
[2024-01-31T08:55:50.064+0000] {logging_mixin.py:188} INFO - [2024-01-31T08:55:50.064+0000] {dag.py:3820} INFO - Setting next_dagrun for latest_only to 2024-01-31T04:00:00+00:00, run_after=2024-01-31T08:00:00+00:00
[2024-01-31T08:55:50.093+0000] {processor.py:183} INFO - Processing /home/deprojectue/miniconda3/envs/airflow_demo/lib/python3.9/site-packages/airflow/example_dags/example_latest_only.py took 0.087 seconds
[2024-01-31T08:56:45.818+0000] {processor.py:161} INFO - Started process (PID=215688) to work on /home/deprojectue/miniconda3/envs/airflow_demo/lib/python3.9/site-packages/airflow/example_dags/example_latest_only.py
[2024-01-31T08:56:45.820+0000] {processor.py:830} INFO - Processing file /home/deprojectue/miniconda3/envs/airflow_demo/lib/python3.9/site-packages/airflow/example_dags/example_latest_only.py for tasks to queue
[2024-01-31T08:56:45.824+0000] {logging_mixin.py:188} INFO - [2024-01-31T08:56:45.823+0000] {dagbag.py:538} INFO - Filling up the DagBag from /home/deprojectue/miniconda3/envs/airflow_demo/lib/python3.9/site-packages/airflow/example_dags/example_latest_only.py
[2024-01-31T08:56:45.833+0000] {processor.py:840} INFO - DAG(s) 'latest_only' retrieved from /home/deprojectue/miniconda3/envs/airflow_demo/lib/python3.9/site-packages/airflow/example_dags/example_latest_only.py
[2024-01-31T08:56:45.855+0000] {logging_mixin.py:188} INFO - [2024-01-31T08:56:45.854+0000] {dag.py:3033} INFO - Sync 1 DAGs
[2024-01-31T08:56:45.875+0000] {logging_mixin.py:188} INFO - [2024-01-31T08:56:45.874+0000] {dag.py:3820} INFO - Setting next_dagrun for latest_only to 2024-01-31T04:00:00+00:00, run_after=2024-01-31T08:00:00+00:00
[2024-01-31T08:56:45.900+0000] {processor.py:183} INFO - Processing /home/deprojectue/miniconda3/envs/airflow_demo/lib/python3.9/site-packages/airflow/example_dags/example_latest_only.py took 0.086 seconds
[2024-01-31T08:57:41.548+0000] {processor.py:161} INFO - Started process (PID=215752) to work on /home/deprojectue/miniconda3/envs/airflow_demo/lib/python3.9/site-packages/airflow/example_dags/example_latest_only.py
[2024-01-31T08:57:41.550+0000] {processor.py:830} INFO - Processing file /home/deprojectue/miniconda3/envs/airflow_demo/lib/python3.9/site-packages/airflow/example_dags/example_latest_only.py for tasks to queue
[2024-01-31T08:57:41.554+0000] {logging_mixin.py:188} INFO - [2024-01-31T08:57:41.553+0000] {dagbag.py:538} INFO - Filling up the DagBag from /home/deprojectue/miniconda3/envs/airflow_demo/lib/python3.9/site-packages/airflow/example_dags/example_latest_only.py
[2024-01-31T08:57:41.562+0000] {processor.py:840} INFO - DAG(s) 'latest_only' retrieved from /home/deprojectue/miniconda3/envs/airflow_demo/lib/python3.9/site-packages/airflow/example_dags/example_latest_only.py
[2024-01-31T08:57:41.585+0000] {logging_mixin.py:188} INFO - [2024-01-31T08:57:41.584+0000] {dag.py:3033} INFO - Sync 1 DAGs
[2024-01-31T08:57:41.606+0000] {logging_mixin.py:188} INFO - [2024-01-31T08:57:41.605+0000] {dag.py:3820} INFO - Setting next_dagrun for latest_only to 2024-01-31T04:00:00+00:00, run_after=2024-01-31T08:00:00+00:00
[2024-01-31T08:57:41.629+0000] {processor.py:183} INFO - Processing /home/deprojectue/miniconda3/envs/airflow_demo/lib/python3.9/site-packages/airflow/example_dags/example_latest_only.py took 0.086 seconds
[2024-01-31T08:58:39.678+0000] {processor.py:161} INFO - Started process (PID=215830) to work on /home/deprojectue/miniconda3/envs/airflow_demo/lib/python3.9/site-packages/airflow/example_dags/example_latest_only.py
[2024-01-31T08:58:39.680+0000] {processor.py:830} INFO - Processing file /home/deprojectue/miniconda3/envs/airflow_demo/lib/python3.9/site-packages/airflow/example_dags/example_latest_only.py for tasks to queue
[2024-01-31T08:58:39.683+0000] {logging_mixin.py:188} INFO - [2024-01-31T08:58:39.683+0000] {dagbag.py:538} INFO - Filling up the DagBag from /home/deprojectue/miniconda3/envs/airflow_demo/lib/python3.9/site-packages/airflow/example_dags/example_latest_only.py
[2024-01-31T08:58:39.691+0000] {processor.py:840} INFO - DAG(s) 'latest_only' retrieved from /home/deprojectue/miniconda3/envs/airflow_demo/lib/python3.9/site-packages/airflow/example_dags/example_latest_only.py
[2024-01-31T08:58:39.712+0000] {logging_mixin.py:188} INFO - [2024-01-31T08:58:39.711+0000] {dag.py:3033} INFO - Sync 1 DAGs
[2024-01-31T08:58:39.732+0000] {logging_mixin.py:188} INFO - [2024-01-31T08:58:39.732+0000] {dag.py:3820} INFO - Setting next_dagrun for latest_only to 2024-01-31T04:00:00+00:00, run_after=2024-01-31T08:00:00+00:00
[2024-01-31T08:58:39.759+0000] {processor.py:183} INFO - Processing /home/deprojectue/miniconda3/envs/airflow_demo/lib/python3.9/site-packages/airflow/example_dags/example_latest_only.py took 0.085 seconds
[2024-01-31T08:59:41.662+0000] {processor.py:161} INFO - Started process (PID=215894) to work on /home/deprojectue/miniconda3/envs/airflow_demo/lib/python3.9/site-packages/airflow/example_dags/example_latest_only.py
[2024-01-31T08:59:41.664+0000] {processor.py:830} INFO - Processing file /home/deprojectue/miniconda3/envs/airflow_demo/lib/python3.9/site-packages/airflow/example_dags/example_latest_only.py for tasks to queue
[2024-01-31T08:59:41.667+0000] {logging_mixin.py:188} INFO - [2024-01-31T08:59:41.667+0000] {dagbag.py:538} INFO - Filling up the DagBag from /home/deprojectue/miniconda3/envs/airflow_demo/lib/python3.9/site-packages/airflow/example_dags/example_latest_only.py
[2024-01-31T08:59:41.675+0000] {processor.py:840} INFO - DAG(s) 'latest_only' retrieved from /home/deprojectue/miniconda3/envs/airflow_demo/lib/python3.9/site-packages/airflow/example_dags/example_latest_only.py
[2024-01-31T08:59:41.696+0000] {logging_mixin.py:188} INFO - [2024-01-31T08:59:41.695+0000] {dag.py:3033} INFO - Sync 1 DAGs
[2024-01-31T08:59:41.716+0000] {logging_mixin.py:188} INFO - [2024-01-31T08:59:41.716+0000] {dag.py:3820} INFO - Setting next_dagrun for latest_only to 2024-01-31T04:00:00+00:00, run_after=2024-01-31T08:00:00+00:00
[2024-01-31T08:59:41.741+0000] {processor.py:183} INFO - Processing /home/deprojectue/miniconda3/envs/airflow_demo/lib/python3.9/site-packages/airflow/example_dags/example_latest_only.py took 0.084 seconds
[2024-01-31T09:00:36.886+0000] {processor.py:161} INFO - Started process (PID=215952) to work on /home/deprojectue/miniconda3/envs/airflow_demo/lib/python3.9/site-packages/airflow/example_dags/example_latest_only.py
[2024-01-31T09:00:36.889+0000] {processor.py:830} INFO - Processing file /home/deprojectue/miniconda3/envs/airflow_demo/lib/python3.9/site-packages/airflow/example_dags/example_latest_only.py for tasks to queue
[2024-01-31T09:00:36.892+0000] {logging_mixin.py:188} INFO - [2024-01-31T09:00:36.891+0000] {dagbag.py:538} INFO - Filling up the DagBag from /home/deprojectue/miniconda3/envs/airflow_demo/lib/python3.9/site-packages/airflow/example_dags/example_latest_only.py
[2024-01-31T09:00:36.900+0000] {processor.py:840} INFO - DAG(s) 'latest_only' retrieved from /home/deprojectue/miniconda3/envs/airflow_demo/lib/python3.9/site-packages/airflow/example_dags/example_latest_only.py
[2024-01-31T09:00:36.920+0000] {logging_mixin.py:188} INFO - [2024-01-31T09:00:36.920+0000] {dag.py:3033} INFO - Sync 1 DAGs
[2024-01-31T09:00:36.939+0000] {logging_mixin.py:188} INFO - [2024-01-31T09:00:36.939+0000] {dag.py:3820} INFO - Setting next_dagrun for latest_only to 2024-01-31T04:00:00+00:00, run_after=2024-01-31T08:00:00+00:00
[2024-01-31T09:00:36.963+0000] {processor.py:183} INFO - Processing /home/deprojectue/miniconda3/envs/airflow_demo/lib/python3.9/site-packages/airflow/example_dags/example_latest_only.py took 0.081 seconds
[2024-01-31T09:01:34.178+0000] {processor.py:161} INFO - Started process (PID=216013) to work on /home/deprojectue/miniconda3/envs/airflow_demo/lib/python3.9/site-packages/airflow/example_dags/example_latest_only.py
[2024-01-31T09:01:34.181+0000] {processor.py:830} INFO - Processing file /home/deprojectue/miniconda3/envs/airflow_demo/lib/python3.9/site-packages/airflow/example_dags/example_latest_only.py for tasks to queue
[2024-01-31T09:01:34.184+0000] {logging_mixin.py:188} INFO - [2024-01-31T09:01:34.184+0000] {dagbag.py:538} INFO - Filling up the DagBag from /home/deprojectue/miniconda3/envs/airflow_demo/lib/python3.9/site-packages/airflow/example_dags/example_latest_only.py
[2024-01-31T09:01:34.192+0000] {processor.py:840} INFO - DAG(s) 'latest_only' retrieved from /home/deprojectue/miniconda3/envs/airflow_demo/lib/python3.9/site-packages/airflow/example_dags/example_latest_only.py
[2024-01-31T09:01:34.212+0000] {logging_mixin.py:188} INFO - [2024-01-31T09:01:34.212+0000] {dag.py:3033} INFO - Sync 1 DAGs
[2024-01-31T09:01:34.232+0000] {logging_mixin.py:188} INFO - [2024-01-31T09:01:34.232+0000] {dag.py:3820} INFO - Setting next_dagrun for latest_only to 2024-01-31T04:00:00+00:00, run_after=2024-01-31T08:00:00+00:00
[2024-01-31T09:01:34.258+0000] {processor.py:183} INFO - Processing /home/deprojectue/miniconda3/envs/airflow_demo/lib/python3.9/site-packages/airflow/example_dags/example_latest_only.py took 0.084 seconds
[2024-01-31T09:02:30.889+0000] {processor.py:161} INFO - Started process (PID=216073) to work on /home/deprojectue/miniconda3/envs/airflow_demo/lib/python3.9/site-packages/airflow/example_dags/example_latest_only.py
[2024-01-31T09:02:30.891+0000] {processor.py:830} INFO - Processing file /home/deprojectue/miniconda3/envs/airflow_demo/lib/python3.9/site-packages/airflow/example_dags/example_latest_only.py for tasks to queue
[2024-01-31T09:02:30.895+0000] {logging_mixin.py:188} INFO - [2024-01-31T09:02:30.894+0000] {dagbag.py:538} INFO - Filling up the DagBag from /home/deprojectue/miniconda3/envs/airflow_demo/lib/python3.9/site-packages/airflow/example_dags/example_latest_only.py
[2024-01-31T09:02:30.903+0000] {processor.py:840} INFO - DAG(s) 'latest_only' retrieved from /home/deprojectue/miniconda3/envs/airflow_demo/lib/python3.9/site-packages/airflow/example_dags/example_latest_only.py
[2024-01-31T09:02:30.923+0000] {logging_mixin.py:188} INFO - [2024-01-31T09:02:30.922+0000] {dag.py:3033} INFO - Sync 1 DAGs
[2024-01-31T09:02:30.943+0000] {logging_mixin.py:188} INFO - [2024-01-31T09:02:30.943+0000] {dag.py:3820} INFO - Setting next_dagrun for latest_only to 2024-01-31T04:00:00+00:00, run_after=2024-01-31T08:00:00+00:00
[2024-01-31T09:02:30.968+0000] {processor.py:183} INFO - Processing /home/deprojectue/miniconda3/envs/airflow_demo/lib/python3.9/site-packages/airflow/example_dags/example_latest_only.py took 0.083 seconds
[2024-01-31T09:03:25.439+0000] {processor.py:161} INFO - Started process (PID=216129) to work on /home/deprojectue/miniconda3/envs/airflow_demo/lib/python3.9/site-packages/airflow/example_dags/example_latest_only.py
[2024-01-31T09:03:25.442+0000] {processor.py:830} INFO - Processing file /home/deprojectue/miniconda3/envs/airflow_demo/lib/python3.9/site-packages/airflow/example_dags/example_latest_only.py for tasks to queue
[2024-01-31T09:03:25.445+0000] {logging_mixin.py:188} INFO - [2024-01-31T09:03:25.445+0000] {dagbag.py:538} INFO - Filling up the DagBag from /home/deprojectue/miniconda3/envs/airflow_demo/lib/python3.9/site-packages/airflow/example_dags/example_latest_only.py
[2024-01-31T09:03:25.454+0000] {processor.py:840} INFO - DAG(s) 'latest_only' retrieved from /home/deprojectue/miniconda3/envs/airflow_demo/lib/python3.9/site-packages/airflow/example_dags/example_latest_only.py
[2024-01-31T09:03:25.474+0000] {logging_mixin.py:188} INFO - [2024-01-31T09:03:25.473+0000] {dag.py:3033} INFO - Sync 1 DAGs
[2024-01-31T09:03:25.496+0000] {logging_mixin.py:188} INFO - [2024-01-31T09:03:25.495+0000] {dag.py:3820} INFO - Setting next_dagrun for latest_only to 2024-01-31T04:00:00+00:00, run_after=2024-01-31T08:00:00+00:00
[2024-01-31T09:03:25.523+0000] {processor.py:183} INFO - Processing /home/deprojectue/miniconda3/envs/airflow_demo/lib/python3.9/site-packages/airflow/example_dags/example_latest_only.py took 0.088 seconds
[2024-01-31T09:04:18.929+0000] {processor.py:161} INFO - Started process (PID=216186) to work on /home/deprojectue/miniconda3/envs/airflow_demo/lib/python3.9/site-packages/airflow/example_dags/example_latest_only.py
[2024-01-31T09:04:18.932+0000] {processor.py:830} INFO - Processing file /home/deprojectue/miniconda3/envs/airflow_demo/lib/python3.9/site-packages/airflow/example_dags/example_latest_only.py for tasks to queue
[2024-01-31T09:04:18.935+0000] {logging_mixin.py:188} INFO - [2024-01-31T09:04:18.935+0000] {dagbag.py:538} INFO - Filling up the DagBag from /home/deprojectue/miniconda3/envs/airflow_demo/lib/python3.9/site-packages/airflow/example_dags/example_latest_only.py
[2024-01-31T09:04:18.943+0000] {processor.py:840} INFO - DAG(s) 'latest_only' retrieved from /home/deprojectue/miniconda3/envs/airflow_demo/lib/python3.9/site-packages/airflow/example_dags/example_latest_only.py
[2024-01-31T09:04:18.963+0000] {logging_mixin.py:188} INFO - [2024-01-31T09:04:18.963+0000] {dag.py:3033} INFO - Sync 1 DAGs
[2024-01-31T09:04:18.984+0000] {logging_mixin.py:188} INFO - [2024-01-31T09:04:18.984+0000] {dag.py:3820} INFO - Setting next_dagrun for latest_only to 2024-01-31T04:00:00+00:00, run_after=2024-01-31T08:00:00+00:00
[2024-01-31T09:04:19.010+0000] {processor.py:183} INFO - Processing /home/deprojectue/miniconda3/envs/airflow_demo/lib/python3.9/site-packages/airflow/example_dags/example_latest_only.py took 0.085 seconds
[2024-01-31T09:05:16.197+0000] {processor.py:161} INFO - Started process (PID=216247) to work on /home/deprojectue/miniconda3/envs/airflow_demo/lib/python3.9/site-packages/airflow/example_dags/example_latest_only.py
[2024-01-31T09:05:16.200+0000] {processor.py:830} INFO - Processing file /home/deprojectue/miniconda3/envs/airflow_demo/lib/python3.9/site-packages/airflow/example_dags/example_latest_only.py for tasks to queue
[2024-01-31T09:05:16.203+0000] {logging_mixin.py:188} INFO - [2024-01-31T09:05:16.203+0000] {dagbag.py:538} INFO - Filling up the DagBag from /home/deprojectue/miniconda3/envs/airflow_demo/lib/python3.9/site-packages/airflow/example_dags/example_latest_only.py
[2024-01-31T09:05:16.211+0000] {processor.py:840} INFO - DAG(s) 'latest_only' retrieved from /home/deprojectue/miniconda3/envs/airflow_demo/lib/python3.9/site-packages/airflow/example_dags/example_latest_only.py
[2024-01-31T09:05:16.232+0000] {logging_mixin.py:188} INFO - [2024-01-31T09:05:16.231+0000] {dag.py:3033} INFO - Sync 1 DAGs
[2024-01-31T09:05:16.253+0000] {logging_mixin.py:188} INFO - [2024-01-31T09:05:16.253+0000] {dag.py:3820} INFO - Setting next_dagrun for latest_only to 2024-01-31T04:00:00+00:00, run_after=2024-01-31T08:00:00+00:00
[2024-01-31T09:05:16.278+0000] {processor.py:183} INFO - Processing /home/deprojectue/miniconda3/envs/airflow_demo/lib/python3.9/site-packages/airflow/example_dags/example_latest_only.py took 0.085 seconds
[2024-01-31T09:35:55.152+0000] {processor.py:161} INFO - Started process (PID=216893) to work on /home/deprojectue/miniconda3/envs/airflow_demo/lib/python3.9/site-packages/airflow/example_dags/example_latest_only.py
[2024-01-31T09:35:55.155+0000] {processor.py:830} INFO - Processing file /home/deprojectue/miniconda3/envs/airflow_demo/lib/python3.9/site-packages/airflow/example_dags/example_latest_only.py for tasks to queue
[2024-01-31T09:35:55.158+0000] {logging_mixin.py:188} INFO - [2024-01-31T09:35:55.158+0000] {dagbag.py:538} INFO - Filling up the DagBag from /home/deprojectue/miniconda3/envs/airflow_demo/lib/python3.9/site-packages/airflow/example_dags/example_latest_only.py
[2024-01-31T09:35:55.167+0000] {processor.py:840} INFO - DAG(s) 'latest_only' retrieved from /home/deprojectue/miniconda3/envs/airflow_demo/lib/python3.9/site-packages/airflow/example_dags/example_latest_only.py
[2024-01-31T09:35:55.371+0000] {logging_mixin.py:188} INFO - [2024-01-31T09:35:55.358+0000] {override.py:1769} INFO - Created Permission View: can edit on DAG:latest_only
[2024-01-31T09:35:55.390+0000] {logging_mixin.py:188} INFO - [2024-01-31T09:35:55.390+0000] {override.py:1769} INFO - Created Permission View: can read on DAG:latest_only
[2024-01-31T09:35:55.401+0000] {logging_mixin.py:188} INFO - [2024-01-31T09:35:55.401+0000] {override.py:1769} INFO - Created Permission View: can delete on DAG:latest_only
[2024-01-31T09:35:55.402+0000] {logging_mixin.py:188} INFO - [2024-01-31T09:35:55.401+0000] {dag.py:3033} INFO - Sync 1 DAGs
[2024-01-31T09:35:55.421+0000] {logging_mixin.py:188} INFO - [2024-01-31T09:35:55.420+0000] {dag.py:3055} INFO - Creating ORM DAG for latest_only
[2024-01-31T09:35:55.434+0000] {logging_mixin.py:188} INFO - [2024-01-31T09:35:55.433+0000] {dag.py:3820} INFO - Setting next_dagrun for latest_only to 2024-01-31T04:00:00+00:00, run_after=2024-01-31T08:00:00+00:00
[2024-01-31T09:35:55.475+0000] {processor.py:183} INFO - Processing /home/deprojectue/miniconda3/envs/airflow_demo/lib/python3.9/site-packages/airflow/example_dags/example_latest_only.py took 0.327 seconds
[2024-01-31T09:36:53.452+0000] {processor.py:161} INFO - Started process (PID=216949) to work on /home/deprojectue/miniconda3/envs/airflow_demo/lib/python3.9/site-packages/airflow/example_dags/example_latest_only.py
[2024-01-31T09:36:53.454+0000] {processor.py:830} INFO - Processing file /home/deprojectue/miniconda3/envs/airflow_demo/lib/python3.9/site-packages/airflow/example_dags/example_latest_only.py for tasks to queue
[2024-01-31T09:36:53.457+0000] {logging_mixin.py:188} INFO - [2024-01-31T09:36:53.457+0000] {dagbag.py:538} INFO - Filling up the DagBag from /home/deprojectue/miniconda3/envs/airflow_demo/lib/python3.9/site-packages/airflow/example_dags/example_latest_only.py
[2024-01-31T09:36:53.465+0000] {processor.py:840} INFO - DAG(s) 'latest_only' retrieved from /home/deprojectue/miniconda3/envs/airflow_demo/lib/python3.9/site-packages/airflow/example_dags/example_latest_only.py
[2024-01-31T09:36:53.487+0000] {logging_mixin.py:188} INFO - [2024-01-31T09:36:53.486+0000] {dag.py:3033} INFO - Sync 1 DAGs
[2024-01-31T09:36:53.513+0000] {logging_mixin.py:188} INFO - [2024-01-31T09:36:53.513+0000] {dag.py:3820} INFO - Setting next_dagrun for latest_only to 2024-01-31T04:00:00+00:00, run_after=2024-01-31T08:00:00+00:00
[2024-01-31T09:36:53.555+0000] {processor.py:183} INFO - Processing /home/deprojectue/miniconda3/envs/airflow_demo/lib/python3.9/site-packages/airflow/example_dags/example_latest_only.py took 0.107 seconds
