[2024-01-31T02:08:05.759+0000] {processor.py:161} INFO - Started process (PID=210628) to work on /home/deprojectue/miniconda3/envs/airflow_demo/lib/python3.9/site-packages/airflow/example_dags/example_dag_decorator.py
[2024-01-31T02:08:05.760+0000] {processor.py:830} INFO - Processing file /home/deprojectue/miniconda3/envs/airflow_demo/lib/python3.9/site-packages/airflow/example_dags/example_dag_decorator.py for tasks to queue
[2024-01-31T02:08:05.762+0000] {logging_mixin.py:188} INFO - [2024-01-31T02:08:05.761+0000] {dagbag.py:538} INFO - Filling up the DagBag from /home/deprojectue/miniconda3/envs/airflow_demo/lib/python3.9/site-packages/airflow/example_dags/example_dag_decorator.py
[2024-01-31T02:08:05.903+0000] {processor.py:840} INFO - DAG(s) 'example_dag_decorator' retrieved from /home/deprojectue/miniconda3/envs/airflow_demo/lib/python3.9/site-packages/airflow/example_dags/example_dag_decorator.py
[2024-01-31T02:08:06.055+0000] {logging_mixin.py:188} INFO - [2024-01-31T02:08:06.054+0000] {override.py:1769} INFO - Created Permission View: can read on DAG:example_dag_decorator
[2024-01-31T02:08:06.127+0000] {logging_mixin.py:188} INFO - [2024-01-31T02:08:06.127+0000] {override.py:1769} INFO - Created Permission View: can delete on DAG:example_dag_decorator
[2024-01-31T02:08:06.141+0000] {logging_mixin.py:188} INFO - [2024-01-31T02:08:06.141+0000] {override.py:1769} INFO - Created Permission View: can edit on DAG:example_dag_decorator
[2024-01-31T02:08:06.142+0000] {logging_mixin.py:188} INFO - [2024-01-31T02:08:06.142+0000] {dag.py:3033} INFO - Sync 1 DAGs
[2024-01-31T02:08:06.166+0000] {logging_mixin.py:188} INFO - [2024-01-31T02:08:06.166+0000] {dag.py:3055} INFO - Creating ORM DAG for example_dag_decorator
[2024-01-31T02:08:06.167+0000] {logging_mixin.py:188} INFO - [2024-01-31T02:08:06.167+0000] {dag.py:3820} INFO - Setting next_dagrun for example_dag_decorator to None, run_after=None
[2024-01-31T02:08:06.215+0000] {processor.py:183} INFO - Processing /home/deprojectue/miniconda3/envs/airflow_demo/lib/python3.9/site-packages/airflow/example_dags/example_dag_decorator.py took 0.461 seconds
[2024-01-31T02:09:38.951+0000] {processor.py:161} INFO - Started process (PID=210936) to work on /home/deprojectue/miniconda3/envs/airflow_demo/lib/python3.9/site-packages/airflow/example_dags/example_dag_decorator.py
[2024-01-31T02:09:38.954+0000] {processor.py:830} INFO - Processing file /home/deprojectue/miniconda3/envs/airflow_demo/lib/python3.9/site-packages/airflow/example_dags/example_dag_decorator.py for tasks to queue
[2024-01-31T02:09:38.955+0000] {logging_mixin.py:188} INFO - [2024-01-31T02:09:38.955+0000] {dagbag.py:538} INFO - Filling up the DagBag from /home/deprojectue/miniconda3/envs/airflow_demo/lib/python3.9/site-packages/airflow/example_dags/example_dag_decorator.py
[2024-01-31T02:09:39.084+0000] {processor.py:840} INFO - DAG(s) 'example_dag_decorator' retrieved from /home/deprojectue/miniconda3/envs/airflow_demo/lib/python3.9/site-packages/airflow/example_dags/example_dag_decorator.py
[2024-01-31T02:09:39.202+0000] {logging_mixin.py:188} INFO - [2024-01-31T02:09:39.202+0000] {dag.py:3033} INFO - Sync 1 DAGs
[2024-01-31T02:09:39.215+0000] {logging_mixin.py:188} INFO - [2024-01-31T02:09:39.215+0000] {dag.py:3820} INFO - Setting next_dagrun for example_dag_decorator to None, run_after=None
[2024-01-31T02:09:39.244+0000] {processor.py:183} INFO - Processing /home/deprojectue/miniconda3/envs/airflow_demo/lib/python3.9/site-packages/airflow/example_dags/example_dag_decorator.py took 0.297 seconds
[2024-01-31T02:13:16.126+0000] {processor.py:161} INFO - Started process (PID=211072) to work on /home/deprojectue/miniconda3/envs/airflow_demo/lib/python3.9/site-packages/airflow/example_dags/example_dag_decorator.py
[2024-01-31T02:13:16.128+0000] {processor.py:830} INFO - Processing file /home/deprojectue/miniconda3/envs/airflow_demo/lib/python3.9/site-packages/airflow/example_dags/example_dag_decorator.py for tasks to queue
[2024-01-31T02:13:16.131+0000] {logging_mixin.py:188} INFO - [2024-01-31T02:13:16.131+0000] {dagbag.py:538} INFO - Filling up the DagBag from /home/deprojectue/miniconda3/envs/airflow_demo/lib/python3.9/site-packages/airflow/example_dags/example_dag_decorator.py
[2024-01-31T02:13:16.283+0000] {processor.py:840} INFO - DAG(s) 'example_dag_decorator' retrieved from /home/deprojectue/miniconda3/envs/airflow_demo/lib/python3.9/site-packages/airflow/example_dags/example_dag_decorator.py
[2024-01-31T02:13:16.427+0000] {logging_mixin.py:188} INFO - [2024-01-31T02:13:16.426+0000] {dag.py:3033} INFO - Sync 1 DAGs
[2024-01-31T02:13:16.452+0000] {logging_mixin.py:188} INFO - [2024-01-31T02:13:16.451+0000] {dag.py:3820} INFO - Setting next_dagrun for example_dag_decorator to None, run_after=None
[2024-01-31T02:13:16.500+0000] {processor.py:183} INFO - Processing /home/deprojectue/miniconda3/envs/airflow_demo/lib/python3.9/site-packages/airflow/example_dags/example_dag_decorator.py took 0.378 seconds
[2024-01-31T02:14:15.858+0000] {processor.py:161} INFO - Started process (PID=211141) to work on /home/deprojectue/miniconda3/envs/airflow_demo/lib/python3.9/site-packages/airflow/example_dags/example_dag_decorator.py
[2024-01-31T02:14:15.860+0000] {processor.py:830} INFO - Processing file /home/deprojectue/miniconda3/envs/airflow_demo/lib/python3.9/site-packages/airflow/example_dags/example_dag_decorator.py for tasks to queue
[2024-01-31T02:14:15.864+0000] {logging_mixin.py:188} INFO - [2024-01-31T02:14:15.863+0000] {dagbag.py:538} INFO - Filling up the DagBag from /home/deprojectue/miniconda3/envs/airflow_demo/lib/python3.9/site-packages/airflow/example_dags/example_dag_decorator.py
[2024-01-31T02:14:15.966+0000] {processor.py:840} INFO - DAG(s) 'example_dag_decorator' retrieved from /home/deprojectue/miniconda3/envs/airflow_demo/lib/python3.9/site-packages/airflow/example_dags/example_dag_decorator.py
[2024-01-31T02:14:16.083+0000] {logging_mixin.py:188} INFO - [2024-01-31T02:14:16.083+0000] {dag.py:3033} INFO - Sync 1 DAGs
[2024-01-31T02:14:16.096+0000] {logging_mixin.py:188} INFO - [2024-01-31T02:14:16.095+0000] {dag.py:3820} INFO - Setting next_dagrun for example_dag_decorator to None, run_after=None
[2024-01-31T02:14:16.126+0000] {processor.py:183} INFO - Processing /home/deprojectue/miniconda3/envs/airflow_demo/lib/python3.9/site-packages/airflow/example_dags/example_dag_decorator.py took 0.272 seconds
[2024-01-31T02:22:15.769+0000] {processor.py:161} INFO - Started process (PID=211332) to work on /home/deprojectue/miniconda3/envs/airflow_demo/lib/python3.9/site-packages/airflow/example_dags/example_dag_decorator.py
[2024-01-31T02:22:15.772+0000] {processor.py:830} INFO - Processing file /home/deprojectue/miniconda3/envs/airflow_demo/lib/python3.9/site-packages/airflow/example_dags/example_dag_decorator.py for tasks to queue
[2024-01-31T02:22:15.775+0000] {logging_mixin.py:188} INFO - [2024-01-31T02:22:15.774+0000] {dagbag.py:538} INFO - Filling up the DagBag from /home/deprojectue/miniconda3/envs/airflow_demo/lib/python3.9/site-packages/airflow/example_dags/example_dag_decorator.py
[2024-01-31T02:22:15.931+0000] {processor.py:840} INFO - DAG(s) 'example_dag_decorator' retrieved from /home/deprojectue/miniconda3/envs/airflow_demo/lib/python3.9/site-packages/airflow/example_dags/example_dag_decorator.py
[2024-01-31T02:22:16.032+0000] {logging_mixin.py:188} INFO - [2024-01-31T02:22:16.032+0000] {dag.py:3033} INFO - Sync 1 DAGs
[2024-01-31T02:22:16.044+0000] {logging_mixin.py:188} INFO - [2024-01-31T02:22:16.044+0000] {dag.py:3820} INFO - Setting next_dagrun for example_dag_decorator to None, run_after=None
[2024-01-31T02:22:16.069+0000] {processor.py:183} INFO - Processing /home/deprojectue/miniconda3/envs/airflow_demo/lib/python3.9/site-packages/airflow/example_dags/example_dag_decorator.py took 0.304 seconds
[2024-01-31T08:24:53.559+0000] {processor.py:161} INFO - Started process (PID=214073) to work on /home/deprojectue/miniconda3/envs/airflow_demo/lib/python3.9/site-packages/airflow/example_dags/example_dag_decorator.py
[2024-01-31T08:24:53.560+0000] {processor.py:830} INFO - Processing file /home/deprojectue/miniconda3/envs/airflow_demo/lib/python3.9/site-packages/airflow/example_dags/example_dag_decorator.py for tasks to queue
[2024-01-31T08:24:53.563+0000] {logging_mixin.py:188} INFO - [2024-01-31T08:24:53.563+0000] {dagbag.py:538} INFO - Filling up the DagBag from /home/deprojectue/miniconda3/envs/airflow_demo/lib/python3.9/site-packages/airflow/example_dags/example_dag_decorator.py
[2024-01-31T08:24:53.659+0000] {processor.py:840} INFO - DAG(s) 'example_dag_decorator' retrieved from /home/deprojectue/miniconda3/envs/airflow_demo/lib/python3.9/site-packages/airflow/example_dags/example_dag_decorator.py
[2024-01-31T08:24:53.775+0000] {logging_mixin.py:188} INFO - [2024-01-31T08:24:53.774+0000] {dag.py:3033} INFO - Sync 1 DAGs
[2024-01-31T08:24:53.787+0000] {logging_mixin.py:188} INFO - [2024-01-31T08:24:53.786+0000] {dag.py:3820} INFO - Setting next_dagrun for example_dag_decorator to None, run_after=None
[2024-01-31T08:24:53.811+0000] {processor.py:183} INFO - Processing /home/deprojectue/miniconda3/envs/airflow_demo/lib/python3.9/site-packages/airflow/example_dags/example_dag_decorator.py took 0.256 seconds
[2024-01-31T08:25:59.332+0000] {processor.py:161} INFO - Started process (PID=214617) to work on /home/deprojectue/miniconda3/envs/airflow_demo/lib/python3.9/site-packages/airflow/example_dags/example_dag_decorator.py
[2024-01-31T08:25:59.346+0000] {processor.py:830} INFO - Processing file /home/deprojectue/miniconda3/envs/airflow_demo/lib/python3.9/site-packages/airflow/example_dags/example_dag_decorator.py for tasks to queue
[2024-01-31T08:25:59.350+0000] {logging_mixin.py:188} INFO - [2024-01-31T08:25:59.350+0000] {dagbag.py:538} INFO - Filling up the DagBag from /home/deprojectue/miniconda3/envs/airflow_demo/lib/python3.9/site-packages/airflow/example_dags/example_dag_decorator.py
[2024-01-31T08:25:59.862+0000] {processor.py:840} INFO - DAG(s) 'example_dag_decorator' retrieved from /home/deprojectue/miniconda3/envs/airflow_demo/lib/python3.9/site-packages/airflow/example_dags/example_dag_decorator.py
[2024-01-31T08:26:00.550+0000] {logging_mixin.py:188} INFO - [2024-01-31T08:26:00.549+0000] {dag.py:3033} INFO - Sync 1 DAGs
[2024-01-31T08:26:00.637+0000] {logging_mixin.py:188} INFO - [2024-01-31T08:26:00.636+0000] {dag.py:3820} INFO - Setting next_dagrun for example_dag_decorator to None, run_after=None
[2024-01-31T08:26:00.828+0000] {processor.py:183} INFO - Processing /home/deprojectue/miniconda3/envs/airflow_demo/lib/python3.9/site-packages/airflow/example_dags/example_dag_decorator.py took 1.507 seconds
[2024-01-31T08:52:25.378+0000] {processor.py:161} INFO - Started process (PID=215405) to work on /home/deprojectue/miniconda3/envs/airflow_demo/lib/python3.9/site-packages/airflow/example_dags/example_dag_decorator.py
[2024-01-31T08:52:25.381+0000] {processor.py:830} INFO - Processing file /home/deprojectue/miniconda3/envs/airflow_demo/lib/python3.9/site-packages/airflow/example_dags/example_dag_decorator.py for tasks to queue
[2024-01-31T08:52:25.384+0000] {logging_mixin.py:188} INFO - [2024-01-31T08:52:25.384+0000] {dagbag.py:538} INFO - Filling up the DagBag from /home/deprojectue/miniconda3/envs/airflow_demo/lib/python3.9/site-packages/airflow/example_dags/example_dag_decorator.py
[2024-01-31T08:52:25.532+0000] {processor.py:840} INFO - DAG(s) 'example_dag_decorator' retrieved from /home/deprojectue/miniconda3/envs/airflow_demo/lib/python3.9/site-packages/airflow/example_dags/example_dag_decorator.py
[2024-01-31T08:52:25.635+0000] {logging_mixin.py:188} INFO - [2024-01-31T08:52:25.634+0000] {dag.py:3033} INFO - Sync 1 DAGs
[2024-01-31T08:52:25.644+0000] {logging_mixin.py:188} INFO - [2024-01-31T08:52:25.644+0000] {dag.py:3820} INFO - Setting next_dagrun for example_dag_decorator to None, run_after=None
[2024-01-31T08:52:25.667+0000] {processor.py:183} INFO - Processing /home/deprojectue/miniconda3/envs/airflow_demo/lib/python3.9/site-packages/airflow/example_dags/example_dag_decorator.py took 0.293 seconds
[2024-01-31T08:53:25.869+0000] {processor.py:161} INFO - Started process (PID=215469) to work on /home/deprojectue/miniconda3/envs/airflow_demo/lib/python3.9/site-packages/airflow/example_dags/example_dag_decorator.py
[2024-01-31T08:53:25.871+0000] {processor.py:830} INFO - Processing file /home/deprojectue/miniconda3/envs/airflow_demo/lib/python3.9/site-packages/airflow/example_dags/example_dag_decorator.py for tasks to queue
[2024-01-31T08:53:25.875+0000] {logging_mixin.py:188} INFO - [2024-01-31T08:53:25.874+0000] {dagbag.py:538} INFO - Filling up the DagBag from /home/deprojectue/miniconda3/envs/airflow_demo/lib/python3.9/site-packages/airflow/example_dags/example_dag_decorator.py
[2024-01-31T08:53:25.973+0000] {processor.py:840} INFO - DAG(s) 'example_dag_decorator' retrieved from /home/deprojectue/miniconda3/envs/airflow_demo/lib/python3.9/site-packages/airflow/example_dags/example_dag_decorator.py
[2024-01-31T08:53:26.107+0000] {logging_mixin.py:188} INFO - [2024-01-31T08:53:26.106+0000] {dag.py:3033} INFO - Sync 1 DAGs
[2024-01-31T08:53:26.121+0000] {logging_mixin.py:188} INFO - [2024-01-31T08:53:26.121+0000] {dag.py:3820} INFO - Setting next_dagrun for example_dag_decorator to None, run_after=None
[2024-01-31T08:53:26.147+0000] {processor.py:183} INFO - Processing /home/deprojectue/miniconda3/envs/airflow_demo/lib/python3.9/site-packages/airflow/example_dags/example_dag_decorator.py took 0.282 seconds
[2024-01-31T08:54:28.960+0000] {processor.py:161} INFO - Started process (PID=215531) to work on /home/deprojectue/miniconda3/envs/airflow_demo/lib/python3.9/site-packages/airflow/example_dags/example_dag_decorator.py
[2024-01-31T08:54:28.962+0000] {processor.py:830} INFO - Processing file /home/deprojectue/miniconda3/envs/airflow_demo/lib/python3.9/site-packages/airflow/example_dags/example_dag_decorator.py for tasks to queue
[2024-01-31T08:54:28.965+0000] {logging_mixin.py:188} INFO - [2024-01-31T08:54:28.965+0000] {dagbag.py:538} INFO - Filling up the DagBag from /home/deprojectue/miniconda3/envs/airflow_demo/lib/python3.9/site-packages/airflow/example_dags/example_dag_decorator.py
[2024-01-31T08:54:29.062+0000] {processor.py:840} INFO - DAG(s) 'example_dag_decorator' retrieved from /home/deprojectue/miniconda3/envs/airflow_demo/lib/python3.9/site-packages/airflow/example_dags/example_dag_decorator.py
[2024-01-31T08:54:29.170+0000] {logging_mixin.py:188} INFO - [2024-01-31T08:54:29.169+0000] {dag.py:3033} INFO - Sync 1 DAGs
[2024-01-31T08:54:29.183+0000] {logging_mixin.py:188} INFO - [2024-01-31T08:54:29.182+0000] {dag.py:3820} INFO - Setting next_dagrun for example_dag_decorator to None, run_after=None
[2024-01-31T08:54:29.207+0000] {processor.py:183} INFO - Processing /home/deprojectue/miniconda3/envs/airflow_demo/lib/python3.9/site-packages/airflow/example_dags/example_dag_decorator.py took 0.252 seconds
[2024-01-31T08:55:30.891+0000] {processor.py:161} INFO - Started process (PID=215596) to work on /home/deprojectue/miniconda3/envs/airflow_demo/lib/python3.9/site-packages/airflow/example_dags/example_dag_decorator.py
[2024-01-31T08:55:30.893+0000] {processor.py:830} INFO - Processing file /home/deprojectue/miniconda3/envs/airflow_demo/lib/python3.9/site-packages/airflow/example_dags/example_dag_decorator.py for tasks to queue
[2024-01-31T08:55:30.897+0000] {logging_mixin.py:188} INFO - [2024-01-31T08:55:30.896+0000] {dagbag.py:538} INFO - Filling up the DagBag from /home/deprojectue/miniconda3/envs/airflow_demo/lib/python3.9/site-packages/airflow/example_dags/example_dag_decorator.py
[2024-01-31T08:55:30.996+0000] {processor.py:840} INFO - DAG(s) 'example_dag_decorator' retrieved from /home/deprojectue/miniconda3/envs/airflow_demo/lib/python3.9/site-packages/airflow/example_dags/example_dag_decorator.py
[2024-01-31T08:55:31.103+0000] {logging_mixin.py:188} INFO - [2024-01-31T08:55:31.103+0000] {dag.py:3033} INFO - Sync 1 DAGs
[2024-01-31T08:55:31.113+0000] {logging_mixin.py:188} INFO - [2024-01-31T08:55:31.113+0000] {dag.py:3820} INFO - Setting next_dagrun for example_dag_decorator to None, run_after=None
[2024-01-31T08:55:31.137+0000] {processor.py:183} INFO - Processing /home/deprojectue/miniconda3/envs/airflow_demo/lib/python3.9/site-packages/airflow/example_dags/example_dag_decorator.py took 0.250 seconds
[2024-01-31T08:56:25.635+0000] {processor.py:161} INFO - Started process (PID=215668) to work on /home/deprojectue/miniconda3/envs/airflow_demo/lib/python3.9/site-packages/airflow/example_dags/example_dag_decorator.py
[2024-01-31T08:56:25.637+0000] {processor.py:830} INFO - Processing file /home/deprojectue/miniconda3/envs/airflow_demo/lib/python3.9/site-packages/airflow/example_dags/example_dag_decorator.py for tasks to queue
[2024-01-31T08:56:25.640+0000] {logging_mixin.py:188} INFO - [2024-01-31T08:56:25.640+0000] {dagbag.py:538} INFO - Filling up the DagBag from /home/deprojectue/miniconda3/envs/airflow_demo/lib/python3.9/site-packages/airflow/example_dags/example_dag_decorator.py
[2024-01-31T08:56:25.802+0000] {processor.py:840} INFO - DAG(s) 'example_dag_decorator' retrieved from /home/deprojectue/miniconda3/envs/airflow_demo/lib/python3.9/site-packages/airflow/example_dags/example_dag_decorator.py
[2024-01-31T08:56:25.998+0000] {logging_mixin.py:188} INFO - [2024-01-31T08:56:25.997+0000] {dag.py:3033} INFO - Sync 1 DAGs
[2024-01-31T08:56:26.009+0000] {logging_mixin.py:188} INFO - [2024-01-31T08:56:26.008+0000] {dag.py:3820} INFO - Setting next_dagrun for example_dag_decorator to None, run_after=None
[2024-01-31T08:56:26.034+0000] {processor.py:183} INFO - Processing /home/deprojectue/miniconda3/envs/airflow_demo/lib/python3.9/site-packages/airflow/example_dags/example_dag_decorator.py took 0.404 seconds
[2024-01-31T08:57:24.264+0000] {processor.py:161} INFO - Started process (PID=215733) to work on /home/deprojectue/miniconda3/envs/airflow_demo/lib/python3.9/site-packages/airflow/example_dags/example_dag_decorator.py
[2024-01-31T08:57:24.266+0000] {processor.py:830} INFO - Processing file /home/deprojectue/miniconda3/envs/airflow_demo/lib/python3.9/site-packages/airflow/example_dags/example_dag_decorator.py for tasks to queue
[2024-01-31T08:57:24.270+0000] {logging_mixin.py:188} INFO - [2024-01-31T08:57:24.270+0000] {dagbag.py:538} INFO - Filling up the DagBag from /home/deprojectue/miniconda3/envs/airflow_demo/lib/python3.9/site-packages/airflow/example_dags/example_dag_decorator.py
[2024-01-31T08:57:24.414+0000] {processor.py:840} INFO - DAG(s) 'example_dag_decorator' retrieved from /home/deprojectue/miniconda3/envs/airflow_demo/lib/python3.9/site-packages/airflow/example_dags/example_dag_decorator.py
[2024-01-31T08:57:24.443+0000] {logging_mixin.py:188} INFO - [2024-01-31T08:57:24.442+0000] {dag.py:3033} INFO - Sync 1 DAGs
[2024-01-31T08:57:24.458+0000] {logging_mixin.py:188} INFO - [2024-01-31T08:57:24.458+0000] {dag.py:3820} INFO - Setting next_dagrun for example_dag_decorator to None, run_after=None
[2024-01-31T08:57:24.483+0000] {processor.py:183} INFO - Processing /home/deprojectue/miniconda3/envs/airflow_demo/lib/python3.9/site-packages/airflow/example_dags/example_dag_decorator.py took 0.223 seconds
[2024-01-31T08:58:18.839+0000] {processor.py:161} INFO - Started process (PID=215790) to work on /home/deprojectue/miniconda3/envs/airflow_demo/lib/python3.9/site-packages/airflow/example_dags/example_dag_decorator.py
[2024-01-31T08:58:18.842+0000] {processor.py:830} INFO - Processing file /home/deprojectue/miniconda3/envs/airflow_demo/lib/python3.9/site-packages/airflow/example_dags/example_dag_decorator.py for tasks to queue
[2024-01-31T08:58:18.845+0000] {logging_mixin.py:188} INFO - [2024-01-31T08:58:18.845+0000] {dagbag.py:538} INFO - Filling up the DagBag from /home/deprojectue/miniconda3/envs/airflow_demo/lib/python3.9/site-packages/airflow/example_dags/example_dag_decorator.py
[2024-01-31T08:58:19.005+0000] {processor.py:840} INFO - DAG(s) 'example_dag_decorator' retrieved from /home/deprojectue/miniconda3/envs/airflow_demo/lib/python3.9/site-packages/airflow/example_dags/example_dag_decorator.py
[2024-01-31T08:58:19.211+0000] {logging_mixin.py:188} INFO - [2024-01-31T08:58:19.209+0000] {dag.py:3033} INFO - Sync 1 DAGs
[2024-01-31T08:58:19.225+0000] {logging_mixin.py:188} INFO - [2024-01-31T08:58:19.225+0000] {dag.py:3820} INFO - Setting next_dagrun for example_dag_decorator to None, run_after=None
[2024-01-31T08:58:19.267+0000] {processor.py:183} INFO - Processing /home/deprojectue/miniconda3/envs/airflow_demo/lib/python3.9/site-packages/airflow/example_dags/example_dag_decorator.py took 0.432 seconds
[2024-01-31T08:59:21.020+0000] {processor.py:161} INFO - Started process (PID=215874) to work on /home/deprojectue/miniconda3/envs/airflow_demo/lib/python3.9/site-packages/airflow/example_dags/example_dag_decorator.py
[2024-01-31T08:59:21.022+0000] {processor.py:830} INFO - Processing file /home/deprojectue/miniconda3/envs/airflow_demo/lib/python3.9/site-packages/airflow/example_dags/example_dag_decorator.py for tasks to queue
[2024-01-31T08:59:21.026+0000] {logging_mixin.py:188} INFO - [2024-01-31T08:59:21.025+0000] {dagbag.py:538} INFO - Filling up the DagBag from /home/deprojectue/miniconda3/envs/airflow_demo/lib/python3.9/site-packages/airflow/example_dags/example_dag_decorator.py
[2024-01-31T08:59:21.174+0000] {processor.py:840} INFO - DAG(s) 'example_dag_decorator' retrieved from /home/deprojectue/miniconda3/envs/airflow_demo/lib/python3.9/site-packages/airflow/example_dags/example_dag_decorator.py
[2024-01-31T08:59:21.406+0000] {logging_mixin.py:188} INFO - [2024-01-31T08:59:21.404+0000] {dag.py:3033} INFO - Sync 1 DAGs
[2024-01-31T08:59:21.421+0000] {logging_mixin.py:188} INFO - [2024-01-31T08:59:21.421+0000] {dag.py:3820} INFO - Setting next_dagrun for example_dag_decorator to None, run_after=None
[2024-01-31T08:59:21.469+0000] {processor.py:183} INFO - Processing /home/deprojectue/miniconda3/envs/airflow_demo/lib/python3.9/site-packages/airflow/example_dags/example_dag_decorator.py took 0.454 seconds
[2024-01-31T09:00:18.013+0000] {processor.py:161} INFO - Started process (PID=215933) to work on /home/deprojectue/miniconda3/envs/airflow_demo/lib/python3.9/site-packages/airflow/example_dags/example_dag_decorator.py
[2024-01-31T09:00:18.016+0000] {processor.py:830} INFO - Processing file /home/deprojectue/miniconda3/envs/airflow_demo/lib/python3.9/site-packages/airflow/example_dags/example_dag_decorator.py for tasks to queue
[2024-01-31T09:00:18.020+0000] {logging_mixin.py:188} INFO - [2024-01-31T09:00:18.020+0000] {dagbag.py:538} INFO - Filling up the DagBag from /home/deprojectue/miniconda3/envs/airflow_demo/lib/python3.9/site-packages/airflow/example_dags/example_dag_decorator.py
[2024-01-31T09:00:18.169+0000] {processor.py:840} INFO - DAG(s) 'example_dag_decorator' retrieved from /home/deprojectue/miniconda3/envs/airflow_demo/lib/python3.9/site-packages/airflow/example_dags/example_dag_decorator.py
[2024-01-31T09:00:18.359+0000] {logging_mixin.py:188} INFO - [2024-01-31T09:00:18.356+0000] {dag.py:3033} INFO - Sync 1 DAGs
[2024-01-31T09:00:18.374+0000] {logging_mixin.py:188} INFO - [2024-01-31T09:00:18.373+0000] {dag.py:3820} INFO - Setting next_dagrun for example_dag_decorator to None, run_after=None
[2024-01-31T09:00:18.411+0000] {processor.py:183} INFO - Processing /home/deprojectue/miniconda3/envs/airflow_demo/lib/python3.9/site-packages/airflow/example_dags/example_dag_decorator.py took 0.402 seconds
[2024-01-31T09:01:15.849+0000] {processor.py:161} INFO - Started process (PID=215993) to work on /home/deprojectue/miniconda3/envs/airflow_demo/lib/python3.9/site-packages/airflow/example_dags/example_dag_decorator.py
[2024-01-31T09:01:15.851+0000] {processor.py:830} INFO - Processing file /home/deprojectue/miniconda3/envs/airflow_demo/lib/python3.9/site-packages/airflow/example_dags/example_dag_decorator.py for tasks to queue
[2024-01-31T09:01:15.855+0000] {logging_mixin.py:188} INFO - [2024-01-31T09:01:15.855+0000] {dagbag.py:538} INFO - Filling up the DagBag from /home/deprojectue/miniconda3/envs/airflow_demo/lib/python3.9/site-packages/airflow/example_dags/example_dag_decorator.py
[2024-01-31T09:01:16.009+0000] {processor.py:840} INFO - DAG(s) 'example_dag_decorator' retrieved from /home/deprojectue/miniconda3/envs/airflow_demo/lib/python3.9/site-packages/airflow/example_dags/example_dag_decorator.py
[2024-01-31T09:01:16.044+0000] {logging_mixin.py:188} INFO - [2024-01-31T09:01:16.038+0000] {dag.py:3033} INFO - Sync 1 DAGs
[2024-01-31T09:01:16.060+0000] {logging_mixin.py:188} INFO - [2024-01-31T09:01:16.059+0000] {dag.py:3820} INFO - Setting next_dagrun for example_dag_decorator to None, run_after=None
[2024-01-31T09:01:16.095+0000] {processor.py:183} INFO - Processing /home/deprojectue/miniconda3/envs/airflow_demo/lib/python3.9/site-packages/airflow/example_dags/example_dag_decorator.py took 0.250 seconds
[2024-01-31T09:02:10.359+0000] {processor.py:161} INFO - Started process (PID=216052) to work on /home/deprojectue/miniconda3/envs/airflow_demo/lib/python3.9/site-packages/airflow/example_dags/example_dag_decorator.py
[2024-01-31T09:02:10.362+0000] {processor.py:830} INFO - Processing file /home/deprojectue/miniconda3/envs/airflow_demo/lib/python3.9/site-packages/airflow/example_dags/example_dag_decorator.py for tasks to queue
[2024-01-31T09:02:10.368+0000] {logging_mixin.py:188} INFO - [2024-01-31T09:02:10.368+0000] {dagbag.py:538} INFO - Filling up the DagBag from /home/deprojectue/miniconda3/envs/airflow_demo/lib/python3.9/site-packages/airflow/example_dags/example_dag_decorator.py
[2024-01-31T09:02:10.523+0000] {processor.py:840} INFO - DAG(s) 'example_dag_decorator' retrieved from /home/deprojectue/miniconda3/envs/airflow_demo/lib/python3.9/site-packages/airflow/example_dags/example_dag_decorator.py
[2024-01-31T09:02:10.722+0000] {logging_mixin.py:188} INFO - [2024-01-31T09:02:10.720+0000] {dag.py:3033} INFO - Sync 1 DAGs
[2024-01-31T09:02:10.739+0000] {logging_mixin.py:188} INFO - [2024-01-31T09:02:10.738+0000] {dag.py:3820} INFO - Setting next_dagrun for example_dag_decorator to None, run_after=None
[2024-01-31T09:02:10.776+0000] {processor.py:183} INFO - Processing /home/deprojectue/miniconda3/envs/airflow_demo/lib/python3.9/site-packages/airflow/example_dags/example_dag_decorator.py took 0.421 seconds
[2024-01-31T09:03:06.989+0000] {processor.py:161} INFO - Started process (PID=216111) to work on /home/deprojectue/miniconda3/envs/airflow_demo/lib/python3.9/site-packages/airflow/example_dags/example_dag_decorator.py
[2024-01-31T09:03:06.991+0000] {processor.py:830} INFO - Processing file /home/deprojectue/miniconda3/envs/airflow_demo/lib/python3.9/site-packages/airflow/example_dags/example_dag_decorator.py for tasks to queue
[2024-01-31T09:03:06.995+0000] {logging_mixin.py:188} INFO - [2024-01-31T09:03:06.994+0000] {dagbag.py:538} INFO - Filling up the DagBag from /home/deprojectue/miniconda3/envs/airflow_demo/lib/python3.9/site-packages/airflow/example_dags/example_dag_decorator.py
[2024-01-31T09:03:07.147+0000] {processor.py:840} INFO - DAG(s) 'example_dag_decorator' retrieved from /home/deprojectue/miniconda3/envs/airflow_demo/lib/python3.9/site-packages/airflow/example_dags/example_dag_decorator.py
[2024-01-31T09:03:07.183+0000] {logging_mixin.py:188} INFO - [2024-01-31T09:03:07.179+0000] {dag.py:3033} INFO - Sync 1 DAGs
[2024-01-31T09:03:07.200+0000] {logging_mixin.py:188} INFO - [2024-01-31T09:03:07.199+0000] {dag.py:3820} INFO - Setting next_dagrun for example_dag_decorator to None, run_after=None
[2024-01-31T09:03:07.234+0000] {processor.py:183} INFO - Processing /home/deprojectue/miniconda3/envs/airflow_demo/lib/python3.9/site-packages/airflow/example_dags/example_dag_decorator.py took 0.250 seconds
[2024-01-31T09:04:01.383+0000] {processor.py:161} INFO - Started process (PID=216167) to work on /home/deprojectue/miniconda3/envs/airflow_demo/lib/python3.9/site-packages/airflow/example_dags/example_dag_decorator.py
[2024-01-31T09:04:01.386+0000] {processor.py:830} INFO - Processing file /home/deprojectue/miniconda3/envs/airflow_demo/lib/python3.9/site-packages/airflow/example_dags/example_dag_decorator.py for tasks to queue
[2024-01-31T09:04:01.390+0000] {logging_mixin.py:188} INFO - [2024-01-31T09:04:01.389+0000] {dagbag.py:538} INFO - Filling up the DagBag from /home/deprojectue/miniconda3/envs/airflow_demo/lib/python3.9/site-packages/airflow/example_dags/example_dag_decorator.py
[2024-01-31T09:04:01.546+0000] {processor.py:840} INFO - DAG(s) 'example_dag_decorator' retrieved from /home/deprojectue/miniconda3/envs/airflow_demo/lib/python3.9/site-packages/airflow/example_dags/example_dag_decorator.py
[2024-01-31T09:04:01.591+0000] {logging_mixin.py:188} INFO - [2024-01-31T09:04:01.589+0000] {dag.py:3033} INFO - Sync 1 DAGs
[2024-01-31T09:04:01.607+0000] {logging_mixin.py:188} INFO - [2024-01-31T09:04:01.607+0000] {dag.py:3820} INFO - Setting next_dagrun for example_dag_decorator to None, run_after=None
[2024-01-31T09:04:01.645+0000] {processor.py:183} INFO - Processing /home/deprojectue/miniconda3/envs/airflow_demo/lib/python3.9/site-packages/airflow/example_dags/example_dag_decorator.py took 0.265 seconds
[2024-01-31T09:04:55.642+0000] {processor.py:161} INFO - Started process (PID=216226) to work on /home/deprojectue/miniconda3/envs/airflow_demo/lib/python3.9/site-packages/airflow/example_dags/example_dag_decorator.py
[2024-01-31T09:04:55.645+0000] {processor.py:830} INFO - Processing file /home/deprojectue/miniconda3/envs/airflow_demo/lib/python3.9/site-packages/airflow/example_dags/example_dag_decorator.py for tasks to queue
[2024-01-31T09:04:55.649+0000] {logging_mixin.py:188} INFO - [2024-01-31T09:04:55.648+0000] {dagbag.py:538} INFO - Filling up the DagBag from /home/deprojectue/miniconda3/envs/airflow_demo/lib/python3.9/site-packages/airflow/example_dags/example_dag_decorator.py
[2024-01-31T09:04:55.799+0000] {processor.py:840} INFO - DAG(s) 'example_dag_decorator' retrieved from /home/deprojectue/miniconda3/envs/airflow_demo/lib/python3.9/site-packages/airflow/example_dags/example_dag_decorator.py
[2024-01-31T09:04:56.024+0000] {logging_mixin.py:188} INFO - [2024-01-31T09:04:56.023+0000] {dag.py:3033} INFO - Sync 1 DAGs
[2024-01-31T09:04:56.041+0000] {logging_mixin.py:188} INFO - [2024-01-31T09:04:56.040+0000] {dag.py:3820} INFO - Setting next_dagrun for example_dag_decorator to None, run_after=None
[2024-01-31T09:04:56.090+0000] {processor.py:183} INFO - Processing /home/deprojectue/miniconda3/envs/airflow_demo/lib/python3.9/site-packages/airflow/example_dags/example_dag_decorator.py took 0.452 seconds
[2024-01-31T09:36:17.350+0000] {processor.py:161} INFO - Started process (PID=216910) to work on /home/deprojectue/miniconda3/envs/airflow_demo/lib/python3.9/site-packages/airflow/example_dags/example_dag_decorator.py
[2024-01-31T09:36:17.352+0000] {processor.py:830} INFO - Processing file /home/deprojectue/miniconda3/envs/airflow_demo/lib/python3.9/site-packages/airflow/example_dags/example_dag_decorator.py for tasks to queue
[2024-01-31T09:36:17.357+0000] {logging_mixin.py:188} INFO - [2024-01-31T09:36:17.355+0000] {dagbag.py:538} INFO - Filling up the DagBag from /home/deprojectue/miniconda3/envs/airflow_demo/lib/python3.9/site-packages/airflow/example_dags/example_dag_decorator.py
[2024-01-31T09:36:17.527+0000] {processor.py:840} INFO - DAG(s) 'example_dag_decorator' retrieved from /home/deprojectue/miniconda3/envs/airflow_demo/lib/python3.9/site-packages/airflow/example_dags/example_dag_decorator.py
[2024-01-31T09:36:17.844+0000] {logging_mixin.py:188} INFO - [2024-01-31T09:36:17.831+0000] {override.py:1769} INFO - Created Permission View: can edit on DAG:example_dag_decorator
[2024-01-31T09:36:17.861+0000] {logging_mixin.py:188} INFO - [2024-01-31T09:36:17.860+0000] {override.py:1769} INFO - Created Permission View: can read on DAG:example_dag_decorator
[2024-01-31T09:36:17.879+0000] {logging_mixin.py:188} INFO - [2024-01-31T09:36:17.876+0000] {override.py:1769} INFO - Created Permission View: can delete on DAG:example_dag_decorator
[2024-01-31T09:36:17.881+0000] {logging_mixin.py:188} INFO - [2024-01-31T09:36:17.879+0000] {dag.py:3033} INFO - Sync 1 DAGs
[2024-01-31T09:36:17.914+0000] {logging_mixin.py:188} INFO - [2024-01-31T09:36:17.913+0000] {dag.py:3055} INFO - Creating ORM DAG for example_dag_decorator
[2024-01-31T09:36:17.914+0000] {logging_mixin.py:188} INFO - [2024-01-31T09:36:17.914+0000] {dag.py:3820} INFO - Setting next_dagrun for example_dag_decorator to None, run_after=None
[2024-01-31T09:36:17.966+0000] {processor.py:183} INFO - Processing /home/deprojectue/miniconda3/envs/airflow_demo/lib/python3.9/site-packages/airflow/example_dags/example_dag_decorator.py took 0.620 seconds
