[2024-01-31T02:07:29.005+0000] {processor.py:161} INFO - Started process (PID=210209) to work on /home/deprojectue/miniconda3/envs/airflow_demo/lib/python3.9/site-packages/airflow/example_dags/example_short_circuit_decorator.py
[2024-01-31T02:07:29.006+0000] {processor.py:830} INFO - Processing file /home/deprojectue/miniconda3/envs/airflow_demo/lib/python3.9/site-packages/airflow/example_dags/example_short_circuit_decorator.py for tasks to queue
[2024-01-31T02:07:29.007+0000] {logging_mixin.py:188} INFO - [2024-01-31T02:07:29.007+0000] {dagbag.py:538} INFO - Filling up the DagBag from /home/deprojectue/miniconda3/envs/airflow_demo/lib/python3.9/site-packages/airflow/example_dags/example_short_circuit_decorator.py
[2024-01-31T02:07:29.020+0000] {processor.py:840} INFO - DAG(s) 'example_short_circuit_decorator' retrieved from /home/deprojectue/miniconda3/envs/airflow_demo/lib/python3.9/site-packages/airflow/example_dags/example_short_circuit_decorator.py
[2024-01-31T02:07:29.144+0000] {logging_mixin.py:188} INFO - [2024-01-31T02:07:29.143+0000] {override.py:1769} INFO - Created Permission View: can read on DAG:example_short_circuit_decorator
[2024-01-31T02:07:29.159+0000] {logging_mixin.py:188} INFO - [2024-01-31T02:07:29.159+0000] {override.py:1769} INFO - Created Permission View: can delete on DAG:example_short_circuit_decorator
[2024-01-31T02:07:29.170+0000] {logging_mixin.py:188} INFO - [2024-01-31T02:07:29.170+0000] {override.py:1769} INFO - Created Permission View: can edit on DAG:example_short_circuit_decorator
[2024-01-31T02:07:29.171+0000] {logging_mixin.py:188} INFO - [2024-01-31T02:07:29.171+0000] {dag.py:3033} INFO - Sync 1 DAGs
[2024-01-31T02:07:29.184+0000] {logging_mixin.py:188} INFO - [2024-01-31T02:07:29.183+0000] {dag.py:3055} INFO - Creating ORM DAG for example_short_circuit_decorator
[2024-01-31T02:07:29.194+0000] {logging_mixin.py:188} INFO - [2024-01-31T02:07:29.194+0000] {dag.py:3820} INFO - Setting next_dagrun for example_short_circuit_decorator to 2024-01-30T00:00:00+00:00, run_after=2024-01-31T00:00:00+00:00
[2024-01-31T02:07:29.219+0000] {processor.py:183} INFO - Processing /home/deprojectue/miniconda3/envs/airflow_demo/lib/python3.9/site-packages/airflow/example_dags/example_short_circuit_decorator.py took 0.220 seconds
[2024-01-31T02:09:03.447+0000] {processor.py:161} INFO - Started process (PID=210684) to work on /home/deprojectue/miniconda3/envs/airflow_demo/lib/python3.9/site-packages/airflow/example_dags/example_short_circuit_decorator.py
[2024-01-31T02:09:03.450+0000] {processor.py:830} INFO - Processing file /home/deprojectue/miniconda3/envs/airflow_demo/lib/python3.9/site-packages/airflow/example_dags/example_short_circuit_decorator.py for tasks to queue
[2024-01-31T02:09:03.451+0000] {logging_mixin.py:188} INFO - [2024-01-31T02:09:03.450+0000] {dagbag.py:538} INFO - Filling up the DagBag from /home/deprojectue/miniconda3/envs/airflow_demo/lib/python3.9/site-packages/airflow/example_dags/example_short_circuit_decorator.py
[2024-01-31T02:09:03.463+0000] {processor.py:840} INFO - DAG(s) 'example_short_circuit_decorator' retrieved from /home/deprojectue/miniconda3/envs/airflow_demo/lib/python3.9/site-packages/airflow/example_dags/example_short_circuit_decorator.py
[2024-01-31T02:09:03.492+0000] {logging_mixin.py:188} INFO - [2024-01-31T02:09:03.491+0000] {dag.py:3033} INFO - Sync 1 DAGs
[2024-01-31T02:09:03.514+0000] {logging_mixin.py:188} INFO - [2024-01-31T02:09:03.514+0000] {dag.py:3820} INFO - Setting next_dagrun for example_short_circuit_decorator to 2024-01-30T00:00:00+00:00, run_after=2024-01-31T00:00:00+00:00
[2024-01-31T02:09:03.540+0000] {processor.py:183} INFO - Processing /home/deprojectue/miniconda3/envs/airflow_demo/lib/python3.9/site-packages/airflow/example_dags/example_short_circuit_decorator.py took 0.097 seconds
[2024-01-31T02:09:57.720+0000] {processor.py:161} INFO - Started process (PID=210957) to work on /home/deprojectue/miniconda3/envs/airflow_demo/lib/python3.9/site-packages/airflow/example_dags/example_short_circuit_decorator.py
[2024-01-31T02:09:57.722+0000] {processor.py:830} INFO - Processing file /home/deprojectue/miniconda3/envs/airflow_demo/lib/python3.9/site-packages/airflow/example_dags/example_short_circuit_decorator.py for tasks to queue
[2024-01-31T02:09:57.724+0000] {logging_mixin.py:188} INFO - [2024-01-31T02:09:57.723+0000] {dagbag.py:538} INFO - Filling up the DagBag from /home/deprojectue/miniconda3/envs/airflow_demo/lib/python3.9/site-packages/airflow/example_dags/example_short_circuit_decorator.py
[2024-01-31T02:09:57.737+0000] {processor.py:840} INFO - DAG(s) 'example_short_circuit_decorator' retrieved from /home/deprojectue/miniconda3/envs/airflow_demo/lib/python3.9/site-packages/airflow/example_dags/example_short_circuit_decorator.py
[2024-01-31T02:09:57.760+0000] {logging_mixin.py:188} INFO - [2024-01-31T02:09:57.759+0000] {dag.py:3033} INFO - Sync 1 DAGs
[2024-01-31T02:09:57.784+0000] {logging_mixin.py:188} INFO - [2024-01-31T02:09:57.784+0000] {dag.py:3820} INFO - Setting next_dagrun for example_short_circuit_decorator to 2024-01-30T00:00:00+00:00, run_after=2024-01-31T00:00:00+00:00
[2024-01-31T02:09:57.811+0000] {processor.py:183} INFO - Processing /home/deprojectue/miniconda3/envs/airflow_demo/lib/python3.9/site-packages/airflow/example_dags/example_short_circuit_decorator.py took 0.094 seconds
[2024-01-31T02:12:47.310+0000] {processor.py:161} INFO - Started process (PID=211043) to work on /home/deprojectue/miniconda3/envs/airflow_demo/lib/python3.9/site-packages/airflow/example_dags/example_short_circuit_decorator.py
[2024-01-31T02:12:47.321+0000] {processor.py:830} INFO - Processing file /home/deprojectue/miniconda3/envs/airflow_demo/lib/python3.9/site-packages/airflow/example_dags/example_short_circuit_decorator.py for tasks to queue
[2024-01-31T02:12:47.326+0000] {logging_mixin.py:188} INFO - [2024-01-31T02:12:47.326+0000] {dagbag.py:538} INFO - Filling up the DagBag from /home/deprojectue/miniconda3/envs/airflow_demo/lib/python3.9/site-packages/airflow/example_dags/example_short_circuit_decorator.py
[2024-01-31T02:12:47.342+0000] {processor.py:840} INFO - DAG(s) 'example_short_circuit_decorator' retrieved from /home/deprojectue/miniconda3/envs/airflow_demo/lib/python3.9/site-packages/airflow/example_dags/example_short_circuit_decorator.py
[2024-01-31T02:12:47.370+0000] {logging_mixin.py:188} INFO - [2024-01-31T02:12:47.369+0000] {dag.py:3033} INFO - Sync 1 DAGs
[2024-01-31T02:12:47.393+0000] {logging_mixin.py:188} INFO - [2024-01-31T02:12:47.393+0000] {dag.py:3820} INFO - Setting next_dagrun for example_short_circuit_decorator to 2024-01-30T00:00:00+00:00, run_after=2024-01-31T00:00:00+00:00
[2024-01-31T02:12:47.419+0000] {processor.py:183} INFO - Processing /home/deprojectue/miniconda3/envs/airflow_demo/lib/python3.9/site-packages/airflow/example_dags/example_short_circuit_decorator.py took 0.115 seconds
[2024-01-31T02:13:35.752+0000] {processor.py:161} INFO - Started process (PID=211100) to work on /home/deprojectue/miniconda3/envs/airflow_demo/lib/python3.9/site-packages/airflow/example_dags/example_short_circuit_decorator.py
[2024-01-31T02:13:35.754+0000] {processor.py:830} INFO - Processing file /home/deprojectue/miniconda3/envs/airflow_demo/lib/python3.9/site-packages/airflow/example_dags/example_short_circuit_decorator.py for tasks to queue
[2024-01-31T02:13:35.758+0000] {logging_mixin.py:188} INFO - [2024-01-31T02:13:35.757+0000] {dagbag.py:538} INFO - Filling up the DagBag from /home/deprojectue/miniconda3/envs/airflow_demo/lib/python3.9/site-packages/airflow/example_dags/example_short_circuit_decorator.py
[2024-01-31T02:13:35.769+0000] {processor.py:840} INFO - DAG(s) 'example_short_circuit_decorator' retrieved from /home/deprojectue/miniconda3/envs/airflow_demo/lib/python3.9/site-packages/airflow/example_dags/example_short_circuit_decorator.py
[2024-01-31T02:13:35.792+0000] {logging_mixin.py:188} INFO - [2024-01-31T02:13:35.791+0000] {dag.py:3033} INFO - Sync 1 DAGs
[2024-01-31T02:13:35.815+0000] {logging_mixin.py:188} INFO - [2024-01-31T02:13:35.814+0000] {dag.py:3820} INFO - Setting next_dagrun for example_short_circuit_decorator to 2024-01-30T00:00:00+00:00, run_after=2024-01-31T00:00:00+00:00
[2024-01-31T02:13:35.839+0000] {processor.py:183} INFO - Processing /home/deprojectue/miniconda3/envs/airflow_demo/lib/python3.9/site-packages/airflow/example_dags/example_short_circuit_decorator.py took 0.091 seconds
[2024-01-31T02:14:26.368+0000] {processor.py:161} INFO - Started process (PID=211151) to work on /home/deprojectue/miniconda3/envs/airflow_demo/lib/python3.9/site-packages/airflow/example_dags/example_short_circuit_decorator.py
[2024-01-31T02:14:26.370+0000] {processor.py:830} INFO - Processing file /home/deprojectue/miniconda3/envs/airflow_demo/lib/python3.9/site-packages/airflow/example_dags/example_short_circuit_decorator.py for tasks to queue
[2024-01-31T02:14:26.373+0000] {logging_mixin.py:188} INFO - [2024-01-31T02:14:26.373+0000] {dagbag.py:538} INFO - Filling up the DagBag from /home/deprojectue/miniconda3/envs/airflow_demo/lib/python3.9/site-packages/airflow/example_dags/example_short_circuit_decorator.py
[2024-01-31T02:14:26.385+0000] {processor.py:840} INFO - DAG(s) 'example_short_circuit_decorator' retrieved from /home/deprojectue/miniconda3/envs/airflow_demo/lib/python3.9/site-packages/airflow/example_dags/example_short_circuit_decorator.py
[2024-01-31T02:14:26.408+0000] {logging_mixin.py:188} INFO - [2024-01-31T02:14:26.407+0000] {dag.py:3033} INFO - Sync 1 DAGs
[2024-01-31T02:14:26.430+0000] {logging_mixin.py:188} INFO - [2024-01-31T02:14:26.430+0000] {dag.py:3820} INFO - Setting next_dagrun for example_short_circuit_decorator to 2024-01-30T00:00:00+00:00, run_after=2024-01-31T00:00:00+00:00
[2024-01-31T02:14:26.457+0000] {processor.py:183} INFO - Processing /home/deprojectue/miniconda3/envs/airflow_demo/lib/python3.9/site-packages/airflow/example_dags/example_short_circuit_decorator.py took 0.094 seconds
[2024-01-31T02:21:45.704+0000] {processor.py:161} INFO - Started process (PID=211303) to work on /home/deprojectue/miniconda3/envs/airflow_demo/lib/python3.9/site-packages/airflow/example_dags/example_short_circuit_decorator.py
[2024-01-31T02:21:45.706+0000] {processor.py:830} INFO - Processing file /home/deprojectue/miniconda3/envs/airflow_demo/lib/python3.9/site-packages/airflow/example_dags/example_short_circuit_decorator.py for tasks to queue
[2024-01-31T02:21:45.710+0000] {logging_mixin.py:188} INFO - [2024-01-31T02:21:45.709+0000] {dagbag.py:538} INFO - Filling up the DagBag from /home/deprojectue/miniconda3/envs/airflow_demo/lib/python3.9/site-packages/airflow/example_dags/example_short_circuit_decorator.py
[2024-01-31T02:21:45.722+0000] {processor.py:840} INFO - DAG(s) 'example_short_circuit_decorator' retrieved from /home/deprojectue/miniconda3/envs/airflow_demo/lib/python3.9/site-packages/airflow/example_dags/example_short_circuit_decorator.py
[2024-01-31T02:21:45.749+0000] {logging_mixin.py:188} INFO - [2024-01-31T02:21:45.749+0000] {dag.py:3033} INFO - Sync 1 DAGs
[2024-01-31T02:21:45.774+0000] {logging_mixin.py:188} INFO - [2024-01-31T02:21:45.774+0000] {dag.py:3820} INFO - Setting next_dagrun for example_short_circuit_decorator to 2024-01-30T00:00:00+00:00, run_after=2024-01-31T00:00:00+00:00
[2024-01-31T02:21:45.799+0000] {processor.py:183} INFO - Processing /home/deprojectue/miniconda3/envs/airflow_demo/lib/python3.9/site-packages/airflow/example_dags/example_short_circuit_decorator.py took 0.100 seconds
[2024-01-31T02:22:36.573+0000] {processor.py:161} INFO - Started process (PID=211353) to work on /home/deprojectue/miniconda3/envs/airflow_demo/lib/python3.9/site-packages/airflow/example_dags/example_short_circuit_decorator.py
[2024-01-31T02:22:36.575+0000] {processor.py:830} INFO - Processing file /home/deprojectue/miniconda3/envs/airflow_demo/lib/python3.9/site-packages/airflow/example_dags/example_short_circuit_decorator.py for tasks to queue
[2024-01-31T02:22:36.579+0000] {logging_mixin.py:188} INFO - [2024-01-31T02:22:36.578+0000] {dagbag.py:538} INFO - Filling up the DagBag from /home/deprojectue/miniconda3/envs/airflow_demo/lib/python3.9/site-packages/airflow/example_dags/example_short_circuit_decorator.py
[2024-01-31T02:22:36.591+0000] {processor.py:840} INFO - DAG(s) 'example_short_circuit_decorator' retrieved from /home/deprojectue/miniconda3/envs/airflow_demo/lib/python3.9/site-packages/airflow/example_dags/example_short_circuit_decorator.py
[2024-01-31T02:22:36.615+0000] {logging_mixin.py:188} INFO - [2024-01-31T02:22:36.614+0000] {dag.py:3033} INFO - Sync 1 DAGs
[2024-01-31T02:22:36.639+0000] {logging_mixin.py:188} INFO - [2024-01-31T02:22:36.639+0000] {dag.py:3820} INFO - Setting next_dagrun for example_short_circuit_decorator to 2024-01-30T00:00:00+00:00, run_after=2024-01-31T00:00:00+00:00
[2024-01-31T02:22:36.667+0000] {processor.py:183} INFO - Processing /home/deprojectue/miniconda3/envs/airflow_demo/lib/python3.9/site-packages/airflow/example_dags/example_short_circuit_decorator.py took 0.098 seconds
[2024-01-31T08:24:15.649+0000] {processor.py:161} INFO - Started process (PID=214036) to work on /home/deprojectue/miniconda3/envs/airflow_demo/lib/python3.9/site-packages/airflow/example_dags/example_short_circuit_decorator.py
[2024-01-31T08:24:15.651+0000] {processor.py:830} INFO - Processing file /home/deprojectue/miniconda3/envs/airflow_demo/lib/python3.9/site-packages/airflow/example_dags/example_short_circuit_decorator.py for tasks to queue
[2024-01-31T08:24:15.655+0000] {logging_mixin.py:188} INFO - [2024-01-31T08:24:15.654+0000] {dagbag.py:538} INFO - Filling up the DagBag from /home/deprojectue/miniconda3/envs/airflow_demo/lib/python3.9/site-packages/airflow/example_dags/example_short_circuit_decorator.py
[2024-01-31T08:24:15.667+0000] {processor.py:840} INFO - DAG(s) 'example_short_circuit_decorator' retrieved from /home/deprojectue/miniconda3/envs/airflow_demo/lib/python3.9/site-packages/airflow/example_dags/example_short_circuit_decorator.py
[2024-01-31T08:24:15.695+0000] {logging_mixin.py:188} INFO - [2024-01-31T08:24:15.694+0000] {dag.py:3033} INFO - Sync 1 DAGs
[2024-01-31T08:24:15.720+0000] {logging_mixin.py:188} INFO - [2024-01-31T08:24:15.719+0000] {dag.py:3820} INFO - Setting next_dagrun for example_short_circuit_decorator to 2024-01-30T00:00:00+00:00, run_after=2024-01-31T00:00:00+00:00
[2024-01-31T08:24:15.745+0000] {processor.py:183} INFO - Processing /home/deprojectue/miniconda3/envs/airflow_demo/lib/python3.9/site-packages/airflow/example_dags/example_short_circuit_decorator.py took 0.100 seconds
[2024-01-31T08:25:13.230+0000] {processor.py:161} INFO - Started process (PID=214095) to work on /home/deprojectue/miniconda3/envs/airflow_demo/lib/python3.9/site-packages/airflow/example_dags/example_short_circuit_decorator.py
[2024-01-31T08:25:13.232+0000] {processor.py:830} INFO - Processing file /home/deprojectue/miniconda3/envs/airflow_demo/lib/python3.9/site-packages/airflow/example_dags/example_short_circuit_decorator.py for tasks to queue
[2024-01-31T08:25:13.235+0000] {logging_mixin.py:188} INFO - [2024-01-31T08:25:13.235+0000] {dagbag.py:538} INFO - Filling up the DagBag from /home/deprojectue/miniconda3/envs/airflow_demo/lib/python3.9/site-packages/airflow/example_dags/example_short_circuit_decorator.py
[2024-01-31T08:25:13.248+0000] {processor.py:840} INFO - DAG(s) 'example_short_circuit_decorator' retrieved from /home/deprojectue/miniconda3/envs/airflow_demo/lib/python3.9/site-packages/airflow/example_dags/example_short_circuit_decorator.py
[2024-01-31T08:25:13.272+0000] {logging_mixin.py:188} INFO - [2024-01-31T08:25:13.271+0000] {dag.py:3033} INFO - Sync 1 DAGs
[2024-01-31T08:25:13.295+0000] {logging_mixin.py:188} INFO - [2024-01-31T08:25:13.294+0000] {dag.py:3820} INFO - Setting next_dagrun for example_short_circuit_decorator to 2024-01-30T00:00:00+00:00, run_after=2024-01-31T00:00:00+00:00
[2024-01-31T08:25:13.319+0000] {processor.py:183} INFO - Processing /home/deprojectue/miniconda3/envs/airflow_demo/lib/python3.9/site-packages/airflow/example_dags/example_short_circuit_decorator.py took 0.094 seconds
[2024-01-31T08:34:54.981+0000] {processor.py:161} INFO - Started process (PID=215043) to work on /home/deprojectue/miniconda3/envs/airflow_demo/lib/python3.9/site-packages/airflow/example_dags/example_short_circuit_decorator.py
[2024-01-31T08:34:54.991+0000] {processor.py:830} INFO - Processing file /home/deprojectue/miniconda3/envs/airflow_demo/lib/python3.9/site-packages/airflow/example_dags/example_short_circuit_decorator.py for tasks to queue
[2024-01-31T08:34:54.997+0000] {logging_mixin.py:188} INFO - [2024-01-31T08:34:54.992+0000] {dagbag.py:538} INFO - Filling up the DagBag from /home/deprojectue/miniconda3/envs/airflow_demo/lib/python3.9/site-packages/airflow/example_dags/example_short_circuit_decorator.py
[2024-01-31T08:34:55.217+0000] {processor.py:840} INFO - DAG(s) 'example_short_circuit_decorator' retrieved from /home/deprojectue/miniconda3/envs/airflow_demo/lib/python3.9/site-packages/airflow/example_dags/example_short_circuit_decorator.py
[2024-01-31T08:34:55.251+0000] {logging_mixin.py:188} INFO - [2024-01-31T08:34:55.251+0000] {dag.py:3033} INFO - Sync 1 DAGs
[2024-01-31T08:34:55.500+0000] {logging_mixin.py:188} INFO - [2024-01-31T08:34:55.500+0000] {dag.py:3820} INFO - Setting next_dagrun for example_short_circuit_decorator to 2024-01-30T00:00:00+00:00, run_after=2024-01-31T00:00:00+00:00
[2024-01-31T08:34:56.222+0000] {processor.py:183} INFO - Processing /home/deprojectue/miniconda3/envs/airflow_demo/lib/python3.9/site-packages/airflow/example_dags/example_short_circuit_decorator.py took 1.247 seconds
[2024-01-31T08:51:56.676+0000] {processor.py:161} INFO - Started process (PID=215376) to work on /home/deprojectue/miniconda3/envs/airflow_demo/lib/python3.9/site-packages/airflow/example_dags/example_short_circuit_decorator.py
[2024-01-31T08:51:56.679+0000] {processor.py:830} INFO - Processing file /home/deprojectue/miniconda3/envs/airflow_demo/lib/python3.9/site-packages/airflow/example_dags/example_short_circuit_decorator.py for tasks to queue
[2024-01-31T08:51:56.684+0000] {logging_mixin.py:188} INFO - [2024-01-31T08:51:56.684+0000] {dagbag.py:538} INFO - Filling up the DagBag from /home/deprojectue/miniconda3/envs/airflow_demo/lib/python3.9/site-packages/airflow/example_dags/example_short_circuit_decorator.py
[2024-01-31T08:51:56.698+0000] {processor.py:840} INFO - DAG(s) 'example_short_circuit_decorator' retrieved from /home/deprojectue/miniconda3/envs/airflow_demo/lib/python3.9/site-packages/airflow/example_dags/example_short_circuit_decorator.py
[2024-01-31T08:51:56.729+0000] {logging_mixin.py:188} INFO - [2024-01-31T08:51:56.728+0000] {dag.py:3033} INFO - Sync 1 DAGs
[2024-01-31T08:51:56.751+0000] {logging_mixin.py:188} INFO - [2024-01-31T08:51:56.750+0000] {dag.py:3820} INFO - Setting next_dagrun for example_short_circuit_decorator to 2024-01-30T00:00:00+00:00, run_after=2024-01-31T00:00:00+00:00
[2024-01-31T08:51:56.780+0000] {processor.py:183} INFO - Processing /home/deprojectue/miniconda3/envs/airflow_demo/lib/python3.9/site-packages/airflow/example_dags/example_short_circuit_decorator.py took 0.108 seconds
[2024-01-31T08:52:47.184+0000] {processor.py:161} INFO - Started process (PID=215427) to work on /home/deprojectue/miniconda3/envs/airflow_demo/lib/python3.9/site-packages/airflow/example_dags/example_short_circuit_decorator.py
[2024-01-31T08:52:47.186+0000] {processor.py:830} INFO - Processing file /home/deprojectue/miniconda3/envs/airflow_demo/lib/python3.9/site-packages/airflow/example_dags/example_short_circuit_decorator.py for tasks to queue
[2024-01-31T08:52:47.190+0000] {logging_mixin.py:188} INFO - [2024-01-31T08:52:47.189+0000] {dagbag.py:538} INFO - Filling up the DagBag from /home/deprojectue/miniconda3/envs/airflow_demo/lib/python3.9/site-packages/airflow/example_dags/example_short_circuit_decorator.py
[2024-01-31T08:52:47.202+0000] {processor.py:840} INFO - DAG(s) 'example_short_circuit_decorator' retrieved from /home/deprojectue/miniconda3/envs/airflow_demo/lib/python3.9/site-packages/airflow/example_dags/example_short_circuit_decorator.py
[2024-01-31T08:52:47.225+0000] {logging_mixin.py:188} INFO - [2024-01-31T08:52:47.224+0000] {dag.py:3033} INFO - Sync 1 DAGs
[2024-01-31T08:52:47.244+0000] {logging_mixin.py:188} INFO - [2024-01-31T08:52:47.244+0000] {dag.py:3820} INFO - Setting next_dagrun for example_short_circuit_decorator to 2024-01-30T00:00:00+00:00, run_after=2024-01-31T00:00:00+00:00
[2024-01-31T08:52:47.268+0000] {processor.py:183} INFO - Processing /home/deprojectue/miniconda3/envs/airflow_demo/lib/python3.9/site-packages/airflow/example_dags/example_short_circuit_decorator.py took 0.088 seconds
[2024-01-31T08:53:37.315+0000] {processor.py:161} INFO - Started process (PID=215479) to work on /home/deprojectue/miniconda3/envs/airflow_demo/lib/python3.9/site-packages/airflow/example_dags/example_short_circuit_decorator.py
[2024-01-31T08:53:37.317+0000] {processor.py:830} INFO - Processing file /home/deprojectue/miniconda3/envs/airflow_demo/lib/python3.9/site-packages/airflow/example_dags/example_short_circuit_decorator.py for tasks to queue
[2024-01-31T08:53:37.321+0000] {logging_mixin.py:188} INFO - [2024-01-31T08:53:37.320+0000] {dagbag.py:538} INFO - Filling up the DagBag from /home/deprojectue/miniconda3/envs/airflow_demo/lib/python3.9/site-packages/airflow/example_dags/example_short_circuit_decorator.py
[2024-01-31T08:53:37.334+0000] {processor.py:840} INFO - DAG(s) 'example_short_circuit_decorator' retrieved from /home/deprojectue/miniconda3/envs/airflow_demo/lib/python3.9/site-packages/airflow/example_dags/example_short_circuit_decorator.py
[2024-01-31T08:53:37.357+0000] {logging_mixin.py:188} INFO - [2024-01-31T08:53:37.356+0000] {dag.py:3033} INFO - Sync 1 DAGs
[2024-01-31T08:53:37.378+0000] {logging_mixin.py:188} INFO - [2024-01-31T08:53:37.377+0000] {dag.py:3820} INFO - Setting next_dagrun for example_short_circuit_decorator to 2024-01-30T00:00:00+00:00, run_after=2024-01-31T00:00:00+00:00
[2024-01-31T08:53:37.403+0000] {processor.py:183} INFO - Processing /home/deprojectue/miniconda3/envs/airflow_demo/lib/python3.9/site-packages/airflow/example_dags/example_short_circuit_decorator.py took 0.093 seconds
[2024-01-31T08:54:19.648+0000] {processor.py:161} INFO - Started process (PID=215521) to work on /home/deprojectue/miniconda3/envs/airflow_demo/lib/python3.9/site-packages/airflow/example_dags/example_short_circuit_decorator.py
[2024-01-31T08:54:19.650+0000] {processor.py:830} INFO - Processing file /home/deprojectue/miniconda3/envs/airflow_demo/lib/python3.9/site-packages/airflow/example_dags/example_short_circuit_decorator.py for tasks to queue
[2024-01-31T08:54:19.654+0000] {logging_mixin.py:188} INFO - [2024-01-31T08:54:19.653+0000] {dagbag.py:538} INFO - Filling up the DagBag from /home/deprojectue/miniconda3/envs/airflow_demo/lib/python3.9/site-packages/airflow/example_dags/example_short_circuit_decorator.py
[2024-01-31T08:54:19.667+0000] {processor.py:840} INFO - DAG(s) 'example_short_circuit_decorator' retrieved from /home/deprojectue/miniconda3/envs/airflow_demo/lib/python3.9/site-packages/airflow/example_dags/example_short_circuit_decorator.py
[2024-01-31T08:54:19.689+0000] {logging_mixin.py:188} INFO - [2024-01-31T08:54:19.689+0000] {dag.py:3033} INFO - Sync 1 DAGs
[2024-01-31T08:54:19.709+0000] {logging_mixin.py:188} INFO - [2024-01-31T08:54:19.709+0000] {dag.py:3820} INFO - Setting next_dagrun for example_short_circuit_decorator to 2024-01-30T00:00:00+00:00, run_after=2024-01-31T00:00:00+00:00
[2024-01-31T08:54:19.735+0000] {processor.py:183} INFO - Processing /home/deprojectue/miniconda3/envs/airflow_demo/lib/python3.9/site-packages/airflow/example_dags/example_short_circuit_decorator.py took 0.091 seconds
[2024-01-31T08:55:00.599+0000] {processor.py:161} INFO - Started process (PID=215565) to work on /home/deprojectue/miniconda3/envs/airflow_demo/lib/python3.9/site-packages/airflow/example_dags/example_short_circuit_decorator.py
[2024-01-31T08:55:00.601+0000] {processor.py:830} INFO - Processing file /home/deprojectue/miniconda3/envs/airflow_demo/lib/python3.9/site-packages/airflow/example_dags/example_short_circuit_decorator.py for tasks to queue
[2024-01-31T08:55:00.604+0000] {logging_mixin.py:188} INFO - [2024-01-31T08:55:00.603+0000] {dagbag.py:538} INFO - Filling up the DagBag from /home/deprojectue/miniconda3/envs/airflow_demo/lib/python3.9/site-packages/airflow/example_dags/example_short_circuit_decorator.py
[2024-01-31T08:55:00.616+0000] {processor.py:840} INFO - DAG(s) 'example_short_circuit_decorator' retrieved from /home/deprojectue/miniconda3/envs/airflow_demo/lib/python3.9/site-packages/airflow/example_dags/example_short_circuit_decorator.py
[2024-01-31T08:55:00.639+0000] {logging_mixin.py:188} INFO - [2024-01-31T08:55:00.638+0000] {dag.py:3033} INFO - Sync 1 DAGs
[2024-01-31T08:55:00.659+0000] {logging_mixin.py:188} INFO - [2024-01-31T08:55:00.658+0000] {dag.py:3820} INFO - Setting next_dagrun for example_short_circuit_decorator to 2024-01-30T00:00:00+00:00, run_after=2024-01-31T00:00:00+00:00
[2024-01-31T08:55:00.686+0000] {processor.py:183} INFO - Processing /home/deprojectue/miniconda3/envs/airflow_demo/lib/python3.9/site-packages/airflow/example_dags/example_short_circuit_decorator.py took 0.091 seconds
[2024-01-31T08:55:40.941+0000] {processor.py:161} INFO - Started process (PID=215608) to work on /home/deprojectue/miniconda3/envs/airflow_demo/lib/python3.9/site-packages/airflow/example_dags/example_short_circuit_decorator.py
[2024-01-31T08:55:40.943+0000] {processor.py:830} INFO - Processing file /home/deprojectue/miniconda3/envs/airflow_demo/lib/python3.9/site-packages/airflow/example_dags/example_short_circuit_decorator.py for tasks to queue
[2024-01-31T08:55:40.946+0000] {logging_mixin.py:188} INFO - [2024-01-31T08:55:40.945+0000] {dagbag.py:538} INFO - Filling up the DagBag from /home/deprojectue/miniconda3/envs/airflow_demo/lib/python3.9/site-packages/airflow/example_dags/example_short_circuit_decorator.py
[2024-01-31T08:55:40.959+0000] {processor.py:840} INFO - DAG(s) 'example_short_circuit_decorator' retrieved from /home/deprojectue/miniconda3/envs/airflow_demo/lib/python3.9/site-packages/airflow/example_dags/example_short_circuit_decorator.py
[2024-01-31T08:55:40.981+0000] {logging_mixin.py:188} INFO - [2024-01-31T08:55:40.980+0000] {dag.py:3033} INFO - Sync 1 DAGs
[2024-01-31T08:55:41.001+0000] {logging_mixin.py:188} INFO - [2024-01-31T08:55:41.001+0000] {dag.py:3820} INFO - Setting next_dagrun for example_short_circuit_decorator to 2024-01-30T00:00:00+00:00, run_after=2024-01-31T00:00:00+00:00
[2024-01-31T08:55:41.027+0000] {processor.py:183} INFO - Processing /home/deprojectue/miniconda3/envs/airflow_demo/lib/python3.9/site-packages/airflow/example_dags/example_short_circuit_decorator.py took 0.091 seconds
[2024-01-31T08:56:35.783+0000] {processor.py:161} INFO - Started process (PID=215678) to work on /home/deprojectue/miniconda3/envs/airflow_demo/lib/python3.9/site-packages/airflow/example_dags/example_short_circuit_decorator.py
[2024-01-31T08:56:35.785+0000] {processor.py:830} INFO - Processing file /home/deprojectue/miniconda3/envs/airflow_demo/lib/python3.9/site-packages/airflow/example_dags/example_short_circuit_decorator.py for tasks to queue
[2024-01-31T08:56:35.790+0000] {logging_mixin.py:188} INFO - [2024-01-31T08:56:35.790+0000] {dagbag.py:538} INFO - Filling up the DagBag from /home/deprojectue/miniconda3/envs/airflow_demo/lib/python3.9/site-packages/airflow/example_dags/example_short_circuit_decorator.py
[2024-01-31T08:56:35.804+0000] {processor.py:840} INFO - DAG(s) 'example_short_circuit_decorator' retrieved from /home/deprojectue/miniconda3/envs/airflow_demo/lib/python3.9/site-packages/airflow/example_dags/example_short_circuit_decorator.py
[2024-01-31T08:56:35.829+0000] {logging_mixin.py:188} INFO - [2024-01-31T08:56:35.828+0000] {dag.py:3033} INFO - Sync 1 DAGs
[2024-01-31T08:56:35.849+0000] {logging_mixin.py:188} INFO - [2024-01-31T08:56:35.849+0000] {dag.py:3820} INFO - Setting next_dagrun for example_short_circuit_decorator to 2024-01-30T00:00:00+00:00, run_after=2024-01-31T00:00:00+00:00
[2024-01-31T08:56:35.875+0000] {processor.py:183} INFO - Processing /home/deprojectue/miniconda3/envs/airflow_demo/lib/python3.9/site-packages/airflow/example_dags/example_short_circuit_decorator.py took 0.097 seconds
[2024-01-31T08:57:15.134+0000] {processor.py:161} INFO - Started process (PID=215724) to work on /home/deprojectue/miniconda3/envs/airflow_demo/lib/python3.9/site-packages/airflow/example_dags/example_short_circuit_decorator.py
[2024-01-31T08:57:15.136+0000] {processor.py:830} INFO - Processing file /home/deprojectue/miniconda3/envs/airflow_demo/lib/python3.9/site-packages/airflow/example_dags/example_short_circuit_decorator.py for tasks to queue
[2024-01-31T08:57:15.140+0000] {logging_mixin.py:188} INFO - [2024-01-31T08:57:15.139+0000] {dagbag.py:538} INFO - Filling up the DagBag from /home/deprojectue/miniconda3/envs/airflow_demo/lib/python3.9/site-packages/airflow/example_dags/example_short_circuit_decorator.py
[2024-01-31T08:57:15.152+0000] {processor.py:840} INFO - DAG(s) 'example_short_circuit_decorator' retrieved from /home/deprojectue/miniconda3/envs/airflow_demo/lib/python3.9/site-packages/airflow/example_dags/example_short_circuit_decorator.py
[2024-01-31T08:57:15.174+0000] {logging_mixin.py:188} INFO - [2024-01-31T08:57:15.174+0000] {dag.py:3033} INFO - Sync 1 DAGs
[2024-01-31T08:57:15.196+0000] {logging_mixin.py:188} INFO - [2024-01-31T08:57:15.195+0000] {dag.py:3820} INFO - Setting next_dagrun for example_short_circuit_decorator to 2024-01-30T00:00:00+00:00, run_after=2024-01-31T00:00:00+00:00
[2024-01-31T08:57:15.220+0000] {processor.py:183} INFO - Processing /home/deprojectue/miniconda3/envs/airflow_demo/lib/python3.9/site-packages/airflow/example_dags/example_short_circuit_decorator.py took 0.091 seconds
[2024-01-31T08:58:10.127+0000] {processor.py:161} INFO - Started process (PID=215781) to work on /home/deprojectue/miniconda3/envs/airflow_demo/lib/python3.9/site-packages/airflow/example_dags/example_short_circuit_decorator.py
[2024-01-31T08:58:10.129+0000] {processor.py:830} INFO - Processing file /home/deprojectue/miniconda3/envs/airflow_demo/lib/python3.9/site-packages/airflow/example_dags/example_short_circuit_decorator.py for tasks to queue
[2024-01-31T08:58:10.133+0000] {logging_mixin.py:188} INFO - [2024-01-31T08:58:10.132+0000] {dagbag.py:538} INFO - Filling up the DagBag from /home/deprojectue/miniconda3/envs/airflow_demo/lib/python3.9/site-packages/airflow/example_dags/example_short_circuit_decorator.py
[2024-01-31T08:58:10.146+0000] {processor.py:840} INFO - DAG(s) 'example_short_circuit_decorator' retrieved from /home/deprojectue/miniconda3/envs/airflow_demo/lib/python3.9/site-packages/airflow/example_dags/example_short_circuit_decorator.py
[2024-01-31T08:58:10.168+0000] {logging_mixin.py:188} INFO - [2024-01-31T08:58:10.168+0000] {dag.py:3033} INFO - Sync 1 DAGs
[2024-01-31T08:58:10.192+0000] {logging_mixin.py:188} INFO - [2024-01-31T08:58:10.191+0000] {dag.py:3820} INFO - Setting next_dagrun for example_short_circuit_decorator to 2024-01-30T00:00:00+00:00, run_after=2024-01-31T00:00:00+00:00
[2024-01-31T08:58:10.218+0000] {processor.py:183} INFO - Processing /home/deprojectue/miniconda3/envs/airflow_demo/lib/python3.9/site-packages/airflow/example_dags/example_short_circuit_decorator.py took 0.095 seconds
[2024-01-31T08:58:51.139+0000] {processor.py:161} INFO - Started process (PID=215841) to work on /home/deprojectue/miniconda3/envs/airflow_demo/lib/python3.9/site-packages/airflow/example_dags/example_short_circuit_decorator.py
[2024-01-31T08:58:51.142+0000] {processor.py:830} INFO - Processing file /home/deprojectue/miniconda3/envs/airflow_demo/lib/python3.9/site-packages/airflow/example_dags/example_short_circuit_decorator.py for tasks to queue
[2024-01-31T08:58:51.145+0000] {logging_mixin.py:188} INFO - [2024-01-31T08:58:51.145+0000] {dagbag.py:538} INFO - Filling up the DagBag from /home/deprojectue/miniconda3/envs/airflow_demo/lib/python3.9/site-packages/airflow/example_dags/example_short_circuit_decorator.py
[2024-01-31T08:58:51.159+0000] {processor.py:840} INFO - DAG(s) 'example_short_circuit_decorator' retrieved from /home/deprojectue/miniconda3/envs/airflow_demo/lib/python3.9/site-packages/airflow/example_dags/example_short_circuit_decorator.py
[2024-01-31T08:58:51.183+0000] {logging_mixin.py:188} INFO - [2024-01-31T08:58:51.182+0000] {dag.py:3033} INFO - Sync 1 DAGs
[2024-01-31T08:58:51.203+0000] {logging_mixin.py:188} INFO - [2024-01-31T08:58:51.202+0000] {dag.py:3820} INFO - Setting next_dagrun for example_short_circuit_decorator to 2024-01-30T00:00:00+00:00, run_after=2024-01-31T00:00:00+00:00
[2024-01-31T08:58:51.231+0000] {processor.py:183} INFO - Processing /home/deprojectue/miniconda3/envs/airflow_demo/lib/python3.9/site-packages/airflow/example_dags/example_short_circuit_decorator.py took 0.096 seconds
[2024-01-31T08:59:32.484+0000] {processor.py:161} INFO - Started process (PID=215885) to work on /home/deprojectue/miniconda3/envs/airflow_demo/lib/python3.9/site-packages/airflow/example_dags/example_short_circuit_decorator.py
[2024-01-31T08:59:32.486+0000] {processor.py:830} INFO - Processing file /home/deprojectue/miniconda3/envs/airflow_demo/lib/python3.9/site-packages/airflow/example_dags/example_short_circuit_decorator.py for tasks to queue
[2024-01-31T08:59:32.490+0000] {logging_mixin.py:188} INFO - [2024-01-31T08:59:32.489+0000] {dagbag.py:538} INFO - Filling up the DagBag from /home/deprojectue/miniconda3/envs/airflow_demo/lib/python3.9/site-packages/airflow/example_dags/example_short_circuit_decorator.py
[2024-01-31T08:59:32.503+0000] {processor.py:840} INFO - DAG(s) 'example_short_circuit_decorator' retrieved from /home/deprojectue/miniconda3/envs/airflow_demo/lib/python3.9/site-packages/airflow/example_dags/example_short_circuit_decorator.py
[2024-01-31T08:59:32.526+0000] {logging_mixin.py:188} INFO - [2024-01-31T08:59:32.525+0000] {dag.py:3033} INFO - Sync 1 DAGs
[2024-01-31T08:59:32.546+0000] {logging_mixin.py:188} INFO - [2024-01-31T08:59:32.545+0000] {dag.py:3820} INFO - Setting next_dagrun for example_short_circuit_decorator to 2024-01-30T00:00:00+00:00, run_after=2024-01-31T00:00:00+00:00
[2024-01-31T08:59:32.573+0000] {processor.py:183} INFO - Processing /home/deprojectue/miniconda3/envs/airflow_demo/lib/python3.9/site-packages/airflow/example_dags/example_short_circuit_decorator.py took 0.093 seconds
[2024-01-31T09:00:11.550+0000] {processor.py:161} INFO - Started process (PID=215925) to work on /home/deprojectue/miniconda3/envs/airflow_demo/lib/python3.9/site-packages/airflow/example_dags/example_short_circuit_decorator.py
[2024-01-31T09:00:11.552+0000] {processor.py:830} INFO - Processing file /home/deprojectue/miniconda3/envs/airflow_demo/lib/python3.9/site-packages/airflow/example_dags/example_short_circuit_decorator.py for tasks to queue
[2024-01-31T09:00:11.555+0000] {logging_mixin.py:188} INFO - [2024-01-31T09:00:11.555+0000] {dagbag.py:538} INFO - Filling up the DagBag from /home/deprojectue/miniconda3/envs/airflow_demo/lib/python3.9/site-packages/airflow/example_dags/example_short_circuit_decorator.py
[2024-01-31T09:00:11.568+0000] {processor.py:840} INFO - DAG(s) 'example_short_circuit_decorator' retrieved from /home/deprojectue/miniconda3/envs/airflow_demo/lib/python3.9/site-packages/airflow/example_dags/example_short_circuit_decorator.py
[2024-01-31T09:00:11.593+0000] {logging_mixin.py:188} INFO - [2024-01-31T09:00:11.592+0000] {dag.py:3033} INFO - Sync 1 DAGs
[2024-01-31T09:00:11.615+0000] {logging_mixin.py:188} INFO - [2024-01-31T09:00:11.615+0000] {dag.py:3820} INFO - Setting next_dagrun for example_short_circuit_decorator to 2024-01-30T00:00:00+00:00, run_after=2024-01-31T00:00:00+00:00
[2024-01-31T09:00:11.640+0000] {processor.py:183} INFO - Processing /home/deprojectue/miniconda3/envs/airflow_demo/lib/python3.9/site-packages/airflow/example_dags/example_short_circuit_decorator.py took 0.095 seconds
[2024-01-31T09:01:07.917+0000] {processor.py:161} INFO - Started process (PID=215985) to work on /home/deprojectue/miniconda3/envs/airflow_demo/lib/python3.9/site-packages/airflow/example_dags/example_short_circuit_decorator.py
[2024-01-31T09:01:07.919+0000] {processor.py:830} INFO - Processing file /home/deprojectue/miniconda3/envs/airflow_demo/lib/python3.9/site-packages/airflow/example_dags/example_short_circuit_decorator.py for tasks to queue
[2024-01-31T09:01:07.923+0000] {logging_mixin.py:188} INFO - [2024-01-31T09:01:07.923+0000] {dagbag.py:538} INFO - Filling up the DagBag from /home/deprojectue/miniconda3/envs/airflow_demo/lib/python3.9/site-packages/airflow/example_dags/example_short_circuit_decorator.py
[2024-01-31T09:01:07.935+0000] {processor.py:840} INFO - DAG(s) 'example_short_circuit_decorator' retrieved from /home/deprojectue/miniconda3/envs/airflow_demo/lib/python3.9/site-packages/airflow/example_dags/example_short_circuit_decorator.py
[2024-01-31T09:01:07.958+0000] {logging_mixin.py:188} INFO - [2024-01-31T09:01:07.958+0000] {dag.py:3033} INFO - Sync 1 DAGs
[2024-01-31T09:01:07.979+0000] {logging_mixin.py:188} INFO - [2024-01-31T09:01:07.978+0000] {dag.py:3820} INFO - Setting next_dagrun for example_short_circuit_decorator to 2024-01-30T00:00:00+00:00, run_after=2024-01-31T00:00:00+00:00
[2024-01-31T09:01:08.006+0000] {processor.py:183} INFO - Processing /home/deprojectue/miniconda3/envs/airflow_demo/lib/python3.9/site-packages/airflow/example_dags/example_short_circuit_decorator.py took 0.093 seconds
[2024-01-31T09:02:01.597+0000] {processor.py:161} INFO - Started process (PID=216044) to work on /home/deprojectue/miniconda3/envs/airflow_demo/lib/python3.9/site-packages/airflow/example_dags/example_short_circuit_decorator.py
[2024-01-31T09:02:01.600+0000] {processor.py:830} INFO - Processing file /home/deprojectue/miniconda3/envs/airflow_demo/lib/python3.9/site-packages/airflow/example_dags/example_short_circuit_decorator.py for tasks to queue
[2024-01-31T09:02:01.603+0000] {logging_mixin.py:188} INFO - [2024-01-31T09:02:01.603+0000] {dagbag.py:538} INFO - Filling up the DagBag from /home/deprojectue/miniconda3/envs/airflow_demo/lib/python3.9/site-packages/airflow/example_dags/example_short_circuit_decorator.py
[2024-01-31T09:02:01.616+0000] {processor.py:840} INFO - DAG(s) 'example_short_circuit_decorator' retrieved from /home/deprojectue/miniconda3/envs/airflow_demo/lib/python3.9/site-packages/airflow/example_dags/example_short_circuit_decorator.py
[2024-01-31T09:02:01.639+0000] {logging_mixin.py:188} INFO - [2024-01-31T09:02:01.639+0000] {dag.py:3033} INFO - Sync 1 DAGs
[2024-01-31T09:02:01.660+0000] {logging_mixin.py:188} INFO - [2024-01-31T09:02:01.660+0000] {dag.py:3820} INFO - Setting next_dagrun for example_short_circuit_decorator to 2024-01-30T00:00:00+00:00, run_after=2024-01-31T00:00:00+00:00
[2024-01-31T09:02:01.685+0000] {processor.py:183} INFO - Processing /home/deprojectue/miniconda3/envs/airflow_demo/lib/python3.9/site-packages/airflow/example_dags/example_short_circuit_decorator.py took 0.092 seconds
[2024-01-31T09:02:41.335+0000] {processor.py:161} INFO - Started process (PID=216085) to work on /home/deprojectue/miniconda3/envs/airflow_demo/lib/python3.9/site-packages/airflow/example_dags/example_short_circuit_decorator.py
[2024-01-31T09:02:41.337+0000] {processor.py:830} INFO - Processing file /home/deprojectue/miniconda3/envs/airflow_demo/lib/python3.9/site-packages/airflow/example_dags/example_short_circuit_decorator.py for tasks to queue
[2024-01-31T09:02:41.340+0000] {logging_mixin.py:188} INFO - [2024-01-31T09:02:41.340+0000] {dagbag.py:538} INFO - Filling up the DagBag from /home/deprojectue/miniconda3/envs/airflow_demo/lib/python3.9/site-packages/airflow/example_dags/example_short_circuit_decorator.py
[2024-01-31T09:02:41.354+0000] {processor.py:840} INFO - DAG(s) 'example_short_circuit_decorator' retrieved from /home/deprojectue/miniconda3/envs/airflow_demo/lib/python3.9/site-packages/airflow/example_dags/example_short_circuit_decorator.py
[2024-01-31T09:02:41.378+0000] {logging_mixin.py:188} INFO - [2024-01-31T09:02:41.377+0000] {dag.py:3033} INFO - Sync 1 DAGs
[2024-01-31T09:02:41.397+0000] {logging_mixin.py:188} INFO - [2024-01-31T09:02:41.397+0000] {dag.py:3820} INFO - Setting next_dagrun for example_short_circuit_decorator to 2024-01-30T00:00:00+00:00, run_after=2024-01-31T00:00:00+00:00
[2024-01-31T09:02:41.421+0000] {processor.py:183} INFO - Processing /home/deprojectue/miniconda3/envs/airflow_demo/lib/python3.9/site-packages/airflow/example_dags/example_short_circuit_decorator.py took 0.091 seconds
[2024-01-31T09:03:35.757+0000] {processor.py:161} INFO - Started process (PID=216140) to work on /home/deprojectue/miniconda3/envs/airflow_demo/lib/python3.9/site-packages/airflow/example_dags/example_short_circuit_decorator.py
[2024-01-31T09:03:35.759+0000] {processor.py:830} INFO - Processing file /home/deprojectue/miniconda3/envs/airflow_demo/lib/python3.9/site-packages/airflow/example_dags/example_short_circuit_decorator.py for tasks to queue
[2024-01-31T09:03:35.763+0000] {logging_mixin.py:188} INFO - [2024-01-31T09:03:35.763+0000] {dagbag.py:538} INFO - Filling up the DagBag from /home/deprojectue/miniconda3/envs/airflow_demo/lib/python3.9/site-packages/airflow/example_dags/example_short_circuit_decorator.py
[2024-01-31T09:03:35.776+0000] {processor.py:840} INFO - DAG(s) 'example_short_circuit_decorator' retrieved from /home/deprojectue/miniconda3/envs/airflow_demo/lib/python3.9/site-packages/airflow/example_dags/example_short_circuit_decorator.py
[2024-01-31T09:03:35.799+0000] {logging_mixin.py:188} INFO - [2024-01-31T09:03:35.798+0000] {dag.py:3033} INFO - Sync 1 DAGs
[2024-01-31T09:03:35.824+0000] {logging_mixin.py:188} INFO - [2024-01-31T09:03:35.824+0000] {dag.py:3820} INFO - Setting next_dagrun for example_short_circuit_decorator to 2024-01-30T00:00:00+00:00, run_after=2024-01-31T00:00:00+00:00
[2024-01-31T09:03:35.851+0000] {processor.py:183} INFO - Processing /home/deprojectue/miniconda3/envs/airflow_demo/lib/python3.9/site-packages/airflow/example_dags/example_short_circuit_decorator.py took 0.098 seconds
[2024-01-31T09:04:29.465+0000] {processor.py:161} INFO - Started process (PID=216196) to work on /home/deprojectue/miniconda3/envs/airflow_demo/lib/python3.9/site-packages/airflow/example_dags/example_short_circuit_decorator.py
[2024-01-31T09:04:29.467+0000] {processor.py:830} INFO - Processing file /home/deprojectue/miniconda3/envs/airflow_demo/lib/python3.9/site-packages/airflow/example_dags/example_short_circuit_decorator.py for tasks to queue
[2024-01-31T09:04:29.471+0000] {logging_mixin.py:188} INFO - [2024-01-31T09:04:29.470+0000] {dagbag.py:538} INFO - Filling up the DagBag from /home/deprojectue/miniconda3/envs/airflow_demo/lib/python3.9/site-packages/airflow/example_dags/example_short_circuit_decorator.py
[2024-01-31T09:04:29.484+0000] {processor.py:840} INFO - DAG(s) 'example_short_circuit_decorator' retrieved from /home/deprojectue/miniconda3/envs/airflow_demo/lib/python3.9/site-packages/airflow/example_dags/example_short_circuit_decorator.py
[2024-01-31T09:04:29.508+0000] {logging_mixin.py:188} INFO - [2024-01-31T09:04:29.507+0000] {dag.py:3033} INFO - Sync 1 DAGs
[2024-01-31T09:04:29.529+0000] {logging_mixin.py:188} INFO - [2024-01-31T09:04:29.529+0000] {dag.py:3820} INFO - Setting next_dagrun for example_short_circuit_decorator to 2024-01-30T00:00:00+00:00, run_after=2024-01-31T00:00:00+00:00
[2024-01-31T09:04:29.554+0000] {processor.py:183} INFO - Processing /home/deprojectue/miniconda3/envs/airflow_demo/lib/python3.9/site-packages/airflow/example_dags/example_short_circuit_decorator.py took 0.093 seconds
[2024-01-31T09:05:06.376+0000] {processor.py:161} INFO - Started process (PID=216238) to work on /home/deprojectue/miniconda3/envs/airflow_demo/lib/python3.9/site-packages/airflow/example_dags/example_short_circuit_decorator.py
[2024-01-31T09:05:06.378+0000] {processor.py:830} INFO - Processing file /home/deprojectue/miniconda3/envs/airflow_demo/lib/python3.9/site-packages/airflow/example_dags/example_short_circuit_decorator.py for tasks to queue
[2024-01-31T09:05:06.382+0000] {logging_mixin.py:188} INFO - [2024-01-31T09:05:06.381+0000] {dagbag.py:538} INFO - Filling up the DagBag from /home/deprojectue/miniconda3/envs/airflow_demo/lib/python3.9/site-packages/airflow/example_dags/example_short_circuit_decorator.py
[2024-01-31T09:05:06.395+0000] {processor.py:840} INFO - DAG(s) 'example_short_circuit_decorator' retrieved from /home/deprojectue/miniconda3/envs/airflow_demo/lib/python3.9/site-packages/airflow/example_dags/example_short_circuit_decorator.py
[2024-01-31T09:05:06.418+0000] {logging_mixin.py:188} INFO - [2024-01-31T09:05:06.417+0000] {dag.py:3033} INFO - Sync 1 DAGs
[2024-01-31T09:05:06.437+0000] {logging_mixin.py:188} INFO - [2024-01-31T09:05:06.437+0000] {dag.py:3820} INFO - Setting next_dagrun for example_short_circuit_decorator to 2024-01-30T00:00:00+00:00, run_after=2024-01-31T00:00:00+00:00
[2024-01-31T09:05:06.462+0000] {processor.py:183} INFO - Processing /home/deprojectue/miniconda3/envs/airflow_demo/lib/python3.9/site-packages/airflow/example_dags/example_short_circuit_decorator.py took 0.090 seconds
[2024-01-31T09:11:05.401+0000] {processor.py:161} INFO - Started process (PID=216387) to work on /home/deprojectue/miniconda3/envs/airflow_demo/lib/python3.9/site-packages/airflow/example_dags/example_short_circuit_decorator.py
[2024-01-31T09:11:05.598+0000] {processor.py:830} INFO - Processing file /home/deprojectue/miniconda3/envs/airflow_demo/lib/python3.9/site-packages/airflow/example_dags/example_short_circuit_decorator.py for tasks to queue
[2024-01-31T09:11:05.617+0000] {logging_mixin.py:188} INFO - [2024-01-31T09:11:05.607+0000] {dagbag.py:538} INFO - Filling up the DagBag from /home/deprojectue/miniconda3/envs/airflow_demo/lib/python3.9/site-packages/airflow/example_dags/example_short_circuit_decorator.py
[2024-01-31T09:11:05.646+0000] {processor.py:840} INFO - DAG(s) 'example_short_circuit_decorator' retrieved from /home/deprojectue/miniconda3/envs/airflow_demo/lib/python3.9/site-packages/airflow/example_dags/example_short_circuit_decorator.py
[2024-01-31T09:11:07.178+0000] {logging_mixin.py:188} INFO - [2024-01-31T09:11:06.875+0000] {dag.py:3033} INFO - Sync 1 DAGs
[2024-01-31T09:13:09.095+0000] {logging_mixin.py:188} INFO - [2024-01-31T09:13:08.915+0000] {dag.py:3820} INFO - Setting next_dagrun for example_short_circuit_decorator to 2024-01-30T00:00:00+00:00, run_after=2024-01-31T00:00:00+00:00
[2024-01-31T09:13:09.615+0000] {processor.py:183} INFO - Processing /home/deprojectue/miniconda3/envs/airflow_demo/lib/python3.9/site-packages/airflow/example_dags/example_short_circuit_decorator.py took 124.228 seconds
[2024-01-31T09:35:37.983+0000] {processor.py:161} INFO - Started process (PID=216878) to work on /home/deprojectue/miniconda3/envs/airflow_demo/lib/python3.9/site-packages/airflow/example_dags/example_short_circuit_decorator.py
[2024-01-31T09:35:37.986+0000] {processor.py:830} INFO - Processing file /home/deprojectue/miniconda3/envs/airflow_demo/lib/python3.9/site-packages/airflow/example_dags/example_short_circuit_decorator.py for tasks to queue
[2024-01-31T09:35:37.989+0000] {logging_mixin.py:188} INFO - [2024-01-31T09:35:37.989+0000] {dagbag.py:538} INFO - Filling up the DagBag from /home/deprojectue/miniconda3/envs/airflow_demo/lib/python3.9/site-packages/airflow/example_dags/example_short_circuit_decorator.py
[2024-01-31T09:35:38.005+0000] {processor.py:840} INFO - DAG(s) 'example_short_circuit_decorator' retrieved from /home/deprojectue/miniconda3/envs/airflow_demo/lib/python3.9/site-packages/airflow/example_dags/example_short_circuit_decorator.py
[2024-01-31T09:35:38.288+0000] {logging_mixin.py:188} INFO - [2024-01-31T09:35:38.276+0000] {override.py:1769} INFO - Created Permission View: can edit on DAG:example_short_circuit_decorator
[2024-01-31T09:35:38.305+0000] {logging_mixin.py:188} INFO - [2024-01-31T09:35:38.305+0000] {override.py:1769} INFO - Created Permission View: can read on DAG:example_short_circuit_decorator
[2024-01-31T09:35:38.318+0000] {logging_mixin.py:188} INFO - [2024-01-31T09:35:38.318+0000] {override.py:1769} INFO - Created Permission View: can delete on DAG:example_short_circuit_decorator
[2024-01-31T09:35:38.319+0000] {logging_mixin.py:188} INFO - [2024-01-31T09:35:38.318+0000] {dag.py:3033} INFO - Sync 1 DAGs
[2024-01-31T09:35:38.335+0000] {logging_mixin.py:188} INFO - [2024-01-31T09:35:38.334+0000] {dag.py:3055} INFO - Creating ORM DAG for example_short_circuit_decorator
[2024-01-31T09:35:38.351+0000] {logging_mixin.py:188} INFO - [2024-01-31T09:35:38.351+0000] {dag.py:3820} INFO - Setting next_dagrun for example_short_circuit_decorator to 2024-01-30T00:00:00+00:00, run_after=2024-01-31T00:00:00+00:00
[2024-01-31T09:35:38.403+0000] {processor.py:183} INFO - Processing /home/deprojectue/miniconda3/envs/airflow_demo/lib/python3.9/site-packages/airflow/example_dags/example_short_circuit_decorator.py took 0.424 seconds
[2024-01-31T09:36:39.274+0000] {processor.py:161} INFO - Started process (PID=216935) to work on /home/deprojectue/miniconda3/envs/airflow_demo/lib/python3.9/site-packages/airflow/example_dags/example_short_circuit_decorator.py
[2024-01-31T09:36:39.276+0000] {processor.py:830} INFO - Processing file /home/deprojectue/miniconda3/envs/airflow_demo/lib/python3.9/site-packages/airflow/example_dags/example_short_circuit_decorator.py for tasks to queue
[2024-01-31T09:36:39.280+0000] {logging_mixin.py:188} INFO - [2024-01-31T09:36:39.279+0000] {dagbag.py:538} INFO - Filling up the DagBag from /home/deprojectue/miniconda3/envs/airflow_demo/lib/python3.9/site-packages/airflow/example_dags/example_short_circuit_decorator.py
[2024-01-31T09:36:39.293+0000] {processor.py:840} INFO - DAG(s) 'example_short_circuit_decorator' retrieved from /home/deprojectue/miniconda3/envs/airflow_demo/lib/python3.9/site-packages/airflow/example_dags/example_short_circuit_decorator.py
[2024-01-31T09:36:39.317+0000] {logging_mixin.py:188} INFO - [2024-01-31T09:36:39.316+0000] {dag.py:3033} INFO - Sync 1 DAGs
[2024-01-31T09:36:39.342+0000] {logging_mixin.py:188} INFO - [2024-01-31T09:36:39.341+0000] {dag.py:3820} INFO - Setting next_dagrun for example_short_circuit_decorator to 2024-01-30T00:00:00+00:00, run_after=2024-01-31T00:00:00+00:00
[2024-01-31T09:36:39.368+0000] {processor.py:183} INFO - Processing /home/deprojectue/miniconda3/envs/airflow_demo/lib/python3.9/site-packages/airflow/example_dags/example_short_circuit_decorator.py took 0.098 seconds
