[2024-01-31T02:07:27.661+0000] {processor.py:161} INFO - Started process (PID=210208) to work on /home/deprojectue/miniconda3/envs/airflow_demo/lib/python3.9/site-packages/airflow/example_dags/example_subdag_operator.py
[2024-01-31T02:07:27.662+0000] {processor.py:830} INFO - Processing file /home/deprojectue/miniconda3/envs/airflow_demo/lib/python3.9/site-packages/airflow/example_dags/example_subdag_operator.py for tasks to queue
[2024-01-31T02:07:27.664+0000] {logging_mixin.py:188} INFO - [2024-01-31T02:07:27.664+0000] {dagbag.py:538} INFO - Filling up the DagBag from /home/deprojectue/miniconda3/envs/airflow_demo/lib/python3.9/site-packages/airflow/example_dags/example_subdag_operator.py
[2024-01-31T02:07:27.689+0000] {processor.py:840} INFO - DAG(s) 'example_subdag_operator.section-1', 'example_subdag_operator.section-2', 'example_subdag_operator' retrieved from /home/deprojectue/miniconda3/envs/airflow_demo/lib/python3.9/site-packages/airflow/example_dags/example_subdag_operator.py
[2024-01-31T02:07:27.805+0000] {logging_mixin.py:188} INFO - [2024-01-31T02:07:27.804+0000] {override.py:1769} INFO - Created Permission View: can read on DAG:example_subdag_operator
[2024-01-31T02:07:27.819+0000] {logging_mixin.py:188} INFO - [2024-01-31T02:07:27.819+0000] {override.py:1769} INFO - Created Permission View: can delete on DAG:example_subdag_operator
[2024-01-31T02:07:27.829+0000] {logging_mixin.py:188} INFO - [2024-01-31T02:07:27.828+0000] {override.py:1769} INFO - Created Permission View: can edit on DAG:example_subdag_operator
[2024-01-31T02:07:27.829+0000] {logging_mixin.py:188} INFO - [2024-01-31T02:07:27.829+0000] {dag.py:3033} INFO - Sync 3 DAGs
[2024-01-31T02:07:27.841+0000] {logging_mixin.py:188} INFO - [2024-01-31T02:07:27.841+0000] {dag.py:3055} INFO - Creating ORM DAG for example_subdag_operator.section-1
[2024-01-31T02:07:27.842+0000] {logging_mixin.py:188} INFO - [2024-01-31T02:07:27.842+0000] {dag.py:3055} INFO - Creating ORM DAG for example_subdag_operator
[2024-01-31T02:07:27.842+0000] {logging_mixin.py:188} INFO - [2024-01-31T02:07:27.842+0000] {dag.py:3055} INFO - Creating ORM DAG for example_subdag_operator.section-2
[2024-01-31T02:07:27.852+0000] {logging_mixin.py:188} INFO - [2024-01-31T02:07:27.852+0000] {dag.py:3820} INFO - Setting next_dagrun for example_subdag_operator to 2022-01-01T00:00:00+00:00, run_after=2022-01-01T00:00:00+00:00
[2024-01-31T02:07:27.853+0000] {logging_mixin.py:188} INFO - [2024-01-31T02:07:27.852+0000] {dag.py:3820} INFO - Setting next_dagrun for example_subdag_operator.section-1 to None, run_after=None
[2024-01-31T02:07:27.853+0000] {logging_mixin.py:188} INFO - [2024-01-31T02:07:27.853+0000] {dag.py:3820} INFO - Setting next_dagrun for example_subdag_operator.section-2 to None, run_after=None
[2024-01-31T02:07:27.860+0000] {logging_mixin.py:188} INFO - [2024-01-31T02:07:27.860+0000] {dag.py:3033} INFO - Sync 2 DAGs
[2024-01-31T02:07:27.865+0000] {logging_mixin.py:188} INFO - [2024-01-31T02:07:27.865+0000] {dag.py:3820} INFO - Setting next_dagrun for example_subdag_operator.section-1 to None, run_after=None
[2024-01-31T02:07:27.868+0000] {logging_mixin.py:188} INFO - [2024-01-31T02:07:27.868+0000] {dag.py:3820} INFO - Setting next_dagrun for example_subdag_operator.section-2 to None, run_after=None
[2024-01-31T02:07:27.888+0000] {processor.py:183} INFO - Processing /home/deprojectue/miniconda3/envs/airflow_demo/lib/python3.9/site-packages/airflow/example_dags/example_subdag_operator.py took 0.231 seconds
[2024-01-31T02:09:02.195+0000] {processor.py:161} INFO - Started process (PID=210672) to work on /home/deprojectue/miniconda3/envs/airflow_demo/lib/python3.9/site-packages/airflow/example_dags/example_subdag_operator.py
[2024-01-31T02:09:02.197+0000] {processor.py:830} INFO - Processing file /home/deprojectue/miniconda3/envs/airflow_demo/lib/python3.9/site-packages/airflow/example_dags/example_subdag_operator.py for tasks to queue
[2024-01-31T02:09:02.199+0000] {logging_mixin.py:188} INFO - [2024-01-31T02:09:02.199+0000] {dagbag.py:538} INFO - Filling up the DagBag from /home/deprojectue/miniconda3/envs/airflow_demo/lib/python3.9/site-packages/airflow/example_dags/example_subdag_operator.py
[2024-01-31T02:09:02.227+0000] {processor.py:840} INFO - DAG(s) 'example_subdag_operator.section-1', 'example_subdag_operator.section-2', 'example_subdag_operator' retrieved from /home/deprojectue/miniconda3/envs/airflow_demo/lib/python3.9/site-packages/airflow/example_dags/example_subdag_operator.py
[2024-01-31T02:09:02.261+0000] {logging_mixin.py:188} INFO - [2024-01-31T02:09:02.261+0000] {dag.py:3033} INFO - Sync 3 DAGs
[2024-01-31T02:09:02.296+0000] {logging_mixin.py:188} INFO - [2024-01-31T02:09:02.296+0000] {dag.py:3820} INFO - Setting next_dagrun for example_subdag_operator to 2022-01-01T00:00:00+00:00, run_after=2022-01-01T00:00:00+00:00
[2024-01-31T02:09:02.302+0000] {logging_mixin.py:188} INFO - [2024-01-31T02:09:02.301+0000] {dag.py:3820} INFO - Setting next_dagrun for example_subdag_operator.section-1 to None, run_after=None
[2024-01-31T02:09:02.303+0000] {logging_mixin.py:188} INFO - [2024-01-31T02:09:02.303+0000] {dag.py:3820} INFO - Setting next_dagrun for example_subdag_operator.section-2 to None, run_after=None
[2024-01-31T02:09:02.314+0000] {logging_mixin.py:188} INFO - [2024-01-31T02:09:02.313+0000] {dag.py:3033} INFO - Sync 2 DAGs
[2024-01-31T02:09:02.321+0000] {logging_mixin.py:188} INFO - [2024-01-31T02:09:02.321+0000] {dag.py:3820} INFO - Setting next_dagrun for example_subdag_operator.section-1 to None, run_after=None
[2024-01-31T02:09:02.322+0000] {logging_mixin.py:188} INFO - [2024-01-31T02:09:02.322+0000] {dag.py:3820} INFO - Setting next_dagrun for example_subdag_operator.section-2 to None, run_after=None
[2024-01-31T02:09:02.346+0000] {processor.py:183} INFO - Processing /home/deprojectue/miniconda3/envs/airflow_demo/lib/python3.9/site-packages/airflow/example_dags/example_subdag_operator.py took 0.155 seconds
[2024-01-31T02:09:57.210+0000] {processor.py:161} INFO - Started process (PID=210956) to work on /home/deprojectue/miniconda3/envs/airflow_demo/lib/python3.9/site-packages/airflow/example_dags/example_subdag_operator.py
[2024-01-31T02:09:57.211+0000] {processor.py:830} INFO - Processing file /home/deprojectue/miniconda3/envs/airflow_demo/lib/python3.9/site-packages/airflow/example_dags/example_subdag_operator.py for tasks to queue
[2024-01-31T02:09:57.213+0000] {logging_mixin.py:188} INFO - [2024-01-31T02:09:57.212+0000] {dagbag.py:538} INFO - Filling up the DagBag from /home/deprojectue/miniconda3/envs/airflow_demo/lib/python3.9/site-packages/airflow/example_dags/example_subdag_operator.py
[2024-01-31T02:09:57.240+0000] {processor.py:840} INFO - DAG(s) 'example_subdag_operator.section-1', 'example_subdag_operator.section-2', 'example_subdag_operator' retrieved from /home/deprojectue/miniconda3/envs/airflow_demo/lib/python3.9/site-packages/airflow/example_dags/example_subdag_operator.py
[2024-01-31T02:09:57.260+0000] {logging_mixin.py:188} INFO - [2024-01-31T02:09:57.260+0000] {dag.py:3033} INFO - Sync 3 DAGs
[2024-01-31T02:09:57.284+0000] {logging_mixin.py:188} INFO - [2024-01-31T02:09:57.284+0000] {dag.py:3820} INFO - Setting next_dagrun for example_subdag_operator to 2022-01-01T00:00:00+00:00, run_after=2022-01-01T00:00:00+00:00
[2024-01-31T02:09:57.288+0000] {logging_mixin.py:188} INFO - [2024-01-31T02:09:57.288+0000] {dag.py:3820} INFO - Setting next_dagrun for example_subdag_operator.section-1 to None, run_after=None
[2024-01-31T02:09:57.290+0000] {logging_mixin.py:188} INFO - [2024-01-31T02:09:57.290+0000] {dag.py:3820} INFO - Setting next_dagrun for example_subdag_operator.section-2 to None, run_after=None
[2024-01-31T02:09:57.296+0000] {logging_mixin.py:188} INFO - [2024-01-31T02:09:57.296+0000] {dag.py:3033} INFO - Sync 2 DAGs
[2024-01-31T02:09:57.305+0000] {logging_mixin.py:188} INFO - [2024-01-31T02:09:57.305+0000] {dag.py:3820} INFO - Setting next_dagrun for example_subdag_operator.section-1 to None, run_after=None
[2024-01-31T02:09:57.305+0000] {logging_mixin.py:188} INFO - [2024-01-31T02:09:57.305+0000] {dag.py:3820} INFO - Setting next_dagrun for example_subdag_operator.section-2 to None, run_after=None
[2024-01-31T02:09:57.331+0000] {processor.py:183} INFO - Processing /home/deprojectue/miniconda3/envs/airflow_demo/lib/python3.9/site-packages/airflow/example_dags/example_subdag_operator.py took 0.126 seconds
[2024-01-31T02:12:46.235+0000] {processor.py:161} INFO - Started process (PID=211042) to work on /home/deprojectue/miniconda3/envs/airflow_demo/lib/python3.9/site-packages/airflow/example_dags/example_subdag_operator.py
[2024-01-31T02:12:46.238+0000] {processor.py:830} INFO - Processing file /home/deprojectue/miniconda3/envs/airflow_demo/lib/python3.9/site-packages/airflow/example_dags/example_subdag_operator.py for tasks to queue
[2024-01-31T02:12:46.243+0000] {logging_mixin.py:188} INFO - [2024-01-31T02:12:46.242+0000] {dagbag.py:538} INFO - Filling up the DagBag from /home/deprojectue/miniconda3/envs/airflow_demo/lib/python3.9/site-packages/airflow/example_dags/example_subdag_operator.py
[2024-01-31T02:12:46.276+0000] {processor.py:840} INFO - DAG(s) 'example_subdag_operator.section-1', 'example_subdag_operator.section-2', 'example_subdag_operator' retrieved from /home/deprojectue/miniconda3/envs/airflow_demo/lib/python3.9/site-packages/airflow/example_dags/example_subdag_operator.py
[2024-01-31T02:12:46.308+0000] {logging_mixin.py:188} INFO - [2024-01-31T02:12:46.307+0000] {dag.py:3033} INFO - Sync 3 DAGs
[2024-01-31T02:12:46.346+0000] {logging_mixin.py:188} INFO - [2024-01-31T02:12:46.345+0000] {dag.py:3820} INFO - Setting next_dagrun for example_subdag_operator to 2022-01-01T00:00:00+00:00, run_after=2022-01-01T00:00:00+00:00
[2024-01-31T02:12:46.351+0000] {logging_mixin.py:188} INFO - [2024-01-31T02:12:46.351+0000] {dag.py:3820} INFO - Setting next_dagrun for example_subdag_operator.section-1 to None, run_after=None
[2024-01-31T02:12:46.353+0000] {logging_mixin.py:188} INFO - [2024-01-31T02:12:46.353+0000] {dag.py:3820} INFO - Setting next_dagrun for example_subdag_operator.section-2 to None, run_after=None
[2024-01-31T02:12:46.363+0000] {logging_mixin.py:188} INFO - [2024-01-31T02:12:46.363+0000] {dag.py:3033} INFO - Sync 2 DAGs
[2024-01-31T02:12:46.370+0000] {logging_mixin.py:188} INFO - [2024-01-31T02:12:46.369+0000] {dag.py:3820} INFO - Setting next_dagrun for example_subdag_operator.section-1 to None, run_after=None
[2024-01-31T02:12:46.370+0000] {logging_mixin.py:188} INFO - [2024-01-31T02:12:46.370+0000] {dag.py:3820} INFO - Setting next_dagrun for example_subdag_operator.section-2 to None, run_after=None
[2024-01-31T02:12:46.393+0000] {processor.py:183} INFO - Processing /home/deprojectue/miniconda3/envs/airflow_demo/lib/python3.9/site-packages/airflow/example_dags/example_subdag_operator.py took 0.163 seconds
[2024-01-31T02:13:34.499+0000] {processor.py:161} INFO - Started process (PID=211098) to work on /home/deprojectue/miniconda3/envs/airflow_demo/lib/python3.9/site-packages/airflow/example_dags/example_subdag_operator.py
[2024-01-31T02:13:34.501+0000] {processor.py:830} INFO - Processing file /home/deprojectue/miniconda3/envs/airflow_demo/lib/python3.9/site-packages/airflow/example_dags/example_subdag_operator.py for tasks to queue
[2024-01-31T02:13:34.504+0000] {logging_mixin.py:188} INFO - [2024-01-31T02:13:34.504+0000] {dagbag.py:538} INFO - Filling up the DagBag from /home/deprojectue/miniconda3/envs/airflow_demo/lib/python3.9/site-packages/airflow/example_dags/example_subdag_operator.py
[2024-01-31T02:13:34.530+0000] {processor.py:840} INFO - DAG(s) 'example_subdag_operator.section-1', 'example_subdag_operator.section-2', 'example_subdag_operator' retrieved from /home/deprojectue/miniconda3/envs/airflow_demo/lib/python3.9/site-packages/airflow/example_dags/example_subdag_operator.py
[2024-01-31T02:13:34.549+0000] {logging_mixin.py:188} INFO - [2024-01-31T02:13:34.548+0000] {dag.py:3033} INFO - Sync 3 DAGs
[2024-01-31T02:13:34.572+0000] {logging_mixin.py:188} INFO - [2024-01-31T02:13:34.572+0000] {dag.py:3820} INFO - Setting next_dagrun for example_subdag_operator to 2022-01-01T00:00:00+00:00, run_after=2022-01-01T00:00:00+00:00
[2024-01-31T02:13:34.577+0000] {logging_mixin.py:188} INFO - [2024-01-31T02:13:34.576+0000] {dag.py:3820} INFO - Setting next_dagrun for example_subdag_operator.section-1 to None, run_after=None
[2024-01-31T02:13:34.578+0000] {logging_mixin.py:188} INFO - [2024-01-31T02:13:34.578+0000] {dag.py:3820} INFO - Setting next_dagrun for example_subdag_operator.section-2 to None, run_after=None
[2024-01-31T02:13:34.585+0000] {logging_mixin.py:188} INFO - [2024-01-31T02:13:34.585+0000] {dag.py:3033} INFO - Sync 2 DAGs
[2024-01-31T02:13:34.589+0000] {logging_mixin.py:188} INFO - [2024-01-31T02:13:34.589+0000] {dag.py:3820} INFO - Setting next_dagrun for example_subdag_operator.section-1 to None, run_after=None
[2024-01-31T02:13:34.590+0000] {logging_mixin.py:188} INFO - [2024-01-31T02:13:34.590+0000] {dag.py:3820} INFO - Setting next_dagrun for example_subdag_operator.section-2 to None, run_after=None
[2024-01-31T02:13:34.608+0000] {processor.py:183} INFO - Processing /home/deprojectue/miniconda3/envs/airflow_demo/lib/python3.9/site-packages/airflow/example_dags/example_subdag_operator.py took 0.113 seconds
[2024-01-31T02:14:25.798+0000] {processor.py:161} INFO - Started process (PID=211150) to work on /home/deprojectue/miniconda3/envs/airflow_demo/lib/python3.9/site-packages/airflow/example_dags/example_subdag_operator.py
[2024-01-31T02:14:25.801+0000] {processor.py:830} INFO - Processing file /home/deprojectue/miniconda3/envs/airflow_demo/lib/python3.9/site-packages/airflow/example_dags/example_subdag_operator.py for tasks to queue
[2024-01-31T02:14:25.804+0000] {logging_mixin.py:188} INFO - [2024-01-31T02:14:25.804+0000] {dagbag.py:538} INFO - Filling up the DagBag from /home/deprojectue/miniconda3/envs/airflow_demo/lib/python3.9/site-packages/airflow/example_dags/example_subdag_operator.py
[2024-01-31T02:14:25.829+0000] {processor.py:840} INFO - DAG(s) 'example_subdag_operator.section-1', 'example_subdag_operator.section-2', 'example_subdag_operator' retrieved from /home/deprojectue/miniconda3/envs/airflow_demo/lib/python3.9/site-packages/airflow/example_dags/example_subdag_operator.py
[2024-01-31T02:14:25.848+0000] {logging_mixin.py:188} INFO - [2024-01-31T02:14:25.847+0000] {dag.py:3033} INFO - Sync 3 DAGs
[2024-01-31T02:14:25.870+0000] {logging_mixin.py:188} INFO - [2024-01-31T02:14:25.870+0000] {dag.py:3820} INFO - Setting next_dagrun for example_subdag_operator to 2022-01-01T00:00:00+00:00, run_after=2022-01-01T00:00:00+00:00
[2024-01-31T02:14:25.873+0000] {logging_mixin.py:188} INFO - [2024-01-31T02:14:25.873+0000] {dag.py:3820} INFO - Setting next_dagrun for example_subdag_operator.section-1 to None, run_after=None
[2024-01-31T02:14:25.875+0000] {logging_mixin.py:188} INFO - [2024-01-31T02:14:25.875+0000] {dag.py:3820} INFO - Setting next_dagrun for example_subdag_operator.section-2 to None, run_after=None
[2024-01-31T02:14:25.883+0000] {logging_mixin.py:188} INFO - [2024-01-31T02:14:25.883+0000] {dag.py:3033} INFO - Sync 2 DAGs
[2024-01-31T02:14:25.888+0000] {logging_mixin.py:188} INFO - [2024-01-31T02:14:25.888+0000] {dag.py:3820} INFO - Setting next_dagrun for example_subdag_operator.section-1 to None, run_after=None
[2024-01-31T02:14:25.889+0000] {logging_mixin.py:188} INFO - [2024-01-31T02:14:25.888+0000] {dag.py:3820} INFO - Setting next_dagrun for example_subdag_operator.section-2 to None, run_after=None
[2024-01-31T02:14:25.907+0000] {processor.py:183} INFO - Processing /home/deprojectue/miniconda3/envs/airflow_demo/lib/python3.9/site-packages/airflow/example_dags/example_subdag_operator.py took 0.113 seconds
[2024-01-31T02:21:44.443+0000] {processor.py:161} INFO - Started process (PID=211302) to work on /home/deprojectue/miniconda3/envs/airflow_demo/lib/python3.9/site-packages/airflow/example_dags/example_subdag_operator.py
[2024-01-31T02:21:44.446+0000] {processor.py:830} INFO - Processing file /home/deprojectue/miniconda3/envs/airflow_demo/lib/python3.9/site-packages/airflow/example_dags/example_subdag_operator.py for tasks to queue
[2024-01-31T02:21:44.450+0000] {logging_mixin.py:188} INFO - [2024-01-31T02:21:44.449+0000] {dagbag.py:538} INFO - Filling up the DagBag from /home/deprojectue/miniconda3/envs/airflow_demo/lib/python3.9/site-packages/airflow/example_dags/example_subdag_operator.py
[2024-01-31T02:21:44.478+0000] {processor.py:840} INFO - DAG(s) 'example_subdag_operator.section-1', 'example_subdag_operator.section-2', 'example_subdag_operator' retrieved from /home/deprojectue/miniconda3/envs/airflow_demo/lib/python3.9/site-packages/airflow/example_dags/example_subdag_operator.py
[2024-01-31T02:21:44.501+0000] {logging_mixin.py:188} INFO - [2024-01-31T02:21:44.500+0000] {dag.py:3033} INFO - Sync 3 DAGs
[2024-01-31T02:21:44.525+0000] {logging_mixin.py:188} INFO - [2024-01-31T02:21:44.525+0000] {dag.py:3820} INFO - Setting next_dagrun for example_subdag_operator to 2022-01-01T00:00:00+00:00, run_after=2022-01-01T00:00:00+00:00
[2024-01-31T02:21:44.529+0000] {logging_mixin.py:188} INFO - [2024-01-31T02:21:44.529+0000] {dag.py:3820} INFO - Setting next_dagrun for example_subdag_operator.section-1 to None, run_after=None
[2024-01-31T02:21:44.530+0000] {logging_mixin.py:188} INFO - [2024-01-31T02:21:44.530+0000] {dag.py:3820} INFO - Setting next_dagrun for example_subdag_operator.section-2 to None, run_after=None
[2024-01-31T02:21:44.538+0000] {logging_mixin.py:188} INFO - [2024-01-31T02:21:44.538+0000] {dag.py:3033} INFO - Sync 2 DAGs
[2024-01-31T02:21:44.542+0000] {logging_mixin.py:188} INFO - [2024-01-31T02:21:44.542+0000] {dag.py:3820} INFO - Setting next_dagrun for example_subdag_operator.section-1 to None, run_after=None
[2024-01-31T02:21:44.543+0000] {logging_mixin.py:188} INFO - [2024-01-31T02:21:44.543+0000] {dag.py:3820} INFO - Setting next_dagrun for example_subdag_operator.section-2 to None, run_after=None
[2024-01-31T02:21:44.560+0000] {processor.py:183} INFO - Processing /home/deprojectue/miniconda3/envs/airflow_demo/lib/python3.9/site-packages/airflow/example_dags/example_subdag_operator.py took 0.122 seconds
[2024-01-31T02:22:35.327+0000] {processor.py:161} INFO - Started process (PID=211352) to work on /home/deprojectue/miniconda3/envs/airflow_demo/lib/python3.9/site-packages/airflow/example_dags/example_subdag_operator.py
[2024-01-31T02:22:35.329+0000] {processor.py:830} INFO - Processing file /home/deprojectue/miniconda3/envs/airflow_demo/lib/python3.9/site-packages/airflow/example_dags/example_subdag_operator.py for tasks to queue
[2024-01-31T02:22:35.333+0000] {logging_mixin.py:188} INFO - [2024-01-31T02:22:35.332+0000] {dagbag.py:538} INFO - Filling up the DagBag from /home/deprojectue/miniconda3/envs/airflow_demo/lib/python3.9/site-packages/airflow/example_dags/example_subdag_operator.py
[2024-01-31T02:22:35.359+0000] {processor.py:840} INFO - DAG(s) 'example_subdag_operator.section-1', 'example_subdag_operator.section-2', 'example_subdag_operator' retrieved from /home/deprojectue/miniconda3/envs/airflow_demo/lib/python3.9/site-packages/airflow/example_dags/example_subdag_operator.py
[2024-01-31T02:22:35.379+0000] {logging_mixin.py:188} INFO - [2024-01-31T02:22:35.379+0000] {dag.py:3033} INFO - Sync 3 DAGs
[2024-01-31T02:22:35.403+0000] {logging_mixin.py:188} INFO - [2024-01-31T02:22:35.403+0000] {dag.py:3820} INFO - Setting next_dagrun for example_subdag_operator to 2022-01-01T00:00:00+00:00, run_after=2022-01-01T00:00:00+00:00
[2024-01-31T02:22:35.408+0000] {logging_mixin.py:188} INFO - [2024-01-31T02:22:35.407+0000] {dag.py:3820} INFO - Setting next_dagrun for example_subdag_operator.section-1 to None, run_after=None
[2024-01-31T02:22:35.409+0000] {logging_mixin.py:188} INFO - [2024-01-31T02:22:35.409+0000] {dag.py:3820} INFO - Setting next_dagrun for example_subdag_operator.section-2 to None, run_after=None
[2024-01-31T02:22:35.417+0000] {logging_mixin.py:188} INFO - [2024-01-31T02:22:35.417+0000] {dag.py:3033} INFO - Sync 2 DAGs
[2024-01-31T02:22:35.422+0000] {logging_mixin.py:188} INFO - [2024-01-31T02:22:35.421+0000] {dag.py:3820} INFO - Setting next_dagrun for example_subdag_operator.section-1 to None, run_after=None
[2024-01-31T02:22:35.422+0000] {logging_mixin.py:188} INFO - [2024-01-31T02:22:35.422+0000] {dag.py:3820} INFO - Setting next_dagrun for example_subdag_operator.section-2 to None, run_after=None
[2024-01-31T02:22:35.440+0000] {processor.py:183} INFO - Processing /home/deprojectue/miniconda3/envs/airflow_demo/lib/python3.9/site-packages/airflow/example_dags/example_subdag_operator.py took 0.118 seconds
[2024-01-31T08:24:14.405+0000] {processor.py:161} INFO - Started process (PID=214035) to work on /home/deprojectue/miniconda3/envs/airflow_demo/lib/python3.9/site-packages/airflow/example_dags/example_subdag_operator.py
[2024-01-31T08:24:14.407+0000] {processor.py:830} INFO - Processing file /home/deprojectue/miniconda3/envs/airflow_demo/lib/python3.9/site-packages/airflow/example_dags/example_subdag_operator.py for tasks to queue
[2024-01-31T08:24:14.411+0000] {logging_mixin.py:188} INFO - [2024-01-31T08:24:14.411+0000] {dagbag.py:538} INFO - Filling up the DagBag from /home/deprojectue/miniconda3/envs/airflow_demo/lib/python3.9/site-packages/airflow/example_dags/example_subdag_operator.py
[2024-01-31T08:24:14.436+0000] {processor.py:840} INFO - DAG(s) 'example_subdag_operator.section-1', 'example_subdag_operator.section-2', 'example_subdag_operator' retrieved from /home/deprojectue/miniconda3/envs/airflow_demo/lib/python3.9/site-packages/airflow/example_dags/example_subdag_operator.py
[2024-01-31T08:24:14.458+0000] {logging_mixin.py:188} INFO - [2024-01-31T08:24:14.458+0000] {dag.py:3033} INFO - Sync 3 DAGs
[2024-01-31T08:24:14.482+0000] {logging_mixin.py:188} INFO - [2024-01-31T08:24:14.481+0000] {dag.py:3820} INFO - Setting next_dagrun for example_subdag_operator to 2022-01-01T00:00:00+00:00, run_after=2022-01-01T00:00:00+00:00
[2024-01-31T08:24:14.485+0000] {logging_mixin.py:188} INFO - [2024-01-31T08:24:14.485+0000] {dag.py:3820} INFO - Setting next_dagrun for example_subdag_operator.section-1 to None, run_after=None
[2024-01-31T08:24:14.487+0000] {logging_mixin.py:188} INFO - [2024-01-31T08:24:14.486+0000] {dag.py:3820} INFO - Setting next_dagrun for example_subdag_operator.section-2 to None, run_after=None
[2024-01-31T08:24:14.495+0000] {logging_mixin.py:188} INFO - [2024-01-31T08:24:14.494+0000] {dag.py:3033} INFO - Sync 2 DAGs
[2024-01-31T08:24:14.501+0000] {logging_mixin.py:188} INFO - [2024-01-31T08:24:14.500+0000] {dag.py:3820} INFO - Setting next_dagrun for example_subdag_operator.section-1 to None, run_after=None
[2024-01-31T08:24:14.501+0000] {logging_mixin.py:188} INFO - [2024-01-31T08:24:14.501+0000] {dag.py:3820} INFO - Setting next_dagrun for example_subdag_operator.section-2 to None, run_after=None
[2024-01-31T08:24:14.520+0000] {processor.py:183} INFO - Processing /home/deprojectue/miniconda3/envs/airflow_demo/lib/python3.9/site-packages/airflow/example_dags/example_subdag_operator.py took 0.119 seconds
[2024-01-31T08:25:11.975+0000] {processor.py:161} INFO - Started process (PID=214094) to work on /home/deprojectue/miniconda3/envs/airflow_demo/lib/python3.9/site-packages/airflow/example_dags/example_subdag_operator.py
[2024-01-31T08:25:11.980+0000] {processor.py:830} INFO - Processing file /home/deprojectue/miniconda3/envs/airflow_demo/lib/python3.9/site-packages/airflow/example_dags/example_subdag_operator.py for tasks to queue
[2024-01-31T08:25:11.984+0000] {logging_mixin.py:188} INFO - [2024-01-31T08:25:11.983+0000] {dagbag.py:538} INFO - Filling up the DagBag from /home/deprojectue/miniconda3/envs/airflow_demo/lib/python3.9/site-packages/airflow/example_dags/example_subdag_operator.py
[2024-01-31T08:25:12.010+0000] {processor.py:840} INFO - DAG(s) 'example_subdag_operator.section-1', 'example_subdag_operator.section-2', 'example_subdag_operator' retrieved from /home/deprojectue/miniconda3/envs/airflow_demo/lib/python3.9/site-packages/airflow/example_dags/example_subdag_operator.py
[2024-01-31T08:25:12.029+0000] {logging_mixin.py:188} INFO - [2024-01-31T08:25:12.029+0000] {dag.py:3033} INFO - Sync 3 DAGs
[2024-01-31T08:25:12.052+0000] {logging_mixin.py:188} INFO - [2024-01-31T08:25:12.051+0000] {dag.py:3820} INFO - Setting next_dagrun for example_subdag_operator to 2022-01-01T00:00:00+00:00, run_after=2022-01-01T00:00:00+00:00
[2024-01-31T08:25:12.055+0000] {logging_mixin.py:188} INFO - [2024-01-31T08:25:12.055+0000] {dag.py:3820} INFO - Setting next_dagrun for example_subdag_operator.section-1 to None, run_after=None
[2024-01-31T08:25:12.056+0000] {logging_mixin.py:188} INFO - [2024-01-31T08:25:12.056+0000] {dag.py:3820} INFO - Setting next_dagrun for example_subdag_operator.section-2 to None, run_after=None
[2024-01-31T08:25:12.062+0000] {logging_mixin.py:188} INFO - [2024-01-31T08:25:12.062+0000] {dag.py:3033} INFO - Sync 2 DAGs
[2024-01-31T08:25:12.067+0000] {logging_mixin.py:188} INFO - [2024-01-31T08:25:12.067+0000] {dag.py:3820} INFO - Setting next_dagrun for example_subdag_operator.section-1 to None, run_after=None
[2024-01-31T08:25:12.068+0000] {logging_mixin.py:188} INFO - [2024-01-31T08:25:12.067+0000] {dag.py:3820} INFO - Setting next_dagrun for example_subdag_operator.section-2 to None, run_after=None
[2024-01-31T08:25:12.084+0000] {processor.py:183} INFO - Processing /home/deprojectue/miniconda3/envs/airflow_demo/lib/python3.9/site-packages/airflow/example_dags/example_subdag_operator.py took 0.114 seconds
[2024-01-31T08:34:50.266+0000] {processor.py:161} INFO - Started process (PID=215042) to work on /home/deprojectue/miniconda3/envs/airflow_demo/lib/python3.9/site-packages/airflow/example_dags/example_subdag_operator.py
[2024-01-31T08:34:50.461+0000] {processor.py:830} INFO - Processing file /home/deprojectue/miniconda3/envs/airflow_demo/lib/python3.9/site-packages/airflow/example_dags/example_subdag_operator.py for tasks to queue
[2024-01-31T08:34:50.477+0000] {logging_mixin.py:188} INFO - [2024-01-31T08:34:50.462+0000] {dagbag.py:538} INFO - Filling up the DagBag from /home/deprojectue/miniconda3/envs/airflow_demo/lib/python3.9/site-packages/airflow/example_dags/example_subdag_operator.py
[2024-01-31T08:34:51.996+0000] {processor.py:840} INFO - DAG(s) 'example_subdag_operator.section-1', 'example_subdag_operator.section-2', 'example_subdag_operator' retrieved from /home/deprojectue/miniconda3/envs/airflow_demo/lib/python3.9/site-packages/airflow/example_dags/example_subdag_operator.py
[2024-01-31T08:34:52.470+0000] {logging_mixin.py:188} INFO - [2024-01-31T08:34:52.469+0000] {dag.py:3033} INFO - Sync 3 DAGs
[2024-01-31T08:34:52.733+0000] {logging_mixin.py:188} INFO - [2024-01-31T08:34:52.733+0000] {dag.py:3820} INFO - Setting next_dagrun for example_subdag_operator to 2022-01-01T00:00:00+00:00, run_after=2022-01-01T00:00:00+00:00
[2024-01-31T08:34:52.746+0000] {logging_mixin.py:188} INFO - [2024-01-31T08:34:52.745+0000] {dag.py:3820} INFO - Setting next_dagrun for example_subdag_operator.section-1 to None, run_after=None
[2024-01-31T08:34:52.747+0000] {logging_mixin.py:188} INFO - [2024-01-31T08:34:52.747+0000] {dag.py:3820} INFO - Setting next_dagrun for example_subdag_operator.section-2 to None, run_after=None
[2024-01-31T08:34:52.762+0000] {logging_mixin.py:188} INFO - [2024-01-31T08:34:52.762+0000] {dag.py:3033} INFO - Sync 2 DAGs
[2024-01-31T08:34:52.769+0000] {logging_mixin.py:188} INFO - [2024-01-31T08:34:52.769+0000] {dag.py:3820} INFO - Setting next_dagrun for example_subdag_operator.section-1 to None, run_after=None
[2024-01-31T08:34:52.770+0000] {logging_mixin.py:188} INFO - [2024-01-31T08:34:52.770+0000] {dag.py:3820} INFO - Setting next_dagrun for example_subdag_operator.section-2 to None, run_after=None
[2024-01-31T08:34:53.265+0000] {processor.py:183} INFO - Processing /home/deprojectue/miniconda3/envs/airflow_demo/lib/python3.9/site-packages/airflow/example_dags/example_subdag_operator.py took 3.005 seconds
[2024-01-31T08:51:55.401+0000] {processor.py:161} INFO - Started process (PID=215375) to work on /home/deprojectue/miniconda3/envs/airflow_demo/lib/python3.9/site-packages/airflow/example_dags/example_subdag_operator.py
[2024-01-31T08:51:55.404+0000] {processor.py:830} INFO - Processing file /home/deprojectue/miniconda3/envs/airflow_demo/lib/python3.9/site-packages/airflow/example_dags/example_subdag_operator.py for tasks to queue
[2024-01-31T08:51:55.408+0000] {logging_mixin.py:188} INFO - [2024-01-31T08:51:55.408+0000] {dagbag.py:538} INFO - Filling up the DagBag from /home/deprojectue/miniconda3/envs/airflow_demo/lib/python3.9/site-packages/airflow/example_dags/example_subdag_operator.py
[2024-01-31T08:51:55.437+0000] {processor.py:840} INFO - DAG(s) 'example_subdag_operator.section-1', 'example_subdag_operator.section-2', 'example_subdag_operator' retrieved from /home/deprojectue/miniconda3/envs/airflow_demo/lib/python3.9/site-packages/airflow/example_dags/example_subdag_operator.py
[2024-01-31T08:51:55.463+0000] {logging_mixin.py:188} INFO - [2024-01-31T08:51:55.462+0000] {dag.py:3033} INFO - Sync 3 DAGs
[2024-01-31T08:51:55.484+0000] {logging_mixin.py:188} INFO - [2024-01-31T08:51:55.484+0000] {dag.py:3820} INFO - Setting next_dagrun for example_subdag_operator to 2022-01-01T00:00:00+00:00, run_after=2022-01-01T00:00:00+00:00
[2024-01-31T08:51:55.488+0000] {logging_mixin.py:188} INFO - [2024-01-31T08:51:55.488+0000] {dag.py:3820} INFO - Setting next_dagrun for example_subdag_operator.section-1 to None, run_after=None
[2024-01-31T08:51:55.489+0000] {logging_mixin.py:188} INFO - [2024-01-31T08:51:55.489+0000] {dag.py:3820} INFO - Setting next_dagrun for example_subdag_operator.section-2 to None, run_after=None
[2024-01-31T08:51:55.497+0000] {logging_mixin.py:188} INFO - [2024-01-31T08:51:55.497+0000] {dag.py:3033} INFO - Sync 2 DAGs
[2024-01-31T08:51:55.502+0000] {logging_mixin.py:188} INFO - [2024-01-31T08:51:55.502+0000] {dag.py:3820} INFO - Setting next_dagrun for example_subdag_operator.section-1 to None, run_after=None
[2024-01-31T08:51:55.503+0000] {logging_mixin.py:188} INFO - [2024-01-31T08:51:55.502+0000] {dag.py:3820} INFO - Setting next_dagrun for example_subdag_operator.section-2 to None, run_after=None
[2024-01-31T08:51:55.521+0000] {processor.py:183} INFO - Processing /home/deprojectue/miniconda3/envs/airflow_demo/lib/python3.9/site-packages/airflow/example_dags/example_subdag_operator.py took 0.124 seconds
[2024-01-31T08:52:45.929+0000] {processor.py:161} INFO - Started process (PID=215426) to work on /home/deprojectue/miniconda3/envs/airflow_demo/lib/python3.9/site-packages/airflow/example_dags/example_subdag_operator.py
[2024-01-31T08:52:45.931+0000] {processor.py:830} INFO - Processing file /home/deprojectue/miniconda3/envs/airflow_demo/lib/python3.9/site-packages/airflow/example_dags/example_subdag_operator.py for tasks to queue
[2024-01-31T08:52:45.934+0000] {logging_mixin.py:188} INFO - [2024-01-31T08:52:45.933+0000] {dagbag.py:538} INFO - Filling up the DagBag from /home/deprojectue/miniconda3/envs/airflow_demo/lib/python3.9/site-packages/airflow/example_dags/example_subdag_operator.py
[2024-01-31T08:52:45.958+0000] {processor.py:840} INFO - DAG(s) 'example_subdag_operator.section-1', 'example_subdag_operator.section-2', 'example_subdag_operator' retrieved from /home/deprojectue/miniconda3/envs/airflow_demo/lib/python3.9/site-packages/airflow/example_dags/example_subdag_operator.py
[2024-01-31T08:52:45.977+0000] {logging_mixin.py:188} INFO - [2024-01-31T08:52:45.976+0000] {dag.py:3033} INFO - Sync 3 DAGs
[2024-01-31T08:52:45.996+0000] {logging_mixin.py:188} INFO - [2024-01-31T08:52:45.996+0000] {dag.py:3820} INFO - Setting next_dagrun for example_subdag_operator to 2022-01-01T00:00:00+00:00, run_after=2022-01-01T00:00:00+00:00
[2024-01-31T08:52:45.999+0000] {logging_mixin.py:188} INFO - [2024-01-31T08:52:45.999+0000] {dag.py:3820} INFO - Setting next_dagrun for example_subdag_operator.section-1 to None, run_after=None
[2024-01-31T08:52:46.000+0000] {logging_mixin.py:188} INFO - [2024-01-31T08:52:46.000+0000] {dag.py:3820} INFO - Setting next_dagrun for example_subdag_operator.section-2 to None, run_after=None
[2024-01-31T08:52:46.008+0000] {logging_mixin.py:188} INFO - [2024-01-31T08:52:46.007+0000] {dag.py:3033} INFO - Sync 2 DAGs
[2024-01-31T08:52:46.012+0000] {logging_mixin.py:188} INFO - [2024-01-31T08:52:46.012+0000] {dag.py:3820} INFO - Setting next_dagrun for example_subdag_operator.section-1 to None, run_after=None
[2024-01-31T08:52:46.013+0000] {logging_mixin.py:188} INFO - [2024-01-31T08:52:46.012+0000] {dag.py:3820} INFO - Setting next_dagrun for example_subdag_operator.section-2 to None, run_after=None
[2024-01-31T08:52:46.030+0000] {processor.py:183} INFO - Processing /home/deprojectue/miniconda3/envs/airflow_demo/lib/python3.9/site-packages/airflow/example_dags/example_subdag_operator.py took 0.105 seconds
[2024-01-31T08:53:36.070+0000] {processor.py:161} INFO - Started process (PID=215478) to work on /home/deprojectue/miniconda3/envs/airflow_demo/lib/python3.9/site-packages/airflow/example_dags/example_subdag_operator.py
[2024-01-31T08:53:36.072+0000] {processor.py:830} INFO - Processing file /home/deprojectue/miniconda3/envs/airflow_demo/lib/python3.9/site-packages/airflow/example_dags/example_subdag_operator.py for tasks to queue
[2024-01-31T08:53:36.075+0000] {logging_mixin.py:188} INFO - [2024-01-31T08:53:36.075+0000] {dagbag.py:538} INFO - Filling up the DagBag from /home/deprojectue/miniconda3/envs/airflow_demo/lib/python3.9/site-packages/airflow/example_dags/example_subdag_operator.py
[2024-01-31T08:53:36.102+0000] {processor.py:840} INFO - DAG(s) 'example_subdag_operator.section-1', 'example_subdag_operator.section-2', 'example_subdag_operator' retrieved from /home/deprojectue/miniconda3/envs/airflow_demo/lib/python3.9/site-packages/airflow/example_dags/example_subdag_operator.py
[2024-01-31T08:53:36.121+0000] {logging_mixin.py:188} INFO - [2024-01-31T08:53:36.120+0000] {dag.py:3033} INFO - Sync 3 DAGs
[2024-01-31T08:53:36.140+0000] {logging_mixin.py:188} INFO - [2024-01-31T08:53:36.140+0000] {dag.py:3820} INFO - Setting next_dagrun for example_subdag_operator to 2022-01-01T00:00:00+00:00, run_after=2022-01-01T00:00:00+00:00
[2024-01-31T08:53:36.144+0000] {logging_mixin.py:188} INFO - [2024-01-31T08:53:36.143+0000] {dag.py:3820} INFO - Setting next_dagrun for example_subdag_operator.section-1 to None, run_after=None
[2024-01-31T08:53:36.145+0000] {logging_mixin.py:188} INFO - [2024-01-31T08:53:36.145+0000] {dag.py:3820} INFO - Setting next_dagrun for example_subdag_operator.section-2 to None, run_after=None
[2024-01-31T08:53:36.153+0000] {logging_mixin.py:188} INFO - [2024-01-31T08:53:36.153+0000] {dag.py:3033} INFO - Sync 2 DAGs
[2024-01-31T08:53:36.157+0000] {logging_mixin.py:188} INFO - [2024-01-31T08:53:36.157+0000] {dag.py:3820} INFO - Setting next_dagrun for example_subdag_operator.section-1 to None, run_after=None
[2024-01-31T08:53:36.158+0000] {logging_mixin.py:188} INFO - [2024-01-31T08:53:36.158+0000] {dag.py:3820} INFO - Setting next_dagrun for example_subdag_operator.section-2 to None, run_after=None
[2024-01-31T08:53:36.175+0000] {processor.py:183} INFO - Processing /home/deprojectue/miniconda3/envs/airflow_demo/lib/python3.9/site-packages/airflow/example_dags/example_subdag_operator.py took 0.109 seconds
[2024-01-31T08:54:18.404+0000] {processor.py:161} INFO - Started process (PID=215520) to work on /home/deprojectue/miniconda3/envs/airflow_demo/lib/python3.9/site-packages/airflow/example_dags/example_subdag_operator.py
[2024-01-31T08:54:18.407+0000] {processor.py:830} INFO - Processing file /home/deprojectue/miniconda3/envs/airflow_demo/lib/python3.9/site-packages/airflow/example_dags/example_subdag_operator.py for tasks to queue
[2024-01-31T08:54:18.410+0000] {logging_mixin.py:188} INFO - [2024-01-31T08:54:18.410+0000] {dagbag.py:538} INFO - Filling up the DagBag from /home/deprojectue/miniconda3/envs/airflow_demo/lib/python3.9/site-packages/airflow/example_dags/example_subdag_operator.py
[2024-01-31T08:54:18.435+0000] {processor.py:840} INFO - DAG(s) 'example_subdag_operator.section-1', 'example_subdag_operator.section-2', 'example_subdag_operator' retrieved from /home/deprojectue/miniconda3/envs/airflow_demo/lib/python3.9/site-packages/airflow/example_dags/example_subdag_operator.py
[2024-01-31T08:54:18.453+0000] {logging_mixin.py:188} INFO - [2024-01-31T08:54:18.452+0000] {dag.py:3033} INFO - Sync 3 DAGs
[2024-01-31T08:54:18.472+0000] {logging_mixin.py:188} INFO - [2024-01-31T08:54:18.471+0000] {dag.py:3820} INFO - Setting next_dagrun for example_subdag_operator to 2022-01-01T00:00:00+00:00, run_after=2022-01-01T00:00:00+00:00
[2024-01-31T08:54:18.475+0000] {logging_mixin.py:188} INFO - [2024-01-31T08:54:18.475+0000] {dag.py:3820} INFO - Setting next_dagrun for example_subdag_operator.section-1 to None, run_after=None
[2024-01-31T08:54:18.476+0000] {logging_mixin.py:188} INFO - [2024-01-31T08:54:18.476+0000] {dag.py:3820} INFO - Setting next_dagrun for example_subdag_operator.section-2 to None, run_after=None
[2024-01-31T08:54:18.485+0000] {logging_mixin.py:188} INFO - [2024-01-31T08:54:18.485+0000] {dag.py:3033} INFO - Sync 2 DAGs
[2024-01-31T08:54:18.490+0000] {logging_mixin.py:188} INFO - [2024-01-31T08:54:18.490+0000] {dag.py:3820} INFO - Setting next_dagrun for example_subdag_operator.section-1 to None, run_after=None
[2024-01-31T08:54:18.491+0000] {logging_mixin.py:188} INFO - [2024-01-31T08:54:18.490+0000] {dag.py:3820} INFO - Setting next_dagrun for example_subdag_operator.section-2 to None, run_after=None
[2024-01-31T08:54:18.510+0000] {processor.py:183} INFO - Processing /home/deprojectue/miniconda3/envs/airflow_demo/lib/python3.9/site-packages/airflow/example_dags/example_subdag_operator.py took 0.109 seconds
[2024-01-31T08:54:59.355+0000] {processor.py:161} INFO - Started process (PID=215564) to work on /home/deprojectue/miniconda3/envs/airflow_demo/lib/python3.9/site-packages/airflow/example_dags/example_subdag_operator.py
[2024-01-31T08:54:59.357+0000] {processor.py:830} INFO - Processing file /home/deprojectue/miniconda3/envs/airflow_demo/lib/python3.9/site-packages/airflow/example_dags/example_subdag_operator.py for tasks to queue
[2024-01-31T08:54:59.360+0000] {logging_mixin.py:188} INFO - [2024-01-31T08:54:59.360+0000] {dagbag.py:538} INFO - Filling up the DagBag from /home/deprojectue/miniconda3/envs/airflow_demo/lib/python3.9/site-packages/airflow/example_dags/example_subdag_operator.py
[2024-01-31T08:54:59.385+0000] {processor.py:840} INFO - DAG(s) 'example_subdag_operator.section-1', 'example_subdag_operator.section-2', 'example_subdag_operator' retrieved from /home/deprojectue/miniconda3/envs/airflow_demo/lib/python3.9/site-packages/airflow/example_dags/example_subdag_operator.py
[2024-01-31T08:54:59.404+0000] {logging_mixin.py:188} INFO - [2024-01-31T08:54:59.403+0000] {dag.py:3033} INFO - Sync 3 DAGs
[2024-01-31T08:54:59.423+0000] {logging_mixin.py:188} INFO - [2024-01-31T08:54:59.423+0000] {dag.py:3820} INFO - Setting next_dagrun for example_subdag_operator to 2022-01-01T00:00:00+00:00, run_after=2022-01-01T00:00:00+00:00
[2024-01-31T08:54:59.426+0000] {logging_mixin.py:188} INFO - [2024-01-31T08:54:59.426+0000] {dag.py:3820} INFO - Setting next_dagrun for example_subdag_operator.section-1 to None, run_after=None
[2024-01-31T08:54:59.428+0000] {logging_mixin.py:188} INFO - [2024-01-31T08:54:59.427+0000] {dag.py:3820} INFO - Setting next_dagrun for example_subdag_operator.section-2 to None, run_after=None
[2024-01-31T08:54:59.435+0000] {logging_mixin.py:188} INFO - [2024-01-31T08:54:59.434+0000] {dag.py:3033} INFO - Sync 2 DAGs
[2024-01-31T08:54:59.439+0000] {logging_mixin.py:188} INFO - [2024-01-31T08:54:59.439+0000] {dag.py:3820} INFO - Setting next_dagrun for example_subdag_operator.section-1 to None, run_after=None
[2024-01-31T08:54:59.439+0000] {logging_mixin.py:188} INFO - [2024-01-31T08:54:59.439+0000] {dag.py:3820} INFO - Setting next_dagrun for example_subdag_operator.section-2 to None, run_after=None
[2024-01-31T08:54:59.456+0000] {processor.py:183} INFO - Processing /home/deprojectue/miniconda3/envs/airflow_demo/lib/python3.9/site-packages/airflow/example_dags/example_subdag_operator.py took 0.105 seconds
[2024-01-31T08:55:39.697+0000] {processor.py:161} INFO - Started process (PID=215607) to work on /home/deprojectue/miniconda3/envs/airflow_demo/lib/python3.9/site-packages/airflow/example_dags/example_subdag_operator.py
[2024-01-31T08:55:39.699+0000] {processor.py:830} INFO - Processing file /home/deprojectue/miniconda3/envs/airflow_demo/lib/python3.9/site-packages/airflow/example_dags/example_subdag_operator.py for tasks to queue
[2024-01-31T08:55:39.702+0000] {logging_mixin.py:188} INFO - [2024-01-31T08:55:39.702+0000] {dagbag.py:538} INFO - Filling up the DagBag from /home/deprojectue/miniconda3/envs/airflow_demo/lib/python3.9/site-packages/airflow/example_dags/example_subdag_operator.py
[2024-01-31T08:55:39.726+0000] {processor.py:840} INFO - DAG(s) 'example_subdag_operator.section-1', 'example_subdag_operator.section-2', 'example_subdag_operator' retrieved from /home/deprojectue/miniconda3/envs/airflow_demo/lib/python3.9/site-packages/airflow/example_dags/example_subdag_operator.py
[2024-01-31T08:55:39.744+0000] {logging_mixin.py:188} INFO - [2024-01-31T08:55:39.743+0000] {dag.py:3033} INFO - Sync 3 DAGs
[2024-01-31T08:55:39.763+0000] {logging_mixin.py:188} INFO - [2024-01-31T08:55:39.763+0000] {dag.py:3820} INFO - Setting next_dagrun for example_subdag_operator to 2022-01-01T00:00:00+00:00, run_after=2022-01-01T00:00:00+00:00
[2024-01-31T08:55:39.766+0000] {logging_mixin.py:188} INFO - [2024-01-31T08:55:39.766+0000] {dag.py:3820} INFO - Setting next_dagrun for example_subdag_operator.section-1 to None, run_after=None
[2024-01-31T08:55:39.768+0000] {logging_mixin.py:188} INFO - [2024-01-31T08:55:39.768+0000] {dag.py:3820} INFO - Setting next_dagrun for example_subdag_operator.section-2 to None, run_after=None
[2024-01-31T08:55:39.775+0000] {logging_mixin.py:188} INFO - [2024-01-31T08:55:39.775+0000] {dag.py:3033} INFO - Sync 2 DAGs
[2024-01-31T08:55:39.780+0000] {logging_mixin.py:188} INFO - [2024-01-31T08:55:39.780+0000] {dag.py:3820} INFO - Setting next_dagrun for example_subdag_operator.section-1 to None, run_after=None
[2024-01-31T08:55:39.781+0000] {logging_mixin.py:188} INFO - [2024-01-31T08:55:39.780+0000] {dag.py:3820} INFO - Setting next_dagrun for example_subdag_operator.section-2 to None, run_after=None
[2024-01-31T08:55:39.798+0000] {processor.py:183} INFO - Processing /home/deprojectue/miniconda3/envs/airflow_demo/lib/python3.9/site-packages/airflow/example_dags/example_subdag_operator.py took 0.105 seconds
[2024-01-31T08:56:17.773+0000] {processor.py:161} INFO - Started process (PID=215649) to work on /home/deprojectue/miniconda3/envs/airflow_demo/lib/python3.9/site-packages/airflow/example_dags/example_subdag_operator.py
[2024-01-31T08:56:17.775+0000] {processor.py:830} INFO - Processing file /home/deprojectue/miniconda3/envs/airflow_demo/lib/python3.9/site-packages/airflow/example_dags/example_subdag_operator.py for tasks to queue
[2024-01-31T08:56:17.778+0000] {logging_mixin.py:188} INFO - [2024-01-31T08:56:17.778+0000] {dagbag.py:538} INFO - Filling up the DagBag from /home/deprojectue/miniconda3/envs/airflow_demo/lib/python3.9/site-packages/airflow/example_dags/example_subdag_operator.py
[2024-01-31T08:56:17.803+0000] {processor.py:840} INFO - DAG(s) 'example_subdag_operator.section-1', 'example_subdag_operator.section-2', 'example_subdag_operator' retrieved from /home/deprojectue/miniconda3/envs/airflow_demo/lib/python3.9/site-packages/airflow/example_dags/example_subdag_operator.py
[2024-01-31T08:56:17.822+0000] {logging_mixin.py:188} INFO - [2024-01-31T08:56:17.821+0000] {dag.py:3033} INFO - Sync 3 DAGs
[2024-01-31T08:56:17.841+0000] {logging_mixin.py:188} INFO - [2024-01-31T08:56:17.841+0000] {dag.py:3820} INFO - Setting next_dagrun for example_subdag_operator to 2022-01-01T00:00:00+00:00, run_after=2022-01-01T00:00:00+00:00
[2024-01-31T08:56:17.844+0000] {logging_mixin.py:188} INFO - [2024-01-31T08:56:17.844+0000] {dag.py:3820} INFO - Setting next_dagrun for example_subdag_operator.section-1 to None, run_after=None
[2024-01-31T08:56:17.845+0000] {logging_mixin.py:188} INFO - [2024-01-31T08:56:17.845+0000] {dag.py:3820} INFO - Setting next_dagrun for example_subdag_operator.section-2 to None, run_after=None
[2024-01-31T08:56:17.852+0000] {logging_mixin.py:188} INFO - [2024-01-31T08:56:17.852+0000] {dag.py:3033} INFO - Sync 2 DAGs
[2024-01-31T08:56:17.857+0000] {logging_mixin.py:188} INFO - [2024-01-31T08:56:17.857+0000] {dag.py:3820} INFO - Setting next_dagrun for example_subdag_operator.section-1 to None, run_after=None
[2024-01-31T08:56:17.858+0000] {logging_mixin.py:188} INFO - [2024-01-31T08:56:17.857+0000] {dag.py:3820} INFO - Setting next_dagrun for example_subdag_operator.section-2 to None, run_after=None
[2024-01-31T08:56:17.876+0000] {processor.py:183} INFO - Processing /home/deprojectue/miniconda3/envs/airflow_demo/lib/python3.9/site-packages/airflow/example_dags/example_subdag_operator.py took 0.108 seconds
[2024-01-31T08:56:58.275+0000] {processor.py:161} INFO - Started process (PID=215706) to work on /home/deprojectue/miniconda3/envs/airflow_demo/lib/python3.9/site-packages/airflow/example_dags/example_subdag_operator.py
[2024-01-31T08:56:58.278+0000] {processor.py:830} INFO - Processing file /home/deprojectue/miniconda3/envs/airflow_demo/lib/python3.9/site-packages/airflow/example_dags/example_subdag_operator.py for tasks to queue
[2024-01-31T08:56:58.281+0000] {logging_mixin.py:188} INFO - [2024-01-31T08:56:58.281+0000] {dagbag.py:538} INFO - Filling up the DagBag from /home/deprojectue/miniconda3/envs/airflow_demo/lib/python3.9/site-packages/airflow/example_dags/example_subdag_operator.py
[2024-01-31T08:56:58.308+0000] {processor.py:840} INFO - DAG(s) 'example_subdag_operator.section-1', 'example_subdag_operator.section-2', 'example_subdag_operator' retrieved from /home/deprojectue/miniconda3/envs/airflow_demo/lib/python3.9/site-packages/airflow/example_dags/example_subdag_operator.py
[2024-01-31T08:56:58.326+0000] {logging_mixin.py:188} INFO - [2024-01-31T08:56:58.326+0000] {dag.py:3033} INFO - Sync 3 DAGs
[2024-01-31T08:56:58.346+0000] {logging_mixin.py:188} INFO - [2024-01-31T08:56:58.345+0000] {dag.py:3820} INFO - Setting next_dagrun for example_subdag_operator to 2022-01-01T00:00:00+00:00, run_after=2022-01-01T00:00:00+00:00
[2024-01-31T08:56:58.349+0000] {logging_mixin.py:188} INFO - [2024-01-31T08:56:58.348+0000] {dag.py:3820} INFO - Setting next_dagrun for example_subdag_operator.section-1 to None, run_after=None
[2024-01-31T08:56:58.350+0000] {logging_mixin.py:188} INFO - [2024-01-31T08:56:58.350+0000] {dag.py:3820} INFO - Setting next_dagrun for example_subdag_operator.section-2 to None, run_after=None
[2024-01-31T08:56:58.358+0000] {logging_mixin.py:188} INFO - [2024-01-31T08:56:58.358+0000] {dag.py:3033} INFO - Sync 2 DAGs
[2024-01-31T08:56:58.362+0000] {logging_mixin.py:188} INFO - [2024-01-31T08:56:58.362+0000] {dag.py:3820} INFO - Setting next_dagrun for example_subdag_operator.section-1 to None, run_after=None
[2024-01-31T08:56:58.363+0000] {logging_mixin.py:188} INFO - [2024-01-31T08:56:58.363+0000] {dag.py:3820} INFO - Setting next_dagrun for example_subdag_operator.section-2 to None, run_after=None
[2024-01-31T08:56:58.380+0000] {processor.py:183} INFO - Processing /home/deprojectue/miniconda3/envs/airflow_demo/lib/python3.9/site-packages/airflow/example_dags/example_subdag_operator.py took 0.108 seconds
[2024-01-31T08:57:51.861+0000] {processor.py:161} INFO - Started process (PID=215762) to work on /home/deprojectue/miniconda3/envs/airflow_demo/lib/python3.9/site-packages/airflow/example_dags/example_subdag_operator.py
[2024-01-31T08:57:51.863+0000] {processor.py:830} INFO - Processing file /home/deprojectue/miniconda3/envs/airflow_demo/lib/python3.9/site-packages/airflow/example_dags/example_subdag_operator.py for tasks to queue
[2024-01-31T08:57:51.866+0000] {logging_mixin.py:188} INFO - [2024-01-31T08:57:51.866+0000] {dagbag.py:538} INFO - Filling up the DagBag from /home/deprojectue/miniconda3/envs/airflow_demo/lib/python3.9/site-packages/airflow/example_dags/example_subdag_operator.py
[2024-01-31T08:57:51.894+0000] {processor.py:840} INFO - DAG(s) 'example_subdag_operator.section-1', 'example_subdag_operator.section-2', 'example_subdag_operator' retrieved from /home/deprojectue/miniconda3/envs/airflow_demo/lib/python3.9/site-packages/airflow/example_dags/example_subdag_operator.py
[2024-01-31T08:57:51.913+0000] {logging_mixin.py:188} INFO - [2024-01-31T08:57:51.912+0000] {dag.py:3033} INFO - Sync 3 DAGs
[2024-01-31T08:57:51.932+0000] {logging_mixin.py:188} INFO - [2024-01-31T08:57:51.932+0000] {dag.py:3820} INFO - Setting next_dagrun for example_subdag_operator to 2022-01-01T00:00:00+00:00, run_after=2022-01-01T00:00:00+00:00
[2024-01-31T08:57:51.935+0000] {logging_mixin.py:188} INFO - [2024-01-31T08:57:51.935+0000] {dag.py:3820} INFO - Setting next_dagrun for example_subdag_operator.section-1 to None, run_after=None
[2024-01-31T08:57:51.937+0000] {logging_mixin.py:188} INFO - [2024-01-31T08:57:51.936+0000] {dag.py:3820} INFO - Setting next_dagrun for example_subdag_operator.section-2 to None, run_after=None
[2024-01-31T08:57:51.944+0000] {logging_mixin.py:188} INFO - [2024-01-31T08:57:51.944+0000] {dag.py:3033} INFO - Sync 2 DAGs
[2024-01-31T08:57:51.948+0000] {logging_mixin.py:188} INFO - [2024-01-31T08:57:51.948+0000] {dag.py:3820} INFO - Setting next_dagrun for example_subdag_operator.section-1 to None, run_after=None
[2024-01-31T08:57:51.949+0000] {logging_mixin.py:188} INFO - [2024-01-31T08:57:51.948+0000] {dag.py:3820} INFO - Setting next_dagrun for example_subdag_operator.section-2 to None, run_after=None
[2024-01-31T08:57:51.966+0000] {processor.py:183} INFO - Processing /home/deprojectue/miniconda3/envs/airflow_demo/lib/python3.9/site-packages/airflow/example_dags/example_subdag_operator.py took 0.109 seconds
[2024-01-31T08:58:31.653+0000] {processor.py:161} INFO - Started process (PID=215801) to work on /home/deprojectue/miniconda3/envs/airflow_demo/lib/python3.9/site-packages/airflow/example_dags/example_subdag_operator.py
[2024-01-31T08:58:31.655+0000] {processor.py:830} INFO - Processing file /home/deprojectue/miniconda3/envs/airflow_demo/lib/python3.9/site-packages/airflow/example_dags/example_subdag_operator.py for tasks to queue
[2024-01-31T08:58:31.659+0000] {logging_mixin.py:188} INFO - [2024-01-31T08:58:31.658+0000] {dagbag.py:538} INFO - Filling up the DagBag from /home/deprojectue/miniconda3/envs/airflow_demo/lib/python3.9/site-packages/airflow/example_dags/example_subdag_operator.py
[2024-01-31T08:58:31.683+0000] {processor.py:840} INFO - DAG(s) 'example_subdag_operator.section-1', 'example_subdag_operator.section-2', 'example_subdag_operator' retrieved from /home/deprojectue/miniconda3/envs/airflow_demo/lib/python3.9/site-packages/airflow/example_dags/example_subdag_operator.py
[2024-01-31T08:58:31.702+0000] {logging_mixin.py:188} INFO - [2024-01-31T08:58:31.702+0000] {dag.py:3033} INFO - Sync 3 DAGs
[2024-01-31T08:58:31.721+0000] {logging_mixin.py:188} INFO - [2024-01-31T08:58:31.721+0000] {dag.py:3820} INFO - Setting next_dagrun for example_subdag_operator to 2022-01-01T00:00:00+00:00, run_after=2022-01-01T00:00:00+00:00
[2024-01-31T08:58:31.724+0000] {logging_mixin.py:188} INFO - [2024-01-31T08:58:31.724+0000] {dag.py:3820} INFO - Setting next_dagrun for example_subdag_operator.section-1 to None, run_after=None
[2024-01-31T08:58:31.726+0000] {logging_mixin.py:188} INFO - [2024-01-31T08:58:31.725+0000] {dag.py:3820} INFO - Setting next_dagrun for example_subdag_operator.section-2 to None, run_after=None
[2024-01-31T08:58:31.733+0000] {logging_mixin.py:188} INFO - [2024-01-31T08:58:31.733+0000] {dag.py:3033} INFO - Sync 2 DAGs
[2024-01-31T08:58:31.738+0000] {logging_mixin.py:188} INFO - [2024-01-31T08:58:31.738+0000] {dag.py:3820} INFO - Setting next_dagrun for example_subdag_operator.section-1 to None, run_after=None
[2024-01-31T08:58:31.738+0000] {logging_mixin.py:188} INFO - [2024-01-31T08:58:31.738+0000] {dag.py:3820} INFO - Setting next_dagrun for example_subdag_operator.section-2 to None, run_after=None
[2024-01-31T08:58:31.756+0000] {processor.py:183} INFO - Processing /home/deprojectue/miniconda3/envs/airflow_demo/lib/python3.9/site-packages/airflow/example_dags/example_subdag_operator.py took 0.108 seconds
[2024-01-31T08:59:11.976+0000] {processor.py:161} INFO - Started process (PID=215863) to work on /home/deprojectue/miniconda3/envs/airflow_demo/lib/python3.9/site-packages/airflow/example_dags/example_subdag_operator.py
[2024-01-31T08:59:11.979+0000] {processor.py:830} INFO - Processing file /home/deprojectue/miniconda3/envs/airflow_demo/lib/python3.9/site-packages/airflow/example_dags/example_subdag_operator.py for tasks to queue
[2024-01-31T08:59:11.983+0000] {logging_mixin.py:188} INFO - [2024-01-31T08:59:11.983+0000] {dagbag.py:538} INFO - Filling up the DagBag from /home/deprojectue/miniconda3/envs/airflow_demo/lib/python3.9/site-packages/airflow/example_dags/example_subdag_operator.py
[2024-01-31T08:59:12.008+0000] {processor.py:840} INFO - DAG(s) 'example_subdag_operator.section-1', 'example_subdag_operator.section-2', 'example_subdag_operator' retrieved from /home/deprojectue/miniconda3/envs/airflow_demo/lib/python3.9/site-packages/airflow/example_dags/example_subdag_operator.py
[2024-01-31T08:59:12.028+0000] {logging_mixin.py:188} INFO - [2024-01-31T08:59:12.027+0000] {dag.py:3033} INFO - Sync 3 DAGs
[2024-01-31T08:59:12.048+0000] {logging_mixin.py:188} INFO - [2024-01-31T08:59:12.048+0000] {dag.py:3820} INFO - Setting next_dagrun for example_subdag_operator to 2022-01-01T00:00:00+00:00, run_after=2022-01-01T00:00:00+00:00
[2024-01-31T08:59:12.051+0000] {logging_mixin.py:188} INFO - [2024-01-31T08:59:12.051+0000] {dag.py:3820} INFO - Setting next_dagrun for example_subdag_operator.section-1 to None, run_after=None
[2024-01-31T08:59:12.052+0000] {logging_mixin.py:188} INFO - [2024-01-31T08:59:12.052+0000] {dag.py:3820} INFO - Setting next_dagrun for example_subdag_operator.section-2 to None, run_after=None
[2024-01-31T08:59:12.061+0000] {logging_mixin.py:188} INFO - [2024-01-31T08:59:12.060+0000] {dag.py:3033} INFO - Sync 2 DAGs
[2024-01-31T08:59:12.065+0000] {logging_mixin.py:188} INFO - [2024-01-31T08:59:12.065+0000] {dag.py:3820} INFO - Setting next_dagrun for example_subdag_operator.section-1 to None, run_after=None
[2024-01-31T08:59:12.065+0000] {logging_mixin.py:188} INFO - [2024-01-31T08:59:12.065+0000] {dag.py:3820} INFO - Setting next_dagrun for example_subdag_operator.section-2 to None, run_after=None
[2024-01-31T08:59:12.084+0000] {processor.py:183} INFO - Processing /home/deprojectue/miniconda3/envs/airflow_demo/lib/python3.9/site-packages/airflow/example_dags/example_subdag_operator.py took 0.112 seconds
[2024-01-31T08:59:51.975+0000] {processor.py:161} INFO - Started process (PID=215905) to work on /home/deprojectue/miniconda3/envs/airflow_demo/lib/python3.9/site-packages/airflow/example_dags/example_subdag_operator.py
[2024-01-31T08:59:51.978+0000] {processor.py:830} INFO - Processing file /home/deprojectue/miniconda3/envs/airflow_demo/lib/python3.9/site-packages/airflow/example_dags/example_subdag_operator.py for tasks to queue
[2024-01-31T08:59:51.982+0000] {logging_mixin.py:188} INFO - [2024-01-31T08:59:51.981+0000] {dagbag.py:538} INFO - Filling up the DagBag from /home/deprojectue/miniconda3/envs/airflow_demo/lib/python3.9/site-packages/airflow/example_dags/example_subdag_operator.py
[2024-01-31T08:59:52.007+0000] {processor.py:840} INFO - DAG(s) 'example_subdag_operator.section-1', 'example_subdag_operator.section-2', 'example_subdag_operator' retrieved from /home/deprojectue/miniconda3/envs/airflow_demo/lib/python3.9/site-packages/airflow/example_dags/example_subdag_operator.py
[2024-01-31T08:59:52.027+0000] {logging_mixin.py:188} INFO - [2024-01-31T08:59:52.026+0000] {dag.py:3033} INFO - Sync 3 DAGs
[2024-01-31T08:59:52.046+0000] {logging_mixin.py:188} INFO - [2024-01-31T08:59:52.046+0000] {dag.py:3820} INFO - Setting next_dagrun for example_subdag_operator to 2022-01-01T00:00:00+00:00, run_after=2022-01-01T00:00:00+00:00
[2024-01-31T08:59:52.049+0000] {logging_mixin.py:188} INFO - [2024-01-31T08:59:52.049+0000] {dag.py:3820} INFO - Setting next_dagrun for example_subdag_operator.section-1 to None, run_after=None
[2024-01-31T08:59:52.050+0000] {logging_mixin.py:188} INFO - [2024-01-31T08:59:52.050+0000] {dag.py:3820} INFO - Setting next_dagrun for example_subdag_operator.section-2 to None, run_after=None
[2024-01-31T08:59:52.058+0000] {logging_mixin.py:188} INFO - [2024-01-31T08:59:52.058+0000] {dag.py:3033} INFO - Sync 2 DAGs
[2024-01-31T08:59:52.063+0000] {logging_mixin.py:188} INFO - [2024-01-31T08:59:52.063+0000] {dag.py:3820} INFO - Setting next_dagrun for example_subdag_operator.section-1 to None, run_after=None
[2024-01-31T08:59:52.063+0000] {logging_mixin.py:188} INFO - [2024-01-31T08:59:52.063+0000] {dag.py:3820} INFO - Setting next_dagrun for example_subdag_operator.section-2 to None, run_after=None
[2024-01-31T08:59:52.083+0000] {processor.py:183} INFO - Processing /home/deprojectue/miniconda3/envs/airflow_demo/lib/python3.9/site-packages/airflow/example_dags/example_subdag_operator.py took 0.112 seconds
[2024-01-31T09:00:46.702+0000] {processor.py:161} INFO - Started process (PID=215963) to work on /home/deprojectue/miniconda3/envs/airflow_demo/lib/python3.9/site-packages/airflow/example_dags/example_subdag_operator.py
[2024-01-31T09:00:46.704+0000] {processor.py:830} INFO - Processing file /home/deprojectue/miniconda3/envs/airflow_demo/lib/python3.9/site-packages/airflow/example_dags/example_subdag_operator.py for tasks to queue
[2024-01-31T09:00:46.708+0000] {logging_mixin.py:188} INFO - [2024-01-31T09:00:46.707+0000] {dagbag.py:538} INFO - Filling up the DagBag from /home/deprojectue/miniconda3/envs/airflow_demo/lib/python3.9/site-packages/airflow/example_dags/example_subdag_operator.py
[2024-01-31T09:00:46.733+0000] {processor.py:840} INFO - DAG(s) 'example_subdag_operator.section-1', 'example_subdag_operator.section-2', 'example_subdag_operator' retrieved from /home/deprojectue/miniconda3/envs/airflow_demo/lib/python3.9/site-packages/airflow/example_dags/example_subdag_operator.py
[2024-01-31T09:00:46.751+0000] {logging_mixin.py:188} INFO - [2024-01-31T09:00:46.750+0000] {dag.py:3033} INFO - Sync 3 DAGs
[2024-01-31T09:00:46.769+0000] {logging_mixin.py:188} INFO - [2024-01-31T09:00:46.769+0000] {dag.py:3820} INFO - Setting next_dagrun for example_subdag_operator to 2022-01-01T00:00:00+00:00, run_after=2022-01-01T00:00:00+00:00
[2024-01-31T09:00:46.772+0000] {logging_mixin.py:188} INFO - [2024-01-31T09:00:46.772+0000] {dag.py:3820} INFO - Setting next_dagrun for example_subdag_operator.section-1 to None, run_after=None
[2024-01-31T09:00:46.774+0000] {logging_mixin.py:188} INFO - [2024-01-31T09:00:46.774+0000] {dag.py:3820} INFO - Setting next_dagrun for example_subdag_operator.section-2 to None, run_after=None
[2024-01-31T09:00:46.781+0000] {logging_mixin.py:188} INFO - [2024-01-31T09:00:46.781+0000] {dag.py:3033} INFO - Sync 2 DAGs
[2024-01-31T09:00:46.785+0000] {logging_mixin.py:188} INFO - [2024-01-31T09:00:46.785+0000] {dag.py:3820} INFO - Setting next_dagrun for example_subdag_operator.section-1 to None, run_after=None
[2024-01-31T09:00:46.786+0000] {logging_mixin.py:188} INFO - [2024-01-31T09:00:46.786+0000] {dag.py:3820} INFO - Setting next_dagrun for example_subdag_operator.section-2 to None, run_after=None
[2024-01-31T09:00:46.808+0000] {processor.py:183} INFO - Processing /home/deprojectue/miniconda3/envs/airflow_demo/lib/python3.9/site-packages/airflow/example_dags/example_subdag_operator.py took 0.110 seconds
[2024-01-31T09:01:26.168+0000] {processor.py:161} INFO - Started process (PID=216003) to work on /home/deprojectue/miniconda3/envs/airflow_demo/lib/python3.9/site-packages/airflow/example_dags/example_subdag_operator.py
[2024-01-31T09:01:26.170+0000] {processor.py:830} INFO - Processing file /home/deprojectue/miniconda3/envs/airflow_demo/lib/python3.9/site-packages/airflow/example_dags/example_subdag_operator.py for tasks to queue
[2024-01-31T09:01:26.174+0000] {logging_mixin.py:188} INFO - [2024-01-31T09:01:26.173+0000] {dagbag.py:538} INFO - Filling up the DagBag from /home/deprojectue/miniconda3/envs/airflow_demo/lib/python3.9/site-packages/airflow/example_dags/example_subdag_operator.py
[2024-01-31T09:01:26.199+0000] {processor.py:840} INFO - DAG(s) 'example_subdag_operator.section-1', 'example_subdag_operator.section-2', 'example_subdag_operator' retrieved from /home/deprojectue/miniconda3/envs/airflow_demo/lib/python3.9/site-packages/airflow/example_dags/example_subdag_operator.py
[2024-01-31T09:01:26.217+0000] {logging_mixin.py:188} INFO - [2024-01-31T09:01:26.217+0000] {dag.py:3033} INFO - Sync 3 DAGs
[2024-01-31T09:01:26.237+0000] {logging_mixin.py:188} INFO - [2024-01-31T09:01:26.236+0000] {dag.py:3820} INFO - Setting next_dagrun for example_subdag_operator to 2022-01-01T00:00:00+00:00, run_after=2022-01-01T00:00:00+00:00
[2024-01-31T09:01:26.241+0000] {logging_mixin.py:188} INFO - [2024-01-31T09:01:26.240+0000] {dag.py:3820} INFO - Setting next_dagrun for example_subdag_operator.section-1 to None, run_after=None
[2024-01-31T09:01:26.242+0000] {logging_mixin.py:188} INFO - [2024-01-31T09:01:26.242+0000] {dag.py:3820} INFO - Setting next_dagrun for example_subdag_operator.section-2 to None, run_after=None
[2024-01-31T09:01:26.251+0000] {logging_mixin.py:188} INFO - [2024-01-31T09:01:26.250+0000] {dag.py:3033} INFO - Sync 2 DAGs
[2024-01-31T09:01:26.255+0000] {logging_mixin.py:188} INFO - [2024-01-31T09:01:26.255+0000] {dag.py:3820} INFO - Setting next_dagrun for example_subdag_operator.section-1 to None, run_after=None
[2024-01-31T09:01:26.255+0000] {logging_mixin.py:188} INFO - [2024-01-31T09:01:26.255+0000] {dag.py:3820} INFO - Setting next_dagrun for example_subdag_operator.section-2 to None, run_after=None
[2024-01-31T09:01:26.274+0000] {processor.py:183} INFO - Processing /home/deprojectue/miniconda3/envs/airflow_demo/lib/python3.9/site-packages/airflow/example_dags/example_subdag_operator.py took 0.111 seconds
[2024-01-31T09:02:20.931+0000] {processor.py:161} INFO - Started process (PID=216064) to work on /home/deprojectue/miniconda3/envs/airflow_demo/lib/python3.9/site-packages/airflow/example_dags/example_subdag_operator.py
[2024-01-31T09:02:20.933+0000] {processor.py:830} INFO - Processing file /home/deprojectue/miniconda3/envs/airflow_demo/lib/python3.9/site-packages/airflow/example_dags/example_subdag_operator.py for tasks to queue
[2024-01-31T09:02:20.937+0000] {logging_mixin.py:188} INFO - [2024-01-31T09:02:20.937+0000] {dagbag.py:538} INFO - Filling up the DagBag from /home/deprojectue/miniconda3/envs/airflow_demo/lib/python3.9/site-packages/airflow/example_dags/example_subdag_operator.py
[2024-01-31T09:02:20.961+0000] {processor.py:840} INFO - DAG(s) 'example_subdag_operator.section-1', 'example_subdag_operator.section-2', 'example_subdag_operator' retrieved from /home/deprojectue/miniconda3/envs/airflow_demo/lib/python3.9/site-packages/airflow/example_dags/example_subdag_operator.py
[2024-01-31T09:02:20.980+0000] {logging_mixin.py:188} INFO - [2024-01-31T09:02:20.980+0000] {dag.py:3033} INFO - Sync 3 DAGs
[2024-01-31T09:02:21.001+0000] {logging_mixin.py:188} INFO - [2024-01-31T09:02:21.000+0000] {dag.py:3820} INFO - Setting next_dagrun for example_subdag_operator to 2022-01-01T00:00:00+00:00, run_after=2022-01-01T00:00:00+00:00
[2024-01-31T09:02:21.004+0000] {logging_mixin.py:188} INFO - [2024-01-31T09:02:21.004+0000] {dag.py:3820} INFO - Setting next_dagrun for example_subdag_operator.section-1 to None, run_after=None
[2024-01-31T09:02:21.005+0000] {logging_mixin.py:188} INFO - [2024-01-31T09:02:21.005+0000] {dag.py:3820} INFO - Setting next_dagrun for example_subdag_operator.section-2 to None, run_after=None
[2024-01-31T09:02:21.013+0000] {logging_mixin.py:188} INFO - [2024-01-31T09:02:21.013+0000] {dag.py:3033} INFO - Sync 2 DAGs
[2024-01-31T09:02:21.018+0000] {logging_mixin.py:188} INFO - [2024-01-31T09:02:21.017+0000] {dag.py:3820} INFO - Setting next_dagrun for example_subdag_operator.section-1 to None, run_after=None
[2024-01-31T09:02:21.018+0000] {logging_mixin.py:188} INFO - [2024-01-31T09:02:21.018+0000] {dag.py:3820} INFO - Setting next_dagrun for example_subdag_operator.section-2 to None, run_after=None
[2024-01-31T09:02:21.037+0000] {processor.py:183} INFO - Processing /home/deprojectue/miniconda3/envs/airflow_demo/lib/python3.9/site-packages/airflow/example_dags/example_subdag_operator.py took 0.109 seconds
[2024-01-31T09:02:59.530+0000] {processor.py:161} INFO - Started process (PID=216103) to work on /home/deprojectue/miniconda3/envs/airflow_demo/lib/python3.9/site-packages/airflow/example_dags/example_subdag_operator.py
[2024-01-31T09:02:59.533+0000] {processor.py:830} INFO - Processing file /home/deprojectue/miniconda3/envs/airflow_demo/lib/python3.9/site-packages/airflow/example_dags/example_subdag_operator.py for tasks to queue
[2024-01-31T09:02:59.537+0000] {logging_mixin.py:188} INFO - [2024-01-31T09:02:59.536+0000] {dagbag.py:538} INFO - Filling up the DagBag from /home/deprojectue/miniconda3/envs/airflow_demo/lib/python3.9/site-packages/airflow/example_dags/example_subdag_operator.py
[2024-01-31T09:02:59.561+0000] {processor.py:840} INFO - DAG(s) 'example_subdag_operator.section-1', 'example_subdag_operator.section-2', 'example_subdag_operator' retrieved from /home/deprojectue/miniconda3/envs/airflow_demo/lib/python3.9/site-packages/airflow/example_dags/example_subdag_operator.py
[2024-01-31T09:02:59.581+0000] {logging_mixin.py:188} INFO - [2024-01-31T09:02:59.580+0000] {dag.py:3033} INFO - Sync 3 DAGs
[2024-01-31T09:02:59.600+0000] {logging_mixin.py:188} INFO - [2024-01-31T09:02:59.599+0000] {dag.py:3820} INFO - Setting next_dagrun for example_subdag_operator to 2022-01-01T00:00:00+00:00, run_after=2022-01-01T00:00:00+00:00
[2024-01-31T09:02:59.603+0000] {logging_mixin.py:188} INFO - [2024-01-31T09:02:59.603+0000] {dag.py:3820} INFO - Setting next_dagrun for example_subdag_operator.section-1 to None, run_after=None
[2024-01-31T09:02:59.604+0000] {logging_mixin.py:188} INFO - [2024-01-31T09:02:59.604+0000] {dag.py:3820} INFO - Setting next_dagrun for example_subdag_operator.section-2 to None, run_after=None
[2024-01-31T09:02:59.611+0000] {logging_mixin.py:188} INFO - [2024-01-31T09:02:59.611+0000] {dag.py:3033} INFO - Sync 2 DAGs
[2024-01-31T09:02:59.616+0000] {logging_mixin.py:188} INFO - [2024-01-31T09:02:59.615+0000] {dag.py:3820} INFO - Setting next_dagrun for example_subdag_operator.section-1 to None, run_after=None
[2024-01-31T09:02:59.616+0000] {logging_mixin.py:188} INFO - [2024-01-31T09:02:59.616+0000] {dag.py:3820} INFO - Setting next_dagrun for example_subdag_operator.section-2 to None, run_after=None
[2024-01-31T09:02:59.633+0000] {processor.py:183} INFO - Processing /home/deprojectue/miniconda3/envs/airflow_demo/lib/python3.9/site-packages/airflow/example_dags/example_subdag_operator.py took 0.107 seconds
[2024-01-31T09:03:52.574+0000] {processor.py:161} INFO - Started process (PID=216159) to work on /home/deprojectue/miniconda3/envs/airflow_demo/lib/python3.9/site-packages/airflow/example_dags/example_subdag_operator.py
[2024-01-31T09:03:52.576+0000] {processor.py:830} INFO - Processing file /home/deprojectue/miniconda3/envs/airflow_demo/lib/python3.9/site-packages/airflow/example_dags/example_subdag_operator.py for tasks to queue
[2024-01-31T09:03:52.580+0000] {logging_mixin.py:188} INFO - [2024-01-31T09:03:52.579+0000] {dagbag.py:538} INFO - Filling up the DagBag from /home/deprojectue/miniconda3/envs/airflow_demo/lib/python3.9/site-packages/airflow/example_dags/example_subdag_operator.py
[2024-01-31T09:03:52.606+0000] {processor.py:840} INFO - DAG(s) 'example_subdag_operator.section-1', 'example_subdag_operator.section-2', 'example_subdag_operator' retrieved from /home/deprojectue/miniconda3/envs/airflow_demo/lib/python3.9/site-packages/airflow/example_dags/example_subdag_operator.py
[2024-01-31T09:03:52.626+0000] {logging_mixin.py:188} INFO - [2024-01-31T09:03:52.625+0000] {dag.py:3033} INFO - Sync 3 DAGs
[2024-01-31T09:03:52.646+0000] {logging_mixin.py:188} INFO - [2024-01-31T09:03:52.646+0000] {dag.py:3820} INFO - Setting next_dagrun for example_subdag_operator to 2022-01-01T00:00:00+00:00, run_after=2022-01-01T00:00:00+00:00
[2024-01-31T09:03:52.650+0000] {logging_mixin.py:188} INFO - [2024-01-31T09:03:52.649+0000] {dag.py:3820} INFO - Setting next_dagrun for example_subdag_operator.section-1 to None, run_after=None
[2024-01-31T09:03:52.651+0000] {logging_mixin.py:188} INFO - [2024-01-31T09:03:52.651+0000] {dag.py:3820} INFO - Setting next_dagrun for example_subdag_operator.section-2 to None, run_after=None
[2024-01-31T09:03:52.659+0000] {logging_mixin.py:188} INFO - [2024-01-31T09:03:52.659+0000] {dag.py:3033} INFO - Sync 2 DAGs
[2024-01-31T09:03:52.664+0000] {logging_mixin.py:188} INFO - [2024-01-31T09:03:52.664+0000] {dag.py:3820} INFO - Setting next_dagrun for example_subdag_operator.section-1 to None, run_after=None
[2024-01-31T09:03:52.665+0000] {logging_mixin.py:188} INFO - [2024-01-31T09:03:52.664+0000] {dag.py:3820} INFO - Setting next_dagrun for example_subdag_operator.section-2 to None, run_after=None
[2024-01-31T09:03:52.683+0000] {processor.py:183} INFO - Processing /home/deprojectue/miniconda3/envs/airflow_demo/lib/python3.9/site-packages/airflow/example_dags/example_subdag_operator.py took 0.113 seconds
[2024-01-31T09:04:47.659+0000] {processor.py:161} INFO - Started process (PID=216218) to work on /home/deprojectue/miniconda3/envs/airflow_demo/lib/python3.9/site-packages/airflow/example_dags/example_subdag_operator.py
[2024-01-31T09:04:47.662+0000] {processor.py:830} INFO - Processing file /home/deprojectue/miniconda3/envs/airflow_demo/lib/python3.9/site-packages/airflow/example_dags/example_subdag_operator.py for tasks to queue
[2024-01-31T09:04:47.665+0000] {logging_mixin.py:188} INFO - [2024-01-31T09:04:47.665+0000] {dagbag.py:538} INFO - Filling up the DagBag from /home/deprojectue/miniconda3/envs/airflow_demo/lib/python3.9/site-packages/airflow/example_dags/example_subdag_operator.py
[2024-01-31T09:04:47.690+0000] {processor.py:840} INFO - DAG(s) 'example_subdag_operator.section-1', 'example_subdag_operator.section-2', 'example_subdag_operator' retrieved from /home/deprojectue/miniconda3/envs/airflow_demo/lib/python3.9/site-packages/airflow/example_dags/example_subdag_operator.py
[2024-01-31T09:04:47.709+0000] {logging_mixin.py:188} INFO - [2024-01-31T09:04:47.708+0000] {dag.py:3033} INFO - Sync 3 DAGs
[2024-01-31T09:04:47.730+0000] {logging_mixin.py:188} INFO - [2024-01-31T09:04:47.729+0000] {dag.py:3820} INFO - Setting next_dagrun for example_subdag_operator to 2022-01-01T00:00:00+00:00, run_after=2022-01-01T00:00:00+00:00
[2024-01-31T09:04:47.733+0000] {logging_mixin.py:188} INFO - [2024-01-31T09:04:47.733+0000] {dag.py:3820} INFO - Setting next_dagrun for example_subdag_operator.section-1 to None, run_after=None
[2024-01-31T09:04:47.734+0000] {logging_mixin.py:188} INFO - [2024-01-31T09:04:47.734+0000] {dag.py:3820} INFO - Setting next_dagrun for example_subdag_operator.section-2 to None, run_after=None
[2024-01-31T09:04:47.742+0000] {logging_mixin.py:188} INFO - [2024-01-31T09:04:47.742+0000] {dag.py:3033} INFO - Sync 2 DAGs
[2024-01-31T09:04:47.746+0000] {logging_mixin.py:188} INFO - [2024-01-31T09:04:47.746+0000] {dag.py:3820} INFO - Setting next_dagrun for example_subdag_operator.section-1 to None, run_after=None
[2024-01-31T09:04:47.747+0000] {logging_mixin.py:188} INFO - [2024-01-31T09:04:47.747+0000] {dag.py:3820} INFO - Setting next_dagrun for example_subdag_operator.section-2 to None, run_after=None
[2024-01-31T09:04:47.769+0000] {processor.py:183} INFO - Processing /home/deprojectue/miniconda3/envs/airflow_demo/lib/python3.9/site-packages/airflow/example_dags/example_subdag_operator.py took 0.114 seconds
[2024-01-31T09:05:26.860+0000] {processor.py:161} INFO - Started process (PID=216260) to work on /home/deprojectue/miniconda3/envs/airflow_demo/lib/python3.9/site-packages/airflow/example_dags/example_subdag_operator.py
[2024-01-31T09:05:26.862+0000] {processor.py:830} INFO - Processing file /home/deprojectue/miniconda3/envs/airflow_demo/lib/python3.9/site-packages/airflow/example_dags/example_subdag_operator.py for tasks to queue
[2024-01-31T09:05:26.866+0000] {logging_mixin.py:188} INFO - [2024-01-31T09:05:26.865+0000] {dagbag.py:538} INFO - Filling up the DagBag from /home/deprojectue/miniconda3/envs/airflow_demo/lib/python3.9/site-packages/airflow/example_dags/example_subdag_operator.py
[2024-01-31T09:05:26.893+0000] {processor.py:840} INFO - DAG(s) 'example_subdag_operator.section-1', 'example_subdag_operator.section-2', 'example_subdag_operator' retrieved from /home/deprojectue/miniconda3/envs/airflow_demo/lib/python3.9/site-packages/airflow/example_dags/example_subdag_operator.py
[2024-01-31T09:05:26.912+0000] {logging_mixin.py:188} INFO - [2024-01-31T09:05:26.911+0000] {dag.py:3033} INFO - Sync 3 DAGs
[2024-01-31T09:05:26.930+0000] {logging_mixin.py:188} INFO - [2024-01-31T09:05:26.930+0000] {dag.py:3820} INFO - Setting next_dagrun for example_subdag_operator to 2022-01-01T00:00:00+00:00, run_after=2022-01-01T00:00:00+00:00
[2024-01-31T09:05:26.933+0000] {logging_mixin.py:188} INFO - [2024-01-31T09:05:26.933+0000] {dag.py:3820} INFO - Setting next_dagrun for example_subdag_operator.section-1 to None, run_after=None
[2024-01-31T09:05:26.934+0000] {logging_mixin.py:188} INFO - [2024-01-31T09:05:26.934+0000] {dag.py:3820} INFO - Setting next_dagrun for example_subdag_operator.section-2 to None, run_after=None
[2024-01-31T09:05:26.943+0000] {logging_mixin.py:188} INFO - [2024-01-31T09:05:26.943+0000] {dag.py:3033} INFO - Sync 2 DAGs
[2024-01-31T09:05:26.947+0000] {logging_mixin.py:188} INFO - [2024-01-31T09:05:26.947+0000] {dag.py:3820} INFO - Setting next_dagrun for example_subdag_operator.section-1 to None, run_after=None
[2024-01-31T09:05:26.947+0000] {logging_mixin.py:188} INFO - [2024-01-31T09:05:26.947+0000] {dag.py:3820} INFO - Setting next_dagrun for example_subdag_operator.section-2 to None, run_after=None
[2024-01-31T09:05:26.964+0000] {processor.py:183} INFO - Processing /home/deprojectue/miniconda3/envs/airflow_demo/lib/python3.9/site-packages/airflow/example_dags/example_subdag_operator.py took 0.108 seconds
[2024-01-31T09:11:00.606+0000] {processor.py:161} INFO - Started process (PID=216385) to work on /home/deprojectue/miniconda3/envs/airflow_demo/lib/python3.9/site-packages/airflow/example_dags/example_subdag_operator.py
[2024-01-31T09:11:00.637+0000] {processor.py:830} INFO - Processing file /home/deprojectue/miniconda3/envs/airflow_demo/lib/python3.9/site-packages/airflow/example_dags/example_subdag_operator.py for tasks to queue
[2024-01-31T09:11:00.649+0000] {logging_mixin.py:188} INFO - [2024-01-31T09:11:00.648+0000] {dagbag.py:538} INFO - Filling up the DagBag from /home/deprojectue/miniconda3/envs/airflow_demo/lib/python3.9/site-packages/airflow/example_dags/example_subdag_operator.py
[2024-01-31T09:11:01.127+0000] {processor.py:840} INFO - DAG(s) 'example_subdag_operator.section-1', 'example_subdag_operator.section-2', 'example_subdag_operator' retrieved from /home/deprojectue/miniconda3/envs/airflow_demo/lib/python3.9/site-packages/airflow/example_dags/example_subdag_operator.py
[2024-01-31T09:11:01.640+0000] {logging_mixin.py:188} INFO - [2024-01-31T09:11:01.639+0000] {dag.py:3033} INFO - Sync 3 DAGs
[2024-01-31T09:11:02.366+0000] {logging_mixin.py:188} INFO - [2024-01-31T09:11:02.362+0000] {dag.py:3820} INFO - Setting next_dagrun for example_subdag_operator to 2022-01-01T00:00:00+00:00, run_after=2022-01-01T00:00:00+00:00
[2024-01-31T09:11:02.383+0000] {logging_mixin.py:188} INFO - [2024-01-31T09:11:02.383+0000] {dag.py:3820} INFO - Setting next_dagrun for example_subdag_operator.section-1 to None, run_after=None
[2024-01-31T09:11:02.600+0000] {logging_mixin.py:188} INFO - [2024-01-31T09:11:02.402+0000] {dag.py:3820} INFO - Setting next_dagrun for example_subdag_operator.section-2 to None, run_after=None
[2024-01-31T09:11:02.643+0000] {logging_mixin.py:188} INFO - [2024-01-31T09:11:02.643+0000] {dag.py:3033} INFO - Sync 2 DAGs
[2024-01-31T09:11:02.868+0000] {logging_mixin.py:188} INFO - [2024-01-31T09:11:02.868+0000] {dag.py:3820} INFO - Setting next_dagrun for example_subdag_operator.section-1 to None, run_after=None
[2024-01-31T09:11:02.878+0000] {logging_mixin.py:188} INFO - [2024-01-31T09:11:02.877+0000] {dag.py:3820} INFO - Setting next_dagrun for example_subdag_operator.section-2 to None, run_after=None
[2024-01-31T09:11:03.376+0000] {processor.py:183} INFO - Processing /home/deprojectue/miniconda3/envs/airflow_demo/lib/python3.9/site-packages/airflow/example_dags/example_subdag_operator.py took 3.224 seconds
[2024-01-31T09:35:36.514+0000] {processor.py:161} INFO - Started process (PID=216877) to work on /home/deprojectue/miniconda3/envs/airflow_demo/lib/python3.9/site-packages/airflow/example_dags/example_subdag_operator.py
[2024-01-31T09:35:36.517+0000] {processor.py:830} INFO - Processing file /home/deprojectue/miniconda3/envs/airflow_demo/lib/python3.9/site-packages/airflow/example_dags/example_subdag_operator.py for tasks to queue
[2024-01-31T09:35:36.521+0000] {logging_mixin.py:188} INFO - [2024-01-31T09:35:36.520+0000] {dagbag.py:538} INFO - Filling up the DagBag from /home/deprojectue/miniconda3/envs/airflow_demo/lib/python3.9/site-packages/airflow/example_dags/example_subdag_operator.py
[2024-01-31T09:35:36.554+0000] {processor.py:840} INFO - DAG(s) 'example_subdag_operator.section-1', 'example_subdag_operator.section-2', 'example_subdag_operator' retrieved from /home/deprojectue/miniconda3/envs/airflow_demo/lib/python3.9/site-packages/airflow/example_dags/example_subdag_operator.py
[2024-01-31T09:35:36.760+0000] {logging_mixin.py:188} INFO - [2024-01-31T09:35:36.759+0000] {override.py:1769} INFO - Created Permission View: can edit on DAG:example_subdag_operator
[2024-01-31T09:35:36.777+0000] {logging_mixin.py:188} INFO - [2024-01-31T09:35:36.777+0000] {override.py:1769} INFO - Created Permission View: can read on DAG:example_subdag_operator
[2024-01-31T09:35:36.789+0000] {logging_mixin.py:188} INFO - [2024-01-31T09:35:36.789+0000] {override.py:1769} INFO - Created Permission View: can delete on DAG:example_subdag_operator
[2024-01-31T09:35:36.790+0000] {logging_mixin.py:188} INFO - [2024-01-31T09:35:36.789+0000] {dag.py:3033} INFO - Sync 3 DAGs
[2024-01-31T09:35:36.806+0000] {logging_mixin.py:188} INFO - [2024-01-31T09:35:36.806+0000] {dag.py:3055} INFO - Creating ORM DAG for example_subdag_operator.section-2
[2024-01-31T09:35:36.807+0000] {logging_mixin.py:188} INFO - [2024-01-31T09:35:36.807+0000] {dag.py:3055} INFO - Creating ORM DAG for example_subdag_operator.section-1
[2024-01-31T09:35:36.808+0000] {logging_mixin.py:188} INFO - [2024-01-31T09:35:36.808+0000] {dag.py:3055} INFO - Creating ORM DAG for example_subdag_operator
[2024-01-31T09:35:36.827+0000] {logging_mixin.py:188} INFO - [2024-01-31T09:35:36.826+0000] {dag.py:3820} INFO - Setting next_dagrun for example_subdag_operator to 2022-01-01T00:00:00+00:00, run_after=2022-01-01T00:00:00+00:00
[2024-01-31T09:35:36.828+0000] {logging_mixin.py:188} INFO - [2024-01-31T09:35:36.828+0000] {dag.py:3820} INFO - Setting next_dagrun for example_subdag_operator.section-1 to None, run_after=None
[2024-01-31T09:35:36.828+0000] {logging_mixin.py:188} INFO - [2024-01-31T09:35:36.828+0000] {dag.py:3820} INFO - Setting next_dagrun for example_subdag_operator.section-2 to None, run_after=None
[2024-01-31T09:35:36.861+0000] {logging_mixin.py:188} INFO - [2024-01-31T09:35:36.861+0000] {dag.py:3033} INFO - Sync 2 DAGs
[2024-01-31T09:35:36.871+0000] {logging_mixin.py:188} INFO - [2024-01-31T09:35:36.870+0000] {dag.py:3820} INFO - Setting next_dagrun for example_subdag_operator.section-1 to None, run_after=None
[2024-01-31T09:35:36.875+0000] {logging_mixin.py:188} INFO - [2024-01-31T09:35:36.874+0000] {dag.py:3820} INFO - Setting next_dagrun for example_subdag_operator.section-2 to None, run_after=None
[2024-01-31T09:35:36.901+0000] {processor.py:183} INFO - Processing /home/deprojectue/miniconda3/envs/airflow_demo/lib/python3.9/site-packages/airflow/example_dags/example_subdag_operator.py took 0.391 seconds
[2024-01-31T09:36:38.033+0000] {processor.py:161} INFO - Started process (PID=216934) to work on /home/deprojectue/miniconda3/envs/airflow_demo/lib/python3.9/site-packages/airflow/example_dags/example_subdag_operator.py
[2024-01-31T09:36:38.036+0000] {processor.py:830} INFO - Processing file /home/deprojectue/miniconda3/envs/airflow_demo/lib/python3.9/site-packages/airflow/example_dags/example_subdag_operator.py for tasks to queue
[2024-01-31T09:36:38.039+0000] {logging_mixin.py:188} INFO - [2024-01-31T09:36:38.039+0000] {dagbag.py:538} INFO - Filling up the DagBag from /home/deprojectue/miniconda3/envs/airflow_demo/lib/python3.9/site-packages/airflow/example_dags/example_subdag_operator.py
[2024-01-31T09:36:38.072+0000] {processor.py:840} INFO - DAG(s) 'example_subdag_operator.section-1', 'example_subdag_operator.section-2', 'example_subdag_operator' retrieved from /home/deprojectue/miniconda3/envs/airflow_demo/lib/python3.9/site-packages/airflow/example_dags/example_subdag_operator.py
[2024-01-31T09:36:38.096+0000] {logging_mixin.py:188} INFO - [2024-01-31T09:36:38.095+0000] {dag.py:3033} INFO - Sync 3 DAGs
[2024-01-31T09:36:38.122+0000] {logging_mixin.py:188} INFO - [2024-01-31T09:36:38.121+0000] {dag.py:3820} INFO - Setting next_dagrun for example_subdag_operator to 2022-01-01T00:00:00+00:00, run_after=2022-01-01T00:00:00+00:00
[2024-01-31T09:36:38.126+0000] {logging_mixin.py:188} INFO - [2024-01-31T09:36:38.126+0000] {dag.py:3820} INFO - Setting next_dagrun for example_subdag_operator.section-1 to None, run_after=None
[2024-01-31T09:36:38.127+0000] {logging_mixin.py:188} INFO - [2024-01-31T09:36:38.127+0000] {dag.py:3820} INFO - Setting next_dagrun for example_subdag_operator.section-2 to None, run_after=None
[2024-01-31T09:36:38.136+0000] {logging_mixin.py:188} INFO - [2024-01-31T09:36:38.136+0000] {dag.py:3033} INFO - Sync 2 DAGs
[2024-01-31T09:36:38.141+0000] {logging_mixin.py:188} INFO - [2024-01-31T09:36:38.141+0000] {dag.py:3820} INFO - Setting next_dagrun for example_subdag_operator.section-1 to None, run_after=None
[2024-01-31T09:36:38.141+0000] {logging_mixin.py:188} INFO - [2024-01-31T09:36:38.141+0000] {dag.py:3820} INFO - Setting next_dagrun for example_subdag_operator.section-2 to None, run_after=None
[2024-01-31T09:36:38.159+0000] {processor.py:183} INFO - Processing /home/deprojectue/miniconda3/envs/airflow_demo/lib/python3.9/site-packages/airflow/example_dags/example_subdag_operator.py took 0.130 seconds
