[2024-01-31T02:08:04.406+0000] {processor.py:161} INFO - Started process (PID=210627) to work on /home/deprojectue/miniconda3/envs/airflow_demo/lib/python3.9/site-packages/airflow/example_dags/example_external_task_marker_dag.py
[2024-01-31T02:08:04.407+0000] {processor.py:830} INFO - Processing file /home/deprojectue/miniconda3/envs/airflow_demo/lib/python3.9/site-packages/airflow/example_dags/example_external_task_marker_dag.py for tasks to queue
[2024-01-31T02:08:04.408+0000] {logging_mixin.py:188} INFO - [2024-01-31T02:08:04.408+0000] {dagbag.py:538} INFO - Filling up the DagBag from /home/deprojectue/miniconda3/envs/airflow_demo/lib/python3.9/site-packages/airflow/example_dags/example_external_task_marker_dag.py
[2024-01-31T02:08:04.416+0000] {processor.py:840} INFO - DAG(s) 'example_external_task_marker_child', 'example_external_task_marker_parent' retrieved from /home/deprojectue/miniconda3/envs/airflow_demo/lib/python3.9/site-packages/airflow/example_dags/example_external_task_marker_dag.py
[2024-01-31T02:08:04.535+0000] {logging_mixin.py:188} INFO - [2024-01-31T02:08:04.534+0000] {override.py:1769} INFO - Created Permission View: can read on DAG:example_external_task_marker_child
[2024-01-31T02:08:04.549+0000] {logging_mixin.py:188} INFO - [2024-01-31T02:08:04.548+0000] {override.py:1769} INFO - Created Permission View: can delete on DAG:example_external_task_marker_child
[2024-01-31T02:08:04.558+0000] {logging_mixin.py:188} INFO - [2024-01-31T02:08:04.558+0000] {override.py:1769} INFO - Created Permission View: can edit on DAG:example_external_task_marker_child
[2024-01-31T02:08:04.578+0000] {logging_mixin.py:188} INFO - [2024-01-31T02:08:04.578+0000] {override.py:1769} INFO - Created Permission View: can read on DAG:example_external_task_marker_parent
[2024-01-31T02:08:04.588+0000] {logging_mixin.py:188} INFO - [2024-01-31T02:08:04.588+0000] {override.py:1769} INFO - Created Permission View: can delete on DAG:example_external_task_marker_parent
[2024-01-31T02:08:04.599+0000] {logging_mixin.py:188} INFO - [2024-01-31T02:08:04.599+0000] {override.py:1769} INFO - Created Permission View: can edit on DAG:example_external_task_marker_parent
[2024-01-31T02:08:04.599+0000] {logging_mixin.py:188} INFO - [2024-01-31T02:08:04.599+0000] {dag.py:3033} INFO - Sync 2 DAGs
[2024-01-31T02:08:04.610+0000] {logging_mixin.py:188} INFO - [2024-01-31T02:08:04.610+0000] {dag.py:3055} INFO - Creating ORM DAG for example_external_task_marker_child
[2024-01-31T02:08:04.611+0000] {logging_mixin.py:188} INFO - [2024-01-31T02:08:04.611+0000] {dag.py:3055} INFO - Creating ORM DAG for example_external_task_marker_parent
[2024-01-31T02:08:04.612+0000] {logging_mixin.py:188} INFO - [2024-01-31T02:08:04.611+0000] {dag.py:3820} INFO - Setting next_dagrun for example_external_task_marker_child to None, run_after=None
[2024-01-31T02:08:04.612+0000] {logging_mixin.py:188} INFO - [2024-01-31T02:08:04.612+0000] {dag.py:3820} INFO - Setting next_dagrun for example_external_task_marker_parent to None, run_after=None
[2024-01-31T02:08:04.637+0000] {processor.py:183} INFO - Processing /home/deprojectue/miniconda3/envs/airflow_demo/lib/python3.9/site-packages/airflow/example_dags/example_external_task_marker_dag.py took 0.235 seconds
[2024-01-31T02:09:38.617+0000] {processor.py:161} INFO - Started process (PID=210935) to work on /home/deprojectue/miniconda3/envs/airflow_demo/lib/python3.9/site-packages/airflow/example_dags/example_external_task_marker_dag.py
[2024-01-31T02:09:38.625+0000] {processor.py:830} INFO - Processing file /home/deprojectue/miniconda3/envs/airflow_demo/lib/python3.9/site-packages/airflow/example_dags/example_external_task_marker_dag.py for tasks to queue
[2024-01-31T02:09:38.627+0000] {logging_mixin.py:188} INFO - [2024-01-31T02:09:38.627+0000] {dagbag.py:538} INFO - Filling up the DagBag from /home/deprojectue/miniconda3/envs/airflow_demo/lib/python3.9/site-packages/airflow/example_dags/example_external_task_marker_dag.py
[2024-01-31T02:09:38.653+0000] {processor.py:840} INFO - DAG(s) 'example_external_task_marker_parent', 'example_external_task_marker_child' retrieved from /home/deprojectue/miniconda3/envs/airflow_demo/lib/python3.9/site-packages/airflow/example_dags/example_external_task_marker_dag.py
[2024-01-31T02:09:38.702+0000] {logging_mixin.py:188} INFO - [2024-01-31T02:09:38.701+0000] {dag.py:3033} INFO - Sync 2 DAGs
[2024-01-31T02:09:38.725+0000] {logging_mixin.py:188} INFO - [2024-01-31T02:09:38.725+0000] {dag.py:3820} INFO - Setting next_dagrun for example_external_task_marker_child to None, run_after=None
[2024-01-31T02:09:38.732+0000] {logging_mixin.py:188} INFO - [2024-01-31T02:09:38.731+0000] {dag.py:3820} INFO - Setting next_dagrun for example_external_task_marker_parent to None, run_after=None
[2024-01-31T02:09:38.770+0000] {processor.py:183} INFO - Processing /home/deprojectue/miniconda3/envs/airflow_demo/lib/python3.9/site-packages/airflow/example_dags/example_external_task_marker_dag.py took 0.167 seconds
[2024-01-31T02:13:14.983+0000] {processor.py:161} INFO - Started process (PID=211071) to work on /home/deprojectue/miniconda3/envs/airflow_demo/lib/python3.9/site-packages/airflow/example_dags/example_external_task_marker_dag.py
[2024-01-31T02:13:14.985+0000] {processor.py:830} INFO - Processing file /home/deprojectue/miniconda3/envs/airflow_demo/lib/python3.9/site-packages/airflow/example_dags/example_external_task_marker_dag.py for tasks to queue
[2024-01-31T02:13:14.988+0000] {logging_mixin.py:188} INFO - [2024-01-31T02:13:14.988+0000] {dagbag.py:538} INFO - Filling up the DagBag from /home/deprojectue/miniconda3/envs/airflow_demo/lib/python3.9/site-packages/airflow/example_dags/example_external_task_marker_dag.py
[2024-01-31T02:13:14.996+0000] {processor.py:840} INFO - DAG(s) 'example_external_task_marker_parent', 'example_external_task_marker_child' retrieved from /home/deprojectue/miniconda3/envs/airflow_demo/lib/python3.9/site-packages/airflow/example_dags/example_external_task_marker_dag.py
[2024-01-31T02:13:15.020+0000] {logging_mixin.py:188} INFO - [2024-01-31T02:13:15.019+0000] {dag.py:3033} INFO - Sync 2 DAGs
[2024-01-31T02:13:15.034+0000] {logging_mixin.py:188} INFO - [2024-01-31T02:13:15.034+0000] {dag.py:3820} INFO - Setting next_dagrun for example_external_task_marker_child to None, run_after=None
[2024-01-31T02:13:15.038+0000] {logging_mixin.py:188} INFO - [2024-01-31T02:13:15.038+0000] {dag.py:3820} INFO - Setting next_dagrun for example_external_task_marker_parent to None, run_after=None
[2024-01-31T02:13:15.061+0000] {processor.py:183} INFO - Processing /home/deprojectue/miniconda3/envs/airflow_demo/lib/python3.9/site-packages/airflow/example_dags/example_external_task_marker_dag.py took 0.083 seconds
[2024-01-31T02:14:14.716+0000] {processor.py:161} INFO - Started process (PID=211140) to work on /home/deprojectue/miniconda3/envs/airflow_demo/lib/python3.9/site-packages/airflow/example_dags/example_external_task_marker_dag.py
[2024-01-31T02:14:14.717+0000] {processor.py:830} INFO - Processing file /home/deprojectue/miniconda3/envs/airflow_demo/lib/python3.9/site-packages/airflow/example_dags/example_external_task_marker_dag.py for tasks to queue
[2024-01-31T02:14:14.721+0000] {logging_mixin.py:188} INFO - [2024-01-31T02:14:14.720+0000] {dagbag.py:538} INFO - Filling up the DagBag from /home/deprojectue/miniconda3/envs/airflow_demo/lib/python3.9/site-packages/airflow/example_dags/example_external_task_marker_dag.py
[2024-01-31T02:14:14.729+0000] {processor.py:840} INFO - DAG(s) 'example_external_task_marker_child', 'example_external_task_marker_parent' retrieved from /home/deprojectue/miniconda3/envs/airflow_demo/lib/python3.9/site-packages/airflow/example_dags/example_external_task_marker_dag.py
[2024-01-31T02:14:14.752+0000] {logging_mixin.py:188} INFO - [2024-01-31T02:14:14.751+0000] {dag.py:3033} INFO - Sync 2 DAGs
[2024-01-31T02:14:14.765+0000] {logging_mixin.py:188} INFO - [2024-01-31T02:14:14.765+0000] {dag.py:3820} INFO - Setting next_dagrun for example_external_task_marker_child to None, run_after=None
[2024-01-31T02:14:14.769+0000] {logging_mixin.py:188} INFO - [2024-01-31T02:14:14.769+0000] {dag.py:3820} INFO - Setting next_dagrun for example_external_task_marker_parent to None, run_after=None
[2024-01-31T02:14:14.791+0000] {processor.py:183} INFO - Processing /home/deprojectue/miniconda3/envs/airflow_demo/lib/python3.9/site-packages/airflow/example_dags/example_external_task_marker_dag.py took 0.079 seconds
[2024-01-31T02:22:14.611+0000] {processor.py:161} INFO - Started process (PID=211331) to work on /home/deprojectue/miniconda3/envs/airflow_demo/lib/python3.9/site-packages/airflow/example_dags/example_external_task_marker_dag.py
[2024-01-31T02:22:14.613+0000] {processor.py:830} INFO - Processing file /home/deprojectue/miniconda3/envs/airflow_demo/lib/python3.9/site-packages/airflow/example_dags/example_external_task_marker_dag.py for tasks to queue
[2024-01-31T02:22:14.617+0000] {logging_mixin.py:188} INFO - [2024-01-31T02:22:14.616+0000] {dagbag.py:538} INFO - Filling up the DagBag from /home/deprojectue/miniconda3/envs/airflow_demo/lib/python3.9/site-packages/airflow/example_dags/example_external_task_marker_dag.py
[2024-01-31T02:22:14.625+0000] {processor.py:840} INFO - DAG(s) 'example_external_task_marker_parent', 'example_external_task_marker_child' retrieved from /home/deprojectue/miniconda3/envs/airflow_demo/lib/python3.9/site-packages/airflow/example_dags/example_external_task_marker_dag.py
[2024-01-31T02:22:14.649+0000] {logging_mixin.py:188} INFO - [2024-01-31T02:22:14.648+0000] {dag.py:3033} INFO - Sync 2 DAGs
[2024-01-31T02:22:14.663+0000] {logging_mixin.py:188} INFO - [2024-01-31T02:22:14.663+0000] {dag.py:3820} INFO - Setting next_dagrun for example_external_task_marker_child to None, run_after=None
[2024-01-31T02:22:14.667+0000] {logging_mixin.py:188} INFO - [2024-01-31T02:22:14.667+0000] {dag.py:3820} INFO - Setting next_dagrun for example_external_task_marker_parent to None, run_after=None
[2024-01-31T02:22:14.692+0000] {processor.py:183} INFO - Processing /home/deprojectue/miniconda3/envs/airflow_demo/lib/python3.9/site-packages/airflow/example_dags/example_external_task_marker_dag.py took 0.085 seconds
[2024-01-31T08:24:52.402+0000] {processor.py:161} INFO - Started process (PID=214072) to work on /home/deprojectue/miniconda3/envs/airflow_demo/lib/python3.9/site-packages/airflow/example_dags/example_external_task_marker_dag.py
[2024-01-31T08:24:52.404+0000] {processor.py:830} INFO - Processing file /home/deprojectue/miniconda3/envs/airflow_demo/lib/python3.9/site-packages/airflow/example_dags/example_external_task_marker_dag.py for tasks to queue
[2024-01-31T08:24:52.408+0000] {logging_mixin.py:188} INFO - [2024-01-31T08:24:52.407+0000] {dagbag.py:538} INFO - Filling up the DagBag from /home/deprojectue/miniconda3/envs/airflow_demo/lib/python3.9/site-packages/airflow/example_dags/example_external_task_marker_dag.py
[2024-01-31T08:24:52.416+0000] {processor.py:840} INFO - DAG(s) 'example_external_task_marker_child', 'example_external_task_marker_parent' retrieved from /home/deprojectue/miniconda3/envs/airflow_demo/lib/python3.9/site-packages/airflow/example_dags/example_external_task_marker_dag.py
[2024-01-31T08:24:52.441+0000] {logging_mixin.py:188} INFO - [2024-01-31T08:24:52.440+0000] {dag.py:3033} INFO - Sync 2 DAGs
[2024-01-31T08:24:52.455+0000] {logging_mixin.py:188} INFO - [2024-01-31T08:24:52.455+0000] {dag.py:3820} INFO - Setting next_dagrun for example_external_task_marker_child to None, run_after=None
[2024-01-31T08:24:52.459+0000] {logging_mixin.py:188} INFO - [2024-01-31T08:24:52.459+0000] {dag.py:3820} INFO - Setting next_dagrun for example_external_task_marker_parent to None, run_after=None
[2024-01-31T08:24:52.483+0000] {processor.py:183} INFO - Processing /home/deprojectue/miniconda3/envs/airflow_demo/lib/python3.9/site-packages/airflow/example_dags/example_external_task_marker_dag.py took 0.085 seconds
[2024-01-31T08:25:41.078+0000] {processor.py:161} INFO - Started process (PID=214123) to work on /home/deprojectue/miniconda3/envs/airflow_demo/lib/python3.9/site-packages/airflow/example_dags/example_external_task_marker_dag.py
[2024-01-31T08:25:41.080+0000] {processor.py:830} INFO - Processing file /home/deprojectue/miniconda3/envs/airflow_demo/lib/python3.9/site-packages/airflow/example_dags/example_external_task_marker_dag.py for tasks to queue
[2024-01-31T08:25:41.083+0000] {logging_mixin.py:188} INFO - [2024-01-31T08:25:41.083+0000] {dagbag.py:538} INFO - Filling up the DagBag from /home/deprojectue/miniconda3/envs/airflow_demo/lib/python3.9/site-packages/airflow/example_dags/example_external_task_marker_dag.py
[2024-01-31T08:25:41.092+0000] {processor.py:840} INFO - DAG(s) 'example_external_task_marker_parent', 'example_external_task_marker_child' retrieved from /home/deprojectue/miniconda3/envs/airflow_demo/lib/python3.9/site-packages/airflow/example_dags/example_external_task_marker_dag.py
[2024-01-31T08:25:41.117+0000] {logging_mixin.py:188} INFO - [2024-01-31T08:25:41.116+0000] {dag.py:3033} INFO - Sync 2 DAGs
[2024-01-31T08:25:41.131+0000] {logging_mixin.py:188} INFO - [2024-01-31T08:25:41.130+0000] {dag.py:3820} INFO - Setting next_dagrun for example_external_task_marker_child to None, run_after=None
[2024-01-31T08:25:41.134+0000] {logging_mixin.py:188} INFO - [2024-01-31T08:25:41.134+0000] {dag.py:3820} INFO - Setting next_dagrun for example_external_task_marker_parent to None, run_after=None
[2024-01-31T08:25:41.155+0000] {processor.py:183} INFO - Processing /home/deprojectue/miniconda3/envs/airflow_demo/lib/python3.9/site-packages/airflow/example_dags/example_external_task_marker_dag.py took 0.082 seconds
[2024-01-31T08:52:25.062+0000] {processor.py:161} INFO - Started process (PID=215404) to work on /home/deprojectue/miniconda3/envs/airflow_demo/lib/python3.9/site-packages/airflow/example_dags/example_external_task_marker_dag.py
[2024-01-31T08:52:25.064+0000] {processor.py:830} INFO - Processing file /home/deprojectue/miniconda3/envs/airflow_demo/lib/python3.9/site-packages/airflow/example_dags/example_external_task_marker_dag.py for tasks to queue
[2024-01-31T08:52:25.068+0000] {logging_mixin.py:188} INFO - [2024-01-31T08:52:25.067+0000] {dagbag.py:538} INFO - Filling up the DagBag from /home/deprojectue/miniconda3/envs/airflow_demo/lib/python3.9/site-packages/airflow/example_dags/example_external_task_marker_dag.py
[2024-01-31T08:52:25.077+0000] {processor.py:840} INFO - DAG(s) 'example_external_task_marker_parent', 'example_external_task_marker_child' retrieved from /home/deprojectue/miniconda3/envs/airflow_demo/lib/python3.9/site-packages/airflow/example_dags/example_external_task_marker_dag.py
[2024-01-31T08:52:25.101+0000] {logging_mixin.py:188} INFO - [2024-01-31T08:52:25.100+0000] {dag.py:3033} INFO - Sync 2 DAGs
[2024-01-31T08:52:25.115+0000] {logging_mixin.py:188} INFO - [2024-01-31T08:52:25.115+0000] {dag.py:3820} INFO - Setting next_dagrun for example_external_task_marker_child to None, run_after=None
[2024-01-31T08:52:25.118+0000] {logging_mixin.py:188} INFO - [2024-01-31T08:52:25.118+0000] {dag.py:3820} INFO - Setting next_dagrun for example_external_task_marker_parent to None, run_after=None
[2024-01-31T08:52:25.141+0000] {processor.py:183} INFO - Processing /home/deprojectue/miniconda3/envs/airflow_demo/lib/python3.9/site-packages/airflow/example_dags/example_external_task_marker_dag.py took 0.084 seconds
[2024-01-31T08:53:24.706+0000] {processor.py:161} INFO - Started process (PID=215468) to work on /home/deprojectue/miniconda3/envs/airflow_demo/lib/python3.9/site-packages/airflow/example_dags/example_external_task_marker_dag.py
[2024-01-31T08:53:24.708+0000] {processor.py:830} INFO - Processing file /home/deprojectue/miniconda3/envs/airflow_demo/lib/python3.9/site-packages/airflow/example_dags/example_external_task_marker_dag.py for tasks to queue
[2024-01-31T08:53:24.712+0000] {logging_mixin.py:188} INFO - [2024-01-31T08:53:24.712+0000] {dagbag.py:538} INFO - Filling up the DagBag from /home/deprojectue/miniconda3/envs/airflow_demo/lib/python3.9/site-packages/airflow/example_dags/example_external_task_marker_dag.py
[2024-01-31T08:53:24.721+0000] {processor.py:840} INFO - DAG(s) 'example_external_task_marker_child', 'example_external_task_marker_parent' retrieved from /home/deprojectue/miniconda3/envs/airflow_demo/lib/python3.9/site-packages/airflow/example_dags/example_external_task_marker_dag.py
[2024-01-31T08:53:24.747+0000] {logging_mixin.py:188} INFO - [2024-01-31T08:53:24.746+0000] {dag.py:3033} INFO - Sync 2 DAGs
[2024-01-31T08:53:24.761+0000] {logging_mixin.py:188} INFO - [2024-01-31T08:53:24.761+0000] {dag.py:3820} INFO - Setting next_dagrun for example_external_task_marker_child to None, run_after=None
[2024-01-31T08:53:24.764+0000] {logging_mixin.py:188} INFO - [2024-01-31T08:53:24.764+0000] {dag.py:3820} INFO - Setting next_dagrun for example_external_task_marker_parent to None, run_after=None
[2024-01-31T08:53:24.790+0000] {processor.py:183} INFO - Processing /home/deprojectue/miniconda3/envs/airflow_demo/lib/python3.9/site-packages/airflow/example_dags/example_external_task_marker_dag.py took 0.089 seconds
[2024-01-31T08:54:27.815+0000] {processor.py:161} INFO - Started process (PID=215530) to work on /home/deprojectue/miniconda3/envs/airflow_demo/lib/python3.9/site-packages/airflow/example_dags/example_external_task_marker_dag.py
[2024-01-31T08:54:27.817+0000] {processor.py:830} INFO - Processing file /home/deprojectue/miniconda3/envs/airflow_demo/lib/python3.9/site-packages/airflow/example_dags/example_external_task_marker_dag.py for tasks to queue
[2024-01-31T08:54:27.820+0000] {logging_mixin.py:188} INFO - [2024-01-31T08:54:27.820+0000] {dagbag.py:538} INFO - Filling up the DagBag from /home/deprojectue/miniconda3/envs/airflow_demo/lib/python3.9/site-packages/airflow/example_dags/example_external_task_marker_dag.py
[2024-01-31T08:54:27.829+0000] {processor.py:840} INFO - DAG(s) 'example_external_task_marker_child', 'example_external_task_marker_parent' retrieved from /home/deprojectue/miniconda3/envs/airflow_demo/lib/python3.9/site-packages/airflow/example_dags/example_external_task_marker_dag.py
[2024-01-31T08:54:27.854+0000] {logging_mixin.py:188} INFO - [2024-01-31T08:54:27.853+0000] {dag.py:3033} INFO - Sync 2 DAGs
[2024-01-31T08:54:27.867+0000] {logging_mixin.py:188} INFO - [2024-01-31T08:54:27.867+0000] {dag.py:3820} INFO - Setting next_dagrun for example_external_task_marker_child to None, run_after=None
[2024-01-31T08:54:27.870+0000] {logging_mixin.py:188} INFO - [2024-01-31T08:54:27.870+0000] {dag.py:3820} INFO - Setting next_dagrun for example_external_task_marker_parent to None, run_after=None
[2024-01-31T08:54:27.895+0000] {processor.py:183} INFO - Processing /home/deprojectue/miniconda3/envs/airflow_demo/lib/python3.9/site-packages/airflow/example_dags/example_external_task_marker_dag.py took 0.085 seconds
[2024-01-31T08:55:29.746+0000] {processor.py:161} INFO - Started process (PID=215595) to work on /home/deprojectue/miniconda3/envs/airflow_demo/lib/python3.9/site-packages/airflow/example_dags/example_external_task_marker_dag.py
[2024-01-31T08:55:29.749+0000] {processor.py:830} INFO - Processing file /home/deprojectue/miniconda3/envs/airflow_demo/lib/python3.9/site-packages/airflow/example_dags/example_external_task_marker_dag.py for tasks to queue
[2024-01-31T08:55:29.753+0000] {logging_mixin.py:188} INFO - [2024-01-31T08:55:29.752+0000] {dagbag.py:538} INFO - Filling up the DagBag from /home/deprojectue/miniconda3/envs/airflow_demo/lib/python3.9/site-packages/airflow/example_dags/example_external_task_marker_dag.py
[2024-01-31T08:55:29.761+0000] {processor.py:840} INFO - DAG(s) 'example_external_task_marker_parent', 'example_external_task_marker_child' retrieved from /home/deprojectue/miniconda3/envs/airflow_demo/lib/python3.9/site-packages/airflow/example_dags/example_external_task_marker_dag.py
[2024-01-31T08:55:29.786+0000] {logging_mixin.py:188} INFO - [2024-01-31T08:55:29.785+0000] {dag.py:3033} INFO - Sync 2 DAGs
[2024-01-31T08:55:29.799+0000] {logging_mixin.py:188} INFO - [2024-01-31T08:55:29.799+0000] {dag.py:3820} INFO - Setting next_dagrun for example_external_task_marker_child to None, run_after=None
[2024-01-31T08:55:29.802+0000] {logging_mixin.py:188} INFO - [2024-01-31T08:55:29.802+0000] {dag.py:3820} INFO - Setting next_dagrun for example_external_task_marker_parent to None, run_after=None
[2024-01-31T08:55:29.828+0000] {processor.py:183} INFO - Processing /home/deprojectue/miniconda3/envs/airflow_demo/lib/python3.9/site-packages/airflow/example_dags/example_external_task_marker_dag.py took 0.086 seconds
[2024-01-31T08:56:24.481+0000] {processor.py:161} INFO - Started process (PID=215667) to work on /home/deprojectue/miniconda3/envs/airflow_demo/lib/python3.9/site-packages/airflow/example_dags/example_external_task_marker_dag.py
[2024-01-31T08:56:24.484+0000] {processor.py:830} INFO - Processing file /home/deprojectue/miniconda3/envs/airflow_demo/lib/python3.9/site-packages/airflow/example_dags/example_external_task_marker_dag.py for tasks to queue
[2024-01-31T08:56:24.487+0000] {logging_mixin.py:188} INFO - [2024-01-31T08:56:24.487+0000] {dagbag.py:538} INFO - Filling up the DagBag from /home/deprojectue/miniconda3/envs/airflow_demo/lib/python3.9/site-packages/airflow/example_dags/example_external_task_marker_dag.py
[2024-01-31T08:56:24.498+0000] {processor.py:840} INFO - DAG(s) 'example_external_task_marker_parent', 'example_external_task_marker_child' retrieved from /home/deprojectue/miniconda3/envs/airflow_demo/lib/python3.9/site-packages/airflow/example_dags/example_external_task_marker_dag.py
[2024-01-31T08:56:24.524+0000] {logging_mixin.py:188} INFO - [2024-01-31T08:56:24.524+0000] {dag.py:3033} INFO - Sync 2 DAGs
[2024-01-31T08:56:24.538+0000] {logging_mixin.py:188} INFO - [2024-01-31T08:56:24.538+0000] {dag.py:3820} INFO - Setting next_dagrun for example_external_task_marker_child to None, run_after=None
[2024-01-31T08:56:24.542+0000] {logging_mixin.py:188} INFO - [2024-01-31T08:56:24.542+0000] {dag.py:3820} INFO - Setting next_dagrun for example_external_task_marker_parent to None, run_after=None
[2024-01-31T08:56:24.566+0000] {processor.py:183} INFO - Processing /home/deprojectue/miniconda3/envs/airflow_demo/lib/python3.9/site-packages/airflow/example_dags/example_external_task_marker_dag.py took 0.089 seconds
[2024-01-31T08:57:23.119+0000] {processor.py:161} INFO - Started process (PID=215732) to work on /home/deprojectue/miniconda3/envs/airflow_demo/lib/python3.9/site-packages/airflow/example_dags/example_external_task_marker_dag.py
[2024-01-31T08:57:23.121+0000] {processor.py:830} INFO - Processing file /home/deprojectue/miniconda3/envs/airflow_demo/lib/python3.9/site-packages/airflow/example_dags/example_external_task_marker_dag.py for tasks to queue
[2024-01-31T08:57:23.125+0000] {logging_mixin.py:188} INFO - [2024-01-31T08:57:23.124+0000] {dagbag.py:538} INFO - Filling up the DagBag from /home/deprojectue/miniconda3/envs/airflow_demo/lib/python3.9/site-packages/airflow/example_dags/example_external_task_marker_dag.py
[2024-01-31T08:57:23.134+0000] {processor.py:840} INFO - DAG(s) 'example_external_task_marker_child', 'example_external_task_marker_parent' retrieved from /home/deprojectue/miniconda3/envs/airflow_demo/lib/python3.9/site-packages/airflow/example_dags/example_external_task_marker_dag.py
[2024-01-31T08:57:23.158+0000] {logging_mixin.py:188} INFO - [2024-01-31T08:57:23.157+0000] {dag.py:3033} INFO - Sync 2 DAGs
[2024-01-31T08:57:23.171+0000] {logging_mixin.py:188} INFO - [2024-01-31T08:57:23.171+0000] {dag.py:3820} INFO - Setting next_dagrun for example_external_task_marker_child to None, run_after=None
[2024-01-31T08:57:23.174+0000] {logging_mixin.py:188} INFO - [2024-01-31T08:57:23.174+0000] {dag.py:3820} INFO - Setting next_dagrun for example_external_task_marker_parent to None, run_after=None
[2024-01-31T08:57:23.197+0000] {processor.py:183} INFO - Processing /home/deprojectue/miniconda3/envs/airflow_demo/lib/python3.9/site-packages/airflow/example_dags/example_external_task_marker_dag.py took 0.083 seconds
[2024-01-31T08:58:17.683+0000] {processor.py:161} INFO - Started process (PID=215789) to work on /home/deprojectue/miniconda3/envs/airflow_demo/lib/python3.9/site-packages/airflow/example_dags/example_external_task_marker_dag.py
[2024-01-31T08:58:17.685+0000] {processor.py:830} INFO - Processing file /home/deprojectue/miniconda3/envs/airflow_demo/lib/python3.9/site-packages/airflow/example_dags/example_external_task_marker_dag.py for tasks to queue
[2024-01-31T08:58:17.688+0000] {logging_mixin.py:188} INFO - [2024-01-31T08:58:17.688+0000] {dagbag.py:538} INFO - Filling up the DagBag from /home/deprojectue/miniconda3/envs/airflow_demo/lib/python3.9/site-packages/airflow/example_dags/example_external_task_marker_dag.py
[2024-01-31T08:58:17.698+0000] {processor.py:840} INFO - DAG(s) 'example_external_task_marker_child', 'example_external_task_marker_parent' retrieved from /home/deprojectue/miniconda3/envs/airflow_demo/lib/python3.9/site-packages/airflow/example_dags/example_external_task_marker_dag.py
[2024-01-31T08:58:17.721+0000] {logging_mixin.py:188} INFO - [2024-01-31T08:58:17.721+0000] {dag.py:3033} INFO - Sync 2 DAGs
[2024-01-31T08:58:17.735+0000] {logging_mixin.py:188} INFO - [2024-01-31T08:58:17.735+0000] {dag.py:3820} INFO - Setting next_dagrun for example_external_task_marker_child to None, run_after=None
[2024-01-31T08:58:17.738+0000] {logging_mixin.py:188} INFO - [2024-01-31T08:58:17.738+0000] {dag.py:3820} INFO - Setting next_dagrun for example_external_task_marker_parent to None, run_after=None
[2024-01-31T08:58:17.762+0000] {processor.py:183} INFO - Processing /home/deprojectue/miniconda3/envs/airflow_demo/lib/python3.9/site-packages/airflow/example_dags/example_external_task_marker_dag.py took 0.084 seconds
[2024-01-31T08:59:19.864+0000] {processor.py:161} INFO - Started process (PID=215873) to work on /home/deprojectue/miniconda3/envs/airflow_demo/lib/python3.9/site-packages/airflow/example_dags/example_external_task_marker_dag.py
[2024-01-31T08:59:19.866+0000] {processor.py:830} INFO - Processing file /home/deprojectue/miniconda3/envs/airflow_demo/lib/python3.9/site-packages/airflow/example_dags/example_external_task_marker_dag.py for tasks to queue
[2024-01-31T08:59:19.869+0000] {logging_mixin.py:188} INFO - [2024-01-31T08:59:19.869+0000] {dagbag.py:538} INFO - Filling up the DagBag from /home/deprojectue/miniconda3/envs/airflow_demo/lib/python3.9/site-packages/airflow/example_dags/example_external_task_marker_dag.py
[2024-01-31T08:59:19.878+0000] {processor.py:840} INFO - DAG(s) 'example_external_task_marker_child', 'example_external_task_marker_parent' retrieved from /home/deprojectue/miniconda3/envs/airflow_demo/lib/python3.9/site-packages/airflow/example_dags/example_external_task_marker_dag.py
[2024-01-31T08:59:19.903+0000] {logging_mixin.py:188} INFO - [2024-01-31T08:59:19.902+0000] {dag.py:3033} INFO - Sync 2 DAGs
[2024-01-31T08:59:19.916+0000] {logging_mixin.py:188} INFO - [2024-01-31T08:59:19.916+0000] {dag.py:3820} INFO - Setting next_dagrun for example_external_task_marker_child to None, run_after=None
[2024-01-31T08:59:19.919+0000] {logging_mixin.py:188} INFO - [2024-01-31T08:59:19.919+0000] {dag.py:3820} INFO - Setting next_dagrun for example_external_task_marker_parent to None, run_after=None
[2024-01-31T08:59:19.941+0000] {processor.py:183} INFO - Processing /home/deprojectue/miniconda3/envs/airflow_demo/lib/python3.9/site-packages/airflow/example_dags/example_external_task_marker_dag.py took 0.082 seconds
[2024-01-31T09:00:17.868+0000] {processor.py:161} INFO - Started process (PID=215932) to work on /home/deprojectue/miniconda3/envs/airflow_demo/lib/python3.9/site-packages/airflow/example_dags/example_external_task_marker_dag.py
[2024-01-31T09:00:17.870+0000] {processor.py:830} INFO - Processing file /home/deprojectue/miniconda3/envs/airflow_demo/lib/python3.9/site-packages/airflow/example_dags/example_external_task_marker_dag.py for tasks to queue
[2024-01-31T09:00:17.875+0000] {logging_mixin.py:188} INFO - [2024-01-31T09:00:17.874+0000] {dagbag.py:538} INFO - Filling up the DagBag from /home/deprojectue/miniconda3/envs/airflow_demo/lib/python3.9/site-packages/airflow/example_dags/example_external_task_marker_dag.py
[2024-01-31T09:00:17.884+0000] {processor.py:840} INFO - DAG(s) 'example_external_task_marker_parent', 'example_external_task_marker_child' retrieved from /home/deprojectue/miniconda3/envs/airflow_demo/lib/python3.9/site-packages/airflow/example_dags/example_external_task_marker_dag.py
[2024-01-31T09:00:17.908+0000] {logging_mixin.py:188} INFO - [2024-01-31T09:00:17.907+0000] {dag.py:3033} INFO - Sync 2 DAGs
[2024-01-31T09:00:17.921+0000] {logging_mixin.py:188} INFO - [2024-01-31T09:00:17.920+0000] {dag.py:3820} INFO - Setting next_dagrun for example_external_task_marker_child to None, run_after=None
[2024-01-31T09:00:17.924+0000] {logging_mixin.py:188} INFO - [2024-01-31T09:00:17.924+0000] {dag.py:3820} INFO - Setting next_dagrun for example_external_task_marker_parent to None, run_after=None
[2024-01-31T09:00:17.945+0000] {processor.py:183} INFO - Processing /home/deprojectue/miniconda3/envs/airflow_demo/lib/python3.9/site-packages/airflow/example_dags/example_external_task_marker_dag.py took 0.081 seconds
[2024-01-31T09:01:14.704+0000] {processor.py:161} INFO - Started process (PID=215992) to work on /home/deprojectue/miniconda3/envs/airflow_demo/lib/python3.9/site-packages/airflow/example_dags/example_external_task_marker_dag.py
[2024-01-31T09:01:14.707+0000] {processor.py:830} INFO - Processing file /home/deprojectue/miniconda3/envs/airflow_demo/lib/python3.9/site-packages/airflow/example_dags/example_external_task_marker_dag.py for tasks to queue
[2024-01-31T09:01:14.711+0000] {logging_mixin.py:188} INFO - [2024-01-31T09:01:14.710+0000] {dagbag.py:538} INFO - Filling up the DagBag from /home/deprojectue/miniconda3/envs/airflow_demo/lib/python3.9/site-packages/airflow/example_dags/example_external_task_marker_dag.py
[2024-01-31T09:01:14.719+0000] {processor.py:840} INFO - DAG(s) 'example_external_task_marker_child', 'example_external_task_marker_parent' retrieved from /home/deprojectue/miniconda3/envs/airflow_demo/lib/python3.9/site-packages/airflow/example_dags/example_external_task_marker_dag.py
[2024-01-31T09:01:14.742+0000] {logging_mixin.py:188} INFO - [2024-01-31T09:01:14.741+0000] {dag.py:3033} INFO - Sync 2 DAGs
[2024-01-31T09:01:14.756+0000] {logging_mixin.py:188} INFO - [2024-01-31T09:01:14.755+0000] {dag.py:3820} INFO - Setting next_dagrun for example_external_task_marker_child to None, run_after=None
[2024-01-31T09:01:14.759+0000] {logging_mixin.py:188} INFO - [2024-01-31T09:01:14.759+0000] {dag.py:3820} INFO - Setting next_dagrun for example_external_task_marker_parent to None, run_after=None
[2024-01-31T09:01:14.783+0000] {processor.py:183} INFO - Processing /home/deprojectue/miniconda3/envs/airflow_demo/lib/python3.9/site-packages/airflow/example_dags/example_external_task_marker_dag.py took 0.083 seconds
[2024-01-31T09:02:09.576+0000] {processor.py:161} INFO - Started process (PID=216051) to work on /home/deprojectue/miniconda3/envs/airflow_demo/lib/python3.9/site-packages/airflow/example_dags/example_external_task_marker_dag.py
[2024-01-31T09:02:09.579+0000] {processor.py:830} INFO - Processing file /home/deprojectue/miniconda3/envs/airflow_demo/lib/python3.9/site-packages/airflow/example_dags/example_external_task_marker_dag.py for tasks to queue
[2024-01-31T09:02:09.583+0000] {logging_mixin.py:188} INFO - [2024-01-31T09:02:09.583+0000] {dagbag.py:538} INFO - Filling up the DagBag from /home/deprojectue/miniconda3/envs/airflow_demo/lib/python3.9/site-packages/airflow/example_dags/example_external_task_marker_dag.py
[2024-01-31T09:02:09.592+0000] {processor.py:840} INFO - DAG(s) 'example_external_task_marker_parent', 'example_external_task_marker_child' retrieved from /home/deprojectue/miniconda3/envs/airflow_demo/lib/python3.9/site-packages/airflow/example_dags/example_external_task_marker_dag.py
[2024-01-31T09:02:09.617+0000] {logging_mixin.py:188} INFO - [2024-01-31T09:02:09.616+0000] {dag.py:3033} INFO - Sync 2 DAGs
[2024-01-31T09:02:09.630+0000] {logging_mixin.py:188} INFO - [2024-01-31T09:02:09.630+0000] {dag.py:3820} INFO - Setting next_dagrun for example_external_task_marker_child to None, run_after=None
[2024-01-31T09:02:09.633+0000] {logging_mixin.py:188} INFO - [2024-01-31T09:02:09.633+0000] {dag.py:3820} INFO - Setting next_dagrun for example_external_task_marker_parent to None, run_after=None
[2024-01-31T09:02:09.657+0000] {processor.py:183} INFO - Processing /home/deprojectue/miniconda3/envs/airflow_demo/lib/python3.9/site-packages/airflow/example_dags/example_external_task_marker_dag.py took 0.086 seconds
[2024-01-31T09:03:05.842+0000] {processor.py:161} INFO - Started process (PID=216110) to work on /home/deprojectue/miniconda3/envs/airflow_demo/lib/python3.9/site-packages/airflow/example_dags/example_external_task_marker_dag.py
[2024-01-31T09:03:05.845+0000] {processor.py:830} INFO - Processing file /home/deprojectue/miniconda3/envs/airflow_demo/lib/python3.9/site-packages/airflow/example_dags/example_external_task_marker_dag.py for tasks to queue
[2024-01-31T09:03:05.849+0000] {logging_mixin.py:188} INFO - [2024-01-31T09:03:05.848+0000] {dagbag.py:538} INFO - Filling up the DagBag from /home/deprojectue/miniconda3/envs/airflow_demo/lib/python3.9/site-packages/airflow/example_dags/example_external_task_marker_dag.py
[2024-01-31T09:03:05.859+0000] {processor.py:840} INFO - DAG(s) 'example_external_task_marker_parent', 'example_external_task_marker_child' retrieved from /home/deprojectue/miniconda3/envs/airflow_demo/lib/python3.9/site-packages/airflow/example_dags/example_external_task_marker_dag.py
[2024-01-31T09:03:05.882+0000] {logging_mixin.py:188} INFO - [2024-01-31T09:03:05.882+0000] {dag.py:3033} INFO - Sync 2 DAGs
[2024-01-31T09:03:05.896+0000] {logging_mixin.py:188} INFO - [2024-01-31T09:03:05.895+0000] {dag.py:3820} INFO - Setting next_dagrun for example_external_task_marker_child to None, run_after=None
[2024-01-31T09:03:05.899+0000] {logging_mixin.py:188} INFO - [2024-01-31T09:03:05.899+0000] {dag.py:3820} INFO - Setting next_dagrun for example_external_task_marker_parent to None, run_after=None
[2024-01-31T09:03:05.925+0000] {processor.py:183} INFO - Processing /home/deprojectue/miniconda3/envs/airflow_demo/lib/python3.9/site-packages/airflow/example_dags/example_external_task_marker_dag.py took 0.087 seconds
[2024-01-31T09:04:00.239+0000] {processor.py:161} INFO - Started process (PID=216166) to work on /home/deprojectue/miniconda3/envs/airflow_demo/lib/python3.9/site-packages/airflow/example_dags/example_external_task_marker_dag.py
[2024-01-31T09:04:00.241+0000] {processor.py:830} INFO - Processing file /home/deprojectue/miniconda3/envs/airflow_demo/lib/python3.9/site-packages/airflow/example_dags/example_external_task_marker_dag.py for tasks to queue
[2024-01-31T09:04:00.245+0000] {logging_mixin.py:188} INFO - [2024-01-31T09:04:00.245+0000] {dagbag.py:538} INFO - Filling up the DagBag from /home/deprojectue/miniconda3/envs/airflow_demo/lib/python3.9/site-packages/airflow/example_dags/example_external_task_marker_dag.py
[2024-01-31T09:04:00.254+0000] {processor.py:840} INFO - DAG(s) 'example_external_task_marker_parent', 'example_external_task_marker_child' retrieved from /home/deprojectue/miniconda3/envs/airflow_demo/lib/python3.9/site-packages/airflow/example_dags/example_external_task_marker_dag.py
[2024-01-31T09:04:00.278+0000] {logging_mixin.py:188} INFO - [2024-01-31T09:04:00.277+0000] {dag.py:3033} INFO - Sync 2 DAGs
[2024-01-31T09:04:00.291+0000] {logging_mixin.py:188} INFO - [2024-01-31T09:04:00.290+0000] {dag.py:3820} INFO - Setting next_dagrun for example_external_task_marker_child to None, run_after=None
[2024-01-31T09:04:00.294+0000] {logging_mixin.py:188} INFO - [2024-01-31T09:04:00.294+0000] {dag.py:3820} INFO - Setting next_dagrun for example_external_task_marker_parent to None, run_after=None
[2024-01-31T09:04:00.316+0000] {processor.py:183} INFO - Processing /home/deprojectue/miniconda3/envs/airflow_demo/lib/python3.9/site-packages/airflow/example_dags/example_external_task_marker_dag.py took 0.082 seconds
[2024-01-31T09:04:54.758+0000] {processor.py:161} INFO - Started process (PID=216225) to work on /home/deprojectue/miniconda3/envs/airflow_demo/lib/python3.9/site-packages/airflow/example_dags/example_external_task_marker_dag.py
[2024-01-31T09:04:54.760+0000] {processor.py:830} INFO - Processing file /home/deprojectue/miniconda3/envs/airflow_demo/lib/python3.9/site-packages/airflow/example_dags/example_external_task_marker_dag.py for tasks to queue
[2024-01-31T09:04:54.765+0000] {logging_mixin.py:188} INFO - [2024-01-31T09:04:54.764+0000] {dagbag.py:538} INFO - Filling up the DagBag from /home/deprojectue/miniconda3/envs/airflow_demo/lib/python3.9/site-packages/airflow/example_dags/example_external_task_marker_dag.py
[2024-01-31T09:04:54.774+0000] {processor.py:840} INFO - DAG(s) 'example_external_task_marker_parent', 'example_external_task_marker_child' retrieved from /home/deprojectue/miniconda3/envs/airflow_demo/lib/python3.9/site-packages/airflow/example_dags/example_external_task_marker_dag.py
[2024-01-31T09:04:54.800+0000] {logging_mixin.py:188} INFO - [2024-01-31T09:04:54.799+0000] {dag.py:3033} INFO - Sync 2 DAGs
[2024-01-31T09:04:54.814+0000] {logging_mixin.py:188} INFO - [2024-01-31T09:04:54.814+0000] {dag.py:3820} INFO - Setting next_dagrun for example_external_task_marker_child to None, run_after=None
[2024-01-31T09:04:54.818+0000] {logging_mixin.py:188} INFO - [2024-01-31T09:04:54.818+0000] {dag.py:3820} INFO - Setting next_dagrun for example_external_task_marker_parent to None, run_after=None
[2024-01-31T09:04:54.843+0000] {processor.py:183} INFO - Processing /home/deprojectue/miniconda3/envs/airflow_demo/lib/python3.9/site-packages/airflow/example_dags/example_external_task_marker_dag.py took 0.089 seconds
[2024-01-31T09:36:15.780+0000] {processor.py:161} INFO - Started process (PID=216909) to work on /home/deprojectue/miniconda3/envs/airflow_demo/lib/python3.9/site-packages/airflow/example_dags/example_external_task_marker_dag.py
[2024-01-31T09:36:15.782+0000] {processor.py:830} INFO - Processing file /home/deprojectue/miniconda3/envs/airflow_demo/lib/python3.9/site-packages/airflow/example_dags/example_external_task_marker_dag.py for tasks to queue
[2024-01-31T09:36:15.786+0000] {logging_mixin.py:188} INFO - [2024-01-31T09:36:15.785+0000] {dagbag.py:538} INFO - Filling up the DagBag from /home/deprojectue/miniconda3/envs/airflow_demo/lib/python3.9/site-packages/airflow/example_dags/example_external_task_marker_dag.py
[2024-01-31T09:36:15.795+0000] {processor.py:840} INFO - DAG(s) 'example_external_task_marker_child', 'example_external_task_marker_parent' retrieved from /home/deprojectue/miniconda3/envs/airflow_demo/lib/python3.9/site-packages/airflow/example_dags/example_external_task_marker_dag.py
[2024-01-31T09:36:16.064+0000] {logging_mixin.py:188} INFO - [2024-01-31T09:36:16.051+0000] {override.py:1769} INFO - Created Permission View: can edit on DAG:example_external_task_marker_child
[2024-01-31T09:36:16.082+0000] {logging_mixin.py:188} INFO - [2024-01-31T09:36:16.081+0000] {override.py:1769} INFO - Created Permission View: can read on DAG:example_external_task_marker_child
[2024-01-31T09:36:16.095+0000] {logging_mixin.py:188} INFO - [2024-01-31T09:36:16.094+0000] {override.py:1769} INFO - Created Permission View: can delete on DAG:example_external_task_marker_child
[2024-01-31T09:36:16.142+0000] {logging_mixin.py:188} INFO - [2024-01-31T09:36:16.139+0000] {override.py:1769} INFO - Created Permission View: can edit on DAG:example_external_task_marker_parent
[2024-01-31T09:36:16.157+0000] {logging_mixin.py:188} INFO - [2024-01-31T09:36:16.156+0000] {override.py:1769} INFO - Created Permission View: can read on DAG:example_external_task_marker_parent
[2024-01-31T09:36:16.170+0000] {logging_mixin.py:188} INFO - [2024-01-31T09:36:16.170+0000] {override.py:1769} INFO - Created Permission View: can delete on DAG:example_external_task_marker_parent
[2024-01-31T09:36:16.172+0000] {logging_mixin.py:188} INFO - [2024-01-31T09:36:16.171+0000] {dag.py:3033} INFO - Sync 2 DAGs
[2024-01-31T09:36:16.187+0000] {logging_mixin.py:188} INFO - [2024-01-31T09:36:16.187+0000] {dag.py:3055} INFO - Creating ORM DAG for example_external_task_marker_parent
[2024-01-31T09:36:16.188+0000] {logging_mixin.py:188} INFO - [2024-01-31T09:36:16.188+0000] {dag.py:3055} INFO - Creating ORM DAG for example_external_task_marker_child
[2024-01-31T09:36:16.189+0000] {logging_mixin.py:188} INFO - [2024-01-31T09:36:16.189+0000] {dag.py:3820} INFO - Setting next_dagrun for example_external_task_marker_child to None, run_after=None
[2024-01-31T09:36:16.190+0000] {logging_mixin.py:188} INFO - [2024-01-31T09:36:16.190+0000] {dag.py:3820} INFO - Setting next_dagrun for example_external_task_marker_parent to None, run_after=None
[2024-01-31T09:36:16.233+0000] {processor.py:183} INFO - Processing /home/deprojectue/miniconda3/envs/airflow_demo/lib/python3.9/site-packages/airflow/example_dags/example_external_task_marker_dag.py took 0.458 seconds
