[2024-01-31T02:08:08.696+0000] {processor.py:161} INFO - Started process (PID=210630) to work on /home/deprojectue/miniconda3/envs/airflow_demo/lib/python3.9/site-packages/airflow/example_dags/example_branch_python_dop_operator_3.py
[2024-01-31T02:08:08.697+0000] {processor.py:830} INFO - Processing file /home/deprojectue/miniconda3/envs/airflow_demo/lib/python3.9/site-packages/airflow/example_dags/example_branch_python_dop_operator_3.py for tasks to queue
[2024-01-31T02:08:08.699+0000] {logging_mixin.py:188} INFO - [2024-01-31T02:08:08.698+0000] {dagbag.py:538} INFO - Filling up the DagBag from /home/deprojectue/miniconda3/envs/airflow_demo/lib/python3.9/site-packages/airflow/example_dags/example_branch_python_dop_operator_3.py
[2024-01-31T02:08:08.709+0000] {processor.py:840} INFO - DAG(s) 'example_branch_dop_operator_v3' retrieved from /home/deprojectue/miniconda3/envs/airflow_demo/lib/python3.9/site-packages/airflow/example_dags/example_branch_python_dop_operator_3.py
[2024-01-31T02:08:08.821+0000] {logging_mixin.py:188} INFO - [2024-01-31T02:08:08.820+0000] {override.py:1769} INFO - Created Permission View: can read on DAG:example_branch_dop_operator_v3
[2024-01-31T02:08:08.833+0000] {logging_mixin.py:188} INFO - [2024-01-31T02:08:08.833+0000] {override.py:1769} INFO - Created Permission View: can delete on DAG:example_branch_dop_operator_v3
[2024-01-31T02:08:08.843+0000] {logging_mixin.py:188} INFO - [2024-01-31T02:08:08.843+0000] {override.py:1769} INFO - Created Permission View: can edit on DAG:example_branch_dop_operator_v3
[2024-01-31T02:08:08.844+0000] {logging_mixin.py:188} INFO - [2024-01-31T02:08:08.844+0000] {dag.py:3033} INFO - Sync 1 DAGs
[2024-01-31T02:08:08.855+0000] {logging_mixin.py:188} INFO - [2024-01-31T02:08:08.854+0000] {dag.py:3055} INFO - Creating ORM DAG for example_branch_dop_operator_v3
[2024-01-31T02:08:08.869+0000] {logging_mixin.py:188} INFO - [2024-01-31T02:08:08.869+0000] {dag.py:3820} INFO - Setting next_dagrun for example_branch_dop_operator_v3 to 2024-01-31T02:07:00+00:00, run_after=2024-01-31T02:08:00+00:00
[2024-01-31T02:08:08.893+0000] {processor.py:183} INFO - Processing /home/deprojectue/miniconda3/envs/airflow_demo/lib/python3.9/site-packages/airflow/example_dags/example_branch_python_dop_operator_3.py took 0.201 seconds
[2024-01-31T02:09:41.559+0000] {processor.py:161} INFO - Started process (PID=210938) to work on /home/deprojectue/miniconda3/envs/airflow_demo/lib/python3.9/site-packages/airflow/example_dags/example_branch_python_dop_operator_3.py
[2024-01-31T02:09:41.561+0000] {processor.py:830} INFO - Processing file /home/deprojectue/miniconda3/envs/airflow_demo/lib/python3.9/site-packages/airflow/example_dags/example_branch_python_dop_operator_3.py for tasks to queue
[2024-01-31T02:09:41.562+0000] {logging_mixin.py:188} INFO - [2024-01-31T02:09:41.561+0000] {dagbag.py:538} INFO - Filling up the DagBag from /home/deprojectue/miniconda3/envs/airflow_demo/lib/python3.9/site-packages/airflow/example_dags/example_branch_python_dop_operator_3.py
[2024-01-31T02:09:41.574+0000] {processor.py:840} INFO - DAG(s) 'example_branch_dop_operator_v3' retrieved from /home/deprojectue/miniconda3/envs/airflow_demo/lib/python3.9/site-packages/airflow/example_dags/example_branch_python_dop_operator_3.py
[2024-01-31T02:09:41.595+0000] {logging_mixin.py:188} INFO - [2024-01-31T02:09:41.594+0000] {dag.py:3033} INFO - Sync 1 DAGs
[2024-01-31T02:09:41.620+0000] {logging_mixin.py:188} INFO - [2024-01-31T02:09:41.620+0000] {dag.py:3820} INFO - Setting next_dagrun for example_branch_dop_operator_v3 to 2024-01-31T02:08:00+00:00, run_after=2024-01-31T02:09:00+00:00
[2024-01-31T02:09:41.649+0000] {processor.py:183} INFO - Processing /home/deprojectue/miniconda3/envs/airflow_demo/lib/python3.9/site-packages/airflow/example_dags/example_branch_python_dop_operator_3.py took 0.094 seconds
[2024-01-31T02:13:17.951+0000] {processor.py:161} INFO - Started process (PID=211074) to work on /home/deprojectue/miniconda3/envs/airflow_demo/lib/python3.9/site-packages/airflow/example_dags/example_branch_python_dop_operator_3.py
[2024-01-31T02:13:17.953+0000] {processor.py:830} INFO - Processing file /home/deprojectue/miniconda3/envs/airflow_demo/lib/python3.9/site-packages/airflow/example_dags/example_branch_python_dop_operator_3.py for tasks to queue
[2024-01-31T02:13:17.957+0000] {logging_mixin.py:188} INFO - [2024-01-31T02:13:17.956+0000] {dagbag.py:538} INFO - Filling up the DagBag from /home/deprojectue/miniconda3/envs/airflow_demo/lib/python3.9/site-packages/airflow/example_dags/example_branch_python_dop_operator_3.py
[2024-01-31T02:13:17.969+0000] {processor.py:840} INFO - DAG(s) 'example_branch_dop_operator_v3' retrieved from /home/deprojectue/miniconda3/envs/airflow_demo/lib/python3.9/site-packages/airflow/example_dags/example_branch_python_dop_operator_3.py
[2024-01-31T02:13:17.990+0000] {logging_mixin.py:188} INFO - [2024-01-31T02:13:17.989+0000] {dag.py:3033} INFO - Sync 1 DAGs
[2024-01-31T02:13:18.016+0000] {logging_mixin.py:188} INFO - [2024-01-31T02:13:18.016+0000] {dag.py:3820} INFO - Setting next_dagrun for example_branch_dop_operator_v3 to 2024-01-31T02:12:00+00:00, run_after=2024-01-31T02:13:00+00:00
[2024-01-31T02:13:18.044+0000] {processor.py:183} INFO - Processing /home/deprojectue/miniconda3/envs/airflow_demo/lib/python3.9/site-packages/airflow/example_dags/example_branch_python_dop_operator_3.py took 0.098 seconds
[2024-01-31T02:14:18.363+0000] {processor.py:161} INFO - Started process (PID=211143) to work on /home/deprojectue/miniconda3/envs/airflow_demo/lib/python3.9/site-packages/airflow/example_dags/example_branch_python_dop_operator_3.py
[2024-01-31T02:14:18.380+0000] {processor.py:830} INFO - Processing file /home/deprojectue/miniconda3/envs/airflow_demo/lib/python3.9/site-packages/airflow/example_dags/example_branch_python_dop_operator_3.py for tasks to queue
[2024-01-31T02:14:18.384+0000] {logging_mixin.py:188} INFO - [2024-01-31T02:14:18.383+0000] {dagbag.py:538} INFO - Filling up the DagBag from /home/deprojectue/miniconda3/envs/airflow_demo/lib/python3.9/site-packages/airflow/example_dags/example_branch_python_dop_operator_3.py
[2024-01-31T02:14:18.413+0000] {processor.py:840} INFO - DAG(s) 'example_branch_dop_operator_v3' retrieved from /home/deprojectue/miniconda3/envs/airflow_demo/lib/python3.9/site-packages/airflow/example_dags/example_branch_python_dop_operator_3.py
[2024-01-31T02:14:18.461+0000] {logging_mixin.py:188} INFO - [2024-01-31T02:14:18.460+0000] {dag.py:3033} INFO - Sync 1 DAGs
[2024-01-31T02:14:18.504+0000] {logging_mixin.py:188} INFO - [2024-01-31T02:14:18.504+0000] {dag.py:3820} INFO - Setting next_dagrun for example_branch_dop_operator_v3 to 2024-01-31T02:13:00+00:00, run_after=2024-01-31T02:14:00+00:00
[2024-01-31T02:14:18.550+0000] {processor.py:183} INFO - Processing /home/deprojectue/miniconda3/envs/airflow_demo/lib/python3.9/site-packages/airflow/example_dags/example_branch_python_dop_operator_3.py took 0.193 seconds
[2024-01-31T02:22:17.444+0000] {processor.py:161} INFO - Started process (PID=211334) to work on /home/deprojectue/miniconda3/envs/airflow_demo/lib/python3.9/site-packages/airflow/example_dags/example_branch_python_dop_operator_3.py
[2024-01-31T02:22:17.446+0000] {processor.py:830} INFO - Processing file /home/deprojectue/miniconda3/envs/airflow_demo/lib/python3.9/site-packages/airflow/example_dags/example_branch_python_dop_operator_3.py for tasks to queue
[2024-01-31T02:22:17.450+0000] {logging_mixin.py:188} INFO - [2024-01-31T02:22:17.449+0000] {dagbag.py:538} INFO - Filling up the DagBag from /home/deprojectue/miniconda3/envs/airflow_demo/lib/python3.9/site-packages/airflow/example_dags/example_branch_python_dop_operator_3.py
[2024-01-31T02:22:17.462+0000] {processor.py:840} INFO - DAG(s) 'example_branch_dop_operator_v3' retrieved from /home/deprojectue/miniconda3/envs/airflow_demo/lib/python3.9/site-packages/airflow/example_dags/example_branch_python_dop_operator_3.py
[2024-01-31T02:22:17.483+0000] {logging_mixin.py:188} INFO - [2024-01-31T02:22:17.483+0000] {dag.py:3033} INFO - Sync 1 DAGs
[2024-01-31T02:22:17.511+0000] {logging_mixin.py:188} INFO - [2024-01-31T02:22:17.511+0000] {dag.py:3820} INFO - Setting next_dagrun for example_branch_dop_operator_v3 to 2024-01-31T02:21:00+00:00, run_after=2024-01-31T02:22:00+00:00
[2024-01-31T02:22:17.539+0000] {processor.py:183} INFO - Processing /home/deprojectue/miniconda3/envs/airflow_demo/lib/python3.9/site-packages/airflow/example_dags/example_branch_python_dop_operator_3.py took 0.099 seconds
[2024-01-31T08:24:56.079+0000] {processor.py:161} INFO - Started process (PID=214075) to work on /home/deprojectue/miniconda3/envs/airflow_demo/lib/python3.9/site-packages/airflow/example_dags/example_branch_python_dop_operator_3.py
[2024-01-31T08:24:56.081+0000] {processor.py:830} INFO - Processing file /home/deprojectue/miniconda3/envs/airflow_demo/lib/python3.9/site-packages/airflow/example_dags/example_branch_python_dop_operator_3.py for tasks to queue
[2024-01-31T08:24:56.084+0000] {logging_mixin.py:188} INFO - [2024-01-31T08:24:56.083+0000] {dagbag.py:538} INFO - Filling up the DagBag from /home/deprojectue/miniconda3/envs/airflow_demo/lib/python3.9/site-packages/airflow/example_dags/example_branch_python_dop_operator_3.py
[2024-01-31T08:24:56.096+0000] {processor.py:840} INFO - DAG(s) 'example_branch_dop_operator_v3' retrieved from /home/deprojectue/miniconda3/envs/airflow_demo/lib/python3.9/site-packages/airflow/example_dags/example_branch_python_dop_operator_3.py
[2024-01-31T08:24:56.123+0000] {logging_mixin.py:188} INFO - [2024-01-31T08:24:56.122+0000] {dag.py:3033} INFO - Sync 1 DAGs
[2024-01-31T08:24:56.170+0000] {logging_mixin.py:188} INFO - [2024-01-31T08:24:56.170+0000] {dag.py:3820} INFO - Setting next_dagrun for example_branch_dop_operator_v3 to 2024-01-31T08:23:00+00:00, run_after=2024-01-31T08:24:00+00:00
[2024-01-31T08:24:56.205+0000] {processor.py:183} INFO - Processing /home/deprojectue/miniconda3/envs/airflow_demo/lib/python3.9/site-packages/airflow/example_dags/example_branch_python_dop_operator_3.py took 0.131 seconds
[2024-01-31T08:26:57.502+0000] {processor.py:161} INFO - Started process (PID=214664) to work on /home/deprojectue/miniconda3/envs/airflow_demo/lib/python3.9/site-packages/airflow/example_dags/example_branch_python_dop_operator_3.py
[2024-01-31T08:26:57.514+0000] {processor.py:830} INFO - Processing file /home/deprojectue/miniconda3/envs/airflow_demo/lib/python3.9/site-packages/airflow/example_dags/example_branch_python_dop_operator_3.py for tasks to queue
[2024-01-31T08:26:57.727+0000] {logging_mixin.py:188} INFO - [2024-01-31T08:26:57.521+0000] {dagbag.py:538} INFO - Filling up the DagBag from /home/deprojectue/miniconda3/envs/airflow_demo/lib/python3.9/site-packages/airflow/example_dags/example_branch_python_dop_operator_3.py
[2024-01-31T08:26:58.018+0000] {processor.py:840} INFO - DAG(s) 'example_branch_dop_operator_v3' retrieved from /home/deprojectue/miniconda3/envs/airflow_demo/lib/python3.9/site-packages/airflow/example_dags/example_branch_python_dop_operator_3.py
[2024-01-31T08:26:58.271+0000] {logging_mixin.py:188} INFO - [2024-01-31T08:26:58.267+0000] {dag.py:3033} INFO - Sync 1 DAGs
[2024-01-31T08:26:59.509+0000] {logging_mixin.py:188} INFO - [2024-01-31T08:26:59.503+0000] {dag.py:3820} INFO - Setting next_dagrun for example_branch_dop_operator_v3 to 2024-01-31T08:25:00+00:00, run_after=2024-01-31T08:26:00+00:00
[2024-01-31T08:26:59.998+0000] {processor.py:183} INFO - Processing /home/deprojectue/miniconda3/envs/airflow_demo/lib/python3.9/site-packages/airflow/example_dags/example_branch_python_dop_operator_3.py took 3.229 seconds
[2024-01-31T08:52:28.010+0000] {processor.py:161} INFO - Started process (PID=215407) to work on /home/deprojectue/miniconda3/envs/airflow_demo/lib/python3.9/site-packages/airflow/example_dags/example_branch_python_dop_operator_3.py
[2024-01-31T08:52:28.012+0000] {processor.py:830} INFO - Processing file /home/deprojectue/miniconda3/envs/airflow_demo/lib/python3.9/site-packages/airflow/example_dags/example_branch_python_dop_operator_3.py for tasks to queue
[2024-01-31T08:52:28.016+0000] {logging_mixin.py:188} INFO - [2024-01-31T08:52:28.015+0000] {dagbag.py:538} INFO - Filling up the DagBag from /home/deprojectue/miniconda3/envs/airflow_demo/lib/python3.9/site-packages/airflow/example_dags/example_branch_python_dop_operator_3.py
[2024-01-31T08:52:28.027+0000] {processor.py:840} INFO - DAG(s) 'example_branch_dop_operator_v3' retrieved from /home/deprojectue/miniconda3/envs/airflow_demo/lib/python3.9/site-packages/airflow/example_dags/example_branch_python_dop_operator_3.py
[2024-01-31T08:52:28.048+0000] {logging_mixin.py:188} INFO - [2024-01-31T08:52:28.048+0000] {dag.py:3033} INFO - Sync 1 DAGs
[2024-01-31T08:52:28.073+0000] {logging_mixin.py:188} INFO - [2024-01-31T08:52:28.073+0000] {dag.py:3820} INFO - Setting next_dagrun for example_branch_dop_operator_v3 to 2024-01-31T08:51:00+00:00, run_after=2024-01-31T08:52:00+00:00
[2024-01-31T08:52:28.101+0000] {processor.py:183} INFO - Processing /home/deprojectue/miniconda3/envs/airflow_demo/lib/python3.9/site-packages/airflow/example_dags/example_branch_python_dop_operator_3.py took 0.095 seconds
[2024-01-31T08:53:28.498+0000] {processor.py:161} INFO - Started process (PID=215471) to work on /home/deprojectue/miniconda3/envs/airflow_demo/lib/python3.9/site-packages/airflow/example_dags/example_branch_python_dop_operator_3.py
[2024-01-31T08:53:28.500+0000] {processor.py:830} INFO - Processing file /home/deprojectue/miniconda3/envs/airflow_demo/lib/python3.9/site-packages/airflow/example_dags/example_branch_python_dop_operator_3.py for tasks to queue
[2024-01-31T08:53:28.504+0000] {logging_mixin.py:188} INFO - [2024-01-31T08:53:28.504+0000] {dagbag.py:538} INFO - Filling up the DagBag from /home/deprojectue/miniconda3/envs/airflow_demo/lib/python3.9/site-packages/airflow/example_dags/example_branch_python_dop_operator_3.py
[2024-01-31T08:53:28.519+0000] {processor.py:840} INFO - DAG(s) 'example_branch_dop_operator_v3' retrieved from /home/deprojectue/miniconda3/envs/airflow_demo/lib/python3.9/site-packages/airflow/example_dags/example_branch_python_dop_operator_3.py
[2024-01-31T08:53:28.547+0000] {logging_mixin.py:188} INFO - [2024-01-31T08:53:28.546+0000] {dag.py:3033} INFO - Sync 1 DAGs
[2024-01-31T08:53:28.580+0000] {logging_mixin.py:188} INFO - [2024-01-31T08:53:28.580+0000] {dag.py:3820} INFO - Setting next_dagrun for example_branch_dop_operator_v3 to 2024-01-31T08:52:00+00:00, run_after=2024-01-31T08:53:00+00:00
[2024-01-31T08:53:28.615+0000] {processor.py:183} INFO - Processing /home/deprojectue/miniconda3/envs/airflow_demo/lib/python3.9/site-packages/airflow/example_dags/example_branch_python_dop_operator_3.py took 0.122 seconds
[2024-01-31T08:54:31.564+0000] {processor.py:161} INFO - Started process (PID=215533) to work on /home/deprojectue/miniconda3/envs/airflow_demo/lib/python3.9/site-packages/airflow/example_dags/example_branch_python_dop_operator_3.py
[2024-01-31T08:54:31.567+0000] {processor.py:830} INFO - Processing file /home/deprojectue/miniconda3/envs/airflow_demo/lib/python3.9/site-packages/airflow/example_dags/example_branch_python_dop_operator_3.py for tasks to queue
[2024-01-31T08:54:31.570+0000] {logging_mixin.py:188} INFO - [2024-01-31T08:54:31.570+0000] {dagbag.py:538} INFO - Filling up the DagBag from /home/deprojectue/miniconda3/envs/airflow_demo/lib/python3.9/site-packages/airflow/example_dags/example_branch_python_dop_operator_3.py
[2024-01-31T08:54:31.582+0000] {processor.py:840} INFO - DAG(s) 'example_branch_dop_operator_v3' retrieved from /home/deprojectue/miniconda3/envs/airflow_demo/lib/python3.9/site-packages/airflow/example_dags/example_branch_python_dop_operator_3.py
[2024-01-31T08:54:31.602+0000] {logging_mixin.py:188} INFO - [2024-01-31T08:54:31.602+0000] {dag.py:3033} INFO - Sync 1 DAGs
[2024-01-31T08:54:31.626+0000] {logging_mixin.py:188} INFO - [2024-01-31T08:54:31.626+0000] {dag.py:3820} INFO - Setting next_dagrun for example_branch_dop_operator_v3 to 2024-01-31T08:53:00+00:00, run_after=2024-01-31T08:54:00+00:00
[2024-01-31T08:54:31.652+0000] {processor.py:183} INFO - Processing /home/deprojectue/miniconda3/envs/airflow_demo/lib/python3.9/site-packages/airflow/example_dags/example_branch_python_dop_operator_3.py took 0.092 seconds
[2024-01-31T08:55:33.399+0000] {processor.py:161} INFO - Started process (PID=215599) to work on /home/deprojectue/miniconda3/envs/airflow_demo/lib/python3.9/site-packages/airflow/example_dags/example_branch_python_dop_operator_3.py
[2024-01-31T08:55:33.401+0000] {processor.py:830} INFO - Processing file /home/deprojectue/miniconda3/envs/airflow_demo/lib/python3.9/site-packages/airflow/example_dags/example_branch_python_dop_operator_3.py for tasks to queue
[2024-01-31T08:55:33.404+0000] {logging_mixin.py:188} INFO - [2024-01-31T08:55:33.404+0000] {dagbag.py:538} INFO - Filling up the DagBag from /home/deprojectue/miniconda3/envs/airflow_demo/lib/python3.9/site-packages/airflow/example_dags/example_branch_python_dop_operator_3.py
[2024-01-31T08:55:33.415+0000] {processor.py:840} INFO - DAG(s) 'example_branch_dop_operator_v3' retrieved from /home/deprojectue/miniconda3/envs/airflow_demo/lib/python3.9/site-packages/airflow/example_dags/example_branch_python_dop_operator_3.py
[2024-01-31T08:55:33.435+0000] {logging_mixin.py:188} INFO - [2024-01-31T08:55:33.434+0000] {dag.py:3033} INFO - Sync 1 DAGs
[2024-01-31T08:55:33.457+0000] {logging_mixin.py:188} INFO - [2024-01-31T08:55:33.457+0000] {dag.py:3820} INFO - Setting next_dagrun for example_branch_dop_operator_v3 to 2024-01-31T08:54:00+00:00, run_after=2024-01-31T08:55:00+00:00
[2024-01-31T08:55:33.481+0000] {processor.py:183} INFO - Processing /home/deprojectue/miniconda3/envs/airflow_demo/lib/python3.9/site-packages/airflow/example_dags/example_branch_python_dop_operator_3.py took 0.086 seconds
[2024-01-31T08:56:28.022+0000] {processor.py:161} INFO - Started process (PID=215670) to work on /home/deprojectue/miniconda3/envs/airflow_demo/lib/python3.9/site-packages/airflow/example_dags/example_branch_python_dop_operator_3.py
[2024-01-31T08:56:28.024+0000] {processor.py:830} INFO - Processing file /home/deprojectue/miniconda3/envs/airflow_demo/lib/python3.9/site-packages/airflow/example_dags/example_branch_python_dop_operator_3.py for tasks to queue
[2024-01-31T08:56:28.028+0000] {logging_mixin.py:188} INFO - [2024-01-31T08:56:28.027+0000] {dagbag.py:538} INFO - Filling up the DagBag from /home/deprojectue/miniconda3/envs/airflow_demo/lib/python3.9/site-packages/airflow/example_dags/example_branch_python_dop_operator_3.py
[2024-01-31T08:56:28.040+0000] {processor.py:840} INFO - DAG(s) 'example_branch_dop_operator_v3' retrieved from /home/deprojectue/miniconda3/envs/airflow_demo/lib/python3.9/site-packages/airflow/example_dags/example_branch_python_dop_operator_3.py
[2024-01-31T08:56:28.061+0000] {logging_mixin.py:188} INFO - [2024-01-31T08:56:28.060+0000] {dag.py:3033} INFO - Sync 1 DAGs
[2024-01-31T08:56:28.086+0000] {logging_mixin.py:188} INFO - [2024-01-31T08:56:28.085+0000] {dag.py:3820} INFO - Setting next_dagrun for example_branch_dop_operator_v3 to 2024-01-31T08:55:00+00:00, run_after=2024-01-31T08:56:00+00:00
[2024-01-31T08:56:28.112+0000] {processor.py:183} INFO - Processing /home/deprojectue/miniconda3/envs/airflow_demo/lib/python3.9/site-packages/airflow/example_dags/example_branch_python_dop_operator_3.py took 0.094 seconds
[2024-01-31T08:57:25.969+0000] {processor.py:161} INFO - Started process (PID=215735) to work on /home/deprojectue/miniconda3/envs/airflow_demo/lib/python3.9/site-packages/airflow/example_dags/example_branch_python_dop_operator_3.py
[2024-01-31T08:57:25.971+0000] {processor.py:830} INFO - Processing file /home/deprojectue/miniconda3/envs/airflow_demo/lib/python3.9/site-packages/airflow/example_dags/example_branch_python_dop_operator_3.py for tasks to queue
[2024-01-31T08:57:25.974+0000] {logging_mixin.py:188} INFO - [2024-01-31T08:57:25.974+0000] {dagbag.py:538} INFO - Filling up the DagBag from /home/deprojectue/miniconda3/envs/airflow_demo/lib/python3.9/site-packages/airflow/example_dags/example_branch_python_dop_operator_3.py
[2024-01-31T08:57:25.988+0000] {processor.py:840} INFO - DAG(s) 'example_branch_dop_operator_v3' retrieved from /home/deprojectue/miniconda3/envs/airflow_demo/lib/python3.9/site-packages/airflow/example_dags/example_branch_python_dop_operator_3.py
[2024-01-31T08:57:26.010+0000] {logging_mixin.py:188} INFO - [2024-01-31T08:57:26.010+0000] {dag.py:3033} INFO - Sync 1 DAGs
[2024-01-31T08:57:26.035+0000] {logging_mixin.py:188} INFO - [2024-01-31T08:57:26.035+0000] {dag.py:3820} INFO - Setting next_dagrun for example_branch_dop_operator_v3 to 2024-01-31T08:56:00+00:00, run_after=2024-01-31T08:57:00+00:00
[2024-01-31T08:57:26.060+0000] {processor.py:183} INFO - Processing /home/deprojectue/miniconda3/envs/airflow_demo/lib/python3.9/site-packages/airflow/example_dags/example_branch_python_dop_operator_3.py took 0.095 seconds
[2024-01-31T08:58:21.637+0000] {processor.py:161} INFO - Started process (PID=215792) to work on /home/deprojectue/miniconda3/envs/airflow_demo/lib/python3.9/site-packages/airflow/example_dags/example_branch_python_dop_operator_3.py
[2024-01-31T08:58:21.640+0000] {processor.py:830} INFO - Processing file /home/deprojectue/miniconda3/envs/airflow_demo/lib/python3.9/site-packages/airflow/example_dags/example_branch_python_dop_operator_3.py for tasks to queue
[2024-01-31T08:58:21.643+0000] {logging_mixin.py:188} INFO - [2024-01-31T08:58:21.643+0000] {dagbag.py:538} INFO - Filling up the DagBag from /home/deprojectue/miniconda3/envs/airflow_demo/lib/python3.9/site-packages/airflow/example_dags/example_branch_python_dop_operator_3.py
[2024-01-31T08:58:21.657+0000] {processor.py:840} INFO - DAG(s) 'example_branch_dop_operator_v3' retrieved from /home/deprojectue/miniconda3/envs/airflow_demo/lib/python3.9/site-packages/airflow/example_dags/example_branch_python_dop_operator_3.py
[2024-01-31T08:58:21.678+0000] {logging_mixin.py:188} INFO - [2024-01-31T08:58:21.678+0000] {dag.py:3033} INFO - Sync 1 DAGs
[2024-01-31T08:58:21.706+0000] {logging_mixin.py:188} INFO - [2024-01-31T08:58:21.706+0000] {dag.py:3820} INFO - Setting next_dagrun for example_branch_dop_operator_v3 to 2024-01-31T08:57:00+00:00, run_after=2024-01-31T08:58:00+00:00
[2024-01-31T08:58:21.731+0000] {processor.py:183} INFO - Processing /home/deprojectue/miniconda3/envs/airflow_demo/lib/python3.9/site-packages/airflow/example_dags/example_branch_python_dop_operator_3.py took 0.098 seconds
[2024-01-31T08:59:23.835+0000] {processor.py:161} INFO - Started process (PID=215876) to work on /home/deprojectue/miniconda3/envs/airflow_demo/lib/python3.9/site-packages/airflow/example_dags/example_branch_python_dop_operator_3.py
[2024-01-31T08:59:23.837+0000] {processor.py:830} INFO - Processing file /home/deprojectue/miniconda3/envs/airflow_demo/lib/python3.9/site-packages/airflow/example_dags/example_branch_python_dop_operator_3.py for tasks to queue
[2024-01-31T08:59:23.841+0000] {logging_mixin.py:188} INFO - [2024-01-31T08:59:23.840+0000] {dagbag.py:538} INFO - Filling up the DagBag from /home/deprojectue/miniconda3/envs/airflow_demo/lib/python3.9/site-packages/airflow/example_dags/example_branch_python_dop_operator_3.py
[2024-01-31T08:59:23.855+0000] {processor.py:840} INFO - DAG(s) 'example_branch_dop_operator_v3' retrieved from /home/deprojectue/miniconda3/envs/airflow_demo/lib/python3.9/site-packages/airflow/example_dags/example_branch_python_dop_operator_3.py
[2024-01-31T08:59:23.877+0000] {logging_mixin.py:188} INFO - [2024-01-31T08:59:23.877+0000] {dag.py:3033} INFO - Sync 1 DAGs
[2024-01-31T08:59:23.906+0000] {logging_mixin.py:188} INFO - [2024-01-31T08:59:23.905+0000] {dag.py:3820} INFO - Setting next_dagrun for example_branch_dop_operator_v3 to 2024-01-31T08:58:00+00:00, run_after=2024-01-31T08:59:00+00:00
[2024-01-31T08:59:23.933+0000] {processor.py:183} INFO - Processing /home/deprojectue/miniconda3/envs/airflow_demo/lib/python3.9/site-packages/airflow/example_dags/example_branch_python_dop_operator_3.py took 0.103 seconds
[2024-01-31T09:00:20.821+0000] {processor.py:161} INFO - Started process (PID=215936) to work on /home/deprojectue/miniconda3/envs/airflow_demo/lib/python3.9/site-packages/airflow/example_dags/example_branch_python_dop_operator_3.py
[2024-01-31T09:00:20.825+0000] {processor.py:830} INFO - Processing file /home/deprojectue/miniconda3/envs/airflow_demo/lib/python3.9/site-packages/airflow/example_dags/example_branch_python_dop_operator_3.py for tasks to queue
[2024-01-31T09:00:20.829+0000] {logging_mixin.py:188} INFO - [2024-01-31T09:00:20.828+0000] {dagbag.py:538} INFO - Filling up the DagBag from /home/deprojectue/miniconda3/envs/airflow_demo/lib/python3.9/site-packages/airflow/example_dags/example_branch_python_dop_operator_3.py
[2024-01-31T09:00:20.842+0000] {processor.py:840} INFO - DAG(s) 'example_branch_dop_operator_v3' retrieved from /home/deprojectue/miniconda3/envs/airflow_demo/lib/python3.9/site-packages/airflow/example_dags/example_branch_python_dop_operator_3.py
[2024-01-31T09:00:20.862+0000] {logging_mixin.py:188} INFO - [2024-01-31T09:00:20.862+0000] {dag.py:3033} INFO - Sync 1 DAGs
[2024-01-31T09:00:20.889+0000] {logging_mixin.py:188} INFO - [2024-01-31T09:00:20.888+0000] {dag.py:3820} INFO - Setting next_dagrun for example_branch_dop_operator_v3 to 2024-01-31T08:59:00+00:00, run_after=2024-01-31T09:00:00+00:00
[2024-01-31T09:00:20.928+0000] {processor.py:183} INFO - Processing /home/deprojectue/miniconda3/envs/airflow_demo/lib/python3.9/site-packages/airflow/example_dags/example_branch_python_dop_operator_3.py took 0.111 seconds
[2024-01-31T09:01:18.448+0000] {processor.py:161} INFO - Started process (PID=215995) to work on /home/deprojectue/miniconda3/envs/airflow_demo/lib/python3.9/site-packages/airflow/example_dags/example_branch_python_dop_operator_3.py
[2024-01-31T09:01:18.450+0000] {processor.py:830} INFO - Processing file /home/deprojectue/miniconda3/envs/airflow_demo/lib/python3.9/site-packages/airflow/example_dags/example_branch_python_dop_operator_3.py for tasks to queue
[2024-01-31T09:01:18.454+0000] {logging_mixin.py:188} INFO - [2024-01-31T09:01:18.453+0000] {dagbag.py:538} INFO - Filling up the DagBag from /home/deprojectue/miniconda3/envs/airflow_demo/lib/python3.9/site-packages/airflow/example_dags/example_branch_python_dop_operator_3.py
[2024-01-31T09:01:18.467+0000] {processor.py:840} INFO - DAG(s) 'example_branch_dop_operator_v3' retrieved from /home/deprojectue/miniconda3/envs/airflow_demo/lib/python3.9/site-packages/airflow/example_dags/example_branch_python_dop_operator_3.py
[2024-01-31T09:01:18.489+0000] {logging_mixin.py:188} INFO - [2024-01-31T09:01:18.488+0000] {dag.py:3033} INFO - Sync 1 DAGs
[2024-01-31T09:01:18.516+0000] {logging_mixin.py:188} INFO - [2024-01-31T09:01:18.516+0000] {dag.py:3820} INFO - Setting next_dagrun for example_branch_dop_operator_v3 to 2024-01-31T09:00:00+00:00, run_after=2024-01-31T09:01:00+00:00
[2024-01-31T09:01:18.543+0000] {processor.py:183} INFO - Processing /home/deprojectue/miniconda3/envs/airflow_demo/lib/python3.9/site-packages/airflow/example_dags/example_branch_python_dop_operator_3.py took 0.099 seconds
[2024-01-31T09:02:13.187+0000] {processor.py:161} INFO - Started process (PID=216054) to work on /home/deprojectue/miniconda3/envs/airflow_demo/lib/python3.9/site-packages/airflow/example_dags/example_branch_python_dop_operator_3.py
[2024-01-31T09:02:13.189+0000] {processor.py:830} INFO - Processing file /home/deprojectue/miniconda3/envs/airflow_demo/lib/python3.9/site-packages/airflow/example_dags/example_branch_python_dop_operator_3.py for tasks to queue
[2024-01-31T09:02:13.193+0000] {logging_mixin.py:188} INFO - [2024-01-31T09:02:13.192+0000] {dagbag.py:538} INFO - Filling up the DagBag from /home/deprojectue/miniconda3/envs/airflow_demo/lib/python3.9/site-packages/airflow/example_dags/example_branch_python_dop_operator_3.py
[2024-01-31T09:02:13.207+0000] {processor.py:840} INFO - DAG(s) 'example_branch_dop_operator_v3' retrieved from /home/deprojectue/miniconda3/envs/airflow_demo/lib/python3.9/site-packages/airflow/example_dags/example_branch_python_dop_operator_3.py
[2024-01-31T09:02:13.228+0000] {logging_mixin.py:188} INFO - [2024-01-31T09:02:13.227+0000] {dag.py:3033} INFO - Sync 1 DAGs
[2024-01-31T09:02:13.255+0000] {logging_mixin.py:188} INFO - [2024-01-31T09:02:13.255+0000] {dag.py:3820} INFO - Setting next_dagrun for example_branch_dop_operator_v3 to 2024-01-31T09:01:00+00:00, run_after=2024-01-31T09:02:00+00:00
[2024-01-31T09:02:13.281+0000] {processor.py:183} INFO - Processing /home/deprojectue/miniconda3/envs/airflow_demo/lib/python3.9/site-packages/airflow/example_dags/example_branch_python_dop_operator_3.py took 0.099 seconds
[2024-01-31T09:03:08.572+0000] {processor.py:161} INFO - Started process (PID=216113) to work on /home/deprojectue/miniconda3/envs/airflow_demo/lib/python3.9/site-packages/airflow/example_dags/example_branch_python_dop_operator_3.py
[2024-01-31T09:03:08.574+0000] {processor.py:830} INFO - Processing file /home/deprojectue/miniconda3/envs/airflow_demo/lib/python3.9/site-packages/airflow/example_dags/example_branch_python_dop_operator_3.py for tasks to queue
[2024-01-31T09:03:08.578+0000] {logging_mixin.py:188} INFO - [2024-01-31T09:03:08.577+0000] {dagbag.py:538} INFO - Filling up the DagBag from /home/deprojectue/miniconda3/envs/airflow_demo/lib/python3.9/site-packages/airflow/example_dags/example_branch_python_dop_operator_3.py
[2024-01-31T09:03:08.591+0000] {processor.py:840} INFO - DAG(s) 'example_branch_dop_operator_v3' retrieved from /home/deprojectue/miniconda3/envs/airflow_demo/lib/python3.9/site-packages/airflow/example_dags/example_branch_python_dop_operator_3.py
[2024-01-31T09:03:08.612+0000] {logging_mixin.py:188} INFO - [2024-01-31T09:03:08.611+0000] {dag.py:3033} INFO - Sync 1 DAGs
[2024-01-31T09:03:08.639+0000] {logging_mixin.py:188} INFO - [2024-01-31T09:03:08.639+0000] {dag.py:3820} INFO - Setting next_dagrun for example_branch_dop_operator_v3 to 2024-01-31T09:02:00+00:00, run_after=2024-01-31T09:03:00+00:00
[2024-01-31T09:03:08.666+0000] {processor.py:183} INFO - Processing /home/deprojectue/miniconda3/envs/airflow_demo/lib/python3.9/site-packages/airflow/example_dags/example_branch_python_dop_operator_3.py took 0.099 seconds
[2024-01-31T09:04:02.824+0000] {processor.py:161} INFO - Started process (PID=216169) to work on /home/deprojectue/miniconda3/envs/airflow_demo/lib/python3.9/site-packages/airflow/example_dags/example_branch_python_dop_operator_3.py
[2024-01-31T09:04:02.827+0000] {processor.py:830} INFO - Processing file /home/deprojectue/miniconda3/envs/airflow_demo/lib/python3.9/site-packages/airflow/example_dags/example_branch_python_dop_operator_3.py for tasks to queue
[2024-01-31T09:04:02.830+0000] {logging_mixin.py:188} INFO - [2024-01-31T09:04:02.830+0000] {dagbag.py:538} INFO - Filling up the DagBag from /home/deprojectue/miniconda3/envs/airflow_demo/lib/python3.9/site-packages/airflow/example_dags/example_branch_python_dop_operator_3.py
[2024-01-31T09:04:02.845+0000] {processor.py:840} INFO - DAG(s) 'example_branch_dop_operator_v3' retrieved from /home/deprojectue/miniconda3/envs/airflow_demo/lib/python3.9/site-packages/airflow/example_dags/example_branch_python_dop_operator_3.py
[2024-01-31T09:04:02.868+0000] {logging_mixin.py:188} INFO - [2024-01-31T09:04:02.867+0000] {dag.py:3033} INFO - Sync 1 DAGs
[2024-01-31T09:04:02.895+0000] {logging_mixin.py:188} INFO - [2024-01-31T09:04:02.895+0000] {dag.py:3820} INFO - Setting next_dagrun for example_branch_dop_operator_v3 to 2024-01-31T09:03:00+00:00, run_after=2024-01-31T09:04:00+00:00
[2024-01-31T09:04:02.922+0000] {processor.py:183} INFO - Processing /home/deprojectue/miniconda3/envs/airflow_demo/lib/python3.9/site-packages/airflow/example_dags/example_branch_python_dop_operator_3.py took 0.103 seconds
[2024-01-31T09:04:58.472+0000] {processor.py:161} INFO - Started process (PID=216228) to work on /home/deprojectue/miniconda3/envs/airflow_demo/lib/python3.9/site-packages/airflow/example_dags/example_branch_python_dop_operator_3.py
[2024-01-31T09:04:58.475+0000] {processor.py:830} INFO - Processing file /home/deprojectue/miniconda3/envs/airflow_demo/lib/python3.9/site-packages/airflow/example_dags/example_branch_python_dop_operator_3.py for tasks to queue
[2024-01-31T09:04:58.479+0000] {logging_mixin.py:188} INFO - [2024-01-31T09:04:58.478+0000] {dagbag.py:538} INFO - Filling up the DagBag from /home/deprojectue/miniconda3/envs/airflow_demo/lib/python3.9/site-packages/airflow/example_dags/example_branch_python_dop_operator_3.py
[2024-01-31T09:04:58.493+0000] {processor.py:840} INFO - DAG(s) 'example_branch_dop_operator_v3' retrieved from /home/deprojectue/miniconda3/envs/airflow_demo/lib/python3.9/site-packages/airflow/example_dags/example_branch_python_dop_operator_3.py
[2024-01-31T09:04:58.515+0000] {logging_mixin.py:188} INFO - [2024-01-31T09:04:58.514+0000] {dag.py:3033} INFO - Sync 1 DAGs
[2024-01-31T09:04:58.543+0000] {logging_mixin.py:188} INFO - [2024-01-31T09:04:58.543+0000] {dag.py:3820} INFO - Setting next_dagrun for example_branch_dop_operator_v3 to 2024-01-31T09:03:00+00:00, run_after=2024-01-31T09:04:00+00:00
[2024-01-31T09:04:58.570+0000] {processor.py:183} INFO - Processing /home/deprojectue/miniconda3/envs/airflow_demo/lib/python3.9/site-packages/airflow/example_dags/example_branch_python_dop_operator_3.py took 0.103 seconds
[2024-01-31T09:36:19.773+0000] {processor.py:161} INFO - Started process (PID=216912) to work on /home/deprojectue/miniconda3/envs/airflow_demo/lib/python3.9/site-packages/airflow/example_dags/example_branch_python_dop_operator_3.py
[2024-01-31T09:36:19.776+0000] {processor.py:830} INFO - Processing file /home/deprojectue/miniconda3/envs/airflow_demo/lib/python3.9/site-packages/airflow/example_dags/example_branch_python_dop_operator_3.py for tasks to queue
[2024-01-31T09:36:19.779+0000] {logging_mixin.py:188} INFO - [2024-01-31T09:36:19.778+0000] {dagbag.py:538} INFO - Filling up the DagBag from /home/deprojectue/miniconda3/envs/airflow_demo/lib/python3.9/site-packages/airflow/example_dags/example_branch_python_dop_operator_3.py
[2024-01-31T09:36:19.797+0000] {processor.py:840} INFO - DAG(s) 'example_branch_dop_operator_v3' retrieved from /home/deprojectue/miniconda3/envs/airflow_demo/lib/python3.9/site-packages/airflow/example_dags/example_branch_python_dop_operator_3.py
[2024-01-31T09:36:20.027+0000] {logging_mixin.py:188} INFO - [2024-01-31T09:36:20.026+0000] {override.py:1769} INFO - Created Permission View: can edit on DAG:example_branch_dop_operator_v3
[2024-01-31T09:36:20.045+0000] {logging_mixin.py:188} INFO - [2024-01-31T09:36:20.045+0000] {override.py:1769} INFO - Created Permission View: can read on DAG:example_branch_dop_operator_v3
[2024-01-31T09:36:20.057+0000] {logging_mixin.py:188} INFO - [2024-01-31T09:36:20.057+0000] {override.py:1769} INFO - Created Permission View: can delete on DAG:example_branch_dop_operator_v3
[2024-01-31T09:36:20.058+0000] {logging_mixin.py:188} INFO - [2024-01-31T09:36:20.058+0000] {dag.py:3033} INFO - Sync 1 DAGs
[2024-01-31T09:36:20.072+0000] {logging_mixin.py:188} INFO - [2024-01-31T09:36:20.071+0000] {dag.py:3055} INFO - Creating ORM DAG for example_branch_dop_operator_v3
[2024-01-31T09:36:20.097+0000] {logging_mixin.py:188} INFO - [2024-01-31T09:36:20.097+0000] {dag.py:3820} INFO - Setting next_dagrun for example_branch_dop_operator_v3 to 2024-01-31T09:35:00+00:00, run_after=2024-01-31T09:36:00+00:00
[2024-01-31T09:36:20.145+0000] {processor.py:183} INFO - Processing /home/deprojectue/miniconda3/envs/airflow_demo/lib/python3.9/site-packages/airflow/example_dags/example_branch_python_dop_operator_3.py took 0.376 seconds
