[2024-01-31T02:07:30.343+0000] {processor.py:161} INFO - Started process (PID=210210) to work on /home/deprojectue/miniconda3/envs/airflow_demo/lib/python3.9/site-packages/airflow/example_dags/example_setup_teardown_taskflow.py
[2024-01-31T02:07:30.345+0000] {processor.py:830} INFO - Processing file /home/deprojectue/miniconda3/envs/airflow_demo/lib/python3.9/site-packages/airflow/example_dags/example_setup_teardown_taskflow.py for tasks to queue
[2024-01-31T02:07:30.346+0000] {logging_mixin.py:188} INFO - [2024-01-31T02:07:30.345+0000] {dagbag.py:538} INFO - Filling up the DagBag from /home/deprojectue/miniconda3/envs/airflow_demo/lib/python3.9/site-packages/airflow/example_dags/example_setup_teardown_taskflow.py
[2024-01-31T02:07:30.358+0000] {processor.py:840} INFO - DAG(s) 'example_setup_teardown_taskflow' retrieved from /home/deprojectue/miniconda3/envs/airflow_demo/lib/python3.9/site-packages/airflow/example_dags/example_setup_teardown_taskflow.py
[2024-01-31T02:07:30.478+0000] {logging_mixin.py:188} INFO - [2024-01-31T02:07:30.478+0000] {override.py:1769} INFO - Created Permission View: can read on DAG:example_setup_teardown_taskflow
[2024-01-31T02:07:30.494+0000] {logging_mixin.py:188} INFO - [2024-01-31T02:07:30.493+0000] {override.py:1769} INFO - Created Permission View: can delete on DAG:example_setup_teardown_taskflow
[2024-01-31T02:07:30.504+0000] {logging_mixin.py:188} INFO - [2024-01-31T02:07:30.503+0000] {override.py:1769} INFO - Created Permission View: can edit on DAG:example_setup_teardown_taskflow
[2024-01-31T02:07:30.504+0000] {logging_mixin.py:188} INFO - [2024-01-31T02:07:30.504+0000] {dag.py:3033} INFO - Sync 1 DAGs
[2024-01-31T02:07:30.515+0000] {logging_mixin.py:188} INFO - [2024-01-31T02:07:30.515+0000] {dag.py:3055} INFO - Creating ORM DAG for example_setup_teardown_taskflow
[2024-01-31T02:07:30.525+0000] {logging_mixin.py:188} INFO - [2024-01-31T02:07:30.525+0000] {dag.py:3820} INFO - Setting next_dagrun for example_setup_teardown_taskflow to 2024-01-30T00:00:00+00:00, run_after=2024-01-31T00:00:00+00:00
[2024-01-31T02:07:30.549+0000] {processor.py:183} INFO - Processing /home/deprojectue/miniconda3/envs/airflow_demo/lib/python3.9/site-packages/airflow/example_dags/example_setup_teardown_taskflow.py took 0.210 seconds
[2024-01-31T02:09:04.690+0000] {processor.py:161} INFO - Started process (PID=210685) to work on /home/deprojectue/miniconda3/envs/airflow_demo/lib/python3.9/site-packages/airflow/example_dags/example_setup_teardown_taskflow.py
[2024-01-31T02:09:04.692+0000] {processor.py:830} INFO - Processing file /home/deprojectue/miniconda3/envs/airflow_demo/lib/python3.9/site-packages/airflow/example_dags/example_setup_teardown_taskflow.py for tasks to queue
[2024-01-31T02:09:04.693+0000] {logging_mixin.py:188} INFO - [2024-01-31T02:09:04.693+0000] {dagbag.py:538} INFO - Filling up the DagBag from /home/deprojectue/miniconda3/envs/airflow_demo/lib/python3.9/site-packages/airflow/example_dags/example_setup_teardown_taskflow.py
[2024-01-31T02:09:04.705+0000] {processor.py:840} INFO - DAG(s) 'example_setup_teardown_taskflow' retrieved from /home/deprojectue/miniconda3/envs/airflow_demo/lib/python3.9/site-packages/airflow/example_dags/example_setup_teardown_taskflow.py
[2024-01-31T02:09:04.732+0000] {logging_mixin.py:188} INFO - [2024-01-31T02:09:04.732+0000] {dag.py:3033} INFO - Sync 1 DAGs
[2024-01-31T02:09:04.755+0000] {logging_mixin.py:188} INFO - [2024-01-31T02:09:04.755+0000] {dag.py:3820} INFO - Setting next_dagrun for example_setup_teardown_taskflow to 2024-01-30T00:00:00+00:00, run_after=2024-01-31T00:00:00+00:00
[2024-01-31T02:09:04.784+0000] {processor.py:183} INFO - Processing /home/deprojectue/miniconda3/envs/airflow_demo/lib/python3.9/site-packages/airflow/example_dags/example_setup_teardown_taskflow.py took 0.098 seconds
[2024-01-31T02:09:58.868+0000] {processor.py:161} INFO - Started process (PID=210958) to work on /home/deprojectue/miniconda3/envs/airflow_demo/lib/python3.9/site-packages/airflow/example_dags/example_setup_teardown_taskflow.py
[2024-01-31T02:09:58.871+0000] {processor.py:830} INFO - Processing file /home/deprojectue/miniconda3/envs/airflow_demo/lib/python3.9/site-packages/airflow/example_dags/example_setup_teardown_taskflow.py for tasks to queue
[2024-01-31T02:09:58.872+0000] {logging_mixin.py:188} INFO - [2024-01-31T02:09:58.872+0000] {dagbag.py:538} INFO - Filling up the DagBag from /home/deprojectue/miniconda3/envs/airflow_demo/lib/python3.9/site-packages/airflow/example_dags/example_setup_teardown_taskflow.py
[2024-01-31T02:09:58.886+0000] {processor.py:840} INFO - DAG(s) 'example_setup_teardown_taskflow' retrieved from /home/deprojectue/miniconda3/envs/airflow_demo/lib/python3.9/site-packages/airflow/example_dags/example_setup_teardown_taskflow.py
[2024-01-31T02:09:58.907+0000] {logging_mixin.py:188} INFO - [2024-01-31T02:09:58.907+0000] {dag.py:3033} INFO - Sync 1 DAGs
[2024-01-31T02:09:58.930+0000] {logging_mixin.py:188} INFO - [2024-01-31T02:09:58.930+0000] {dag.py:3820} INFO - Setting next_dagrun for example_setup_teardown_taskflow to 2024-01-30T00:00:00+00:00, run_after=2024-01-31T00:00:00+00:00
[2024-01-31T02:09:58.959+0000] {processor.py:183} INFO - Processing /home/deprojectue/miniconda3/envs/airflow_demo/lib/python3.9/site-packages/airflow/example_dags/example_setup_teardown_taskflow.py took 0.094 seconds
[2024-01-31T02:12:47.838+0000] {processor.py:161} INFO - Started process (PID=211044) to work on /home/deprojectue/miniconda3/envs/airflow_demo/lib/python3.9/site-packages/airflow/example_dags/example_setup_teardown_taskflow.py
[2024-01-31T02:12:47.840+0000] {processor.py:830} INFO - Processing file /home/deprojectue/miniconda3/envs/airflow_demo/lib/python3.9/site-packages/airflow/example_dags/example_setup_teardown_taskflow.py for tasks to queue
[2024-01-31T02:12:47.843+0000] {logging_mixin.py:188} INFO - [2024-01-31T02:12:47.843+0000] {dagbag.py:538} INFO - Filling up the DagBag from /home/deprojectue/miniconda3/envs/airflow_demo/lib/python3.9/site-packages/airflow/example_dags/example_setup_teardown_taskflow.py
[2024-01-31T02:12:47.855+0000] {processor.py:840} INFO - DAG(s) 'example_setup_teardown_taskflow' retrieved from /home/deprojectue/miniconda3/envs/airflow_demo/lib/python3.9/site-packages/airflow/example_dags/example_setup_teardown_taskflow.py
[2024-01-31T02:12:47.880+0000] {logging_mixin.py:188} INFO - [2024-01-31T02:12:47.879+0000] {dag.py:3033} INFO - Sync 1 DAGs
[2024-01-31T02:12:47.903+0000] {logging_mixin.py:188} INFO - [2024-01-31T02:12:47.903+0000] {dag.py:3820} INFO - Setting next_dagrun for example_setup_teardown_taskflow to 2024-01-30T00:00:00+00:00, run_after=2024-01-31T00:00:00+00:00
[2024-01-31T02:12:47.928+0000] {processor.py:183} INFO - Processing /home/deprojectue/miniconda3/envs/airflow_demo/lib/python3.9/site-packages/airflow/example_dags/example_setup_teardown_taskflow.py took 0.095 seconds
[2024-01-31T02:13:36.896+0000] {processor.py:161} INFO - Started process (PID=211101) to work on /home/deprojectue/miniconda3/envs/airflow_demo/lib/python3.9/site-packages/airflow/example_dags/example_setup_teardown_taskflow.py
[2024-01-31T02:13:36.898+0000] {processor.py:830} INFO - Processing file /home/deprojectue/miniconda3/envs/airflow_demo/lib/python3.9/site-packages/airflow/example_dags/example_setup_teardown_taskflow.py for tasks to queue
[2024-01-31T02:13:36.902+0000] {logging_mixin.py:188} INFO - [2024-01-31T02:13:36.901+0000] {dagbag.py:538} INFO - Filling up the DagBag from /home/deprojectue/miniconda3/envs/airflow_demo/lib/python3.9/site-packages/airflow/example_dags/example_setup_teardown_taskflow.py
[2024-01-31T02:13:36.915+0000] {processor.py:840} INFO - DAG(s) 'example_setup_teardown_taskflow' retrieved from /home/deprojectue/miniconda3/envs/airflow_demo/lib/python3.9/site-packages/airflow/example_dags/example_setup_teardown_taskflow.py
[2024-01-31T02:13:36.938+0000] {logging_mixin.py:188} INFO - [2024-01-31T02:13:36.937+0000] {dag.py:3033} INFO - Sync 1 DAGs
[2024-01-31T02:13:36.960+0000] {logging_mixin.py:188} INFO - [2024-01-31T02:13:36.960+0000] {dag.py:3820} INFO - Setting next_dagrun for example_setup_teardown_taskflow to 2024-01-30T00:00:00+00:00, run_after=2024-01-31T00:00:00+00:00
[2024-01-31T02:13:36.989+0000] {processor.py:183} INFO - Processing /home/deprojectue/miniconda3/envs/airflow_demo/lib/python3.9/site-packages/airflow/example_dags/example_setup_teardown_taskflow.py took 0.098 seconds
[2024-01-31T02:14:27.310+0000] {processor.py:161} INFO - Started process (PID=211152) to work on /home/deprojectue/miniconda3/envs/airflow_demo/lib/python3.9/site-packages/airflow/example_dags/example_setup_teardown_taskflow.py
[2024-01-31T02:14:27.313+0000] {processor.py:830} INFO - Processing file /home/deprojectue/miniconda3/envs/airflow_demo/lib/python3.9/site-packages/airflow/example_dags/example_setup_teardown_taskflow.py for tasks to queue
[2024-01-31T02:14:27.317+0000] {logging_mixin.py:188} INFO - [2024-01-31T02:14:27.316+0000] {dagbag.py:538} INFO - Filling up the DagBag from /home/deprojectue/miniconda3/envs/airflow_demo/lib/python3.9/site-packages/airflow/example_dags/example_setup_teardown_taskflow.py
[2024-01-31T02:14:27.363+0000] {processor.py:840} INFO - DAG(s) 'example_setup_teardown_taskflow' retrieved from /home/deprojectue/miniconda3/envs/airflow_demo/lib/python3.9/site-packages/airflow/example_dags/example_setup_teardown_taskflow.py
[2024-01-31T02:14:27.417+0000] {logging_mixin.py:188} INFO - [2024-01-31T02:14:27.417+0000] {dag.py:3033} INFO - Sync 1 DAGs
[2024-01-31T02:14:27.488+0000] {logging_mixin.py:188} INFO - [2024-01-31T02:14:27.488+0000] {dag.py:3820} INFO - Setting next_dagrun for example_setup_teardown_taskflow to 2024-01-30T00:00:00+00:00, run_after=2024-01-31T00:00:00+00:00
[2024-01-31T02:14:27.550+0000] {processor.py:183} INFO - Processing /home/deprojectue/miniconda3/envs/airflow_demo/lib/python3.9/site-packages/airflow/example_dags/example_setup_teardown_taskflow.py took 0.245 seconds
[2024-01-31T02:21:46.026+0000] {processor.py:161} INFO - Started process (PID=211304) to work on /home/deprojectue/miniconda3/envs/airflow_demo/lib/python3.9/site-packages/airflow/example_dags/example_setup_teardown_taskflow.py
[2024-01-31T02:21:46.028+0000] {processor.py:830} INFO - Processing file /home/deprojectue/miniconda3/envs/airflow_demo/lib/python3.9/site-packages/airflow/example_dags/example_setup_teardown_taskflow.py for tasks to queue
[2024-01-31T02:21:46.031+0000] {logging_mixin.py:188} INFO - [2024-01-31T02:21:46.031+0000] {dagbag.py:538} INFO - Filling up the DagBag from /home/deprojectue/miniconda3/envs/airflow_demo/lib/python3.9/site-packages/airflow/example_dags/example_setup_teardown_taskflow.py
[2024-01-31T02:21:46.043+0000] {processor.py:840} INFO - DAG(s) 'example_setup_teardown_taskflow' retrieved from /home/deprojectue/miniconda3/envs/airflow_demo/lib/python3.9/site-packages/airflow/example_dags/example_setup_teardown_taskflow.py
[2024-01-31T02:21:46.070+0000] {logging_mixin.py:188} INFO - [2024-01-31T02:21:46.069+0000] {dag.py:3033} INFO - Sync 1 DAGs
[2024-01-31T02:21:46.094+0000] {logging_mixin.py:188} INFO - [2024-01-31T02:21:46.094+0000] {dag.py:3820} INFO - Setting next_dagrun for example_setup_teardown_taskflow to 2024-01-30T00:00:00+00:00, run_after=2024-01-31T00:00:00+00:00
[2024-01-31T02:21:46.118+0000] {processor.py:183} INFO - Processing /home/deprojectue/miniconda3/envs/airflow_demo/lib/python3.9/site-packages/airflow/example_dags/example_setup_teardown_taskflow.py took 0.097 seconds
[2024-01-31T02:22:37.816+0000] {processor.py:161} INFO - Started process (PID=211354) to work on /home/deprojectue/miniconda3/envs/airflow_demo/lib/python3.9/site-packages/airflow/example_dags/example_setup_teardown_taskflow.py
[2024-01-31T02:22:37.818+0000] {processor.py:830} INFO - Processing file /home/deprojectue/miniconda3/envs/airflow_demo/lib/python3.9/site-packages/airflow/example_dags/example_setup_teardown_taskflow.py for tasks to queue
[2024-01-31T02:22:37.821+0000] {logging_mixin.py:188} INFO - [2024-01-31T02:22:37.821+0000] {dagbag.py:538} INFO - Filling up the DagBag from /home/deprojectue/miniconda3/envs/airflow_demo/lib/python3.9/site-packages/airflow/example_dags/example_setup_teardown_taskflow.py
[2024-01-31T02:22:37.833+0000] {processor.py:840} INFO - DAG(s) 'example_setup_teardown_taskflow' retrieved from /home/deprojectue/miniconda3/envs/airflow_demo/lib/python3.9/site-packages/airflow/example_dags/example_setup_teardown_taskflow.py
[2024-01-31T02:22:37.855+0000] {logging_mixin.py:188} INFO - [2024-01-31T02:22:37.855+0000] {dag.py:3033} INFO - Sync 1 DAGs
[2024-01-31T02:22:37.878+0000] {logging_mixin.py:188} INFO - [2024-01-31T02:22:37.878+0000] {dag.py:3820} INFO - Setting next_dagrun for example_setup_teardown_taskflow to 2024-01-30T00:00:00+00:00, run_after=2024-01-31T00:00:00+00:00
[2024-01-31T02:22:37.906+0000] {processor.py:183} INFO - Processing /home/deprojectue/miniconda3/envs/airflow_demo/lib/python3.9/site-packages/airflow/example_dags/example_setup_teardown_taskflow.py took 0.095 seconds
[2024-01-31T08:24:16.891+0000] {processor.py:161} INFO - Started process (PID=214037) to work on /home/deprojectue/miniconda3/envs/airflow_demo/lib/python3.9/site-packages/airflow/example_dags/example_setup_teardown_taskflow.py
[2024-01-31T08:24:16.892+0000] {processor.py:830} INFO - Processing file /home/deprojectue/miniconda3/envs/airflow_demo/lib/python3.9/site-packages/airflow/example_dags/example_setup_teardown_taskflow.py for tasks to queue
[2024-01-31T08:24:16.895+0000] {logging_mixin.py:188} INFO - [2024-01-31T08:24:16.895+0000] {dagbag.py:538} INFO - Filling up the DagBag from /home/deprojectue/miniconda3/envs/airflow_demo/lib/python3.9/site-packages/airflow/example_dags/example_setup_teardown_taskflow.py
[2024-01-31T08:24:16.907+0000] {processor.py:840} INFO - DAG(s) 'example_setup_teardown_taskflow' retrieved from /home/deprojectue/miniconda3/envs/airflow_demo/lib/python3.9/site-packages/airflow/example_dags/example_setup_teardown_taskflow.py
[2024-01-31T08:24:16.933+0000] {logging_mixin.py:188} INFO - [2024-01-31T08:24:16.933+0000] {dag.py:3033} INFO - Sync 1 DAGs
[2024-01-31T08:24:16.956+0000] {logging_mixin.py:188} INFO - [2024-01-31T08:24:16.956+0000] {dag.py:3820} INFO - Setting next_dagrun for example_setup_teardown_taskflow to 2024-01-30T00:00:00+00:00, run_after=2024-01-31T00:00:00+00:00
[2024-01-31T08:24:16.981+0000] {processor.py:183} INFO - Processing /home/deprojectue/miniconda3/envs/airflow_demo/lib/python3.9/site-packages/airflow/example_dags/example_setup_teardown_taskflow.py took 0.094 seconds
[2024-01-31T08:25:14.376+0000] {processor.py:161} INFO - Started process (PID=214096) to work on /home/deprojectue/miniconda3/envs/airflow_demo/lib/python3.9/site-packages/airflow/example_dags/example_setup_teardown_taskflow.py
[2024-01-31T08:25:14.378+0000] {processor.py:830} INFO - Processing file /home/deprojectue/miniconda3/envs/airflow_demo/lib/python3.9/site-packages/airflow/example_dags/example_setup_teardown_taskflow.py for tasks to queue
[2024-01-31T08:25:14.381+0000] {logging_mixin.py:188} INFO - [2024-01-31T08:25:14.381+0000] {dagbag.py:538} INFO - Filling up the DagBag from /home/deprojectue/miniconda3/envs/airflow_demo/lib/python3.9/site-packages/airflow/example_dags/example_setup_teardown_taskflow.py
[2024-01-31T08:25:14.393+0000] {processor.py:840} INFO - DAG(s) 'example_setup_teardown_taskflow' retrieved from /home/deprojectue/miniconda3/envs/airflow_demo/lib/python3.9/site-packages/airflow/example_dags/example_setup_teardown_taskflow.py
[2024-01-31T08:25:14.415+0000] {logging_mixin.py:188} INFO - [2024-01-31T08:25:14.414+0000] {dag.py:3033} INFO - Sync 1 DAGs
[2024-01-31T08:25:14.438+0000] {logging_mixin.py:188} INFO - [2024-01-31T08:25:14.438+0000] {dag.py:3820} INFO - Setting next_dagrun for example_setup_teardown_taskflow to 2024-01-30T00:00:00+00:00, run_after=2024-01-31T00:00:00+00:00
[2024-01-31T08:25:14.464+0000] {processor.py:183} INFO - Processing /home/deprojectue/miniconda3/envs/airflow_demo/lib/python3.9/site-packages/airflow/example_dags/example_setup_teardown_taskflow.py took 0.092 seconds
[2024-01-31T08:34:57.469+0000] {processor.py:161} INFO - Started process (PID=215044) to work on /home/deprojectue/miniconda3/envs/airflow_demo/lib/python3.9/site-packages/airflow/example_dags/example_setup_teardown_taskflow.py
[2024-01-31T08:34:57.477+0000] {processor.py:830} INFO - Processing file /home/deprojectue/miniconda3/envs/airflow_demo/lib/python3.9/site-packages/airflow/example_dags/example_setup_teardown_taskflow.py for tasks to queue
[2024-01-31T08:34:57.478+0000] {logging_mixin.py:188} INFO - [2024-01-31T08:34:57.478+0000] {dagbag.py:538} INFO - Filling up the DagBag from /home/deprojectue/miniconda3/envs/airflow_demo/lib/python3.9/site-packages/airflow/example_dags/example_setup_teardown_taskflow.py
[2024-01-31T08:34:57.521+0000] {processor.py:840} INFO - DAG(s) 'example_setup_teardown_taskflow' retrieved from /home/deprojectue/miniconda3/envs/airflow_demo/lib/python3.9/site-packages/airflow/example_dags/example_setup_teardown_taskflow.py
[2024-01-31T08:34:57.963+0000] {logging_mixin.py:188} INFO - [2024-01-31T08:34:57.963+0000] {dag.py:3033} INFO - Sync 1 DAGs
[2024-01-31T08:34:58.212+0000] {logging_mixin.py:188} INFO - [2024-01-31T08:34:58.211+0000] {dag.py:3820} INFO - Setting next_dagrun for example_setup_teardown_taskflow to 2024-01-30T00:00:00+00:00, run_after=2024-01-31T00:00:00+00:00
[2024-01-31T08:34:58.505+0000] {processor.py:183} INFO - Processing /home/deprojectue/miniconda3/envs/airflow_demo/lib/python3.9/site-packages/airflow/example_dags/example_setup_teardown_taskflow.py took 1.042 seconds
[2024-01-31T08:51:57.937+0000] {processor.py:161} INFO - Started process (PID=215377) to work on /home/deprojectue/miniconda3/envs/airflow_demo/lib/python3.9/site-packages/airflow/example_dags/example_setup_teardown_taskflow.py
[2024-01-31T08:51:57.940+0000] {processor.py:830} INFO - Processing file /home/deprojectue/miniconda3/envs/airflow_demo/lib/python3.9/site-packages/airflow/example_dags/example_setup_teardown_taskflow.py for tasks to queue
[2024-01-31T08:51:57.943+0000] {logging_mixin.py:188} INFO - [2024-01-31T08:51:57.943+0000] {dagbag.py:538} INFO - Filling up the DagBag from /home/deprojectue/miniconda3/envs/airflow_demo/lib/python3.9/site-packages/airflow/example_dags/example_setup_teardown_taskflow.py
[2024-01-31T08:51:57.956+0000] {processor.py:840} INFO - DAG(s) 'example_setup_teardown_taskflow' retrieved from /home/deprojectue/miniconda3/envs/airflow_demo/lib/python3.9/site-packages/airflow/example_dags/example_setup_teardown_taskflow.py
[2024-01-31T08:51:57.985+0000] {logging_mixin.py:188} INFO - [2024-01-31T08:51:57.984+0000] {dag.py:3033} INFO - Sync 1 DAGs
[2024-01-31T08:51:58.005+0000] {logging_mixin.py:188} INFO - [2024-01-31T08:51:58.005+0000] {dag.py:3820} INFO - Setting next_dagrun for example_setup_teardown_taskflow to 2024-01-30T00:00:00+00:00, run_after=2024-01-31T00:00:00+00:00
[2024-01-31T08:51:58.038+0000] {processor.py:183} INFO - Processing /home/deprojectue/miniconda3/envs/airflow_demo/lib/python3.9/site-packages/airflow/example_dags/example_setup_teardown_taskflow.py took 0.106 seconds
[2024-01-31T08:52:47.387+0000] {processor.py:161} INFO - Started process (PID=215428) to work on /home/deprojectue/miniconda3/envs/airflow_demo/lib/python3.9/site-packages/airflow/example_dags/example_setup_teardown_taskflow.py
[2024-01-31T08:52:47.389+0000] {processor.py:830} INFO - Processing file /home/deprojectue/miniconda3/envs/airflow_demo/lib/python3.9/site-packages/airflow/example_dags/example_setup_teardown_taskflow.py for tasks to queue
[2024-01-31T08:52:47.392+0000] {logging_mixin.py:188} INFO - [2024-01-31T08:52:47.391+0000] {dagbag.py:538} INFO - Filling up the DagBag from /home/deprojectue/miniconda3/envs/airflow_demo/lib/python3.9/site-packages/airflow/example_dags/example_setup_teardown_taskflow.py
[2024-01-31T08:52:47.405+0000] {processor.py:840} INFO - DAG(s) 'example_setup_teardown_taskflow' retrieved from /home/deprojectue/miniconda3/envs/airflow_demo/lib/python3.9/site-packages/airflow/example_dags/example_setup_teardown_taskflow.py
[2024-01-31T08:52:47.427+0000] {logging_mixin.py:188} INFO - [2024-01-31T08:52:47.426+0000] {dag.py:3033} INFO - Sync 1 DAGs
[2024-01-31T08:52:47.446+0000] {logging_mixin.py:188} INFO - [2024-01-31T08:52:47.446+0000] {dag.py:3820} INFO - Setting next_dagrun for example_setup_teardown_taskflow to 2024-01-30T00:00:00+00:00, run_after=2024-01-31T00:00:00+00:00
[2024-01-31T08:52:47.470+0000] {processor.py:183} INFO - Processing /home/deprojectue/miniconda3/envs/airflow_demo/lib/python3.9/site-packages/airflow/example_dags/example_setup_teardown_taskflow.py took 0.087 seconds
[2024-01-31T08:53:38.462+0000] {processor.py:161} INFO - Started process (PID=215480) to work on /home/deprojectue/miniconda3/envs/airflow_demo/lib/python3.9/site-packages/airflow/example_dags/example_setup_teardown_taskflow.py
[2024-01-31T08:53:38.464+0000] {processor.py:830} INFO - Processing file /home/deprojectue/miniconda3/envs/airflow_demo/lib/python3.9/site-packages/airflow/example_dags/example_setup_teardown_taskflow.py for tasks to queue
[2024-01-31T08:53:38.467+0000] {logging_mixin.py:188} INFO - [2024-01-31T08:53:38.467+0000] {dagbag.py:538} INFO - Filling up the DagBag from /home/deprojectue/miniconda3/envs/airflow_demo/lib/python3.9/site-packages/airflow/example_dags/example_setup_teardown_taskflow.py
[2024-01-31T08:53:38.480+0000] {processor.py:840} INFO - DAG(s) 'example_setup_teardown_taskflow' retrieved from /home/deprojectue/miniconda3/envs/airflow_demo/lib/python3.9/site-packages/airflow/example_dags/example_setup_teardown_taskflow.py
[2024-01-31T08:53:38.503+0000] {logging_mixin.py:188} INFO - [2024-01-31T08:53:38.503+0000] {dag.py:3033} INFO - Sync 1 DAGs
[2024-01-31T08:53:38.525+0000] {logging_mixin.py:188} INFO - [2024-01-31T08:53:38.525+0000] {dag.py:3820} INFO - Setting next_dagrun for example_setup_teardown_taskflow to 2024-01-30T00:00:00+00:00, run_after=2024-01-31T00:00:00+00:00
[2024-01-31T08:53:38.551+0000] {processor.py:183} INFO - Processing /home/deprojectue/miniconda3/envs/airflow_demo/lib/python3.9/site-packages/airflow/example_dags/example_setup_teardown_taskflow.py took 0.094 seconds
[2024-01-31T08:54:20.115+0000] {processor.py:161} INFO - Started process (PID=215522) to work on /home/deprojectue/miniconda3/envs/airflow_demo/lib/python3.9/site-packages/airflow/example_dags/example_setup_teardown_taskflow.py
[2024-01-31T08:54:20.117+0000] {processor.py:830} INFO - Processing file /home/deprojectue/miniconda3/envs/airflow_demo/lib/python3.9/site-packages/airflow/example_dags/example_setup_teardown_taskflow.py for tasks to queue
[2024-01-31T08:54:20.121+0000] {logging_mixin.py:188} INFO - [2024-01-31T08:54:20.121+0000] {dagbag.py:538} INFO - Filling up the DagBag from /home/deprojectue/miniconda3/envs/airflow_demo/lib/python3.9/site-packages/airflow/example_dags/example_setup_teardown_taskflow.py
[2024-01-31T08:54:20.135+0000] {processor.py:840} INFO - DAG(s) 'example_setup_teardown_taskflow' retrieved from /home/deprojectue/miniconda3/envs/airflow_demo/lib/python3.9/site-packages/airflow/example_dags/example_setup_teardown_taskflow.py
[2024-01-31T08:54:20.158+0000] {logging_mixin.py:188} INFO - [2024-01-31T08:54:20.157+0000] {dag.py:3033} INFO - Sync 1 DAGs
[2024-01-31T08:54:20.178+0000] {logging_mixin.py:188} INFO - [2024-01-31T08:54:20.177+0000] {dag.py:3820} INFO - Setting next_dagrun for example_setup_teardown_taskflow to 2024-01-30T00:00:00+00:00, run_after=2024-01-31T00:00:00+00:00
[2024-01-31T08:54:20.202+0000] {processor.py:183} INFO - Processing /home/deprojectue/miniconda3/envs/airflow_demo/lib/python3.9/site-packages/airflow/example_dags/example_setup_teardown_taskflow.py took 0.091 seconds
[2024-01-31T08:55:01.343+0000] {processor.py:161} INFO - Started process (PID=215566) to work on /home/deprojectue/miniconda3/envs/airflow_demo/lib/python3.9/site-packages/airflow/example_dags/example_setup_teardown_taskflow.py
[2024-01-31T08:55:01.345+0000] {processor.py:830} INFO - Processing file /home/deprojectue/miniconda3/envs/airflow_demo/lib/python3.9/site-packages/airflow/example_dags/example_setup_teardown_taskflow.py for tasks to queue
[2024-01-31T08:55:01.349+0000] {logging_mixin.py:188} INFO - [2024-01-31T08:55:01.348+0000] {dagbag.py:538} INFO - Filling up the DagBag from /home/deprojectue/miniconda3/envs/airflow_demo/lib/python3.9/site-packages/airflow/example_dags/example_setup_teardown_taskflow.py
[2024-01-31T08:55:01.362+0000] {processor.py:840} INFO - DAG(s) 'example_setup_teardown_taskflow' retrieved from /home/deprojectue/miniconda3/envs/airflow_demo/lib/python3.9/site-packages/airflow/example_dags/example_setup_teardown_taskflow.py
[2024-01-31T08:55:01.383+0000] {logging_mixin.py:188} INFO - [2024-01-31T08:55:01.382+0000] {dag.py:3033} INFO - Sync 1 DAGs
[2024-01-31T08:55:01.403+0000] {logging_mixin.py:188} INFO - [2024-01-31T08:55:01.402+0000] {dag.py:3820} INFO - Setting next_dagrun for example_setup_teardown_taskflow to 2024-01-30T00:00:00+00:00, run_after=2024-01-31T00:00:00+00:00
[2024-01-31T08:55:01.427+0000] {processor.py:183} INFO - Processing /home/deprojectue/miniconda3/envs/airflow_demo/lib/python3.9/site-packages/airflow/example_dags/example_setup_teardown_taskflow.py took 0.088 seconds
[2024-01-31T08:55:42.087+0000] {processor.py:161} INFO - Started process (PID=215609) to work on /home/deprojectue/miniconda3/envs/airflow_demo/lib/python3.9/site-packages/airflow/example_dags/example_setup_teardown_taskflow.py
[2024-01-31T08:55:42.089+0000] {processor.py:830} INFO - Processing file /home/deprojectue/miniconda3/envs/airflow_demo/lib/python3.9/site-packages/airflow/example_dags/example_setup_teardown_taskflow.py for tasks to queue
[2024-01-31T08:55:42.093+0000] {logging_mixin.py:188} INFO - [2024-01-31T08:55:42.092+0000] {dagbag.py:538} INFO - Filling up the DagBag from /home/deprojectue/miniconda3/envs/airflow_demo/lib/python3.9/site-packages/airflow/example_dags/example_setup_teardown_taskflow.py
[2024-01-31T08:55:42.106+0000] {processor.py:840} INFO - DAG(s) 'example_setup_teardown_taskflow' retrieved from /home/deprojectue/miniconda3/envs/airflow_demo/lib/python3.9/site-packages/airflow/example_dags/example_setup_teardown_taskflow.py
[2024-01-31T08:55:42.127+0000] {logging_mixin.py:188} INFO - [2024-01-31T08:55:42.126+0000] {dag.py:3033} INFO - Sync 1 DAGs
[2024-01-31T08:55:42.146+0000] {logging_mixin.py:188} INFO - [2024-01-31T08:55:42.146+0000] {dag.py:3820} INFO - Setting next_dagrun for example_setup_teardown_taskflow to 2024-01-30T00:00:00+00:00, run_after=2024-01-31T00:00:00+00:00
[2024-01-31T08:55:42.170+0000] {processor.py:183} INFO - Processing /home/deprojectue/miniconda3/envs/airflow_demo/lib/python3.9/site-packages/airflow/example_dags/example_setup_teardown_taskflow.py took 0.088 seconds
[2024-01-31T08:56:37.028+0000] {processor.py:161} INFO - Started process (PID=215679) to work on /home/deprojectue/miniconda3/envs/airflow_demo/lib/python3.9/site-packages/airflow/example_dags/example_setup_teardown_taskflow.py
[2024-01-31T08:56:37.030+0000] {processor.py:830} INFO - Processing file /home/deprojectue/miniconda3/envs/airflow_demo/lib/python3.9/site-packages/airflow/example_dags/example_setup_teardown_taskflow.py for tasks to queue
[2024-01-31T08:56:37.034+0000] {logging_mixin.py:188} INFO - [2024-01-31T08:56:37.034+0000] {dagbag.py:538} INFO - Filling up the DagBag from /home/deprojectue/miniconda3/envs/airflow_demo/lib/python3.9/site-packages/airflow/example_dags/example_setup_teardown_taskflow.py
[2024-01-31T08:56:37.047+0000] {processor.py:840} INFO - DAG(s) 'example_setup_teardown_taskflow' retrieved from /home/deprojectue/miniconda3/envs/airflow_demo/lib/python3.9/site-packages/airflow/example_dags/example_setup_teardown_taskflow.py
[2024-01-31T08:56:37.069+0000] {logging_mixin.py:188} INFO - [2024-01-31T08:56:37.068+0000] {dag.py:3033} INFO - Sync 1 DAGs
[2024-01-31T08:56:37.089+0000] {logging_mixin.py:188} INFO - [2024-01-31T08:56:37.089+0000] {dag.py:3820} INFO - Setting next_dagrun for example_setup_teardown_taskflow to 2024-01-30T00:00:00+00:00, run_after=2024-01-31T00:00:00+00:00
[2024-01-31T08:56:37.117+0000] {processor.py:183} INFO - Processing /home/deprojectue/miniconda3/envs/airflow_demo/lib/python3.9/site-packages/airflow/example_dags/example_setup_teardown_taskflow.py took 0.093 seconds
[2024-01-31T08:57:15.651+0000] {processor.py:161} INFO - Started process (PID=215725) to work on /home/deprojectue/miniconda3/envs/airflow_demo/lib/python3.9/site-packages/airflow/example_dags/example_setup_teardown_taskflow.py
[2024-01-31T08:57:15.653+0000] {processor.py:830} INFO - Processing file /home/deprojectue/miniconda3/envs/airflow_demo/lib/python3.9/site-packages/airflow/example_dags/example_setup_teardown_taskflow.py for tasks to queue
[2024-01-31T08:57:15.657+0000] {logging_mixin.py:188} INFO - [2024-01-31T08:57:15.657+0000] {dagbag.py:538} INFO - Filling up the DagBag from /home/deprojectue/miniconda3/envs/airflow_demo/lib/python3.9/site-packages/airflow/example_dags/example_setup_teardown_taskflow.py
[2024-01-31T08:57:15.669+0000] {processor.py:840} INFO - DAG(s) 'example_setup_teardown_taskflow' retrieved from /home/deprojectue/miniconda3/envs/airflow_demo/lib/python3.9/site-packages/airflow/example_dags/example_setup_teardown_taskflow.py
[2024-01-31T08:57:15.690+0000] {logging_mixin.py:188} INFO - [2024-01-31T08:57:15.689+0000] {dag.py:3033} INFO - Sync 1 DAGs
[2024-01-31T08:57:15.709+0000] {logging_mixin.py:188} INFO - [2024-01-31T08:57:15.709+0000] {dag.py:3820} INFO - Setting next_dagrun for example_setup_teardown_taskflow to 2024-01-30T00:00:00+00:00, run_after=2024-01-31T00:00:00+00:00
[2024-01-31T08:57:15.735+0000] {processor.py:183} INFO - Processing /home/deprojectue/miniconda3/envs/airflow_demo/lib/python3.9/site-packages/airflow/example_dags/example_setup_teardown_taskflow.py took 0.088 seconds
[2024-01-31T08:58:11.280+0000] {processor.py:161} INFO - Started process (PID=215782) to work on /home/deprojectue/miniconda3/envs/airflow_demo/lib/python3.9/site-packages/airflow/example_dags/example_setup_teardown_taskflow.py
[2024-01-31T08:58:11.282+0000] {processor.py:830} INFO - Processing file /home/deprojectue/miniconda3/envs/airflow_demo/lib/python3.9/site-packages/airflow/example_dags/example_setup_teardown_taskflow.py for tasks to queue
[2024-01-31T08:58:11.286+0000] {logging_mixin.py:188} INFO - [2024-01-31T08:58:11.286+0000] {dagbag.py:538} INFO - Filling up the DagBag from /home/deprojectue/miniconda3/envs/airflow_demo/lib/python3.9/site-packages/airflow/example_dags/example_setup_teardown_taskflow.py
[2024-01-31T08:58:11.300+0000] {processor.py:840} INFO - DAG(s) 'example_setup_teardown_taskflow' retrieved from /home/deprojectue/miniconda3/envs/airflow_demo/lib/python3.9/site-packages/airflow/example_dags/example_setup_teardown_taskflow.py
[2024-01-31T08:58:11.322+0000] {logging_mixin.py:188} INFO - [2024-01-31T08:58:11.322+0000] {dag.py:3033} INFO - Sync 1 DAGs
[2024-01-31T08:58:11.345+0000] {logging_mixin.py:188} INFO - [2024-01-31T08:58:11.344+0000] {dag.py:3820} INFO - Setting next_dagrun for example_setup_teardown_taskflow to 2024-01-30T00:00:00+00:00, run_after=2024-01-31T00:00:00+00:00
[2024-01-31T08:58:11.372+0000] {processor.py:183} INFO - Processing /home/deprojectue/miniconda3/envs/airflow_demo/lib/python3.9/site-packages/airflow/example_dags/example_setup_teardown_taskflow.py took 0.097 seconds
[2024-01-31T08:58:52.295+0000] {processor.py:161} INFO - Started process (PID=215842) to work on /home/deprojectue/miniconda3/envs/airflow_demo/lib/python3.9/site-packages/airflow/example_dags/example_setup_teardown_taskflow.py
[2024-01-31T08:58:52.298+0000] {processor.py:830} INFO - Processing file /home/deprojectue/miniconda3/envs/airflow_demo/lib/python3.9/site-packages/airflow/example_dags/example_setup_teardown_taskflow.py for tasks to queue
[2024-01-31T08:58:52.302+0000] {logging_mixin.py:188} INFO - [2024-01-31T08:58:52.301+0000] {dagbag.py:538} INFO - Filling up the DagBag from /home/deprojectue/miniconda3/envs/airflow_demo/lib/python3.9/site-packages/airflow/example_dags/example_setup_teardown_taskflow.py
[2024-01-31T08:58:52.316+0000] {processor.py:840} INFO - DAG(s) 'example_setup_teardown_taskflow' retrieved from /home/deprojectue/miniconda3/envs/airflow_demo/lib/python3.9/site-packages/airflow/example_dags/example_setup_teardown_taskflow.py
[2024-01-31T08:58:52.339+0000] {logging_mixin.py:188} INFO - [2024-01-31T08:58:52.338+0000] {dag.py:3033} INFO - Sync 1 DAGs
[2024-01-31T08:58:52.360+0000] {logging_mixin.py:188} INFO - [2024-01-31T08:58:52.359+0000] {dag.py:3820} INFO - Setting next_dagrun for example_setup_teardown_taskflow to 2024-01-30T00:00:00+00:00, run_after=2024-01-31T00:00:00+00:00
[2024-01-31T08:58:52.385+0000] {processor.py:183} INFO - Processing /home/deprojectue/miniconda3/envs/airflow_demo/lib/python3.9/site-packages/airflow/example_dags/example_setup_teardown_taskflow.py took 0.094 seconds
[2024-01-31T08:59:33.634+0000] {processor.py:161} INFO - Started process (PID=215886) to work on /home/deprojectue/miniconda3/envs/airflow_demo/lib/python3.9/site-packages/airflow/example_dags/example_setup_teardown_taskflow.py
[2024-01-31T08:59:33.636+0000] {processor.py:830} INFO - Processing file /home/deprojectue/miniconda3/envs/airflow_demo/lib/python3.9/site-packages/airflow/example_dags/example_setup_teardown_taskflow.py for tasks to queue
[2024-01-31T08:59:33.639+0000] {logging_mixin.py:188} INFO - [2024-01-31T08:59:33.639+0000] {dagbag.py:538} INFO - Filling up the DagBag from /home/deprojectue/miniconda3/envs/airflow_demo/lib/python3.9/site-packages/airflow/example_dags/example_setup_teardown_taskflow.py
[2024-01-31T08:59:33.652+0000] {processor.py:840} INFO - DAG(s) 'example_setup_teardown_taskflow' retrieved from /home/deprojectue/miniconda3/envs/airflow_demo/lib/python3.9/site-packages/airflow/example_dags/example_setup_teardown_taskflow.py
[2024-01-31T08:59:33.673+0000] {logging_mixin.py:188} INFO - [2024-01-31T08:59:33.672+0000] {dag.py:3033} INFO - Sync 1 DAGs
[2024-01-31T08:59:33.692+0000] {logging_mixin.py:188} INFO - [2024-01-31T08:59:33.692+0000] {dag.py:3820} INFO - Setting next_dagrun for example_setup_teardown_taskflow to 2024-01-30T00:00:00+00:00, run_after=2024-01-31T00:00:00+00:00
[2024-01-31T08:59:33.717+0000] {processor.py:183} INFO - Processing /home/deprojectue/miniconda3/envs/airflow_demo/lib/python3.9/site-packages/airflow/example_dags/example_setup_teardown_taskflow.py took 0.088 seconds
[2024-01-31T09:00:12.713+0000] {processor.py:161} INFO - Started process (PID=215926) to work on /home/deprojectue/miniconda3/envs/airflow_demo/lib/python3.9/site-packages/airflow/example_dags/example_setup_teardown_taskflow.py
[2024-01-31T09:00:12.715+0000] {processor.py:830} INFO - Processing file /home/deprojectue/miniconda3/envs/airflow_demo/lib/python3.9/site-packages/airflow/example_dags/example_setup_teardown_taskflow.py for tasks to queue
[2024-01-31T09:00:12.719+0000] {logging_mixin.py:188} INFO - [2024-01-31T09:00:12.718+0000] {dagbag.py:538} INFO - Filling up the DagBag from /home/deprojectue/miniconda3/envs/airflow_demo/lib/python3.9/site-packages/airflow/example_dags/example_setup_teardown_taskflow.py
[2024-01-31T09:00:12.733+0000] {processor.py:840} INFO - DAG(s) 'example_setup_teardown_taskflow' retrieved from /home/deprojectue/miniconda3/envs/airflow_demo/lib/python3.9/site-packages/airflow/example_dags/example_setup_teardown_taskflow.py
[2024-01-31T09:00:12.757+0000] {logging_mixin.py:188} INFO - [2024-01-31T09:00:12.756+0000] {dag.py:3033} INFO - Sync 1 DAGs
[2024-01-31T09:00:12.777+0000] {logging_mixin.py:188} INFO - [2024-01-31T09:00:12.777+0000] {dag.py:3820} INFO - Setting next_dagrun for example_setup_teardown_taskflow to 2024-01-30T00:00:00+00:00, run_after=2024-01-31T00:00:00+00:00
[2024-01-31T09:00:12.803+0000] {processor.py:183} INFO - Processing /home/deprojectue/miniconda3/envs/airflow_demo/lib/python3.9/site-packages/airflow/example_dags/example_setup_teardown_taskflow.py took 0.094 seconds
[2024-01-31T09:01:08.266+0000] {processor.py:161} INFO - Started process (PID=215986) to work on /home/deprojectue/miniconda3/envs/airflow_demo/lib/python3.9/site-packages/airflow/example_dags/example_setup_teardown_taskflow.py
[2024-01-31T09:01:08.269+0000] {processor.py:830} INFO - Processing file /home/deprojectue/miniconda3/envs/airflow_demo/lib/python3.9/site-packages/airflow/example_dags/example_setup_teardown_taskflow.py for tasks to queue
[2024-01-31T09:01:08.272+0000] {logging_mixin.py:188} INFO - [2024-01-31T09:01:08.272+0000] {dagbag.py:538} INFO - Filling up the DagBag from /home/deprojectue/miniconda3/envs/airflow_demo/lib/python3.9/site-packages/airflow/example_dags/example_setup_teardown_taskflow.py
[2024-01-31T09:01:08.285+0000] {processor.py:840} INFO - DAG(s) 'example_setup_teardown_taskflow' retrieved from /home/deprojectue/miniconda3/envs/airflow_demo/lib/python3.9/site-packages/airflow/example_dags/example_setup_teardown_taskflow.py
[2024-01-31T09:01:08.306+0000] {logging_mixin.py:188} INFO - [2024-01-31T09:01:08.305+0000] {dag.py:3033} INFO - Sync 1 DAGs
[2024-01-31T09:01:08.326+0000] {logging_mixin.py:188} INFO - [2024-01-31T09:01:08.326+0000] {dag.py:3820} INFO - Setting next_dagrun for example_setup_teardown_taskflow to 2024-01-30T00:00:00+00:00, run_after=2024-01-31T00:00:00+00:00
[2024-01-31T09:01:08.352+0000] {processor.py:183} INFO - Processing /home/deprojectue/miniconda3/envs/airflow_demo/lib/python3.9/site-packages/airflow/example_dags/example_setup_teardown_taskflow.py took 0.090 seconds
[2024-01-31T09:02:02.747+0000] {processor.py:161} INFO - Started process (PID=216045) to work on /home/deprojectue/miniconda3/envs/airflow_demo/lib/python3.9/site-packages/airflow/example_dags/example_setup_teardown_taskflow.py
[2024-01-31T09:02:02.749+0000] {processor.py:830} INFO - Processing file /home/deprojectue/miniconda3/envs/airflow_demo/lib/python3.9/site-packages/airflow/example_dags/example_setup_teardown_taskflow.py for tasks to queue
[2024-01-31T09:02:02.753+0000] {logging_mixin.py:188} INFO - [2024-01-31T09:02:02.753+0000] {dagbag.py:538} INFO - Filling up the DagBag from /home/deprojectue/miniconda3/envs/airflow_demo/lib/python3.9/site-packages/airflow/example_dags/example_setup_teardown_taskflow.py
[2024-01-31T09:02:02.767+0000] {processor.py:840} INFO - DAG(s) 'example_setup_teardown_taskflow' retrieved from /home/deprojectue/miniconda3/envs/airflow_demo/lib/python3.9/site-packages/airflow/example_dags/example_setup_teardown_taskflow.py
[2024-01-31T09:02:02.790+0000] {logging_mixin.py:188} INFO - [2024-01-31T09:02:02.789+0000] {dag.py:3033} INFO - Sync 1 DAGs
[2024-01-31T09:02:02.811+0000] {logging_mixin.py:188} INFO - [2024-01-31T09:02:02.811+0000] {dag.py:3820} INFO - Setting next_dagrun for example_setup_teardown_taskflow to 2024-01-30T00:00:00+00:00, run_after=2024-01-31T00:00:00+00:00
[2024-01-31T09:02:02.839+0000] {processor.py:183} INFO - Processing /home/deprojectue/miniconda3/envs/airflow_demo/lib/python3.9/site-packages/airflow/example_dags/example_setup_teardown_taskflow.py took 0.096 seconds
[2024-01-31T09:03:00.776+0000] {processor.py:161} INFO - Started process (PID=216104) to work on /home/deprojectue/miniconda3/envs/airflow_demo/lib/python3.9/site-packages/airflow/example_dags/example_setup_teardown_taskflow.py
[2024-01-31T09:03:00.779+0000] {processor.py:830} INFO - Processing file /home/deprojectue/miniconda3/envs/airflow_demo/lib/python3.9/site-packages/airflow/example_dags/example_setup_teardown_taskflow.py for tasks to queue
[2024-01-31T09:03:00.784+0000] {logging_mixin.py:188} INFO - [2024-01-31T09:03:00.783+0000] {dagbag.py:538} INFO - Filling up the DagBag from /home/deprojectue/miniconda3/envs/airflow_demo/lib/python3.9/site-packages/airflow/example_dags/example_setup_teardown_taskflow.py
[2024-01-31T09:03:00.797+0000] {processor.py:840} INFO - DAG(s) 'example_setup_teardown_taskflow' retrieved from /home/deprojectue/miniconda3/envs/airflow_demo/lib/python3.9/site-packages/airflow/example_dags/example_setup_teardown_taskflow.py
[2024-01-31T09:03:00.819+0000] {logging_mixin.py:188} INFO - [2024-01-31T09:03:00.818+0000] {dag.py:3033} INFO - Sync 1 DAGs
[2024-01-31T09:03:00.839+0000] {logging_mixin.py:188} INFO - [2024-01-31T09:03:00.839+0000] {dag.py:3820} INFO - Setting next_dagrun for example_setup_teardown_taskflow to 2024-01-30T00:00:00+00:00, run_after=2024-01-31T00:00:00+00:00
[2024-01-31T09:03:00.864+0000] {processor.py:183} INFO - Processing /home/deprojectue/miniconda3/envs/airflow_demo/lib/python3.9/site-packages/airflow/example_dags/example_setup_teardown_taskflow.py took 0.092 seconds
[2024-01-31T09:03:53.824+0000] {processor.py:161} INFO - Started process (PID=216160) to work on /home/deprojectue/miniconda3/envs/airflow_demo/lib/python3.9/site-packages/airflow/example_dags/example_setup_teardown_taskflow.py
[2024-01-31T09:03:53.827+0000] {processor.py:830} INFO - Processing file /home/deprojectue/miniconda3/envs/airflow_demo/lib/python3.9/site-packages/airflow/example_dags/example_setup_teardown_taskflow.py for tasks to queue
[2024-01-31T09:03:53.830+0000] {logging_mixin.py:188} INFO - [2024-01-31T09:03:53.830+0000] {dagbag.py:538} INFO - Filling up the DagBag from /home/deprojectue/miniconda3/envs/airflow_demo/lib/python3.9/site-packages/airflow/example_dags/example_setup_teardown_taskflow.py
[2024-01-31T09:03:53.845+0000] {processor.py:840} INFO - DAG(s) 'example_setup_teardown_taskflow' retrieved from /home/deprojectue/miniconda3/envs/airflow_demo/lib/python3.9/site-packages/airflow/example_dags/example_setup_teardown_taskflow.py
[2024-01-31T09:03:53.869+0000] {logging_mixin.py:188} INFO - [2024-01-31T09:03:53.868+0000] {dag.py:3033} INFO - Sync 1 DAGs
[2024-01-31T09:03:53.891+0000] {logging_mixin.py:188} INFO - [2024-01-31T09:03:53.891+0000] {dag.py:3820} INFO - Setting next_dagrun for example_setup_teardown_taskflow to 2024-01-30T00:00:00+00:00, run_after=2024-01-31T00:00:00+00:00
[2024-01-31T09:03:53.921+0000] {processor.py:183} INFO - Processing /home/deprojectue/miniconda3/envs/airflow_demo/lib/python3.9/site-packages/airflow/example_dags/example_setup_teardown_taskflow.py took 0.101 seconds
[2024-01-31T09:04:48.080+0000] {processor.py:161} INFO - Started process (PID=216219) to work on /home/deprojectue/miniconda3/envs/airflow_demo/lib/python3.9/site-packages/airflow/example_dags/example_setup_teardown_taskflow.py
[2024-01-31T09:04:48.082+0000] {processor.py:830} INFO - Processing file /home/deprojectue/miniconda3/envs/airflow_demo/lib/python3.9/site-packages/airflow/example_dags/example_setup_teardown_taskflow.py for tasks to queue
[2024-01-31T09:04:48.086+0000] {logging_mixin.py:188} INFO - [2024-01-31T09:04:48.085+0000] {dagbag.py:538} INFO - Filling up the DagBag from /home/deprojectue/miniconda3/envs/airflow_demo/lib/python3.9/site-packages/airflow/example_dags/example_setup_teardown_taskflow.py
[2024-01-31T09:04:48.100+0000] {processor.py:840} INFO - DAG(s) 'example_setup_teardown_taskflow' retrieved from /home/deprojectue/miniconda3/envs/airflow_demo/lib/python3.9/site-packages/airflow/example_dags/example_setup_teardown_taskflow.py
[2024-01-31T09:04:48.122+0000] {logging_mixin.py:188} INFO - [2024-01-31T09:04:48.121+0000] {dag.py:3033} INFO - Sync 1 DAGs
[2024-01-31T09:04:48.144+0000] {logging_mixin.py:188} INFO - [2024-01-31T09:04:48.144+0000] {dag.py:3820} INFO - Setting next_dagrun for example_setup_teardown_taskflow to 2024-01-30T00:00:00+00:00, run_after=2024-01-31T00:00:00+00:00
[2024-01-31T09:04:48.169+0000] {processor.py:183} INFO - Processing /home/deprojectue/miniconda3/envs/airflow_demo/lib/python3.9/site-packages/airflow/example_dags/example_setup_teardown_taskflow.py took 0.094 seconds
[2024-01-31T09:05:28.125+0000] {processor.py:161} INFO - Started process (PID=216261) to work on /home/deprojectue/miniconda3/envs/airflow_demo/lib/python3.9/site-packages/airflow/example_dags/example_setup_teardown_taskflow.py
[2024-01-31T09:05:28.128+0000] {processor.py:830} INFO - Processing file /home/deprojectue/miniconda3/envs/airflow_demo/lib/python3.9/site-packages/airflow/example_dags/example_setup_teardown_taskflow.py for tasks to queue
[2024-01-31T09:05:28.132+0000] {logging_mixin.py:188} INFO - [2024-01-31T09:05:28.132+0000] {dagbag.py:538} INFO - Filling up the DagBag from /home/deprojectue/miniconda3/envs/airflow_demo/lib/python3.9/site-packages/airflow/example_dags/example_setup_teardown_taskflow.py
[2024-01-31T09:05:28.149+0000] {processor.py:840} INFO - DAG(s) 'example_setup_teardown_taskflow' retrieved from /home/deprojectue/miniconda3/envs/airflow_demo/lib/python3.9/site-packages/airflow/example_dags/example_setup_teardown_taskflow.py
[2024-01-31T09:05:28.177+0000] {logging_mixin.py:188} INFO - [2024-01-31T09:05:28.176+0000] {dag.py:3033} INFO - Sync 1 DAGs
[2024-01-31T09:05:28.214+0000] {logging_mixin.py:188} INFO - [2024-01-31T09:05:28.214+0000] {dag.py:3820} INFO - Setting next_dagrun for example_setup_teardown_taskflow to 2024-01-30T00:00:00+00:00, run_after=2024-01-31T00:00:00+00:00
[2024-01-31T09:05:28.255+0000] {processor.py:183} INFO - Processing /home/deprojectue/miniconda3/envs/airflow_demo/lib/python3.9/site-packages/airflow/example_dags/example_setup_teardown_taskflow.py took 0.135 seconds
[2024-01-31T09:13:13.109+0000] {processor.py:161} INFO - Started process (PID=216432) to work on /home/deprojectue/miniconda3/envs/airflow_demo/lib/python3.9/site-packages/airflow/example_dags/example_setup_teardown_taskflow.py
[2024-01-31T09:13:13.115+0000] {processor.py:830} INFO - Processing file /home/deprojectue/miniconda3/envs/airflow_demo/lib/python3.9/site-packages/airflow/example_dags/example_setup_teardown_taskflow.py for tasks to queue
[2024-01-31T09:13:13.136+0000] {logging_mixin.py:188} INFO - [2024-01-31T09:13:13.136+0000] {dagbag.py:538} INFO - Filling up the DagBag from /home/deprojectue/miniconda3/envs/airflow_demo/lib/python3.9/site-packages/airflow/example_dags/example_setup_teardown_taskflow.py
[2024-01-31T09:13:13.357+0000] {processor.py:840} INFO - DAG(s) 'example_setup_teardown_taskflow' retrieved from /home/deprojectue/miniconda3/envs/airflow_demo/lib/python3.9/site-packages/airflow/example_dags/example_setup_teardown_taskflow.py
[2024-01-31T09:13:13.397+0000] {logging_mixin.py:188} INFO - [2024-01-31T09:13:13.395+0000] {dag.py:3033} INFO - Sync 1 DAGs
[2024-01-31T09:13:14.126+0000] {logging_mixin.py:188} INFO - [2024-01-31T09:13:14.125+0000] {dag.py:3820} INFO - Setting next_dagrun for example_setup_teardown_taskflow to 2024-01-30T00:00:00+00:00, run_after=2024-01-31T00:00:00+00:00
[2024-01-31T09:13:14.591+0000] {processor.py:183} INFO - Processing /home/deprojectue/miniconda3/envs/airflow_demo/lib/python3.9/site-packages/airflow/example_dags/example_setup_teardown_taskflow.py took 1.490 seconds
[2024-01-31T09:35:39.545+0000] {processor.py:161} INFO - Started process (PID=216879) to work on /home/deprojectue/miniconda3/envs/airflow_demo/lib/python3.9/site-packages/airflow/example_dags/example_setup_teardown_taskflow.py
[2024-01-31T09:35:39.548+0000] {processor.py:830} INFO - Processing file /home/deprojectue/miniconda3/envs/airflow_demo/lib/python3.9/site-packages/airflow/example_dags/example_setup_teardown_taskflow.py for tasks to queue
[2024-01-31T09:35:39.551+0000] {logging_mixin.py:188} INFO - [2024-01-31T09:35:39.551+0000] {dagbag.py:538} INFO - Filling up the DagBag from /home/deprojectue/miniconda3/envs/airflow_demo/lib/python3.9/site-packages/airflow/example_dags/example_setup_teardown_taskflow.py
[2024-01-31T09:35:39.568+0000] {processor.py:840} INFO - DAG(s) 'example_setup_teardown_taskflow' retrieved from /home/deprojectue/miniconda3/envs/airflow_demo/lib/python3.9/site-packages/airflow/example_dags/example_setup_teardown_taskflow.py
[2024-01-31T09:35:39.818+0000] {logging_mixin.py:188} INFO - [2024-01-31T09:35:39.805+0000] {override.py:1769} INFO - Created Permission View: can edit on DAG:example_setup_teardown_taskflow
[2024-01-31T09:35:39.838+0000] {logging_mixin.py:188} INFO - [2024-01-31T09:35:39.838+0000] {override.py:1769} INFO - Created Permission View: can read on DAG:example_setup_teardown_taskflow
[2024-01-31T09:35:39.850+0000] {logging_mixin.py:188} INFO - [2024-01-31T09:35:39.850+0000] {override.py:1769} INFO - Created Permission View: can delete on DAG:example_setup_teardown_taskflow
[2024-01-31T09:35:39.851+0000] {logging_mixin.py:188} INFO - [2024-01-31T09:35:39.851+0000] {dag.py:3033} INFO - Sync 1 DAGs
[2024-01-31T09:35:39.865+0000] {logging_mixin.py:188} INFO - [2024-01-31T09:35:39.864+0000] {dag.py:3055} INFO - Creating ORM DAG for example_setup_teardown_taskflow
[2024-01-31T09:35:39.877+0000] {logging_mixin.py:188} INFO - [2024-01-31T09:35:39.877+0000] {dag.py:3820} INFO - Setting next_dagrun for example_setup_teardown_taskflow to 2024-01-30T00:00:00+00:00, run_after=2024-01-31T00:00:00+00:00
[2024-01-31T09:35:39.922+0000] {processor.py:183} INFO - Processing /home/deprojectue/miniconda3/envs/airflow_demo/lib/python3.9/site-packages/airflow/example_dags/example_setup_teardown_taskflow.py took 0.381 seconds
[2024-01-31T09:36:40.518+0000] {processor.py:161} INFO - Started process (PID=216936) to work on /home/deprojectue/miniconda3/envs/airflow_demo/lib/python3.9/site-packages/airflow/example_dags/example_setup_teardown_taskflow.py
[2024-01-31T09:36:40.521+0000] {processor.py:830} INFO - Processing file /home/deprojectue/miniconda3/envs/airflow_demo/lib/python3.9/site-packages/airflow/example_dags/example_setup_teardown_taskflow.py for tasks to queue
[2024-01-31T09:36:40.525+0000] {logging_mixin.py:188} INFO - [2024-01-31T09:36:40.524+0000] {dagbag.py:538} INFO - Filling up the DagBag from /home/deprojectue/miniconda3/envs/airflow_demo/lib/python3.9/site-packages/airflow/example_dags/example_setup_teardown_taskflow.py
[2024-01-31T09:36:40.538+0000] {processor.py:840} INFO - DAG(s) 'example_setup_teardown_taskflow' retrieved from /home/deprojectue/miniconda3/envs/airflow_demo/lib/python3.9/site-packages/airflow/example_dags/example_setup_teardown_taskflow.py
[2024-01-31T09:36:40.560+0000] {logging_mixin.py:188} INFO - [2024-01-31T09:36:40.559+0000] {dag.py:3033} INFO - Sync 1 DAGs
[2024-01-31T09:36:40.583+0000] {logging_mixin.py:188} INFO - [2024-01-31T09:36:40.582+0000] {dag.py:3820} INFO - Setting next_dagrun for example_setup_teardown_taskflow to 2024-01-30T00:00:00+00:00, run_after=2024-01-31T00:00:00+00:00
[2024-01-31T09:36:40.608+0000] {processor.py:183} INFO - Processing /home/deprojectue/miniconda3/envs/airflow_demo/lib/python3.9/site-packages/airflow/example_dags/example_setup_teardown_taskflow.py took 0.094 seconds
