[2024-01-31T02:07:56.842+0000] {processor.py:161} INFO - Started process (PID=210621) to work on /home/deprojectue/miniconda3/envs/airflow_demo/lib/python3.9/site-packages/airflow/example_dags/example_branch_operator_decorator.py
[2024-01-31T02:07:56.843+0000] {processor.py:830} INFO - Processing file /home/deprojectue/miniconda3/envs/airflow_demo/lib/python3.9/site-packages/airflow/example_dags/example_branch_operator_decorator.py for tasks to queue
[2024-01-31T02:07:56.845+0000] {logging_mixin.py:188} INFO - [2024-01-31T02:07:56.844+0000] {dagbag.py:538} INFO - Filling up the DagBag from /home/deprojectue/miniconda3/envs/airflow_demo/lib/python3.9/site-packages/airflow/example_dags/example_branch_operator_decorator.py
[2024-01-31T02:07:56.865+0000] {logging_mixin.py:188} INFO - [2024-01-31T02:07:56.861+0000] {dagbag.py:348} ERROR - Failed to import: /home/deprojectue/miniconda3/envs/airflow_demo/lib/python3.9/site-packages/airflow/example_dags/example_branch_operator_decorator.py
Traceback (most recent call last):
  File "/home/deprojectue/miniconda3/envs/airflow_demo/lib/python3.9/site-packages/airflow/models/dagbag.py", line 344, in parse
    loader.exec_module(new_module)
  File "<frozen importlib._bootstrap_external>", line 850, in exec_module
  File "<frozen importlib._bootstrap>", line 228, in _call_with_frames_removed
  File "/home/deprojectue/miniconda3/envs/airflow_demo/lib/python3.9/site-packages/airflow/example_dags/example_branch_operator_decorator.py", line 125, in <module>
    random_choice_venv = branching_virtualenv(choices=options)
  File "/home/deprojectue/miniconda3/envs/airflow_demo/lib/python3.9/site-packages/airflow/decorators/base.py", line 367, in __call__
    op = self.operator_class(
  File "/home/deprojectue/miniconda3/envs/airflow_demo/lib/python3.9/site-packages/airflow/models/baseoperator.py", line 437, in apply_defaults
    result = func(self, **kwargs, default_args=default_args)
  File "/home/deprojectue/miniconda3/envs/airflow_demo/lib/python3.9/site-packages/airflow/models/baseoperator.py", line 437, in apply_defaults
    result = func(self, **kwargs, default_args=default_args)
  File "/home/deprojectue/miniconda3/envs/airflow_demo/lib/python3.9/site-packages/airflow/decorators/python.py", line 52, in __init__
    super().__init__(
  File "/home/deprojectue/miniconda3/envs/airflow_demo/lib/python3.9/site-packages/airflow/models/baseoperator.py", line 437, in apply_defaults
    result = func(self, **kwargs, default_args=default_args)
  File "/home/deprojectue/miniconda3/envs/airflow_demo/lib/python3.9/site-packages/airflow/decorators/base.py", line 234, in __init__
    super().__init__(task_id=task_id, **kwargs_to_upstream, **kwargs)
  File "/home/deprojectue/miniconda3/envs/airflow_demo/lib/python3.9/site-packages/airflow/models/baseoperator.py", line 437, in apply_defaults
    result = func(self, **kwargs, default_args=default_args)
  File "/home/deprojectue/miniconda3/envs/airflow_demo/lib/python3.9/site-packages/airflow/models/baseoperator.py", line 437, in apply_defaults
    result = func(self, **kwargs, default_args=default_args)
  File "/home/deprojectue/miniconda3/envs/airflow_demo/lib/python3.9/site-packages/airflow/operators/python.py", line 581, in __init__
    raise AirflowException("PythonVirtualenvOperator requires virtualenv, please install it.")
airflow.exceptions.AirflowException: PythonVirtualenvOperator requires virtualenv, please install it.
[2024-01-31T02:07:56.866+0000] {processor.py:842} WARNING - No viable dags retrieved from /home/deprojectue/miniconda3/envs/airflow_demo/lib/python3.9/site-packages/airflow/example_dags/example_branch_operator_decorator.py
[2024-01-31T02:07:56.888+0000] {processor.py:183} INFO - Processing /home/deprojectue/miniconda3/envs/airflow_demo/lib/python3.9/site-packages/airflow/example_dags/example_branch_operator_decorator.py took 0.050 seconds
[2024-01-31T02:09:29.483+0000] {processor.py:161} INFO - Started process (PID=210929) to work on /home/deprojectue/miniconda3/envs/airflow_demo/lib/python3.9/site-packages/airflow/example_dags/example_branch_operator_decorator.py
[2024-01-31T02:09:29.485+0000] {processor.py:830} INFO - Processing file /home/deprojectue/miniconda3/envs/airflow_demo/lib/python3.9/site-packages/airflow/example_dags/example_branch_operator_decorator.py for tasks to queue
[2024-01-31T02:09:29.486+0000] {logging_mixin.py:188} INFO - [2024-01-31T02:09:29.486+0000] {dagbag.py:538} INFO - Filling up the DagBag from /home/deprojectue/miniconda3/envs/airflow_demo/lib/python3.9/site-packages/airflow/example_dags/example_branch_operator_decorator.py
[2024-01-31T02:09:29.553+0000] {processor.py:840} INFO - DAG(s) 'example_branch_python_operator_decorator' retrieved from /home/deprojectue/miniconda3/envs/airflow_demo/lib/python3.9/site-packages/airflow/example_dags/example_branch_operator_decorator.py
[2024-01-31T02:09:29.977+0000] {logging_mixin.py:188} INFO - [2024-01-31T02:09:29.976+0000] {override.py:1769} INFO - Created Permission View: can read on DAG:example_branch_python_operator_decorator
[2024-01-31T02:09:30.009+0000] {logging_mixin.py:188} INFO - [2024-01-31T02:09:30.008+0000] {override.py:1769} INFO - Created Permission View: can edit on DAG:example_branch_python_operator_decorator
[2024-01-31T02:09:30.031+0000] {logging_mixin.py:188} INFO - [2024-01-31T02:09:30.031+0000] {override.py:1769} INFO - Created Permission View: can delete on DAG:example_branch_python_operator_decorator
[2024-01-31T02:09:30.032+0000] {logging_mixin.py:188} INFO - [2024-01-31T02:09:30.032+0000] {dag.py:3033} INFO - Sync 1 DAGs
[2024-01-31T02:09:30.063+0000] {logging_mixin.py:188} INFO - [2024-01-31T02:09:30.063+0000] {dag.py:3055} INFO - Creating ORM DAG for example_branch_python_operator_decorator
[2024-01-31T02:09:30.141+0000] {logging_mixin.py:188} INFO - [2024-01-31T02:09:30.141+0000] {dag.py:3820} INFO - Setting next_dagrun for example_branch_python_operator_decorator to 2024-01-30T00:00:00+00:00, run_after=2024-01-31T00:00:00+00:00
[2024-01-31T02:09:30.210+0000] {processor.py:183} INFO - Processing /home/deprojectue/miniconda3/envs/airflow_demo/lib/python3.9/site-packages/airflow/example_dags/example_branch_operator_decorator.py took 0.732 seconds
[2024-01-31T02:10:19.317+0000] {processor.py:161} INFO - Started process (PID=210979) to work on /home/deprojectue/miniconda3/envs/airflow_demo/lib/python3.9/site-packages/airflow/example_dags/example_branch_operator_decorator.py
[2024-01-31T02:10:19.325+0000] {processor.py:830} INFO - Processing file /home/deprojectue/miniconda3/envs/airflow_demo/lib/python3.9/site-packages/airflow/example_dags/example_branch_operator_decorator.py for tasks to queue
[2024-01-31T02:10:19.334+0000] {logging_mixin.py:188} INFO - [2024-01-31T02:10:19.333+0000] {dagbag.py:538} INFO - Filling up the DagBag from /home/deprojectue/miniconda3/envs/airflow_demo/lib/python3.9/site-packages/airflow/example_dags/example_branch_operator_decorator.py
[2024-01-31T02:10:19.507+0000] {processor.py:840} INFO - DAG(s) 'example_branch_python_operator_decorator' retrieved from /home/deprojectue/miniconda3/envs/airflow_demo/lib/python3.9/site-packages/airflow/example_dags/example_branch_operator_decorator.py
[2024-01-31T02:10:19.628+0000] {logging_mixin.py:188} INFO - [2024-01-31T02:10:19.626+0000] {dag.py:3033} INFO - Sync 1 DAGs
[2024-01-31T02:10:19.704+0000] {logging_mixin.py:188} INFO - [2024-01-31T02:10:19.703+0000] {dag.py:3820} INFO - Setting next_dagrun for example_branch_python_operator_decorator to 2024-01-30T00:00:00+00:00, run_after=2024-01-31T00:00:00+00:00
[2024-01-31T02:10:19.778+0000] {processor.py:183} INFO - Processing /home/deprojectue/miniconda3/envs/airflow_demo/lib/python3.9/site-packages/airflow/example_dags/example_branch_operator_decorator.py took 0.483 seconds
[2024-01-31T02:13:08.572+0000] {processor.py:161} INFO - Started process (PID=211065) to work on /home/deprojectue/miniconda3/envs/airflow_demo/lib/python3.9/site-packages/airflow/example_dags/example_branch_operator_decorator.py
[2024-01-31T02:13:08.574+0000] {processor.py:830} INFO - Processing file /home/deprojectue/miniconda3/envs/airflow_demo/lib/python3.9/site-packages/airflow/example_dags/example_branch_operator_decorator.py for tasks to queue
[2024-01-31T02:13:08.577+0000] {logging_mixin.py:188} INFO - [2024-01-31T02:13:08.577+0000] {dagbag.py:538} INFO - Filling up the DagBag from /home/deprojectue/miniconda3/envs/airflow_demo/lib/python3.9/site-packages/airflow/example_dags/example_branch_operator_decorator.py
[2024-01-31T02:13:08.599+0000] {processor.py:840} INFO - DAG(s) 'example_branch_python_operator_decorator' retrieved from /home/deprojectue/miniconda3/envs/airflow_demo/lib/python3.9/site-packages/airflow/example_dags/example_branch_operator_decorator.py
[2024-01-31T02:13:08.627+0000] {logging_mixin.py:188} INFO - [2024-01-31T02:13:08.627+0000] {dag.py:3033} INFO - Sync 1 DAGs
[2024-01-31T02:13:08.652+0000] {logging_mixin.py:188} INFO - [2024-01-31T02:13:08.652+0000] {dag.py:3820} INFO - Setting next_dagrun for example_branch_python_operator_decorator to 2024-01-30T00:00:00+00:00, run_after=2024-01-31T00:00:00+00:00
[2024-01-31T02:13:08.680+0000] {processor.py:183} INFO - Processing /home/deprojectue/miniconda3/envs/airflow_demo/lib/python3.9/site-packages/airflow/example_dags/example_branch_operator_decorator.py took 0.113 seconds
[2024-01-31T02:14:08.126+0000] {processor.py:161} INFO - Started process (PID=211134) to work on /home/deprojectue/miniconda3/envs/airflow_demo/lib/python3.9/site-packages/airflow/example_dags/example_branch_operator_decorator.py
[2024-01-31T02:14:08.128+0000] {processor.py:830} INFO - Processing file /home/deprojectue/miniconda3/envs/airflow_demo/lib/python3.9/site-packages/airflow/example_dags/example_branch_operator_decorator.py for tasks to queue
[2024-01-31T02:14:08.131+0000] {logging_mixin.py:188} INFO - [2024-01-31T02:14:08.131+0000] {dagbag.py:538} INFO - Filling up the DagBag from /home/deprojectue/miniconda3/envs/airflow_demo/lib/python3.9/site-packages/airflow/example_dags/example_branch_operator_decorator.py
[2024-01-31T02:14:08.154+0000] {processor.py:840} INFO - DAG(s) 'example_branch_python_operator_decorator' retrieved from /home/deprojectue/miniconda3/envs/airflow_demo/lib/python3.9/site-packages/airflow/example_dags/example_branch_operator_decorator.py
[2024-01-31T02:14:08.182+0000] {logging_mixin.py:188} INFO - [2024-01-31T02:14:08.181+0000] {dag.py:3033} INFO - Sync 1 DAGs
[2024-01-31T02:14:08.205+0000] {logging_mixin.py:188} INFO - [2024-01-31T02:14:08.205+0000] {dag.py:3820} INFO - Setting next_dagrun for example_branch_python_operator_decorator to 2024-01-30T00:00:00+00:00, run_after=2024-01-31T00:00:00+00:00
[2024-01-31T02:14:08.230+0000] {processor.py:183} INFO - Processing /home/deprojectue/miniconda3/envs/airflow_demo/lib/python3.9/site-packages/airflow/example_dags/example_branch_operator_decorator.py took 0.108 seconds
[2024-01-31T02:22:08.271+0000] {processor.py:161} INFO - Started process (PID=211325) to work on /home/deprojectue/miniconda3/envs/airflow_demo/lib/python3.9/site-packages/airflow/example_dags/example_branch_operator_decorator.py
[2024-01-31T02:22:08.273+0000] {processor.py:830} INFO - Processing file /home/deprojectue/miniconda3/envs/airflow_demo/lib/python3.9/site-packages/airflow/example_dags/example_branch_operator_decorator.py for tasks to queue
[2024-01-31T02:22:08.276+0000] {logging_mixin.py:188} INFO - [2024-01-31T02:22:08.276+0000] {dagbag.py:538} INFO - Filling up the DagBag from /home/deprojectue/miniconda3/envs/airflow_demo/lib/python3.9/site-packages/airflow/example_dags/example_branch_operator_decorator.py
[2024-01-31T02:22:08.301+0000] {processor.py:840} INFO - DAG(s) 'example_branch_python_operator_decorator' retrieved from /home/deprojectue/miniconda3/envs/airflow_demo/lib/python3.9/site-packages/airflow/example_dags/example_branch_operator_decorator.py
[2024-01-31T02:22:08.331+0000] {logging_mixin.py:188} INFO - [2024-01-31T02:22:08.330+0000] {dag.py:3033} INFO - Sync 1 DAGs
[2024-01-31T02:22:08.355+0000] {logging_mixin.py:188} INFO - [2024-01-31T02:22:08.355+0000] {dag.py:3820} INFO - Setting next_dagrun for example_branch_python_operator_decorator to 2024-01-30T00:00:00+00:00, run_after=2024-01-31T00:00:00+00:00
[2024-01-31T02:22:08.382+0000] {processor.py:183} INFO - Processing /home/deprojectue/miniconda3/envs/airflow_demo/lib/python3.9/site-packages/airflow/example_dags/example_branch_operator_decorator.py took 0.116 seconds
[2024-01-31T08:24:45.967+0000] {processor.py:161} INFO - Started process (PID=214066) to work on /home/deprojectue/miniconda3/envs/airflow_demo/lib/python3.9/site-packages/airflow/example_dags/example_branch_operator_decorator.py
[2024-01-31T08:24:45.969+0000] {processor.py:830} INFO - Processing file /home/deprojectue/miniconda3/envs/airflow_demo/lib/python3.9/site-packages/airflow/example_dags/example_branch_operator_decorator.py for tasks to queue
[2024-01-31T08:24:45.972+0000] {logging_mixin.py:188} INFO - [2024-01-31T08:24:45.972+0000] {dagbag.py:538} INFO - Filling up the DagBag from /home/deprojectue/miniconda3/envs/airflow_demo/lib/python3.9/site-packages/airflow/example_dags/example_branch_operator_decorator.py
[2024-01-31T08:24:45.995+0000] {processor.py:840} INFO - DAG(s) 'example_branch_python_operator_decorator' retrieved from /home/deprojectue/miniconda3/envs/airflow_demo/lib/python3.9/site-packages/airflow/example_dags/example_branch_operator_decorator.py
[2024-01-31T08:24:46.024+0000] {logging_mixin.py:188} INFO - [2024-01-31T08:24:46.023+0000] {dag.py:3033} INFO - Sync 1 DAGs
[2024-01-31T08:24:46.047+0000] {logging_mixin.py:188} INFO - [2024-01-31T08:24:46.047+0000] {dag.py:3820} INFO - Setting next_dagrun for example_branch_python_operator_decorator to 2024-01-30T00:00:00+00:00, run_after=2024-01-31T00:00:00+00:00
[2024-01-31T08:24:46.073+0000] {processor.py:183} INFO - Processing /home/deprojectue/miniconda3/envs/airflow_demo/lib/python3.9/site-packages/airflow/example_dags/example_branch_operator_decorator.py took 0.110 seconds
[2024-01-31T08:25:34.882+0000] {processor.py:161} INFO - Started process (PID=214117) to work on /home/deprojectue/miniconda3/envs/airflow_demo/lib/python3.9/site-packages/airflow/example_dags/example_branch_operator_decorator.py
[2024-01-31T08:25:34.884+0000] {processor.py:830} INFO - Processing file /home/deprojectue/miniconda3/envs/airflow_demo/lib/python3.9/site-packages/airflow/example_dags/example_branch_operator_decorator.py for tasks to queue
[2024-01-31T08:25:34.887+0000] {logging_mixin.py:188} INFO - [2024-01-31T08:25:34.887+0000] {dagbag.py:538} INFO - Filling up the DagBag from /home/deprojectue/miniconda3/envs/airflow_demo/lib/python3.9/site-packages/airflow/example_dags/example_branch_operator_decorator.py
[2024-01-31T08:25:34.909+0000] {processor.py:840} INFO - DAG(s) 'example_branch_python_operator_decorator' retrieved from /home/deprojectue/miniconda3/envs/airflow_demo/lib/python3.9/site-packages/airflow/example_dags/example_branch_operator_decorator.py
[2024-01-31T08:25:34.935+0000] {logging_mixin.py:188} INFO - [2024-01-31T08:25:34.935+0000] {dag.py:3033} INFO - Sync 1 DAGs
[2024-01-31T08:25:34.958+0000] {logging_mixin.py:188} INFO - [2024-01-31T08:25:34.958+0000] {dag.py:3820} INFO - Setting next_dagrun for example_branch_python_operator_decorator to 2024-01-30T00:00:00+00:00, run_after=2024-01-31T00:00:00+00:00
[2024-01-31T08:25:34.984+0000] {processor.py:183} INFO - Processing /home/deprojectue/miniconda3/envs/airflow_demo/lib/python3.9/site-packages/airflow/example_dags/example_branch_operator_decorator.py took 0.106 seconds
[2024-01-31T08:52:18.854+0000] {processor.py:161} INFO - Started process (PID=215398) to work on /home/deprojectue/miniconda3/envs/airflow_demo/lib/python3.9/site-packages/airflow/example_dags/example_branch_operator_decorator.py
[2024-01-31T08:52:18.869+0000] {processor.py:830} INFO - Processing file /home/deprojectue/miniconda3/envs/airflow_demo/lib/python3.9/site-packages/airflow/example_dags/example_branch_operator_decorator.py for tasks to queue
[2024-01-31T08:52:18.893+0000] {logging_mixin.py:188} INFO - [2024-01-31T08:52:18.879+0000] {dagbag.py:538} INFO - Filling up the DagBag from /home/deprojectue/miniconda3/envs/airflow_demo/lib/python3.9/site-packages/airflow/example_dags/example_branch_operator_decorator.py
[2024-01-31T08:52:19.035+0000] {processor.py:840} INFO - DAG(s) 'example_branch_python_operator_decorator' retrieved from /home/deprojectue/miniconda3/envs/airflow_demo/lib/python3.9/site-packages/airflow/example_dags/example_branch_operator_decorator.py
[2024-01-31T08:52:19.172+0000] {logging_mixin.py:188} INFO - [2024-01-31T08:52:19.171+0000] {dag.py:3033} INFO - Sync 1 DAGs
[2024-01-31T08:52:19.218+0000] {logging_mixin.py:188} INFO - [2024-01-31T08:52:19.218+0000] {dag.py:3820} INFO - Setting next_dagrun for example_branch_python_operator_decorator to 2024-01-30T00:00:00+00:00, run_after=2024-01-31T00:00:00+00:00
[2024-01-31T08:52:19.271+0000] {processor.py:183} INFO - Processing /home/deprojectue/miniconda3/envs/airflow_demo/lib/python3.9/site-packages/airflow/example_dags/example_branch_operator_decorator.py took 0.450 seconds
[2024-01-31T08:53:18.266+0000] {processor.py:161} INFO - Started process (PID=215462) to work on /home/deprojectue/miniconda3/envs/airflow_demo/lib/python3.9/site-packages/airflow/example_dags/example_branch_operator_decorator.py
[2024-01-31T08:53:18.268+0000] {processor.py:830} INFO - Processing file /home/deprojectue/miniconda3/envs/airflow_demo/lib/python3.9/site-packages/airflow/example_dags/example_branch_operator_decorator.py for tasks to queue
[2024-01-31T08:53:18.271+0000] {logging_mixin.py:188} INFO - [2024-01-31T08:53:18.271+0000] {dagbag.py:538} INFO - Filling up the DagBag from /home/deprojectue/miniconda3/envs/airflow_demo/lib/python3.9/site-packages/airflow/example_dags/example_branch_operator_decorator.py
[2024-01-31T08:53:18.292+0000] {processor.py:840} INFO - DAG(s) 'example_branch_python_operator_decorator' retrieved from /home/deprojectue/miniconda3/envs/airflow_demo/lib/python3.9/site-packages/airflow/example_dags/example_branch_operator_decorator.py
[2024-01-31T08:53:18.320+0000] {logging_mixin.py:188} INFO - [2024-01-31T08:53:18.320+0000] {dag.py:3033} INFO - Sync 1 DAGs
[2024-01-31T08:53:18.343+0000] {logging_mixin.py:188} INFO - [2024-01-31T08:53:18.342+0000] {dag.py:3820} INFO - Setting next_dagrun for example_branch_python_operator_decorator to 2024-01-30T00:00:00+00:00, run_after=2024-01-31T00:00:00+00:00
[2024-01-31T08:53:18.367+0000] {processor.py:183} INFO - Processing /home/deprojectue/miniconda3/envs/airflow_demo/lib/python3.9/site-packages/airflow/example_dags/example_branch_operator_decorator.py took 0.107 seconds
[2024-01-31T08:54:09.746+0000] {processor.py:161} INFO - Started process (PID=215512) to work on /home/deprojectue/miniconda3/envs/airflow_demo/lib/python3.9/site-packages/airflow/example_dags/example_branch_operator_decorator.py
[2024-01-31T08:54:09.748+0000] {processor.py:830} INFO - Processing file /home/deprojectue/miniconda3/envs/airflow_demo/lib/python3.9/site-packages/airflow/example_dags/example_branch_operator_decorator.py for tasks to queue
[2024-01-31T08:54:09.752+0000] {logging_mixin.py:188} INFO - [2024-01-31T08:54:09.751+0000] {dagbag.py:538} INFO - Filling up the DagBag from /home/deprojectue/miniconda3/envs/airflow_demo/lib/python3.9/site-packages/airflow/example_dags/example_branch_operator_decorator.py
[2024-01-31T08:54:09.774+0000] {processor.py:840} INFO - DAG(s) 'example_branch_python_operator_decorator' retrieved from /home/deprojectue/miniconda3/envs/airflow_demo/lib/python3.9/site-packages/airflow/example_dags/example_branch_operator_decorator.py
[2024-01-31T08:54:09.801+0000] {logging_mixin.py:188} INFO - [2024-01-31T08:54:09.801+0000] {dag.py:3033} INFO - Sync 1 DAGs
[2024-01-31T08:54:09.823+0000] {logging_mixin.py:188} INFO - [2024-01-31T08:54:09.822+0000] {dag.py:3820} INFO - Setting next_dagrun for example_branch_python_operator_decorator to 2024-01-30T00:00:00+00:00, run_after=2024-01-31T00:00:00+00:00
[2024-01-31T08:54:09.848+0000] {processor.py:183} INFO - Processing /home/deprojectue/miniconda3/envs/airflow_demo/lib/python3.9/site-packages/airflow/example_dags/example_branch_operator_decorator.py took 0.107 seconds
[2024-01-31T08:55:11.657+0000] {processor.py:161} INFO - Started process (PID=215577) to work on /home/deprojectue/miniconda3/envs/airflow_demo/lib/python3.9/site-packages/airflow/example_dags/example_branch_operator_decorator.py
[2024-01-31T08:55:11.659+0000] {processor.py:830} INFO - Processing file /home/deprojectue/miniconda3/envs/airflow_demo/lib/python3.9/site-packages/airflow/example_dags/example_branch_operator_decorator.py for tasks to queue
[2024-01-31T08:55:11.663+0000] {logging_mixin.py:188} INFO - [2024-01-31T08:55:11.662+0000] {dagbag.py:538} INFO - Filling up the DagBag from /home/deprojectue/miniconda3/envs/airflow_demo/lib/python3.9/site-packages/airflow/example_dags/example_branch_operator_decorator.py
[2024-01-31T08:55:11.684+0000] {processor.py:840} INFO - DAG(s) 'example_branch_python_operator_decorator' retrieved from /home/deprojectue/miniconda3/envs/airflow_demo/lib/python3.9/site-packages/airflow/example_dags/example_branch_operator_decorator.py
[2024-01-31T08:55:11.710+0000] {logging_mixin.py:188} INFO - [2024-01-31T08:55:11.710+0000] {dag.py:3033} INFO - Sync 1 DAGs
[2024-01-31T08:55:11.731+0000] {logging_mixin.py:188} INFO - [2024-01-31T08:55:11.731+0000] {dag.py:3820} INFO - Setting next_dagrun for example_branch_python_operator_decorator to 2024-01-30T00:00:00+00:00, run_after=2024-01-31T00:00:00+00:00
[2024-01-31T08:55:11.758+0000] {processor.py:183} INFO - Processing /home/deprojectue/miniconda3/envs/airflow_demo/lib/python3.9/site-packages/airflow/example_dags/example_branch_operator_decorator.py took 0.105 seconds
[2024-01-31T08:56:08.344+0000] {processor.py:161} INFO - Started process (PID=215638) to work on /home/deprojectue/miniconda3/envs/airflow_demo/lib/python3.9/site-packages/airflow/example_dags/example_branch_operator_decorator.py
[2024-01-31T08:56:08.346+0000] {processor.py:830} INFO - Processing file /home/deprojectue/miniconda3/envs/airflow_demo/lib/python3.9/site-packages/airflow/example_dags/example_branch_operator_decorator.py for tasks to queue
[2024-01-31T08:56:08.349+0000] {logging_mixin.py:188} INFO - [2024-01-31T08:56:08.349+0000] {dagbag.py:538} INFO - Filling up the DagBag from /home/deprojectue/miniconda3/envs/airflow_demo/lib/python3.9/site-packages/airflow/example_dags/example_branch_operator_decorator.py
[2024-01-31T08:56:08.369+0000] {processor.py:840} INFO - DAG(s) 'example_branch_python_operator_decorator' retrieved from /home/deprojectue/miniconda3/envs/airflow_demo/lib/python3.9/site-packages/airflow/example_dags/example_branch_operator_decorator.py
[2024-01-31T08:56:08.396+0000] {logging_mixin.py:188} INFO - [2024-01-31T08:56:08.396+0000] {dag.py:3033} INFO - Sync 1 DAGs
[2024-01-31T08:56:08.417+0000] {logging_mixin.py:188} INFO - [2024-01-31T08:56:08.416+0000] {dag.py:3820} INFO - Setting next_dagrun for example_branch_python_operator_decorator to 2024-01-30T00:00:00+00:00, run_after=2024-01-31T00:00:00+00:00
[2024-01-31T08:56:08.441+0000] {processor.py:183} INFO - Processing /home/deprojectue/miniconda3/envs/airflow_demo/lib/python3.9/site-packages/airflow/example_dags/example_branch_operator_decorator.py took 0.101 seconds
[2024-01-31T08:57:06.499+0000] {processor.py:161} INFO - Started process (PID=215715) to work on /home/deprojectue/miniconda3/envs/airflow_demo/lib/python3.9/site-packages/airflow/example_dags/example_branch_operator_decorator.py
[2024-01-31T08:57:06.501+0000] {processor.py:830} INFO - Processing file /home/deprojectue/miniconda3/envs/airflow_demo/lib/python3.9/site-packages/airflow/example_dags/example_branch_operator_decorator.py for tasks to queue
[2024-01-31T08:57:06.505+0000] {logging_mixin.py:188} INFO - [2024-01-31T08:57:06.504+0000] {dagbag.py:538} INFO - Filling up the DagBag from /home/deprojectue/miniconda3/envs/airflow_demo/lib/python3.9/site-packages/airflow/example_dags/example_branch_operator_decorator.py
[2024-01-31T08:57:06.529+0000] {processor.py:840} INFO - DAG(s) 'example_branch_python_operator_decorator' retrieved from /home/deprojectue/miniconda3/envs/airflow_demo/lib/python3.9/site-packages/airflow/example_dags/example_branch_operator_decorator.py
[2024-01-31T08:57:06.558+0000] {logging_mixin.py:188} INFO - [2024-01-31T08:57:06.557+0000] {dag.py:3033} INFO - Sync 1 DAGs
[2024-01-31T08:57:06.582+0000] {logging_mixin.py:188} INFO - [2024-01-31T08:57:06.582+0000] {dag.py:3820} INFO - Setting next_dagrun for example_branch_python_operator_decorator to 2024-01-30T00:00:00+00:00, run_after=2024-01-31T00:00:00+00:00
[2024-01-31T08:57:06.608+0000] {processor.py:183} INFO - Processing /home/deprojectue/miniconda3/envs/airflow_demo/lib/python3.9/site-packages/airflow/example_dags/example_branch_operator_decorator.py took 0.114 seconds
[2024-01-31T08:58:01.369+0000] {processor.py:161} INFO - Started process (PID=215771) to work on /home/deprojectue/miniconda3/envs/airflow_demo/lib/python3.9/site-packages/airflow/example_dags/example_branch_operator_decorator.py
[2024-01-31T08:58:01.371+0000] {processor.py:830} INFO - Processing file /home/deprojectue/miniconda3/envs/airflow_demo/lib/python3.9/site-packages/airflow/example_dags/example_branch_operator_decorator.py for tasks to queue
[2024-01-31T08:58:01.374+0000] {logging_mixin.py:188} INFO - [2024-01-31T08:58:01.374+0000] {dagbag.py:538} INFO - Filling up the DagBag from /home/deprojectue/miniconda3/envs/airflow_demo/lib/python3.9/site-packages/airflow/example_dags/example_branch_operator_decorator.py
[2024-01-31T08:58:01.397+0000] {processor.py:840} INFO - DAG(s) 'example_branch_python_operator_decorator' retrieved from /home/deprojectue/miniconda3/envs/airflow_demo/lib/python3.9/site-packages/airflow/example_dags/example_branch_operator_decorator.py
[2024-01-31T08:58:01.426+0000] {logging_mixin.py:188} INFO - [2024-01-31T08:58:01.425+0000] {dag.py:3033} INFO - Sync 1 DAGs
[2024-01-31T08:58:01.448+0000] {logging_mixin.py:188} INFO - [2024-01-31T08:58:01.448+0000] {dag.py:3820} INFO - Setting next_dagrun for example_branch_python_operator_decorator to 2024-01-30T00:00:00+00:00, run_after=2024-01-31T00:00:00+00:00
[2024-01-31T08:58:01.472+0000] {processor.py:183} INFO - Processing /home/deprojectue/miniconda3/envs/airflow_demo/lib/python3.9/site-packages/airflow/example_dags/example_branch_operator_decorator.py took 0.108 seconds
[2024-01-31T08:59:01.947+0000] {processor.py:161} INFO - Started process (PID=215853) to work on /home/deprojectue/miniconda3/envs/airflow_demo/lib/python3.9/site-packages/airflow/example_dags/example_branch_operator_decorator.py
[2024-01-31T08:59:01.949+0000] {processor.py:830} INFO - Processing file /home/deprojectue/miniconda3/envs/airflow_demo/lib/python3.9/site-packages/airflow/example_dags/example_branch_operator_decorator.py for tasks to queue
[2024-01-31T08:59:01.953+0000] {logging_mixin.py:188} INFO - [2024-01-31T08:59:01.953+0000] {dagbag.py:538} INFO - Filling up the DagBag from /home/deprojectue/miniconda3/envs/airflow_demo/lib/python3.9/site-packages/airflow/example_dags/example_branch_operator_decorator.py
[2024-01-31T08:59:01.978+0000] {processor.py:840} INFO - DAG(s) 'example_branch_python_operator_decorator' retrieved from /home/deprojectue/miniconda3/envs/airflow_demo/lib/python3.9/site-packages/airflow/example_dags/example_branch_operator_decorator.py
[2024-01-31T08:59:02.007+0000] {logging_mixin.py:188} INFO - [2024-01-31T08:59:02.006+0000] {dag.py:3033} INFO - Sync 1 DAGs
[2024-01-31T08:59:02.028+0000] {logging_mixin.py:188} INFO - [2024-01-31T08:59:02.028+0000] {dag.py:3820} INFO - Setting next_dagrun for example_branch_python_operator_decorator to 2024-01-30T00:00:00+00:00, run_after=2024-01-31T00:00:00+00:00
[2024-01-31T08:59:02.055+0000] {processor.py:183} INFO - Processing /home/deprojectue/miniconda3/envs/airflow_demo/lib/python3.9/site-packages/airflow/example_dags/example_branch_operator_decorator.py took 0.112 seconds
[2024-01-31T09:00:02.392+0000] {processor.py:161} INFO - Started process (PID=215915) to work on /home/deprojectue/miniconda3/envs/airflow_demo/lib/python3.9/site-packages/airflow/example_dags/example_branch_operator_decorator.py
[2024-01-31T09:00:02.395+0000] {processor.py:830} INFO - Processing file /home/deprojectue/miniconda3/envs/airflow_demo/lib/python3.9/site-packages/airflow/example_dags/example_branch_operator_decorator.py for tasks to queue
[2024-01-31T09:00:02.398+0000] {logging_mixin.py:188} INFO - [2024-01-31T09:00:02.397+0000] {dagbag.py:538} INFO - Filling up the DagBag from /home/deprojectue/miniconda3/envs/airflow_demo/lib/python3.9/site-packages/airflow/example_dags/example_branch_operator_decorator.py
[2024-01-31T09:00:02.421+0000] {processor.py:840} INFO - DAG(s) 'example_branch_python_operator_decorator' retrieved from /home/deprojectue/miniconda3/envs/airflow_demo/lib/python3.9/site-packages/airflow/example_dags/example_branch_operator_decorator.py
[2024-01-31T09:00:02.448+0000] {logging_mixin.py:188} INFO - [2024-01-31T09:00:02.447+0000] {dag.py:3033} INFO - Sync 1 DAGs
[2024-01-31T09:00:02.468+0000] {logging_mixin.py:188} INFO - [2024-01-31T09:00:02.468+0000] {dag.py:3820} INFO - Setting next_dagrun for example_branch_python_operator_decorator to 2024-01-30T00:00:00+00:00, run_after=2024-01-31T00:00:00+00:00
[2024-01-31T09:00:02.495+0000] {processor.py:183} INFO - Processing /home/deprojectue/miniconda3/envs/airflow_demo/lib/python3.9/site-packages/airflow/example_dags/example_branch_operator_decorator.py took 0.108 seconds
[2024-01-31T09:00:57.616+0000] {processor.py:161} INFO - Started process (PID=215973) to work on /home/deprojectue/miniconda3/envs/airflow_demo/lib/python3.9/site-packages/airflow/example_dags/example_branch_operator_decorator.py
[2024-01-31T09:00:57.619+0000] {processor.py:830} INFO - Processing file /home/deprojectue/miniconda3/envs/airflow_demo/lib/python3.9/site-packages/airflow/example_dags/example_branch_operator_decorator.py for tasks to queue
[2024-01-31T09:00:57.622+0000] {logging_mixin.py:188} INFO - [2024-01-31T09:00:57.622+0000] {dagbag.py:538} INFO - Filling up the DagBag from /home/deprojectue/miniconda3/envs/airflow_demo/lib/python3.9/site-packages/airflow/example_dags/example_branch_operator_decorator.py
[2024-01-31T09:00:57.646+0000] {processor.py:840} INFO - DAG(s) 'example_branch_python_operator_decorator' retrieved from /home/deprojectue/miniconda3/envs/airflow_demo/lib/python3.9/site-packages/airflow/example_dags/example_branch_operator_decorator.py
[2024-01-31T09:00:57.672+0000] {logging_mixin.py:188} INFO - [2024-01-31T09:00:57.672+0000] {dag.py:3033} INFO - Sync 1 DAGs
[2024-01-31T09:00:57.694+0000] {logging_mixin.py:188} INFO - [2024-01-31T09:00:57.693+0000] {dag.py:3820} INFO - Setting next_dagrun for example_branch_python_operator_decorator to 2024-01-30T00:00:00+00:00, run_after=2024-01-31T00:00:00+00:00
[2024-01-31T09:00:57.719+0000] {processor.py:183} INFO - Processing /home/deprojectue/miniconda3/envs/airflow_demo/lib/python3.9/site-packages/airflow/example_dags/example_branch_operator_decorator.py took 0.107 seconds
[2024-01-31T09:01:53.705+0000] {processor.py:161} INFO - Started process (PID=216034) to work on /home/deprojectue/miniconda3/envs/airflow_demo/lib/python3.9/site-packages/airflow/example_dags/example_branch_operator_decorator.py
[2024-01-31T09:01:53.707+0000] {processor.py:830} INFO - Processing file /home/deprojectue/miniconda3/envs/airflow_demo/lib/python3.9/site-packages/airflow/example_dags/example_branch_operator_decorator.py for tasks to queue
[2024-01-31T09:01:53.710+0000] {logging_mixin.py:188} INFO - [2024-01-31T09:01:53.710+0000] {dagbag.py:538} INFO - Filling up the DagBag from /home/deprojectue/miniconda3/envs/airflow_demo/lib/python3.9/site-packages/airflow/example_dags/example_branch_operator_decorator.py
[2024-01-31T09:01:53.734+0000] {processor.py:840} INFO - DAG(s) 'example_branch_python_operator_decorator' retrieved from /home/deprojectue/miniconda3/envs/airflow_demo/lib/python3.9/site-packages/airflow/example_dags/example_branch_operator_decorator.py
[2024-01-31T09:01:53.763+0000] {logging_mixin.py:188} INFO - [2024-01-31T09:01:53.762+0000] {dag.py:3033} INFO - Sync 1 DAGs
[2024-01-31T09:01:53.785+0000] {logging_mixin.py:188} INFO - [2024-01-31T09:01:53.785+0000] {dag.py:3820} INFO - Setting next_dagrun for example_branch_python_operator_decorator to 2024-01-30T00:00:00+00:00, run_after=2024-01-31T00:00:00+00:00
[2024-01-31T09:01:53.812+0000] {processor.py:183} INFO - Processing /home/deprojectue/miniconda3/envs/airflow_demo/lib/python3.9/site-packages/airflow/example_dags/example_branch_operator_decorator.py took 0.112 seconds
[2024-01-31T09:02:50.458+0000] {processor.py:161} INFO - Started process (PID=216094) to work on /home/deprojectue/miniconda3/envs/airflow_demo/lib/python3.9/site-packages/airflow/example_dags/example_branch_operator_decorator.py
[2024-01-31T09:02:50.459+0000] {processor.py:830} INFO - Processing file /home/deprojectue/miniconda3/envs/airflow_demo/lib/python3.9/site-packages/airflow/example_dags/example_branch_operator_decorator.py for tasks to queue
[2024-01-31T09:02:50.463+0000] {logging_mixin.py:188} INFO - [2024-01-31T09:02:50.462+0000] {dagbag.py:538} INFO - Filling up the DagBag from /home/deprojectue/miniconda3/envs/airflow_demo/lib/python3.9/site-packages/airflow/example_dags/example_branch_operator_decorator.py
[2024-01-31T09:02:50.486+0000] {processor.py:840} INFO - DAG(s) 'example_branch_python_operator_decorator' retrieved from /home/deprojectue/miniconda3/envs/airflow_demo/lib/python3.9/site-packages/airflow/example_dags/example_branch_operator_decorator.py
[2024-01-31T09:02:50.513+0000] {logging_mixin.py:188} INFO - [2024-01-31T09:02:50.512+0000] {dag.py:3033} INFO - Sync 1 DAGs
[2024-01-31T09:02:50.534+0000] {logging_mixin.py:188} INFO - [2024-01-31T09:02:50.534+0000] {dag.py:3820} INFO - Setting next_dagrun for example_branch_python_operator_decorator to 2024-01-30T00:00:00+00:00, run_after=2024-01-31T00:00:00+00:00
[2024-01-31T09:02:50.558+0000] {processor.py:183} INFO - Processing /home/deprojectue/miniconda3/envs/airflow_demo/lib/python3.9/site-packages/airflow/example_dags/example_branch_operator_decorator.py took 0.105 seconds
[2024-01-31T09:03:44.832+0000] {processor.py:161} INFO - Started process (PID=216150) to work on /home/deprojectue/miniconda3/envs/airflow_demo/lib/python3.9/site-packages/airflow/example_dags/example_branch_operator_decorator.py
[2024-01-31T09:03:44.835+0000] {processor.py:830} INFO - Processing file /home/deprojectue/miniconda3/envs/airflow_demo/lib/python3.9/site-packages/airflow/example_dags/example_branch_operator_decorator.py for tasks to queue
[2024-01-31T09:03:44.838+0000] {logging_mixin.py:188} INFO - [2024-01-31T09:03:44.838+0000] {dagbag.py:538} INFO - Filling up the DagBag from /home/deprojectue/miniconda3/envs/airflow_demo/lib/python3.9/site-packages/airflow/example_dags/example_branch_operator_decorator.py
[2024-01-31T09:03:44.861+0000] {processor.py:840} INFO - DAG(s) 'example_branch_python_operator_decorator' retrieved from /home/deprojectue/miniconda3/envs/airflow_demo/lib/python3.9/site-packages/airflow/example_dags/example_branch_operator_decorator.py
[2024-01-31T09:03:44.888+0000] {logging_mixin.py:188} INFO - [2024-01-31T09:03:44.887+0000] {dag.py:3033} INFO - Sync 1 DAGs
[2024-01-31T09:03:44.909+0000] {logging_mixin.py:188} INFO - [2024-01-31T09:03:44.909+0000] {dag.py:3820} INFO - Setting next_dagrun for example_branch_python_operator_decorator to 2024-01-30T00:00:00+00:00, run_after=2024-01-31T00:00:00+00:00
[2024-01-31T09:03:44.932+0000] {processor.py:183} INFO - Processing /home/deprojectue/miniconda3/envs/airflow_demo/lib/python3.9/site-packages/airflow/example_dags/example_branch_operator_decorator.py took 0.105 seconds
[2024-01-31T09:04:37.599+0000] {processor.py:161} INFO - Started process (PID=216207) to work on /home/deprojectue/miniconda3/envs/airflow_demo/lib/python3.9/site-packages/airflow/example_dags/example_branch_operator_decorator.py
[2024-01-31T09:04:37.601+0000] {processor.py:830} INFO - Processing file /home/deprojectue/miniconda3/envs/airflow_demo/lib/python3.9/site-packages/airflow/example_dags/example_branch_operator_decorator.py for tasks to queue
[2024-01-31T09:04:37.604+0000] {logging_mixin.py:188} INFO - [2024-01-31T09:04:37.604+0000] {dagbag.py:538} INFO - Filling up the DagBag from /home/deprojectue/miniconda3/envs/airflow_demo/lib/python3.9/site-packages/airflow/example_dags/example_branch_operator_decorator.py
[2024-01-31T09:04:37.629+0000] {processor.py:840} INFO - DAG(s) 'example_branch_python_operator_decorator' retrieved from /home/deprojectue/miniconda3/envs/airflow_demo/lib/python3.9/site-packages/airflow/example_dags/example_branch_operator_decorator.py
[2024-01-31T09:04:37.657+0000] {logging_mixin.py:188} INFO - [2024-01-31T09:04:37.656+0000] {dag.py:3033} INFO - Sync 1 DAGs
[2024-01-31T09:04:37.679+0000] {logging_mixin.py:188} INFO - [2024-01-31T09:04:37.679+0000] {dag.py:3820} INFO - Setting next_dagrun for example_branch_python_operator_decorator to 2024-01-30T00:00:00+00:00, run_after=2024-01-31T00:00:00+00:00
[2024-01-31T09:04:37.704+0000] {processor.py:183} INFO - Processing /home/deprojectue/miniconda3/envs/airflow_demo/lib/python3.9/site-packages/airflow/example_dags/example_branch_operator_decorator.py took 0.110 seconds
[2024-01-31T09:07:48.344+0000] {processor.py:161} INFO - Started process (PID=216357) to work on /home/deprojectue/miniconda3/envs/airflow_demo/lib/python3.9/site-packages/airflow/example_dags/example_branch_operator_decorator.py
[2024-01-31T09:07:48.348+0000] {processor.py:830} INFO - Processing file /home/deprojectue/miniconda3/envs/airflow_demo/lib/python3.9/site-packages/airflow/example_dags/example_branch_operator_decorator.py for tasks to queue
[2024-01-31T09:07:48.352+0000] {logging_mixin.py:188} INFO - [2024-01-31T09:07:48.351+0000] {dagbag.py:538} INFO - Filling up the DagBag from /home/deprojectue/miniconda3/envs/airflow_demo/lib/python3.9/site-packages/airflow/example_dags/example_branch_operator_decorator.py
[2024-01-31T09:07:48.626+0000] {processor.py:840} INFO - DAG(s) 'example_branch_python_operator_decorator' retrieved from /home/deprojectue/miniconda3/envs/airflow_demo/lib/python3.9/site-packages/airflow/example_dags/example_branch_operator_decorator.py
[2024-01-31T09:07:49.123+0000] {logging_mixin.py:188} INFO - [2024-01-31T09:07:49.122+0000] {dag.py:3033} INFO - Sync 1 DAGs
[2024-01-31T09:07:49.360+0000] {logging_mixin.py:188} INFO - [2024-01-31T09:07:49.360+0000] {dag.py:3820} INFO - Setting next_dagrun for example_branch_python_operator_decorator to 2024-01-30T00:00:00+00:00, run_after=2024-01-31T00:00:00+00:00
[2024-01-31T09:07:49.845+0000] {processor.py:183} INFO - Processing /home/deprojectue/miniconda3/envs/airflow_demo/lib/python3.9/site-packages/airflow/example_dags/example_branch_operator_decorator.py took 1.701 seconds
[2024-01-31T09:36:07.739+0000] {processor.py:161} INFO - Started process (PID=216903) to work on /home/deprojectue/miniconda3/envs/airflow_demo/lib/python3.9/site-packages/airflow/example_dags/example_branch_operator_decorator.py
[2024-01-31T09:36:07.742+0000] {processor.py:830} INFO - Processing file /home/deprojectue/miniconda3/envs/airflow_demo/lib/python3.9/site-packages/airflow/example_dags/example_branch_operator_decorator.py for tasks to queue
[2024-01-31T09:36:07.745+0000] {logging_mixin.py:188} INFO - [2024-01-31T09:36:07.745+0000] {dagbag.py:538} INFO - Filling up the DagBag from /home/deprojectue/miniconda3/envs/airflow_demo/lib/python3.9/site-packages/airflow/example_dags/example_branch_operator_decorator.py
[2024-01-31T09:36:07.777+0000] {processor.py:840} INFO - DAG(s) 'example_branch_python_operator_decorator' retrieved from /home/deprojectue/miniconda3/envs/airflow_demo/lib/python3.9/site-packages/airflow/example_dags/example_branch_operator_decorator.py
[2024-01-31T09:36:08.037+0000] {logging_mixin.py:188} INFO - [2024-01-31T09:36:08.030+0000] {override.py:1769} INFO - Created Permission View: can edit on DAG:example_branch_python_operator_decorator
[2024-01-31T09:36:08.055+0000] {logging_mixin.py:188} INFO - [2024-01-31T09:36:08.054+0000] {override.py:1769} INFO - Created Permission View: can read on DAG:example_branch_python_operator_decorator
[2024-01-31T09:36:08.067+0000] {logging_mixin.py:188} INFO - [2024-01-31T09:36:08.067+0000] {override.py:1769} INFO - Created Permission View: can delete on DAG:example_branch_python_operator_decorator
[2024-01-31T09:36:08.069+0000] {logging_mixin.py:188} INFO - [2024-01-31T09:36:08.068+0000] {dag.py:3033} INFO - Sync 1 DAGs
[2024-01-31T09:36:08.082+0000] {logging_mixin.py:188} INFO - [2024-01-31T09:36:08.081+0000] {dag.py:3055} INFO - Creating ORM DAG for example_branch_python_operator_decorator
[2024-01-31T09:36:08.097+0000] {logging_mixin.py:188} INFO - [2024-01-31T09:36:08.097+0000] {dag.py:3820} INFO - Setting next_dagrun for example_branch_python_operator_decorator to 2024-01-30T00:00:00+00:00, run_after=2024-01-31T00:00:00+00:00
[2024-01-31T09:36:08.148+0000] {processor.py:183} INFO - Processing /home/deprojectue/miniconda3/envs/airflow_demo/lib/python3.9/site-packages/airflow/example_dags/example_branch_operator_decorator.py took 0.413 seconds
