[2024-01-31T02:07:57.986+0000] {processor.py:161} INFO - Started process (PID=210622) to work on /home/deprojectue/miniconda3/envs/airflow_demo/lib/python3.9/site-packages/airflow/example_dags/example_branch_operator.py
[2024-01-31T02:07:57.988+0000] {processor.py:830} INFO - Processing file /home/deprojectue/miniconda3/envs/airflow_demo/lib/python3.9/site-packages/airflow/example_dags/example_branch_operator.py for tasks to queue
[2024-01-31T02:07:57.989+0000] {logging_mixin.py:188} INFO - [2024-01-31T02:07:57.988+0000] {dagbag.py:538} INFO - Filling up the DagBag from /home/deprojectue/miniconda3/envs/airflow_demo/lib/python3.9/site-packages/airflow/example_dags/example_branch_operator.py
[2024-01-31T02:07:58.004+0000] {logging_mixin.py:188} INFO - [2024-01-31T02:07:58.002+0000] {dagbag.py:348} ERROR - Failed to import: /home/deprojectue/miniconda3/envs/airflow_demo/lib/python3.9/site-packages/airflow/example_dags/example_branch_operator.py
Traceback (most recent call last):
  File "/home/deprojectue/miniconda3/envs/airflow_demo/lib/python3.9/site-packages/airflow/models/dagbag.py", line 344, in parse
    loader.exec_module(new_module)
  File "<frozen importlib._bootstrap_external>", line 850, in exec_module
  File "<frozen importlib._bootstrap>", line 228, in _call_with_frames_removed
  File "/home/deprojectue/miniconda3/envs/airflow_demo/lib/python3.9/site-packages/airflow/example_dags/example_branch_operator.py", line 138, in <module>
    branching_venv = BranchPythonVirtualenvOperator(
  File "/home/deprojectue/miniconda3/envs/airflow_demo/lib/python3.9/site-packages/airflow/models/baseoperator.py", line 437, in apply_defaults
    result = func(self, **kwargs, default_args=default_args)
  File "/home/deprojectue/miniconda3/envs/airflow_demo/lib/python3.9/site-packages/airflow/models/baseoperator.py", line 437, in apply_defaults
    result = func(self, **kwargs, default_args=default_args)
  File "/home/deprojectue/miniconda3/envs/airflow_demo/lib/python3.9/site-packages/airflow/operators/python.py", line 581, in __init__
    raise AirflowException("PythonVirtualenvOperator requires virtualenv, please install it.")
airflow.exceptions.AirflowException: PythonVirtualenvOperator requires virtualenv, please install it.
[2024-01-31T02:07:58.004+0000] {processor.py:842} WARNING - No viable dags retrieved from /home/deprojectue/miniconda3/envs/airflow_demo/lib/python3.9/site-packages/airflow/example_dags/example_branch_operator.py
[2024-01-31T02:07:58.026+0000] {processor.py:183} INFO - Processing /home/deprojectue/miniconda3/envs/airflow_demo/lib/python3.9/site-packages/airflow/example_dags/example_branch_operator.py took 0.044 seconds
[2024-01-31T02:09:31.476+0000] {processor.py:161} INFO - Started process (PID=210930) to work on /home/deprojectue/miniconda3/envs/airflow_demo/lib/python3.9/site-packages/airflow/example_dags/example_branch_operator.py
[2024-01-31T02:09:31.486+0000] {processor.py:830} INFO - Processing file /home/deprojectue/miniconda3/envs/airflow_demo/lib/python3.9/site-packages/airflow/example_dags/example_branch_operator.py for tasks to queue
[2024-01-31T02:09:31.494+0000] {logging_mixin.py:188} INFO - [2024-01-31T02:09:31.493+0000] {dagbag.py:538} INFO - Filling up the DagBag from /home/deprojectue/miniconda3/envs/airflow_demo/lib/python3.9/site-packages/airflow/example_dags/example_branch_operator.py
[2024-01-31T02:09:31.575+0000] {processor.py:840} INFO - DAG(s) 'example_branch_operator' retrieved from /home/deprojectue/miniconda3/envs/airflow_demo/lib/python3.9/site-packages/airflow/example_dags/example_branch_operator.py
[2024-01-31T02:09:31.904+0000] {logging_mixin.py:188} INFO - [2024-01-31T02:09:31.902+0000] {override.py:1769} INFO - Created Permission View: can read on DAG:example_branch_operator
[2024-01-31T02:09:31.943+0000] {logging_mixin.py:188} INFO - [2024-01-31T02:09:31.942+0000] {override.py:1769} INFO - Created Permission View: can edit on DAG:example_branch_operator
[2024-01-31T02:09:31.980+0000] {logging_mixin.py:188} INFO - [2024-01-31T02:09:31.980+0000] {override.py:1769} INFO - Created Permission View: can delete on DAG:example_branch_operator
[2024-01-31T02:09:31.981+0000] {logging_mixin.py:188} INFO - [2024-01-31T02:09:31.981+0000] {dag.py:3033} INFO - Sync 1 DAGs
[2024-01-31T02:09:32.013+0000] {logging_mixin.py:188} INFO - [2024-01-31T02:09:32.013+0000] {dag.py:3055} INFO - Creating ORM DAG for example_branch_operator
[2024-01-31T02:09:32.055+0000] {logging_mixin.py:188} INFO - [2024-01-31T02:09:32.055+0000] {dag.py:3820} INFO - Setting next_dagrun for example_branch_operator to 2024-01-30T00:00:00+00:00, run_after=2024-01-31T00:00:00+00:00
[2024-01-31T02:09:32.108+0000] {processor.py:183} INFO - Processing /home/deprojectue/miniconda3/envs/airflow_demo/lib/python3.9/site-packages/airflow/example_dags/example_branch_operator.py took 0.653 seconds
[2024-01-31T02:10:20.527+0000] {processor.py:161} INFO - Started process (PID=210980) to work on /home/deprojectue/miniconda3/envs/airflow_demo/lib/python3.9/site-packages/airflow/example_dags/example_branch_operator.py
[2024-01-31T02:10:20.545+0000] {processor.py:830} INFO - Processing file /home/deprojectue/miniconda3/envs/airflow_demo/lib/python3.9/site-packages/airflow/example_dags/example_branch_operator.py for tasks to queue
[2024-01-31T02:10:20.546+0000] {logging_mixin.py:188} INFO - [2024-01-31T02:10:20.546+0000] {dagbag.py:538} INFO - Filling up the DagBag from /home/deprojectue/miniconda3/envs/airflow_demo/lib/python3.9/site-packages/airflow/example_dags/example_branch_operator.py
[2024-01-31T02:10:20.631+0000] {processor.py:840} INFO - DAG(s) 'example_branch_operator' retrieved from /home/deprojectue/miniconda3/envs/airflow_demo/lib/python3.9/site-packages/airflow/example_dags/example_branch_operator.py
[2024-01-31T02:10:20.720+0000] {logging_mixin.py:188} INFO - [2024-01-31T02:10:20.719+0000] {dag.py:3033} INFO - Sync 1 DAGs
[2024-01-31T02:10:35.653+0000] {logging_mixin.py:188} INFO - [2024-01-31T02:10:35.617+0000] {dag.py:3820} INFO - Setting next_dagrun for example_branch_operator to 2024-01-30T00:00:00+00:00, run_after=2024-01-31T00:00:00+00:00
[2024-01-31T02:10:35.856+0000] {processor.py:183} INFO - Processing /home/deprojectue/miniconda3/envs/airflow_demo/lib/python3.9/site-packages/airflow/example_dags/example_branch_operator.py took 15.335 seconds
[2024-01-31T02:13:09.828+0000] {processor.py:161} INFO - Started process (PID=211066) to work on /home/deprojectue/miniconda3/envs/airflow_demo/lib/python3.9/site-packages/airflow/example_dags/example_branch_operator.py
[2024-01-31T02:13:09.830+0000] {processor.py:830} INFO - Processing file /home/deprojectue/miniconda3/envs/airflow_demo/lib/python3.9/site-packages/airflow/example_dags/example_branch_operator.py for tasks to queue
[2024-01-31T02:13:09.833+0000] {logging_mixin.py:188} INFO - [2024-01-31T02:13:09.833+0000] {dagbag.py:538} INFO - Filling up the DagBag from /home/deprojectue/miniconda3/envs/airflow_demo/lib/python3.9/site-packages/airflow/example_dags/example_branch_operator.py
[2024-01-31T02:13:09.857+0000] {processor.py:840} INFO - DAG(s) 'example_branch_operator' retrieved from /home/deprojectue/miniconda3/envs/airflow_demo/lib/python3.9/site-packages/airflow/example_dags/example_branch_operator.py
[2024-01-31T02:13:09.967+0000] {logging_mixin.py:188} INFO - [2024-01-31T02:13:09.967+0000] {dag.py:3033} INFO - Sync 1 DAGs
[2024-01-31T02:13:09.994+0000] {logging_mixin.py:188} INFO - [2024-01-31T02:13:09.994+0000] {dag.py:3820} INFO - Setting next_dagrun for example_branch_operator to 2024-01-30T00:00:00+00:00, run_after=2024-01-31T00:00:00+00:00
[2024-01-31T02:13:10.023+0000] {processor.py:183} INFO - Processing /home/deprojectue/miniconda3/envs/airflow_demo/lib/python3.9/site-packages/airflow/example_dags/example_branch_operator.py took 0.199 seconds
[2024-01-31T02:14:08.844+0000] {processor.py:161} INFO - Started process (PID=211135) to work on /home/deprojectue/miniconda3/envs/airflow_demo/lib/python3.9/site-packages/airflow/example_dags/example_branch_operator.py
[2024-01-31T02:14:08.846+0000] {processor.py:830} INFO - Processing file /home/deprojectue/miniconda3/envs/airflow_demo/lib/python3.9/site-packages/airflow/example_dags/example_branch_operator.py for tasks to queue
[2024-01-31T02:14:08.849+0000] {logging_mixin.py:188} INFO - [2024-01-31T02:14:08.848+0000] {dagbag.py:538} INFO - Filling up the DagBag from /home/deprojectue/miniconda3/envs/airflow_demo/lib/python3.9/site-packages/airflow/example_dags/example_branch_operator.py
[2024-01-31T02:14:08.870+0000] {processor.py:840} INFO - DAG(s) 'example_branch_operator' retrieved from /home/deprojectue/miniconda3/envs/airflow_demo/lib/python3.9/site-packages/airflow/example_dags/example_branch_operator.py
[2024-01-31T02:14:08.896+0000] {logging_mixin.py:188} INFO - [2024-01-31T02:14:08.896+0000] {dag.py:3033} INFO - Sync 1 DAGs
[2024-01-31T02:14:08.920+0000] {logging_mixin.py:188} INFO - [2024-01-31T02:14:08.919+0000] {dag.py:3820} INFO - Setting next_dagrun for example_branch_operator to 2024-01-30T00:00:00+00:00, run_after=2024-01-31T00:00:00+00:00
[2024-01-31T02:14:08.947+0000] {processor.py:183} INFO - Processing /home/deprojectue/miniconda3/envs/airflow_demo/lib/python3.9/site-packages/airflow/example_dags/example_branch_operator.py took 0.107 seconds
[2024-01-31T02:22:09.535+0000] {processor.py:161} INFO - Started process (PID=211326) to work on /home/deprojectue/miniconda3/envs/airflow_demo/lib/python3.9/site-packages/airflow/example_dags/example_branch_operator.py
[2024-01-31T02:22:09.537+0000] {processor.py:830} INFO - Processing file /home/deprojectue/miniconda3/envs/airflow_demo/lib/python3.9/site-packages/airflow/example_dags/example_branch_operator.py for tasks to queue
[2024-01-31T02:22:09.540+0000] {logging_mixin.py:188} INFO - [2024-01-31T02:22:09.540+0000] {dagbag.py:538} INFO - Filling up the DagBag from /home/deprojectue/miniconda3/envs/airflow_demo/lib/python3.9/site-packages/airflow/example_dags/example_branch_operator.py
[2024-01-31T02:22:09.562+0000] {processor.py:840} INFO - DAG(s) 'example_branch_operator' retrieved from /home/deprojectue/miniconda3/envs/airflow_demo/lib/python3.9/site-packages/airflow/example_dags/example_branch_operator.py
[2024-01-31T02:22:09.682+0000] {logging_mixin.py:188} INFO - [2024-01-31T02:22:09.681+0000] {dag.py:3033} INFO - Sync 1 DAGs
[2024-01-31T02:22:09.706+0000] {logging_mixin.py:188} INFO - [2024-01-31T02:22:09.705+0000] {dag.py:3820} INFO - Setting next_dagrun for example_branch_operator to 2024-01-30T00:00:00+00:00, run_after=2024-01-31T00:00:00+00:00
[2024-01-31T02:22:09.734+0000] {processor.py:183} INFO - Processing /home/deprojectue/miniconda3/envs/airflow_demo/lib/python3.9/site-packages/airflow/example_dags/example_branch_operator.py took 0.203 seconds
[2024-01-31T08:24:47.233+0000] {processor.py:161} INFO - Started process (PID=214067) to work on /home/deprojectue/miniconda3/envs/airflow_demo/lib/python3.9/site-packages/airflow/example_dags/example_branch_operator.py
[2024-01-31T08:24:47.235+0000] {processor.py:830} INFO - Processing file /home/deprojectue/miniconda3/envs/airflow_demo/lib/python3.9/site-packages/airflow/example_dags/example_branch_operator.py for tasks to queue
[2024-01-31T08:24:47.238+0000] {logging_mixin.py:188} INFO - [2024-01-31T08:24:47.238+0000] {dagbag.py:538} INFO - Filling up the DagBag from /home/deprojectue/miniconda3/envs/airflow_demo/lib/python3.9/site-packages/airflow/example_dags/example_branch_operator.py
[2024-01-31T08:24:47.260+0000] {processor.py:840} INFO - DAG(s) 'example_branch_operator' retrieved from /home/deprojectue/miniconda3/envs/airflow_demo/lib/python3.9/site-packages/airflow/example_dags/example_branch_operator.py
[2024-01-31T08:24:47.371+0000] {logging_mixin.py:188} INFO - [2024-01-31T08:24:47.370+0000] {dag.py:3033} INFO - Sync 1 DAGs
[2024-01-31T08:24:47.393+0000] {logging_mixin.py:188} INFO - [2024-01-31T08:24:47.393+0000] {dag.py:3820} INFO - Setting next_dagrun for example_branch_operator to 2024-01-30T00:00:00+00:00, run_after=2024-01-31T00:00:00+00:00
[2024-01-31T08:24:47.419+0000] {processor.py:183} INFO - Processing /home/deprojectue/miniconda3/envs/airflow_demo/lib/python3.9/site-packages/airflow/example_dags/example_branch_operator.py took 0.190 seconds
[2024-01-31T08:25:36.126+0000] {processor.py:161} INFO - Started process (PID=214118) to work on /home/deprojectue/miniconda3/envs/airflow_demo/lib/python3.9/site-packages/airflow/example_dags/example_branch_operator.py
[2024-01-31T08:25:36.128+0000] {processor.py:830} INFO - Processing file /home/deprojectue/miniconda3/envs/airflow_demo/lib/python3.9/site-packages/airflow/example_dags/example_branch_operator.py for tasks to queue
[2024-01-31T08:25:36.131+0000] {logging_mixin.py:188} INFO - [2024-01-31T08:25:36.130+0000] {dagbag.py:538} INFO - Filling up the DagBag from /home/deprojectue/miniconda3/envs/airflow_demo/lib/python3.9/site-packages/airflow/example_dags/example_branch_operator.py
[2024-01-31T08:25:36.153+0000] {processor.py:840} INFO - DAG(s) 'example_branch_operator' retrieved from /home/deprojectue/miniconda3/envs/airflow_demo/lib/python3.9/site-packages/airflow/example_dags/example_branch_operator.py
[2024-01-31T08:25:36.180+0000] {logging_mixin.py:188} INFO - [2024-01-31T08:25:36.179+0000] {dag.py:3033} INFO - Sync 1 DAGs
[2024-01-31T08:25:36.203+0000] {logging_mixin.py:188} INFO - [2024-01-31T08:25:36.203+0000] {dag.py:3820} INFO - Setting next_dagrun for example_branch_operator to 2024-01-30T00:00:00+00:00, run_after=2024-01-31T00:00:00+00:00
[2024-01-31T08:25:36.229+0000] {processor.py:183} INFO - Processing /home/deprojectue/miniconda3/envs/airflow_demo/lib/python3.9/site-packages/airflow/example_dags/example_branch_operator.py took 0.107 seconds
[2024-01-31T08:52:20.360+0000] {processor.py:161} INFO - Started process (PID=215399) to work on /home/deprojectue/miniconda3/envs/airflow_demo/lib/python3.9/site-packages/airflow/example_dags/example_branch_operator.py
[2024-01-31T08:52:20.362+0000] {processor.py:830} INFO - Processing file /home/deprojectue/miniconda3/envs/airflow_demo/lib/python3.9/site-packages/airflow/example_dags/example_branch_operator.py for tasks to queue
[2024-01-31T08:52:20.366+0000] {logging_mixin.py:188} INFO - [2024-01-31T08:52:20.365+0000] {dagbag.py:538} INFO - Filling up the DagBag from /home/deprojectue/miniconda3/envs/airflow_demo/lib/python3.9/site-packages/airflow/example_dags/example_branch_operator.py
[2024-01-31T08:52:20.387+0000] {processor.py:840} INFO - DAG(s) 'example_branch_operator' retrieved from /home/deprojectue/miniconda3/envs/airflow_demo/lib/python3.9/site-packages/airflow/example_dags/example_branch_operator.py
[2024-01-31T08:52:20.500+0000] {logging_mixin.py:188} INFO - [2024-01-31T08:52:20.498+0000] {dag.py:3033} INFO - Sync 1 DAGs
[2024-01-31T08:52:20.521+0000] {logging_mixin.py:188} INFO - [2024-01-31T08:52:20.521+0000] {dag.py:3820} INFO - Setting next_dagrun for example_branch_operator to 2024-01-30T00:00:00+00:00, run_after=2024-01-31T00:00:00+00:00
[2024-01-31T08:52:20.547+0000] {processor.py:183} INFO - Processing /home/deprojectue/miniconda3/envs/airflow_demo/lib/python3.9/site-packages/airflow/example_dags/example_branch_operator.py took 0.191 seconds
[2024-01-31T08:53:19.539+0000] {processor.py:161} INFO - Started process (PID=215463) to work on /home/deprojectue/miniconda3/envs/airflow_demo/lib/python3.9/site-packages/airflow/example_dags/example_branch_operator.py
[2024-01-31T08:53:19.541+0000] {processor.py:830} INFO - Processing file /home/deprojectue/miniconda3/envs/airflow_demo/lib/python3.9/site-packages/airflow/example_dags/example_branch_operator.py for tasks to queue
[2024-01-31T08:53:19.544+0000] {logging_mixin.py:188} INFO - [2024-01-31T08:53:19.544+0000] {dagbag.py:538} INFO - Filling up the DagBag from /home/deprojectue/miniconda3/envs/airflow_demo/lib/python3.9/site-packages/airflow/example_dags/example_branch_operator.py
[2024-01-31T08:53:19.566+0000] {processor.py:840} INFO - DAG(s) 'example_branch_operator' retrieved from /home/deprojectue/miniconda3/envs/airflow_demo/lib/python3.9/site-packages/airflow/example_dags/example_branch_operator.py
[2024-01-31T08:53:19.594+0000] {logging_mixin.py:188} INFO - [2024-01-31T08:53:19.593+0000] {dag.py:3033} INFO - Sync 1 DAGs
[2024-01-31T08:53:19.615+0000] {logging_mixin.py:188} INFO - [2024-01-31T08:53:19.615+0000] {dag.py:3820} INFO - Setting next_dagrun for example_branch_operator to 2024-01-30T00:00:00+00:00, run_after=2024-01-31T00:00:00+00:00
[2024-01-31T08:53:19.642+0000] {processor.py:183} INFO - Processing /home/deprojectue/miniconda3/envs/airflow_demo/lib/python3.9/site-packages/airflow/example_dags/example_branch_operator.py took 0.107 seconds
[2024-01-31T08:54:11.004+0000] {processor.py:161} INFO - Started process (PID=215513) to work on /home/deprojectue/miniconda3/envs/airflow_demo/lib/python3.9/site-packages/airflow/example_dags/example_branch_operator.py
[2024-01-31T08:54:11.006+0000] {processor.py:830} INFO - Processing file /home/deprojectue/miniconda3/envs/airflow_demo/lib/python3.9/site-packages/airflow/example_dags/example_branch_operator.py for tasks to queue
[2024-01-31T08:54:11.010+0000] {logging_mixin.py:188} INFO - [2024-01-31T08:54:11.009+0000] {dagbag.py:538} INFO - Filling up the DagBag from /home/deprojectue/miniconda3/envs/airflow_demo/lib/python3.9/site-packages/airflow/example_dags/example_branch_operator.py
[2024-01-31T08:54:11.031+0000] {processor.py:840} INFO - DAG(s) 'example_branch_operator' retrieved from /home/deprojectue/miniconda3/envs/airflow_demo/lib/python3.9/site-packages/airflow/example_dags/example_branch_operator.py
[2024-01-31T08:54:11.057+0000] {logging_mixin.py:188} INFO - [2024-01-31T08:54:11.057+0000] {dag.py:3033} INFO - Sync 1 DAGs
[2024-01-31T08:54:11.079+0000] {logging_mixin.py:188} INFO - [2024-01-31T08:54:11.079+0000] {dag.py:3820} INFO - Setting next_dagrun for example_branch_operator to 2024-01-30T00:00:00+00:00, run_after=2024-01-31T00:00:00+00:00
[2024-01-31T08:54:11.105+0000] {processor.py:183} INFO - Processing /home/deprojectue/miniconda3/envs/airflow_demo/lib/python3.9/site-packages/airflow/example_dags/example_branch_operator.py took 0.106 seconds
[2024-01-31T08:55:12.210+0000] {processor.py:161} INFO - Started process (PID=215578) to work on /home/deprojectue/miniconda3/envs/airflow_demo/lib/python3.9/site-packages/airflow/example_dags/example_branch_operator.py
[2024-01-31T08:55:12.212+0000] {processor.py:830} INFO - Processing file /home/deprojectue/miniconda3/envs/airflow_demo/lib/python3.9/site-packages/airflow/example_dags/example_branch_operator.py for tasks to queue
[2024-01-31T08:55:12.215+0000] {logging_mixin.py:188} INFO - [2024-01-31T08:55:12.215+0000] {dagbag.py:538} INFO - Filling up the DagBag from /home/deprojectue/miniconda3/envs/airflow_demo/lib/python3.9/site-packages/airflow/example_dags/example_branch_operator.py
[2024-01-31T08:55:12.239+0000] {processor.py:840} INFO - DAG(s) 'example_branch_operator' retrieved from /home/deprojectue/miniconda3/envs/airflow_demo/lib/python3.9/site-packages/airflow/example_dags/example_branch_operator.py
[2024-01-31T08:55:12.268+0000] {logging_mixin.py:188} INFO - [2024-01-31T08:55:12.267+0000] {dag.py:3033} INFO - Sync 1 DAGs
[2024-01-31T08:55:12.291+0000] {logging_mixin.py:188} INFO - [2024-01-31T08:55:12.291+0000] {dag.py:3820} INFO - Setting next_dagrun for example_branch_operator to 2024-01-30T00:00:00+00:00, run_after=2024-01-31T00:00:00+00:00
[2024-01-31T08:55:12.318+0000] {processor.py:183} INFO - Processing /home/deprojectue/miniconda3/envs/airflow_demo/lib/python3.9/site-packages/airflow/example_dags/example_branch_operator.py took 0.114 seconds
[2024-01-31T08:56:09.602+0000] {processor.py:161} INFO - Started process (PID=215639) to work on /home/deprojectue/miniconda3/envs/airflow_demo/lib/python3.9/site-packages/airflow/example_dags/example_branch_operator.py
[2024-01-31T08:56:09.605+0000] {processor.py:830} INFO - Processing file /home/deprojectue/miniconda3/envs/airflow_demo/lib/python3.9/site-packages/airflow/example_dags/example_branch_operator.py for tasks to queue
[2024-01-31T08:56:09.608+0000] {logging_mixin.py:188} INFO - [2024-01-31T08:56:09.608+0000] {dagbag.py:538} INFO - Filling up the DagBag from /home/deprojectue/miniconda3/envs/airflow_demo/lib/python3.9/site-packages/airflow/example_dags/example_branch_operator.py
[2024-01-31T08:56:09.629+0000] {processor.py:840} INFO - DAG(s) 'example_branch_operator' retrieved from /home/deprojectue/miniconda3/envs/airflow_demo/lib/python3.9/site-packages/airflow/example_dags/example_branch_operator.py
[2024-01-31T08:56:09.656+0000] {logging_mixin.py:188} INFO - [2024-01-31T08:56:09.655+0000] {dag.py:3033} INFO - Sync 1 DAGs
[2024-01-31T08:56:09.677+0000] {logging_mixin.py:188} INFO - [2024-01-31T08:56:09.676+0000] {dag.py:3820} INFO - Setting next_dagrun for example_branch_operator to 2024-01-30T00:00:00+00:00, run_after=2024-01-31T00:00:00+00:00
[2024-01-31T08:56:09.703+0000] {processor.py:183} INFO - Processing /home/deprojectue/miniconda3/envs/airflow_demo/lib/python3.9/site-packages/airflow/example_dags/example_branch_operator.py took 0.105 seconds
[2024-01-31T08:57:07.575+0000] {processor.py:161} INFO - Started process (PID=215716) to work on /home/deprojectue/miniconda3/envs/airflow_demo/lib/python3.9/site-packages/airflow/example_dags/example_branch_operator.py
[2024-01-31T08:57:07.577+0000] {processor.py:830} INFO - Processing file /home/deprojectue/miniconda3/envs/airflow_demo/lib/python3.9/site-packages/airflow/example_dags/example_branch_operator.py for tasks to queue
[2024-01-31T08:57:07.581+0000] {logging_mixin.py:188} INFO - [2024-01-31T08:57:07.580+0000] {dagbag.py:538} INFO - Filling up the DagBag from /home/deprojectue/miniconda3/envs/airflow_demo/lib/python3.9/site-packages/airflow/example_dags/example_branch_operator.py
[2024-01-31T08:57:07.604+0000] {processor.py:840} INFO - DAG(s) 'example_branch_operator' retrieved from /home/deprojectue/miniconda3/envs/airflow_demo/lib/python3.9/site-packages/airflow/example_dags/example_branch_operator.py
[2024-01-31T08:57:07.631+0000] {logging_mixin.py:188} INFO - [2024-01-31T08:57:07.631+0000] {dag.py:3033} INFO - Sync 1 DAGs
[2024-01-31T08:57:07.652+0000] {logging_mixin.py:188} INFO - [2024-01-31T08:57:07.651+0000] {dag.py:3820} INFO - Setting next_dagrun for example_branch_operator to 2024-01-30T00:00:00+00:00, run_after=2024-01-31T00:00:00+00:00
[2024-01-31T08:57:07.677+0000] {processor.py:183} INFO - Processing /home/deprojectue/miniconda3/envs/airflow_demo/lib/python3.9/site-packages/airflow/example_dags/example_branch_operator.py took 0.106 seconds
[2024-01-31T08:58:02.240+0000] {processor.py:161} INFO - Started process (PID=215772) to work on /home/deprojectue/miniconda3/envs/airflow_demo/lib/python3.9/site-packages/airflow/example_dags/example_branch_operator.py
[2024-01-31T08:58:02.243+0000] {processor.py:830} INFO - Processing file /home/deprojectue/miniconda3/envs/airflow_demo/lib/python3.9/site-packages/airflow/example_dags/example_branch_operator.py for tasks to queue
[2024-01-31T08:58:02.246+0000] {logging_mixin.py:188} INFO - [2024-01-31T08:58:02.246+0000] {dagbag.py:538} INFO - Filling up the DagBag from /home/deprojectue/miniconda3/envs/airflow_demo/lib/python3.9/site-packages/airflow/example_dags/example_branch_operator.py
[2024-01-31T08:58:02.270+0000] {processor.py:840} INFO - DAG(s) 'example_branch_operator' retrieved from /home/deprojectue/miniconda3/envs/airflow_demo/lib/python3.9/site-packages/airflow/example_dags/example_branch_operator.py
[2024-01-31T08:58:02.296+0000] {logging_mixin.py:188} INFO - [2024-01-31T08:58:02.296+0000] {dag.py:3033} INFO - Sync 1 DAGs
[2024-01-31T08:58:02.328+0000] {logging_mixin.py:188} INFO - [2024-01-31T08:58:02.328+0000] {dag.py:3820} INFO - Setting next_dagrun for example_branch_operator to 2024-01-30T00:00:00+00:00, run_after=2024-01-31T00:00:00+00:00
[2024-01-31T08:58:02.369+0000] {processor.py:183} INFO - Processing /home/deprojectue/miniconda3/envs/airflow_demo/lib/python3.9/site-packages/airflow/example_dags/example_branch_operator.py took 0.133 seconds
[2024-01-31T08:59:03.191+0000] {processor.py:161} INFO - Started process (PID=215854) to work on /home/deprojectue/miniconda3/envs/airflow_demo/lib/python3.9/site-packages/airflow/example_dags/example_branch_operator.py
[2024-01-31T08:59:03.194+0000] {processor.py:830} INFO - Processing file /home/deprojectue/miniconda3/envs/airflow_demo/lib/python3.9/site-packages/airflow/example_dags/example_branch_operator.py for tasks to queue
[2024-01-31T08:59:03.197+0000] {logging_mixin.py:188} INFO - [2024-01-31T08:59:03.197+0000] {dagbag.py:538} INFO - Filling up the DagBag from /home/deprojectue/miniconda3/envs/airflow_demo/lib/python3.9/site-packages/airflow/example_dags/example_branch_operator.py
[2024-01-31T08:59:03.220+0000] {processor.py:840} INFO - DAG(s) 'example_branch_operator' retrieved from /home/deprojectue/miniconda3/envs/airflow_demo/lib/python3.9/site-packages/airflow/example_dags/example_branch_operator.py
[2024-01-31T08:59:03.248+0000] {logging_mixin.py:188} INFO - [2024-01-31T08:59:03.247+0000] {dag.py:3033} INFO - Sync 1 DAGs
[2024-01-31T08:59:03.270+0000] {logging_mixin.py:188} INFO - [2024-01-31T08:59:03.270+0000] {dag.py:3820} INFO - Setting next_dagrun for example_branch_operator to 2024-01-30T00:00:00+00:00, run_after=2024-01-31T00:00:00+00:00
[2024-01-31T08:59:03.295+0000] {processor.py:183} INFO - Processing /home/deprojectue/miniconda3/envs/airflow_demo/lib/python3.9/site-packages/airflow/example_dags/example_branch_operator.py took 0.108 seconds
[2024-01-31T09:00:03.638+0000] {processor.py:161} INFO - Started process (PID=215916) to work on /home/deprojectue/miniconda3/envs/airflow_demo/lib/python3.9/site-packages/airflow/example_dags/example_branch_operator.py
[2024-01-31T09:00:03.640+0000] {processor.py:830} INFO - Processing file /home/deprojectue/miniconda3/envs/airflow_demo/lib/python3.9/site-packages/airflow/example_dags/example_branch_operator.py for tasks to queue
[2024-01-31T09:00:03.643+0000] {logging_mixin.py:188} INFO - [2024-01-31T09:00:03.642+0000] {dagbag.py:538} INFO - Filling up the DagBag from /home/deprojectue/miniconda3/envs/airflow_demo/lib/python3.9/site-packages/airflow/example_dags/example_branch_operator.py
[2024-01-31T09:00:03.665+0000] {processor.py:840} INFO - DAG(s) 'example_branch_operator' retrieved from /home/deprojectue/miniconda3/envs/airflow_demo/lib/python3.9/site-packages/airflow/example_dags/example_branch_operator.py
[2024-01-31T09:00:03.692+0000] {logging_mixin.py:188} INFO - [2024-01-31T09:00:03.691+0000] {dag.py:3033} INFO - Sync 1 DAGs
[2024-01-31T09:00:03.712+0000] {logging_mixin.py:188} INFO - [2024-01-31T09:00:03.712+0000] {dag.py:3820} INFO - Setting next_dagrun for example_branch_operator to 2024-01-30T00:00:00+00:00, run_after=2024-01-31T00:00:00+00:00
[2024-01-31T09:00:03.738+0000] {processor.py:183} INFO - Processing /home/deprojectue/miniconda3/envs/airflow_demo/lib/python3.9/site-packages/airflow/example_dags/example_branch_operator.py took 0.104 seconds
[2024-01-31T09:00:57.981+0000] {processor.py:161} INFO - Started process (PID=215974) to work on /home/deprojectue/miniconda3/envs/airflow_demo/lib/python3.9/site-packages/airflow/example_dags/example_branch_operator.py
[2024-01-31T09:00:57.983+0000] {processor.py:830} INFO - Processing file /home/deprojectue/miniconda3/envs/airflow_demo/lib/python3.9/site-packages/airflow/example_dags/example_branch_operator.py for tasks to queue
[2024-01-31T09:00:57.987+0000] {logging_mixin.py:188} INFO - [2024-01-31T09:00:57.986+0000] {dagbag.py:538} INFO - Filling up the DagBag from /home/deprojectue/miniconda3/envs/airflow_demo/lib/python3.9/site-packages/airflow/example_dags/example_branch_operator.py
[2024-01-31T09:00:58.011+0000] {processor.py:840} INFO - DAG(s) 'example_branch_operator' retrieved from /home/deprojectue/miniconda3/envs/airflow_demo/lib/python3.9/site-packages/airflow/example_dags/example_branch_operator.py
[2024-01-31T09:00:58.038+0000] {logging_mixin.py:188} INFO - [2024-01-31T09:00:58.038+0000] {dag.py:3033} INFO - Sync 1 DAGs
[2024-01-31T09:00:58.062+0000] {logging_mixin.py:188} INFO - [2024-01-31T09:00:58.062+0000] {dag.py:3820} INFO - Setting next_dagrun for example_branch_operator to 2024-01-30T00:00:00+00:00, run_after=2024-01-31T00:00:00+00:00
[2024-01-31T09:00:58.100+0000] {processor.py:183} INFO - Processing /home/deprojectue/miniconda3/envs/airflow_demo/lib/python3.9/site-packages/airflow/example_dags/example_branch_operator.py took 0.123 seconds
[2024-01-31T09:01:54.713+0000] {processor.py:161} INFO - Started process (PID=216035) to work on /home/deprojectue/miniconda3/envs/airflow_demo/lib/python3.9/site-packages/airflow/example_dags/example_branch_operator.py
[2024-01-31T09:01:54.716+0000] {processor.py:830} INFO - Processing file /home/deprojectue/miniconda3/envs/airflow_demo/lib/python3.9/site-packages/airflow/example_dags/example_branch_operator.py for tasks to queue
[2024-01-31T09:01:54.719+0000] {logging_mixin.py:188} INFO - [2024-01-31T09:01:54.719+0000] {dagbag.py:538} INFO - Filling up the DagBag from /home/deprojectue/miniconda3/envs/airflow_demo/lib/python3.9/site-packages/airflow/example_dags/example_branch_operator.py
[2024-01-31T09:01:54.744+0000] {processor.py:840} INFO - DAG(s) 'example_branch_operator' retrieved from /home/deprojectue/miniconda3/envs/airflow_demo/lib/python3.9/site-packages/airflow/example_dags/example_branch_operator.py
[2024-01-31T09:01:54.771+0000] {logging_mixin.py:188} INFO - [2024-01-31T09:01:54.770+0000] {dag.py:3033} INFO - Sync 1 DAGs
[2024-01-31T09:01:54.794+0000] {logging_mixin.py:188} INFO - [2024-01-31T09:01:54.793+0000] {dag.py:3820} INFO - Setting next_dagrun for example_branch_operator to 2024-01-30T00:00:00+00:00, run_after=2024-01-31T00:00:00+00:00
[2024-01-31T09:01:54.820+0000] {processor.py:183} INFO - Processing /home/deprojectue/miniconda3/envs/airflow_demo/lib/python3.9/site-packages/airflow/example_dags/example_branch_operator.py took 0.111 seconds
[2024-01-31T09:02:51.485+0000] {processor.py:161} INFO - Started process (PID=216095) to work on /home/deprojectue/miniconda3/envs/airflow_demo/lib/python3.9/site-packages/airflow/example_dags/example_branch_operator.py
[2024-01-31T09:02:51.487+0000] {processor.py:830} INFO - Processing file /home/deprojectue/miniconda3/envs/airflow_demo/lib/python3.9/site-packages/airflow/example_dags/example_branch_operator.py for tasks to queue
[2024-01-31T09:02:51.490+0000] {logging_mixin.py:188} INFO - [2024-01-31T09:02:51.490+0000] {dagbag.py:538} INFO - Filling up the DagBag from /home/deprojectue/miniconda3/envs/airflow_demo/lib/python3.9/site-packages/airflow/example_dags/example_branch_operator.py
[2024-01-31T09:02:51.514+0000] {processor.py:840} INFO - DAG(s) 'example_branch_operator' retrieved from /home/deprojectue/miniconda3/envs/airflow_demo/lib/python3.9/site-packages/airflow/example_dags/example_branch_operator.py
[2024-01-31T09:02:51.541+0000] {logging_mixin.py:188} INFO - [2024-01-31T09:02:51.540+0000] {dag.py:3033} INFO - Sync 1 DAGs
[2024-01-31T09:02:51.563+0000] {logging_mixin.py:188} INFO - [2024-01-31T09:02:51.563+0000] {dag.py:3820} INFO - Setting next_dagrun for example_branch_operator to 2024-01-30T00:00:00+00:00, run_after=2024-01-31T00:00:00+00:00
[2024-01-31T09:02:51.589+0000] {processor.py:183} INFO - Processing /home/deprojectue/miniconda3/envs/airflow_demo/lib/python3.9/site-packages/airflow/example_dags/example_branch_operator.py took 0.109 seconds
[2024-01-31T09:03:45.082+0000] {processor.py:161} INFO - Started process (PID=216151) to work on /home/deprojectue/miniconda3/envs/airflow_demo/lib/python3.9/site-packages/airflow/example_dags/example_branch_operator.py
[2024-01-31T09:03:45.084+0000] {processor.py:830} INFO - Processing file /home/deprojectue/miniconda3/envs/airflow_demo/lib/python3.9/site-packages/airflow/example_dags/example_branch_operator.py for tasks to queue
[2024-01-31T09:03:45.088+0000] {logging_mixin.py:188} INFO - [2024-01-31T09:03:45.087+0000] {dagbag.py:538} INFO - Filling up the DagBag from /home/deprojectue/miniconda3/envs/airflow_demo/lib/python3.9/site-packages/airflow/example_dags/example_branch_operator.py
[2024-01-31T09:03:45.113+0000] {processor.py:840} INFO - DAG(s) 'example_branch_operator' retrieved from /home/deprojectue/miniconda3/envs/airflow_demo/lib/python3.9/site-packages/airflow/example_dags/example_branch_operator.py
[2024-01-31T09:03:45.140+0000] {logging_mixin.py:188} INFO - [2024-01-31T09:03:45.140+0000] {dag.py:3033} INFO - Sync 1 DAGs
[2024-01-31T09:03:45.161+0000] {logging_mixin.py:188} INFO - [2024-01-31T09:03:45.161+0000] {dag.py:3820} INFO - Setting next_dagrun for example_branch_operator to 2024-01-30T00:00:00+00:00, run_after=2024-01-31T00:00:00+00:00
[2024-01-31T09:03:45.185+0000] {processor.py:183} INFO - Processing /home/deprojectue/miniconda3/envs/airflow_demo/lib/python3.9/site-packages/airflow/example_dags/example_branch_operator.py took 0.108 seconds
[2024-01-31T09:04:38.845+0000] {processor.py:161} INFO - Started process (PID=216208) to work on /home/deprojectue/miniconda3/envs/airflow_demo/lib/python3.9/site-packages/airflow/example_dags/example_branch_operator.py
[2024-01-31T09:04:38.847+0000] {processor.py:830} INFO - Processing file /home/deprojectue/miniconda3/envs/airflow_demo/lib/python3.9/site-packages/airflow/example_dags/example_branch_operator.py for tasks to queue
[2024-01-31T09:04:38.851+0000] {logging_mixin.py:188} INFO - [2024-01-31T09:04:38.850+0000] {dagbag.py:538} INFO - Filling up the DagBag from /home/deprojectue/miniconda3/envs/airflow_demo/lib/python3.9/site-packages/airflow/example_dags/example_branch_operator.py
[2024-01-31T09:04:38.874+0000] {processor.py:840} INFO - DAG(s) 'example_branch_operator' retrieved from /home/deprojectue/miniconda3/envs/airflow_demo/lib/python3.9/site-packages/airflow/example_dags/example_branch_operator.py
[2024-01-31T09:04:38.901+0000] {logging_mixin.py:188} INFO - [2024-01-31T09:04:38.901+0000] {dag.py:3033} INFO - Sync 1 DAGs
[2024-01-31T09:04:38.924+0000] {logging_mixin.py:188} INFO - [2024-01-31T09:04:38.924+0000] {dag.py:3820} INFO - Setting next_dagrun for example_branch_operator to 2024-01-30T00:00:00+00:00, run_after=2024-01-31T00:00:00+00:00
[2024-01-31T09:04:38.949+0000] {processor.py:183} INFO - Processing /home/deprojectue/miniconda3/envs/airflow_demo/lib/python3.9/site-packages/airflow/example_dags/example_branch_operator.py took 0.109 seconds
[2024-01-31T09:07:51.867+0000] {processor.py:161} INFO - Started process (PID=216358) to work on /home/deprojectue/miniconda3/envs/airflow_demo/lib/python3.9/site-packages/airflow/example_dags/example_branch_operator.py
[2024-01-31T09:07:51.869+0000] {processor.py:830} INFO - Processing file /home/deprojectue/miniconda3/envs/airflow_demo/lib/python3.9/site-packages/airflow/example_dags/example_branch_operator.py for tasks to queue
[2024-01-31T09:07:51.873+0000] {logging_mixin.py:188} INFO - [2024-01-31T09:07:51.872+0000] {dagbag.py:538} INFO - Filling up the DagBag from /home/deprojectue/miniconda3/envs/airflow_demo/lib/python3.9/site-packages/airflow/example_dags/example_branch_operator.py
[2024-01-31T09:07:52.363+0000] {processor.py:840} INFO - DAG(s) 'example_branch_operator' retrieved from /home/deprojectue/miniconda3/envs/airflow_demo/lib/python3.9/site-packages/airflow/example_dags/example_branch_operator.py
[2024-01-31T09:07:52.867+0000] {logging_mixin.py:188} INFO - [2024-01-31T09:07:52.866+0000] {dag.py:3033} INFO - Sync 1 DAGs
[2024-01-31T09:07:53.112+0000] {logging_mixin.py:188} INFO - [2024-01-31T09:07:52.902+0000] {dag.py:3820} INFO - Setting next_dagrun for example_branch_operator to 2024-01-30T00:00:00+00:00, run_after=2024-01-31T00:00:00+00:00
[2024-01-31T09:07:53.390+0000] {processor.py:183} INFO - Processing /home/deprojectue/miniconda3/envs/airflow_demo/lib/python3.9/site-packages/airflow/example_dags/example_branch_operator.py took 1.538 seconds
[2024-01-31T09:36:08.619+0000] {processor.py:161} INFO - Started process (PID=216904) to work on /home/deprojectue/miniconda3/envs/airflow_demo/lib/python3.9/site-packages/airflow/example_dags/example_branch_operator.py
[2024-01-31T09:36:08.622+0000] {processor.py:830} INFO - Processing file /home/deprojectue/miniconda3/envs/airflow_demo/lib/python3.9/site-packages/airflow/example_dags/example_branch_operator.py for tasks to queue
[2024-01-31T09:36:08.625+0000] {logging_mixin.py:188} INFO - [2024-01-31T09:36:08.624+0000] {dagbag.py:538} INFO - Filling up the DagBag from /home/deprojectue/miniconda3/envs/airflow_demo/lib/python3.9/site-packages/airflow/example_dags/example_branch_operator.py
[2024-01-31T09:36:08.658+0000] {processor.py:840} INFO - DAG(s) 'example_branch_operator' retrieved from /home/deprojectue/miniconda3/envs/airflow_demo/lib/python3.9/site-packages/airflow/example_dags/example_branch_operator.py
[2024-01-31T09:36:08.945+0000] {logging_mixin.py:188} INFO - [2024-01-31T09:36:08.932+0000] {override.py:1769} INFO - Created Permission View: can edit on DAG:example_branch_operator
[2024-01-31T09:36:08.962+0000] {logging_mixin.py:188} INFO - [2024-01-31T09:36:08.962+0000] {override.py:1769} INFO - Created Permission View: can read on DAG:example_branch_operator
[2024-01-31T09:36:08.983+0000] {logging_mixin.py:188} INFO - [2024-01-31T09:36:08.978+0000] {override.py:1769} INFO - Created Permission View: can delete on DAG:example_branch_operator
[2024-01-31T09:36:08.984+0000] {logging_mixin.py:188} INFO - [2024-01-31T09:36:08.983+0000] {dag.py:3033} INFO - Sync 1 DAGs
[2024-01-31T09:36:09.000+0000] {logging_mixin.py:188} INFO - [2024-01-31T09:36:08.999+0000] {dag.py:3055} INFO - Creating ORM DAG for example_branch_operator
[2024-01-31T09:36:09.018+0000] {logging_mixin.py:188} INFO - [2024-01-31T09:36:09.018+0000] {dag.py:3820} INFO - Setting next_dagrun for example_branch_operator to 2024-01-30T00:00:00+00:00, run_after=2024-01-31T00:00:00+00:00
[2024-01-31T09:36:09.072+0000] {processor.py:183} INFO - Processing /home/deprojectue/miniconda3/envs/airflow_demo/lib/python3.9/site-packages/airflow/example_dags/example_branch_operator.py took 0.459 seconds
