[2024-01-31T02:07:26.310+0000] {processor.py:161} INFO - Started process (PID=210207) to work on /home/deprojectue/miniconda3/envs/airflow_demo/lib/python3.9/site-packages/airflow/example_dags/example_short_circuit_operator.py
[2024-01-31T02:07:26.311+0000] {processor.py:830} INFO - Processing file /home/deprojectue/miniconda3/envs/airflow_demo/lib/python3.9/site-packages/airflow/example_dags/example_short_circuit_operator.py for tasks to queue
[2024-01-31T02:07:26.312+0000] {logging_mixin.py:188} INFO - [2024-01-31T02:07:26.312+0000] {dagbag.py:538} INFO - Filling up the DagBag from /home/deprojectue/miniconda3/envs/airflow_demo/lib/python3.9/site-packages/airflow/example_dags/example_short_circuit_operator.py
[2024-01-31T02:07:26.331+0000] {processor.py:840} INFO - DAG(s) 'example_short_circuit_operator' retrieved from /home/deprojectue/miniconda3/envs/airflow_demo/lib/python3.9/site-packages/airflow/example_dags/example_short_circuit_operator.py
[2024-01-31T02:07:26.462+0000] {logging_mixin.py:188} INFO - [2024-01-31T02:07:26.461+0000] {override.py:1769} INFO - Created Permission View: can read on DAG:example_short_circuit_operator
[2024-01-31T02:07:26.476+0000] {logging_mixin.py:188} INFO - [2024-01-31T02:07:26.476+0000] {override.py:1769} INFO - Created Permission View: can delete on DAG:example_short_circuit_operator
[2024-01-31T02:07:26.485+0000] {logging_mixin.py:188} INFO - [2024-01-31T02:07:26.485+0000] {override.py:1769} INFO - Created Permission View: can edit on DAG:example_short_circuit_operator
[2024-01-31T02:07:26.486+0000] {logging_mixin.py:188} INFO - [2024-01-31T02:07:26.486+0000] {dag.py:3033} INFO - Sync 1 DAGs
[2024-01-31T02:07:26.497+0000] {logging_mixin.py:188} INFO - [2024-01-31T02:07:26.497+0000] {dag.py:3055} INFO - Creating ORM DAG for example_short_circuit_operator
[2024-01-31T02:07:26.506+0000] {logging_mixin.py:188} INFO - [2024-01-31T02:07:26.506+0000] {dag.py:3820} INFO - Setting next_dagrun for example_short_circuit_operator to 2024-01-30T00:00:00+00:00, run_after=2024-01-31T00:00:00+00:00
[2024-01-31T02:07:26.528+0000] {processor.py:183} INFO - Processing /home/deprojectue/miniconda3/envs/airflow_demo/lib/python3.9/site-packages/airflow/example_dags/example_short_circuit_operator.py took 0.224 seconds
[2024-01-31T02:09:00.937+0000] {processor.py:161} INFO - Started process (PID=210671) to work on /home/deprojectue/miniconda3/envs/airflow_demo/lib/python3.9/site-packages/airflow/example_dags/example_short_circuit_operator.py
[2024-01-31T02:09:00.939+0000] {processor.py:830} INFO - Processing file /home/deprojectue/miniconda3/envs/airflow_demo/lib/python3.9/site-packages/airflow/example_dags/example_short_circuit_operator.py for tasks to queue
[2024-01-31T02:09:00.940+0000] {logging_mixin.py:188} INFO - [2024-01-31T02:09:00.940+0000] {dagbag.py:538} INFO - Filling up the DagBag from /home/deprojectue/miniconda3/envs/airflow_demo/lib/python3.9/site-packages/airflow/example_dags/example_short_circuit_operator.py
[2024-01-31T02:09:00.953+0000] {processor.py:840} INFO - DAG(s) 'example_short_circuit_operator' retrieved from /home/deprojectue/miniconda3/envs/airflow_demo/lib/python3.9/site-packages/airflow/example_dags/example_short_circuit_operator.py
[2024-01-31T02:09:00.981+0000] {logging_mixin.py:188} INFO - [2024-01-31T02:09:00.981+0000] {dag.py:3033} INFO - Sync 1 DAGs
[2024-01-31T02:09:01.007+0000] {logging_mixin.py:188} INFO - [2024-01-31T02:09:01.007+0000] {dag.py:3820} INFO - Setting next_dagrun for example_short_circuit_operator to 2024-01-30T00:00:00+00:00, run_after=2024-01-31T00:00:00+00:00
[2024-01-31T02:09:01.032+0000] {processor.py:183} INFO - Processing /home/deprojectue/miniconda3/envs/airflow_demo/lib/python3.9/site-packages/airflow/example_dags/example_short_circuit_operator.py took 0.099 seconds
[2024-01-31T02:09:55.799+0000] {processor.py:161} INFO - Started process (PID=210955) to work on /home/deprojectue/miniconda3/envs/airflow_demo/lib/python3.9/site-packages/airflow/example_dags/example_short_circuit_operator.py
[2024-01-31T02:09:55.801+0000] {processor.py:830} INFO - Processing file /home/deprojectue/miniconda3/envs/airflow_demo/lib/python3.9/site-packages/airflow/example_dags/example_short_circuit_operator.py for tasks to queue
[2024-01-31T02:09:55.806+0000] {logging_mixin.py:188} INFO - [2024-01-31T02:09:55.803+0000] {dagbag.py:538} INFO - Filling up the DagBag from /home/deprojectue/miniconda3/envs/airflow_demo/lib/python3.9/site-packages/airflow/example_dags/example_short_circuit_operator.py
[2024-01-31T02:09:55.823+0000] {processor.py:840} INFO - DAG(s) 'example_short_circuit_operator' retrieved from /home/deprojectue/miniconda3/envs/airflow_demo/lib/python3.9/site-packages/airflow/example_dags/example_short_circuit_operator.py
[2024-01-31T02:09:55.881+0000] {logging_mixin.py:188} INFO - [2024-01-31T02:09:55.881+0000] {dag.py:3033} INFO - Sync 1 DAGs
[2024-01-31T02:09:55.950+0000] {logging_mixin.py:188} INFO - [2024-01-31T02:09:55.949+0000] {dag.py:3820} INFO - Setting next_dagrun for example_short_circuit_operator to 2024-01-30T00:00:00+00:00, run_after=2024-01-31T00:00:00+00:00
[2024-01-31T02:09:56.062+0000] {processor.py:183} INFO - Processing /home/deprojectue/miniconda3/envs/airflow_demo/lib/python3.9/site-packages/airflow/example_dags/example_short_circuit_operator.py took 0.269 seconds
[2024-01-31T02:12:44.982+0000] {processor.py:161} INFO - Started process (PID=211041) to work on /home/deprojectue/miniconda3/envs/airflow_demo/lib/python3.9/site-packages/airflow/example_dags/example_short_circuit_operator.py
[2024-01-31T02:12:44.984+0000] {processor.py:830} INFO - Processing file /home/deprojectue/miniconda3/envs/airflow_demo/lib/python3.9/site-packages/airflow/example_dags/example_short_circuit_operator.py for tasks to queue
[2024-01-31T02:12:44.988+0000] {logging_mixin.py:188} INFO - [2024-01-31T02:12:44.987+0000] {dagbag.py:538} INFO - Filling up the DagBag from /home/deprojectue/miniconda3/envs/airflow_demo/lib/python3.9/site-packages/airflow/example_dags/example_short_circuit_operator.py
[2024-01-31T02:12:45.001+0000] {processor.py:840} INFO - DAG(s) 'example_short_circuit_operator' retrieved from /home/deprojectue/miniconda3/envs/airflow_demo/lib/python3.9/site-packages/airflow/example_dags/example_short_circuit_operator.py
[2024-01-31T02:12:45.028+0000] {logging_mixin.py:188} INFO - [2024-01-31T02:12:45.027+0000] {dag.py:3033} INFO - Sync 1 DAGs
[2024-01-31T02:12:45.051+0000] {logging_mixin.py:188} INFO - [2024-01-31T02:12:45.051+0000] {dag.py:3820} INFO - Setting next_dagrun for example_short_circuit_operator to 2024-01-30T00:00:00+00:00, run_after=2024-01-31T00:00:00+00:00
[2024-01-31T02:12:45.077+0000] {processor.py:183} INFO - Processing /home/deprojectue/miniconda3/envs/airflow_demo/lib/python3.9/site-packages/airflow/example_dags/example_short_circuit_operator.py took 0.100 seconds
[2024-01-31T02:13:33.935+0000] {processor.py:161} INFO - Started process (PID=211097) to work on /home/deprojectue/miniconda3/envs/airflow_demo/lib/python3.9/site-packages/airflow/example_dags/example_short_circuit_operator.py
[2024-01-31T02:13:33.937+0000] {processor.py:830} INFO - Processing file /home/deprojectue/miniconda3/envs/airflow_demo/lib/python3.9/site-packages/airflow/example_dags/example_short_circuit_operator.py for tasks to queue
[2024-01-31T02:13:33.940+0000] {logging_mixin.py:188} INFO - [2024-01-31T02:13:33.940+0000] {dagbag.py:538} INFO - Filling up the DagBag from /home/deprojectue/miniconda3/envs/airflow_demo/lib/python3.9/site-packages/airflow/example_dags/example_short_circuit_operator.py
[2024-01-31T02:13:33.950+0000] {processor.py:840} INFO - DAG(s) 'example_short_circuit_operator' retrieved from /home/deprojectue/miniconda3/envs/airflow_demo/lib/python3.9/site-packages/airflow/example_dags/example_short_circuit_operator.py
[2024-01-31T02:13:33.973+0000] {logging_mixin.py:188} INFO - [2024-01-31T02:13:33.972+0000] {dag.py:3033} INFO - Sync 1 DAGs
[2024-01-31T02:13:33.997+0000] {logging_mixin.py:188} INFO - [2024-01-31T02:13:33.996+0000] {dag.py:3820} INFO - Setting next_dagrun for example_short_circuit_operator to 2024-01-30T00:00:00+00:00, run_after=2024-01-31T00:00:00+00:00
[2024-01-31T02:13:34.024+0000] {processor.py:183} INFO - Processing /home/deprojectue/miniconda3/envs/airflow_demo/lib/python3.9/site-packages/airflow/example_dags/example_short_circuit_operator.py took 0.093 seconds
[2024-01-31T02:14:24.657+0000] {processor.py:161} INFO - Started process (PID=211149) to work on /home/deprojectue/miniconda3/envs/airflow_demo/lib/python3.9/site-packages/airflow/example_dags/example_short_circuit_operator.py
[2024-01-31T02:14:24.659+0000] {processor.py:830} INFO - Processing file /home/deprojectue/miniconda3/envs/airflow_demo/lib/python3.9/site-packages/airflow/example_dags/example_short_circuit_operator.py for tasks to queue
[2024-01-31T02:14:24.662+0000] {logging_mixin.py:188} INFO - [2024-01-31T02:14:24.662+0000] {dagbag.py:538} INFO - Filling up the DagBag from /home/deprojectue/miniconda3/envs/airflow_demo/lib/python3.9/site-packages/airflow/example_dags/example_short_circuit_operator.py
[2024-01-31T02:14:24.673+0000] {processor.py:840} INFO - DAG(s) 'example_short_circuit_operator' retrieved from /home/deprojectue/miniconda3/envs/airflow_demo/lib/python3.9/site-packages/airflow/example_dags/example_short_circuit_operator.py
[2024-01-31T02:14:24.696+0000] {logging_mixin.py:188} INFO - [2024-01-31T02:14:24.695+0000] {dag.py:3033} INFO - Sync 1 DAGs
[2024-01-31T02:14:24.718+0000] {logging_mixin.py:188} INFO - [2024-01-31T02:14:24.717+0000] {dag.py:3820} INFO - Setting next_dagrun for example_short_circuit_operator to 2024-01-30T00:00:00+00:00, run_after=2024-01-31T00:00:00+00:00
[2024-01-31T02:14:24.742+0000] {processor.py:183} INFO - Processing /home/deprojectue/miniconda3/envs/airflow_demo/lib/python3.9/site-packages/airflow/example_dags/example_short_circuit_operator.py took 0.090 seconds
[2024-01-31T02:21:43.184+0000] {processor.py:161} INFO - Started process (PID=211301) to work on /home/deprojectue/miniconda3/envs/airflow_demo/lib/python3.9/site-packages/airflow/example_dags/example_short_circuit_operator.py
[2024-01-31T02:21:43.186+0000] {processor.py:830} INFO - Processing file /home/deprojectue/miniconda3/envs/airflow_demo/lib/python3.9/site-packages/airflow/example_dags/example_short_circuit_operator.py for tasks to queue
[2024-01-31T02:21:43.189+0000] {logging_mixin.py:188} INFO - [2024-01-31T02:21:43.189+0000] {dagbag.py:538} INFO - Filling up the DagBag from /home/deprojectue/miniconda3/envs/airflow_demo/lib/python3.9/site-packages/airflow/example_dags/example_short_circuit_operator.py
[2024-01-31T02:21:43.202+0000] {processor.py:840} INFO - DAG(s) 'example_short_circuit_operator' retrieved from /home/deprojectue/miniconda3/envs/airflow_demo/lib/python3.9/site-packages/airflow/example_dags/example_short_circuit_operator.py
[2024-01-31T02:21:43.229+0000] {logging_mixin.py:188} INFO - [2024-01-31T02:21:43.228+0000] {dag.py:3033} INFO - Sync 1 DAGs
[2024-01-31T02:21:43.252+0000] {logging_mixin.py:188} INFO - [2024-01-31T02:21:43.252+0000] {dag.py:3820} INFO - Setting next_dagrun for example_short_circuit_operator to 2024-01-30T00:00:00+00:00, run_after=2024-01-31T00:00:00+00:00
[2024-01-31T02:21:43.277+0000] {processor.py:183} INFO - Processing /home/deprojectue/miniconda3/envs/airflow_demo/lib/python3.9/site-packages/airflow/example_dags/example_short_circuit_operator.py took 0.097 seconds
[2024-01-31T02:22:34.084+0000] {processor.py:161} INFO - Started process (PID=211351) to work on /home/deprojectue/miniconda3/envs/airflow_demo/lib/python3.9/site-packages/airflow/example_dags/example_short_circuit_operator.py
[2024-01-31T02:22:34.086+0000] {processor.py:830} INFO - Processing file /home/deprojectue/miniconda3/envs/airflow_demo/lib/python3.9/site-packages/airflow/example_dags/example_short_circuit_operator.py for tasks to queue
[2024-01-31T02:22:34.090+0000] {logging_mixin.py:188} INFO - [2024-01-31T02:22:34.089+0000] {dagbag.py:538} INFO - Filling up the DagBag from /home/deprojectue/miniconda3/envs/airflow_demo/lib/python3.9/site-packages/airflow/example_dags/example_short_circuit_operator.py
[2024-01-31T02:22:34.100+0000] {processor.py:840} INFO - DAG(s) 'example_short_circuit_operator' retrieved from /home/deprojectue/miniconda3/envs/airflow_demo/lib/python3.9/site-packages/airflow/example_dags/example_short_circuit_operator.py
[2024-01-31T02:22:34.123+0000] {logging_mixin.py:188} INFO - [2024-01-31T02:22:34.122+0000] {dag.py:3033} INFO - Sync 1 DAGs
[2024-01-31T02:22:34.149+0000] {logging_mixin.py:188} INFO - [2024-01-31T02:22:34.149+0000] {dag.py:3820} INFO - Setting next_dagrun for example_short_circuit_operator to 2024-01-30T00:00:00+00:00, run_after=2024-01-31T00:00:00+00:00
[2024-01-31T02:22:34.181+0000] {processor.py:183} INFO - Processing /home/deprojectue/miniconda3/envs/airflow_demo/lib/python3.9/site-packages/airflow/example_dags/example_short_circuit_operator.py took 0.102 seconds
[2024-01-31T08:24:13.148+0000] {processor.py:161} INFO - Started process (PID=214034) to work on /home/deprojectue/miniconda3/envs/airflow_demo/lib/python3.9/site-packages/airflow/example_dags/example_short_circuit_operator.py
[2024-01-31T08:24:13.150+0000] {processor.py:830} INFO - Processing file /home/deprojectue/miniconda3/envs/airflow_demo/lib/python3.9/site-packages/airflow/example_dags/example_short_circuit_operator.py for tasks to queue
[2024-01-31T08:24:13.153+0000] {logging_mixin.py:188} INFO - [2024-01-31T08:24:13.153+0000] {dagbag.py:538} INFO - Filling up the DagBag from /home/deprojectue/miniconda3/envs/airflow_demo/lib/python3.9/site-packages/airflow/example_dags/example_short_circuit_operator.py
[2024-01-31T08:24:13.167+0000] {processor.py:840} INFO - DAG(s) 'example_short_circuit_operator' retrieved from /home/deprojectue/miniconda3/envs/airflow_demo/lib/python3.9/site-packages/airflow/example_dags/example_short_circuit_operator.py
[2024-01-31T08:24:13.196+0000] {logging_mixin.py:188} INFO - [2024-01-31T08:24:13.196+0000] {dag.py:3033} INFO - Sync 1 DAGs
[2024-01-31T08:24:13.221+0000] {logging_mixin.py:188} INFO - [2024-01-31T08:24:13.220+0000] {dag.py:3820} INFO - Setting next_dagrun for example_short_circuit_operator to 2024-01-30T00:00:00+00:00, run_after=2024-01-31T00:00:00+00:00
[2024-01-31T08:24:13.248+0000] {processor.py:183} INFO - Processing /home/deprojectue/miniconda3/envs/airflow_demo/lib/python3.9/site-packages/airflow/example_dags/example_short_circuit_operator.py took 0.105 seconds
[2024-01-31T08:25:10.835+0000] {processor.py:161} INFO - Started process (PID=214093) to work on /home/deprojectue/miniconda3/envs/airflow_demo/lib/python3.9/site-packages/airflow/example_dags/example_short_circuit_operator.py
[2024-01-31T08:25:10.837+0000] {processor.py:830} INFO - Processing file /home/deprojectue/miniconda3/envs/airflow_demo/lib/python3.9/site-packages/airflow/example_dags/example_short_circuit_operator.py for tasks to queue
[2024-01-31T08:25:10.840+0000] {logging_mixin.py:188} INFO - [2024-01-31T08:25:10.839+0000] {dagbag.py:538} INFO - Filling up the DagBag from /home/deprojectue/miniconda3/envs/airflow_demo/lib/python3.9/site-packages/airflow/example_dags/example_short_circuit_operator.py
[2024-01-31T08:25:10.850+0000] {processor.py:840} INFO - DAG(s) 'example_short_circuit_operator' retrieved from /home/deprojectue/miniconda3/envs/airflow_demo/lib/python3.9/site-packages/airflow/example_dags/example_short_circuit_operator.py
[2024-01-31T08:25:10.874+0000] {logging_mixin.py:188} INFO - [2024-01-31T08:25:10.873+0000] {dag.py:3033} INFO - Sync 1 DAGs
[2024-01-31T08:25:10.898+0000] {logging_mixin.py:188} INFO - [2024-01-31T08:25:10.897+0000] {dag.py:3820} INFO - Setting next_dagrun for example_short_circuit_operator to 2024-01-30T00:00:00+00:00, run_after=2024-01-31T00:00:00+00:00
[2024-01-31T08:25:10.924+0000] {processor.py:183} INFO - Processing /home/deprojectue/miniconda3/envs/airflow_demo/lib/python3.9/site-packages/airflow/example_dags/example_short_circuit_operator.py took 0.093 seconds
[2024-01-31T08:25:57.846+0000] {processor.py:161} INFO - Started process (PID=214598) to work on /home/deprojectue/miniconda3/envs/airflow_demo/lib/python3.9/site-packages/airflow/example_dags/example_short_circuit_operator.py
[2024-01-31T08:25:57.848+0000] {processor.py:830} INFO - Processing file /home/deprojectue/miniconda3/envs/airflow_demo/lib/python3.9/site-packages/airflow/example_dags/example_short_circuit_operator.py for tasks to queue
[2024-01-31T08:25:57.854+0000] {logging_mixin.py:188} INFO - [2024-01-31T08:25:57.853+0000] {dagbag.py:538} INFO - Filling up the DagBag from /home/deprojectue/miniconda3/envs/airflow_demo/lib/python3.9/site-packages/airflow/example_dags/example_short_circuit_operator.py
[2024-01-31T08:25:57.884+0000] {processor.py:840} INFO - DAG(s) 'example_short_circuit_operator' retrieved from /home/deprojectue/miniconda3/envs/airflow_demo/lib/python3.9/site-packages/airflow/example_dags/example_short_circuit_operator.py
[2024-01-31T08:25:57.972+0000] {logging_mixin.py:188} INFO - [2024-01-31T08:25:57.970+0000] {dag.py:3033} INFO - Sync 1 DAGs
[2024-01-31T08:25:58.028+0000] {logging_mixin.py:188} INFO - [2024-01-31T08:25:58.028+0000] {dag.py:3820} INFO - Setting next_dagrun for example_short_circuit_operator to 2024-01-30T00:00:00+00:00, run_after=2024-01-31T00:00:00+00:00
[2024-01-31T08:25:58.085+0000] {processor.py:183} INFO - Processing /home/deprojectue/miniconda3/envs/airflow_demo/lib/python3.9/site-packages/airflow/example_dags/example_short_circuit_operator.py took 0.245 seconds
[2024-01-31T08:30:14.976+0000] {processor.py:161} INFO - Started process (PID=214948) to work on /home/deprojectue/miniconda3/envs/airflow_demo/lib/python3.9/site-packages/airflow/example_dags/example_short_circuit_operator.py
[2024-01-31T08:30:14.982+0000] {processor.py:830} INFO - Processing file /home/deprojectue/miniconda3/envs/airflow_demo/lib/python3.9/site-packages/airflow/example_dags/example_short_circuit_operator.py for tasks to queue
[2024-01-31T08:30:14.997+0000] {logging_mixin.py:188} INFO - [2024-01-31T08:30:14.983+0000] {dagbag.py:538} INFO - Filling up the DagBag from /home/deprojectue/miniconda3/envs/airflow_demo/lib/python3.9/site-packages/airflow/example_dags/example_short_circuit_operator.py
[2024-01-31T08:30:15.473+0000] {processor.py:840} INFO - DAG(s) 'example_short_circuit_operator' retrieved from /home/deprojectue/miniconda3/envs/airflow_demo/lib/python3.9/site-packages/airflow/example_dags/example_short_circuit_operator.py
[2024-01-31T08:31:21.976+0000] {logging_mixin.py:188} INFO - [2024-01-31T08:31:18.228+0000] {dag.py:3033} INFO - Sync 1 DAGs
[2024-01-31T08:33:06.730+0000] {logging_mixin.py:188} INFO - [2024-01-31T08:32:58.223+0000] {dag.py:3820} INFO - Setting next_dagrun for example_short_circuit_operator to 2024-01-30T00:00:00+00:00, run_after=2024-01-31T00:00:00+00:00
[2024-01-31T08:34:45.982+0000] {processor.py:183} INFO - Processing /home/deprojectue/miniconda3/envs/airflow_demo/lib/python3.9/site-packages/airflow/example_dags/example_short_circuit_operator.py took 271.015 seconds
[2024-01-31T08:51:54.889+0000] {processor.py:161} INFO - Started process (PID=215374) to work on /home/deprojectue/miniconda3/envs/airflow_demo/lib/python3.9/site-packages/airflow/example_dags/example_short_circuit_operator.py
[2024-01-31T08:51:54.892+0000] {processor.py:830} INFO - Processing file /home/deprojectue/miniconda3/envs/airflow_demo/lib/python3.9/site-packages/airflow/example_dags/example_short_circuit_operator.py for tasks to queue
[2024-01-31T08:51:54.896+0000] {logging_mixin.py:188} INFO - [2024-01-31T08:51:54.895+0000] {dagbag.py:538} INFO - Filling up the DagBag from /home/deprojectue/miniconda3/envs/airflow_demo/lib/python3.9/site-packages/airflow/example_dags/example_short_circuit_operator.py
[2024-01-31T08:51:54.908+0000] {processor.py:840} INFO - DAG(s) 'example_short_circuit_operator' retrieved from /home/deprojectue/miniconda3/envs/airflow_demo/lib/python3.9/site-packages/airflow/example_dags/example_short_circuit_operator.py
[2024-01-31T08:51:55.129+0000] {logging_mixin.py:188} INFO - [2024-01-31T08:51:55.128+0000] {dag.py:3033} INFO - Sync 1 DAGs
[2024-01-31T08:51:55.147+0000] {logging_mixin.py:188} INFO - [2024-01-31T08:51:55.147+0000] {dag.py:3820} INFO - Setting next_dagrun for example_short_circuit_operator to 2024-01-30T00:00:00+00:00, run_after=2024-01-31T00:00:00+00:00
[2024-01-31T08:51:55.177+0000] {processor.py:183} INFO - Processing /home/deprojectue/miniconda3/envs/airflow_demo/lib/python3.9/site-packages/airflow/example_dags/example_short_circuit_operator.py took 0.292 seconds
[2024-01-31T08:52:44.581+0000] {processor.py:161} INFO - Started process (PID=215425) to work on /home/deprojectue/miniconda3/envs/airflow_demo/lib/python3.9/site-packages/airflow/example_dags/example_short_circuit_operator.py
[2024-01-31T08:52:44.584+0000] {processor.py:830} INFO - Processing file /home/deprojectue/miniconda3/envs/airflow_demo/lib/python3.9/site-packages/airflow/example_dags/example_short_circuit_operator.py for tasks to queue
[2024-01-31T08:52:44.588+0000] {logging_mixin.py:188} INFO - [2024-01-31T08:52:44.587+0000] {dagbag.py:538} INFO - Filling up the DagBag from /home/deprojectue/miniconda3/envs/airflow_demo/lib/python3.9/site-packages/airflow/example_dags/example_short_circuit_operator.py
[2024-01-31T08:52:44.606+0000] {processor.py:840} INFO - DAG(s) 'example_short_circuit_operator' retrieved from /home/deprojectue/miniconda3/envs/airflow_demo/lib/python3.9/site-packages/airflow/example_dags/example_short_circuit_operator.py
[2024-01-31T08:52:44.661+0000] {logging_mixin.py:188} INFO - [2024-01-31T08:52:44.660+0000] {dag.py:3033} INFO - Sync 1 DAGs
[2024-01-31T08:52:44.737+0000] {logging_mixin.py:188} INFO - [2024-01-31T08:52:44.736+0000] {dag.py:3820} INFO - Setting next_dagrun for example_short_circuit_operator to 2024-01-30T00:00:00+00:00, run_after=2024-01-31T00:00:00+00:00
[2024-01-31T08:52:44.808+0000] {processor.py:183} INFO - Processing /home/deprojectue/miniconda3/envs/airflow_demo/lib/python3.9/site-packages/airflow/example_dags/example_short_circuit_operator.py took 0.232 seconds
[2024-01-31T08:53:34.922+0000] {processor.py:161} INFO - Started process (PID=215477) to work on /home/deprojectue/miniconda3/envs/airflow_demo/lib/python3.9/site-packages/airflow/example_dags/example_short_circuit_operator.py
[2024-01-31T08:53:34.924+0000] {processor.py:830} INFO - Processing file /home/deprojectue/miniconda3/envs/airflow_demo/lib/python3.9/site-packages/airflow/example_dags/example_short_circuit_operator.py for tasks to queue
[2024-01-31T08:53:34.928+0000] {logging_mixin.py:188} INFO - [2024-01-31T08:53:34.927+0000] {dagbag.py:538} INFO - Filling up the DagBag from /home/deprojectue/miniconda3/envs/airflow_demo/lib/python3.9/site-packages/airflow/example_dags/example_short_circuit_operator.py
[2024-01-31T08:53:34.939+0000] {processor.py:840} INFO - DAG(s) 'example_short_circuit_operator' retrieved from /home/deprojectue/miniconda3/envs/airflow_demo/lib/python3.9/site-packages/airflow/example_dags/example_short_circuit_operator.py
[2024-01-31T08:53:34.962+0000] {logging_mixin.py:188} INFO - [2024-01-31T08:53:34.961+0000] {dag.py:3033} INFO - Sync 1 DAGs
[2024-01-31T08:53:34.984+0000] {logging_mixin.py:188} INFO - [2024-01-31T08:53:34.984+0000] {dag.py:3820} INFO - Setting next_dagrun for example_short_circuit_operator to 2024-01-30T00:00:00+00:00, run_after=2024-01-31T00:00:00+00:00
[2024-01-31T08:53:35.010+0000] {processor.py:183} INFO - Processing /home/deprojectue/miniconda3/envs/airflow_demo/lib/python3.9/site-packages/airflow/example_dags/example_short_circuit_operator.py took 0.092 seconds
[2024-01-31T08:54:17.260+0000] {processor.py:161} INFO - Started process (PID=215519) to work on /home/deprojectue/miniconda3/envs/airflow_demo/lib/python3.9/site-packages/airflow/example_dags/example_short_circuit_operator.py
[2024-01-31T08:54:17.262+0000] {processor.py:830} INFO - Processing file /home/deprojectue/miniconda3/envs/airflow_demo/lib/python3.9/site-packages/airflow/example_dags/example_short_circuit_operator.py for tasks to queue
[2024-01-31T08:54:17.265+0000] {logging_mixin.py:188} INFO - [2024-01-31T08:54:17.265+0000] {dagbag.py:538} INFO - Filling up the DagBag from /home/deprojectue/miniconda3/envs/airflow_demo/lib/python3.9/site-packages/airflow/example_dags/example_short_circuit_operator.py
[2024-01-31T08:54:17.276+0000] {processor.py:840} INFO - DAG(s) 'example_short_circuit_operator' retrieved from /home/deprojectue/miniconda3/envs/airflow_demo/lib/python3.9/site-packages/airflow/example_dags/example_short_circuit_operator.py
[2024-01-31T08:54:17.299+0000] {logging_mixin.py:188} INFO - [2024-01-31T08:54:17.298+0000] {dag.py:3033} INFO - Sync 1 DAGs
[2024-01-31T08:54:17.319+0000] {logging_mixin.py:188} INFO - [2024-01-31T08:54:17.318+0000] {dag.py:3820} INFO - Setting next_dagrun for example_short_circuit_operator to 2024-01-30T00:00:00+00:00, run_after=2024-01-31T00:00:00+00:00
[2024-01-31T08:54:17.344+0000] {processor.py:183} INFO - Processing /home/deprojectue/miniconda3/envs/airflow_demo/lib/python3.9/site-packages/airflow/example_dags/example_short_circuit_operator.py took 0.088 seconds
[2024-01-31T08:54:58.210+0000] {processor.py:161} INFO - Started process (PID=215563) to work on /home/deprojectue/miniconda3/envs/airflow_demo/lib/python3.9/site-packages/airflow/example_dags/example_short_circuit_operator.py
[2024-01-31T08:54:58.212+0000] {processor.py:830} INFO - Processing file /home/deprojectue/miniconda3/envs/airflow_demo/lib/python3.9/site-packages/airflow/example_dags/example_short_circuit_operator.py for tasks to queue
[2024-01-31T08:54:58.216+0000] {logging_mixin.py:188} INFO - [2024-01-31T08:54:58.215+0000] {dagbag.py:538} INFO - Filling up the DagBag from /home/deprojectue/miniconda3/envs/airflow_demo/lib/python3.9/site-packages/airflow/example_dags/example_short_circuit_operator.py
[2024-01-31T08:54:58.227+0000] {processor.py:840} INFO - DAG(s) 'example_short_circuit_operator' retrieved from /home/deprojectue/miniconda3/envs/airflow_demo/lib/python3.9/site-packages/airflow/example_dags/example_short_circuit_operator.py
[2024-01-31T08:54:58.250+0000] {logging_mixin.py:188} INFO - [2024-01-31T08:54:58.250+0000] {dag.py:3033} INFO - Sync 1 DAGs
[2024-01-31T08:54:58.271+0000] {logging_mixin.py:188} INFO - [2024-01-31T08:54:58.271+0000] {dag.py:3820} INFO - Setting next_dagrun for example_short_circuit_operator to 2024-01-30T00:00:00+00:00, run_after=2024-01-31T00:00:00+00:00
[2024-01-31T08:54:58.297+0000] {processor.py:183} INFO - Processing /home/deprojectue/miniconda3/envs/airflow_demo/lib/python3.9/site-packages/airflow/example_dags/example_short_circuit_operator.py took 0.091 seconds
[2024-01-31T08:55:38.554+0000] {processor.py:161} INFO - Started process (PID=215605) to work on /home/deprojectue/miniconda3/envs/airflow_demo/lib/python3.9/site-packages/airflow/example_dags/example_short_circuit_operator.py
[2024-01-31T08:55:38.556+0000] {processor.py:830} INFO - Processing file /home/deprojectue/miniconda3/envs/airflow_demo/lib/python3.9/site-packages/airflow/example_dags/example_short_circuit_operator.py for tasks to queue
[2024-01-31T08:55:38.559+0000] {logging_mixin.py:188} INFO - [2024-01-31T08:55:38.559+0000] {dagbag.py:538} INFO - Filling up the DagBag from /home/deprojectue/miniconda3/envs/airflow_demo/lib/python3.9/site-packages/airflow/example_dags/example_short_circuit_operator.py
[2024-01-31T08:55:38.570+0000] {processor.py:840} INFO - DAG(s) 'example_short_circuit_operator' retrieved from /home/deprojectue/miniconda3/envs/airflow_demo/lib/python3.9/site-packages/airflow/example_dags/example_short_circuit_operator.py
[2024-01-31T08:55:38.592+0000] {logging_mixin.py:188} INFO - [2024-01-31T08:55:38.592+0000] {dag.py:3033} INFO - Sync 1 DAGs
[2024-01-31T08:55:38.611+0000] {logging_mixin.py:188} INFO - [2024-01-31T08:55:38.611+0000] {dag.py:3820} INFO - Setting next_dagrun for example_short_circuit_operator to 2024-01-30T00:00:00+00:00, run_after=2024-01-31T00:00:00+00:00
[2024-01-31T08:55:38.635+0000] {processor.py:183} INFO - Processing /home/deprojectue/miniconda3/envs/airflow_demo/lib/python3.9/site-packages/airflow/example_dags/example_short_circuit_operator.py took 0.085 seconds
[2024-01-31T08:56:16.628+0000] {processor.py:161} INFO - Started process (PID=215648) to work on /home/deprojectue/miniconda3/envs/airflow_demo/lib/python3.9/site-packages/airflow/example_dags/example_short_circuit_operator.py
[2024-01-31T08:56:16.630+0000] {processor.py:830} INFO - Processing file /home/deprojectue/miniconda3/envs/airflow_demo/lib/python3.9/site-packages/airflow/example_dags/example_short_circuit_operator.py for tasks to queue
[2024-01-31T08:56:16.633+0000] {logging_mixin.py:188} INFO - [2024-01-31T08:56:16.633+0000] {dagbag.py:538} INFO - Filling up the DagBag from /home/deprojectue/miniconda3/envs/airflow_demo/lib/python3.9/site-packages/airflow/example_dags/example_short_circuit_operator.py
[2024-01-31T08:56:16.643+0000] {processor.py:840} INFO - DAG(s) 'example_short_circuit_operator' retrieved from /home/deprojectue/miniconda3/envs/airflow_demo/lib/python3.9/site-packages/airflow/example_dags/example_short_circuit_operator.py
[2024-01-31T08:56:16.666+0000] {logging_mixin.py:188} INFO - [2024-01-31T08:56:16.666+0000] {dag.py:3033} INFO - Sync 1 DAGs
[2024-01-31T08:56:16.686+0000] {logging_mixin.py:188} INFO - [2024-01-31T08:56:16.686+0000] {dag.py:3820} INFO - Setting next_dagrun for example_short_circuit_operator to 2024-01-30T00:00:00+00:00, run_after=2024-01-31T00:00:00+00:00
[2024-01-31T08:56:16.712+0000] {processor.py:183} INFO - Processing /home/deprojectue/miniconda3/envs/airflow_demo/lib/python3.9/site-packages/airflow/example_dags/example_short_circuit_operator.py took 0.088 seconds
[2024-01-31T08:56:57.129+0000] {processor.py:161} INFO - Started process (PID=215705) to work on /home/deprojectue/miniconda3/envs/airflow_demo/lib/python3.9/site-packages/airflow/example_dags/example_short_circuit_operator.py
[2024-01-31T08:56:57.131+0000] {processor.py:830} INFO - Processing file /home/deprojectue/miniconda3/envs/airflow_demo/lib/python3.9/site-packages/airflow/example_dags/example_short_circuit_operator.py for tasks to queue
[2024-01-31T08:56:57.135+0000] {logging_mixin.py:188} INFO - [2024-01-31T08:56:57.134+0000] {dagbag.py:538} INFO - Filling up the DagBag from /home/deprojectue/miniconda3/envs/airflow_demo/lib/python3.9/site-packages/airflow/example_dags/example_short_circuit_operator.py
[2024-01-31T08:56:57.146+0000] {processor.py:840} INFO - DAG(s) 'example_short_circuit_operator' retrieved from /home/deprojectue/miniconda3/envs/airflow_demo/lib/python3.9/site-packages/airflow/example_dags/example_short_circuit_operator.py
[2024-01-31T08:56:57.169+0000] {logging_mixin.py:188} INFO - [2024-01-31T08:56:57.169+0000] {dag.py:3033} INFO - Sync 1 DAGs
[2024-01-31T08:56:57.189+0000] {logging_mixin.py:188} INFO - [2024-01-31T08:56:57.189+0000] {dag.py:3820} INFO - Setting next_dagrun for example_short_circuit_operator to 2024-01-30T00:00:00+00:00, run_after=2024-01-31T00:00:00+00:00
[2024-01-31T08:56:57.215+0000] {processor.py:183} INFO - Processing /home/deprojectue/miniconda3/envs/airflow_demo/lib/python3.9/site-packages/airflow/example_dags/example_short_circuit_operator.py took 0.090 seconds
[2024-01-31T08:57:51.303+0000] {processor.py:161} INFO - Started process (PID=215761) to work on /home/deprojectue/miniconda3/envs/airflow_demo/lib/python3.9/site-packages/airflow/example_dags/example_short_circuit_operator.py
[2024-01-31T08:57:51.306+0000] {processor.py:830} INFO - Processing file /home/deprojectue/miniconda3/envs/airflow_demo/lib/python3.9/site-packages/airflow/example_dags/example_short_circuit_operator.py for tasks to queue
[2024-01-31T08:57:51.310+0000] {logging_mixin.py:188} INFO - [2024-01-31T08:57:51.309+0000] {dagbag.py:538} INFO - Filling up the DagBag from /home/deprojectue/miniconda3/envs/airflow_demo/lib/python3.9/site-packages/airflow/example_dags/example_short_circuit_operator.py
[2024-01-31T08:57:51.321+0000] {processor.py:840} INFO - DAG(s) 'example_short_circuit_operator' retrieved from /home/deprojectue/miniconda3/envs/airflow_demo/lib/python3.9/site-packages/airflow/example_dags/example_short_circuit_operator.py
[2024-01-31T08:57:51.345+0000] {logging_mixin.py:188} INFO - [2024-01-31T08:57:51.345+0000] {dag.py:3033} INFO - Sync 1 DAGs
[2024-01-31T08:57:51.365+0000] {logging_mixin.py:188} INFO - [2024-01-31T08:57:51.365+0000] {dag.py:3820} INFO - Setting next_dagrun for example_short_circuit_operator to 2024-01-30T00:00:00+00:00, run_after=2024-01-31T00:00:00+00:00
[2024-01-31T08:57:51.396+0000] {processor.py:183} INFO - Processing /home/deprojectue/miniconda3/envs/airflow_demo/lib/python3.9/site-packages/airflow/example_dags/example_short_circuit_operator.py took 0.097 seconds
[2024-01-31T08:58:30.408+0000] {processor.py:161} INFO - Started process (PID=215800) to work on /home/deprojectue/miniconda3/envs/airflow_demo/lib/python3.9/site-packages/airflow/example_dags/example_short_circuit_operator.py
[2024-01-31T08:58:30.410+0000] {processor.py:830} INFO - Processing file /home/deprojectue/miniconda3/envs/airflow_demo/lib/python3.9/site-packages/airflow/example_dags/example_short_circuit_operator.py for tasks to queue
[2024-01-31T08:58:30.414+0000] {logging_mixin.py:188} INFO - [2024-01-31T08:58:30.414+0000] {dagbag.py:538} INFO - Filling up the DagBag from /home/deprojectue/miniconda3/envs/airflow_demo/lib/python3.9/site-packages/airflow/example_dags/example_short_circuit_operator.py
[2024-01-31T08:58:30.424+0000] {processor.py:840} INFO - DAG(s) 'example_short_circuit_operator' retrieved from /home/deprojectue/miniconda3/envs/airflow_demo/lib/python3.9/site-packages/airflow/example_dags/example_short_circuit_operator.py
[2024-01-31T08:58:30.450+0000] {logging_mixin.py:188} INFO - [2024-01-31T08:58:30.449+0000] {dag.py:3033} INFO - Sync 1 DAGs
[2024-01-31T08:58:30.479+0000] {logging_mixin.py:188} INFO - [2024-01-31T08:58:30.479+0000] {dag.py:3820} INFO - Setting next_dagrun for example_short_circuit_operator to 2024-01-30T00:00:00+00:00, run_after=2024-01-31T00:00:00+00:00
[2024-01-31T08:58:30.504+0000] {processor.py:183} INFO - Processing /home/deprojectue/miniconda3/envs/airflow_demo/lib/python3.9/site-packages/airflow/example_dags/example_short_circuit_operator.py took 0.101 seconds
[2024-01-31T08:59:10.827+0000] {processor.py:161} INFO - Started process (PID=215862) to work on /home/deprojectue/miniconda3/envs/airflow_demo/lib/python3.9/site-packages/airflow/example_dags/example_short_circuit_operator.py
[2024-01-31T08:59:10.830+0000] {processor.py:830} INFO - Processing file /home/deprojectue/miniconda3/envs/airflow_demo/lib/python3.9/site-packages/airflow/example_dags/example_short_circuit_operator.py for tasks to queue
[2024-01-31T08:59:10.834+0000] {logging_mixin.py:188} INFO - [2024-01-31T08:59:10.834+0000] {dagbag.py:538} INFO - Filling up the DagBag from /home/deprojectue/miniconda3/envs/airflow_demo/lib/python3.9/site-packages/airflow/example_dags/example_short_circuit_operator.py
[2024-01-31T08:59:10.845+0000] {processor.py:840} INFO - DAG(s) 'example_short_circuit_operator' retrieved from /home/deprojectue/miniconda3/envs/airflow_demo/lib/python3.9/site-packages/airflow/example_dags/example_short_circuit_operator.py
[2024-01-31T08:59:10.868+0000] {logging_mixin.py:188} INFO - [2024-01-31T08:59:10.868+0000] {dag.py:3033} INFO - Sync 1 DAGs
[2024-01-31T08:59:10.889+0000] {logging_mixin.py:188} INFO - [2024-01-31T08:59:10.889+0000] {dag.py:3820} INFO - Setting next_dagrun for example_short_circuit_operator to 2024-01-30T00:00:00+00:00, run_after=2024-01-31T00:00:00+00:00
[2024-01-31T08:59:10.915+0000] {processor.py:183} INFO - Processing /home/deprojectue/miniconda3/envs/airflow_demo/lib/python3.9/site-packages/airflow/example_dags/example_short_circuit_operator.py took 0.091 seconds
[2024-01-31T08:59:50.819+0000] {processor.py:161} INFO - Started process (PID=215904) to work on /home/deprojectue/miniconda3/envs/airflow_demo/lib/python3.9/site-packages/airflow/example_dags/example_short_circuit_operator.py
[2024-01-31T08:59:50.821+0000] {processor.py:830} INFO - Processing file /home/deprojectue/miniconda3/envs/airflow_demo/lib/python3.9/site-packages/airflow/example_dags/example_short_circuit_operator.py for tasks to queue
[2024-01-31T08:59:50.825+0000] {logging_mixin.py:188} INFO - [2024-01-31T08:59:50.824+0000] {dagbag.py:538} INFO - Filling up the DagBag from /home/deprojectue/miniconda3/envs/airflow_demo/lib/python3.9/site-packages/airflow/example_dags/example_short_circuit_operator.py
[2024-01-31T08:59:50.836+0000] {processor.py:840} INFO - DAG(s) 'example_short_circuit_operator' retrieved from /home/deprojectue/miniconda3/envs/airflow_demo/lib/python3.9/site-packages/airflow/example_dags/example_short_circuit_operator.py
[2024-01-31T08:59:50.860+0000] {logging_mixin.py:188} INFO - [2024-01-31T08:59:50.859+0000] {dag.py:3033} INFO - Sync 1 DAGs
[2024-01-31T08:59:50.879+0000] {logging_mixin.py:188} INFO - [2024-01-31T08:59:50.879+0000] {dag.py:3820} INFO - Setting next_dagrun for example_short_circuit_operator to 2024-01-30T00:00:00+00:00, run_after=2024-01-31T00:00:00+00:00
[2024-01-31T08:59:50.905+0000] {processor.py:183} INFO - Processing /home/deprojectue/miniconda3/envs/airflow_demo/lib/python3.9/site-packages/airflow/example_dags/example_short_circuit_operator.py took 0.090 seconds
[2024-01-31T09:00:28.567+0000] {processor.py:161} INFO - Started process (PID=215944) to work on /home/deprojectue/miniconda3/envs/airflow_demo/lib/python3.9/site-packages/airflow/example_dags/example_short_circuit_operator.py
[2024-01-31T09:00:28.569+0000] {processor.py:830} INFO - Processing file /home/deprojectue/miniconda3/envs/airflow_demo/lib/python3.9/site-packages/airflow/example_dags/example_short_circuit_operator.py for tasks to queue
[2024-01-31T09:00:28.574+0000] {logging_mixin.py:188} INFO - [2024-01-31T09:00:28.573+0000] {dagbag.py:538} INFO - Filling up the DagBag from /home/deprojectue/miniconda3/envs/airflow_demo/lib/python3.9/site-packages/airflow/example_dags/example_short_circuit_operator.py
[2024-01-31T09:00:28.586+0000] {processor.py:840} INFO - DAG(s) 'example_short_circuit_operator' retrieved from /home/deprojectue/miniconda3/envs/airflow_demo/lib/python3.9/site-packages/airflow/example_dags/example_short_circuit_operator.py
[2024-01-31T09:00:28.611+0000] {logging_mixin.py:188} INFO - [2024-01-31T09:00:28.610+0000] {dag.py:3033} INFO - Sync 1 DAGs
[2024-01-31T09:00:28.632+0000] {logging_mixin.py:188} INFO - [2024-01-31T09:00:28.632+0000] {dag.py:3820} INFO - Setting next_dagrun for example_short_circuit_operator to 2024-01-30T00:00:00+00:00, run_after=2024-01-31T00:00:00+00:00
[2024-01-31T09:00:28.658+0000] {processor.py:183} INFO - Processing /home/deprojectue/miniconda3/envs/airflow_demo/lib/python3.9/site-packages/airflow/example_dags/example_short_circuit_operator.py took 0.095 seconds
[2024-01-31T09:01:06.689+0000] {processor.py:161} INFO - Started process (PID=215984) to work on /home/deprojectue/miniconda3/envs/airflow_demo/lib/python3.9/site-packages/airflow/example_dags/example_short_circuit_operator.py
[2024-01-31T09:01:06.691+0000] {processor.py:830} INFO - Processing file /home/deprojectue/miniconda3/envs/airflow_demo/lib/python3.9/site-packages/airflow/example_dags/example_short_circuit_operator.py for tasks to queue
[2024-01-31T09:01:06.695+0000] {logging_mixin.py:188} INFO - [2024-01-31T09:01:06.694+0000] {dagbag.py:538} INFO - Filling up the DagBag from /home/deprojectue/miniconda3/envs/airflow_demo/lib/python3.9/site-packages/airflow/example_dags/example_short_circuit_operator.py
[2024-01-31T09:01:06.705+0000] {processor.py:840} INFO - DAG(s) 'example_short_circuit_operator' retrieved from /home/deprojectue/miniconda3/envs/airflow_demo/lib/python3.9/site-packages/airflow/example_dags/example_short_circuit_operator.py
[2024-01-31T09:01:06.731+0000] {logging_mixin.py:188} INFO - [2024-01-31T09:01:06.730+0000] {dag.py:3033} INFO - Sync 1 DAGs
[2024-01-31T09:01:06.751+0000] {logging_mixin.py:188} INFO - [2024-01-31T09:01:06.751+0000] {dag.py:3820} INFO - Setting next_dagrun for example_short_circuit_operator to 2024-01-30T00:00:00+00:00, run_after=2024-01-31T00:00:00+00:00
[2024-01-31T09:01:06.776+0000] {processor.py:183} INFO - Processing /home/deprojectue/miniconda3/envs/airflow_demo/lib/python3.9/site-packages/airflow/example_dags/example_short_circuit_operator.py took 0.092 seconds
[2024-01-31T09:01:44.932+0000] {processor.py:161} INFO - Started process (PID=216025) to work on /home/deprojectue/miniconda3/envs/airflow_demo/lib/python3.9/site-packages/airflow/example_dags/example_short_circuit_operator.py
[2024-01-31T09:01:44.935+0000] {processor.py:830} INFO - Processing file /home/deprojectue/miniconda3/envs/airflow_demo/lib/python3.9/site-packages/airflow/example_dags/example_short_circuit_operator.py for tasks to queue
[2024-01-31T09:01:44.939+0000] {logging_mixin.py:188} INFO - [2024-01-31T09:01:44.938+0000] {dagbag.py:538} INFO - Filling up the DagBag from /home/deprojectue/miniconda3/envs/airflow_demo/lib/python3.9/site-packages/airflow/example_dags/example_short_circuit_operator.py
[2024-01-31T09:01:44.949+0000] {processor.py:840} INFO - DAG(s) 'example_short_circuit_operator' retrieved from /home/deprojectue/miniconda3/envs/airflow_demo/lib/python3.9/site-packages/airflow/example_dags/example_short_circuit_operator.py
[2024-01-31T09:01:44.973+0000] {logging_mixin.py:188} INFO - [2024-01-31T09:01:44.972+0000] {dag.py:3033} INFO - Sync 1 DAGs
[2024-01-31T09:01:44.993+0000] {logging_mixin.py:188} INFO - [2024-01-31T09:01:44.992+0000] {dag.py:3820} INFO - Setting next_dagrun for example_short_circuit_operator to 2024-01-30T00:00:00+00:00, run_after=2024-01-31T00:00:00+00:00
[2024-01-31T09:01:45.017+0000] {processor.py:183} INFO - Processing /home/deprojectue/miniconda3/envs/airflow_demo/lib/python3.9/site-packages/airflow/example_dags/example_short_circuit_operator.py took 0.089 seconds
[2024-01-31T09:02:41.186+0000] {processor.py:161} INFO - Started process (PID=216084) to work on /home/deprojectue/miniconda3/envs/airflow_demo/lib/python3.9/site-packages/airflow/example_dags/example_short_circuit_operator.py
[2024-01-31T09:02:41.189+0000] {processor.py:830} INFO - Processing file /home/deprojectue/miniconda3/envs/airflow_demo/lib/python3.9/site-packages/airflow/example_dags/example_short_circuit_operator.py for tasks to queue
[2024-01-31T09:02:41.192+0000] {logging_mixin.py:188} INFO - [2024-01-31T09:02:41.191+0000] {dagbag.py:538} INFO - Filling up the DagBag from /home/deprojectue/miniconda3/envs/airflow_demo/lib/python3.9/site-packages/airflow/example_dags/example_short_circuit_operator.py
[2024-01-31T09:02:41.202+0000] {processor.py:840} INFO - DAG(s) 'example_short_circuit_operator' retrieved from /home/deprojectue/miniconda3/envs/airflow_demo/lib/python3.9/site-packages/airflow/example_dags/example_short_circuit_operator.py
[2024-01-31T09:02:41.226+0000] {logging_mixin.py:188} INFO - [2024-01-31T09:02:41.226+0000] {dag.py:3033} INFO - Sync 1 DAGs
[2024-01-31T09:02:41.247+0000] {logging_mixin.py:188} INFO - [2024-01-31T09:02:41.247+0000] {dag.py:3820} INFO - Setting next_dagrun for example_short_circuit_operator to 2024-01-30T00:00:00+00:00, run_after=2024-01-31T00:00:00+00:00
[2024-01-31T09:02:41.273+0000] {processor.py:183} INFO - Processing /home/deprojectue/miniconda3/envs/airflow_demo/lib/python3.9/site-packages/airflow/example_dags/example_short_circuit_operator.py took 0.091 seconds
[2024-01-31T09:03:34.611+0000] {processor.py:161} INFO - Started process (PID=216139) to work on /home/deprojectue/miniconda3/envs/airflow_demo/lib/python3.9/site-packages/airflow/example_dags/example_short_circuit_operator.py
[2024-01-31T09:03:34.614+0000] {processor.py:830} INFO - Processing file /home/deprojectue/miniconda3/envs/airflow_demo/lib/python3.9/site-packages/airflow/example_dags/example_short_circuit_operator.py for tasks to queue
[2024-01-31T09:03:34.617+0000] {logging_mixin.py:188} INFO - [2024-01-31T09:03:34.617+0000] {dagbag.py:538} INFO - Filling up the DagBag from /home/deprojectue/miniconda3/envs/airflow_demo/lib/python3.9/site-packages/airflow/example_dags/example_short_circuit_operator.py
[2024-01-31T09:03:34.629+0000] {processor.py:840} INFO - DAG(s) 'example_short_circuit_operator' retrieved from /home/deprojectue/miniconda3/envs/airflow_demo/lib/python3.9/site-packages/airflow/example_dags/example_short_circuit_operator.py
[2024-01-31T09:03:34.653+0000] {logging_mixin.py:188} INFO - [2024-01-31T09:03:34.652+0000] {dag.py:3033} INFO - Sync 1 DAGs
[2024-01-31T09:03:34.673+0000] {logging_mixin.py:188} INFO - [2024-01-31T09:03:34.673+0000] {dag.py:3820} INFO - Setting next_dagrun for example_short_circuit_operator to 2024-01-30T00:00:00+00:00, run_after=2024-01-31T00:00:00+00:00
[2024-01-31T09:03:34.697+0000] {processor.py:183} INFO - Processing /home/deprojectue/miniconda3/envs/airflow_demo/lib/python3.9/site-packages/airflow/example_dags/example_short_circuit_operator.py took 0.090 seconds
[2024-01-31T09:04:28.315+0000] {processor.py:161} INFO - Started process (PID=216195) to work on /home/deprojectue/miniconda3/envs/airflow_demo/lib/python3.9/site-packages/airflow/example_dags/example_short_circuit_operator.py
[2024-01-31T09:04:28.317+0000] {processor.py:830} INFO - Processing file /home/deprojectue/miniconda3/envs/airflow_demo/lib/python3.9/site-packages/airflow/example_dags/example_short_circuit_operator.py for tasks to queue
[2024-01-31T09:04:28.321+0000] {logging_mixin.py:188} INFO - [2024-01-31T09:04:28.320+0000] {dagbag.py:538} INFO - Filling up the DagBag from /home/deprojectue/miniconda3/envs/airflow_demo/lib/python3.9/site-packages/airflow/example_dags/example_short_circuit_operator.py
[2024-01-31T09:04:28.332+0000] {processor.py:840} INFO - DAG(s) 'example_short_circuit_operator' retrieved from /home/deprojectue/miniconda3/envs/airflow_demo/lib/python3.9/site-packages/airflow/example_dags/example_short_circuit_operator.py
[2024-01-31T09:04:28.356+0000] {logging_mixin.py:188} INFO - [2024-01-31T09:04:28.355+0000] {dag.py:3033} INFO - Sync 1 DAGs
[2024-01-31T09:04:28.376+0000] {logging_mixin.py:188} INFO - [2024-01-31T09:04:28.376+0000] {dag.py:3820} INFO - Setting next_dagrun for example_short_circuit_operator to 2024-01-30T00:00:00+00:00, run_after=2024-01-31T00:00:00+00:00
[2024-01-31T09:04:28.402+0000] {processor.py:183} INFO - Processing /home/deprojectue/miniconda3/envs/airflow_demo/lib/python3.9/site-packages/airflow/example_dags/example_short_circuit_operator.py took 0.091 seconds
[2024-01-31T09:05:06.051+0000] {processor.py:161} INFO - Started process (PID=216237) to work on /home/deprojectue/miniconda3/envs/airflow_demo/lib/python3.9/site-packages/airflow/example_dags/example_short_circuit_operator.py
[2024-01-31T09:05:06.053+0000] {processor.py:830} INFO - Processing file /home/deprojectue/miniconda3/envs/airflow_demo/lib/python3.9/site-packages/airflow/example_dags/example_short_circuit_operator.py for tasks to queue
[2024-01-31T09:05:06.057+0000] {logging_mixin.py:188} INFO - [2024-01-31T09:05:06.056+0000] {dagbag.py:538} INFO - Filling up the DagBag from /home/deprojectue/miniconda3/envs/airflow_demo/lib/python3.9/site-packages/airflow/example_dags/example_short_circuit_operator.py
[2024-01-31T09:05:06.068+0000] {processor.py:840} INFO - DAG(s) 'example_short_circuit_operator' retrieved from /home/deprojectue/miniconda3/envs/airflow_demo/lib/python3.9/site-packages/airflow/example_dags/example_short_circuit_operator.py
[2024-01-31T09:05:06.092+0000] {logging_mixin.py:188} INFO - [2024-01-31T09:05:06.091+0000] {dag.py:3033} INFO - Sync 1 DAGs
[2024-01-31T09:05:06.113+0000] {logging_mixin.py:188} INFO - [2024-01-31T09:05:06.112+0000] {dag.py:3820} INFO - Setting next_dagrun for example_short_circuit_operator to 2024-01-30T00:00:00+00:00, run_after=2024-01-31T00:00:00+00:00
[2024-01-31T09:05:06.139+0000] {processor.py:183} INFO - Processing /home/deprojectue/miniconda3/envs/airflow_demo/lib/python3.9/site-packages/airflow/example_dags/example_short_circuit_operator.py took 0.092 seconds
[2024-01-31T09:08:33.617+0000] {processor.py:161} INFO - Started process (PID=216379) to work on /home/deprojectue/miniconda3/envs/airflow_demo/lib/python3.9/site-packages/airflow/example_dags/example_short_circuit_operator.py
[2024-01-31T09:08:33.622+0000] {processor.py:830} INFO - Processing file /home/deprojectue/miniconda3/envs/airflow_demo/lib/python3.9/site-packages/airflow/example_dags/example_short_circuit_operator.py for tasks to queue
[2024-01-31T09:08:33.638+0000] {logging_mixin.py:188} INFO - [2024-01-31T09:08:33.626+0000] {dagbag.py:538} INFO - Filling up the DagBag from /home/deprojectue/miniconda3/envs/airflow_demo/lib/python3.9/site-packages/airflow/example_dags/example_short_circuit_operator.py
[2024-01-31T09:08:33.879+0000] {processor.py:840} INFO - DAG(s) 'example_short_circuit_operator' retrieved from /home/deprojectue/miniconda3/envs/airflow_demo/lib/python3.9/site-packages/airflow/example_dags/example_short_circuit_operator.py
[2024-01-31T09:10:11.111+0000] {logging_mixin.py:188} INFO - [2024-01-31T09:10:02.609+0000] {dag.py:3033} INFO - Sync 1 DAGs
[2024-01-31T09:10:56.610+0000] {logging_mixin.py:188} INFO - [2024-01-31T09:10:56.594+0000] {dag.py:3820} INFO - Setting next_dagrun for example_short_circuit_operator to 2024-01-30T00:00:00+00:00, run_after=2024-01-31T00:00:00+00:00
[2024-01-31T09:10:57.127+0000] {processor.py:183} INFO - Processing /home/deprojectue/miniconda3/envs/airflow_demo/lib/python3.9/site-packages/airflow/example_dags/example_short_circuit_operator.py took 143.517 seconds
[2024-01-31T09:35:34.943+0000] {processor.py:161} INFO - Started process (PID=216876) to work on /home/deprojectue/miniconda3/envs/airflow_demo/lib/python3.9/site-packages/airflow/example_dags/example_short_circuit_operator.py
[2024-01-31T09:35:34.946+0000] {processor.py:830} INFO - Processing file /home/deprojectue/miniconda3/envs/airflow_demo/lib/python3.9/site-packages/airflow/example_dags/example_short_circuit_operator.py for tasks to queue
[2024-01-31T09:35:34.950+0000] {logging_mixin.py:188} INFO - [2024-01-31T09:35:34.949+0000] {dagbag.py:538} INFO - Filling up the DagBag from /home/deprojectue/miniconda3/envs/airflow_demo/lib/python3.9/site-packages/airflow/example_dags/example_short_circuit_operator.py
[2024-01-31T09:35:34.972+0000] {processor.py:840} INFO - DAG(s) 'example_short_circuit_operator' retrieved from /home/deprojectue/miniconda3/envs/airflow_demo/lib/python3.9/site-packages/airflow/example_dags/example_short_circuit_operator.py
[2024-01-31T09:35:35.236+0000] {logging_mixin.py:188} INFO - [2024-01-31T09:35:35.222+0000] {override.py:1769} INFO - Created Permission View: can edit on DAG:example_short_circuit_operator
[2024-01-31T09:35:35.259+0000] {logging_mixin.py:188} INFO - [2024-01-31T09:35:35.258+0000] {override.py:1769} INFO - Created Permission View: can read on DAG:example_short_circuit_operator
[2024-01-31T09:35:35.269+0000] {logging_mixin.py:188} INFO - [2024-01-31T09:35:35.269+0000] {override.py:1769} INFO - Created Permission View: can delete on DAG:example_short_circuit_operator
[2024-01-31T09:35:35.270+0000] {logging_mixin.py:188} INFO - [2024-01-31T09:35:35.270+0000] {dag.py:3033} INFO - Sync 1 DAGs
[2024-01-31T09:35:35.285+0000] {logging_mixin.py:188} INFO - [2024-01-31T09:35:35.284+0000] {dag.py:3055} INFO - Creating ORM DAG for example_short_circuit_operator
[2024-01-31T09:35:35.298+0000] {logging_mixin.py:188} INFO - [2024-01-31T09:35:35.298+0000] {dag.py:3820} INFO - Setting next_dagrun for example_short_circuit_operator to 2024-01-30T00:00:00+00:00, run_after=2024-01-31T00:00:00+00:00
[2024-01-31T09:35:35.340+0000] {processor.py:183} INFO - Processing /home/deprojectue/miniconda3/envs/airflow_demo/lib/python3.9/site-packages/airflow/example_dags/example_short_circuit_operator.py took 0.402 seconds
[2024-01-31T09:36:36.771+0000] {processor.py:161} INFO - Started process (PID=216933) to work on /home/deprojectue/miniconda3/envs/airflow_demo/lib/python3.9/site-packages/airflow/example_dags/example_short_circuit_operator.py
[2024-01-31T09:36:36.774+0000] {processor.py:830} INFO - Processing file /home/deprojectue/miniconda3/envs/airflow_demo/lib/python3.9/site-packages/airflow/example_dags/example_short_circuit_operator.py for tasks to queue
[2024-01-31T09:36:36.778+0000] {logging_mixin.py:188} INFO - [2024-01-31T09:36:36.777+0000] {dagbag.py:538} INFO - Filling up the DagBag from /home/deprojectue/miniconda3/envs/airflow_demo/lib/python3.9/site-packages/airflow/example_dags/example_short_circuit_operator.py
[2024-01-31T09:36:36.788+0000] {processor.py:840} INFO - DAG(s) 'example_short_circuit_operator' retrieved from /home/deprojectue/miniconda3/envs/airflow_demo/lib/python3.9/site-packages/airflow/example_dags/example_short_circuit_operator.py
[2024-01-31T09:36:36.813+0000] {logging_mixin.py:188} INFO - [2024-01-31T09:36:36.812+0000] {dag.py:3033} INFO - Sync 1 DAGs
[2024-01-31T09:36:36.844+0000] {logging_mixin.py:188} INFO - [2024-01-31T09:36:36.843+0000] {dag.py:3820} INFO - Setting next_dagrun for example_short_circuit_operator to 2024-01-30T00:00:00+00:00, run_after=2024-01-31T00:00:00+00:00
[2024-01-31T09:36:36.890+0000] {processor.py:183} INFO - Processing /home/deprojectue/miniconda3/envs/airflow_demo/lib/python3.9/site-packages/airflow/example_dags/example_short_circuit_operator.py took 0.124 seconds
