[2024-01-31T02:07:48.189+0000] {processor.py:161} INFO - Started process (PID=210602) to work on /home/deprojectue/miniconda3/envs/airflow_demo/lib/python3.9/site-packages/airflow/example_dags/example_task_group_decorator.py
[2024-01-31T02:07:48.190+0000] {processor.py:830} INFO - Processing file /home/deprojectue/miniconda3/envs/airflow_demo/lib/python3.9/site-packages/airflow/example_dags/example_task_group_decorator.py for tasks to queue
[2024-01-31T02:07:48.191+0000] {logging_mixin.py:188} INFO - [2024-01-31T02:07:48.191+0000] {dagbag.py:538} INFO - Filling up the DagBag from /home/deprojectue/miniconda3/envs/airflow_demo/lib/python3.9/site-packages/airflow/example_dags/example_task_group_decorator.py
[2024-01-31T02:07:48.210+0000] {processor.py:840} INFO - DAG(s) 'example_task_group_decorator' retrieved from /home/deprojectue/miniconda3/envs/airflow_demo/lib/python3.9/site-packages/airflow/example_dags/example_task_group_decorator.py
[2024-01-31T02:07:48.329+0000] {logging_mixin.py:188} INFO - [2024-01-31T02:07:48.328+0000] {override.py:1769} INFO - Created Permission View: can read on DAG:example_task_group_decorator
[2024-01-31T02:07:48.344+0000] {logging_mixin.py:188} INFO - [2024-01-31T02:07:48.344+0000] {override.py:1769} INFO - Created Permission View: can delete on DAG:example_task_group_decorator
[2024-01-31T02:07:48.356+0000] {logging_mixin.py:188} INFO - [2024-01-31T02:07:48.356+0000] {override.py:1769} INFO - Created Permission View: can edit on DAG:example_task_group_decorator
[2024-01-31T02:07:48.357+0000] {logging_mixin.py:188} INFO - [2024-01-31T02:07:48.357+0000] {dag.py:3033} INFO - Sync 1 DAGs
[2024-01-31T02:07:48.369+0000] {logging_mixin.py:188} INFO - [2024-01-31T02:07:48.369+0000] {dag.py:3055} INFO - Creating ORM DAG for example_task_group_decorator
[2024-01-31T02:07:48.378+0000] {logging_mixin.py:188} INFO - [2024-01-31T02:07:48.378+0000] {dag.py:3820} INFO - Setting next_dagrun for example_task_group_decorator to 2024-01-30T00:00:00+00:00, run_after=2024-01-31T00:00:00+00:00
[2024-01-31T02:07:48.405+0000] {processor.py:183} INFO - Processing /home/deprojectue/miniconda3/envs/airflow_demo/lib/python3.9/site-packages/airflow/example_dags/example_task_group_decorator.py took 0.221 seconds
[2024-01-31T02:09:19.847+0000] {processor.py:161} INFO - Started process (PID=210810) to work on /home/deprojectue/miniconda3/envs/airflow_demo/lib/python3.9/site-packages/airflow/example_dags/example_task_group_decorator.py
[2024-01-31T02:09:19.876+0000] {processor.py:830} INFO - Processing file /home/deprojectue/miniconda3/envs/airflow_demo/lib/python3.9/site-packages/airflow/example_dags/example_task_group_decorator.py for tasks to queue
[2024-01-31T02:09:19.877+0000] {logging_mixin.py:188} INFO - [2024-01-31T02:09:19.877+0000] {dagbag.py:538} INFO - Filling up the DagBag from /home/deprojectue/miniconda3/envs/airflow_demo/lib/python3.9/site-packages/airflow/example_dags/example_task_group_decorator.py
[2024-01-31T02:09:19.978+0000] {processor.py:840} INFO - DAG(s) 'example_task_group_decorator' retrieved from /home/deprojectue/miniconda3/envs/airflow_demo/lib/python3.9/site-packages/airflow/example_dags/example_task_group_decorator.py
[2024-01-31T02:09:20.111+0000] {logging_mixin.py:188} INFO - [2024-01-31T02:09:20.111+0000] {dag.py:3033} INFO - Sync 1 DAGs
[2024-01-31T02:09:20.251+0000] {logging_mixin.py:188} INFO - [2024-01-31T02:09:20.251+0000] {dag.py:3820} INFO - Setting next_dagrun for example_task_group_decorator to 2024-01-30T00:00:00+00:00, run_after=2024-01-31T00:00:00+00:00
[2024-01-31T02:09:20.345+0000] {processor.py:183} INFO - Processing /home/deprojectue/miniconda3/envs/airflow_demo/lib/python3.9/site-packages/airflow/example_dags/example_task_group_decorator.py took 0.530 seconds
[2024-01-31T02:10:12.730+0000] {processor.py:161} INFO - Started process (PID=210972) to work on /home/deprojectue/miniconda3/envs/airflow_demo/lib/python3.9/site-packages/airflow/example_dags/example_task_group_decorator.py
[2024-01-31T02:10:12.732+0000] {processor.py:830} INFO - Processing file /home/deprojectue/miniconda3/envs/airflow_demo/lib/python3.9/site-packages/airflow/example_dags/example_task_group_decorator.py for tasks to queue
[2024-01-31T02:10:12.734+0000] {logging_mixin.py:188} INFO - [2024-01-31T02:10:12.733+0000] {dagbag.py:538} INFO - Filling up the DagBag from /home/deprojectue/miniconda3/envs/airflow_demo/lib/python3.9/site-packages/airflow/example_dags/example_task_group_decorator.py
[2024-01-31T02:10:12.754+0000] {processor.py:840} INFO - DAG(s) 'example_task_group_decorator' retrieved from /home/deprojectue/miniconda3/envs/airflow_demo/lib/python3.9/site-packages/airflow/example_dags/example_task_group_decorator.py
[2024-01-31T02:10:12.779+0000] {logging_mixin.py:188} INFO - [2024-01-31T02:10:12.779+0000] {dag.py:3033} INFO - Sync 1 DAGs
[2024-01-31T02:10:12.802+0000] {logging_mixin.py:188} INFO - [2024-01-31T02:10:12.802+0000] {dag.py:3820} INFO - Setting next_dagrun for example_task_group_decorator to 2024-01-30T00:00:00+00:00, run_after=2024-01-31T00:00:00+00:00
[2024-01-31T02:10:12.830+0000] {processor.py:183} INFO - Processing /home/deprojectue/miniconda3/envs/airflow_demo/lib/python3.9/site-packages/airflow/example_dags/example_task_group_decorator.py took 0.104 seconds
[2024-01-31T02:13:01.900+0000] {processor.py:161} INFO - Started process (PID=211058) to work on /home/deprojectue/miniconda3/envs/airflow_demo/lib/python3.9/site-packages/airflow/example_dags/example_task_group_decorator.py
[2024-01-31T02:13:01.902+0000] {processor.py:830} INFO - Processing file /home/deprojectue/miniconda3/envs/airflow_demo/lib/python3.9/site-packages/airflow/example_dags/example_task_group_decorator.py for tasks to queue
[2024-01-31T02:13:01.905+0000] {logging_mixin.py:188} INFO - [2024-01-31T02:13:01.905+0000] {dagbag.py:538} INFO - Filling up the DagBag from /home/deprojectue/miniconda3/envs/airflow_demo/lib/python3.9/site-packages/airflow/example_dags/example_task_group_decorator.py
[2024-01-31T02:13:01.922+0000] {processor.py:840} INFO - DAG(s) 'example_task_group_decorator' retrieved from /home/deprojectue/miniconda3/envs/airflow_demo/lib/python3.9/site-packages/airflow/example_dags/example_task_group_decorator.py
[2024-01-31T02:13:01.948+0000] {logging_mixin.py:188} INFO - [2024-01-31T02:13:01.947+0000] {dag.py:3033} INFO - Sync 1 DAGs
[2024-01-31T02:13:01.969+0000] {logging_mixin.py:188} INFO - [2024-01-31T02:13:01.969+0000] {dag.py:3820} INFO - Setting next_dagrun for example_task_group_decorator to 2024-01-30T00:00:00+00:00, run_after=2024-01-31T00:00:00+00:00
[2024-01-31T02:13:01.994+0000] {processor.py:183} INFO - Processing /home/deprojectue/miniconda3/envs/airflow_demo/lib/python3.9/site-packages/airflow/example_dags/example_task_group_decorator.py took 0.099 seconds
[2024-01-31T02:13:50.264+0000] {processor.py:161} INFO - Started process (PID=211117) to work on /home/deprojectue/miniconda3/envs/airflow_demo/lib/python3.9/site-packages/airflow/example_dags/example_task_group_decorator.py
[2024-01-31T02:13:50.266+0000] {processor.py:830} INFO - Processing file /home/deprojectue/miniconda3/envs/airflow_demo/lib/python3.9/site-packages/airflow/example_dags/example_task_group_decorator.py for tasks to queue
[2024-01-31T02:13:50.269+0000] {logging_mixin.py:188} INFO - [2024-01-31T02:13:50.269+0000] {dagbag.py:538} INFO - Filling up the DagBag from /home/deprojectue/miniconda3/envs/airflow_demo/lib/python3.9/site-packages/airflow/example_dags/example_task_group_decorator.py
[2024-01-31T02:13:50.286+0000] {processor.py:840} INFO - DAG(s) 'example_task_group_decorator' retrieved from /home/deprojectue/miniconda3/envs/airflow_demo/lib/python3.9/site-packages/airflow/example_dags/example_task_group_decorator.py
[2024-01-31T02:13:50.310+0000] {logging_mixin.py:188} INFO - [2024-01-31T02:13:50.309+0000] {dag.py:3033} INFO - Sync 1 DAGs
[2024-01-31T02:13:50.334+0000] {logging_mixin.py:188} INFO - [2024-01-31T02:13:50.334+0000] {dag.py:3820} INFO - Setting next_dagrun for example_task_group_decorator to 2024-01-30T00:00:00+00:00, run_after=2024-01-31T00:00:00+00:00
[2024-01-31T02:13:50.362+0000] {processor.py:183} INFO - Processing /home/deprojectue/miniconda3/envs/airflow_demo/lib/python3.9/site-packages/airflow/example_dags/example_task_group_decorator.py took 0.102 seconds
[2024-01-31T02:22:00.925+0000] {processor.py:161} INFO - Started process (PID=211318) to work on /home/deprojectue/miniconda3/envs/airflow_demo/lib/python3.9/site-packages/airflow/example_dags/example_task_group_decorator.py
[2024-01-31T02:22:00.927+0000] {processor.py:830} INFO - Processing file /home/deprojectue/miniconda3/envs/airflow_demo/lib/python3.9/site-packages/airflow/example_dags/example_task_group_decorator.py for tasks to queue
[2024-01-31T02:22:00.931+0000] {logging_mixin.py:188} INFO - [2024-01-31T02:22:00.930+0000] {dagbag.py:538} INFO - Filling up the DagBag from /home/deprojectue/miniconda3/envs/airflow_demo/lib/python3.9/site-packages/airflow/example_dags/example_task_group_decorator.py
[2024-01-31T02:22:00.948+0000] {processor.py:840} INFO - DAG(s) 'example_task_group_decorator' retrieved from /home/deprojectue/miniconda3/envs/airflow_demo/lib/python3.9/site-packages/airflow/example_dags/example_task_group_decorator.py
[2024-01-31T02:22:00.975+0000] {logging_mixin.py:188} INFO - [2024-01-31T02:22:00.974+0000] {dag.py:3033} INFO - Sync 1 DAGs
[2024-01-31T02:22:00.997+0000] {logging_mixin.py:188} INFO - [2024-01-31T02:22:00.997+0000] {dag.py:3820} INFO - Setting next_dagrun for example_task_group_decorator to 2024-01-30T00:00:00+00:00, run_after=2024-01-31T00:00:00+00:00
[2024-01-31T02:22:01.022+0000] {processor.py:183} INFO - Processing /home/deprojectue/miniconda3/envs/airflow_demo/lib/python3.9/site-packages/airflow/example_dags/example_task_group_decorator.py took 0.101 seconds
[2024-01-31T08:24:39.110+0000] {processor.py:161} INFO - Started process (PID=214059) to work on /home/deprojectue/miniconda3/envs/airflow_demo/lib/python3.9/site-packages/airflow/example_dags/example_task_group_decorator.py
[2024-01-31T08:24:39.112+0000] {processor.py:830} INFO - Processing file /home/deprojectue/miniconda3/envs/airflow_demo/lib/python3.9/site-packages/airflow/example_dags/example_task_group_decorator.py for tasks to queue
[2024-01-31T08:24:39.115+0000] {logging_mixin.py:188} INFO - [2024-01-31T08:24:39.115+0000] {dagbag.py:538} INFO - Filling up the DagBag from /home/deprojectue/miniconda3/envs/airflow_demo/lib/python3.9/site-packages/airflow/example_dags/example_task_group_decorator.py
[2024-01-31T08:24:39.133+0000] {processor.py:840} INFO - DAG(s) 'example_task_group_decorator' retrieved from /home/deprojectue/miniconda3/envs/airflow_demo/lib/python3.9/site-packages/airflow/example_dags/example_task_group_decorator.py
[2024-01-31T08:24:39.161+0000] {logging_mixin.py:188} INFO - [2024-01-31T08:24:39.160+0000] {dag.py:3033} INFO - Sync 1 DAGs
[2024-01-31T08:24:39.182+0000] {logging_mixin.py:188} INFO - [2024-01-31T08:24:39.181+0000] {dag.py:3820} INFO - Setting next_dagrun for example_task_group_decorator to 2024-01-30T00:00:00+00:00, run_after=2024-01-31T00:00:00+00:00
[2024-01-31T08:24:39.206+0000] {processor.py:183} INFO - Processing /home/deprojectue/miniconda3/envs/airflow_demo/lib/python3.9/site-packages/airflow/example_dags/example_task_group_decorator.py took 0.100 seconds
[2024-01-31T08:25:28.543+0000] {processor.py:161} INFO - Started process (PID=214110) to work on /home/deprojectue/miniconda3/envs/airflow_demo/lib/python3.9/site-packages/airflow/example_dags/example_task_group_decorator.py
[2024-01-31T08:25:28.545+0000] {processor.py:830} INFO - Processing file /home/deprojectue/miniconda3/envs/airflow_demo/lib/python3.9/site-packages/airflow/example_dags/example_task_group_decorator.py for tasks to queue
[2024-01-31T08:25:28.548+0000] {logging_mixin.py:188} INFO - [2024-01-31T08:25:28.548+0000] {dagbag.py:538} INFO - Filling up the DagBag from /home/deprojectue/miniconda3/envs/airflow_demo/lib/python3.9/site-packages/airflow/example_dags/example_task_group_decorator.py
[2024-01-31T08:25:28.566+0000] {processor.py:840} INFO - DAG(s) 'example_task_group_decorator' retrieved from /home/deprojectue/miniconda3/envs/airflow_demo/lib/python3.9/site-packages/airflow/example_dags/example_task_group_decorator.py
[2024-01-31T08:25:28.592+0000] {logging_mixin.py:188} INFO - [2024-01-31T08:25:28.591+0000] {dag.py:3033} INFO - Sync 1 DAGs
[2024-01-31T08:25:28.615+0000] {logging_mixin.py:188} INFO - [2024-01-31T08:25:28.615+0000] {dag.py:3820} INFO - Setting next_dagrun for example_task_group_decorator to 2024-01-30T00:00:00+00:00, run_after=2024-01-31T00:00:00+00:00
[2024-01-31T08:25:28.641+0000] {processor.py:183} INFO - Processing /home/deprojectue/miniconda3/envs/airflow_demo/lib/python3.9/site-packages/airflow/example_dags/example_task_group_decorator.py took 0.102 seconds
[2024-01-31T08:52:11.026+0000] {processor.py:161} INFO - Started process (PID=215391) to work on /home/deprojectue/miniconda3/envs/airflow_demo/lib/python3.9/site-packages/airflow/example_dags/example_task_group_decorator.py
[2024-01-31T08:52:11.028+0000] {processor.py:830} INFO - Processing file /home/deprojectue/miniconda3/envs/airflow_demo/lib/python3.9/site-packages/airflow/example_dags/example_task_group_decorator.py for tasks to queue
[2024-01-31T08:52:11.032+0000] {logging_mixin.py:188} INFO - [2024-01-31T08:52:11.032+0000] {dagbag.py:538} INFO - Filling up the DagBag from /home/deprojectue/miniconda3/envs/airflow_demo/lib/python3.9/site-packages/airflow/example_dags/example_task_group_decorator.py
[2024-01-31T08:52:11.051+0000] {processor.py:840} INFO - DAG(s) 'example_task_group_decorator' retrieved from /home/deprojectue/miniconda3/envs/airflow_demo/lib/python3.9/site-packages/airflow/example_dags/example_task_group_decorator.py
[2024-01-31T08:52:11.077+0000] {logging_mixin.py:188} INFO - [2024-01-31T08:52:11.076+0000] {dag.py:3033} INFO - Sync 1 DAGs
[2024-01-31T08:52:11.097+0000] {logging_mixin.py:188} INFO - [2024-01-31T08:52:11.097+0000] {dag.py:3820} INFO - Setting next_dagrun for example_task_group_decorator to 2024-01-30T00:00:00+00:00, run_after=2024-01-31T00:00:00+00:00
[2024-01-31T08:52:11.122+0000] {processor.py:183} INFO - Processing /home/deprojectue/miniconda3/envs/airflow_demo/lib/python3.9/site-packages/airflow/example_dags/example_task_group_decorator.py took 0.100 seconds
[2024-01-31T08:53:01.384+0000] {processor.py:161} INFO - Started process (PID=215443) to work on /home/deprojectue/miniconda3/envs/airflow_demo/lib/python3.9/site-packages/airflow/example_dags/example_task_group_decorator.py
[2024-01-31T08:53:01.386+0000] {processor.py:830} INFO - Processing file /home/deprojectue/miniconda3/envs/airflow_demo/lib/python3.9/site-packages/airflow/example_dags/example_task_group_decorator.py for tasks to queue
[2024-01-31T08:53:01.389+0000] {logging_mixin.py:188} INFO - [2024-01-31T08:53:01.388+0000] {dagbag.py:538} INFO - Filling up the DagBag from /home/deprojectue/miniconda3/envs/airflow_demo/lib/python3.9/site-packages/airflow/example_dags/example_task_group_decorator.py
[2024-01-31T08:53:01.408+0000] {processor.py:840} INFO - DAG(s) 'example_task_group_decorator' retrieved from /home/deprojectue/miniconda3/envs/airflow_demo/lib/python3.9/site-packages/airflow/example_dags/example_task_group_decorator.py
[2024-01-31T08:53:01.435+0000] {logging_mixin.py:188} INFO - [2024-01-31T08:53:01.434+0000] {dag.py:3033} INFO - Sync 1 DAGs
[2024-01-31T08:53:01.456+0000] {logging_mixin.py:188} INFO - [2024-01-31T08:53:01.455+0000] {dag.py:3820} INFO - Setting next_dagrun for example_task_group_decorator to 2024-01-30T00:00:00+00:00, run_after=2024-01-31T00:00:00+00:00
[2024-01-31T08:53:01.482+0000] {processor.py:183} INFO - Processing /home/deprojectue/miniconda3/envs/airflow_demo/lib/python3.9/site-packages/airflow/example_dags/example_task_group_decorator.py took 0.103 seconds
[2024-01-31T08:54:02.420+0000] {processor.py:161} INFO - Started process (PID=215504) to work on /home/deprojectue/miniconda3/envs/airflow_demo/lib/python3.9/site-packages/airflow/example_dags/example_task_group_decorator.py
[2024-01-31T08:54:02.422+0000] {processor.py:830} INFO - Processing file /home/deprojectue/miniconda3/envs/airflow_demo/lib/python3.9/site-packages/airflow/example_dags/example_task_group_decorator.py for tasks to queue
[2024-01-31T08:54:02.425+0000] {logging_mixin.py:188} INFO - [2024-01-31T08:54:02.425+0000] {dagbag.py:538} INFO - Filling up the DagBag from /home/deprojectue/miniconda3/envs/airflow_demo/lib/python3.9/site-packages/airflow/example_dags/example_task_group_decorator.py
[2024-01-31T08:54:02.444+0000] {processor.py:840} INFO - DAG(s) 'example_task_group_decorator' retrieved from /home/deprojectue/miniconda3/envs/airflow_demo/lib/python3.9/site-packages/airflow/example_dags/example_task_group_decorator.py
[2024-01-31T08:54:02.468+0000] {logging_mixin.py:188} INFO - [2024-01-31T08:54:02.467+0000] {dag.py:3033} INFO - Sync 1 DAGs
[2024-01-31T08:54:02.489+0000] {logging_mixin.py:188} INFO - [2024-01-31T08:54:02.489+0000] {dag.py:3820} INFO - Setting next_dagrun for example_task_group_decorator to 2024-01-30T00:00:00+00:00, run_after=2024-01-31T00:00:00+00:00
[2024-01-31T08:54:02.519+0000] {processor.py:183} INFO - Processing /home/deprojectue/miniconda3/envs/airflow_demo/lib/python3.9/site-packages/airflow/example_dags/example_task_group_decorator.py took 0.104 seconds
[2024-01-31T08:54:52.186+0000] {processor.py:161} INFO - Started process (PID=215557) to work on /home/deprojectue/miniconda3/envs/airflow_demo/lib/python3.9/site-packages/airflow/example_dags/example_task_group_decorator.py
[2024-01-31T08:54:52.188+0000] {processor.py:830} INFO - Processing file /home/deprojectue/miniconda3/envs/airflow_demo/lib/python3.9/site-packages/airflow/example_dags/example_task_group_decorator.py for tasks to queue
[2024-01-31T08:54:52.192+0000] {logging_mixin.py:188} INFO - [2024-01-31T08:54:52.191+0000] {dagbag.py:538} INFO - Filling up the DagBag from /home/deprojectue/miniconda3/envs/airflow_demo/lib/python3.9/site-packages/airflow/example_dags/example_task_group_decorator.py
[2024-01-31T08:54:52.210+0000] {processor.py:840} INFO - DAG(s) 'example_task_group_decorator' retrieved from /home/deprojectue/miniconda3/envs/airflow_demo/lib/python3.9/site-packages/airflow/example_dags/example_task_group_decorator.py
[2024-01-31T08:54:52.235+0000] {logging_mixin.py:188} INFO - [2024-01-31T08:54:52.234+0000] {dag.py:3033} INFO - Sync 1 DAGs
[2024-01-31T08:54:52.255+0000] {logging_mixin.py:188} INFO - [2024-01-31T08:54:52.255+0000] {dag.py:3820} INFO - Setting next_dagrun for example_task_group_decorator to 2024-01-30T00:00:00+00:00, run_after=2024-01-31T00:00:00+00:00
[2024-01-31T08:54:52.280+0000] {processor.py:183} INFO - Processing /home/deprojectue/miniconda3/envs/airflow_demo/lib/python3.9/site-packages/airflow/example_dags/example_task_group_decorator.py took 0.098 seconds
[2024-01-31T08:55:52.298+0000] {processor.py:161} INFO - Started process (PID=215620) to work on /home/deprojectue/miniconda3/envs/airflow_demo/lib/python3.9/site-packages/airflow/example_dags/example_task_group_decorator.py
[2024-01-31T08:55:52.299+0000] {processor.py:830} INFO - Processing file /home/deprojectue/miniconda3/envs/airflow_demo/lib/python3.9/site-packages/airflow/example_dags/example_task_group_decorator.py for tasks to queue
[2024-01-31T08:55:52.303+0000] {logging_mixin.py:188} INFO - [2024-01-31T08:55:52.302+0000] {dagbag.py:538} INFO - Filling up the DagBag from /home/deprojectue/miniconda3/envs/airflow_demo/lib/python3.9/site-packages/airflow/example_dags/example_task_group_decorator.py
[2024-01-31T08:55:52.322+0000] {processor.py:840} INFO - DAG(s) 'example_task_group_decorator' retrieved from /home/deprojectue/miniconda3/envs/airflow_demo/lib/python3.9/site-packages/airflow/example_dags/example_task_group_decorator.py
[2024-01-31T08:55:52.346+0000] {logging_mixin.py:188} INFO - [2024-01-31T08:55:52.345+0000] {dag.py:3033} INFO - Sync 1 DAGs
[2024-01-31T08:55:52.366+0000] {logging_mixin.py:188} INFO - [2024-01-31T08:55:52.365+0000] {dag.py:3820} INFO - Setting next_dagrun for example_task_group_decorator to 2024-01-30T00:00:00+00:00, run_after=2024-01-31T00:00:00+00:00
[2024-01-31T08:55:52.390+0000] {processor.py:183} INFO - Processing /home/deprojectue/miniconda3/envs/airflow_demo/lib/python3.9/site-packages/airflow/example_dags/example_task_group_decorator.py took 0.097 seconds
[2024-01-31T08:56:48.114+0000] {processor.py:161} INFO - Started process (PID=215696) to work on /home/deprojectue/miniconda3/envs/airflow_demo/lib/python3.9/site-packages/airflow/example_dags/example_task_group_decorator.py
[2024-01-31T08:56:48.116+0000] {processor.py:830} INFO - Processing file /home/deprojectue/miniconda3/envs/airflow_demo/lib/python3.9/site-packages/airflow/example_dags/example_task_group_decorator.py for tasks to queue
[2024-01-31T08:56:48.119+0000] {logging_mixin.py:188} INFO - [2024-01-31T08:56:48.119+0000] {dagbag.py:538} INFO - Filling up the DagBag from /home/deprojectue/miniconda3/envs/airflow_demo/lib/python3.9/site-packages/airflow/example_dags/example_task_group_decorator.py
[2024-01-31T08:56:48.138+0000] {processor.py:840} INFO - DAG(s) 'example_task_group_decorator' retrieved from /home/deprojectue/miniconda3/envs/airflow_demo/lib/python3.9/site-packages/airflow/example_dags/example_task_group_decorator.py
[2024-01-31T08:56:48.162+0000] {logging_mixin.py:188} INFO - [2024-01-31T08:56:48.161+0000] {dag.py:3033} INFO - Sync 1 DAGs
[2024-01-31T08:56:48.182+0000] {logging_mixin.py:188} INFO - [2024-01-31T08:56:48.181+0000] {dag.py:3820} INFO - Setting next_dagrun for example_task_group_decorator to 2024-01-30T00:00:00+00:00, run_after=2024-01-31T00:00:00+00:00
[2024-01-31T08:56:48.207+0000] {processor.py:183} INFO - Processing /home/deprojectue/miniconda3/envs/airflow_demo/lib/python3.9/site-packages/airflow/example_dags/example_task_group_decorator.py took 0.098 seconds
[2024-01-31T08:57:43.818+0000] {processor.py:161} INFO - Started process (PID=215754) to work on /home/deprojectue/miniconda3/envs/airflow_demo/lib/python3.9/site-packages/airflow/example_dags/example_task_group_decorator.py
[2024-01-31T08:57:43.820+0000] {processor.py:830} INFO - Processing file /home/deprojectue/miniconda3/envs/airflow_demo/lib/python3.9/site-packages/airflow/example_dags/example_task_group_decorator.py for tasks to queue
[2024-01-31T08:57:43.823+0000] {logging_mixin.py:188} INFO - [2024-01-31T08:57:43.822+0000] {dagbag.py:538} INFO - Filling up the DagBag from /home/deprojectue/miniconda3/envs/airflow_demo/lib/python3.9/site-packages/airflow/example_dags/example_task_group_decorator.py
[2024-01-31T08:57:43.842+0000] {processor.py:840} INFO - DAG(s) 'example_task_group_decorator' retrieved from /home/deprojectue/miniconda3/envs/airflow_demo/lib/python3.9/site-packages/airflow/example_dags/example_task_group_decorator.py
[2024-01-31T08:57:43.865+0000] {logging_mixin.py:188} INFO - [2024-01-31T08:57:43.864+0000] {dag.py:3033} INFO - Sync 1 DAGs
[2024-01-31T08:57:43.884+0000] {logging_mixin.py:188} INFO - [2024-01-31T08:57:43.884+0000] {dag.py:3820} INFO - Setting next_dagrun for example_task_group_decorator to 2024-01-30T00:00:00+00:00, run_after=2024-01-31T00:00:00+00:00
[2024-01-31T08:57:43.909+0000] {processor.py:183} INFO - Processing /home/deprojectue/miniconda3/envs/airflow_demo/lib/python3.9/site-packages/airflow/example_dags/example_task_group_decorator.py took 0.095 seconds
[2024-01-31T08:58:41.968+0000] {processor.py:161} INFO - Started process (PID=215832) to work on /home/deprojectue/miniconda3/envs/airflow_demo/lib/python3.9/site-packages/airflow/example_dags/example_task_group_decorator.py
[2024-01-31T08:58:41.970+0000] {processor.py:830} INFO - Processing file /home/deprojectue/miniconda3/envs/airflow_demo/lib/python3.9/site-packages/airflow/example_dags/example_task_group_decorator.py for tasks to queue
[2024-01-31T08:58:41.974+0000] {logging_mixin.py:188} INFO - [2024-01-31T08:58:41.973+0000] {dagbag.py:538} INFO - Filling up the DagBag from /home/deprojectue/miniconda3/envs/airflow_demo/lib/python3.9/site-packages/airflow/example_dags/example_task_group_decorator.py
[2024-01-31T08:58:41.996+0000] {processor.py:840} INFO - DAG(s) 'example_task_group_decorator' retrieved from /home/deprojectue/miniconda3/envs/airflow_demo/lib/python3.9/site-packages/airflow/example_dags/example_task_group_decorator.py
[2024-01-31T08:58:42.021+0000] {logging_mixin.py:188} INFO - [2024-01-31T08:58:42.021+0000] {dag.py:3033} INFO - Sync 1 DAGs
[2024-01-31T08:58:42.043+0000] {logging_mixin.py:188} INFO - [2024-01-31T08:58:42.042+0000] {dag.py:3820} INFO - Setting next_dagrun for example_task_group_decorator to 2024-01-30T00:00:00+00:00, run_after=2024-01-31T00:00:00+00:00
[2024-01-31T08:58:42.068+0000] {processor.py:183} INFO - Processing /home/deprojectue/miniconda3/envs/airflow_demo/lib/python3.9/site-packages/airflow/example_dags/example_task_group_decorator.py took 0.105 seconds
[2024-01-31T08:59:43.953+0000] {processor.py:161} INFO - Started process (PID=215896) to work on /home/deprojectue/miniconda3/envs/airflow_demo/lib/python3.9/site-packages/airflow/example_dags/example_task_group_decorator.py
[2024-01-31T08:59:43.956+0000] {processor.py:830} INFO - Processing file /home/deprojectue/miniconda3/envs/airflow_demo/lib/python3.9/site-packages/airflow/example_dags/example_task_group_decorator.py for tasks to queue
[2024-01-31T08:59:43.960+0000] {logging_mixin.py:188} INFO - [2024-01-31T08:59:43.959+0000] {dagbag.py:538} INFO - Filling up the DagBag from /home/deprojectue/miniconda3/envs/airflow_demo/lib/python3.9/site-packages/airflow/example_dags/example_task_group_decorator.py
[2024-01-31T08:59:43.986+0000] {processor.py:840} INFO - DAG(s) 'example_task_group_decorator' retrieved from /home/deprojectue/miniconda3/envs/airflow_demo/lib/python3.9/site-packages/airflow/example_dags/example_task_group_decorator.py
[2024-01-31T08:59:44.011+0000] {logging_mixin.py:188} INFO - [2024-01-31T08:59:44.010+0000] {dag.py:3033} INFO - Sync 1 DAGs
[2024-01-31T08:59:44.031+0000] {logging_mixin.py:188} INFO - [2024-01-31T08:59:44.031+0000] {dag.py:3820} INFO - Setting next_dagrun for example_task_group_decorator to 2024-01-30T00:00:00+00:00, run_after=2024-01-31T00:00:00+00:00
[2024-01-31T08:59:44.059+0000] {processor.py:183} INFO - Processing /home/deprojectue/miniconda3/envs/airflow_demo/lib/python3.9/site-packages/airflow/example_dags/example_task_group_decorator.py took 0.110 seconds
[2024-01-31T09:00:38.508+0000] {processor.py:161} INFO - Started process (PID=215954) to work on /home/deprojectue/miniconda3/envs/airflow_demo/lib/python3.9/site-packages/airflow/example_dags/example_task_group_decorator.py
[2024-01-31T09:00:38.511+0000] {processor.py:830} INFO - Processing file /home/deprojectue/miniconda3/envs/airflow_demo/lib/python3.9/site-packages/airflow/example_dags/example_task_group_decorator.py for tasks to queue
[2024-01-31T09:00:38.515+0000] {logging_mixin.py:188} INFO - [2024-01-31T09:00:38.514+0000] {dagbag.py:538} INFO - Filling up the DagBag from /home/deprojectue/miniconda3/envs/airflow_demo/lib/python3.9/site-packages/airflow/example_dags/example_task_group_decorator.py
[2024-01-31T09:00:38.537+0000] {processor.py:840} INFO - DAG(s) 'example_task_group_decorator' retrieved from /home/deprojectue/miniconda3/envs/airflow_demo/lib/python3.9/site-packages/airflow/example_dags/example_task_group_decorator.py
[2024-01-31T09:00:38.563+0000] {logging_mixin.py:188} INFO - [2024-01-31T09:00:38.562+0000] {dag.py:3033} INFO - Sync 1 DAGs
[2024-01-31T09:00:38.583+0000] {logging_mixin.py:188} INFO - [2024-01-31T09:00:38.583+0000] {dag.py:3820} INFO - Setting next_dagrun for example_task_group_decorator to 2024-01-30T00:00:00+00:00, run_after=2024-01-31T00:00:00+00:00
[2024-01-31T09:00:38.608+0000] {processor.py:183} INFO - Processing /home/deprojectue/miniconda3/envs/airflow_demo/lib/python3.9/site-packages/airflow/example_dags/example_task_group_decorator.py took 0.104 seconds
[2024-01-31T09:01:36.479+0000] {processor.py:161} INFO - Started process (PID=216015) to work on /home/deprojectue/miniconda3/envs/airflow_demo/lib/python3.9/site-packages/airflow/example_dags/example_task_group_decorator.py
[2024-01-31T09:01:36.482+0000] {processor.py:830} INFO - Processing file /home/deprojectue/miniconda3/envs/airflow_demo/lib/python3.9/site-packages/airflow/example_dags/example_task_group_decorator.py for tasks to queue
[2024-01-31T09:01:36.486+0000] {logging_mixin.py:188} INFO - [2024-01-31T09:01:36.485+0000] {dagbag.py:538} INFO - Filling up the DagBag from /home/deprojectue/miniconda3/envs/airflow_demo/lib/python3.9/site-packages/airflow/example_dags/example_task_group_decorator.py
[2024-01-31T09:01:36.504+0000] {processor.py:840} INFO - DAG(s) 'example_task_group_decorator' retrieved from /home/deprojectue/miniconda3/envs/airflow_demo/lib/python3.9/site-packages/airflow/example_dags/example_task_group_decorator.py
[2024-01-31T09:01:36.527+0000] {logging_mixin.py:188} INFO - [2024-01-31T09:01:36.527+0000] {dag.py:3033} INFO - Sync 1 DAGs
[2024-01-31T09:01:36.548+0000] {logging_mixin.py:188} INFO - [2024-01-31T09:01:36.547+0000] {dag.py:3820} INFO - Setting next_dagrun for example_task_group_decorator to 2024-01-30T00:00:00+00:00, run_after=2024-01-31T00:00:00+00:00
[2024-01-31T09:01:36.572+0000] {processor.py:183} INFO - Processing /home/deprojectue/miniconda3/envs/airflow_demo/lib/python3.9/site-packages/airflow/example_dags/example_task_group_decorator.py took 0.098 seconds
[2024-01-31T09:02:31.350+0000] {processor.py:161} INFO - Started process (PID=216075) to work on /home/deprojectue/miniconda3/envs/airflow_demo/lib/python3.9/site-packages/airflow/example_dags/example_task_group_decorator.py
[2024-01-31T09:02:31.352+0000] {processor.py:830} INFO - Processing file /home/deprojectue/miniconda3/envs/airflow_demo/lib/python3.9/site-packages/airflow/example_dags/example_task_group_decorator.py for tasks to queue
[2024-01-31T09:02:31.356+0000] {logging_mixin.py:188} INFO - [2024-01-31T09:02:31.355+0000] {dagbag.py:538} INFO - Filling up the DagBag from /home/deprojectue/miniconda3/envs/airflow_demo/lib/python3.9/site-packages/airflow/example_dags/example_task_group_decorator.py
[2024-01-31T09:02:31.379+0000] {processor.py:840} INFO - DAG(s) 'example_task_group_decorator' retrieved from /home/deprojectue/miniconda3/envs/airflow_demo/lib/python3.9/site-packages/airflow/example_dags/example_task_group_decorator.py
[2024-01-31T09:02:31.403+0000] {logging_mixin.py:188} INFO - [2024-01-31T09:02:31.403+0000] {dag.py:3033} INFO - Sync 1 DAGs
[2024-01-31T09:02:31.424+0000] {logging_mixin.py:188} INFO - [2024-01-31T09:02:31.424+0000] {dag.py:3820} INFO - Setting next_dagrun for example_task_group_decorator to 2024-01-30T00:00:00+00:00, run_after=2024-01-31T00:00:00+00:00
[2024-01-31T09:02:31.449+0000] {processor.py:183} INFO - Processing /home/deprojectue/miniconda3/envs/airflow_demo/lib/python3.9/site-packages/airflow/example_dags/example_task_group_decorator.py took 0.103 seconds
[2024-01-31T09:03:27.730+0000] {processor.py:161} INFO - Started process (PID=216131) to work on /home/deprojectue/miniconda3/envs/airflow_demo/lib/python3.9/site-packages/airflow/example_dags/example_task_group_decorator.py
[2024-01-31T09:03:27.732+0000] {processor.py:830} INFO - Processing file /home/deprojectue/miniconda3/envs/airflow_demo/lib/python3.9/site-packages/airflow/example_dags/example_task_group_decorator.py for tasks to queue
[2024-01-31T09:03:27.736+0000] {logging_mixin.py:188} INFO - [2024-01-31T09:03:27.735+0000] {dagbag.py:538} INFO - Filling up the DagBag from /home/deprojectue/miniconda3/envs/airflow_demo/lib/python3.9/site-packages/airflow/example_dags/example_task_group_decorator.py
[2024-01-31T09:03:27.754+0000] {processor.py:840} INFO - DAG(s) 'example_task_group_decorator' retrieved from /home/deprojectue/miniconda3/envs/airflow_demo/lib/python3.9/site-packages/airflow/example_dags/example_task_group_decorator.py
[2024-01-31T09:03:27.778+0000] {logging_mixin.py:188} INFO - [2024-01-31T09:03:27.778+0000] {dag.py:3033} INFO - Sync 1 DAGs
[2024-01-31T09:03:27.798+0000] {logging_mixin.py:188} INFO - [2024-01-31T09:03:27.798+0000] {dag.py:3820} INFO - Setting next_dagrun for example_task_group_decorator to 2024-01-30T00:00:00+00:00, run_after=2024-01-31T00:00:00+00:00
[2024-01-31T09:03:27.827+0000] {processor.py:183} INFO - Processing /home/deprojectue/miniconda3/envs/airflow_demo/lib/python3.9/site-packages/airflow/example_dags/example_task_group_decorator.py took 0.101 seconds
[2024-01-31T09:04:20.864+0000] {processor.py:161} INFO - Started process (PID=216188) to work on /home/deprojectue/miniconda3/envs/airflow_demo/lib/python3.9/site-packages/airflow/example_dags/example_task_group_decorator.py
[2024-01-31T09:04:20.867+0000] {processor.py:830} INFO - Processing file /home/deprojectue/miniconda3/envs/airflow_demo/lib/python3.9/site-packages/airflow/example_dags/example_task_group_decorator.py for tasks to queue
[2024-01-31T09:04:20.870+0000] {logging_mixin.py:188} INFO - [2024-01-31T09:04:20.869+0000] {dagbag.py:538} INFO - Filling up the DagBag from /home/deprojectue/miniconda3/envs/airflow_demo/lib/python3.9/site-packages/airflow/example_dags/example_task_group_decorator.py
[2024-01-31T09:04:20.889+0000] {processor.py:840} INFO - DAG(s) 'example_task_group_decorator' retrieved from /home/deprojectue/miniconda3/envs/airflow_demo/lib/python3.9/site-packages/airflow/example_dags/example_task_group_decorator.py
[2024-01-31T09:04:20.913+0000] {logging_mixin.py:188} INFO - [2024-01-31T09:04:20.912+0000] {dag.py:3033} INFO - Sync 1 DAGs
[2024-01-31T09:04:20.932+0000] {logging_mixin.py:188} INFO - [2024-01-31T09:04:20.932+0000] {dag.py:3820} INFO - Setting next_dagrun for example_task_group_decorator to 2024-01-30T00:00:00+00:00, run_after=2024-01-31T00:00:00+00:00
[2024-01-31T09:04:20.956+0000] {processor.py:183} INFO - Processing /home/deprojectue/miniconda3/envs/airflow_demo/lib/python3.9/site-packages/airflow/example_dags/example_task_group_decorator.py took 0.096 seconds
[2024-01-31T09:05:17.698+0000] {processor.py:161} INFO - Started process (PID=216251) to work on /home/deprojectue/miniconda3/envs/airflow_demo/lib/python3.9/site-packages/airflow/example_dags/example_task_group_decorator.py
[2024-01-31T09:05:17.700+0000] {processor.py:830} INFO - Processing file /home/deprojectue/miniconda3/envs/airflow_demo/lib/python3.9/site-packages/airflow/example_dags/example_task_group_decorator.py for tasks to queue
[2024-01-31T09:05:17.703+0000] {logging_mixin.py:188} INFO - [2024-01-31T09:05:17.703+0000] {dagbag.py:538} INFO - Filling up the DagBag from /home/deprojectue/miniconda3/envs/airflow_demo/lib/python3.9/site-packages/airflow/example_dags/example_task_group_decorator.py
[2024-01-31T09:05:17.727+0000] {processor.py:840} INFO - DAG(s) 'example_task_group_decorator' retrieved from /home/deprojectue/miniconda3/envs/airflow_demo/lib/python3.9/site-packages/airflow/example_dags/example_task_group_decorator.py
[2024-01-31T09:05:17.752+0000] {logging_mixin.py:188} INFO - [2024-01-31T09:05:17.751+0000] {dag.py:3033} INFO - Sync 1 DAGs
[2024-01-31T09:05:17.771+0000] {logging_mixin.py:188} INFO - [2024-01-31T09:05:17.771+0000] {dag.py:3820} INFO - Setting next_dagrun for example_task_group_decorator to 2024-01-30T00:00:00+00:00, run_after=2024-01-31T00:00:00+00:00
[2024-01-31T09:05:17.796+0000] {processor.py:183} INFO - Processing /home/deprojectue/miniconda3/envs/airflow_demo/lib/python3.9/site-packages/airflow/example_dags/example_task_group_decorator.py took 0.103 seconds
[2024-01-31T09:35:57.735+0000] {processor.py:161} INFO - Started process (PID=216895) to work on /home/deprojectue/miniconda3/envs/airflow_demo/lib/python3.9/site-packages/airflow/example_dags/example_task_group_decorator.py
[2024-01-31T09:35:57.737+0000] {processor.py:830} INFO - Processing file /home/deprojectue/miniconda3/envs/airflow_demo/lib/python3.9/site-packages/airflow/example_dags/example_task_group_decorator.py for tasks to queue
[2024-01-31T09:35:57.741+0000] {logging_mixin.py:188} INFO - [2024-01-31T09:35:57.740+0000] {dagbag.py:538} INFO - Filling up the DagBag from /home/deprojectue/miniconda3/envs/airflow_demo/lib/python3.9/site-packages/airflow/example_dags/example_task_group_decorator.py
[2024-01-31T09:35:57.765+0000] {processor.py:840} INFO - DAG(s) 'example_task_group_decorator' retrieved from /home/deprojectue/miniconda3/envs/airflow_demo/lib/python3.9/site-packages/airflow/example_dags/example_task_group_decorator.py
[2024-01-31T09:35:57.996+0000] {logging_mixin.py:188} INFO - [2024-01-31T09:35:57.991+0000] {override.py:1769} INFO - Created Permission View: can edit on DAG:example_task_group_decorator
[2024-01-31T09:35:58.013+0000] {logging_mixin.py:188} INFO - [2024-01-31T09:35:58.012+0000] {override.py:1769} INFO - Created Permission View: can read on DAG:example_task_group_decorator
[2024-01-31T09:35:58.023+0000] {logging_mixin.py:188} INFO - [2024-01-31T09:35:58.023+0000] {override.py:1769} INFO - Created Permission View: can delete on DAG:example_task_group_decorator
[2024-01-31T09:35:58.024+0000] {logging_mixin.py:188} INFO - [2024-01-31T09:35:58.023+0000] {dag.py:3033} INFO - Sync 1 DAGs
[2024-01-31T09:35:58.037+0000] {logging_mixin.py:188} INFO - [2024-01-31T09:35:58.037+0000] {dag.py:3055} INFO - Creating ORM DAG for example_task_group_decorator
[2024-01-31T09:35:58.055+0000] {logging_mixin.py:188} INFO - [2024-01-31T09:35:58.055+0000] {dag.py:3820} INFO - Setting next_dagrun for example_task_group_decorator to 2024-01-30T00:00:00+00:00, run_after=2024-01-31T00:00:00+00:00
[2024-01-31T09:35:58.094+0000] {processor.py:183} INFO - Processing /home/deprojectue/miniconda3/envs/airflow_demo/lib/python3.9/site-packages/airflow/example_dags/example_task_group_decorator.py took 0.364 seconds
