[2024-01-31T02:07:19.737+0000] {processor.py:161} INFO - Started process (PID=210197) to work on /home/deprojectue/miniconda3/envs/airflow_demo/lib/python3.9/site-packages/airflow/example_dags/example_xcom.py
[2024-01-31T02:07:19.738+0000] {processor.py:830} INFO - Processing file /home/deprojectue/miniconda3/envs/airflow_demo/lib/python3.9/site-packages/airflow/example_dags/example_xcom.py for tasks to queue
[2024-01-31T02:07:19.739+0000] {logging_mixin.py:188} INFO - [2024-01-31T02:07:19.739+0000] {dagbag.py:538} INFO - Filling up the DagBag from /home/deprojectue/miniconda3/envs/airflow_demo/lib/python3.9/site-packages/airflow/example_dags/example_xcom.py
[2024-01-31T02:07:19.751+0000] {processor.py:840} INFO - DAG(s) 'example_xcom' retrieved from /home/deprojectue/miniconda3/envs/airflow_demo/lib/python3.9/site-packages/airflow/example_dags/example_xcom.py
[2024-01-31T02:07:19.872+0000] {logging_mixin.py:188} INFO - [2024-01-31T02:07:19.870+0000] {override.py:1769} INFO - Created Permission View: can read on DAG:example_xcom
[2024-01-31T02:07:19.889+0000] {logging_mixin.py:188} INFO - [2024-01-31T02:07:19.888+0000] {override.py:1769} INFO - Created Permission View: can delete on DAG:example_xcom
[2024-01-31T02:07:19.901+0000] {logging_mixin.py:188} INFO - [2024-01-31T02:07:19.901+0000] {override.py:1769} INFO - Created Permission View: can edit on DAG:example_xcom
[2024-01-31T02:07:19.902+0000] {logging_mixin.py:188} INFO - [2024-01-31T02:07:19.902+0000] {dag.py:3033} INFO - Sync 1 DAGs
[2024-01-31T02:07:19.922+0000] {logging_mixin.py:188} INFO - [2024-01-31T02:07:19.922+0000] {dag.py:3055} INFO - Creating ORM DAG for example_xcom
[2024-01-31T02:07:19.936+0000] {logging_mixin.py:188} INFO - [2024-01-31T02:07:19.936+0000] {dag.py:3820} INFO - Setting next_dagrun for example_xcom to 2021-01-01T00:00:00+00:00, run_after=2021-01-01T00:00:00+00:00
[2024-01-31T02:07:19.964+0000] {processor.py:183} INFO - Processing /home/deprojectue/miniconda3/envs/airflow_demo/lib/python3.9/site-packages/airflow/example_dags/example_xcom.py took 0.232 seconds
[2024-01-31T02:08:17.203+0000] {processor.py:161} INFO - Started process (PID=210638) to work on /home/deprojectue/miniconda3/envs/airflow_demo/lib/python3.9/site-packages/airflow/example_dags/example_xcom.py
[2024-01-31T02:08:17.204+0000] {processor.py:830} INFO - Processing file /home/deprojectue/miniconda3/envs/airflow_demo/lib/python3.9/site-packages/airflow/example_dags/example_xcom.py for tasks to queue
[2024-01-31T02:08:17.206+0000] {logging_mixin.py:188} INFO - [2024-01-31T02:08:17.205+0000] {dagbag.py:538} INFO - Filling up the DagBag from /home/deprojectue/miniconda3/envs/airflow_demo/lib/python3.9/site-packages/airflow/example_dags/example_xcom.py
[2024-01-31T02:08:17.215+0000] {processor.py:840} INFO - DAG(s) 'example_xcom' retrieved from /home/deprojectue/miniconda3/envs/airflow_demo/lib/python3.9/site-packages/airflow/example_dags/example_xcom.py
[2024-01-31T02:08:17.236+0000] {logging_mixin.py:188} INFO - [2024-01-31T02:08:17.235+0000] {dag.py:3033} INFO - Sync 1 DAGs
[2024-01-31T02:08:17.258+0000] {logging_mixin.py:188} INFO - [2024-01-31T02:08:17.258+0000] {dag.py:3820} INFO - Setting next_dagrun for example_xcom to 2021-01-01T00:00:00+00:00, run_after=2021-01-01T00:00:00+00:00
[2024-01-31T02:08:17.284+0000] {processor.py:183} INFO - Processing /home/deprojectue/miniconda3/envs/airflow_demo/lib/python3.9/site-packages/airflow/example_dags/example_xcom.py took 0.085 seconds
[2024-01-31T02:08:54.119+0000] {processor.py:161} INFO - Started process (PID=210662) to work on /home/deprojectue/miniconda3/envs/airflow_demo/lib/python3.9/site-packages/airflow/example_dags/example_xcom.py
[2024-01-31T02:08:54.121+0000] {processor.py:830} INFO - Processing file /home/deprojectue/miniconda3/envs/airflow_demo/lib/python3.9/site-packages/airflow/example_dags/example_xcom.py for tasks to queue
[2024-01-31T02:08:54.122+0000] {logging_mixin.py:188} INFO - [2024-01-31T02:08:54.122+0000] {dagbag.py:538} INFO - Filling up the DagBag from /home/deprojectue/miniconda3/envs/airflow_demo/lib/python3.9/site-packages/airflow/example_dags/example_xcom.py
[2024-01-31T02:08:54.134+0000] {processor.py:840} INFO - DAG(s) 'example_xcom' retrieved from /home/deprojectue/miniconda3/envs/airflow_demo/lib/python3.9/site-packages/airflow/example_dags/example_xcom.py
[2024-01-31T02:08:54.162+0000] {logging_mixin.py:188} INFO - [2024-01-31T02:08:54.162+0000] {dag.py:3033} INFO - Sync 1 DAGs
[2024-01-31T02:08:54.185+0000] {logging_mixin.py:188} INFO - [2024-01-31T02:08:54.184+0000] {dag.py:3820} INFO - Setting next_dagrun for example_xcom to 2021-01-01T00:00:00+00:00, run_after=2021-01-01T00:00:00+00:00
[2024-01-31T02:08:54.210+0000] {processor.py:183} INFO - Processing /home/deprojectue/miniconda3/envs/airflow_demo/lib/python3.9/site-packages/airflow/example_dags/example_xcom.py took 0.095 seconds
[2024-01-31T02:09:47.579+0000] {processor.py:161} INFO - Started process (PID=210946) to work on /home/deprojectue/miniconda3/envs/airflow_demo/lib/python3.9/site-packages/airflow/example_dags/example_xcom.py
[2024-01-31T02:09:47.580+0000] {processor.py:830} INFO - Processing file /home/deprojectue/miniconda3/envs/airflow_demo/lib/python3.9/site-packages/airflow/example_dags/example_xcom.py for tasks to queue
[2024-01-31T02:09:47.582+0000] {logging_mixin.py:188} INFO - [2024-01-31T02:09:47.581+0000] {dagbag.py:538} INFO - Filling up the DagBag from /home/deprojectue/miniconda3/envs/airflow_demo/lib/python3.9/site-packages/airflow/example_dags/example_xcom.py
[2024-01-31T02:09:47.592+0000] {processor.py:840} INFO - DAG(s) 'example_xcom' retrieved from /home/deprojectue/miniconda3/envs/airflow_demo/lib/python3.9/site-packages/airflow/example_dags/example_xcom.py
[2024-01-31T02:09:47.613+0000] {logging_mixin.py:188} INFO - [2024-01-31T02:09:47.613+0000] {dag.py:3033} INFO - Sync 1 DAGs
[2024-01-31T02:09:47.635+0000] {logging_mixin.py:188} INFO - [2024-01-31T02:09:47.635+0000] {dag.py:3820} INFO - Setting next_dagrun for example_xcom to 2021-01-01T00:00:00+00:00, run_after=2021-01-01T00:00:00+00:00
[2024-01-31T02:09:47.661+0000] {processor.py:183} INFO - Processing /home/deprojectue/miniconda3/envs/airflow_demo/lib/python3.9/site-packages/airflow/example_dags/example_xcom.py took 0.089 seconds
[2024-01-31T02:12:37.526+0000] {processor.py:161} INFO - Started process (PID=211034) to work on /home/deprojectue/miniconda3/envs/airflow_demo/lib/python3.9/site-packages/airflow/example_dags/example_xcom.py
[2024-01-31T02:12:37.528+0000] {processor.py:830} INFO - Processing file /home/deprojectue/miniconda3/envs/airflow_demo/lib/python3.9/site-packages/airflow/example_dags/example_xcom.py for tasks to queue
[2024-01-31T02:12:37.532+0000] {logging_mixin.py:188} INFO - [2024-01-31T02:12:37.531+0000] {dagbag.py:538} INFO - Filling up the DagBag from /home/deprojectue/miniconda3/envs/airflow_demo/lib/python3.9/site-packages/airflow/example_dags/example_xcom.py
[2024-01-31T02:12:37.545+0000] {processor.py:840} INFO - DAG(s) 'example_xcom' retrieved from /home/deprojectue/miniconda3/envs/airflow_demo/lib/python3.9/site-packages/airflow/example_dags/example_xcom.py
[2024-01-31T02:12:37.569+0000] {logging_mixin.py:188} INFO - [2024-01-31T02:12:37.569+0000] {dag.py:3033} INFO - Sync 1 DAGs
[2024-01-31T02:12:37.591+0000] {logging_mixin.py:188} INFO - [2024-01-31T02:12:37.591+0000] {dag.py:3820} INFO - Setting next_dagrun for example_xcom to 2021-01-01T00:00:00+00:00, run_after=2021-01-01T00:00:00+00:00
[2024-01-31T02:12:37.616+0000] {processor.py:183} INFO - Processing /home/deprojectue/miniconda3/envs/airflow_demo/lib/python3.9/site-packages/airflow/example_dags/example_xcom.py took 0.094 seconds
[2024-01-31T02:13:27.262+0000] {processor.py:161} INFO - Started process (PID=211083) to work on /home/deprojectue/miniconda3/envs/airflow_demo/lib/python3.9/site-packages/airflow/example_dags/example_xcom.py
[2024-01-31T02:13:27.263+0000] {processor.py:830} INFO - Processing file /home/deprojectue/miniconda3/envs/airflow_demo/lib/python3.9/site-packages/airflow/example_dags/example_xcom.py for tasks to queue
[2024-01-31T02:13:27.267+0000] {logging_mixin.py:188} INFO - [2024-01-31T02:13:27.266+0000] {dagbag.py:538} INFO - Filling up the DagBag from /home/deprojectue/miniconda3/envs/airflow_demo/lib/python3.9/site-packages/airflow/example_dags/example_xcom.py
[2024-01-31T02:13:27.277+0000] {processor.py:840} INFO - DAG(s) 'example_xcom' retrieved from /home/deprojectue/miniconda3/envs/airflow_demo/lib/python3.9/site-packages/airflow/example_dags/example_xcom.py
[2024-01-31T02:13:27.297+0000] {logging_mixin.py:188} INFO - [2024-01-31T02:13:27.297+0000] {dag.py:3033} INFO - Sync 1 DAGs
[2024-01-31T02:13:27.319+0000] {logging_mixin.py:188} INFO - [2024-01-31T02:13:27.319+0000] {dag.py:3820} INFO - Setting next_dagrun for example_xcom to 2021-01-01T00:00:00+00:00, run_after=2021-01-01T00:00:00+00:00
[2024-01-31T02:13:27.345+0000] {processor.py:183} INFO - Processing /home/deprojectue/miniconda3/envs/airflow_demo/lib/python3.9/site-packages/airflow/example_dags/example_xcom.py took 0.088 seconds
[2024-01-31T02:14:05.833+0000] {processor.py:161} INFO - Started process (PID=211132) to work on /home/deprojectue/miniconda3/envs/airflow_demo/lib/python3.9/site-packages/airflow/example_dags/example_xcom.py
[2024-01-31T02:14:05.835+0000] {processor.py:830} INFO - Processing file /home/deprojectue/miniconda3/envs/airflow_demo/lib/python3.9/site-packages/airflow/example_dags/example_xcom.py for tasks to queue
[2024-01-31T02:14:05.838+0000] {logging_mixin.py:188} INFO - [2024-01-31T02:14:05.838+0000] {dagbag.py:538} INFO - Filling up the DagBag from /home/deprojectue/miniconda3/envs/airflow_demo/lib/python3.9/site-packages/airflow/example_dags/example_xcom.py
[2024-01-31T02:14:05.848+0000] {processor.py:840} INFO - DAG(s) 'example_xcom' retrieved from /home/deprojectue/miniconda3/envs/airflow_demo/lib/python3.9/site-packages/airflow/example_dags/example_xcom.py
[2024-01-31T02:14:05.869+0000] {logging_mixin.py:188} INFO - [2024-01-31T02:14:05.868+0000] {dag.py:3033} INFO - Sync 1 DAGs
[2024-01-31T02:14:05.890+0000] {logging_mixin.py:188} INFO - [2024-01-31T02:14:05.890+0000] {dag.py:3820} INFO - Setting next_dagrun for example_xcom to 2021-01-01T00:00:00+00:00, run_after=2021-01-01T00:00:00+00:00
[2024-01-31T02:14:05.916+0000] {processor.py:183} INFO - Processing /home/deprojectue/miniconda3/envs/airflow_demo/lib/python3.9/site-packages/airflow/example_dags/example_xcom.py took 0.087 seconds
[2024-01-31T02:21:35.482+0000] {processor.py:161} INFO - Started process (PID=211294) to work on /home/deprojectue/miniconda3/envs/airflow_demo/lib/python3.9/site-packages/airflow/example_dags/example_xcom.py
[2024-01-31T02:21:35.484+0000] {processor.py:830} INFO - Processing file /home/deprojectue/miniconda3/envs/airflow_demo/lib/python3.9/site-packages/airflow/example_dags/example_xcom.py for tasks to queue
[2024-01-31T02:21:35.487+0000] {logging_mixin.py:188} INFO - [2024-01-31T02:21:35.487+0000] {dagbag.py:538} INFO - Filling up the DagBag from /home/deprojectue/miniconda3/envs/airflow_demo/lib/python3.9/site-packages/airflow/example_dags/example_xcom.py
[2024-01-31T02:21:35.501+0000] {processor.py:840} INFO - DAG(s) 'example_xcom' retrieved from /home/deprojectue/miniconda3/envs/airflow_demo/lib/python3.9/site-packages/airflow/example_dags/example_xcom.py
[2024-01-31T02:21:35.527+0000] {logging_mixin.py:188} INFO - [2024-01-31T02:21:35.527+0000] {dag.py:3033} INFO - Sync 1 DAGs
[2024-01-31T02:21:35.550+0000] {logging_mixin.py:188} INFO - [2024-01-31T02:21:35.550+0000] {dag.py:3820} INFO - Setting next_dagrun for example_xcom to 2021-01-01T00:00:00+00:00, run_after=2021-01-01T00:00:00+00:00
[2024-01-31T02:21:35.575+0000] {processor.py:183} INFO - Processing /home/deprojectue/miniconda3/envs/airflow_demo/lib/python3.9/site-packages/airflow/example_dags/example_xcom.py took 0.097 seconds
[2024-01-31T02:22:26.203+0000] {processor.py:161} INFO - Started process (PID=211344) to work on /home/deprojectue/miniconda3/envs/airflow_demo/lib/python3.9/site-packages/airflow/example_dags/example_xcom.py
[2024-01-31T02:22:26.205+0000] {processor.py:830} INFO - Processing file /home/deprojectue/miniconda3/envs/airflow_demo/lib/python3.9/site-packages/airflow/example_dags/example_xcom.py for tasks to queue
[2024-01-31T02:22:26.208+0000] {logging_mixin.py:188} INFO - [2024-01-31T02:22:26.208+0000] {dagbag.py:538} INFO - Filling up the DagBag from /home/deprojectue/miniconda3/envs/airflow_demo/lib/python3.9/site-packages/airflow/example_dags/example_xcom.py
[2024-01-31T02:22:26.219+0000] {processor.py:840} INFO - DAG(s) 'example_xcom' retrieved from /home/deprojectue/miniconda3/envs/airflow_demo/lib/python3.9/site-packages/airflow/example_dags/example_xcom.py
[2024-01-31T02:22:26.239+0000] {logging_mixin.py:188} INFO - [2024-01-31T02:22:26.239+0000] {dag.py:3033} INFO - Sync 1 DAGs
[2024-01-31T02:22:26.262+0000] {logging_mixin.py:188} INFO - [2024-01-31T02:22:26.262+0000] {dag.py:3820} INFO - Setting next_dagrun for example_xcom to 2021-01-01T00:00:00+00:00, run_after=2021-01-01T00:00:00+00:00
[2024-01-31T02:22:26.290+0000] {processor.py:183} INFO - Processing /home/deprojectue/miniconda3/envs/airflow_demo/lib/python3.9/site-packages/airflow/example_dags/example_xcom.py took 0.091 seconds
[2024-01-31T08:24:07.830+0000] {processor.py:161} INFO - Started process (PID=214027) to work on /home/deprojectue/miniconda3/envs/airflow_demo/lib/python3.9/site-packages/airflow/example_dags/example_xcom.py
[2024-01-31T08:24:07.831+0000] {processor.py:830} INFO - Processing file /home/deprojectue/miniconda3/envs/airflow_demo/lib/python3.9/site-packages/airflow/example_dags/example_xcom.py for tasks to queue
[2024-01-31T08:24:07.835+0000] {logging_mixin.py:188} INFO - [2024-01-31T08:24:07.834+0000] {dagbag.py:538} INFO - Filling up the DagBag from /home/deprojectue/miniconda3/envs/airflow_demo/lib/python3.9/site-packages/airflow/example_dags/example_xcom.py
[2024-01-31T08:24:07.847+0000] {processor.py:840} INFO - DAG(s) 'example_xcom' retrieved from /home/deprojectue/miniconda3/envs/airflow_demo/lib/python3.9/site-packages/airflow/example_dags/example_xcom.py
[2024-01-31T08:24:07.872+0000] {logging_mixin.py:188} INFO - [2024-01-31T08:24:07.871+0000] {dag.py:3033} INFO - Sync 1 DAGs
[2024-01-31T08:24:07.894+0000] {logging_mixin.py:188} INFO - [2024-01-31T08:24:07.894+0000] {dag.py:3820} INFO - Setting next_dagrun for example_xcom to 2021-01-01T00:00:00+00:00, run_after=2021-01-01T00:00:00+00:00
[2024-01-31T08:24:07.918+0000] {processor.py:183} INFO - Processing /home/deprojectue/miniconda3/envs/airflow_demo/lib/python3.9/site-packages/airflow/example_dags/example_xcom.py took 0.093 seconds
[2024-01-31T08:25:03.964+0000] {processor.py:161} INFO - Started process (PID=214084) to work on /home/deprojectue/miniconda3/envs/airflow_demo/lib/python3.9/site-packages/airflow/example_dags/example_xcom.py
[2024-01-31T08:25:03.966+0000] {processor.py:830} INFO - Processing file /home/deprojectue/miniconda3/envs/airflow_demo/lib/python3.9/site-packages/airflow/example_dags/example_xcom.py for tasks to queue
[2024-01-31T08:25:03.970+0000] {logging_mixin.py:188} INFO - [2024-01-31T08:25:03.969+0000] {dagbag.py:538} INFO - Filling up the DagBag from /home/deprojectue/miniconda3/envs/airflow_demo/lib/python3.9/site-packages/airflow/example_dags/example_xcom.py
[2024-01-31T08:25:03.981+0000] {processor.py:840} INFO - DAG(s) 'example_xcom' retrieved from /home/deprojectue/miniconda3/envs/airflow_demo/lib/python3.9/site-packages/airflow/example_dags/example_xcom.py
[2024-01-31T08:25:04.003+0000] {logging_mixin.py:188} INFO - [2024-01-31T08:25:04.003+0000] {dag.py:3033} INFO - Sync 1 DAGs
[2024-01-31T08:25:04.026+0000] {logging_mixin.py:188} INFO - [2024-01-31T08:25:04.026+0000] {dag.py:3820} INFO - Setting next_dagrun for example_xcom to 2021-01-01T00:00:00+00:00, run_after=2021-01-01T00:00:00+00:00
[2024-01-31T08:25:04.053+0000] {processor.py:183} INFO - Processing /home/deprojectue/miniconda3/envs/airflow_demo/lib/python3.9/site-packages/airflow/example_dags/example_xcom.py took 0.093 seconds
[2024-01-31T08:25:50.177+0000] {processor.py:161} INFO - Started process (PID=214132) to work on /home/deprojectue/miniconda3/envs/airflow_demo/lib/python3.9/site-packages/airflow/example_dags/example_xcom.py
[2024-01-31T08:25:50.179+0000] {processor.py:830} INFO - Processing file /home/deprojectue/miniconda3/envs/airflow_demo/lib/python3.9/site-packages/airflow/example_dags/example_xcom.py for tasks to queue
[2024-01-31T08:25:50.183+0000] {logging_mixin.py:188} INFO - [2024-01-31T08:25:50.183+0000] {dagbag.py:538} INFO - Filling up the DagBag from /home/deprojectue/miniconda3/envs/airflow_demo/lib/python3.9/site-packages/airflow/example_dags/example_xcom.py
[2024-01-31T08:25:50.193+0000] {processor.py:840} INFO - DAG(s) 'example_xcom' retrieved from /home/deprojectue/miniconda3/envs/airflow_demo/lib/python3.9/site-packages/airflow/example_dags/example_xcom.py
[2024-01-31T08:25:50.214+0000] {logging_mixin.py:188} INFO - [2024-01-31T08:25:50.214+0000] {dag.py:3033} INFO - Sync 1 DAGs
[2024-01-31T08:25:50.238+0000] {logging_mixin.py:188} INFO - [2024-01-31T08:25:50.238+0000] {dag.py:3820} INFO - Setting next_dagrun for example_xcom to 2021-01-01T00:00:00+00:00, run_after=2021-01-01T00:00:00+00:00
[2024-01-31T08:25:50.263+0000] {processor.py:183} INFO - Processing /home/deprojectue/miniconda3/envs/airflow_demo/lib/python3.9/site-packages/airflow/example_dags/example_xcom.py took 0.090 seconds
[2024-01-31T08:29:53.718+0000] {processor.py:161} INFO - Started process (PID=214783) to work on /home/deprojectue/miniconda3/envs/airflow_demo/lib/python3.9/site-packages/airflow/example_dags/example_xcom.py
[2024-01-31T08:29:53.720+0000] {processor.py:830} INFO - Processing file /home/deprojectue/miniconda3/envs/airflow_demo/lib/python3.9/site-packages/airflow/example_dags/example_xcom.py for tasks to queue
[2024-01-31T08:29:53.722+0000] {logging_mixin.py:188} INFO - [2024-01-31T08:29:53.721+0000] {dagbag.py:538} INFO - Filling up the DagBag from /home/deprojectue/miniconda3/envs/airflow_demo/lib/python3.9/site-packages/airflow/example_dags/example_xcom.py
[2024-01-31T08:29:53.964+0000] {processor.py:840} INFO - DAG(s) 'example_xcom' retrieved from /home/deprojectue/miniconda3/envs/airflow_demo/lib/python3.9/site-packages/airflow/example_dags/example_xcom.py
[2024-01-31T08:29:54.228+0000] {logging_mixin.py:188} INFO - [2024-01-31T08:29:54.228+0000] {dag.py:3033} INFO - Sync 1 DAGs
[2024-01-31T08:29:54.988+0000] {logging_mixin.py:188} INFO - [2024-01-31T08:29:54.987+0000] {dag.py:3820} INFO - Setting next_dagrun for example_xcom to 2021-01-01T00:00:00+00:00, run_after=2021-01-01T00:00:00+00:00
[2024-01-31T08:29:55.261+0000] {processor.py:183} INFO - Processing /home/deprojectue/miniconda3/envs/airflow_demo/lib/python3.9/site-packages/airflow/example_dags/example_xcom.py took 1.745 seconds
[2024-01-31T08:42:19.736+0000] {processor.py:161} INFO - Started process (PID=215205) to work on /home/deprojectue/miniconda3/envs/airflow_demo/lib/python3.9/site-packages/airflow/example_dags/example_xcom.py
[2024-01-31T08:42:19.739+0000] {processor.py:830} INFO - Processing file /home/deprojectue/miniconda3/envs/airflow_demo/lib/python3.9/site-packages/airflow/example_dags/example_xcom.py for tasks to queue
[2024-01-31T08:42:19.743+0000] {logging_mixin.py:188} INFO - [2024-01-31T08:42:19.742+0000] {dagbag.py:538} INFO - Filling up the DagBag from /home/deprojectue/miniconda3/envs/airflow_demo/lib/python3.9/site-packages/airflow/example_dags/example_xcom.py
[2024-01-31T08:42:19.757+0000] {processor.py:840} INFO - DAG(s) 'example_xcom' retrieved from /home/deprojectue/miniconda3/envs/airflow_demo/lib/python3.9/site-packages/airflow/example_dags/example_xcom.py
[2024-01-31T08:42:19.782+0000] {logging_mixin.py:188} INFO - [2024-01-31T08:42:19.782+0000] {dag.py:3033} INFO - Sync 1 DAGs
[2024-01-31T08:42:19.806+0000] {logging_mixin.py:188} INFO - [2024-01-31T08:42:19.806+0000] {dag.py:3820} INFO - Setting next_dagrun for example_xcom to 2021-01-01T00:00:00+00:00, run_after=2021-01-01T00:00:00+00:00
[2024-01-31T08:42:19.832+0000] {processor.py:183} INFO - Processing /home/deprojectue/miniconda3/envs/airflow_demo/lib/python3.9/site-packages/airflow/example_dags/example_xcom.py took 0.100 seconds
[2024-01-31T08:51:48.554+0000] {processor.py:161} INFO - Started process (PID=215367) to work on /home/deprojectue/miniconda3/envs/airflow_demo/lib/python3.9/site-packages/airflow/example_dags/example_xcom.py
[2024-01-31T08:51:48.556+0000] {processor.py:830} INFO - Processing file /home/deprojectue/miniconda3/envs/airflow_demo/lib/python3.9/site-packages/airflow/example_dags/example_xcom.py for tasks to queue
[2024-01-31T08:51:48.560+0000] {logging_mixin.py:188} INFO - [2024-01-31T08:51:48.559+0000] {dagbag.py:538} INFO - Filling up the DagBag from /home/deprojectue/miniconda3/envs/airflow_demo/lib/python3.9/site-packages/airflow/example_dags/example_xcom.py
[2024-01-31T08:51:48.572+0000] {processor.py:840} INFO - DAG(s) 'example_xcom' retrieved from /home/deprojectue/miniconda3/envs/airflow_demo/lib/python3.9/site-packages/airflow/example_dags/example_xcom.py
[2024-01-31T08:51:48.600+0000] {logging_mixin.py:188} INFO - [2024-01-31T08:51:48.600+0000] {dag.py:3033} INFO - Sync 1 DAGs
[2024-01-31T08:51:48.620+0000] {logging_mixin.py:188} INFO - [2024-01-31T08:51:48.620+0000] {dag.py:3820} INFO - Setting next_dagrun for example_xcom to 2021-01-01T00:00:00+00:00, run_after=2021-01-01T00:00:00+00:00
[2024-01-31T08:51:48.647+0000] {processor.py:183} INFO - Processing /home/deprojectue/miniconda3/envs/airflow_demo/lib/python3.9/site-packages/airflow/example_dags/example_xcom.py took 0.097 seconds
[2024-01-31T08:52:37.180+0000] {processor.py:161} INFO - Started process (PID=215417) to work on /home/deprojectue/miniconda3/envs/airflow_demo/lib/python3.9/site-packages/airflow/example_dags/example_xcom.py
[2024-01-31T08:52:37.182+0000] {processor.py:830} INFO - Processing file /home/deprojectue/miniconda3/envs/airflow_demo/lib/python3.9/site-packages/airflow/example_dags/example_xcom.py for tasks to queue
[2024-01-31T08:52:37.186+0000] {logging_mixin.py:188} INFO - [2024-01-31T08:52:37.185+0000] {dagbag.py:538} INFO - Filling up the DagBag from /home/deprojectue/miniconda3/envs/airflow_demo/lib/python3.9/site-packages/airflow/example_dags/example_xcom.py
[2024-01-31T08:52:37.196+0000] {processor.py:840} INFO - DAG(s) 'example_xcom' retrieved from /home/deprojectue/miniconda3/envs/airflow_demo/lib/python3.9/site-packages/airflow/example_dags/example_xcom.py
[2024-01-31T08:52:37.217+0000] {logging_mixin.py:188} INFO - [2024-01-31T08:52:37.216+0000] {dag.py:3033} INFO - Sync 1 DAGs
[2024-01-31T08:52:37.236+0000] {logging_mixin.py:188} INFO - [2024-01-31T08:52:37.235+0000] {dag.py:3820} INFO - Setting next_dagrun for example_xcom to 2021-01-01T00:00:00+00:00, run_after=2021-01-01T00:00:00+00:00
[2024-01-31T08:52:37.260+0000] {processor.py:183} INFO - Processing /home/deprojectue/miniconda3/envs/airflow_demo/lib/python3.9/site-packages/airflow/example_dags/example_xcom.py took 0.084 seconds
[2024-01-31T08:53:16.585+0000] {processor.py:161} INFO - Started process (PID=215460) to work on /home/deprojectue/miniconda3/envs/airflow_demo/lib/python3.9/site-packages/airflow/example_dags/example_xcom.py
[2024-01-31T08:53:16.587+0000] {processor.py:830} INFO - Processing file /home/deprojectue/miniconda3/envs/airflow_demo/lib/python3.9/site-packages/airflow/example_dags/example_xcom.py for tasks to queue
[2024-01-31T08:53:16.592+0000] {logging_mixin.py:188} INFO - [2024-01-31T08:53:16.591+0000] {dagbag.py:538} INFO - Filling up the DagBag from /home/deprojectue/miniconda3/envs/airflow_demo/lib/python3.9/site-packages/airflow/example_dags/example_xcom.py
[2024-01-31T08:53:16.606+0000] {processor.py:840} INFO - DAG(s) 'example_xcom' retrieved from /home/deprojectue/miniconda3/envs/airflow_demo/lib/python3.9/site-packages/airflow/example_dags/example_xcom.py
[2024-01-31T08:53:16.628+0000] {logging_mixin.py:188} INFO - [2024-01-31T08:53:16.628+0000] {dag.py:3033} INFO - Sync 1 DAGs
[2024-01-31T08:53:16.648+0000] {logging_mixin.py:188} INFO - [2024-01-31T08:53:16.648+0000] {dag.py:3820} INFO - Setting next_dagrun for example_xcom to 2021-01-01T00:00:00+00:00, run_after=2021-01-01T00:00:00+00:00
[2024-01-31T08:53:16.672+0000] {processor.py:183} INFO - Processing /home/deprojectue/miniconda3/envs/airflow_demo/lib/python3.9/site-packages/airflow/example_dags/example_xcom.py took 0.093 seconds
[2024-01-31T08:53:58.667+0000] {processor.py:161} INFO - Started process (PID=215500) to work on /home/deprojectue/miniconda3/envs/airflow_demo/lib/python3.9/site-packages/airflow/example_dags/example_xcom.py
[2024-01-31T08:53:58.669+0000] {processor.py:830} INFO - Processing file /home/deprojectue/miniconda3/envs/airflow_demo/lib/python3.9/site-packages/airflow/example_dags/example_xcom.py for tasks to queue
[2024-01-31T08:53:58.672+0000] {logging_mixin.py:188} INFO - [2024-01-31T08:53:58.672+0000] {dagbag.py:538} INFO - Filling up the DagBag from /home/deprojectue/miniconda3/envs/airflow_demo/lib/python3.9/site-packages/airflow/example_dags/example_xcom.py
[2024-01-31T08:53:58.683+0000] {processor.py:840} INFO - DAG(s) 'example_xcom' retrieved from /home/deprojectue/miniconda3/envs/airflow_demo/lib/python3.9/site-packages/airflow/example_dags/example_xcom.py
[2024-01-31T08:53:58.704+0000] {logging_mixin.py:188} INFO - [2024-01-31T08:53:58.704+0000] {dag.py:3033} INFO - Sync 1 DAGs
[2024-01-31T08:53:58.724+0000] {logging_mixin.py:188} INFO - [2024-01-31T08:53:58.724+0000] {dag.py:3820} INFO - Setting next_dagrun for example_xcom to 2021-01-01T00:00:00+00:00, run_after=2021-01-01T00:00:00+00:00
[2024-01-31T08:53:58.750+0000] {processor.py:183} INFO - Processing /home/deprojectue/miniconda3/envs/airflow_demo/lib/python3.9/site-packages/airflow/example_dags/example_xcom.py took 0.087 seconds
[2024-01-31T08:54:40.157+0000] {processor.py:161} INFO - Started process (PID=215544) to work on /home/deprojectue/miniconda3/envs/airflow_demo/lib/python3.9/site-packages/airflow/example_dags/example_xcom.py
[2024-01-31T08:54:40.159+0000] {processor.py:830} INFO - Processing file /home/deprojectue/miniconda3/envs/airflow_demo/lib/python3.9/site-packages/airflow/example_dags/example_xcom.py for tasks to queue
[2024-01-31T08:54:40.162+0000] {logging_mixin.py:188} INFO - [2024-01-31T08:54:40.162+0000] {dagbag.py:538} INFO - Filling up the DagBag from /home/deprojectue/miniconda3/envs/airflow_demo/lib/python3.9/site-packages/airflow/example_dags/example_xcom.py
[2024-01-31T08:54:40.173+0000] {processor.py:840} INFO - DAG(s) 'example_xcom' retrieved from /home/deprojectue/miniconda3/envs/airflow_demo/lib/python3.9/site-packages/airflow/example_dags/example_xcom.py
[2024-01-31T08:54:40.195+0000] {logging_mixin.py:188} INFO - [2024-01-31T08:54:40.195+0000] {dag.py:3033} INFO - Sync 1 DAGs
[2024-01-31T08:54:40.216+0000] {logging_mixin.py:188} INFO - [2024-01-31T08:54:40.216+0000] {dag.py:3820} INFO - Setting next_dagrun for example_xcom to 2021-01-01T00:00:00+00:00, run_after=2021-01-01T00:00:00+00:00
[2024-01-31T08:54:40.243+0000] {processor.py:183} INFO - Processing /home/deprojectue/miniconda3/envs/airflow_demo/lib/python3.9/site-packages/airflow/example_dags/example_xcom.py took 0.090 seconds
[2024-01-31T08:55:22.064+0000] {processor.py:161} INFO - Started process (PID=215587) to work on /home/deprojectue/miniconda3/envs/airflow_demo/lib/python3.9/site-packages/airflow/example_dags/example_xcom.py
[2024-01-31T08:55:22.066+0000] {processor.py:830} INFO - Processing file /home/deprojectue/miniconda3/envs/airflow_demo/lib/python3.9/site-packages/airflow/example_dags/example_xcom.py for tasks to queue
[2024-01-31T08:55:22.069+0000] {logging_mixin.py:188} INFO - [2024-01-31T08:55:22.069+0000] {dagbag.py:538} INFO - Filling up the DagBag from /home/deprojectue/miniconda3/envs/airflow_demo/lib/python3.9/site-packages/airflow/example_dags/example_xcom.py
[2024-01-31T08:55:22.081+0000] {processor.py:840} INFO - DAG(s) 'example_xcom' retrieved from /home/deprojectue/miniconda3/envs/airflow_demo/lib/python3.9/site-packages/airflow/example_dags/example_xcom.py
[2024-01-31T08:55:22.102+0000] {logging_mixin.py:188} INFO - [2024-01-31T08:55:22.101+0000] {dag.py:3033} INFO - Sync 1 DAGs
[2024-01-31T08:55:22.121+0000] {logging_mixin.py:188} INFO - [2024-01-31T08:55:22.120+0000] {dag.py:3820} INFO - Setting next_dagrun for example_xcom to 2021-01-01T00:00:00+00:00, run_after=2021-01-01T00:00:00+00:00
[2024-01-31T08:55:22.145+0000] {processor.py:183} INFO - Processing /home/deprojectue/miniconda3/envs/airflow_demo/lib/python3.9/site-packages/airflow/example_dags/example_xcom.py took 0.085 seconds
[2024-01-31T08:56:00.331+0000] {processor.py:161} INFO - Started process (PID=215629) to work on /home/deprojectue/miniconda3/envs/airflow_demo/lib/python3.9/site-packages/airflow/example_dags/example_xcom.py
[2024-01-31T08:56:00.333+0000] {processor.py:830} INFO - Processing file /home/deprojectue/miniconda3/envs/airflow_demo/lib/python3.9/site-packages/airflow/example_dags/example_xcom.py for tasks to queue
[2024-01-31T08:56:00.337+0000] {logging_mixin.py:188} INFO - [2024-01-31T08:56:00.336+0000] {dagbag.py:538} INFO - Filling up the DagBag from /home/deprojectue/miniconda3/envs/airflow_demo/lib/python3.9/site-packages/airflow/example_dags/example_xcom.py
[2024-01-31T08:56:00.347+0000] {processor.py:840} INFO - DAG(s) 'example_xcom' retrieved from /home/deprojectue/miniconda3/envs/airflow_demo/lib/python3.9/site-packages/airflow/example_dags/example_xcom.py
[2024-01-31T08:56:00.368+0000] {logging_mixin.py:188} INFO - [2024-01-31T08:56:00.367+0000] {dag.py:3033} INFO - Sync 1 DAGs
[2024-01-31T08:56:00.388+0000] {logging_mixin.py:188} INFO - [2024-01-31T08:56:00.388+0000] {dag.py:3820} INFO - Setting next_dagrun for example_xcom to 2021-01-01T00:00:00+00:00, run_after=2021-01-01T00:00:00+00:00
[2024-01-31T08:56:00.413+0000] {processor.py:183} INFO - Processing /home/deprojectue/miniconda3/envs/airflow_demo/lib/python3.9/site-packages/airflow/example_dags/example_xcom.py took 0.087 seconds
[2024-01-31T08:56:49.815+0000] {processor.py:161} INFO - Started process (PID=215698) to work on /home/deprojectue/miniconda3/envs/airflow_demo/lib/python3.9/site-packages/airflow/example_dags/example_xcom.py
[2024-01-31T08:56:49.817+0000] {processor.py:830} INFO - Processing file /home/deprojectue/miniconda3/envs/airflow_demo/lib/python3.9/site-packages/airflow/example_dags/example_xcom.py for tasks to queue
[2024-01-31T08:56:49.820+0000] {logging_mixin.py:188} INFO - [2024-01-31T08:56:49.820+0000] {dagbag.py:538} INFO - Filling up the DagBag from /home/deprojectue/miniconda3/envs/airflow_demo/lib/python3.9/site-packages/airflow/example_dags/example_xcom.py
[2024-01-31T08:56:49.832+0000] {processor.py:840} INFO - DAG(s) 'example_xcom' retrieved from /home/deprojectue/miniconda3/envs/airflow_demo/lib/python3.9/site-packages/airflow/example_dags/example_xcom.py
[2024-01-31T08:56:49.854+0000] {logging_mixin.py:188} INFO - [2024-01-31T08:56:49.853+0000] {dag.py:3033} INFO - Sync 1 DAGs
[2024-01-31T08:56:49.873+0000] {logging_mixin.py:188} INFO - [2024-01-31T08:56:49.873+0000] {dag.py:3820} INFO - Setting next_dagrun for example_xcom to 2021-01-01T00:00:00+00:00, run_after=2021-01-01T00:00:00+00:00
[2024-01-31T08:56:49.898+0000] {processor.py:183} INFO - Processing /home/deprojectue/miniconda3/envs/airflow_demo/lib/python3.9/site-packages/airflow/example_dags/example_xcom.py took 0.088 seconds
[2024-01-31T08:57:28.282+0000] {processor.py:161} INFO - Started process (PID=215737) to work on /home/deprojectue/miniconda3/envs/airflow_demo/lib/python3.9/site-packages/airflow/example_dags/example_xcom.py
[2024-01-31T08:57:28.283+0000] {processor.py:830} INFO - Processing file /home/deprojectue/miniconda3/envs/airflow_demo/lib/python3.9/site-packages/airflow/example_dags/example_xcom.py for tasks to queue
[2024-01-31T08:57:28.287+0000] {logging_mixin.py:188} INFO - [2024-01-31T08:57:28.286+0000] {dagbag.py:538} INFO - Filling up the DagBag from /home/deprojectue/miniconda3/envs/airflow_demo/lib/python3.9/site-packages/airflow/example_dags/example_xcom.py
[2024-01-31T08:57:28.299+0000] {processor.py:840} INFO - DAG(s) 'example_xcom' retrieved from /home/deprojectue/miniconda3/envs/airflow_demo/lib/python3.9/site-packages/airflow/example_dags/example_xcom.py
[2024-01-31T08:57:28.320+0000] {logging_mixin.py:188} INFO - [2024-01-31T08:57:28.319+0000] {dag.py:3033} INFO - Sync 1 DAGs
[2024-01-31T08:57:28.339+0000] {logging_mixin.py:188} INFO - [2024-01-31T08:57:28.339+0000] {dag.py:3820} INFO - Setting next_dagrun for example_xcom to 2021-01-01T00:00:00+00:00, run_after=2021-01-01T00:00:00+00:00
[2024-01-31T08:57:28.365+0000] {processor.py:183} INFO - Processing /home/deprojectue/miniconda3/envs/airflow_demo/lib/python3.9/site-packages/airflow/example_dags/example_xcom.py took 0.088 seconds
[2024-01-31T08:58:05.809+0000] {processor.py:161} INFO - Started process (PID=215775) to work on /home/deprojectue/miniconda3/envs/airflow_demo/lib/python3.9/site-packages/airflow/example_dags/example_xcom.py
[2024-01-31T08:58:05.811+0000] {processor.py:830} INFO - Processing file /home/deprojectue/miniconda3/envs/airflow_demo/lib/python3.9/site-packages/airflow/example_dags/example_xcom.py for tasks to queue
[2024-01-31T08:58:05.815+0000] {logging_mixin.py:188} INFO - [2024-01-31T08:58:05.814+0000] {dagbag.py:538} INFO - Filling up the DagBag from /home/deprojectue/miniconda3/envs/airflow_demo/lib/python3.9/site-packages/airflow/example_dags/example_xcom.py
[2024-01-31T08:58:05.826+0000] {processor.py:840} INFO - DAG(s) 'example_xcom' retrieved from /home/deprojectue/miniconda3/envs/airflow_demo/lib/python3.9/site-packages/airflow/example_dags/example_xcom.py
[2024-01-31T08:58:05.847+0000] {logging_mixin.py:188} INFO - [2024-01-31T08:58:05.847+0000] {dag.py:3033} INFO - Sync 1 DAGs
[2024-01-31T08:58:05.868+0000] {logging_mixin.py:188} INFO - [2024-01-31T08:58:05.868+0000] {dag.py:3820} INFO - Setting next_dagrun for example_xcom to 2021-01-01T00:00:00+00:00, run_after=2021-01-01T00:00:00+00:00
[2024-01-31T08:58:05.893+0000] {processor.py:183} INFO - Processing /home/deprojectue/miniconda3/envs/airflow_demo/lib/python3.9/site-packages/airflow/example_dags/example_xcom.py took 0.088 seconds
[2024-01-31T08:58:44.407+0000] {processor.py:161} INFO - Started process (PID=215835) to work on /home/deprojectue/miniconda3/envs/airflow_demo/lib/python3.9/site-packages/airflow/example_dags/example_xcom.py
[2024-01-31T08:58:44.410+0000] {processor.py:830} INFO - Processing file /home/deprojectue/miniconda3/envs/airflow_demo/lib/python3.9/site-packages/airflow/example_dags/example_xcom.py for tasks to queue
[2024-01-31T08:58:44.414+0000] {logging_mixin.py:188} INFO - [2024-01-31T08:58:44.413+0000] {dagbag.py:538} INFO - Filling up the DagBag from /home/deprojectue/miniconda3/envs/airflow_demo/lib/python3.9/site-packages/airflow/example_dags/example_xcom.py
[2024-01-31T08:58:44.425+0000] {processor.py:840} INFO - DAG(s) 'example_xcom' retrieved from /home/deprojectue/miniconda3/envs/airflow_demo/lib/python3.9/site-packages/airflow/example_dags/example_xcom.py
[2024-01-31T08:58:44.445+0000] {logging_mixin.py:188} INFO - [2024-01-31T08:58:44.445+0000] {dag.py:3033} INFO - Sync 1 DAGs
[2024-01-31T08:58:44.464+0000] {logging_mixin.py:188} INFO - [2024-01-31T08:58:44.464+0000] {dag.py:3820} INFO - Setting next_dagrun for example_xcom to 2021-01-01T00:00:00+00:00, run_after=2021-01-01T00:00:00+00:00
[2024-01-31T08:58:44.491+0000] {processor.py:183} INFO - Processing /home/deprojectue/miniconda3/envs/airflow_demo/lib/python3.9/site-packages/airflow/example_dags/example_xcom.py took 0.088 seconds
[2024-01-31T08:59:27.257+0000] {processor.py:161} INFO - Started process (PID=215879) to work on /home/deprojectue/miniconda3/envs/airflow_demo/lib/python3.9/site-packages/airflow/example_dags/example_xcom.py
[2024-01-31T08:59:27.260+0000] {processor.py:830} INFO - Processing file /home/deprojectue/miniconda3/envs/airflow_demo/lib/python3.9/site-packages/airflow/example_dags/example_xcom.py for tasks to queue
[2024-01-31T08:59:27.263+0000] {logging_mixin.py:188} INFO - [2024-01-31T08:59:27.263+0000] {dagbag.py:538} INFO - Filling up the DagBag from /home/deprojectue/miniconda3/envs/airflow_demo/lib/python3.9/site-packages/airflow/example_dags/example_xcom.py
[2024-01-31T08:59:27.276+0000] {processor.py:840} INFO - DAG(s) 'example_xcom' retrieved from /home/deprojectue/miniconda3/envs/airflow_demo/lib/python3.9/site-packages/airflow/example_dags/example_xcom.py
[2024-01-31T08:59:27.298+0000] {logging_mixin.py:188} INFO - [2024-01-31T08:59:27.297+0000] {dag.py:3033} INFO - Sync 1 DAGs
[2024-01-31T08:59:27.318+0000] {logging_mixin.py:188} INFO - [2024-01-31T08:59:27.318+0000] {dag.py:3820} INFO - Setting next_dagrun for example_xcom to 2021-01-01T00:00:00+00:00, run_after=2021-01-01T00:00:00+00:00
[2024-01-31T08:59:27.347+0000] {processor.py:183} INFO - Processing /home/deprojectue/miniconda3/envs/airflow_demo/lib/python3.9/site-packages/airflow/example_dags/example_xcom.py took 0.095 seconds
[2024-01-31T09:00:06.391+0000] {processor.py:161} INFO - Started process (PID=215919) to work on /home/deprojectue/miniconda3/envs/airflow_demo/lib/python3.9/site-packages/airflow/example_dags/example_xcom.py
[2024-01-31T09:00:06.393+0000] {processor.py:830} INFO - Processing file /home/deprojectue/miniconda3/envs/airflow_demo/lib/python3.9/site-packages/airflow/example_dags/example_xcom.py for tasks to queue
[2024-01-31T09:00:06.396+0000] {logging_mixin.py:188} INFO - [2024-01-31T09:00:06.395+0000] {dagbag.py:538} INFO - Filling up the DagBag from /home/deprojectue/miniconda3/envs/airflow_demo/lib/python3.9/site-packages/airflow/example_dags/example_xcom.py
[2024-01-31T09:00:06.407+0000] {processor.py:840} INFO - DAG(s) 'example_xcom' retrieved from /home/deprojectue/miniconda3/envs/airflow_demo/lib/python3.9/site-packages/airflow/example_dags/example_xcom.py
[2024-01-31T09:00:06.427+0000] {logging_mixin.py:188} INFO - [2024-01-31T09:00:06.427+0000] {dag.py:3033} INFO - Sync 1 DAGs
[2024-01-31T09:00:06.447+0000] {logging_mixin.py:188} INFO - [2024-01-31T09:00:06.446+0000] {dag.py:3820} INFO - Setting next_dagrun for example_xcom to 2021-01-01T00:00:00+00:00, run_after=2021-01-01T00:00:00+00:00
[2024-01-31T09:00:06.470+0000] {processor.py:183} INFO - Processing /home/deprojectue/miniconda3/envs/airflow_demo/lib/python3.9/site-packages/airflow/example_dags/example_xcom.py took 0.083 seconds
[2024-01-31T09:00:42.047+0000] {processor.py:161} INFO - Started process (PID=215958) to work on /home/deprojectue/miniconda3/envs/airflow_demo/lib/python3.9/site-packages/airflow/example_dags/example_xcom.py
[2024-01-31T09:00:42.049+0000] {processor.py:830} INFO - Processing file /home/deprojectue/miniconda3/envs/airflow_demo/lib/python3.9/site-packages/airflow/example_dags/example_xcom.py for tasks to queue
[2024-01-31T09:00:42.053+0000] {logging_mixin.py:188} INFO - [2024-01-31T09:00:42.053+0000] {dagbag.py:538} INFO - Filling up the DagBag from /home/deprojectue/miniconda3/envs/airflow_demo/lib/python3.9/site-packages/airflow/example_dags/example_xcom.py
[2024-01-31T09:00:42.064+0000] {processor.py:840} INFO - DAG(s) 'example_xcom' retrieved from /home/deprojectue/miniconda3/envs/airflow_demo/lib/python3.9/site-packages/airflow/example_dags/example_xcom.py
[2024-01-31T09:00:42.085+0000] {logging_mixin.py:188} INFO - [2024-01-31T09:00:42.085+0000] {dag.py:3033} INFO - Sync 1 DAGs
[2024-01-31T09:00:42.104+0000] {logging_mixin.py:188} INFO - [2024-01-31T09:00:42.104+0000] {dag.py:3820} INFO - Setting next_dagrun for example_xcom to 2021-01-01T00:00:00+00:00, run_after=2021-01-01T00:00:00+00:00
[2024-01-31T09:00:42.128+0000] {processor.py:183} INFO - Processing /home/deprojectue/miniconda3/envs/airflow_demo/lib/python3.9/site-packages/airflow/example_dags/example_xcom.py took 0.085 seconds
[2024-01-31T09:01:20.561+0000] {processor.py:161} INFO - Started process (PID=215998) to work on /home/deprojectue/miniconda3/envs/airflow_demo/lib/python3.9/site-packages/airflow/example_dags/example_xcom.py
[2024-01-31T09:01:20.563+0000] {processor.py:830} INFO - Processing file /home/deprojectue/miniconda3/envs/airflow_demo/lib/python3.9/site-packages/airflow/example_dags/example_xcom.py for tasks to queue
[2024-01-31T09:01:20.566+0000] {logging_mixin.py:188} INFO - [2024-01-31T09:01:20.566+0000] {dagbag.py:538} INFO - Filling up the DagBag from /home/deprojectue/miniconda3/envs/airflow_demo/lib/python3.9/site-packages/airflow/example_dags/example_xcom.py
[2024-01-31T09:01:20.578+0000] {processor.py:840} INFO - DAG(s) 'example_xcom' retrieved from /home/deprojectue/miniconda3/envs/airflow_demo/lib/python3.9/site-packages/airflow/example_dags/example_xcom.py
[2024-01-31T09:01:20.598+0000] {logging_mixin.py:188} INFO - [2024-01-31T09:01:20.598+0000] {dag.py:3033} INFO - Sync 1 DAGs
[2024-01-31T09:01:20.618+0000] {logging_mixin.py:188} INFO - [2024-01-31T09:01:20.617+0000] {dag.py:3820} INFO - Setting next_dagrun for example_xcom to 2021-01-01T00:00:00+00:00, run_after=2021-01-01T00:00:00+00:00
[2024-01-31T09:01:20.643+0000] {processor.py:183} INFO - Processing /home/deprojectue/miniconda3/envs/airflow_demo/lib/python3.9/site-packages/airflow/example_dags/example_xcom.py took 0.086 seconds
[2024-01-31T09:01:58.257+0000] {processor.py:161} INFO - Started process (PID=216038) to work on /home/deprojectue/miniconda3/envs/airflow_demo/lib/python3.9/site-packages/airflow/example_dags/example_xcom.py
[2024-01-31T09:01:58.258+0000] {processor.py:830} INFO - Processing file /home/deprojectue/miniconda3/envs/airflow_demo/lib/python3.9/site-packages/airflow/example_dags/example_xcom.py for tasks to queue
[2024-01-31T09:01:58.262+0000] {logging_mixin.py:188} INFO - [2024-01-31T09:01:58.261+0000] {dagbag.py:538} INFO - Filling up the DagBag from /home/deprojectue/miniconda3/envs/airflow_demo/lib/python3.9/site-packages/airflow/example_dags/example_xcom.py
[2024-01-31T09:01:58.274+0000] {processor.py:840} INFO - DAG(s) 'example_xcom' retrieved from /home/deprojectue/miniconda3/envs/airflow_demo/lib/python3.9/site-packages/airflow/example_dags/example_xcom.py
[2024-01-31T09:01:58.294+0000] {logging_mixin.py:188} INFO - [2024-01-31T09:01:58.294+0000] {dag.py:3033} INFO - Sync 1 DAGs
[2024-01-31T09:01:58.313+0000] {logging_mixin.py:188} INFO - [2024-01-31T09:01:58.313+0000] {dag.py:3820} INFO - Setting next_dagrun for example_xcom to 2021-01-01T00:00:00+00:00, run_after=2021-01-01T00:00:00+00:00
[2024-01-31T09:01:58.337+0000] {processor.py:183} INFO - Processing /home/deprojectue/miniconda3/envs/airflow_demo/lib/python3.9/site-packages/airflow/example_dags/example_xcom.py took 0.084 seconds
[2024-01-31T09:02:34.194+0000] {processor.py:161} INFO - Started process (PID=216078) to work on /home/deprojectue/miniconda3/envs/airflow_demo/lib/python3.9/site-packages/airflow/example_dags/example_xcom.py
[2024-01-31T09:02:34.196+0000] {processor.py:830} INFO - Processing file /home/deprojectue/miniconda3/envs/airflow_demo/lib/python3.9/site-packages/airflow/example_dags/example_xcom.py for tasks to queue
[2024-01-31T09:02:34.201+0000] {logging_mixin.py:188} INFO - [2024-01-31T09:02:34.200+0000] {dagbag.py:538} INFO - Filling up the DagBag from /home/deprojectue/miniconda3/envs/airflow_demo/lib/python3.9/site-packages/airflow/example_dags/example_xcom.py
[2024-01-31T09:02:34.212+0000] {processor.py:840} INFO - DAG(s) 'example_xcom' retrieved from /home/deprojectue/miniconda3/envs/airflow_demo/lib/python3.9/site-packages/airflow/example_dags/example_xcom.py
[2024-01-31T09:02:34.233+0000] {logging_mixin.py:188} INFO - [2024-01-31T09:02:34.233+0000] {dag.py:3033} INFO - Sync 1 DAGs
[2024-01-31T09:02:34.254+0000] {logging_mixin.py:188} INFO - [2024-01-31T09:02:34.253+0000] {dag.py:3820} INFO - Setting next_dagrun for example_xcom to 2021-01-01T00:00:00+00:00, run_after=2021-01-01T00:00:00+00:00
[2024-01-31T09:02:34.280+0000] {processor.py:183} INFO - Processing /home/deprojectue/miniconda3/envs/airflow_demo/lib/python3.9/site-packages/airflow/example_dags/example_xcom.py took 0.091 seconds
[2024-01-31T09:03:11.883+0000] {processor.py:161} INFO - Started process (PID=216116) to work on /home/deprojectue/miniconda3/envs/airflow_demo/lib/python3.9/site-packages/airflow/example_dags/example_xcom.py
[2024-01-31T09:03:11.885+0000] {processor.py:830} INFO - Processing file /home/deprojectue/miniconda3/envs/airflow_demo/lib/python3.9/site-packages/airflow/example_dags/example_xcom.py for tasks to queue
[2024-01-31T09:03:11.889+0000] {logging_mixin.py:188} INFO - [2024-01-31T09:03:11.888+0000] {dagbag.py:538} INFO - Filling up the DagBag from /home/deprojectue/miniconda3/envs/airflow_demo/lib/python3.9/site-packages/airflow/example_dags/example_xcom.py
[2024-01-31T09:03:11.901+0000] {processor.py:840} INFO - DAG(s) 'example_xcom' retrieved from /home/deprojectue/miniconda3/envs/airflow_demo/lib/python3.9/site-packages/airflow/example_dags/example_xcom.py
[2024-01-31T09:03:11.922+0000] {logging_mixin.py:188} INFO - [2024-01-31T09:03:11.921+0000] {dag.py:3033} INFO - Sync 1 DAGs
[2024-01-31T09:03:11.942+0000] {logging_mixin.py:188} INFO - [2024-01-31T09:03:11.942+0000] {dag.py:3820} INFO - Setting next_dagrun for example_xcom to 2021-01-01T00:00:00+00:00, run_after=2021-01-01T00:00:00+00:00
[2024-01-31T09:03:11.966+0000] {processor.py:183} INFO - Processing /home/deprojectue/miniconda3/envs/airflow_demo/lib/python3.9/site-packages/airflow/example_dags/example_xcom.py took 0.088 seconds
[2024-01-31T09:03:48.620+0000] {processor.py:161} INFO - Started process (PID=216154) to work on /home/deprojectue/miniconda3/envs/airflow_demo/lib/python3.9/site-packages/airflow/example_dags/example_xcom.py
[2024-01-31T09:03:48.622+0000] {processor.py:830} INFO - Processing file /home/deprojectue/miniconda3/envs/airflow_demo/lib/python3.9/site-packages/airflow/example_dags/example_xcom.py for tasks to queue
[2024-01-31T09:03:48.626+0000] {logging_mixin.py:188} INFO - [2024-01-31T09:03:48.625+0000] {dagbag.py:538} INFO - Filling up the DagBag from /home/deprojectue/miniconda3/envs/airflow_demo/lib/python3.9/site-packages/airflow/example_dags/example_xcom.py
[2024-01-31T09:03:48.638+0000] {processor.py:840} INFO - DAG(s) 'example_xcom' retrieved from /home/deprojectue/miniconda3/envs/airflow_demo/lib/python3.9/site-packages/airflow/example_dags/example_xcom.py
[2024-01-31T09:03:48.659+0000] {logging_mixin.py:188} INFO - [2024-01-31T09:03:48.659+0000] {dag.py:3033} INFO - Sync 1 DAGs
[2024-01-31T09:03:48.679+0000] {logging_mixin.py:188} INFO - [2024-01-31T09:03:48.679+0000] {dag.py:3820} INFO - Setting next_dagrun for example_xcom to 2021-01-01T00:00:00+00:00, run_after=2021-01-01T00:00:00+00:00
[2024-01-31T09:03:48.707+0000] {processor.py:183} INFO - Processing /home/deprojectue/miniconda3/envs/airflow_demo/lib/python3.9/site-packages/airflow/example_dags/example_xcom.py took 0.091 seconds
[2024-01-31T09:04:24.308+0000] {processor.py:161} INFO - Started process (PID=216191) to work on /home/deprojectue/miniconda3/envs/airflow_demo/lib/python3.9/site-packages/airflow/example_dags/example_xcom.py
[2024-01-31T09:04:24.310+0000] {processor.py:830} INFO - Processing file /home/deprojectue/miniconda3/envs/airflow_demo/lib/python3.9/site-packages/airflow/example_dags/example_xcom.py for tasks to queue
[2024-01-31T09:04:24.314+0000] {logging_mixin.py:188} INFO - [2024-01-31T09:04:24.314+0000] {dagbag.py:538} INFO - Filling up the DagBag from /home/deprojectue/miniconda3/envs/airflow_demo/lib/python3.9/site-packages/airflow/example_dags/example_xcom.py
[2024-01-31T09:04:24.326+0000] {processor.py:840} INFO - DAG(s) 'example_xcom' retrieved from /home/deprojectue/miniconda3/envs/airflow_demo/lib/python3.9/site-packages/airflow/example_dags/example_xcom.py
[2024-01-31T09:04:24.347+0000] {logging_mixin.py:188} INFO - [2024-01-31T09:04:24.346+0000] {dag.py:3033} INFO - Sync 1 DAGs
[2024-01-31T09:04:24.366+0000] {logging_mixin.py:188} INFO - [2024-01-31T09:04:24.366+0000] {dag.py:3820} INFO - Setting next_dagrun for example_xcom to 2021-01-01T00:00:00+00:00, run_after=2021-01-01T00:00:00+00:00
[2024-01-31T09:04:24.390+0000] {processor.py:183} INFO - Processing /home/deprojectue/miniconda3/envs/airflow_demo/lib/python3.9/site-packages/airflow/example_dags/example_xcom.py took 0.087 seconds
[2024-01-31T09:05:01.214+0000] {processor.py:161} INFO - Started process (PID=216231) to work on /home/deprojectue/miniconda3/envs/airflow_demo/lib/python3.9/site-packages/airflow/example_dags/example_xcom.py
[2024-01-31T09:05:01.216+0000] {processor.py:830} INFO - Processing file /home/deprojectue/miniconda3/envs/airflow_demo/lib/python3.9/site-packages/airflow/example_dags/example_xcom.py for tasks to queue
[2024-01-31T09:05:01.220+0000] {logging_mixin.py:188} INFO - [2024-01-31T09:05:01.219+0000] {dagbag.py:538} INFO - Filling up the DagBag from /home/deprojectue/miniconda3/envs/airflow_demo/lib/python3.9/site-packages/airflow/example_dags/example_xcom.py
[2024-01-31T09:05:01.232+0000] {processor.py:840} INFO - DAG(s) 'example_xcom' retrieved from /home/deprojectue/miniconda3/envs/airflow_demo/lib/python3.9/site-packages/airflow/example_dags/example_xcom.py
[2024-01-31T09:05:01.257+0000] {logging_mixin.py:188} INFO - [2024-01-31T09:05:01.257+0000] {dag.py:3033} INFO - Sync 1 DAGs
[2024-01-31T09:05:01.277+0000] {logging_mixin.py:188} INFO - [2024-01-31T09:05:01.277+0000] {dag.py:3820} INFO - Setting next_dagrun for example_xcom to 2021-01-01T00:00:00+00:00, run_after=2021-01-01T00:00:00+00:00
[2024-01-31T09:05:01.302+0000] {processor.py:183} INFO - Processing /home/deprojectue/miniconda3/envs/airflow_demo/lib/python3.9/site-packages/airflow/example_dags/example_xcom.py took 0.092 seconds
[2024-01-31T09:08:15.110+0000] {processor.py:161} INFO - Started process (PID=216368) to work on /home/deprojectue/miniconda3/envs/airflow_demo/lib/python3.9/site-packages/airflow/example_dags/example_xcom.py
[2024-01-31T09:08:15.121+0000] {processor.py:830} INFO - Processing file /home/deprojectue/miniconda3/envs/airflow_demo/lib/python3.9/site-packages/airflow/example_dags/example_xcom.py for tasks to queue
[2024-01-31T09:08:15.125+0000] {logging_mixin.py:188} INFO - [2024-01-31T09:08:15.124+0000] {dagbag.py:538} INFO - Filling up the DagBag from /home/deprojectue/miniconda3/envs/airflow_demo/lib/python3.9/site-packages/airflow/example_dags/example_xcom.py
[2024-01-31T09:08:15.140+0000] {processor.py:840} INFO - DAG(s) 'example_xcom' retrieved from /home/deprojectue/miniconda3/envs/airflow_demo/lib/python3.9/site-packages/airflow/example_dags/example_xcom.py
[2024-01-31T09:08:15.357+0000] {logging_mixin.py:188} INFO - [2024-01-31T09:08:15.357+0000] {dag.py:3033} INFO - Sync 1 DAGs
[2024-01-31T09:08:15.607+0000] {logging_mixin.py:188} INFO - [2024-01-31T09:08:15.606+0000] {dag.py:3820} INFO - Setting next_dagrun for example_xcom to 2021-01-01T00:00:00+00:00, run_after=2021-01-01T00:00:00+00:00
[2024-01-31T09:08:15.885+0000] {processor.py:183} INFO - Processing /home/deprojectue/miniconda3/envs/airflow_demo/lib/python3.9/site-packages/airflow/example_dags/example_xcom.py took 0.785 seconds
[2024-01-31T09:34:13.530+0000] {processor.py:161} INFO - Started process (PID=216861) to work on /home/deprojectue/miniconda3/envs/airflow_demo/lib/python3.9/site-packages/airflow/example_dags/example_xcom.py
[2024-01-31T09:34:13.547+0000] {processor.py:830} INFO - Processing file /home/deprojectue/miniconda3/envs/airflow_demo/lib/python3.9/site-packages/airflow/example_dags/example_xcom.py for tasks to queue
[2024-01-31T09:34:13.561+0000] {logging_mixin.py:188} INFO - [2024-01-31T09:34:13.552+0000] {dagbag.py:538} INFO - Filling up the DagBag from /home/deprojectue/miniconda3/envs/airflow_demo/lib/python3.9/site-packages/airflow/example_dags/example_xcom.py
[2024-01-31T09:34:13.634+0000] {processor.py:840} INFO - DAG(s) 'example_xcom' retrieved from /home/deprojectue/miniconda3/envs/airflow_demo/lib/python3.9/site-packages/airflow/example_dags/example_xcom.py
[2024-01-31T09:34:14.106+0000] {logging_mixin.py:188} INFO - [2024-01-31T09:34:14.098+0000] {override.py:1769} INFO - Created Permission View: can edit on DAG:example_xcom
[2024-01-31T09:34:14.135+0000] {logging_mixin.py:188} INFO - [2024-01-31T09:34:14.134+0000] {override.py:1769} INFO - Created Permission View: can read on DAG:example_xcom
[2024-01-31T09:34:14.149+0000] {logging_mixin.py:188} INFO - [2024-01-31T09:34:14.148+0000] {override.py:1769} INFO - Created Permission View: can delete on DAG:example_xcom
[2024-01-31T09:34:14.150+0000] {logging_mixin.py:188} INFO - [2024-01-31T09:34:14.149+0000] {dag.py:3033} INFO - Sync 1 DAGs
[2024-01-31T09:34:14.193+0000] {logging_mixin.py:188} INFO - [2024-01-31T09:34:14.187+0000] {dag.py:3055} INFO - Creating ORM DAG for example_xcom
[2024-01-31T09:34:14.220+0000] {logging_mixin.py:188} INFO - [2024-01-31T09:34:14.220+0000] {dag.py:3820} INFO - Setting next_dagrun for example_xcom to 2021-01-01T00:00:00+00:00, run_after=2021-01-01T00:00:00+00:00
[2024-01-31T09:34:14.304+0000] {processor.py:183} INFO - Processing /home/deprojectue/miniconda3/envs/airflow_demo/lib/python3.9/site-packages/airflow/example_dags/example_xcom.py took 0.780 seconds
[2024-01-31T09:36:30.181+0000] {processor.py:161} INFO - Started process (PID=216926) to work on /home/deprojectue/miniconda3/envs/airflow_demo/lib/python3.9/site-packages/airflow/example_dags/example_xcom.py
[2024-01-31T09:36:30.183+0000] {processor.py:830} INFO - Processing file /home/deprojectue/miniconda3/envs/airflow_demo/lib/python3.9/site-packages/airflow/example_dags/example_xcom.py for tasks to queue
[2024-01-31T09:36:30.187+0000] {logging_mixin.py:188} INFO - [2024-01-31T09:36:30.186+0000] {dagbag.py:538} INFO - Filling up the DagBag from /home/deprojectue/miniconda3/envs/airflow_demo/lib/python3.9/site-packages/airflow/example_dags/example_xcom.py
[2024-01-31T09:36:30.198+0000] {processor.py:840} INFO - DAG(s) 'example_xcom' retrieved from /home/deprojectue/miniconda3/envs/airflow_demo/lib/python3.9/site-packages/airflow/example_dags/example_xcom.py
[2024-01-31T09:36:30.219+0000] {logging_mixin.py:188} INFO - [2024-01-31T09:36:30.219+0000] {dag.py:3033} INFO - Sync 1 DAGs
[2024-01-31T09:36:30.243+0000] {logging_mixin.py:188} INFO - [2024-01-31T09:36:30.243+0000] {dag.py:3820} INFO - Setting next_dagrun for example_xcom to 2021-01-01T00:00:00+00:00, run_after=2021-01-01T00:00:00+00:00
[2024-01-31T09:36:30.270+0000] {processor.py:183} INFO - Processing /home/deprojectue/miniconda3/envs/airflow_demo/lib/python3.9/site-packages/airflow/example_dags/example_xcom.py took 0.094 seconds
