[2024-01-31T02:07:25.303+0000] {processor.py:161} INFO - Started process (PID=210205) to work on /home/deprojectue/miniconda3/envs/airflow_demo/lib/python3.9/site-packages/airflow/example_dags/example_time_delta_sensor_async.py
[2024-01-31T02:07:25.304+0000] {processor.py:830} INFO - Processing file /home/deprojectue/miniconda3/envs/airflow_demo/lib/python3.9/site-packages/airflow/example_dags/example_time_delta_sensor_async.py for tasks to queue
[2024-01-31T02:07:25.305+0000] {logging_mixin.py:188} INFO - [2024-01-31T02:07:25.305+0000] {dagbag.py:538} INFO - Filling up the DagBag from /home/deprojectue/miniconda3/envs/airflow_demo/lib/python3.9/site-packages/airflow/example_dags/example_time_delta_sensor_async.py
[2024-01-31T02:07:25.315+0000] {processor.py:840} INFO - DAG(s) 'example_time_delta_sensor_async' retrieved from /home/deprojectue/miniconda3/envs/airflow_demo/lib/python3.9/site-packages/airflow/example_dags/example_time_delta_sensor_async.py
[2024-01-31T02:07:25.432+0000] {logging_mixin.py:188} INFO - [2024-01-31T02:07:25.431+0000] {override.py:1769} INFO - Created Permission View: can read on DAG:example_time_delta_sensor_async
[2024-01-31T02:07:25.445+0000] {logging_mixin.py:188} INFO - [2024-01-31T02:07:25.445+0000] {override.py:1769} INFO - Created Permission View: can delete on DAG:example_time_delta_sensor_async
[2024-01-31T02:07:25.455+0000] {logging_mixin.py:188} INFO - [2024-01-31T02:07:25.454+0000] {override.py:1769} INFO - Created Permission View: can edit on DAG:example_time_delta_sensor_async
[2024-01-31T02:07:25.455+0000] {logging_mixin.py:188} INFO - [2024-01-31T02:07:25.455+0000] {dag.py:3033} INFO - Sync 1 DAGs
[2024-01-31T02:07:25.468+0000] {logging_mixin.py:188} INFO - [2024-01-31T02:07:25.467+0000] {dag.py:3055} INFO - Creating ORM DAG for example_time_delta_sensor_async
[2024-01-31T02:07:25.468+0000] {logging_mixin.py:188} INFO - [2024-01-31T02:07:25.468+0000] {dag.py:3820} INFO - Setting next_dagrun for example_time_delta_sensor_async to None, run_after=None
[2024-01-31T02:07:25.491+0000] {processor.py:183} INFO - Processing /home/deprojectue/miniconda3/envs/airflow_demo/lib/python3.9/site-packages/airflow/example_dags/example_time_delta_sensor_async.py took 0.192 seconds
[2024-01-31T02:08:22.137+0000] {processor.py:161} INFO - Started process (PID=210645) to work on /home/deprojectue/miniconda3/envs/airflow_demo/lib/python3.9/site-packages/airflow/example_dags/example_time_delta_sensor_async.py
[2024-01-31T02:08:22.139+0000] {processor.py:830} INFO - Processing file /home/deprojectue/miniconda3/envs/airflow_demo/lib/python3.9/site-packages/airflow/example_dags/example_time_delta_sensor_async.py for tasks to queue
[2024-01-31T02:08:22.141+0000] {logging_mixin.py:188} INFO - [2024-01-31T02:08:22.140+0000] {dagbag.py:538} INFO - Filling up the DagBag from /home/deprojectue/miniconda3/envs/airflow_demo/lib/python3.9/site-packages/airflow/example_dags/example_time_delta_sensor_async.py
[2024-01-31T02:08:22.147+0000] {processor.py:840} INFO - DAG(s) 'example_time_delta_sensor_async' retrieved from /home/deprojectue/miniconda3/envs/airflow_demo/lib/python3.9/site-packages/airflow/example_dags/example_time_delta_sensor_async.py
[2024-01-31T02:08:22.168+0000] {logging_mixin.py:188} INFO - [2024-01-31T02:08:22.168+0000] {dag.py:3033} INFO - Sync 1 DAGs
[2024-01-31T02:08:22.181+0000] {logging_mixin.py:188} INFO - [2024-01-31T02:08:22.181+0000] {dag.py:3820} INFO - Setting next_dagrun for example_time_delta_sensor_async to None, run_after=None
[2024-01-31T02:08:22.206+0000] {processor.py:183} INFO - Processing /home/deprojectue/miniconda3/envs/airflow_demo/lib/python3.9/site-packages/airflow/example_dags/example_time_delta_sensor_async.py took 0.073 seconds
[2024-01-31T02:08:59.722+0000] {processor.py:161} INFO - Started process (PID=210669) to work on /home/deprojectue/miniconda3/envs/airflow_demo/lib/python3.9/site-packages/airflow/example_dags/example_time_delta_sensor_async.py
[2024-01-31T02:08:59.724+0000] {processor.py:830} INFO - Processing file /home/deprojectue/miniconda3/envs/airflow_demo/lib/python3.9/site-packages/airflow/example_dags/example_time_delta_sensor_async.py for tasks to queue
[2024-01-31T02:08:59.726+0000] {logging_mixin.py:188} INFO - [2024-01-31T02:08:59.725+0000] {dagbag.py:538} INFO - Filling up the DagBag from /home/deprojectue/miniconda3/envs/airflow_demo/lib/python3.9/site-packages/airflow/example_dags/example_time_delta_sensor_async.py
[2024-01-31T02:08:59.739+0000] {processor.py:840} INFO - DAG(s) 'example_time_delta_sensor_async' retrieved from /home/deprojectue/miniconda3/envs/airflow_demo/lib/python3.9/site-packages/airflow/example_dags/example_time_delta_sensor_async.py
[2024-01-31T02:08:59.764+0000] {logging_mixin.py:188} INFO - [2024-01-31T02:08:59.764+0000] {dag.py:3033} INFO - Sync 1 DAGs
[2024-01-31T02:08:59.778+0000] {logging_mixin.py:188} INFO - [2024-01-31T02:08:59.778+0000] {dag.py:3820} INFO - Setting next_dagrun for example_time_delta_sensor_async to None, run_after=None
[2024-01-31T02:08:59.804+0000] {processor.py:183} INFO - Processing /home/deprojectue/miniconda3/envs/airflow_demo/lib/python3.9/site-packages/airflow/example_dags/example_time_delta_sensor_async.py took 0.085 seconds
[2024-01-31T02:09:53.817+0000] {processor.py:161} INFO - Started process (PID=210953) to work on /home/deprojectue/miniconda3/envs/airflow_demo/lib/python3.9/site-packages/airflow/example_dags/example_time_delta_sensor_async.py
[2024-01-31T02:09:53.819+0000] {processor.py:830} INFO - Processing file /home/deprojectue/miniconda3/envs/airflow_demo/lib/python3.9/site-packages/airflow/example_dags/example_time_delta_sensor_async.py for tasks to queue
[2024-01-31T02:09:53.821+0000] {logging_mixin.py:188} INFO - [2024-01-31T02:09:53.820+0000] {dagbag.py:538} INFO - Filling up the DagBag from /home/deprojectue/miniconda3/envs/airflow_demo/lib/python3.9/site-packages/airflow/example_dags/example_time_delta_sensor_async.py
[2024-01-31T02:09:53.828+0000] {processor.py:840} INFO - DAG(s) 'example_time_delta_sensor_async' retrieved from /home/deprojectue/miniconda3/envs/airflow_demo/lib/python3.9/site-packages/airflow/example_dags/example_time_delta_sensor_async.py
[2024-01-31T02:09:53.849+0000] {logging_mixin.py:188} INFO - [2024-01-31T02:09:53.849+0000] {dag.py:3033} INFO - Sync 1 DAGs
[2024-01-31T02:09:53.862+0000] {logging_mixin.py:188} INFO - [2024-01-31T02:09:53.862+0000] {dag.py:3820} INFO - Setting next_dagrun for example_time_delta_sensor_async to None, run_after=None
[2024-01-31T02:09:53.889+0000] {processor.py:183} INFO - Processing /home/deprojectue/miniconda3/envs/airflow_demo/lib/python3.9/site-packages/airflow/example_dags/example_time_delta_sensor_async.py took 0.076 seconds
[2024-01-31T02:12:42.686+0000] {processor.py:161} INFO - Started process (PID=211039) to work on /home/deprojectue/miniconda3/envs/airflow_demo/lib/python3.9/site-packages/airflow/example_dags/example_time_delta_sensor_async.py
[2024-01-31T02:12:42.688+0000] {processor.py:830} INFO - Processing file /home/deprojectue/miniconda3/envs/airflow_demo/lib/python3.9/site-packages/airflow/example_dags/example_time_delta_sensor_async.py for tasks to queue
[2024-01-31T02:12:42.692+0000] {logging_mixin.py:188} INFO - [2024-01-31T02:12:42.691+0000] {dagbag.py:538} INFO - Filling up the DagBag from /home/deprojectue/miniconda3/envs/airflow_demo/lib/python3.9/site-packages/airflow/example_dags/example_time_delta_sensor_async.py
[2024-01-31T02:12:42.702+0000] {processor.py:840} INFO - DAG(s) 'example_time_delta_sensor_async' retrieved from /home/deprojectue/miniconda3/envs/airflow_demo/lib/python3.9/site-packages/airflow/example_dags/example_time_delta_sensor_async.py
[2024-01-31T02:12:42.726+0000] {logging_mixin.py:188} INFO - [2024-01-31T02:12:42.725+0000] {dag.py:3033} INFO - Sync 1 DAGs
[2024-01-31T02:12:42.739+0000] {logging_mixin.py:188} INFO - [2024-01-31T02:12:42.739+0000] {dag.py:3820} INFO - Setting next_dagrun for example_time_delta_sensor_async to None, run_after=None
[2024-01-31T02:12:42.766+0000] {processor.py:183} INFO - Processing /home/deprojectue/miniconda3/envs/airflow_demo/lib/python3.9/site-packages/airflow/example_dags/example_time_delta_sensor_async.py took 0.084 seconds
[2024-01-31T02:13:31.646+0000] {processor.py:161} INFO - Started process (PID=211095) to work on /home/deprojectue/miniconda3/envs/airflow_demo/lib/python3.9/site-packages/airflow/example_dags/example_time_delta_sensor_async.py
[2024-01-31T02:13:31.648+0000] {processor.py:830} INFO - Processing file /home/deprojectue/miniconda3/envs/airflow_demo/lib/python3.9/site-packages/airflow/example_dags/example_time_delta_sensor_async.py for tasks to queue
[2024-01-31T02:13:31.652+0000] {logging_mixin.py:188} INFO - [2024-01-31T02:13:31.651+0000] {dagbag.py:538} INFO - Filling up the DagBag from /home/deprojectue/miniconda3/envs/airflow_demo/lib/python3.9/site-packages/airflow/example_dags/example_time_delta_sensor_async.py
[2024-01-31T02:13:31.658+0000] {processor.py:840} INFO - DAG(s) 'example_time_delta_sensor_async' retrieved from /home/deprojectue/miniconda3/envs/airflow_demo/lib/python3.9/site-packages/airflow/example_dags/example_time_delta_sensor_async.py
[2024-01-31T02:13:31.681+0000] {logging_mixin.py:188} INFO - [2024-01-31T02:13:31.680+0000] {dag.py:3033} INFO - Sync 1 DAGs
[2024-01-31T02:13:31.695+0000] {logging_mixin.py:188} INFO - [2024-01-31T02:13:31.695+0000] {dag.py:3820} INFO - Setting next_dagrun for example_time_delta_sensor_async to None, run_after=None
[2024-01-31T02:13:31.723+0000] {processor.py:183} INFO - Processing /home/deprojectue/miniconda3/envs/airflow_demo/lib/python3.9/site-packages/airflow/example_dags/example_time_delta_sensor_async.py took 0.081 seconds
[2024-01-31T02:14:22.368+0000] {processor.py:161} INFO - Started process (PID=211147) to work on /home/deprojectue/miniconda3/envs/airflow_demo/lib/python3.9/site-packages/airflow/example_dags/example_time_delta_sensor_async.py
[2024-01-31T02:14:22.371+0000] {processor.py:830} INFO - Processing file /home/deprojectue/miniconda3/envs/airflow_demo/lib/python3.9/site-packages/airflow/example_dags/example_time_delta_sensor_async.py for tasks to queue
[2024-01-31T02:14:22.374+0000] {logging_mixin.py:188} INFO - [2024-01-31T02:14:22.374+0000] {dagbag.py:538} INFO - Filling up the DagBag from /home/deprojectue/miniconda3/envs/airflow_demo/lib/python3.9/site-packages/airflow/example_dags/example_time_delta_sensor_async.py
[2024-01-31T02:14:22.381+0000] {processor.py:840} INFO - DAG(s) 'example_time_delta_sensor_async' retrieved from /home/deprojectue/miniconda3/envs/airflow_demo/lib/python3.9/site-packages/airflow/example_dags/example_time_delta_sensor_async.py
[2024-01-31T02:14:22.404+0000] {logging_mixin.py:188} INFO - [2024-01-31T02:14:22.403+0000] {dag.py:3033} INFO - Sync 1 DAGs
[2024-01-31T02:14:22.418+0000] {logging_mixin.py:188} INFO - [2024-01-31T02:14:22.418+0000] {dag.py:3820} INFO - Setting next_dagrun for example_time_delta_sensor_async to None, run_after=None
[2024-01-31T02:14:22.445+0000] {processor.py:183} INFO - Processing /home/deprojectue/miniconda3/envs/airflow_demo/lib/python3.9/site-packages/airflow/example_dags/example_time_delta_sensor_async.py took 0.082 seconds
[2024-01-31T02:21:40.754+0000] {processor.py:161} INFO - Started process (PID=211299) to work on /home/deprojectue/miniconda3/envs/airflow_demo/lib/python3.9/site-packages/airflow/example_dags/example_time_delta_sensor_async.py
[2024-01-31T02:21:40.756+0000] {processor.py:830} INFO - Processing file /home/deprojectue/miniconda3/envs/airflow_demo/lib/python3.9/site-packages/airflow/example_dags/example_time_delta_sensor_async.py for tasks to queue
[2024-01-31T02:21:40.760+0000] {logging_mixin.py:188} INFO - [2024-01-31T02:21:40.760+0000] {dagbag.py:538} INFO - Filling up the DagBag from /home/deprojectue/miniconda3/envs/airflow_demo/lib/python3.9/site-packages/airflow/example_dags/example_time_delta_sensor_async.py
[2024-01-31T02:21:40.770+0000] {processor.py:840} INFO - DAG(s) 'example_time_delta_sensor_async' retrieved from /home/deprojectue/miniconda3/envs/airflow_demo/lib/python3.9/site-packages/airflow/example_dags/example_time_delta_sensor_async.py
[2024-01-31T02:21:40.794+0000] {logging_mixin.py:188} INFO - [2024-01-31T02:21:40.794+0000] {dag.py:3033} INFO - Sync 1 DAGs
[2024-01-31T02:21:40.815+0000] {logging_mixin.py:188} INFO - [2024-01-31T02:21:40.815+0000] {dag.py:3820} INFO - Setting next_dagrun for example_time_delta_sensor_async to None, run_after=None
[2024-01-31T02:21:40.847+0000] {processor.py:183} INFO - Processing /home/deprojectue/miniconda3/envs/airflow_demo/lib/python3.9/site-packages/airflow/example_dags/example_time_delta_sensor_async.py took 0.097 seconds
[2024-01-31T02:22:31.418+0000] {processor.py:161} INFO - Started process (PID=211349) to work on /home/deprojectue/miniconda3/envs/airflow_demo/lib/python3.9/site-packages/airflow/example_dags/example_time_delta_sensor_async.py
[2024-01-31T02:22:31.420+0000] {processor.py:830} INFO - Processing file /home/deprojectue/miniconda3/envs/airflow_demo/lib/python3.9/site-packages/airflow/example_dags/example_time_delta_sensor_async.py for tasks to queue
[2024-01-31T02:22:31.434+0000] {logging_mixin.py:188} INFO - [2024-01-31T02:22:31.433+0000] {dagbag.py:538} INFO - Filling up the DagBag from /home/deprojectue/miniconda3/envs/airflow_demo/lib/python3.9/site-packages/airflow/example_dags/example_time_delta_sensor_async.py
[2024-01-31T02:22:31.443+0000] {processor.py:840} INFO - DAG(s) 'example_time_delta_sensor_async' retrieved from /home/deprojectue/miniconda3/envs/airflow_demo/lib/python3.9/site-packages/airflow/example_dags/example_time_delta_sensor_async.py
[2024-01-31T02:22:31.487+0000] {logging_mixin.py:188} INFO - [2024-01-31T02:22:31.487+0000] {dag.py:3033} INFO - Sync 1 DAGs
[2024-01-31T02:22:31.502+0000] {logging_mixin.py:188} INFO - [2024-01-31T02:22:31.502+0000] {dag.py:3820} INFO - Setting next_dagrun for example_time_delta_sensor_async to None, run_after=None
[2024-01-31T02:22:31.528+0000] {processor.py:183} INFO - Processing /home/deprojectue/miniconda3/envs/airflow_demo/lib/python3.9/site-packages/airflow/example_dags/example_time_delta_sensor_async.py took 0.116 seconds
[2024-01-31T08:24:12.583+0000] {processor.py:161} INFO - Started process (PID=214032) to work on /home/deprojectue/miniconda3/envs/airflow_demo/lib/python3.9/site-packages/airflow/example_dags/example_time_delta_sensor_async.py
[2024-01-31T08:24:12.585+0000] {processor.py:830} INFO - Processing file /home/deprojectue/miniconda3/envs/airflow_demo/lib/python3.9/site-packages/airflow/example_dags/example_time_delta_sensor_async.py for tasks to queue
[2024-01-31T08:24:12.589+0000] {logging_mixin.py:188} INFO - [2024-01-31T08:24:12.589+0000] {dagbag.py:538} INFO - Filling up the DagBag from /home/deprojectue/miniconda3/envs/airflow_demo/lib/python3.9/site-packages/airflow/example_dags/example_time_delta_sensor_async.py
[2024-01-31T08:24:12.602+0000] {processor.py:840} INFO - DAG(s) 'example_time_delta_sensor_async' retrieved from /home/deprojectue/miniconda3/envs/airflow_demo/lib/python3.9/site-packages/airflow/example_dags/example_time_delta_sensor_async.py
[2024-01-31T08:24:12.635+0000] {logging_mixin.py:188} INFO - [2024-01-31T08:24:12.634+0000] {dag.py:3033} INFO - Sync 1 DAGs
[2024-01-31T08:24:12.656+0000] {logging_mixin.py:188} INFO - [2024-01-31T08:24:12.656+0000] {dag.py:3820} INFO - Setting next_dagrun for example_time_delta_sensor_async to None, run_after=None
[2024-01-31T08:24:12.683+0000] {processor.py:183} INFO - Processing /home/deprojectue/miniconda3/envs/airflow_demo/lib/python3.9/site-packages/airflow/example_dags/example_time_delta_sensor_async.py took 0.104 seconds
[2024-01-31T08:25:09.116+0000] {processor.py:161} INFO - Started process (PID=214091) to work on /home/deprojectue/miniconda3/envs/airflow_demo/lib/python3.9/site-packages/airflow/example_dags/example_time_delta_sensor_async.py
[2024-01-31T08:25:09.118+0000] {processor.py:830} INFO - Processing file /home/deprojectue/miniconda3/envs/airflow_demo/lib/python3.9/site-packages/airflow/example_dags/example_time_delta_sensor_async.py for tasks to queue
[2024-01-31T08:25:09.121+0000] {logging_mixin.py:188} INFO - [2024-01-31T08:25:09.121+0000] {dagbag.py:538} INFO - Filling up the DagBag from /home/deprojectue/miniconda3/envs/airflow_demo/lib/python3.9/site-packages/airflow/example_dags/example_time_delta_sensor_async.py
[2024-01-31T08:25:09.128+0000] {processor.py:840} INFO - DAG(s) 'example_time_delta_sensor_async' retrieved from /home/deprojectue/miniconda3/envs/airflow_demo/lib/python3.9/site-packages/airflow/example_dags/example_time_delta_sensor_async.py
[2024-01-31T08:25:09.149+0000] {logging_mixin.py:188} INFO - [2024-01-31T08:25:09.148+0000] {dag.py:3033} INFO - Sync 1 DAGs
[2024-01-31T08:25:09.162+0000] {logging_mixin.py:188} INFO - [2024-01-31T08:25:09.162+0000] {dag.py:3820} INFO - Setting next_dagrun for example_time_delta_sensor_async to None, run_after=None
[2024-01-31T08:25:09.188+0000] {processor.py:183} INFO - Processing /home/deprojectue/miniconda3/envs/airflow_demo/lib/python3.9/site-packages/airflow/example_dags/example_time_delta_sensor_async.py took 0.076 seconds
[2024-01-31T08:25:55.270+0000] {processor.py:161} INFO - Started process (PID=214371) to work on /home/deprojectue/miniconda3/envs/airflow_demo/lib/python3.9/site-packages/airflow/example_dags/example_time_delta_sensor_async.py
[2024-01-31T08:25:55.275+0000] {processor.py:830} INFO - Processing file /home/deprojectue/miniconda3/envs/airflow_demo/lib/python3.9/site-packages/airflow/example_dags/example_time_delta_sensor_async.py for tasks to queue
[2024-01-31T08:25:55.290+0000] {logging_mixin.py:188} INFO - [2024-01-31T08:25:55.289+0000] {dagbag.py:538} INFO - Filling up the DagBag from /home/deprojectue/miniconda3/envs/airflow_demo/lib/python3.9/site-packages/airflow/example_dags/example_time_delta_sensor_async.py
[2024-01-31T08:25:55.311+0000] {processor.py:840} INFO - DAG(s) 'example_time_delta_sensor_async' retrieved from /home/deprojectue/miniconda3/envs/airflow_demo/lib/python3.9/site-packages/airflow/example_dags/example_time_delta_sensor_async.py
[2024-01-31T08:25:55.355+0000] {logging_mixin.py:188} INFO - [2024-01-31T08:25:55.354+0000] {dag.py:3033} INFO - Sync 1 DAGs
[2024-01-31T08:25:55.394+0000] {logging_mixin.py:188} INFO - [2024-01-31T08:25:55.394+0000] {dag.py:3820} INFO - Setting next_dagrun for example_time_delta_sensor_async to None, run_after=None
[2024-01-31T08:25:55.481+0000] {processor.py:183} INFO - Processing /home/deprojectue/miniconda3/envs/airflow_demo/lib/python3.9/site-packages/airflow/example_dags/example_time_delta_sensor_async.py took 0.218 seconds
[2024-01-31T08:30:05.722+0000] {processor.py:161} INFO - Started process (PID=214943) to work on /home/deprojectue/miniconda3/envs/airflow_demo/lib/python3.9/site-packages/airflow/example_dags/example_time_delta_sensor_async.py
[2024-01-31T08:30:05.735+0000] {processor.py:830} INFO - Processing file /home/deprojectue/miniconda3/envs/airflow_demo/lib/python3.9/site-packages/airflow/example_dags/example_time_delta_sensor_async.py for tasks to queue
[2024-01-31T08:30:05.744+0000] {logging_mixin.py:188} INFO - [2024-01-31T08:30:05.737+0000] {dagbag.py:538} INFO - Filling up the DagBag from /home/deprojectue/miniconda3/envs/airflow_demo/lib/python3.9/site-packages/airflow/example_dags/example_time_delta_sensor_async.py
[2024-01-31T08:30:05.770+0000] {processor.py:840} INFO - DAG(s) 'example_time_delta_sensor_async' retrieved from /home/deprojectue/miniconda3/envs/airflow_demo/lib/python3.9/site-packages/airflow/example_dags/example_time_delta_sensor_async.py
[2024-01-31T08:30:07.266+0000] {logging_mixin.py:188} INFO - [2024-01-31T08:30:07.254+0000] {dag.py:3033} INFO - Sync 1 DAGs
[2024-01-31T08:30:07.751+0000] {logging_mixin.py:188} INFO - [2024-01-31T08:30:07.737+0000] {dag.py:3820} INFO - Setting next_dagrun for example_time_delta_sensor_async to None, run_after=None
[2024-01-31T08:30:09.242+0000] {processor.py:183} INFO - Processing /home/deprojectue/miniconda3/envs/airflow_demo/lib/python3.9/site-packages/airflow/example_dags/example_time_delta_sensor_async.py took 3.529 seconds
[2024-01-31T08:51:52.566+0000] {processor.py:161} INFO - Started process (PID=215372) to work on /home/deprojectue/miniconda3/envs/airflow_demo/lib/python3.9/site-packages/airflow/example_dags/example_time_delta_sensor_async.py
[2024-01-31T08:51:52.568+0000] {processor.py:830} INFO - Processing file /home/deprojectue/miniconda3/envs/airflow_demo/lib/python3.9/site-packages/airflow/example_dags/example_time_delta_sensor_async.py for tasks to queue
[2024-01-31T08:51:52.572+0000] {logging_mixin.py:188} INFO - [2024-01-31T08:51:52.571+0000] {dagbag.py:538} INFO - Filling up the DagBag from /home/deprojectue/miniconda3/envs/airflow_demo/lib/python3.9/site-packages/airflow/example_dags/example_time_delta_sensor_async.py
[2024-01-31T08:51:52.580+0000] {processor.py:840} INFO - DAG(s) 'example_time_delta_sensor_async' retrieved from /home/deprojectue/miniconda3/envs/airflow_demo/lib/python3.9/site-packages/airflow/example_dags/example_time_delta_sensor_async.py
[2024-01-31T08:51:52.608+0000] {logging_mixin.py:188} INFO - [2024-01-31T08:51:52.607+0000] {dag.py:3033} INFO - Sync 1 DAGs
[2024-01-31T08:51:52.621+0000] {logging_mixin.py:188} INFO - [2024-01-31T08:51:52.621+0000] {dag.py:3820} INFO - Setting next_dagrun for example_time_delta_sensor_async to None, run_after=None
[2024-01-31T08:51:52.647+0000] {processor.py:183} INFO - Processing /home/deprojectue/miniconda3/envs/airflow_demo/lib/python3.9/site-packages/airflow/example_dags/example_time_delta_sensor_async.py took 0.086 seconds
[2024-01-31T08:52:42.216+0000] {processor.py:161} INFO - Started process (PID=215423) to work on /home/deprojectue/miniconda3/envs/airflow_demo/lib/python3.9/site-packages/airflow/example_dags/example_time_delta_sensor_async.py
[2024-01-31T08:52:42.218+0000] {processor.py:830} INFO - Processing file /home/deprojectue/miniconda3/envs/airflow_demo/lib/python3.9/site-packages/airflow/example_dags/example_time_delta_sensor_async.py for tasks to queue
[2024-01-31T08:52:42.222+0000] {logging_mixin.py:188} INFO - [2024-01-31T08:52:42.221+0000] {dagbag.py:538} INFO - Filling up the DagBag from /home/deprojectue/miniconda3/envs/airflow_demo/lib/python3.9/site-packages/airflow/example_dags/example_time_delta_sensor_async.py
[2024-01-31T08:52:42.229+0000] {processor.py:840} INFO - DAG(s) 'example_time_delta_sensor_async' retrieved from /home/deprojectue/miniconda3/envs/airflow_demo/lib/python3.9/site-packages/airflow/example_dags/example_time_delta_sensor_async.py
[2024-01-31T08:52:42.251+0000] {logging_mixin.py:188} INFO - [2024-01-31T08:52:42.250+0000] {dag.py:3033} INFO - Sync 1 DAGs
[2024-01-31T08:52:42.264+0000] {logging_mixin.py:188} INFO - [2024-01-31T08:52:42.264+0000] {dag.py:3820} INFO - Setting next_dagrun for example_time_delta_sensor_async to None, run_after=None
[2024-01-31T08:52:42.289+0000] {processor.py:183} INFO - Processing /home/deprojectue/miniconda3/envs/airflow_demo/lib/python3.9/site-packages/airflow/example_dags/example_time_delta_sensor_async.py took 0.077 seconds
[2024-01-31T08:53:33.124+0000] {processor.py:161} INFO - Started process (PID=215475) to work on /home/deprojectue/miniconda3/envs/airflow_demo/lib/python3.9/site-packages/airflow/example_dags/example_time_delta_sensor_async.py
[2024-01-31T08:53:33.126+0000] {processor.py:830} INFO - Processing file /home/deprojectue/miniconda3/envs/airflow_demo/lib/python3.9/site-packages/airflow/example_dags/example_time_delta_sensor_async.py for tasks to queue
[2024-01-31T08:53:33.130+0000] {logging_mixin.py:188} INFO - [2024-01-31T08:53:33.129+0000] {dagbag.py:538} INFO - Filling up the DagBag from /home/deprojectue/miniconda3/envs/airflow_demo/lib/python3.9/site-packages/airflow/example_dags/example_time_delta_sensor_async.py
[2024-01-31T08:53:33.136+0000] {processor.py:840} INFO - DAG(s) 'example_time_delta_sensor_async' retrieved from /home/deprojectue/miniconda3/envs/airflow_demo/lib/python3.9/site-packages/airflow/example_dags/example_time_delta_sensor_async.py
[2024-01-31T08:53:33.157+0000] {logging_mixin.py:188} INFO - [2024-01-31T08:53:33.157+0000] {dag.py:3033} INFO - Sync 1 DAGs
[2024-01-31T08:53:33.170+0000] {logging_mixin.py:188} INFO - [2024-01-31T08:53:33.170+0000] {dag.py:3820} INFO - Setting next_dagrun for example_time_delta_sensor_async to None, run_after=None
[2024-01-31T08:53:33.196+0000] {processor.py:183} INFO - Processing /home/deprojectue/miniconda3/envs/airflow_demo/lib/python3.9/site-packages/airflow/example_dags/example_time_delta_sensor_async.py took 0.076 seconds
[2024-01-31T08:54:14.958+0000] {processor.py:161} INFO - Started process (PID=215517) to work on /home/deprojectue/miniconda3/envs/airflow_demo/lib/python3.9/site-packages/airflow/example_dags/example_time_delta_sensor_async.py
[2024-01-31T08:54:14.960+0000] {processor.py:830} INFO - Processing file /home/deprojectue/miniconda3/envs/airflow_demo/lib/python3.9/site-packages/airflow/example_dags/example_time_delta_sensor_async.py for tasks to queue
[2024-01-31T08:54:14.964+0000] {logging_mixin.py:188} INFO - [2024-01-31T08:54:14.963+0000] {dagbag.py:538} INFO - Filling up the DagBag from /home/deprojectue/miniconda3/envs/airflow_demo/lib/python3.9/site-packages/airflow/example_dags/example_time_delta_sensor_async.py
[2024-01-31T08:54:14.970+0000] {processor.py:840} INFO - DAG(s) 'example_time_delta_sensor_async' retrieved from /home/deprojectue/miniconda3/envs/airflow_demo/lib/python3.9/site-packages/airflow/example_dags/example_time_delta_sensor_async.py
[2024-01-31T08:54:14.991+0000] {logging_mixin.py:188} INFO - [2024-01-31T08:54:14.991+0000] {dag.py:3033} INFO - Sync 1 DAGs
[2024-01-31T08:54:15.005+0000] {logging_mixin.py:188} INFO - [2024-01-31T08:54:15.005+0000] {dag.py:3820} INFO - Setting next_dagrun for example_time_delta_sensor_async to None, run_after=None
[2024-01-31T08:54:15.030+0000] {processor.py:183} INFO - Processing /home/deprojectue/miniconda3/envs/airflow_demo/lib/python3.9/site-packages/airflow/example_dags/example_time_delta_sensor_async.py took 0.076 seconds
[2024-01-31T08:54:56.186+0000] {processor.py:161} INFO - Started process (PID=215561) to work on /home/deprojectue/miniconda3/envs/airflow_demo/lib/python3.9/site-packages/airflow/example_dags/example_time_delta_sensor_async.py
[2024-01-31T08:54:56.189+0000] {processor.py:830} INFO - Processing file /home/deprojectue/miniconda3/envs/airflow_demo/lib/python3.9/site-packages/airflow/example_dags/example_time_delta_sensor_async.py for tasks to queue
[2024-01-31T08:54:56.192+0000] {logging_mixin.py:188} INFO - [2024-01-31T08:54:56.191+0000] {dagbag.py:538} INFO - Filling up the DagBag from /home/deprojectue/miniconda3/envs/airflow_demo/lib/python3.9/site-packages/airflow/example_dags/example_time_delta_sensor_async.py
[2024-01-31T08:54:56.200+0000] {processor.py:840} INFO - DAG(s) 'example_time_delta_sensor_async' retrieved from /home/deprojectue/miniconda3/envs/airflow_demo/lib/python3.9/site-packages/airflow/example_dags/example_time_delta_sensor_async.py
[2024-01-31T08:54:56.223+0000] {logging_mixin.py:188} INFO - [2024-01-31T08:54:56.222+0000] {dag.py:3033} INFO - Sync 1 DAGs
[2024-01-31T08:54:56.237+0000] {logging_mixin.py:188} INFO - [2024-01-31T08:54:56.237+0000] {dag.py:3820} INFO - Setting next_dagrun for example_time_delta_sensor_async to None, run_after=None
[2024-01-31T08:54:56.264+0000] {processor.py:183} INFO - Processing /home/deprojectue/miniconda3/envs/airflow_demo/lib/python3.9/site-packages/airflow/example_dags/example_time_delta_sensor_async.py took 0.082 seconds
[2024-01-31T08:55:37.201+0000] {processor.py:161} INFO - Started process (PID=215603) to work on /home/deprojectue/miniconda3/envs/airflow_demo/lib/python3.9/site-packages/airflow/example_dags/example_time_delta_sensor_async.py
[2024-01-31T08:55:37.203+0000] {processor.py:830} INFO - Processing file /home/deprojectue/miniconda3/envs/airflow_demo/lib/python3.9/site-packages/airflow/example_dags/example_time_delta_sensor_async.py for tasks to queue
[2024-01-31T08:55:37.206+0000] {logging_mixin.py:188} INFO - [2024-01-31T08:55:37.206+0000] {dagbag.py:538} INFO - Filling up the DagBag from /home/deprojectue/miniconda3/envs/airflow_demo/lib/python3.9/site-packages/airflow/example_dags/example_time_delta_sensor_async.py
[2024-01-31T08:55:37.213+0000] {processor.py:840} INFO - DAG(s) 'example_time_delta_sensor_async' retrieved from /home/deprojectue/miniconda3/envs/airflow_demo/lib/python3.9/site-packages/airflow/example_dags/example_time_delta_sensor_async.py
[2024-01-31T08:55:37.234+0000] {logging_mixin.py:188} INFO - [2024-01-31T08:55:37.233+0000] {dag.py:3033} INFO - Sync 1 DAGs
[2024-01-31T08:55:37.247+0000] {logging_mixin.py:188} INFO - [2024-01-31T08:55:37.247+0000] {dag.py:3820} INFO - Setting next_dagrun for example_time_delta_sensor_async to None, run_after=None
[2024-01-31T08:55:37.273+0000] {processor.py:183} INFO - Processing /home/deprojectue/miniconda3/envs/airflow_demo/lib/python3.9/site-packages/airflow/example_dags/example_time_delta_sensor_async.py took 0.076 seconds
[2024-01-31T08:56:14.330+0000] {processor.py:161} INFO - Started process (PID=215644) to work on /home/deprojectue/miniconda3/envs/airflow_demo/lib/python3.9/site-packages/airflow/example_dags/example_time_delta_sensor_async.py
[2024-01-31T08:56:14.332+0000] {processor.py:830} INFO - Processing file /home/deprojectue/miniconda3/envs/airflow_demo/lib/python3.9/site-packages/airflow/example_dags/example_time_delta_sensor_async.py for tasks to queue
[2024-01-31T08:56:14.335+0000] {logging_mixin.py:188} INFO - [2024-01-31T08:56:14.335+0000] {dagbag.py:538} INFO - Filling up the DagBag from /home/deprojectue/miniconda3/envs/airflow_demo/lib/python3.9/site-packages/airflow/example_dags/example_time_delta_sensor_async.py
[2024-01-31T08:56:14.342+0000] {processor.py:840} INFO - DAG(s) 'example_time_delta_sensor_async' retrieved from /home/deprojectue/miniconda3/envs/airflow_demo/lib/python3.9/site-packages/airflow/example_dags/example_time_delta_sensor_async.py
[2024-01-31T08:56:14.362+0000] {logging_mixin.py:188} INFO - [2024-01-31T08:56:14.362+0000] {dag.py:3033} INFO - Sync 1 DAGs
[2024-01-31T08:56:14.375+0000] {logging_mixin.py:188} INFO - [2024-01-31T08:56:14.375+0000] {dag.py:3820} INFO - Setting next_dagrun for example_time_delta_sensor_async to None, run_after=None
[2024-01-31T08:56:14.398+0000] {processor.py:183} INFO - Processing /home/deprojectue/miniconda3/envs/airflow_demo/lib/python3.9/site-packages/airflow/example_dags/example_time_delta_sensor_async.py took 0.073 seconds
[2024-01-31T08:56:54.820+0000] {processor.py:161} INFO - Started process (PID=215703) to work on /home/deprojectue/miniconda3/envs/airflow_demo/lib/python3.9/site-packages/airflow/example_dags/example_time_delta_sensor_async.py
[2024-01-31T08:56:54.822+0000] {processor.py:830} INFO - Processing file /home/deprojectue/miniconda3/envs/airflow_demo/lib/python3.9/site-packages/airflow/example_dags/example_time_delta_sensor_async.py for tasks to queue
[2024-01-31T08:56:54.826+0000] {logging_mixin.py:188} INFO - [2024-01-31T08:56:54.825+0000] {dagbag.py:538} INFO - Filling up the DagBag from /home/deprojectue/miniconda3/envs/airflow_demo/lib/python3.9/site-packages/airflow/example_dags/example_time_delta_sensor_async.py
[2024-01-31T08:56:54.833+0000] {processor.py:840} INFO - DAG(s) 'example_time_delta_sensor_async' retrieved from /home/deprojectue/miniconda3/envs/airflow_demo/lib/python3.9/site-packages/airflow/example_dags/example_time_delta_sensor_async.py
[2024-01-31T08:56:54.856+0000] {logging_mixin.py:188} INFO - [2024-01-31T08:56:54.856+0000] {dag.py:3033} INFO - Sync 1 DAGs
[2024-01-31T08:56:54.870+0000] {logging_mixin.py:188} INFO - [2024-01-31T08:56:54.870+0000] {dag.py:3820} INFO - Setting next_dagrun for example_time_delta_sensor_async to None, run_after=None
[2024-01-31T08:56:54.895+0000] {processor.py:183} INFO - Processing /home/deprojectue/miniconda3/envs/airflow_demo/lib/python3.9/site-packages/airflow/example_dags/example_time_delta_sensor_async.py took 0.080 seconds
[2024-01-31T08:57:32.289+0000] {processor.py:161} INFO - Started process (PID=215742) to work on /home/deprojectue/miniconda3/envs/airflow_demo/lib/python3.9/site-packages/airflow/example_dags/example_time_delta_sensor_async.py
[2024-01-31T08:57:32.291+0000] {processor.py:830} INFO - Processing file /home/deprojectue/miniconda3/envs/airflow_demo/lib/python3.9/site-packages/airflow/example_dags/example_time_delta_sensor_async.py for tasks to queue
[2024-01-31T08:57:32.295+0000] {logging_mixin.py:188} INFO - [2024-01-31T08:57:32.295+0000] {dagbag.py:538} INFO - Filling up the DagBag from /home/deprojectue/miniconda3/envs/airflow_demo/lib/python3.9/site-packages/airflow/example_dags/example_time_delta_sensor_async.py
[2024-01-31T08:57:32.302+0000] {processor.py:840} INFO - DAG(s) 'example_time_delta_sensor_async' retrieved from /home/deprojectue/miniconda3/envs/airflow_demo/lib/python3.9/site-packages/airflow/example_dags/example_time_delta_sensor_async.py
[2024-01-31T08:57:32.325+0000] {logging_mixin.py:188} INFO - [2024-01-31T08:57:32.324+0000] {dag.py:3033} INFO - Sync 1 DAGs
[2024-01-31T08:57:32.338+0000] {logging_mixin.py:188} INFO - [2024-01-31T08:57:32.338+0000] {dag.py:3820} INFO - Setting next_dagrun for example_time_delta_sensor_async to None, run_after=None
[2024-01-31T08:57:32.364+0000] {processor.py:183} INFO - Processing /home/deprojectue/miniconda3/envs/airflow_demo/lib/python3.9/site-packages/airflow/example_dags/example_time_delta_sensor_async.py took 0.079 seconds
[2024-01-31T08:58:08.980+0000] {processor.py:161} INFO - Started process (PID=215780) to work on /home/deprojectue/miniconda3/envs/airflow_demo/lib/python3.9/site-packages/airflow/example_dags/example_time_delta_sensor_async.py
[2024-01-31T08:58:08.982+0000] {processor.py:830} INFO - Processing file /home/deprojectue/miniconda3/envs/airflow_demo/lib/python3.9/site-packages/airflow/example_dags/example_time_delta_sensor_async.py for tasks to queue
[2024-01-31T08:58:08.986+0000] {logging_mixin.py:188} INFO - [2024-01-31T08:58:08.985+0000] {dagbag.py:538} INFO - Filling up the DagBag from /home/deprojectue/miniconda3/envs/airflow_demo/lib/python3.9/site-packages/airflow/example_dags/example_time_delta_sensor_async.py
[2024-01-31T08:58:08.994+0000] {processor.py:840} INFO - DAG(s) 'example_time_delta_sensor_async' retrieved from /home/deprojectue/miniconda3/envs/airflow_demo/lib/python3.9/site-packages/airflow/example_dags/example_time_delta_sensor_async.py
[2024-01-31T08:58:09.017+0000] {logging_mixin.py:188} INFO - [2024-01-31T08:58:09.016+0000] {dag.py:3033} INFO - Sync 1 DAGs
[2024-01-31T08:58:09.030+0000] {logging_mixin.py:188} INFO - [2024-01-31T08:58:09.030+0000] {dag.py:3820} INFO - Setting next_dagrun for example_time_delta_sensor_async to None, run_after=None
[2024-01-31T08:58:09.057+0000] {processor.py:183} INFO - Processing /home/deprojectue/miniconda3/envs/airflow_demo/lib/python3.9/site-packages/airflow/example_dags/example_time_delta_sensor_async.py took 0.081 seconds
[2024-01-31T08:58:49.994+0000] {processor.py:161} INFO - Started process (PID=215840) to work on /home/deprojectue/miniconda3/envs/airflow_demo/lib/python3.9/site-packages/airflow/example_dags/example_time_delta_sensor_async.py
[2024-01-31T08:58:49.997+0000] {processor.py:830} INFO - Processing file /home/deprojectue/miniconda3/envs/airflow_demo/lib/python3.9/site-packages/airflow/example_dags/example_time_delta_sensor_async.py for tasks to queue
[2024-01-31T08:58:50.001+0000] {logging_mixin.py:188} INFO - [2024-01-31T08:58:50.000+0000] {dagbag.py:538} INFO - Filling up the DagBag from /home/deprojectue/miniconda3/envs/airflow_demo/lib/python3.9/site-packages/airflow/example_dags/example_time_delta_sensor_async.py
[2024-01-31T08:58:50.009+0000] {processor.py:840} INFO - DAG(s) 'example_time_delta_sensor_async' retrieved from /home/deprojectue/miniconda3/envs/airflow_demo/lib/python3.9/site-packages/airflow/example_dags/example_time_delta_sensor_async.py
[2024-01-31T08:58:50.031+0000] {logging_mixin.py:188} INFO - [2024-01-31T08:58:50.030+0000] {dag.py:3033} INFO - Sync 1 DAGs
[2024-01-31T08:58:50.045+0000] {logging_mixin.py:188} INFO - [2024-01-31T08:58:50.044+0000] {dag.py:3820} INFO - Setting next_dagrun for example_time_delta_sensor_async to None, run_after=None
[2024-01-31T08:58:50.071+0000] {processor.py:183} INFO - Processing /home/deprojectue/miniconda3/envs/airflow_demo/lib/python3.9/site-packages/airflow/example_dags/example_time_delta_sensor_async.py took 0.081 seconds
[2024-01-31T08:59:31.339+0000] {processor.py:161} INFO - Started process (PID=215884) to work on /home/deprojectue/miniconda3/envs/airflow_demo/lib/python3.9/site-packages/airflow/example_dags/example_time_delta_sensor_async.py
[2024-01-31T08:59:31.341+0000] {processor.py:830} INFO - Processing file /home/deprojectue/miniconda3/envs/airflow_demo/lib/python3.9/site-packages/airflow/example_dags/example_time_delta_sensor_async.py for tasks to queue
[2024-01-31T08:59:31.344+0000] {logging_mixin.py:188} INFO - [2024-01-31T08:59:31.344+0000] {dagbag.py:538} INFO - Filling up the DagBag from /home/deprojectue/miniconda3/envs/airflow_demo/lib/python3.9/site-packages/airflow/example_dags/example_time_delta_sensor_async.py
[2024-01-31T08:59:31.352+0000] {processor.py:840} INFO - DAG(s) 'example_time_delta_sensor_async' retrieved from /home/deprojectue/miniconda3/envs/airflow_demo/lib/python3.9/site-packages/airflow/example_dags/example_time_delta_sensor_async.py
[2024-01-31T08:59:31.373+0000] {logging_mixin.py:188} INFO - [2024-01-31T08:59:31.372+0000] {dag.py:3033} INFO - Sync 1 DAGs
[2024-01-31T08:59:31.386+0000] {logging_mixin.py:188} INFO - [2024-01-31T08:59:31.385+0000] {dag.py:3820} INFO - Setting next_dagrun for example_time_delta_sensor_async to None, run_after=None
[2024-01-31T08:59:31.409+0000] {processor.py:183} INFO - Processing /home/deprojectue/miniconda3/envs/airflow_demo/lib/python3.9/site-packages/airflow/example_dags/example_time_delta_sensor_async.py took 0.075 seconds
[2024-01-31T09:00:10.420+0000] {processor.py:161} INFO - Started process (PID=215924) to work on /home/deprojectue/miniconda3/envs/airflow_demo/lib/python3.9/site-packages/airflow/example_dags/example_time_delta_sensor_async.py
[2024-01-31T09:00:10.422+0000] {processor.py:830} INFO - Processing file /home/deprojectue/miniconda3/envs/airflow_demo/lib/python3.9/site-packages/airflow/example_dags/example_time_delta_sensor_async.py for tasks to queue
[2024-01-31T09:00:10.425+0000] {logging_mixin.py:188} INFO - [2024-01-31T09:00:10.425+0000] {dagbag.py:538} INFO - Filling up the DagBag from /home/deprojectue/miniconda3/envs/airflow_demo/lib/python3.9/site-packages/airflow/example_dags/example_time_delta_sensor_async.py
[2024-01-31T09:00:10.432+0000] {processor.py:840} INFO - DAG(s) 'example_time_delta_sensor_async' retrieved from /home/deprojectue/miniconda3/envs/airflow_demo/lib/python3.9/site-packages/airflow/example_dags/example_time_delta_sensor_async.py
[2024-01-31T09:00:10.453+0000] {logging_mixin.py:188} INFO - [2024-01-31T09:00:10.452+0000] {dag.py:3033} INFO - Sync 1 DAGs
[2024-01-31T09:00:10.465+0000] {logging_mixin.py:188} INFO - [2024-01-31T09:00:10.465+0000] {dag.py:3820} INFO - Setting next_dagrun for example_time_delta_sensor_async to None, run_after=None
[2024-01-31T09:00:10.491+0000] {processor.py:183} INFO - Processing /home/deprojectue/miniconda3/envs/airflow_demo/lib/python3.9/site-packages/airflow/example_dags/example_time_delta_sensor_async.py took 0.075 seconds
[2024-01-31T09:01:04.399+0000] {processor.py:161} INFO - Started process (PID=215981) to work on /home/deprojectue/miniconda3/envs/airflow_demo/lib/python3.9/site-packages/airflow/example_dags/example_time_delta_sensor_async.py
[2024-01-31T09:01:04.401+0000] {processor.py:830} INFO - Processing file /home/deprojectue/miniconda3/envs/airflow_demo/lib/python3.9/site-packages/airflow/example_dags/example_time_delta_sensor_async.py for tasks to queue
[2024-01-31T09:01:04.406+0000] {logging_mixin.py:188} INFO - [2024-01-31T09:01:04.405+0000] {dagbag.py:538} INFO - Filling up the DagBag from /home/deprojectue/miniconda3/envs/airflow_demo/lib/python3.9/site-packages/airflow/example_dags/example_time_delta_sensor_async.py
[2024-01-31T09:01:04.413+0000] {processor.py:840} INFO - DAG(s) 'example_time_delta_sensor_async' retrieved from /home/deprojectue/miniconda3/envs/airflow_demo/lib/python3.9/site-packages/airflow/example_dags/example_time_delta_sensor_async.py
[2024-01-31T09:01:04.434+0000] {logging_mixin.py:188} INFO - [2024-01-31T09:01:04.433+0000] {dag.py:3033} INFO - Sync 1 DAGs
[2024-01-31T09:01:04.447+0000] {logging_mixin.py:188} INFO - [2024-01-31T09:01:04.446+0000] {dag.py:3820} INFO - Setting next_dagrun for example_time_delta_sensor_async to None, run_after=None
[2024-01-31T09:01:04.472+0000] {processor.py:183} INFO - Processing /home/deprojectue/miniconda3/envs/airflow_demo/lib/python3.9/site-packages/airflow/example_dags/example_time_delta_sensor_async.py took 0.077 seconds
[2024-01-31T09:01:43.252+0000] {processor.py:161} INFO - Started process (PID=216023) to work on /home/deprojectue/miniconda3/envs/airflow_demo/lib/python3.9/site-packages/airflow/example_dags/example_time_delta_sensor_async.py
[2024-01-31T09:01:43.254+0000] {processor.py:830} INFO - Processing file /home/deprojectue/miniconda3/envs/airflow_demo/lib/python3.9/site-packages/airflow/example_dags/example_time_delta_sensor_async.py for tasks to queue
[2024-01-31T09:01:43.257+0000] {logging_mixin.py:188} INFO - [2024-01-31T09:01:43.257+0000] {dagbag.py:538} INFO - Filling up the DagBag from /home/deprojectue/miniconda3/envs/airflow_demo/lib/python3.9/site-packages/airflow/example_dags/example_time_delta_sensor_async.py
[2024-01-31T09:01:43.264+0000] {processor.py:840} INFO - DAG(s) 'example_time_delta_sensor_async' retrieved from /home/deprojectue/miniconda3/envs/airflow_demo/lib/python3.9/site-packages/airflow/example_dags/example_time_delta_sensor_async.py
[2024-01-31T09:01:43.285+0000] {logging_mixin.py:188} INFO - [2024-01-31T09:01:43.285+0000] {dag.py:3033} INFO - Sync 1 DAGs
[2024-01-31T09:01:43.298+0000] {logging_mixin.py:188} INFO - [2024-01-31T09:01:43.298+0000] {dag.py:3820} INFO - Setting next_dagrun for example_time_delta_sensor_async to None, run_after=None
[2024-01-31T09:01:43.322+0000] {processor.py:183} INFO - Processing /home/deprojectue/miniconda3/envs/airflow_demo/lib/python3.9/site-packages/airflow/example_dags/example_time_delta_sensor_async.py took 0.074 seconds
[2024-01-31T09:02:20.193+0000] {processor.py:161} INFO - Started process (PID=216063) to work on /home/deprojectue/miniconda3/envs/airflow_demo/lib/python3.9/site-packages/airflow/example_dags/example_time_delta_sensor_async.py
[2024-01-31T09:02:20.195+0000] {processor.py:830} INFO - Processing file /home/deprojectue/miniconda3/envs/airflow_demo/lib/python3.9/site-packages/airflow/example_dags/example_time_delta_sensor_async.py for tasks to queue
[2024-01-31T09:02:20.199+0000] {logging_mixin.py:188} INFO - [2024-01-31T09:02:20.199+0000] {dagbag.py:538} INFO - Filling up the DagBag from /home/deprojectue/miniconda3/envs/airflow_demo/lib/python3.9/site-packages/airflow/example_dags/example_time_delta_sensor_async.py
[2024-01-31T09:02:20.206+0000] {processor.py:840} INFO - DAG(s) 'example_time_delta_sensor_async' retrieved from /home/deprojectue/miniconda3/envs/airflow_demo/lib/python3.9/site-packages/airflow/example_dags/example_time_delta_sensor_async.py
[2024-01-31T09:02:20.227+0000] {logging_mixin.py:188} INFO - [2024-01-31T09:02:20.227+0000] {dag.py:3033} INFO - Sync 1 DAGs
[2024-01-31T09:02:20.240+0000] {logging_mixin.py:188} INFO - [2024-01-31T09:02:20.240+0000] {dag.py:3820} INFO - Setting next_dagrun for example_time_delta_sensor_async to None, run_after=None
[2024-01-31T09:02:20.266+0000] {processor.py:183} INFO - Processing /home/deprojectue/miniconda3/envs/airflow_demo/lib/python3.9/site-packages/airflow/example_dags/example_time_delta_sensor_async.py took 0.077 seconds
[2024-01-31T09:02:58.383+0000] {processor.py:161} INFO - Started process (PID=216102) to work on /home/deprojectue/miniconda3/envs/airflow_demo/lib/python3.9/site-packages/airflow/example_dags/example_time_delta_sensor_async.py
[2024-01-31T09:02:58.386+0000] {processor.py:830} INFO - Processing file /home/deprojectue/miniconda3/envs/airflow_demo/lib/python3.9/site-packages/airflow/example_dags/example_time_delta_sensor_async.py for tasks to queue
[2024-01-31T09:02:58.390+0000] {logging_mixin.py:188} INFO - [2024-01-31T09:02:58.389+0000] {dagbag.py:538} INFO - Filling up the DagBag from /home/deprojectue/miniconda3/envs/airflow_demo/lib/python3.9/site-packages/airflow/example_dags/example_time_delta_sensor_async.py
[2024-01-31T09:02:58.397+0000] {processor.py:840} INFO - DAG(s) 'example_time_delta_sensor_async' retrieved from /home/deprojectue/miniconda3/envs/airflow_demo/lib/python3.9/site-packages/airflow/example_dags/example_time_delta_sensor_async.py
[2024-01-31T09:02:58.417+0000] {logging_mixin.py:188} INFO - [2024-01-31T09:02:58.417+0000] {dag.py:3033} INFO - Sync 1 DAGs
[2024-01-31T09:02:58.430+0000] {logging_mixin.py:188} INFO - [2024-01-31T09:02:58.430+0000] {dag.py:3820} INFO - Setting next_dagrun for example_time_delta_sensor_async to None, run_after=None
[2024-01-31T09:02:58.455+0000] {processor.py:183} INFO - Processing /home/deprojectue/miniconda3/envs/airflow_demo/lib/python3.9/site-packages/airflow/example_dags/example_time_delta_sensor_async.py took 0.076 seconds
[2024-01-31T09:03:52.281+0000] {processor.py:161} INFO - Started process (PID=216158) to work on /home/deprojectue/miniconda3/envs/airflow_demo/lib/python3.9/site-packages/airflow/example_dags/example_time_delta_sensor_async.py
[2024-01-31T09:03:52.283+0000] {processor.py:830} INFO - Processing file /home/deprojectue/miniconda3/envs/airflow_demo/lib/python3.9/site-packages/airflow/example_dags/example_time_delta_sensor_async.py for tasks to queue
[2024-01-31T09:03:52.286+0000] {logging_mixin.py:188} INFO - [2024-01-31T09:03:52.286+0000] {dagbag.py:538} INFO - Filling up the DagBag from /home/deprojectue/miniconda3/envs/airflow_demo/lib/python3.9/site-packages/airflow/example_dags/example_time_delta_sensor_async.py
[2024-01-31T09:03:52.294+0000] {processor.py:840} INFO - DAG(s) 'example_time_delta_sensor_async' retrieved from /home/deprojectue/miniconda3/envs/airflow_demo/lib/python3.9/site-packages/airflow/example_dags/example_time_delta_sensor_async.py
[2024-01-31T09:03:52.316+0000] {logging_mixin.py:188} INFO - [2024-01-31T09:03:52.315+0000] {dag.py:3033} INFO - Sync 1 DAGs
[2024-01-31T09:03:52.330+0000] {logging_mixin.py:188} INFO - [2024-01-31T09:03:52.330+0000] {dag.py:3820} INFO - Setting next_dagrun for example_time_delta_sensor_async to None, run_after=None
[2024-01-31T09:03:52.357+0000] {processor.py:183} INFO - Processing /home/deprojectue/miniconda3/envs/airflow_demo/lib/python3.9/site-packages/airflow/example_dags/example_time_delta_sensor_async.py took 0.080 seconds
[2024-01-31T09:04:46.515+0000] {processor.py:161} INFO - Started process (PID=216217) to work on /home/deprojectue/miniconda3/envs/airflow_demo/lib/python3.9/site-packages/airflow/example_dags/example_time_delta_sensor_async.py
[2024-01-31T09:04:46.517+0000] {processor.py:830} INFO - Processing file /home/deprojectue/miniconda3/envs/airflow_demo/lib/python3.9/site-packages/airflow/example_dags/example_time_delta_sensor_async.py for tasks to queue
[2024-01-31T09:04:46.521+0000] {logging_mixin.py:188} INFO - [2024-01-31T09:04:46.521+0000] {dagbag.py:538} INFO - Filling up the DagBag from /home/deprojectue/miniconda3/envs/airflow_demo/lib/python3.9/site-packages/airflow/example_dags/example_time_delta_sensor_async.py
[2024-01-31T09:04:46.528+0000] {processor.py:840} INFO - DAG(s) 'example_time_delta_sensor_async' retrieved from /home/deprojectue/miniconda3/envs/airflow_demo/lib/python3.9/site-packages/airflow/example_dags/example_time_delta_sensor_async.py
[2024-01-31T09:04:46.549+0000] {logging_mixin.py:188} INFO - [2024-01-31T09:04:46.549+0000] {dag.py:3033} INFO - Sync 1 DAGs
[2024-01-31T09:04:46.562+0000] {logging_mixin.py:188} INFO - [2024-01-31T09:04:46.562+0000] {dag.py:3820} INFO - Setting next_dagrun for example_time_delta_sensor_async to None, run_after=None
[2024-01-31T09:04:46.589+0000] {processor.py:183} INFO - Processing /home/deprojectue/miniconda3/envs/airflow_demo/lib/python3.9/site-packages/airflow/example_dags/example_time_delta_sensor_async.py took 0.078 seconds
[2024-01-31T09:05:26.303+0000] {processor.py:161} INFO - Started process (PID=216259) to work on /home/deprojectue/miniconda3/envs/airflow_demo/lib/python3.9/site-packages/airflow/example_dags/example_time_delta_sensor_async.py
[2024-01-31T09:05:26.305+0000] {processor.py:830} INFO - Processing file /home/deprojectue/miniconda3/envs/airflow_demo/lib/python3.9/site-packages/airflow/example_dags/example_time_delta_sensor_async.py for tasks to queue
[2024-01-31T09:05:26.309+0000] {logging_mixin.py:188} INFO - [2024-01-31T09:05:26.308+0000] {dagbag.py:538} INFO - Filling up the DagBag from /home/deprojectue/miniconda3/envs/airflow_demo/lib/python3.9/site-packages/airflow/example_dags/example_time_delta_sensor_async.py
[2024-01-31T09:05:26.316+0000] {processor.py:840} INFO - DAG(s) 'example_time_delta_sensor_async' retrieved from /home/deprojectue/miniconda3/envs/airflow_demo/lib/python3.9/site-packages/airflow/example_dags/example_time_delta_sensor_async.py
[2024-01-31T09:05:26.339+0000] {logging_mixin.py:188} INFO - [2024-01-31T09:05:26.338+0000] {dag.py:3033} INFO - Sync 1 DAGs
[2024-01-31T09:05:26.353+0000] {logging_mixin.py:188} INFO - [2024-01-31T09:05:26.353+0000] {dag.py:3820} INFO - Setting next_dagrun for example_time_delta_sensor_async to None, run_after=None
[2024-01-31T09:05:26.384+0000] {processor.py:183} INFO - Processing /home/deprojectue/miniconda3/envs/airflow_demo/lib/python3.9/site-packages/airflow/example_dags/example_time_delta_sensor_async.py took 0.085 seconds
[2024-01-31T09:08:24.883+0000] {processor.py:161} INFO - Started process (PID=216377) to work on /home/deprojectue/miniconda3/envs/airflow_demo/lib/python3.9/site-packages/airflow/example_dags/example_time_delta_sensor_async.py
[2024-01-31T09:08:24.893+0000] {processor.py:830} INFO - Processing file /home/deprojectue/miniconda3/envs/airflow_demo/lib/python3.9/site-packages/airflow/example_dags/example_time_delta_sensor_async.py for tasks to queue
[2024-01-31T09:08:24.897+0000] {logging_mixin.py:188} INFO - [2024-01-31T09:08:24.896+0000] {dagbag.py:538} INFO - Filling up the DagBag from /home/deprojectue/miniconda3/envs/airflow_demo/lib/python3.9/site-packages/airflow/example_dags/example_time_delta_sensor_async.py
[2024-01-31T09:08:25.098+0000] {processor.py:840} INFO - DAG(s) 'example_time_delta_sensor_async' retrieved from /home/deprojectue/miniconda3/envs/airflow_demo/lib/python3.9/site-packages/airflow/example_dags/example_time_delta_sensor_async.py
[2024-01-31T09:08:25.353+0000] {logging_mixin.py:188} INFO - [2024-01-31T09:08:25.352+0000] {dag.py:3033} INFO - Sync 1 DAGs
[2024-01-31T09:08:25.376+0000] {logging_mixin.py:188} INFO - [2024-01-31T09:08:25.376+0000] {dag.py:3820} INFO - Setting next_dagrun for example_time_delta_sensor_async to None, run_after=None
[2024-01-31T09:08:25.868+0000] {processor.py:183} INFO - Processing /home/deprojectue/miniconda3/envs/airflow_demo/lib/python3.9/site-packages/airflow/example_dags/example_time_delta_sensor_async.py took 0.989 seconds
[2024-01-31T09:34:20.043+0000] {processor.py:161} INFO - Started process (PID=216867) to work on /home/deprojectue/miniconda3/envs/airflow_demo/lib/python3.9/site-packages/airflow/example_dags/example_time_delta_sensor_async.py
[2024-01-31T09:34:20.047+0000] {processor.py:830} INFO - Processing file /home/deprojectue/miniconda3/envs/airflow_demo/lib/python3.9/site-packages/airflow/example_dags/example_time_delta_sensor_async.py for tasks to queue
[2024-01-31T09:34:20.058+0000] {logging_mixin.py:188} INFO - [2024-01-31T09:34:20.052+0000] {dagbag.py:538} INFO - Filling up the DagBag from /home/deprojectue/miniconda3/envs/airflow_demo/lib/python3.9/site-packages/airflow/example_dags/example_time_delta_sensor_async.py
[2024-01-31T09:34:20.111+0000] {processor.py:840} INFO - DAG(s) 'example_time_delta_sensor_async' retrieved from /home/deprojectue/miniconda3/envs/airflow_demo/lib/python3.9/site-packages/airflow/example_dags/example_time_delta_sensor_async.py
[2024-01-31T09:35:27.670+0000] {logging_mixin.py:188} INFO - [2024-01-31T09:35:27.649+0000] {override.py:1769} INFO - Created Permission View: can edit on DAG:example_time_delta_sensor_async
[2024-01-31T09:35:28.363+0000] {logging_mixin.py:188} INFO - [2024-01-31T09:35:28.147+0000] {override.py:1769} INFO - Created Permission View: can read on DAG:example_time_delta_sensor_async
[2024-01-31T09:35:28.628+0000] {logging_mixin.py:188} INFO - [2024-01-31T09:35:28.627+0000] {override.py:1769} INFO - Created Permission View: can delete on DAG:example_time_delta_sensor_async
[2024-01-31T09:35:28.629+0000] {logging_mixin.py:188} INFO - [2024-01-31T09:35:28.629+0000] {dag.py:3033} INFO - Sync 1 DAGs
[2024-01-31T09:35:29.126+0000] {logging_mixin.py:188} INFO - [2024-01-31T09:35:29.125+0000] {dag.py:3055} INFO - Creating ORM DAG for example_time_delta_sensor_async
[2024-01-31T09:35:29.132+0000] {logging_mixin.py:188} INFO - [2024-01-31T09:35:29.131+0000] {dag.py:3820} INFO - Setting next_dagrun for example_time_delta_sensor_async to None, run_after=None
[2024-01-31T09:35:29.872+0000] {processor.py:183} INFO - Processing /home/deprojectue/miniconda3/envs/airflow_demo/lib/python3.9/site-packages/airflow/example_dags/example_time_delta_sensor_async.py took 69.837 seconds
[2024-01-31T09:36:34.252+0000] {processor.py:161} INFO - Started process (PID=216931) to work on /home/deprojectue/miniconda3/envs/airflow_demo/lib/python3.9/site-packages/airflow/example_dags/example_time_delta_sensor_async.py
[2024-01-31T09:36:34.254+0000] {processor.py:830} INFO - Processing file /home/deprojectue/miniconda3/envs/airflow_demo/lib/python3.9/site-packages/airflow/example_dags/example_time_delta_sensor_async.py for tasks to queue
[2024-01-31T09:36:34.258+0000] {logging_mixin.py:188} INFO - [2024-01-31T09:36:34.257+0000] {dagbag.py:538} INFO - Filling up the DagBag from /home/deprojectue/miniconda3/envs/airflow_demo/lib/python3.9/site-packages/airflow/example_dags/example_time_delta_sensor_async.py
[2024-01-31T09:36:34.265+0000] {processor.py:840} INFO - DAG(s) 'example_time_delta_sensor_async' retrieved from /home/deprojectue/miniconda3/envs/airflow_demo/lib/python3.9/site-packages/airflow/example_dags/example_time_delta_sensor_async.py
[2024-01-31T09:36:34.286+0000] {logging_mixin.py:188} INFO - [2024-01-31T09:36:34.285+0000] {dag.py:3033} INFO - Sync 1 DAGs
[2024-01-31T09:36:34.301+0000] {logging_mixin.py:188} INFO - [2024-01-31T09:36:34.301+0000] {dag.py:3820} INFO - Setting next_dagrun for example_time_delta_sensor_async to None, run_after=None
[2024-01-31T09:36:34.346+0000] {processor.py:183} INFO - Processing /home/deprojectue/miniconda3/envs/airflow_demo/lib/python3.9/site-packages/airflow/example_dags/example_time_delta_sensor_async.py took 0.099 seconds
