[2024-01-31T02:07:13.732+0000] {processor.py:161} INFO - Started process (PID=210192) to work on /home/deprojectue/miniconda3/envs/airflow_demo/lib/python3.9/site-packages/airflow/example_dags/example_xcomargs.py
[2024-01-31T02:07:13.733+0000] {processor.py:830} INFO - Processing file /home/deprojectue/miniconda3/envs/airflow_demo/lib/python3.9/site-packages/airflow/example_dags/example_xcomargs.py for tasks to queue
[2024-01-31T02:07:13.734+0000] {logging_mixin.py:188} INFO - [2024-01-31T02:07:13.733+0000] {dagbag.py:538} INFO - Filling up the DagBag from /home/deprojectue/miniconda3/envs/airflow_demo/lib/python3.9/site-packages/airflow/example_dags/example_xcomargs.py
[2024-01-31T02:07:13.747+0000] {processor.py:840} INFO - DAG(s) 'example_xcom_args_with_operators', 'example_xcom_args' retrieved from /home/deprojectue/miniconda3/envs/airflow_demo/lib/python3.9/site-packages/airflow/example_dags/example_xcomargs.py
[2024-01-31T02:07:13.860+0000] {logging_mixin.py:188} INFO - [2024-01-31T02:07:13.859+0000] {override.py:1769} INFO - Created Permission View: can read on DAG:example_xcom_args_with_operators
[2024-01-31T02:07:13.873+0000] {logging_mixin.py:188} INFO - [2024-01-31T02:07:13.872+0000] {override.py:1769} INFO - Created Permission View: can delete on DAG:example_xcom_args_with_operators
[2024-01-31T02:07:13.882+0000] {logging_mixin.py:188} INFO - [2024-01-31T02:07:13.881+0000] {override.py:1769} INFO - Created Permission View: can edit on DAG:example_xcom_args_with_operators
[2024-01-31T02:07:13.905+0000] {logging_mixin.py:188} INFO - [2024-01-31T02:07:13.904+0000] {override.py:1769} INFO - Created Permission View: can read on DAG:example_xcom_args
[2024-01-31T02:07:13.914+0000] {logging_mixin.py:188} INFO - [2024-01-31T02:07:13.914+0000] {override.py:1769} INFO - Created Permission View: can delete on DAG:example_xcom_args
[2024-01-31T02:07:13.924+0000] {logging_mixin.py:188} INFO - [2024-01-31T02:07:13.923+0000] {override.py:1769} INFO - Created Permission View: can edit on DAG:example_xcom_args
[2024-01-31T02:07:13.924+0000] {logging_mixin.py:188} INFO - [2024-01-31T02:07:13.924+0000] {dag.py:3033} INFO - Sync 2 DAGs
[2024-01-31T02:07:13.936+0000] {logging_mixin.py:188} INFO - [2024-01-31T02:07:13.936+0000] {dag.py:3055} INFO - Creating ORM DAG for example_xcom_args
[2024-01-31T02:07:13.937+0000] {logging_mixin.py:188} INFO - [2024-01-31T02:07:13.937+0000] {dag.py:3055} INFO - Creating ORM DAG for example_xcom_args_with_operators
[2024-01-31T02:07:13.937+0000] {logging_mixin.py:188} INFO - [2024-01-31T02:07:13.937+0000] {dag.py:3820} INFO - Setting next_dagrun for example_xcom_args to None, run_after=None
[2024-01-31T02:07:13.938+0000] {logging_mixin.py:188} INFO - [2024-01-31T02:07:13.938+0000] {dag.py:3820} INFO - Setting next_dagrun for example_xcom_args_with_operators to None, run_after=None
[2024-01-31T02:07:13.959+0000] {processor.py:183} INFO - Processing /home/deprojectue/miniconda3/envs/airflow_demo/lib/python3.9/site-packages/airflow/example_dags/example_xcomargs.py took 0.232 seconds
[2024-01-31T02:08:11.989+0000] {processor.py:161} INFO - Started process (PID=210633) to work on /home/deprojectue/miniconda3/envs/airflow_demo/lib/python3.9/site-packages/airflow/example_dags/example_xcomargs.py
[2024-01-31T02:08:11.991+0000] {processor.py:830} INFO - Processing file /home/deprojectue/miniconda3/envs/airflow_demo/lib/python3.9/site-packages/airflow/example_dags/example_xcomargs.py for tasks to queue
[2024-01-31T02:08:11.992+0000] {logging_mixin.py:188} INFO - [2024-01-31T02:08:11.991+0000] {dagbag.py:538} INFO - Filling up the DagBag from /home/deprojectue/miniconda3/envs/airflow_demo/lib/python3.9/site-packages/airflow/example_dags/example_xcomargs.py
[2024-01-31T02:08:12.003+0000] {processor.py:840} INFO - DAG(s) 'example_xcom_args', 'example_xcom_args_with_operators' retrieved from /home/deprojectue/miniconda3/envs/airflow_demo/lib/python3.9/site-packages/airflow/example_dags/example_xcomargs.py
[2024-01-31T02:08:12.026+0000] {logging_mixin.py:188} INFO - [2024-01-31T02:08:12.026+0000] {dag.py:3033} INFO - Sync 2 DAGs
[2024-01-31T02:08:12.038+0000] {logging_mixin.py:188} INFO - [2024-01-31T02:08:12.038+0000] {dag.py:3820} INFO - Setting next_dagrun for example_xcom_args to None, run_after=None
[2024-01-31T02:08:12.042+0000] {logging_mixin.py:188} INFO - [2024-01-31T02:08:12.041+0000] {dag.py:3820} INFO - Setting next_dagrun for example_xcom_args_with_operators to None, run_after=None
[2024-01-31T02:08:12.063+0000] {processor.py:183} INFO - Processing /home/deprojectue/miniconda3/envs/airflow_demo/lib/python3.9/site-packages/airflow/example_dags/example_xcomargs.py took 0.079 seconds
[2024-01-31T02:08:48.200+0000] {processor.py:161} INFO - Started process (PID=210657) to work on /home/deprojectue/miniconda3/envs/airflow_demo/lib/python3.9/site-packages/airflow/example_dags/example_xcomargs.py
[2024-01-31T02:08:48.202+0000] {processor.py:830} INFO - Processing file /home/deprojectue/miniconda3/envs/airflow_demo/lib/python3.9/site-packages/airflow/example_dags/example_xcomargs.py for tasks to queue
[2024-01-31T02:08:48.204+0000] {logging_mixin.py:188} INFO - [2024-01-31T02:08:48.203+0000] {dagbag.py:538} INFO - Filling up the DagBag from /home/deprojectue/miniconda3/envs/airflow_demo/lib/python3.9/site-packages/airflow/example_dags/example_xcomargs.py
[2024-01-31T02:08:48.217+0000] {processor.py:840} INFO - DAG(s) 'example_xcom_args', 'example_xcom_args_with_operators' retrieved from /home/deprojectue/miniconda3/envs/airflow_demo/lib/python3.9/site-packages/airflow/example_dags/example_xcomargs.py
[2024-01-31T02:08:48.248+0000] {logging_mixin.py:188} INFO - [2024-01-31T02:08:48.248+0000] {dag.py:3033} INFO - Sync 2 DAGs
[2024-01-31T02:08:48.261+0000] {logging_mixin.py:188} INFO - [2024-01-31T02:08:48.260+0000] {dag.py:3820} INFO - Setting next_dagrun for example_xcom_args to None, run_after=None
[2024-01-31T02:08:48.266+0000] {logging_mixin.py:188} INFO - [2024-01-31T02:08:48.266+0000] {dag.py:3820} INFO - Setting next_dagrun for example_xcom_args_with_operators to None, run_after=None
[2024-01-31T02:08:48.288+0000] {processor.py:183} INFO - Processing /home/deprojectue/miniconda3/envs/airflow_demo/lib/python3.9/site-packages/airflow/example_dags/example_xcomargs.py took 0.092 seconds
[2024-01-31T02:09:44.316+0000] {processor.py:161} INFO - Started process (PID=210941) to work on /home/deprojectue/miniconda3/envs/airflow_demo/lib/python3.9/site-packages/airflow/example_dags/example_xcomargs.py
[2024-01-31T02:09:44.318+0000] {processor.py:830} INFO - Processing file /home/deprojectue/miniconda3/envs/airflow_demo/lib/python3.9/site-packages/airflow/example_dags/example_xcomargs.py for tasks to queue
[2024-01-31T02:09:44.320+0000] {logging_mixin.py:188} INFO - [2024-01-31T02:09:44.319+0000] {dagbag.py:538} INFO - Filling up the DagBag from /home/deprojectue/miniconda3/envs/airflow_demo/lib/python3.9/site-packages/airflow/example_dags/example_xcomargs.py
[2024-01-31T02:09:44.332+0000] {processor.py:840} INFO - DAG(s) 'example_xcom_args_with_operators', 'example_xcom_args' retrieved from /home/deprojectue/miniconda3/envs/airflow_demo/lib/python3.9/site-packages/airflow/example_dags/example_xcomargs.py
[2024-01-31T02:09:44.355+0000] {logging_mixin.py:188} INFO - [2024-01-31T02:09:44.355+0000] {dag.py:3033} INFO - Sync 2 DAGs
[2024-01-31T02:09:44.369+0000] {logging_mixin.py:188} INFO - [2024-01-31T02:09:44.368+0000] {dag.py:3820} INFO - Setting next_dagrun for example_xcom_args to None, run_after=None
[2024-01-31T02:09:44.373+0000] {logging_mixin.py:188} INFO - [2024-01-31T02:09:44.372+0000] {dag.py:3820} INFO - Setting next_dagrun for example_xcom_args_with_operators to None, run_after=None
[2024-01-31T02:09:44.398+0000] {processor.py:183} INFO - Processing /home/deprojectue/miniconda3/envs/airflow_demo/lib/python3.9/site-packages/airflow/example_dags/example_xcomargs.py took 0.086 seconds
[2024-01-31T02:12:32.262+0000] {processor.py:161} INFO - Started process (PID=211029) to work on /home/deprojectue/miniconda3/envs/airflow_demo/lib/python3.9/site-packages/airflow/example_dags/example_xcomargs.py
[2024-01-31T02:12:32.264+0000] {processor.py:830} INFO - Processing file /home/deprojectue/miniconda3/envs/airflow_demo/lib/python3.9/site-packages/airflow/example_dags/example_xcomargs.py for tasks to queue
[2024-01-31T02:12:32.268+0000] {logging_mixin.py:188} INFO - [2024-01-31T02:12:32.267+0000] {dagbag.py:538} INFO - Filling up the DagBag from /home/deprojectue/miniconda3/envs/airflow_demo/lib/python3.9/site-packages/airflow/example_dags/example_xcomargs.py
[2024-01-31T02:12:32.283+0000] {processor.py:840} INFO - DAG(s) 'example_xcom_args_with_operators', 'example_xcom_args' retrieved from /home/deprojectue/miniconda3/envs/airflow_demo/lib/python3.9/site-packages/airflow/example_dags/example_xcomargs.py
[2024-01-31T02:12:32.311+0000] {logging_mixin.py:188} INFO - [2024-01-31T02:12:32.310+0000] {dag.py:3033} INFO - Sync 2 DAGs
[2024-01-31T02:12:32.324+0000] {logging_mixin.py:188} INFO - [2024-01-31T02:12:32.324+0000] {dag.py:3820} INFO - Setting next_dagrun for example_xcom_args to None, run_after=None
[2024-01-31T02:12:32.328+0000] {logging_mixin.py:188} INFO - [2024-01-31T02:12:32.328+0000] {dag.py:3820} INFO - Setting next_dagrun for example_xcom_args_with_operators to None, run_after=None
[2024-01-31T02:12:32.355+0000] {processor.py:183} INFO - Processing /home/deprojectue/miniconda3/envs/airflow_demo/lib/python3.9/site-packages/airflow/example_dags/example_xcomargs.py took 0.098 seconds
[2024-01-31T02:13:22.536+0000] {processor.py:161} INFO - Started process (PID=211078) to work on /home/deprojectue/miniconda3/envs/airflow_demo/lib/python3.9/site-packages/airflow/example_dags/example_xcomargs.py
[2024-01-31T02:13:22.537+0000] {processor.py:830} INFO - Processing file /home/deprojectue/miniconda3/envs/airflow_demo/lib/python3.9/site-packages/airflow/example_dags/example_xcomargs.py for tasks to queue
[2024-01-31T02:13:22.541+0000] {logging_mixin.py:188} INFO - [2024-01-31T02:13:22.541+0000] {dagbag.py:538} INFO - Filling up the DagBag from /home/deprojectue/miniconda3/envs/airflow_demo/lib/python3.9/site-packages/airflow/example_dags/example_xcomargs.py
[2024-01-31T02:13:22.556+0000] {processor.py:840} INFO - DAG(s) 'example_xcom_args', 'example_xcom_args_with_operators' retrieved from /home/deprojectue/miniconda3/envs/airflow_demo/lib/python3.9/site-packages/airflow/example_dags/example_xcomargs.py
[2024-01-31T02:13:22.582+0000] {logging_mixin.py:188} INFO - [2024-01-31T02:13:22.582+0000] {dag.py:3033} INFO - Sync 2 DAGs
[2024-01-31T02:13:22.601+0000] {logging_mixin.py:188} INFO - [2024-01-31T02:13:22.600+0000] {dag.py:3820} INFO - Setting next_dagrun for example_xcom_args to None, run_after=None
[2024-01-31T02:13:22.606+0000] {logging_mixin.py:188} INFO - [2024-01-31T02:13:22.606+0000] {dag.py:3820} INFO - Setting next_dagrun for example_xcom_args_with_operators to None, run_after=None
[2024-01-31T02:13:22.695+0000] {processor.py:183} INFO - Processing /home/deprojectue/miniconda3/envs/airflow_demo/lib/python3.9/site-packages/airflow/example_dags/example_xcomargs.py took 0.165 seconds
[2024-01-31T02:14:00.675+0000] {processor.py:161} INFO - Started process (PID=211127) to work on /home/deprojectue/miniconda3/envs/airflow_demo/lib/python3.9/site-packages/airflow/example_dags/example_xcomargs.py
[2024-01-31T02:14:00.677+0000] {processor.py:830} INFO - Processing file /home/deprojectue/miniconda3/envs/airflow_demo/lib/python3.9/site-packages/airflow/example_dags/example_xcomargs.py for tasks to queue
[2024-01-31T02:14:00.680+0000] {logging_mixin.py:188} INFO - [2024-01-31T02:14:00.679+0000] {dagbag.py:538} INFO - Filling up the DagBag from /home/deprojectue/miniconda3/envs/airflow_demo/lib/python3.9/site-packages/airflow/example_dags/example_xcomargs.py
[2024-01-31T02:14:00.692+0000] {processor.py:840} INFO - DAG(s) 'example_xcom_args', 'example_xcom_args_with_operators' retrieved from /home/deprojectue/miniconda3/envs/airflow_demo/lib/python3.9/site-packages/airflow/example_dags/example_xcomargs.py
[2024-01-31T02:14:00.716+0000] {logging_mixin.py:188} INFO - [2024-01-31T02:14:00.715+0000] {dag.py:3033} INFO - Sync 2 DAGs
[2024-01-31T02:14:00.729+0000] {logging_mixin.py:188} INFO - [2024-01-31T02:14:00.729+0000] {dag.py:3820} INFO - Setting next_dagrun for example_xcom_args to None, run_after=None
[2024-01-31T02:14:00.733+0000] {logging_mixin.py:188} INFO - [2024-01-31T02:14:00.732+0000] {dag.py:3820} INFO - Setting next_dagrun for example_xcom_args_with_operators to None, run_after=None
[2024-01-31T02:14:00.756+0000] {processor.py:183} INFO - Processing /home/deprojectue/miniconda3/envs/airflow_demo/lib/python3.9/site-packages/airflow/example_dags/example_xcomargs.py took 0.086 seconds
[2024-01-31T02:21:29.440+0000] {processor.py:161} INFO - Started process (PID=211289) to work on /home/deprojectue/miniconda3/envs/airflow_demo/lib/python3.9/site-packages/airflow/example_dags/example_xcomargs.py
[2024-01-31T02:21:29.445+0000] {processor.py:830} INFO - Processing file /home/deprojectue/miniconda3/envs/airflow_demo/lib/python3.9/site-packages/airflow/example_dags/example_xcomargs.py for tasks to queue
[2024-01-31T02:21:29.449+0000] {logging_mixin.py:188} INFO - [2024-01-31T02:21:29.448+0000] {dagbag.py:538} INFO - Filling up the DagBag from /home/deprojectue/miniconda3/envs/airflow_demo/lib/python3.9/site-packages/airflow/example_dags/example_xcomargs.py
[2024-01-31T02:21:29.468+0000] {processor.py:840} INFO - DAG(s) 'example_xcom_args_with_operators', 'example_xcom_args' retrieved from /home/deprojectue/miniconda3/envs/airflow_demo/lib/python3.9/site-packages/airflow/example_dags/example_xcomargs.py
[2024-01-31T02:21:29.724+0000] {logging_mixin.py:188} INFO - [2024-01-31T02:21:29.723+0000] {dag.py:3033} INFO - Sync 2 DAGs
[2024-01-31T02:21:29.946+0000] {logging_mixin.py:188} INFO - [2024-01-31T02:21:29.945+0000] {dag.py:3820} INFO - Setting next_dagrun for example_xcom_args to None, run_after=None
[2024-01-31T02:21:29.956+0000] {logging_mixin.py:188} INFO - [2024-01-31T02:21:29.956+0000] {dag.py:3820} INFO - Setting next_dagrun for example_xcom_args_with_operators to None, run_after=None
[2024-01-31T02:21:30.197+0000] {processor.py:183} INFO - Processing /home/deprojectue/miniconda3/envs/airflow_demo/lib/python3.9/site-packages/airflow/example_dags/example_xcomargs.py took 0.763 seconds
[2024-01-31T02:22:21.347+0000] {processor.py:161} INFO - Started process (PID=211339) to work on /home/deprojectue/miniconda3/envs/airflow_demo/lib/python3.9/site-packages/airflow/example_dags/example_xcomargs.py
[2024-01-31T02:22:21.349+0000] {processor.py:830} INFO - Processing file /home/deprojectue/miniconda3/envs/airflow_demo/lib/python3.9/site-packages/airflow/example_dags/example_xcomargs.py for tasks to queue
[2024-01-31T02:22:21.353+0000] {logging_mixin.py:188} INFO - [2024-01-31T02:22:21.352+0000] {dagbag.py:538} INFO - Filling up the DagBag from /home/deprojectue/miniconda3/envs/airflow_demo/lib/python3.9/site-packages/airflow/example_dags/example_xcomargs.py
[2024-01-31T02:22:21.364+0000] {processor.py:840} INFO - DAG(s) 'example_xcom_args', 'example_xcom_args_with_operators' retrieved from /home/deprojectue/miniconda3/envs/airflow_demo/lib/python3.9/site-packages/airflow/example_dags/example_xcomargs.py
[2024-01-31T02:22:21.388+0000] {logging_mixin.py:188} INFO - [2024-01-31T02:22:21.387+0000] {dag.py:3033} INFO - Sync 2 DAGs
[2024-01-31T02:22:21.402+0000] {logging_mixin.py:188} INFO - [2024-01-31T02:22:21.401+0000] {dag.py:3820} INFO - Setting next_dagrun for example_xcom_args to None, run_after=None
[2024-01-31T02:22:21.406+0000] {logging_mixin.py:188} INFO - [2024-01-31T02:22:21.405+0000] {dag.py:3820} INFO - Setting next_dagrun for example_xcom_args_with_operators to None, run_after=None
[2024-01-31T02:22:21.431+0000] {processor.py:183} INFO - Processing /home/deprojectue/miniconda3/envs/airflow_demo/lib/python3.9/site-packages/airflow/example_dags/example_xcomargs.py took 0.089 seconds
[2024-01-31T08:23:05.103+0000] {processor.py:161} INFO - Started process (PID=213997) to work on /home/deprojectue/miniconda3/envs/airflow_demo/lib/python3.9/site-packages/airflow/example_dags/example_xcomargs.py
[2024-01-31T08:23:05.104+0000] {processor.py:830} INFO - Processing file /home/deprojectue/miniconda3/envs/airflow_demo/lib/python3.9/site-packages/airflow/example_dags/example_xcomargs.py for tasks to queue
[2024-01-31T08:23:05.108+0000] {logging_mixin.py:188} INFO - [2024-01-31T08:23:05.107+0000] {dagbag.py:538} INFO - Filling up the DagBag from /home/deprojectue/miniconda3/envs/airflow_demo/lib/python3.9/site-packages/airflow/example_dags/example_xcomargs.py
[2024-01-31T08:23:05.123+0000] {processor.py:840} INFO - DAG(s) 'example_xcom_args_with_operators', 'example_xcom_args' retrieved from /home/deprojectue/miniconda3/envs/airflow_demo/lib/python3.9/site-packages/airflow/example_dags/example_xcomargs.py
[2024-01-31T08:23:05.151+0000] {logging_mixin.py:188} INFO - [2024-01-31T08:23:05.150+0000] {dag.py:3033} INFO - Sync 2 DAGs
[2024-01-31T08:23:05.164+0000] {logging_mixin.py:188} INFO - [2024-01-31T08:23:05.164+0000] {dag.py:3820} INFO - Setting next_dagrun for example_xcom_args to None, run_after=None
[2024-01-31T08:23:05.168+0000] {logging_mixin.py:188} INFO - [2024-01-31T08:23:05.168+0000] {dag.py:3820} INFO - Setting next_dagrun for example_xcom_args_with_operators to None, run_after=None
[2024-01-31T08:23:05.192+0000] {processor.py:183} INFO - Processing /home/deprojectue/miniconda3/envs/airflow_demo/lib/python3.9/site-packages/airflow/example_dags/example_xcomargs.py took 0.094 seconds
[2024-01-31T08:24:02.830+0000] {processor.py:161} INFO - Started process (PID=214022) to work on /home/deprojectue/miniconda3/envs/airflow_demo/lib/python3.9/site-packages/airflow/example_dags/example_xcomargs.py
[2024-01-31T08:24:02.831+0000] {processor.py:830} INFO - Processing file /home/deprojectue/miniconda3/envs/airflow_demo/lib/python3.9/site-packages/airflow/example_dags/example_xcomargs.py for tasks to queue
[2024-01-31T08:24:02.835+0000] {logging_mixin.py:188} INFO - [2024-01-31T08:24:02.834+0000] {dagbag.py:538} INFO - Filling up the DagBag from /home/deprojectue/miniconda3/envs/airflow_demo/lib/python3.9/site-packages/airflow/example_dags/example_xcomargs.py
[2024-01-31T08:24:02.849+0000] {processor.py:840} INFO - DAG(s) 'example_xcom_args_with_operators', 'example_xcom_args' retrieved from /home/deprojectue/miniconda3/envs/airflow_demo/lib/python3.9/site-packages/airflow/example_dags/example_xcomargs.py
[2024-01-31T08:24:02.876+0000] {logging_mixin.py:188} INFO - [2024-01-31T08:24:02.876+0000] {dag.py:3033} INFO - Sync 2 DAGs
[2024-01-31T08:24:02.892+0000] {logging_mixin.py:188} INFO - [2024-01-31T08:24:02.892+0000] {dag.py:3820} INFO - Setting next_dagrun for example_xcom_args to None, run_after=None
[2024-01-31T08:24:02.896+0000] {logging_mixin.py:188} INFO - [2024-01-31T08:24:02.896+0000] {dag.py:3820} INFO - Setting next_dagrun for example_xcom_args_with_operators to None, run_after=None
[2024-01-31T08:24:02.919+0000] {processor.py:183} INFO - Processing /home/deprojectue/miniconda3/envs/airflow_demo/lib/python3.9/site-packages/airflow/example_dags/example_xcomargs.py took 0.094 seconds
[2024-01-31T08:24:58.999+0000] {processor.py:161} INFO - Started process (PID=214079) to work on /home/deprojectue/miniconda3/envs/airflow_demo/lib/python3.9/site-packages/airflow/example_dags/example_xcomargs.py
[2024-01-31T08:24:59.001+0000] {processor.py:830} INFO - Processing file /home/deprojectue/miniconda3/envs/airflow_demo/lib/python3.9/site-packages/airflow/example_dags/example_xcomargs.py for tasks to queue
[2024-01-31T08:24:59.005+0000] {logging_mixin.py:188} INFO - [2024-01-31T08:24:59.005+0000] {dagbag.py:538} INFO - Filling up the DagBag from /home/deprojectue/miniconda3/envs/airflow_demo/lib/python3.9/site-packages/airflow/example_dags/example_xcomargs.py
[2024-01-31T08:24:59.016+0000] {processor.py:840} INFO - DAG(s) 'example_xcom_args_with_operators', 'example_xcom_args' retrieved from /home/deprojectue/miniconda3/envs/airflow_demo/lib/python3.9/site-packages/airflow/example_dags/example_xcomargs.py
[2024-01-31T08:24:59.040+0000] {logging_mixin.py:188} INFO - [2024-01-31T08:24:59.040+0000] {dag.py:3033} INFO - Sync 2 DAGs
[2024-01-31T08:24:59.054+0000] {logging_mixin.py:188} INFO - [2024-01-31T08:24:59.053+0000] {dag.py:3820} INFO - Setting next_dagrun for example_xcom_args to None, run_after=None
[2024-01-31T08:24:59.057+0000] {logging_mixin.py:188} INFO - [2024-01-31T08:24:59.057+0000] {dag.py:3820} INFO - Setting next_dagrun for example_xcom_args_with_operators to None, run_after=None
[2024-01-31T08:24:59.080+0000] {processor.py:183} INFO - Processing /home/deprojectue/miniconda3/envs/airflow_demo/lib/python3.9/site-packages/airflow/example_dags/example_xcomargs.py took 0.085 seconds
[2024-01-31T08:25:45.022+0000] {processor.py:161} INFO - Started process (PID=214127) to work on /home/deprojectue/miniconda3/envs/airflow_demo/lib/python3.9/site-packages/airflow/example_dags/example_xcomargs.py
[2024-01-31T08:25:45.024+0000] {processor.py:830} INFO - Processing file /home/deprojectue/miniconda3/envs/airflow_demo/lib/python3.9/site-packages/airflow/example_dags/example_xcomargs.py for tasks to queue
[2024-01-31T08:25:45.027+0000] {logging_mixin.py:188} INFO - [2024-01-31T08:25:45.026+0000] {dagbag.py:538} INFO - Filling up the DagBag from /home/deprojectue/miniconda3/envs/airflow_demo/lib/python3.9/site-packages/airflow/example_dags/example_xcomargs.py
[2024-01-31T08:25:45.038+0000] {processor.py:840} INFO - DAG(s) 'example_xcom_args', 'example_xcom_args_with_operators' retrieved from /home/deprojectue/miniconda3/envs/airflow_demo/lib/python3.9/site-packages/airflow/example_dags/example_xcomargs.py
[2024-01-31T08:25:45.063+0000] {logging_mixin.py:188} INFO - [2024-01-31T08:25:45.062+0000] {dag.py:3033} INFO - Sync 2 DAGs
[2024-01-31T08:25:45.076+0000] {logging_mixin.py:188} INFO - [2024-01-31T08:25:45.076+0000] {dag.py:3820} INFO - Setting next_dagrun for example_xcom_args to None, run_after=None
[2024-01-31T08:25:45.081+0000] {logging_mixin.py:188} INFO - [2024-01-31T08:25:45.080+0000] {dag.py:3820} INFO - Setting next_dagrun for example_xcom_args_with_operators to None, run_after=None
[2024-01-31T08:25:45.104+0000] {processor.py:183} INFO - Processing /home/deprojectue/miniconda3/envs/airflow_demo/lib/python3.9/site-packages/airflow/example_dags/example_xcomargs.py took 0.087 seconds
[2024-01-31T08:28:29.256+0000] {processor.py:161} INFO - Started process (PID=214736) to work on /home/deprojectue/miniconda3/envs/airflow_demo/lib/python3.9/site-packages/airflow/example_dags/example_xcomargs.py
[2024-01-31T08:28:29.266+0000] {processor.py:830} INFO - Processing file /home/deprojectue/miniconda3/envs/airflow_demo/lib/python3.9/site-packages/airflow/example_dags/example_xcomargs.py for tasks to queue
[2024-01-31T08:28:29.465+0000] {logging_mixin.py:188} INFO - [2024-01-31T08:28:29.267+0000] {dagbag.py:538} INFO - Filling up the DagBag from /home/deprojectue/miniconda3/envs/airflow_demo/lib/python3.9/site-packages/airflow/example_dags/example_xcomargs.py
[2024-01-31T08:28:29.501+0000] {processor.py:840} INFO - DAG(s) 'example_xcom_args_with_operators', 'example_xcom_args' retrieved from /home/deprojectue/miniconda3/envs/airflow_demo/lib/python3.9/site-packages/airflow/example_dags/example_xcomargs.py
[2024-01-31T08:28:31.481+0000] {logging_mixin.py:188} INFO - [2024-01-31T08:28:31.468+0000] {dag.py:3033} INFO - Sync 2 DAGs
[2024-01-31T08:28:32.006+0000] {logging_mixin.py:188} INFO - [2024-01-31T08:28:31.770+0000] {dag.py:3820} INFO - Setting next_dagrun for example_xcom_args to None, run_after=None
[2024-01-31T08:28:32.244+0000] {logging_mixin.py:188} INFO - [2024-01-31T08:28:32.241+0000] {dag.py:3820} INFO - Setting next_dagrun for example_xcom_args_with_operators to None, run_after=None
[2024-01-31T08:29:22.475+0000] {processor.py:183} INFO - Processing /home/deprojectue/miniconda3/envs/airflow_demo/lib/python3.9/site-packages/airflow/example_dags/example_xcomargs.py took 52.251 seconds
[2024-01-31T08:42:14.583+0000] {processor.py:161} INFO - Started process (PID=215198) to work on /home/deprojectue/miniconda3/envs/airflow_demo/lib/python3.9/site-packages/airflow/example_dags/example_xcomargs.py
[2024-01-31T08:42:14.586+0000] {processor.py:830} INFO - Processing file /home/deprojectue/miniconda3/envs/airflow_demo/lib/python3.9/site-packages/airflow/example_dags/example_xcomargs.py for tasks to queue
[2024-01-31T08:42:14.590+0000] {logging_mixin.py:188} INFO - [2024-01-31T08:42:14.589+0000] {dagbag.py:538} INFO - Filling up the DagBag from /home/deprojectue/miniconda3/envs/airflow_demo/lib/python3.9/site-packages/airflow/example_dags/example_xcomargs.py
[2024-01-31T08:42:14.615+0000] {processor.py:840} INFO - DAG(s) 'example_xcom_args_with_operators', 'example_xcom_args' retrieved from /home/deprojectue/miniconda3/envs/airflow_demo/lib/python3.9/site-packages/airflow/example_dags/example_xcomargs.py
[2024-01-31T08:42:14.826+0000] {logging_mixin.py:188} INFO - [2024-01-31T08:42:14.826+0000] {dag.py:3033} INFO - Sync 2 DAGs
[2024-01-31T08:42:14.838+0000] {logging_mixin.py:188} INFO - [2024-01-31T08:42:14.838+0000] {dag.py:3820} INFO - Setting next_dagrun for example_xcom_args to None, run_after=None
[2024-01-31T08:42:14.842+0000] {logging_mixin.py:188} INFO - [2024-01-31T08:42:14.841+0000] {dag.py:3820} INFO - Setting next_dagrun for example_xcom_args_with_operators to None, run_after=None
[2024-01-31T08:42:14.868+0000] {processor.py:183} INFO - Processing /home/deprojectue/miniconda3/envs/airflow_demo/lib/python3.9/site-packages/airflow/example_dags/example_xcomargs.py took 0.291 seconds
[2024-01-31T08:51:43.157+0000] {processor.py:161} INFO - Started process (PID=215362) to work on /home/deprojectue/miniconda3/envs/airflow_demo/lib/python3.9/site-packages/airflow/example_dags/example_xcomargs.py
[2024-01-31T08:51:43.160+0000] {processor.py:830} INFO - Processing file /home/deprojectue/miniconda3/envs/airflow_demo/lib/python3.9/site-packages/airflow/example_dags/example_xcomargs.py for tasks to queue
[2024-01-31T08:51:43.164+0000] {logging_mixin.py:188} INFO - [2024-01-31T08:51:43.163+0000] {dagbag.py:538} INFO - Filling up the DagBag from /home/deprojectue/miniconda3/envs/airflow_demo/lib/python3.9/site-packages/airflow/example_dags/example_xcomargs.py
[2024-01-31T08:51:43.178+0000] {processor.py:840} INFO - DAG(s) 'example_xcom_args_with_operators', 'example_xcom_args' retrieved from /home/deprojectue/miniconda3/envs/airflow_demo/lib/python3.9/site-packages/airflow/example_dags/example_xcomargs.py
[2024-01-31T08:51:43.208+0000] {logging_mixin.py:188} INFO - [2024-01-31T08:51:43.207+0000] {dag.py:3033} INFO - Sync 2 DAGs
[2024-01-31T08:51:43.222+0000] {logging_mixin.py:188} INFO - [2024-01-31T08:51:43.222+0000] {dag.py:3820} INFO - Setting next_dagrun for example_xcom_args to None, run_after=None
[2024-01-31T08:51:43.226+0000] {logging_mixin.py:188} INFO - [2024-01-31T08:51:43.226+0000] {dag.py:3820} INFO - Setting next_dagrun for example_xcom_args_with_operators to None, run_after=None
[2024-01-31T08:51:43.252+0000] {processor.py:183} INFO - Processing /home/deprojectue/miniconda3/envs/airflow_demo/lib/python3.9/site-packages/airflow/example_dags/example_xcomargs.py took 0.099 seconds
[2024-01-31T08:52:32.010+0000] {processor.py:161} INFO - Started process (PID=215411) to work on /home/deprojectue/miniconda3/envs/airflow_demo/lib/python3.9/site-packages/airflow/example_dags/example_xcomargs.py
[2024-01-31T08:52:32.012+0000] {processor.py:830} INFO - Processing file /home/deprojectue/miniconda3/envs/airflow_demo/lib/python3.9/site-packages/airflow/example_dags/example_xcomargs.py for tasks to queue
[2024-01-31T08:52:32.015+0000] {logging_mixin.py:188} INFO - [2024-01-31T08:52:32.015+0000] {dagbag.py:538} INFO - Filling up the DagBag from /home/deprojectue/miniconda3/envs/airflow_demo/lib/python3.9/site-packages/airflow/example_dags/example_xcomargs.py
[2024-01-31T08:52:32.028+0000] {processor.py:840} INFO - DAG(s) 'example_xcom_args', 'example_xcom_args_with_operators' retrieved from /home/deprojectue/miniconda3/envs/airflow_demo/lib/python3.9/site-packages/airflow/example_dags/example_xcomargs.py
[2024-01-31T08:52:32.050+0000] {logging_mixin.py:188} INFO - [2024-01-31T08:52:32.050+0000] {dag.py:3033} INFO - Sync 2 DAGs
[2024-01-31T08:52:32.064+0000] {logging_mixin.py:188} INFO - [2024-01-31T08:52:32.064+0000] {dag.py:3820} INFO - Setting next_dagrun for example_xcom_args to None, run_after=None
[2024-01-31T08:52:32.067+0000] {logging_mixin.py:188} INFO - [2024-01-31T08:52:32.067+0000] {dag.py:3820} INFO - Setting next_dagrun for example_xcom_args_with_operators to None, run_after=None
[2024-01-31T08:52:32.090+0000] {processor.py:183} INFO - Processing /home/deprojectue/miniconda3/envs/airflow_demo/lib/python3.9/site-packages/airflow/example_dags/example_xcomargs.py took 0.085 seconds
[2024-01-31T08:53:11.643+0000] {processor.py:161} INFO - Started process (PID=215453) to work on /home/deprojectue/miniconda3/envs/airflow_demo/lib/python3.9/site-packages/airflow/example_dags/example_xcomargs.py
[2024-01-31T08:53:11.645+0000] {processor.py:830} INFO - Processing file /home/deprojectue/miniconda3/envs/airflow_demo/lib/python3.9/site-packages/airflow/example_dags/example_xcomargs.py for tasks to queue
[2024-01-31T08:53:11.648+0000] {logging_mixin.py:188} INFO - [2024-01-31T08:53:11.647+0000] {dagbag.py:538} INFO - Filling up the DagBag from /home/deprojectue/miniconda3/envs/airflow_demo/lib/python3.9/site-packages/airflow/example_dags/example_xcomargs.py
[2024-01-31T08:53:11.660+0000] {processor.py:840} INFO - DAG(s) 'example_xcom_args_with_operators', 'example_xcom_args' retrieved from /home/deprojectue/miniconda3/envs/airflow_demo/lib/python3.9/site-packages/airflow/example_dags/example_xcomargs.py
[2024-01-31T08:53:11.682+0000] {logging_mixin.py:188} INFO - [2024-01-31T08:53:11.682+0000] {dag.py:3033} INFO - Sync 2 DAGs
[2024-01-31T08:53:11.694+0000] {logging_mixin.py:188} INFO - [2024-01-31T08:53:11.694+0000] {dag.py:3820} INFO - Setting next_dagrun for example_xcom_args to None, run_after=None
[2024-01-31T08:53:11.697+0000] {logging_mixin.py:188} INFO - [2024-01-31T08:53:11.697+0000] {dag.py:3820} INFO - Setting next_dagrun for example_xcom_args_with_operators to None, run_after=None
[2024-01-31T08:53:11.719+0000] {processor.py:183} INFO - Processing /home/deprojectue/miniconda3/envs/airflow_demo/lib/python3.9/site-packages/airflow/example_dags/example_xcomargs.py took 0.081 seconds
[2024-01-31T08:53:53.420+0000] {processor.py:161} INFO - Started process (PID=215495) to work on /home/deprojectue/miniconda3/envs/airflow_demo/lib/python3.9/site-packages/airflow/example_dags/example_xcomargs.py
[2024-01-31T08:53:53.423+0000] {processor.py:830} INFO - Processing file /home/deprojectue/miniconda3/envs/airflow_demo/lib/python3.9/site-packages/airflow/example_dags/example_xcomargs.py for tasks to queue
[2024-01-31T08:53:53.426+0000] {logging_mixin.py:188} INFO - [2024-01-31T08:53:53.426+0000] {dagbag.py:538} INFO - Filling up the DagBag from /home/deprojectue/miniconda3/envs/airflow_demo/lib/python3.9/site-packages/airflow/example_dags/example_xcomargs.py
[2024-01-31T08:53:53.439+0000] {processor.py:840} INFO - DAG(s) 'example_xcom_args_with_operators', 'example_xcom_args' retrieved from /home/deprojectue/miniconda3/envs/airflow_demo/lib/python3.9/site-packages/airflow/example_dags/example_xcomargs.py
[2024-01-31T08:53:53.463+0000] {logging_mixin.py:188} INFO - [2024-01-31T08:53:53.462+0000] {dag.py:3033} INFO - Sync 2 DAGs
[2024-01-31T08:53:53.476+0000] {logging_mixin.py:188} INFO - [2024-01-31T08:53:53.476+0000] {dag.py:3820} INFO - Setting next_dagrun for example_xcom_args to None, run_after=None
[2024-01-31T08:53:53.480+0000] {logging_mixin.py:188} INFO - [2024-01-31T08:53:53.480+0000] {dag.py:3820} INFO - Setting next_dagrun for example_xcom_args_with_operators to None, run_after=None
[2024-01-31T08:53:53.505+0000] {processor.py:183} INFO - Processing /home/deprojectue/miniconda3/envs/airflow_demo/lib/python3.9/site-packages/airflow/example_dags/example_xcomargs.py took 0.089 seconds
[2024-01-31T08:54:35.254+0000] {processor.py:161} INFO - Started process (PID=215539) to work on /home/deprojectue/miniconda3/envs/airflow_demo/lib/python3.9/site-packages/airflow/example_dags/example_xcomargs.py
[2024-01-31T08:54:35.256+0000] {processor.py:830} INFO - Processing file /home/deprojectue/miniconda3/envs/airflow_demo/lib/python3.9/site-packages/airflow/example_dags/example_xcomargs.py for tasks to queue
[2024-01-31T08:54:35.260+0000] {logging_mixin.py:188} INFO - [2024-01-31T08:54:35.259+0000] {dagbag.py:538} INFO - Filling up the DagBag from /home/deprojectue/miniconda3/envs/airflow_demo/lib/python3.9/site-packages/airflow/example_dags/example_xcomargs.py
[2024-01-31T08:54:35.273+0000] {processor.py:840} INFO - DAG(s) 'example_xcom_args', 'example_xcom_args_with_operators' retrieved from /home/deprojectue/miniconda3/envs/airflow_demo/lib/python3.9/site-packages/airflow/example_dags/example_xcomargs.py
[2024-01-31T08:54:35.297+0000] {logging_mixin.py:188} INFO - [2024-01-31T08:54:35.297+0000] {dag.py:3033} INFO - Sync 2 DAGs
[2024-01-31T08:54:35.311+0000] {logging_mixin.py:188} INFO - [2024-01-31T08:54:35.310+0000] {dag.py:3820} INFO - Setting next_dagrun for example_xcom_args to None, run_after=None
[2024-01-31T08:54:35.314+0000] {logging_mixin.py:188} INFO - [2024-01-31T08:54:35.314+0000] {dag.py:3820} INFO - Setting next_dagrun for example_xcom_args_with_operators to None, run_after=None
[2024-01-31T08:54:35.337+0000] {processor.py:183} INFO - Processing /home/deprojectue/miniconda3/envs/airflow_demo/lib/python3.9/site-packages/airflow/example_dags/example_xcomargs.py took 0.088 seconds
[2024-01-31T08:55:16.905+0000] {processor.py:161} INFO - Started process (PID=215582) to work on /home/deprojectue/miniconda3/envs/airflow_demo/lib/python3.9/site-packages/airflow/example_dags/example_xcomargs.py
[2024-01-31T08:55:16.907+0000] {processor.py:830} INFO - Processing file /home/deprojectue/miniconda3/envs/airflow_demo/lib/python3.9/site-packages/airflow/example_dags/example_xcomargs.py for tasks to queue
[2024-01-31T08:55:16.910+0000] {logging_mixin.py:188} INFO - [2024-01-31T08:55:16.910+0000] {dagbag.py:538} INFO - Filling up the DagBag from /home/deprojectue/miniconda3/envs/airflow_demo/lib/python3.9/site-packages/airflow/example_dags/example_xcomargs.py
[2024-01-31T08:55:16.922+0000] {processor.py:840} INFO - DAG(s) 'example_xcom_args_with_operators', 'example_xcom_args' retrieved from /home/deprojectue/miniconda3/envs/airflow_demo/lib/python3.9/site-packages/airflow/example_dags/example_xcomargs.py
[2024-01-31T08:55:16.944+0000] {logging_mixin.py:188} INFO - [2024-01-31T08:55:16.944+0000] {dag.py:3033} INFO - Sync 2 DAGs
[2024-01-31T08:55:16.958+0000] {logging_mixin.py:188} INFO - [2024-01-31T08:55:16.958+0000] {dag.py:3820} INFO - Setting next_dagrun for example_xcom_args to None, run_after=None
[2024-01-31T08:55:16.961+0000] {logging_mixin.py:188} INFO - [2024-01-31T08:55:16.961+0000] {dag.py:3820} INFO - Setting next_dagrun for example_xcom_args_with_operators to None, run_after=None
[2024-01-31T08:55:16.986+0000] {processor.py:183} INFO - Processing /home/deprojectue/miniconda3/envs/airflow_demo/lib/python3.9/site-packages/airflow/example_dags/example_xcomargs.py took 0.086 seconds
[2024-01-31T08:55:56.326+0000] {processor.py:161} INFO - Started process (PID=215624) to work on /home/deprojectue/miniconda3/envs/airflow_demo/lib/python3.9/site-packages/airflow/example_dags/example_xcomargs.py
[2024-01-31T08:55:56.328+0000] {processor.py:830} INFO - Processing file /home/deprojectue/miniconda3/envs/airflow_demo/lib/python3.9/site-packages/airflow/example_dags/example_xcomargs.py for tasks to queue
[2024-01-31T08:55:56.331+0000] {logging_mixin.py:188} INFO - [2024-01-31T08:55:56.331+0000] {dagbag.py:538} INFO - Filling up the DagBag from /home/deprojectue/miniconda3/envs/airflow_demo/lib/python3.9/site-packages/airflow/example_dags/example_xcomargs.py
[2024-01-31T08:55:56.343+0000] {processor.py:840} INFO - DAG(s) 'example_xcom_args_with_operators', 'example_xcom_args' retrieved from /home/deprojectue/miniconda3/envs/airflow_demo/lib/python3.9/site-packages/airflow/example_dags/example_xcomargs.py
[2024-01-31T08:55:56.366+0000] {logging_mixin.py:188} INFO - [2024-01-31T08:55:56.365+0000] {dag.py:3033} INFO - Sync 2 DAGs
[2024-01-31T08:55:56.379+0000] {logging_mixin.py:188} INFO - [2024-01-31T08:55:56.379+0000] {dag.py:3820} INFO - Setting next_dagrun for example_xcom_args to None, run_after=None
[2024-01-31T08:55:56.382+0000] {logging_mixin.py:188} INFO - [2024-01-31T08:55:56.382+0000] {dag.py:3820} INFO - Setting next_dagrun for example_xcom_args_with_operators to None, run_after=None
[2024-01-31T08:55:56.406+0000] {processor.py:183} INFO - Processing /home/deprojectue/miniconda3/envs/airflow_demo/lib/python3.9/site-packages/airflow/example_dags/example_xcomargs.py took 0.085 seconds
[2024-01-31T08:56:32.633+0000] {processor.py:161} INFO - Started process (PID=215674) to work on /home/deprojectue/miniconda3/envs/airflow_demo/lib/python3.9/site-packages/airflow/example_dags/example_xcomargs.py
[2024-01-31T08:56:32.635+0000] {processor.py:830} INFO - Processing file /home/deprojectue/miniconda3/envs/airflow_demo/lib/python3.9/site-packages/airflow/example_dags/example_xcomargs.py for tasks to queue
[2024-01-31T08:56:32.639+0000] {logging_mixin.py:188} INFO - [2024-01-31T08:56:32.638+0000] {dagbag.py:538} INFO - Filling up the DagBag from /home/deprojectue/miniconda3/envs/airflow_demo/lib/python3.9/site-packages/airflow/example_dags/example_xcomargs.py
[2024-01-31T08:56:32.656+0000] {processor.py:840} INFO - DAG(s) 'example_xcom_args', 'example_xcom_args_with_operators' retrieved from /home/deprojectue/miniconda3/envs/airflow_demo/lib/python3.9/site-packages/airflow/example_dags/example_xcomargs.py
[2024-01-31T08:56:32.682+0000] {logging_mixin.py:188} INFO - [2024-01-31T08:56:32.681+0000] {dag.py:3033} INFO - Sync 2 DAGs
[2024-01-31T08:56:32.695+0000] {logging_mixin.py:188} INFO - [2024-01-31T08:56:32.695+0000] {dag.py:3820} INFO - Setting next_dagrun for example_xcom_args to None, run_after=None
[2024-01-31T08:56:32.698+0000] {logging_mixin.py:188} INFO - [2024-01-31T08:56:32.698+0000] {dag.py:3820} INFO - Setting next_dagrun for example_xcom_args_with_operators to None, run_after=None
[2024-01-31T08:56:32.722+0000] {processor.py:183} INFO - Processing /home/deprojectue/miniconda3/envs/airflow_demo/lib/python3.9/site-packages/airflow/example_dags/example_xcomargs.py took 0.093 seconds
[2024-01-31T08:57:11.652+0000] {processor.py:161} INFO - Started process (PID=215720) to work on /home/deprojectue/miniconda3/envs/airflow_demo/lib/python3.9/site-packages/airflow/example_dags/example_xcomargs.py
[2024-01-31T08:57:11.654+0000] {processor.py:830} INFO - Processing file /home/deprojectue/miniconda3/envs/airflow_demo/lib/python3.9/site-packages/airflow/example_dags/example_xcomargs.py for tasks to queue
[2024-01-31T08:57:11.658+0000] {logging_mixin.py:188} INFO - [2024-01-31T08:57:11.657+0000] {dagbag.py:538} INFO - Filling up the DagBag from /home/deprojectue/miniconda3/envs/airflow_demo/lib/python3.9/site-packages/airflow/example_dags/example_xcomargs.py
[2024-01-31T08:57:11.670+0000] {processor.py:840} INFO - DAG(s) 'example_xcom_args', 'example_xcom_args_with_operators' retrieved from /home/deprojectue/miniconda3/envs/airflow_demo/lib/python3.9/site-packages/airflow/example_dags/example_xcomargs.py
[2024-01-31T08:57:11.693+0000] {logging_mixin.py:188} INFO - [2024-01-31T08:57:11.693+0000] {dag.py:3033} INFO - Sync 2 DAGs
[2024-01-31T08:57:11.707+0000] {logging_mixin.py:188} INFO - [2024-01-31T08:57:11.707+0000] {dag.py:3820} INFO - Setting next_dagrun for example_xcom_args to None, run_after=None
[2024-01-31T08:57:11.710+0000] {logging_mixin.py:188} INFO - [2024-01-31T08:57:11.710+0000] {dag.py:3820} INFO - Setting next_dagrun for example_xcom_args_with_operators to None, run_after=None
[2024-01-31T08:57:11.734+0000] {processor.py:183} INFO - Processing /home/deprojectue/miniconda3/envs/airflow_demo/lib/python3.9/site-packages/airflow/example_dags/example_xcomargs.py took 0.087 seconds
[2024-01-31T08:57:47.863+0000] {processor.py:161} INFO - Started process (PID=215758) to work on /home/deprojectue/miniconda3/envs/airflow_demo/lib/python3.9/site-packages/airflow/example_dags/example_xcomargs.py
[2024-01-31T08:57:47.866+0000] {processor.py:830} INFO - Processing file /home/deprojectue/miniconda3/envs/airflow_demo/lib/python3.9/site-packages/airflow/example_dags/example_xcomargs.py for tasks to queue
[2024-01-31T08:57:47.869+0000] {logging_mixin.py:188} INFO - [2024-01-31T08:57:47.868+0000] {dagbag.py:538} INFO - Filling up the DagBag from /home/deprojectue/miniconda3/envs/airflow_demo/lib/python3.9/site-packages/airflow/example_dags/example_xcomargs.py
[2024-01-31T08:57:47.883+0000] {processor.py:840} INFO - DAG(s) 'example_xcom_args_with_operators', 'example_xcom_args' retrieved from /home/deprojectue/miniconda3/envs/airflow_demo/lib/python3.9/site-packages/airflow/example_dags/example_xcomargs.py
[2024-01-31T08:57:47.906+0000] {logging_mixin.py:188} INFO - [2024-01-31T08:57:47.906+0000] {dag.py:3033} INFO - Sync 2 DAGs
[2024-01-31T08:57:47.919+0000] {logging_mixin.py:188} INFO - [2024-01-31T08:57:47.919+0000] {dag.py:3820} INFO - Setting next_dagrun for example_xcom_args to None, run_after=None
[2024-01-31T08:57:47.922+0000] {logging_mixin.py:188} INFO - [2024-01-31T08:57:47.922+0000] {dag.py:3820} INFO - Setting next_dagrun for example_xcom_args_with_operators to None, run_after=None
[2024-01-31T08:57:47.946+0000] {processor.py:183} INFO - Processing /home/deprojectue/miniconda3/envs/airflow_demo/lib/python3.9/site-packages/airflow/example_dags/example_xcomargs.py took 0.087 seconds
[2024-01-31T08:58:26.380+0000] {processor.py:161} INFO - Started process (PID=215796) to work on /home/deprojectue/miniconda3/envs/airflow_demo/lib/python3.9/site-packages/airflow/example_dags/example_xcomargs.py
[2024-01-31T08:58:26.382+0000] {processor.py:830} INFO - Processing file /home/deprojectue/miniconda3/envs/airflow_demo/lib/python3.9/site-packages/airflow/example_dags/example_xcomargs.py for tasks to queue
[2024-01-31T08:58:26.385+0000] {logging_mixin.py:188} INFO - [2024-01-31T08:58:26.385+0000] {dagbag.py:538} INFO - Filling up the DagBag from /home/deprojectue/miniconda3/envs/airflow_demo/lib/python3.9/site-packages/airflow/example_dags/example_xcomargs.py
[2024-01-31T08:58:26.402+0000] {processor.py:840} INFO - DAG(s) 'example_xcom_args', 'example_xcom_args_with_operators' retrieved from /home/deprojectue/miniconda3/envs/airflow_demo/lib/python3.9/site-packages/airflow/example_dags/example_xcomargs.py
[2024-01-31T08:58:26.427+0000] {logging_mixin.py:188} INFO - [2024-01-31T08:58:26.426+0000] {dag.py:3033} INFO - Sync 2 DAGs
[2024-01-31T08:58:26.441+0000] {logging_mixin.py:188} INFO - [2024-01-31T08:58:26.441+0000] {dag.py:3820} INFO - Setting next_dagrun for example_xcom_args to None, run_after=None
[2024-01-31T08:58:26.445+0000] {logging_mixin.py:188} INFO - [2024-01-31T08:58:26.444+0000] {dag.py:3820} INFO - Setting next_dagrun for example_xcom_args_with_operators to None, run_after=None
[2024-01-31T08:58:26.469+0000] {processor.py:183} INFO - Processing /home/deprojectue/miniconda3/envs/airflow_demo/lib/python3.9/site-packages/airflow/example_dags/example_xcomargs.py took 0.093 seconds
[2024-01-31T08:59:07.005+0000] {processor.py:161} INFO - Started process (PID=215858) to work on /home/deprojectue/miniconda3/envs/airflow_demo/lib/python3.9/site-packages/airflow/example_dags/example_xcomargs.py
[2024-01-31T08:59:07.008+0000] {processor.py:830} INFO - Processing file /home/deprojectue/miniconda3/envs/airflow_demo/lib/python3.9/site-packages/airflow/example_dags/example_xcomargs.py for tasks to queue
[2024-01-31T08:59:07.011+0000] {logging_mixin.py:188} INFO - [2024-01-31T08:59:07.011+0000] {dagbag.py:538} INFO - Filling up the DagBag from /home/deprojectue/miniconda3/envs/airflow_demo/lib/python3.9/site-packages/airflow/example_dags/example_xcomargs.py
[2024-01-31T08:59:07.028+0000] {processor.py:840} INFO - DAG(s) 'example_xcom_args', 'example_xcom_args_with_operators' retrieved from /home/deprojectue/miniconda3/envs/airflow_demo/lib/python3.9/site-packages/airflow/example_dags/example_xcomargs.py
[2024-01-31T08:59:07.052+0000] {logging_mixin.py:188} INFO - [2024-01-31T08:59:07.052+0000] {dag.py:3033} INFO - Sync 2 DAGs
[2024-01-31T08:59:07.066+0000] {logging_mixin.py:188} INFO - [2024-01-31T08:59:07.066+0000] {dag.py:3820} INFO - Setting next_dagrun for example_xcom_args to None, run_after=None
[2024-01-31T08:59:07.069+0000] {logging_mixin.py:188} INFO - [2024-01-31T08:59:07.069+0000] {dag.py:3820} INFO - Setting next_dagrun for example_xcom_args_with_operators to None, run_after=None
[2024-01-31T08:59:07.092+0000] {processor.py:183} INFO - Processing /home/deprojectue/miniconda3/envs/airflow_demo/lib/python3.9/site-packages/airflow/example_dags/example_xcomargs.py took 0.091 seconds
[2024-01-31T08:59:46.821+0000] {processor.py:161} INFO - Started process (PID=215900) to work on /home/deprojectue/miniconda3/envs/airflow_demo/lib/python3.9/site-packages/airflow/example_dags/example_xcomargs.py
[2024-01-31T08:59:46.823+0000] {processor.py:830} INFO - Processing file /home/deprojectue/miniconda3/envs/airflow_demo/lib/python3.9/site-packages/airflow/example_dags/example_xcomargs.py for tasks to queue
[2024-01-31T08:59:46.826+0000] {logging_mixin.py:188} INFO - [2024-01-31T08:59:46.826+0000] {dagbag.py:538} INFO - Filling up the DagBag from /home/deprojectue/miniconda3/envs/airflow_demo/lib/python3.9/site-packages/airflow/example_dags/example_xcomargs.py
[2024-01-31T08:59:46.839+0000] {processor.py:840} INFO - DAG(s) 'example_xcom_args_with_operators', 'example_xcom_args' retrieved from /home/deprojectue/miniconda3/envs/airflow_demo/lib/python3.9/site-packages/airflow/example_dags/example_xcomargs.py
[2024-01-31T08:59:46.863+0000] {logging_mixin.py:188} INFO - [2024-01-31T08:59:46.863+0000] {dag.py:3033} INFO - Sync 2 DAGs
[2024-01-31T08:59:46.877+0000] {logging_mixin.py:188} INFO - [2024-01-31T08:59:46.877+0000] {dag.py:3820} INFO - Setting next_dagrun for example_xcom_args to None, run_after=None
[2024-01-31T08:59:46.880+0000] {logging_mixin.py:188} INFO - [2024-01-31T08:59:46.880+0000] {dag.py:3820} INFO - Setting next_dagrun for example_xcom_args_with_operators to None, run_after=None
[2024-01-31T08:59:46.904+0000] {processor.py:183} INFO - Processing /home/deprojectue/miniconda3/envs/airflow_demo/lib/python3.9/site-packages/airflow/example_dags/example_xcomargs.py took 0.087 seconds
[2024-01-31T09:00:25.327+0000] {processor.py:161} INFO - Started process (PID=215940) to work on /home/deprojectue/miniconda3/envs/airflow_demo/lib/python3.9/site-packages/airflow/example_dags/example_xcomargs.py
[2024-01-31T09:00:25.330+0000] {processor.py:830} INFO - Processing file /home/deprojectue/miniconda3/envs/airflow_demo/lib/python3.9/site-packages/airflow/example_dags/example_xcomargs.py for tasks to queue
[2024-01-31T09:00:25.334+0000] {logging_mixin.py:188} INFO - [2024-01-31T09:00:25.333+0000] {dagbag.py:538} INFO - Filling up the DagBag from /home/deprojectue/miniconda3/envs/airflow_demo/lib/python3.9/site-packages/airflow/example_dags/example_xcomargs.py
[2024-01-31T09:00:25.352+0000] {processor.py:840} INFO - DAG(s) 'example_xcom_args', 'example_xcom_args_with_operators' retrieved from /home/deprojectue/miniconda3/envs/airflow_demo/lib/python3.9/site-packages/airflow/example_dags/example_xcomargs.py
[2024-01-31T09:00:25.377+0000] {logging_mixin.py:188} INFO - [2024-01-31T09:00:25.377+0000] {dag.py:3033} INFO - Sync 2 DAGs
[2024-01-31T09:00:25.390+0000] {logging_mixin.py:188} INFO - [2024-01-31T09:00:25.390+0000] {dag.py:3820} INFO - Setting next_dagrun for example_xcom_args to None, run_after=None
[2024-01-31T09:00:25.393+0000] {logging_mixin.py:188} INFO - [2024-01-31T09:00:25.393+0000] {dag.py:3820} INFO - Setting next_dagrun for example_xcom_args_with_operators to None, run_after=None
[2024-01-31T09:00:25.417+0000] {processor.py:183} INFO - Processing /home/deprojectue/miniconda3/envs/airflow_demo/lib/python3.9/site-packages/airflow/example_dags/example_xcomargs.py took 0.094 seconds
[2024-01-31T09:01:01.850+0000] {processor.py:161} INFO - Started process (PID=215978) to work on /home/deprojectue/miniconda3/envs/airflow_demo/lib/python3.9/site-packages/airflow/example_dags/example_xcomargs.py
[2024-01-31T09:01:01.853+0000] {processor.py:830} INFO - Processing file /home/deprojectue/miniconda3/envs/airflow_demo/lib/python3.9/site-packages/airflow/example_dags/example_xcomargs.py for tasks to queue
[2024-01-31T09:01:01.856+0000] {logging_mixin.py:188} INFO - [2024-01-31T09:01:01.856+0000] {dagbag.py:538} INFO - Filling up the DagBag from /home/deprojectue/miniconda3/envs/airflow_demo/lib/python3.9/site-packages/airflow/example_dags/example_xcomargs.py
[2024-01-31T09:01:01.869+0000] {processor.py:840} INFO - DAG(s) 'example_xcom_args_with_operators', 'example_xcom_args' retrieved from /home/deprojectue/miniconda3/envs/airflow_demo/lib/python3.9/site-packages/airflow/example_dags/example_xcomargs.py
[2024-01-31T09:01:01.892+0000] {logging_mixin.py:188} INFO - [2024-01-31T09:01:01.892+0000] {dag.py:3033} INFO - Sync 2 DAGs
[2024-01-31T09:01:01.906+0000] {logging_mixin.py:188} INFO - [2024-01-31T09:01:01.906+0000] {dag.py:3820} INFO - Setting next_dagrun for example_xcom_args to None, run_after=None
[2024-01-31T09:01:01.909+0000] {logging_mixin.py:188} INFO - [2024-01-31T09:01:01.909+0000] {dag.py:3820} INFO - Setting next_dagrun for example_xcom_args_with_operators to None, run_after=None
[2024-01-31T09:01:01.932+0000] {processor.py:183} INFO - Processing /home/deprojectue/miniconda3/envs/airflow_demo/lib/python3.9/site-packages/airflow/example_dags/example_xcomargs.py took 0.087 seconds
[2024-01-31T09:01:39.815+0000] {processor.py:161} INFO - Started process (PID=216020) to work on /home/deprojectue/miniconda3/envs/airflow_demo/lib/python3.9/site-packages/airflow/example_dags/example_xcomargs.py
[2024-01-31T09:01:39.817+0000] {processor.py:830} INFO - Processing file /home/deprojectue/miniconda3/envs/airflow_demo/lib/python3.9/site-packages/airflow/example_dags/example_xcomargs.py for tasks to queue
[2024-01-31T09:01:39.821+0000] {logging_mixin.py:188} INFO - [2024-01-31T09:01:39.820+0000] {dagbag.py:538} INFO - Filling up the DagBag from /home/deprojectue/miniconda3/envs/airflow_demo/lib/python3.9/site-packages/airflow/example_dags/example_xcomargs.py
[2024-01-31T09:01:39.833+0000] {processor.py:840} INFO - DAG(s) 'example_xcom_args', 'example_xcom_args_with_operators' retrieved from /home/deprojectue/miniconda3/envs/airflow_demo/lib/python3.9/site-packages/airflow/example_dags/example_xcomargs.py
[2024-01-31T09:01:39.858+0000] {logging_mixin.py:188} INFO - [2024-01-31T09:01:39.858+0000] {dag.py:3033} INFO - Sync 2 DAGs
[2024-01-31T09:01:39.871+0000] {logging_mixin.py:188} INFO - [2024-01-31T09:01:39.871+0000] {dag.py:3820} INFO - Setting next_dagrun for example_xcom_args to None, run_after=None
[2024-01-31T09:01:39.875+0000] {logging_mixin.py:188} INFO - [2024-01-31T09:01:39.874+0000] {dag.py:3820} INFO - Setting next_dagrun for example_xcom_args_with_operators to None, run_after=None
[2024-01-31T09:01:39.896+0000] {processor.py:183} INFO - Processing /home/deprojectue/miniconda3/envs/airflow_demo/lib/python3.9/site-packages/airflow/example_dags/example_xcomargs.py took 0.085 seconds
[2024-01-31T09:02:16.746+0000] {processor.py:161} INFO - Started process (PID=216060) to work on /home/deprojectue/miniconda3/envs/airflow_demo/lib/python3.9/site-packages/airflow/example_dags/example_xcomargs.py
[2024-01-31T09:02:16.749+0000] {processor.py:830} INFO - Processing file /home/deprojectue/miniconda3/envs/airflow_demo/lib/python3.9/site-packages/airflow/example_dags/example_xcomargs.py for tasks to queue
[2024-01-31T09:02:16.752+0000] {logging_mixin.py:188} INFO - [2024-01-31T09:02:16.751+0000] {dagbag.py:538} INFO - Filling up the DagBag from /home/deprojectue/miniconda3/envs/airflow_demo/lib/python3.9/site-packages/airflow/example_dags/example_xcomargs.py
[2024-01-31T09:02:16.770+0000] {processor.py:840} INFO - DAG(s) 'example_xcom_args', 'example_xcom_args_with_operators' retrieved from /home/deprojectue/miniconda3/envs/airflow_demo/lib/python3.9/site-packages/airflow/example_dags/example_xcomargs.py
[2024-01-31T09:02:16.795+0000] {logging_mixin.py:188} INFO - [2024-01-31T09:02:16.795+0000] {dag.py:3033} INFO - Sync 2 DAGs
[2024-01-31T09:02:16.809+0000] {logging_mixin.py:188} INFO - [2024-01-31T09:02:16.808+0000] {dag.py:3820} INFO - Setting next_dagrun for example_xcom_args to None, run_after=None
[2024-01-31T09:02:16.812+0000] {logging_mixin.py:188} INFO - [2024-01-31T09:02:16.812+0000] {dag.py:3820} INFO - Setting next_dagrun for example_xcom_args_with_operators to None, run_after=None
[2024-01-31T09:02:16.838+0000] {processor.py:183} INFO - Processing /home/deprojectue/miniconda3/envs/airflow_demo/lib/python3.9/site-packages/airflow/example_dags/example_xcomargs.py took 0.096 seconds
[2024-01-31T09:02:55.520+0000] {processor.py:161} INFO - Started process (PID=216099) to work on /home/deprojectue/miniconda3/envs/airflow_demo/lib/python3.9/site-packages/airflow/example_dags/example_xcomargs.py
[2024-01-31T09:02:55.522+0000] {processor.py:830} INFO - Processing file /home/deprojectue/miniconda3/envs/airflow_demo/lib/python3.9/site-packages/airflow/example_dags/example_xcomargs.py for tasks to queue
[2024-01-31T09:02:55.526+0000] {logging_mixin.py:188} INFO - [2024-01-31T09:02:55.525+0000] {dagbag.py:538} INFO - Filling up the DagBag from /home/deprojectue/miniconda3/envs/airflow_demo/lib/python3.9/site-packages/airflow/example_dags/example_xcomargs.py
[2024-01-31T09:02:55.539+0000] {processor.py:840} INFO - DAG(s) 'example_xcom_args_with_operators', 'example_xcom_args' retrieved from /home/deprojectue/miniconda3/envs/airflow_demo/lib/python3.9/site-packages/airflow/example_dags/example_xcomargs.py
[2024-01-31T09:02:55.562+0000] {logging_mixin.py:188} INFO - [2024-01-31T09:02:55.562+0000] {dag.py:3033} INFO - Sync 2 DAGs
[2024-01-31T09:02:55.576+0000] {logging_mixin.py:188} INFO - [2024-01-31T09:02:55.575+0000] {dag.py:3820} INFO - Setting next_dagrun for example_xcom_args to None, run_after=None
[2024-01-31T09:02:55.579+0000] {logging_mixin.py:188} INFO - [2024-01-31T09:02:55.579+0000] {dag.py:3820} INFO - Setting next_dagrun for example_xcom_args_with_operators to None, run_after=None
[2024-01-31T09:02:55.602+0000] {processor.py:183} INFO - Processing /home/deprojectue/miniconda3/envs/airflow_demo/lib/python3.9/site-packages/airflow/example_dags/example_xcomargs.py took 0.087 seconds
[2024-01-31T09:03:31.747+0000] {processor.py:161} INFO - Started process (PID=216135) to work on /home/deprojectue/miniconda3/envs/airflow_demo/lib/python3.9/site-packages/airflow/example_dags/example_xcomargs.py
[2024-01-31T09:03:31.750+0000] {processor.py:830} INFO - Processing file /home/deprojectue/miniconda3/envs/airflow_demo/lib/python3.9/site-packages/airflow/example_dags/example_xcomargs.py for tasks to queue
[2024-01-31T09:03:31.753+0000] {logging_mixin.py:188} INFO - [2024-01-31T09:03:31.753+0000] {dagbag.py:538} INFO - Filling up the DagBag from /home/deprojectue/miniconda3/envs/airflow_demo/lib/python3.9/site-packages/airflow/example_dags/example_xcomargs.py
[2024-01-31T09:03:31.767+0000] {processor.py:840} INFO - DAG(s) 'example_xcom_args', 'example_xcom_args_with_operators' retrieved from /home/deprojectue/miniconda3/envs/airflow_demo/lib/python3.9/site-packages/airflow/example_dags/example_xcomargs.py
[2024-01-31T09:03:31.791+0000] {logging_mixin.py:188} INFO - [2024-01-31T09:03:31.791+0000] {dag.py:3033} INFO - Sync 2 DAGs
[2024-01-31T09:03:31.804+0000] {logging_mixin.py:188} INFO - [2024-01-31T09:03:31.804+0000] {dag.py:3820} INFO - Setting next_dagrun for example_xcom_args to None, run_after=None
[2024-01-31T09:03:31.808+0000] {logging_mixin.py:188} INFO - [2024-01-31T09:03:31.808+0000] {dag.py:3820} INFO - Setting next_dagrun for example_xcom_args_with_operators to None, run_after=None
[2024-01-31T09:03:31.832+0000] {processor.py:183} INFO - Processing /home/deprojectue/miniconda3/envs/airflow_demo/lib/python3.9/site-packages/airflow/example_dags/example_xcomargs.py took 0.089 seconds
[2024-01-31T09:04:06.540+0000] {processor.py:161} INFO - Started process (PID=216173) to work on /home/deprojectue/miniconda3/envs/airflow_demo/lib/python3.9/site-packages/airflow/example_dags/example_xcomargs.py
[2024-01-31T09:04:06.542+0000] {processor.py:830} INFO - Processing file /home/deprojectue/miniconda3/envs/airflow_demo/lib/python3.9/site-packages/airflow/example_dags/example_xcomargs.py for tasks to queue
[2024-01-31T09:04:06.546+0000] {logging_mixin.py:188} INFO - [2024-01-31T09:04:06.545+0000] {dagbag.py:538} INFO - Filling up the DagBag from /home/deprojectue/miniconda3/envs/airflow_demo/lib/python3.9/site-packages/airflow/example_dags/example_xcomargs.py
[2024-01-31T09:04:06.562+0000] {processor.py:840} INFO - DAG(s) 'example_xcom_args', 'example_xcom_args_with_operators' retrieved from /home/deprojectue/miniconda3/envs/airflow_demo/lib/python3.9/site-packages/airflow/example_dags/example_xcomargs.py
[2024-01-31T09:04:06.586+0000] {logging_mixin.py:188} INFO - [2024-01-31T09:04:06.585+0000] {dag.py:3033} INFO - Sync 2 DAGs
[2024-01-31T09:04:06.599+0000] {logging_mixin.py:188} INFO - [2024-01-31T09:04:06.599+0000] {dag.py:3820} INFO - Setting next_dagrun for example_xcom_args to None, run_after=None
[2024-01-31T09:04:06.602+0000] {logging_mixin.py:188} INFO - [2024-01-31T09:04:06.602+0000] {dag.py:3820} INFO - Setting next_dagrun for example_xcom_args_with_operators to None, run_after=None
[2024-01-31T09:04:06.625+0000] {processor.py:183} INFO - Processing /home/deprojectue/miniconda3/envs/airflow_demo/lib/python3.9/site-packages/airflow/example_dags/example_xcomargs.py took 0.090 seconds
[2024-01-31T09:04:42.654+0000] {processor.py:161} INFO - Started process (PID=216213) to work on /home/deprojectue/miniconda3/envs/airflow_demo/lib/python3.9/site-packages/airflow/example_dags/example_xcomargs.py
[2024-01-31T09:04:42.656+0000] {processor.py:830} INFO - Processing file /home/deprojectue/miniconda3/envs/airflow_demo/lib/python3.9/site-packages/airflow/example_dags/example_xcomargs.py for tasks to queue
[2024-01-31T09:04:42.660+0000] {logging_mixin.py:188} INFO - [2024-01-31T09:04:42.659+0000] {dagbag.py:538} INFO - Filling up the DagBag from /home/deprojectue/miniconda3/envs/airflow_demo/lib/python3.9/site-packages/airflow/example_dags/example_xcomargs.py
[2024-01-31T09:04:42.673+0000] {processor.py:840} INFO - DAG(s) 'example_xcom_args_with_operators', 'example_xcom_args' retrieved from /home/deprojectue/miniconda3/envs/airflow_demo/lib/python3.9/site-packages/airflow/example_dags/example_xcomargs.py
[2024-01-31T09:04:42.698+0000] {logging_mixin.py:188} INFO - [2024-01-31T09:04:42.698+0000] {dag.py:3033} INFO - Sync 2 DAGs
[2024-01-31T09:04:42.711+0000] {logging_mixin.py:188} INFO - [2024-01-31T09:04:42.711+0000] {dag.py:3820} INFO - Setting next_dagrun for example_xcom_args to None, run_after=None
[2024-01-31T09:04:42.714+0000] {logging_mixin.py:188} INFO - [2024-01-31T09:04:42.714+0000] {dag.py:3820} INFO - Setting next_dagrun for example_xcom_args_with_operators to None, run_after=None
[2024-01-31T09:04:42.739+0000] {processor.py:183} INFO - Processing /home/deprojectue/miniconda3/envs/airflow_demo/lib/python3.9/site-packages/airflow/example_dags/example_xcomargs.py took 0.089 seconds
[2024-01-31T09:05:21.698+0000] {processor.py:161} INFO - Started process (PID=216255) to work on /home/deprojectue/miniconda3/envs/airflow_demo/lib/python3.9/site-packages/airflow/example_dags/example_xcomargs.py
[2024-01-31T09:05:21.700+0000] {processor.py:830} INFO - Processing file /home/deprojectue/miniconda3/envs/airflow_demo/lib/python3.9/site-packages/airflow/example_dags/example_xcomargs.py for tasks to queue
[2024-01-31T09:05:21.703+0000] {logging_mixin.py:188} INFO - [2024-01-31T09:05:21.703+0000] {dagbag.py:538} INFO - Filling up the DagBag from /home/deprojectue/miniconda3/envs/airflow_demo/lib/python3.9/site-packages/airflow/example_dags/example_xcomargs.py
[2024-01-31T09:05:21.720+0000] {processor.py:840} INFO - DAG(s) 'example_xcom_args', 'example_xcom_args_with_operators' retrieved from /home/deprojectue/miniconda3/envs/airflow_demo/lib/python3.9/site-packages/airflow/example_dags/example_xcomargs.py
[2024-01-31T09:05:21.745+0000] {logging_mixin.py:188} INFO - [2024-01-31T09:05:21.745+0000] {dag.py:3033} INFO - Sync 2 DAGs
[2024-01-31T09:05:21.759+0000] {logging_mixin.py:188} INFO - [2024-01-31T09:05:21.759+0000] {dag.py:3820} INFO - Setting next_dagrun for example_xcom_args to None, run_after=None
[2024-01-31T09:05:21.762+0000] {logging_mixin.py:188} INFO - [2024-01-31T09:05:21.762+0000] {dag.py:3820} INFO - Setting next_dagrun for example_xcom_args_with_operators to None, run_after=None
[2024-01-31T09:05:21.786+0000] {processor.py:183} INFO - Processing /home/deprojectue/miniconda3/envs/airflow_demo/lib/python3.9/site-packages/airflow/example_dags/example_xcomargs.py took 0.092 seconds
[2024-01-31T09:08:03.599+0000] {processor.py:161} INFO - Started process (PID=216363) to work on /home/deprojectue/miniconda3/envs/airflow_demo/lib/python3.9/site-packages/airflow/example_dags/example_xcomargs.py
[2024-01-31T09:08:03.601+0000] {processor.py:830} INFO - Processing file /home/deprojectue/miniconda3/envs/airflow_demo/lib/python3.9/site-packages/airflow/example_dags/example_xcomargs.py for tasks to queue
[2024-01-31T09:08:03.605+0000] {logging_mixin.py:188} INFO - [2024-01-31T09:08:03.604+0000] {dagbag.py:538} INFO - Filling up the DagBag from /home/deprojectue/miniconda3/envs/airflow_demo/lib/python3.9/site-packages/airflow/example_dags/example_xcomargs.py
[2024-01-31T09:08:03.629+0000] {processor.py:840} INFO - DAG(s) 'example_xcom_args_with_operators', 'example_xcom_args' retrieved from /home/deprojectue/miniconda3/envs/airflow_demo/lib/python3.9/site-packages/airflow/example_dags/example_xcomargs.py
[2024-01-31T09:08:03.875+0000] {logging_mixin.py:188} INFO - [2024-01-31T09:08:03.875+0000] {dag.py:3033} INFO - Sync 2 DAGs
[2024-01-31T09:08:04.100+0000] {logging_mixin.py:188} INFO - [2024-01-31T09:08:04.099+0000] {dag.py:3820} INFO - Setting next_dagrun for example_xcom_args to None, run_after=None
[2024-01-31T09:08:04.105+0000] {logging_mixin.py:188} INFO - [2024-01-31T09:08:04.105+0000] {dag.py:3820} INFO - Setting next_dagrun for example_xcom_args_with_operators to None, run_after=None
[2024-01-31T09:08:04.146+0000] {processor.py:183} INFO - Processing /home/deprojectue/miniconda3/envs/airflow_demo/lib/python3.9/site-packages/airflow/example_dags/example_xcomargs.py took 0.553 seconds
[2024-01-31T09:34:04.792+0000] {processor.py:161} INFO - Started process (PID=216853) to work on /home/deprojectue/miniconda3/envs/airflow_demo/lib/python3.9/site-packages/airflow/example_dags/example_xcomargs.py
[2024-01-31T09:34:04.799+0000] {processor.py:830} INFO - Processing file /home/deprojectue/miniconda3/envs/airflow_demo/lib/python3.9/site-packages/airflow/example_dags/example_xcomargs.py for tasks to queue
[2024-01-31T09:34:04.806+0000] {logging_mixin.py:188} INFO - [2024-01-31T09:34:04.806+0000] {dagbag.py:538} INFO - Filling up the DagBag from /home/deprojectue/miniconda3/envs/airflow_demo/lib/python3.9/site-packages/airflow/example_dags/example_xcomargs.py
[2024-01-31T09:34:04.857+0000] {processor.py:840} INFO - DAG(s) 'example_xcom_args', 'example_xcom_args_with_operators' retrieved from /home/deprojectue/miniconda3/envs/airflow_demo/lib/python3.9/site-packages/airflow/example_dags/example_xcomargs.py
[2024-01-31T09:34:05.406+0000] {logging_mixin.py:188} INFO - [2024-01-31T09:34:05.405+0000] {override.py:1769} INFO - Created Permission View: can edit on DAG:example_xcom_args
[2024-01-31T09:34:05.487+0000] {logging_mixin.py:188} INFO - [2024-01-31T09:34:05.486+0000] {override.py:1769} INFO - Created Permission View: can read on DAG:example_xcom_args
[2024-01-31T09:34:05.537+0000] {logging_mixin.py:188} INFO - [2024-01-31T09:34:05.537+0000] {override.py:1769} INFO - Created Permission View: can delete on DAG:example_xcom_args
[2024-01-31T09:34:05.627+0000] {logging_mixin.py:188} INFO - [2024-01-31T09:34:05.627+0000] {override.py:1769} INFO - Created Permission View: can edit on DAG:example_xcom_args_with_operators
[2024-01-31T09:34:05.647+0000] {logging_mixin.py:188} INFO - [2024-01-31T09:34:05.647+0000] {override.py:1769} INFO - Created Permission View: can read on DAG:example_xcom_args_with_operators
[2024-01-31T09:34:05.686+0000] {logging_mixin.py:188} INFO - [2024-01-31T09:34:05.686+0000] {override.py:1769} INFO - Created Permission View: can delete on DAG:example_xcom_args_with_operators
[2024-01-31T09:34:05.687+0000] {logging_mixin.py:188} INFO - [2024-01-31T09:34:05.687+0000] {dag.py:3033} INFO - Sync 2 DAGs
[2024-01-31T09:34:05.730+0000] {logging_mixin.py:188} INFO - [2024-01-31T09:34:05.730+0000] {dag.py:3055} INFO - Creating ORM DAG for example_xcom_args
[2024-01-31T09:34:05.731+0000] {logging_mixin.py:188} INFO - [2024-01-31T09:34:05.731+0000] {dag.py:3055} INFO - Creating ORM DAG for example_xcom_args_with_operators
[2024-01-31T09:34:05.732+0000] {logging_mixin.py:188} INFO - [2024-01-31T09:34:05.732+0000] {dag.py:3820} INFO - Setting next_dagrun for example_xcom_args to None, run_after=None
[2024-01-31T09:34:05.746+0000] {logging_mixin.py:188} INFO - [2024-01-31T09:34:05.746+0000] {dag.py:3820} INFO - Setting next_dagrun for example_xcom_args_with_operators to None, run_after=None
[2024-01-31T09:34:05.816+0000] {processor.py:183} INFO - Processing /home/deprojectue/miniconda3/envs/airflow_demo/lib/python3.9/site-packages/airflow/example_dags/example_xcomargs.py took 1.038 seconds
[2024-01-31T09:36:24.005+0000] {processor.py:161} INFO - Started process (PID=216917) to work on /home/deprojectue/miniconda3/envs/airflow_demo/lib/python3.9/site-packages/airflow/example_dags/example_xcomargs.py
[2024-01-31T09:36:24.009+0000] {processor.py:830} INFO - Processing file /home/deprojectue/miniconda3/envs/airflow_demo/lib/python3.9/site-packages/airflow/example_dags/example_xcomargs.py for tasks to queue
[2024-01-31T09:36:24.019+0000] {logging_mixin.py:188} INFO - [2024-01-31T09:36:24.018+0000] {dagbag.py:538} INFO - Filling up the DagBag from /home/deprojectue/miniconda3/envs/airflow_demo/lib/python3.9/site-packages/airflow/example_dags/example_xcomargs.py
[2024-01-31T09:36:24.050+0000] {processor.py:840} INFO - DAG(s) 'example_xcom_args', 'example_xcom_args_with_operators' retrieved from /home/deprojectue/miniconda3/envs/airflow_demo/lib/python3.9/site-packages/airflow/example_dags/example_xcomargs.py
[2024-01-31T09:36:24.101+0000] {logging_mixin.py:188} INFO - [2024-01-31T09:36:24.100+0000] {dag.py:3033} INFO - Sync 2 DAGs
[2024-01-31T09:36:24.125+0000] {logging_mixin.py:188} INFO - [2024-01-31T09:36:24.125+0000] {dag.py:3820} INFO - Setting next_dagrun for example_xcom_args to None, run_after=None
[2024-01-31T09:36:24.129+0000] {logging_mixin.py:188} INFO - [2024-01-31T09:36:24.129+0000] {dag.py:3820} INFO - Setting next_dagrun for example_xcom_args_with_operators to None, run_after=None
[2024-01-31T09:36:24.165+0000] {processor.py:183} INFO - Processing /home/deprojectue/miniconda3/envs/airflow_demo/lib/python3.9/site-packages/airflow/example_dags/example_xcomargs.py took 0.173 seconds
