[2024-01-31T02:07:17.154+0000] {processor.py:161} INFO - Started process (PID=210195) to work on /home/deprojectue/miniconda3/envs/airflow_demo/lib/python3.9/site-packages/airflow/example_dags/example_trigger_target_dag.py
[2024-01-31T02:07:17.156+0000] {processor.py:830} INFO - Processing file /home/deprojectue/miniconda3/envs/airflow_demo/lib/python3.9/site-packages/airflow/example_dags/example_trigger_target_dag.py for tasks to queue
[2024-01-31T02:07:17.157+0000] {logging_mixin.py:188} INFO - [2024-01-31T02:07:17.156+0000] {dagbag.py:538} INFO - Filling up the DagBag from /home/deprojectue/miniconda3/envs/airflow_demo/lib/python3.9/site-packages/airflow/example_dags/example_trigger_target_dag.py
[2024-01-31T02:07:17.167+0000] {processor.py:840} INFO - DAG(s) 'example_trigger_target_dag' retrieved from /home/deprojectue/miniconda3/envs/airflow_demo/lib/python3.9/site-packages/airflow/example_dags/example_trigger_target_dag.py
[2024-01-31T02:07:17.281+0000] {logging_mixin.py:188} INFO - [2024-01-31T02:07:17.280+0000] {override.py:1769} INFO - Created Permission View: can read on DAG:example_trigger_target_dag
[2024-01-31T02:07:17.293+0000] {logging_mixin.py:188} INFO - [2024-01-31T02:07:17.293+0000] {override.py:1769} INFO - Created Permission View: can delete on DAG:example_trigger_target_dag
[2024-01-31T02:07:17.302+0000] {logging_mixin.py:188} INFO - [2024-01-31T02:07:17.302+0000] {override.py:1769} INFO - Created Permission View: can edit on DAG:example_trigger_target_dag
[2024-01-31T02:07:17.303+0000] {logging_mixin.py:188} INFO - [2024-01-31T02:07:17.303+0000] {dag.py:3033} INFO - Sync 1 DAGs
[2024-01-31T02:07:17.315+0000] {logging_mixin.py:188} INFO - [2024-01-31T02:07:17.315+0000] {dag.py:3055} INFO - Creating ORM DAG for example_trigger_target_dag
[2024-01-31T02:07:17.316+0000] {logging_mixin.py:188} INFO - [2024-01-31T02:07:17.315+0000] {dag.py:3820} INFO - Setting next_dagrun for example_trigger_target_dag to None, run_after=None
[2024-01-31T02:07:17.339+0000] {processor.py:183} INFO - Processing /home/deprojectue/miniconda3/envs/airflow_demo/lib/python3.9/site-packages/airflow/example_dags/example_trigger_target_dag.py took 0.189 seconds
[2024-01-31T02:08:14.908+0000] {processor.py:161} INFO - Started process (PID=210636) to work on /home/deprojectue/miniconda3/envs/airflow_demo/lib/python3.9/site-packages/airflow/example_dags/example_trigger_target_dag.py
[2024-01-31T02:08:14.910+0000] {processor.py:830} INFO - Processing file /home/deprojectue/miniconda3/envs/airflow_demo/lib/python3.9/site-packages/airflow/example_dags/example_trigger_target_dag.py for tasks to queue
[2024-01-31T02:08:14.911+0000] {logging_mixin.py:188} INFO - [2024-01-31T02:08:14.911+0000] {dagbag.py:538} INFO - Filling up the DagBag from /home/deprojectue/miniconda3/envs/airflow_demo/lib/python3.9/site-packages/airflow/example_dags/example_trigger_target_dag.py
[2024-01-31T02:08:14.920+0000] {processor.py:840} INFO - DAG(s) 'example_trigger_target_dag' retrieved from /home/deprojectue/miniconda3/envs/airflow_demo/lib/python3.9/site-packages/airflow/example_dags/example_trigger_target_dag.py
[2024-01-31T02:08:14.940+0000] {logging_mixin.py:188} INFO - [2024-01-31T02:08:14.940+0000] {dag.py:3033} INFO - Sync 1 DAGs
[2024-01-31T02:08:14.953+0000] {logging_mixin.py:188} INFO - [2024-01-31T02:08:14.953+0000] {dag.py:3820} INFO - Setting next_dagrun for example_trigger_target_dag to None, run_after=None
[2024-01-31T02:08:14.978+0000] {processor.py:183} INFO - Processing /home/deprojectue/miniconda3/envs/airflow_demo/lib/python3.9/site-packages/airflow/example_dags/example_trigger_target_dag.py took 0.074 seconds
[2024-01-31T02:08:51.839+0000] {processor.py:161} INFO - Started process (PID=210660) to work on /home/deprojectue/miniconda3/envs/airflow_demo/lib/python3.9/site-packages/airflow/example_dags/example_trigger_target_dag.py
[2024-01-31T02:08:51.841+0000] {processor.py:830} INFO - Processing file /home/deprojectue/miniconda3/envs/airflow_demo/lib/python3.9/site-packages/airflow/example_dags/example_trigger_target_dag.py for tasks to queue
[2024-01-31T02:08:51.842+0000] {logging_mixin.py:188} INFO - [2024-01-31T02:08:51.842+0000] {dagbag.py:538} INFO - Filling up the DagBag from /home/deprojectue/miniconda3/envs/airflow_demo/lib/python3.9/site-packages/airflow/example_dags/example_trigger_target_dag.py
[2024-01-31T02:08:51.853+0000] {processor.py:840} INFO - DAG(s) 'example_trigger_target_dag' retrieved from /home/deprojectue/miniconda3/envs/airflow_demo/lib/python3.9/site-packages/airflow/example_dags/example_trigger_target_dag.py
[2024-01-31T02:08:51.878+0000] {logging_mixin.py:188} INFO - [2024-01-31T02:08:51.878+0000] {dag.py:3033} INFO - Sync 1 DAGs
[2024-01-31T02:08:51.891+0000] {logging_mixin.py:188} INFO - [2024-01-31T02:08:51.891+0000] {dag.py:3820} INFO - Setting next_dagrun for example_trigger_target_dag to None, run_after=None
[2024-01-31T02:08:51.917+0000] {processor.py:183} INFO - Processing /home/deprojectue/miniconda3/envs/airflow_demo/lib/python3.9/site-packages/airflow/example_dags/example_trigger_target_dag.py took 0.082 seconds
[2024-01-31T02:09:46.933+0000] {processor.py:161} INFO - Started process (PID=210944) to work on /home/deprojectue/miniconda3/envs/airflow_demo/lib/python3.9/site-packages/airflow/example_dags/example_trigger_target_dag.py
[2024-01-31T02:09:46.935+0000] {processor.py:830} INFO - Processing file /home/deprojectue/miniconda3/envs/airflow_demo/lib/python3.9/site-packages/airflow/example_dags/example_trigger_target_dag.py for tasks to queue
[2024-01-31T02:09:46.937+0000] {logging_mixin.py:188} INFO - [2024-01-31T02:09:46.936+0000] {dagbag.py:538} INFO - Filling up the DagBag from /home/deprojectue/miniconda3/envs/airflow_demo/lib/python3.9/site-packages/airflow/example_dags/example_trigger_target_dag.py
[2024-01-31T02:09:46.946+0000] {processor.py:840} INFO - DAG(s) 'example_trigger_target_dag' retrieved from /home/deprojectue/miniconda3/envs/airflow_demo/lib/python3.9/site-packages/airflow/example_dags/example_trigger_target_dag.py
[2024-01-31T02:09:46.966+0000] {logging_mixin.py:188} INFO - [2024-01-31T02:09:46.966+0000] {dag.py:3033} INFO - Sync 1 DAGs
[2024-01-31T02:09:46.980+0000] {logging_mixin.py:188} INFO - [2024-01-31T02:09:46.980+0000] {dag.py:3820} INFO - Setting next_dagrun for example_trigger_target_dag to None, run_after=None
[2024-01-31T02:09:47.006+0000] {processor.py:183} INFO - Processing /home/deprojectue/miniconda3/envs/airflow_demo/lib/python3.9/site-packages/airflow/example_dags/example_trigger_target_dag.py took 0.077 seconds
[2024-01-31T02:12:35.844+0000] {processor.py:161} INFO - Started process (PID=211032) to work on /home/deprojectue/miniconda3/envs/airflow_demo/lib/python3.9/site-packages/airflow/example_dags/example_trigger_target_dag.py
[2024-01-31T02:12:35.848+0000] {processor.py:830} INFO - Processing file /home/deprojectue/miniconda3/envs/airflow_demo/lib/python3.9/site-packages/airflow/example_dags/example_trigger_target_dag.py for tasks to queue
[2024-01-31T02:12:35.857+0000] {logging_mixin.py:188} INFO - [2024-01-31T02:12:35.856+0000] {dagbag.py:538} INFO - Filling up the DagBag from /home/deprojectue/miniconda3/envs/airflow_demo/lib/python3.9/site-packages/airflow/example_dags/example_trigger_target_dag.py
[2024-01-31T02:12:35.871+0000] {processor.py:840} INFO - DAG(s) 'example_trigger_target_dag' retrieved from /home/deprojectue/miniconda3/envs/airflow_demo/lib/python3.9/site-packages/airflow/example_dags/example_trigger_target_dag.py
[2024-01-31T02:12:35.910+0000] {logging_mixin.py:188} INFO - [2024-01-31T02:12:35.910+0000] {dag.py:3033} INFO - Sync 1 DAGs
[2024-01-31T02:12:35.925+0000] {logging_mixin.py:188} INFO - [2024-01-31T02:12:35.924+0000] {dag.py:3820} INFO - Setting next_dagrun for example_trigger_target_dag to None, run_after=None
[2024-01-31T02:12:35.953+0000] {processor.py:183} INFO - Processing /home/deprojectue/miniconda3/envs/airflow_demo/lib/python3.9/site-packages/airflow/example_dags/example_trigger_target_dag.py took 0.115 seconds
[2024-01-31T02:13:25.386+0000] {processor.py:161} INFO - Started process (PID=211081) to work on /home/deprojectue/miniconda3/envs/airflow_demo/lib/python3.9/site-packages/airflow/example_dags/example_trigger_target_dag.py
[2024-01-31T02:13:25.388+0000] {processor.py:830} INFO - Processing file /home/deprojectue/miniconda3/envs/airflow_demo/lib/python3.9/site-packages/airflow/example_dags/example_trigger_target_dag.py for tasks to queue
[2024-01-31T02:13:25.391+0000] {logging_mixin.py:188} INFO - [2024-01-31T02:13:25.391+0000] {dagbag.py:538} INFO - Filling up the DagBag from /home/deprojectue/miniconda3/envs/airflow_demo/lib/python3.9/site-packages/airflow/example_dags/example_trigger_target_dag.py
[2024-01-31T02:13:25.399+0000] {processor.py:840} INFO - DAG(s) 'example_trigger_target_dag' retrieved from /home/deprojectue/miniconda3/envs/airflow_demo/lib/python3.9/site-packages/airflow/example_dags/example_trigger_target_dag.py
[2024-01-31T02:13:25.419+0000] {logging_mixin.py:188} INFO - [2024-01-31T02:13:25.418+0000] {dag.py:3033} INFO - Sync 1 DAGs
[2024-01-31T02:13:25.432+0000] {logging_mixin.py:188} INFO - [2024-01-31T02:13:25.432+0000] {dag.py:3820} INFO - Setting next_dagrun for example_trigger_target_dag to None, run_after=None
[2024-01-31T02:13:25.457+0000] {processor.py:183} INFO - Processing /home/deprojectue/miniconda3/envs/airflow_demo/lib/python3.9/site-packages/airflow/example_dags/example_trigger_target_dag.py took 0.075 seconds
[2024-01-31T02:14:04.319+0000] {processor.py:161} INFO - Started process (PID=211130) to work on /home/deprojectue/miniconda3/envs/airflow_demo/lib/python3.9/site-packages/airflow/example_dags/example_trigger_target_dag.py
[2024-01-31T02:14:04.321+0000] {processor.py:830} INFO - Processing file /home/deprojectue/miniconda3/envs/airflow_demo/lib/python3.9/site-packages/airflow/example_dags/example_trigger_target_dag.py for tasks to queue
[2024-01-31T02:14:04.327+0000] {logging_mixin.py:188} INFO - [2024-01-31T02:14:04.327+0000] {dagbag.py:538} INFO - Filling up the DagBag from /home/deprojectue/miniconda3/envs/airflow_demo/lib/python3.9/site-packages/airflow/example_dags/example_trigger_target_dag.py
[2024-01-31T02:14:04.337+0000] {processor.py:840} INFO - DAG(s) 'example_trigger_target_dag' retrieved from /home/deprojectue/miniconda3/envs/airflow_demo/lib/python3.9/site-packages/airflow/example_dags/example_trigger_target_dag.py
[2024-01-31T02:14:04.357+0000] {logging_mixin.py:188} INFO - [2024-01-31T02:14:04.357+0000] {dag.py:3033} INFO - Sync 1 DAGs
[2024-01-31T02:14:04.371+0000] {logging_mixin.py:188} INFO - [2024-01-31T02:14:04.371+0000] {dag.py:3820} INFO - Setting next_dagrun for example_trigger_target_dag to None, run_after=None
[2024-01-31T02:14:04.398+0000] {processor.py:183} INFO - Processing /home/deprojectue/miniconda3/envs/airflow_demo/lib/python3.9/site-packages/airflow/example_dags/example_trigger_target_dag.py took 0.084 seconds
[2024-01-31T02:21:33.802+0000] {processor.py:161} INFO - Started process (PID=211292) to work on /home/deprojectue/miniconda3/envs/airflow_demo/lib/python3.9/site-packages/airflow/example_dags/example_trigger_target_dag.py
[2024-01-31T02:21:33.804+0000] {processor.py:830} INFO - Processing file /home/deprojectue/miniconda3/envs/airflow_demo/lib/python3.9/site-packages/airflow/example_dags/example_trigger_target_dag.py for tasks to queue
[2024-01-31T02:21:33.809+0000] {logging_mixin.py:188} INFO - [2024-01-31T02:21:33.808+0000] {dagbag.py:538} INFO - Filling up the DagBag from /home/deprojectue/miniconda3/envs/airflow_demo/lib/python3.9/site-packages/airflow/example_dags/example_trigger_target_dag.py
[2024-01-31T02:21:33.820+0000] {processor.py:840} INFO - DAG(s) 'example_trigger_target_dag' retrieved from /home/deprojectue/miniconda3/envs/airflow_demo/lib/python3.9/site-packages/airflow/example_dags/example_trigger_target_dag.py
[2024-01-31T02:21:33.843+0000] {logging_mixin.py:188} INFO - [2024-01-31T02:21:33.843+0000] {dag.py:3033} INFO - Sync 1 DAGs
[2024-01-31T02:21:33.857+0000] {logging_mixin.py:188} INFO - [2024-01-31T02:21:33.857+0000] {dag.py:3820} INFO - Setting next_dagrun for example_trigger_target_dag to None, run_after=None
[2024-01-31T02:21:33.884+0000] {processor.py:183} INFO - Processing /home/deprojectue/miniconda3/envs/airflow_demo/lib/python3.9/site-packages/airflow/example_dags/example_trigger_target_dag.py took 0.087 seconds
[2024-01-31T02:22:23.882+0000] {processor.py:161} INFO - Started process (PID=211342) to work on /home/deprojectue/miniconda3/envs/airflow_demo/lib/python3.9/site-packages/airflow/example_dags/example_trigger_target_dag.py
[2024-01-31T02:22:23.884+0000] {processor.py:830} INFO - Processing file /home/deprojectue/miniconda3/envs/airflow_demo/lib/python3.9/site-packages/airflow/example_dags/example_trigger_target_dag.py for tasks to queue
[2024-01-31T02:22:23.888+0000] {logging_mixin.py:188} INFO - [2024-01-31T02:22:23.888+0000] {dagbag.py:538} INFO - Filling up the DagBag from /home/deprojectue/miniconda3/envs/airflow_demo/lib/python3.9/site-packages/airflow/example_dags/example_trigger_target_dag.py
[2024-01-31T02:22:23.896+0000] {processor.py:840} INFO - DAG(s) 'example_trigger_target_dag' retrieved from /home/deprojectue/miniconda3/envs/airflow_demo/lib/python3.9/site-packages/airflow/example_dags/example_trigger_target_dag.py
[2024-01-31T02:22:23.917+0000] {logging_mixin.py:188} INFO - [2024-01-31T02:22:23.916+0000] {dag.py:3033} INFO - Sync 1 DAGs
[2024-01-31T02:22:23.930+0000] {logging_mixin.py:188} INFO - [2024-01-31T02:22:23.930+0000] {dag.py:3820} INFO - Setting next_dagrun for example_trigger_target_dag to None, run_after=None
[2024-01-31T02:22:23.954+0000] {processor.py:183} INFO - Processing /home/deprojectue/miniconda3/envs/airflow_demo/lib/python3.9/site-packages/airflow/example_dags/example_trigger_target_dag.py took 0.076 seconds
[2024-01-31T08:24:06.278+0000] {processor.py:161} INFO - Started process (PID=214025) to work on /home/deprojectue/miniconda3/envs/airflow_demo/lib/python3.9/site-packages/airflow/example_dags/example_trigger_target_dag.py
[2024-01-31T08:24:06.280+0000] {processor.py:830} INFO - Processing file /home/deprojectue/miniconda3/envs/airflow_demo/lib/python3.9/site-packages/airflow/example_dags/example_trigger_target_dag.py for tasks to queue
[2024-01-31T08:24:06.285+0000] {logging_mixin.py:188} INFO - [2024-01-31T08:24:06.284+0000] {dagbag.py:538} INFO - Filling up the DagBag from /home/deprojectue/miniconda3/envs/airflow_demo/lib/python3.9/site-packages/airflow/example_dags/example_trigger_target_dag.py
[2024-01-31T08:24:06.296+0000] {processor.py:840} INFO - DAG(s) 'example_trigger_target_dag' retrieved from /home/deprojectue/miniconda3/envs/airflow_demo/lib/python3.9/site-packages/airflow/example_dags/example_trigger_target_dag.py
[2024-01-31T08:24:06.320+0000] {logging_mixin.py:188} INFO - [2024-01-31T08:24:06.319+0000] {dag.py:3033} INFO - Sync 1 DAGs
[2024-01-31T08:24:06.333+0000] {logging_mixin.py:188} INFO - [2024-01-31T08:24:06.332+0000] {dag.py:3820} INFO - Setting next_dagrun for example_trigger_target_dag to None, run_after=None
[2024-01-31T08:24:06.356+0000] {processor.py:183} INFO - Processing /home/deprojectue/miniconda3/envs/airflow_demo/lib/python3.9/site-packages/airflow/example_dags/example_trigger_target_dag.py took 0.083 seconds
[2024-01-31T08:25:01.665+0000] {processor.py:161} INFO - Started process (PID=214082) to work on /home/deprojectue/miniconda3/envs/airflow_demo/lib/python3.9/site-packages/airflow/example_dags/example_trigger_target_dag.py
[2024-01-31T08:25:01.667+0000] {processor.py:830} INFO - Processing file /home/deprojectue/miniconda3/envs/airflow_demo/lib/python3.9/site-packages/airflow/example_dags/example_trigger_target_dag.py for tasks to queue
[2024-01-31T08:25:01.671+0000] {logging_mixin.py:188} INFO - [2024-01-31T08:25:01.671+0000] {dagbag.py:538} INFO - Filling up the DagBag from /home/deprojectue/miniconda3/envs/airflow_demo/lib/python3.9/site-packages/airflow/example_dags/example_trigger_target_dag.py
[2024-01-31T08:25:01.680+0000] {processor.py:840} INFO - DAG(s) 'example_trigger_target_dag' retrieved from /home/deprojectue/miniconda3/envs/airflow_demo/lib/python3.9/site-packages/airflow/example_dags/example_trigger_target_dag.py
[2024-01-31T08:25:01.700+0000] {logging_mixin.py:188} INFO - [2024-01-31T08:25:01.700+0000] {dag.py:3033} INFO - Sync 1 DAGs
[2024-01-31T08:25:01.713+0000] {logging_mixin.py:188} INFO - [2024-01-31T08:25:01.713+0000] {dag.py:3820} INFO - Setting next_dagrun for example_trigger_target_dag to None, run_after=None
[2024-01-31T08:25:01.740+0000] {processor.py:183} INFO - Processing /home/deprojectue/miniconda3/envs/airflow_demo/lib/python3.9/site-packages/airflow/example_dags/example_trigger_target_dag.py took 0.079 seconds
[2024-01-31T08:25:47.878+0000] {processor.py:161} INFO - Started process (PID=214130) to work on /home/deprojectue/miniconda3/envs/airflow_demo/lib/python3.9/site-packages/airflow/example_dags/example_trigger_target_dag.py
[2024-01-31T08:25:47.880+0000] {processor.py:830} INFO - Processing file /home/deprojectue/miniconda3/envs/airflow_demo/lib/python3.9/site-packages/airflow/example_dags/example_trigger_target_dag.py for tasks to queue
[2024-01-31T08:25:47.883+0000] {logging_mixin.py:188} INFO - [2024-01-31T08:25:47.883+0000] {dagbag.py:538} INFO - Filling up the DagBag from /home/deprojectue/miniconda3/envs/airflow_demo/lib/python3.9/site-packages/airflow/example_dags/example_trigger_target_dag.py
[2024-01-31T08:25:47.893+0000] {processor.py:840} INFO - DAG(s) 'example_trigger_target_dag' retrieved from /home/deprojectue/miniconda3/envs/airflow_demo/lib/python3.9/site-packages/airflow/example_dags/example_trigger_target_dag.py
[2024-01-31T08:25:47.913+0000] {logging_mixin.py:188} INFO - [2024-01-31T08:25:47.913+0000] {dag.py:3033} INFO - Sync 1 DAGs
[2024-01-31T08:25:47.927+0000] {logging_mixin.py:188} INFO - [2024-01-31T08:25:47.927+0000] {dag.py:3820} INFO - Setting next_dagrun for example_trigger_target_dag to None, run_after=None
[2024-01-31T08:25:47.953+0000] {processor.py:183} INFO - Processing /home/deprojectue/miniconda3/envs/airflow_demo/lib/python3.9/site-packages/airflow/example_dags/example_trigger_target_dag.py took 0.080 seconds
[2024-01-31T08:29:46.266+0000] {processor.py:161} INFO - Started process (PID=214750) to work on /home/deprojectue/miniconda3/envs/airflow_demo/lib/python3.9/site-packages/airflow/example_dags/example_trigger_target_dag.py
[2024-01-31T08:29:46.271+0000] {processor.py:830} INFO - Processing file /home/deprojectue/miniconda3/envs/airflow_demo/lib/python3.9/site-packages/airflow/example_dags/example_trigger_target_dag.py for tasks to queue
[2024-01-31T08:29:46.512+0000] {logging_mixin.py:188} INFO - [2024-01-31T08:29:46.509+0000] {dagbag.py:538} INFO - Filling up the DagBag from /home/deprojectue/miniconda3/envs/airflow_demo/lib/python3.9/site-packages/airflow/example_dags/example_trigger_target_dag.py
[2024-01-31T08:29:46.742+0000] {processor.py:840} INFO - DAG(s) 'example_trigger_target_dag' retrieved from /home/deprojectue/miniconda3/envs/airflow_demo/lib/python3.9/site-packages/airflow/example_dags/example_trigger_target_dag.py
[2024-01-31T08:29:47.218+0000] {logging_mixin.py:188} INFO - [2024-01-31T08:29:47.218+0000] {dag.py:3033} INFO - Sync 1 DAGs
[2024-01-31T08:29:47.257+0000] {logging_mixin.py:188} INFO - [2024-01-31T08:29:47.256+0000] {dag.py:3820} INFO - Setting next_dagrun for example_trigger_target_dag to None, run_after=None
[2024-01-31T08:29:47.750+0000] {processor.py:183} INFO - Processing /home/deprojectue/miniconda3/envs/airflow_demo/lib/python3.9/site-packages/airflow/example_dags/example_trigger_target_dag.py took 1.516 seconds
[2024-01-31T08:42:18.324+0000] {processor.py:161} INFO - Started process (PID=215203) to work on /home/deprojectue/miniconda3/envs/airflow_demo/lib/python3.9/site-packages/airflow/example_dags/example_trigger_target_dag.py
[2024-01-31T08:42:18.327+0000] {processor.py:830} INFO - Processing file /home/deprojectue/miniconda3/envs/airflow_demo/lib/python3.9/site-packages/airflow/example_dags/example_trigger_target_dag.py for tasks to queue
[2024-01-31T08:42:18.331+0000] {logging_mixin.py:188} INFO - [2024-01-31T08:42:18.331+0000] {dagbag.py:538} INFO - Filling up the DagBag from /home/deprojectue/miniconda3/envs/airflow_demo/lib/python3.9/site-packages/airflow/example_dags/example_trigger_target_dag.py
[2024-01-31T08:42:18.344+0000] {processor.py:840} INFO - DAG(s) 'example_trigger_target_dag' retrieved from /home/deprojectue/miniconda3/envs/airflow_demo/lib/python3.9/site-packages/airflow/example_dags/example_trigger_target_dag.py
[2024-01-31T08:42:18.368+0000] {logging_mixin.py:188} INFO - [2024-01-31T08:42:18.368+0000] {dag.py:3033} INFO - Sync 1 DAGs
[2024-01-31T08:42:18.382+0000] {logging_mixin.py:188} INFO - [2024-01-31T08:42:18.382+0000] {dag.py:3820} INFO - Setting next_dagrun for example_trigger_target_dag to None, run_after=None
[2024-01-31T08:42:18.409+0000] {processor.py:183} INFO - Processing /home/deprojectue/miniconda3/envs/airflow_demo/lib/python3.9/site-packages/airflow/example_dags/example_trigger_target_dag.py took 0.090 seconds
[2024-01-31T08:51:46.226+0000] {processor.py:161} INFO - Started process (PID=215365) to work on /home/deprojectue/miniconda3/envs/airflow_demo/lib/python3.9/site-packages/airflow/example_dags/example_trigger_target_dag.py
[2024-01-31T08:51:46.229+0000] {processor.py:830} INFO - Processing file /home/deprojectue/miniconda3/envs/airflow_demo/lib/python3.9/site-packages/airflow/example_dags/example_trigger_target_dag.py for tasks to queue
[2024-01-31T08:51:46.234+0000] {logging_mixin.py:188} INFO - [2024-01-31T08:51:46.233+0000] {dagbag.py:538} INFO - Filling up the DagBag from /home/deprojectue/miniconda3/envs/airflow_demo/lib/python3.9/site-packages/airflow/example_dags/example_trigger_target_dag.py
[2024-01-31T08:51:46.243+0000] {processor.py:840} INFO - DAG(s) 'example_trigger_target_dag' retrieved from /home/deprojectue/miniconda3/envs/airflow_demo/lib/python3.9/site-packages/airflow/example_dags/example_trigger_target_dag.py
[2024-01-31T08:51:46.269+0000] {logging_mixin.py:188} INFO - [2024-01-31T08:51:46.269+0000] {dag.py:3033} INFO - Sync 1 DAGs
[2024-01-31T08:51:46.284+0000] {logging_mixin.py:188} INFO - [2024-01-31T08:51:46.283+0000] {dag.py:3820} INFO - Setting next_dagrun for example_trigger_target_dag to None, run_after=None
[2024-01-31T08:51:46.311+0000] {processor.py:183} INFO - Processing /home/deprojectue/miniconda3/envs/airflow_demo/lib/python3.9/site-packages/airflow/example_dags/example_trigger_target_dag.py took 0.089 seconds
[2024-01-31T08:52:35.498+0000] {processor.py:161} INFO - Started process (PID=215415) to work on /home/deprojectue/miniconda3/envs/airflow_demo/lib/python3.9/site-packages/airflow/example_dags/example_trigger_target_dag.py
[2024-01-31T08:52:35.500+0000] {processor.py:830} INFO - Processing file /home/deprojectue/miniconda3/envs/airflow_demo/lib/python3.9/site-packages/airflow/example_dags/example_trigger_target_dag.py for tasks to queue
[2024-01-31T08:52:35.505+0000] {logging_mixin.py:188} INFO - [2024-01-31T08:52:35.504+0000] {dagbag.py:538} INFO - Filling up the DagBag from /home/deprojectue/miniconda3/envs/airflow_demo/lib/python3.9/site-packages/airflow/example_dags/example_trigger_target_dag.py
[2024-01-31T08:52:35.514+0000] {processor.py:840} INFO - DAG(s) 'example_trigger_target_dag' retrieved from /home/deprojectue/miniconda3/envs/airflow_demo/lib/python3.9/site-packages/airflow/example_dags/example_trigger_target_dag.py
[2024-01-31T08:52:35.534+0000] {logging_mixin.py:188} INFO - [2024-01-31T08:52:35.534+0000] {dag.py:3033} INFO - Sync 1 DAGs
[2024-01-31T08:52:35.548+0000] {logging_mixin.py:188} INFO - [2024-01-31T08:52:35.548+0000] {dag.py:3820} INFO - Setting next_dagrun for example_trigger_target_dag to None, run_after=None
[2024-01-31T08:52:35.572+0000] {processor.py:183} INFO - Processing /home/deprojectue/miniconda3/envs/airflow_demo/lib/python3.9/site-packages/airflow/example_dags/example_trigger_target_dag.py took 0.079 seconds
[2024-01-31T08:53:14.264+0000] {processor.py:161} INFO - Started process (PID=215456) to work on /home/deprojectue/miniconda3/envs/airflow_demo/lib/python3.9/site-packages/airflow/example_dags/example_trigger_target_dag.py
[2024-01-31T08:53:14.266+0000] {processor.py:830} INFO - Processing file /home/deprojectue/miniconda3/envs/airflow_demo/lib/python3.9/site-packages/airflow/example_dags/example_trigger_target_dag.py for tasks to queue
[2024-01-31T08:53:14.270+0000] {logging_mixin.py:188} INFO - [2024-01-31T08:53:14.269+0000] {dagbag.py:538} INFO - Filling up the DagBag from /home/deprojectue/miniconda3/envs/airflow_demo/lib/python3.9/site-packages/airflow/example_dags/example_trigger_target_dag.py
[2024-01-31T08:53:14.280+0000] {processor.py:840} INFO - DAG(s) 'example_trigger_target_dag' retrieved from /home/deprojectue/miniconda3/envs/airflow_demo/lib/python3.9/site-packages/airflow/example_dags/example_trigger_target_dag.py
[2024-01-31T08:53:14.299+0000] {logging_mixin.py:188} INFO - [2024-01-31T08:53:14.299+0000] {dag.py:3033} INFO - Sync 1 DAGs
[2024-01-31T08:53:14.313+0000] {logging_mixin.py:188} INFO - [2024-01-31T08:53:14.313+0000] {dag.py:3820} INFO - Setting next_dagrun for example_trigger_target_dag to None, run_after=None
[2024-01-31T08:53:14.339+0000] {processor.py:183} INFO - Processing /home/deprojectue/miniconda3/envs/airflow_demo/lib/python3.9/site-packages/airflow/example_dags/example_trigger_target_dag.py took 0.080 seconds
[2024-01-31T08:53:56.373+0000] {processor.py:161} INFO - Started process (PID=215498) to work on /home/deprojectue/miniconda3/envs/airflow_demo/lib/python3.9/site-packages/airflow/example_dags/example_trigger_target_dag.py
[2024-01-31T08:53:56.375+0000] {processor.py:830} INFO - Processing file /home/deprojectue/miniconda3/envs/airflow_demo/lib/python3.9/site-packages/airflow/example_dags/example_trigger_target_dag.py for tasks to queue
[2024-01-31T08:53:56.380+0000] {logging_mixin.py:188} INFO - [2024-01-31T08:53:56.379+0000] {dagbag.py:538} INFO - Filling up the DagBag from /home/deprojectue/miniconda3/envs/airflow_demo/lib/python3.9/site-packages/airflow/example_dags/example_trigger_target_dag.py
[2024-01-31T08:53:56.388+0000] {processor.py:840} INFO - DAG(s) 'example_trigger_target_dag' retrieved from /home/deprojectue/miniconda3/envs/airflow_demo/lib/python3.9/site-packages/airflow/example_dags/example_trigger_target_dag.py
[2024-01-31T08:53:56.409+0000] {logging_mixin.py:188} INFO - [2024-01-31T08:53:56.409+0000] {dag.py:3033} INFO - Sync 1 DAGs
[2024-01-31T08:53:56.423+0000] {logging_mixin.py:188} INFO - [2024-01-31T08:53:56.423+0000] {dag.py:3820} INFO - Setting next_dagrun for example_trigger_target_dag to None, run_after=None
[2024-01-31T08:53:56.449+0000] {processor.py:183} INFO - Processing /home/deprojectue/miniconda3/envs/airflow_demo/lib/python3.9/site-packages/airflow/example_dags/example_trigger_target_dag.py took 0.081 seconds
[2024-01-31T08:54:37.866+0000] {processor.py:161} INFO - Started process (PID=215542) to work on /home/deprojectue/miniconda3/envs/airflow_demo/lib/python3.9/site-packages/airflow/example_dags/example_trigger_target_dag.py
[2024-01-31T08:54:37.868+0000] {processor.py:830} INFO - Processing file /home/deprojectue/miniconda3/envs/airflow_demo/lib/python3.9/site-packages/airflow/example_dags/example_trigger_target_dag.py for tasks to queue
[2024-01-31T08:54:37.872+0000] {logging_mixin.py:188} INFO - [2024-01-31T08:54:37.872+0000] {dagbag.py:538} INFO - Filling up the DagBag from /home/deprojectue/miniconda3/envs/airflow_demo/lib/python3.9/site-packages/airflow/example_dags/example_trigger_target_dag.py
[2024-01-31T08:54:37.882+0000] {processor.py:840} INFO - DAG(s) 'example_trigger_target_dag' retrieved from /home/deprojectue/miniconda3/envs/airflow_demo/lib/python3.9/site-packages/airflow/example_dags/example_trigger_target_dag.py
[2024-01-31T08:54:37.902+0000] {logging_mixin.py:188} INFO - [2024-01-31T08:54:37.901+0000] {dag.py:3033} INFO - Sync 1 DAGs
[2024-01-31T08:54:37.916+0000] {logging_mixin.py:188} INFO - [2024-01-31T08:54:37.916+0000] {dag.py:3820} INFO - Setting next_dagrun for example_trigger_target_dag to None, run_after=None
[2024-01-31T08:54:37.942+0000] {processor.py:183} INFO - Processing /home/deprojectue/miniconda3/envs/airflow_demo/lib/python3.9/site-packages/airflow/example_dags/example_trigger_target_dag.py took 0.081 seconds
[2024-01-31T08:55:20.355+0000] {processor.py:161} INFO - Started process (PID=215585) to work on /home/deprojectue/miniconda3/envs/airflow_demo/lib/python3.9/site-packages/airflow/example_dags/example_trigger_target_dag.py
[2024-01-31T08:55:20.357+0000] {processor.py:830} INFO - Processing file /home/deprojectue/miniconda3/envs/airflow_demo/lib/python3.9/site-packages/airflow/example_dags/example_trigger_target_dag.py for tasks to queue
[2024-01-31T08:55:20.361+0000] {logging_mixin.py:188} INFO - [2024-01-31T08:55:20.360+0000] {dagbag.py:538} INFO - Filling up the DagBag from /home/deprojectue/miniconda3/envs/airflow_demo/lib/python3.9/site-packages/airflow/example_dags/example_trigger_target_dag.py
[2024-01-31T08:55:20.369+0000] {processor.py:840} INFO - DAG(s) 'example_trigger_target_dag' retrieved from /home/deprojectue/miniconda3/envs/airflow_demo/lib/python3.9/site-packages/airflow/example_dags/example_trigger_target_dag.py
[2024-01-31T08:55:20.388+0000] {logging_mixin.py:188} INFO - [2024-01-31T08:55:20.388+0000] {dag.py:3033} INFO - Sync 1 DAGs
[2024-01-31T08:55:20.401+0000] {logging_mixin.py:188} INFO - [2024-01-31T08:55:20.400+0000] {dag.py:3820} INFO - Setting next_dagrun for example_trigger_target_dag to None, run_after=None
[2024-01-31T08:55:20.423+0000] {processor.py:183} INFO - Processing /home/deprojectue/miniconda3/envs/airflow_demo/lib/python3.9/site-packages/airflow/example_dags/example_trigger_target_dag.py took 0.073 seconds
[2024-01-31T08:55:58.028+0000] {processor.py:161} INFO - Started process (PID=215627) to work on /home/deprojectue/miniconda3/envs/airflow_demo/lib/python3.9/site-packages/airflow/example_dags/example_trigger_target_dag.py
[2024-01-31T08:55:58.030+0000] {processor.py:830} INFO - Processing file /home/deprojectue/miniconda3/envs/airflow_demo/lib/python3.9/site-packages/airflow/example_dags/example_trigger_target_dag.py for tasks to queue
[2024-01-31T08:55:58.034+0000] {logging_mixin.py:188} INFO - [2024-01-31T08:55:58.033+0000] {dagbag.py:538} INFO - Filling up the DagBag from /home/deprojectue/miniconda3/envs/airflow_demo/lib/python3.9/site-packages/airflow/example_dags/example_trigger_target_dag.py
[2024-01-31T08:55:58.043+0000] {processor.py:840} INFO - DAG(s) 'example_trigger_target_dag' retrieved from /home/deprojectue/miniconda3/envs/airflow_demo/lib/python3.9/site-packages/airflow/example_dags/example_trigger_target_dag.py
[2024-01-31T08:55:58.062+0000] {logging_mixin.py:188} INFO - [2024-01-31T08:55:58.062+0000] {dag.py:3033} INFO - Sync 1 DAGs
[2024-01-31T08:55:58.075+0000] {logging_mixin.py:188} INFO - [2024-01-31T08:55:58.075+0000] {dag.py:3820} INFO - Setting next_dagrun for example_trigger_target_dag to None, run_after=None
[2024-01-31T08:55:58.101+0000] {processor.py:183} INFO - Processing /home/deprojectue/miniconda3/envs/airflow_demo/lib/python3.9/site-packages/airflow/example_dags/example_trigger_target_dag.py took 0.078 seconds
[2024-01-31T08:56:34.634+0000] {processor.py:161} INFO - Started process (PID=215677) to work on /home/deprojectue/miniconda3/envs/airflow_demo/lib/python3.9/site-packages/airflow/example_dags/example_trigger_target_dag.py
[2024-01-31T08:56:34.637+0000] {processor.py:830} INFO - Processing file /home/deprojectue/miniconda3/envs/airflow_demo/lib/python3.9/site-packages/airflow/example_dags/example_trigger_target_dag.py for tasks to queue
[2024-01-31T08:56:34.641+0000] {logging_mixin.py:188} INFO - [2024-01-31T08:56:34.641+0000] {dagbag.py:538} INFO - Filling up the DagBag from /home/deprojectue/miniconda3/envs/airflow_demo/lib/python3.9/site-packages/airflow/example_dags/example_trigger_target_dag.py
[2024-01-31T08:56:34.651+0000] {processor.py:840} INFO - DAG(s) 'example_trigger_target_dag' retrieved from /home/deprojectue/miniconda3/envs/airflow_demo/lib/python3.9/site-packages/airflow/example_dags/example_trigger_target_dag.py
[2024-01-31T08:56:34.671+0000] {logging_mixin.py:188} INFO - [2024-01-31T08:56:34.670+0000] {dag.py:3033} INFO - Sync 1 DAGs
[2024-01-31T08:56:34.684+0000] {logging_mixin.py:188} INFO - [2024-01-31T08:56:34.684+0000] {dag.py:3820} INFO - Setting next_dagrun for example_trigger_target_dag to None, run_after=None
[2024-01-31T08:56:34.713+0000] {processor.py:183} INFO - Processing /home/deprojectue/miniconda3/envs/airflow_demo/lib/python3.9/site-packages/airflow/example_dags/example_trigger_target_dag.py took 0.083 seconds
[2024-01-31T08:57:14.670+0000] {processor.py:161} INFO - Started process (PID=215723) to work on /home/deprojectue/miniconda3/envs/airflow_demo/lib/python3.9/site-packages/airflow/example_dags/example_trigger_target_dag.py
[2024-01-31T08:57:14.672+0000] {processor.py:830} INFO - Processing file /home/deprojectue/miniconda3/envs/airflow_demo/lib/python3.9/site-packages/airflow/example_dags/example_trigger_target_dag.py for tasks to queue
[2024-01-31T08:57:14.676+0000] {logging_mixin.py:188} INFO - [2024-01-31T08:57:14.676+0000] {dagbag.py:538} INFO - Filling up the DagBag from /home/deprojectue/miniconda3/envs/airflow_demo/lib/python3.9/site-packages/airflow/example_dags/example_trigger_target_dag.py
[2024-01-31T08:57:14.685+0000] {processor.py:840} INFO - DAG(s) 'example_trigger_target_dag' retrieved from /home/deprojectue/miniconda3/envs/airflow_demo/lib/python3.9/site-packages/airflow/example_dags/example_trigger_target_dag.py
[2024-01-31T08:57:14.704+0000] {logging_mixin.py:188} INFO - [2024-01-31T08:57:14.704+0000] {dag.py:3033} INFO - Sync 1 DAGs
[2024-01-31T08:57:14.718+0000] {logging_mixin.py:188} INFO - [2024-01-31T08:57:14.718+0000] {dag.py:3820} INFO - Setting next_dagrun for example_trigger_target_dag to None, run_after=None
[2024-01-31T08:57:14.743+0000] {processor.py:183} INFO - Processing /home/deprojectue/miniconda3/envs/airflow_demo/lib/python3.9/site-packages/airflow/example_dags/example_trigger_target_dag.py took 0.078 seconds
[2024-01-31T08:58:03.515+0000] {processor.py:161} INFO - Started process (PID=215773) to work on /home/deprojectue/miniconda3/envs/airflow_demo/lib/python3.9/site-packages/airflow/example_dags/example_trigger_target_dag.py
[2024-01-31T08:58:03.517+0000] {processor.py:830} INFO - Processing file /home/deprojectue/miniconda3/envs/airflow_demo/lib/python3.9/site-packages/airflow/example_dags/example_trigger_target_dag.py for tasks to queue
[2024-01-31T08:58:03.521+0000] {logging_mixin.py:188} INFO - [2024-01-31T08:58:03.521+0000] {dagbag.py:538} INFO - Filling up the DagBag from /home/deprojectue/miniconda3/envs/airflow_demo/lib/python3.9/site-packages/airflow/example_dags/example_trigger_target_dag.py
[2024-01-31T08:58:03.534+0000] {processor.py:840} INFO - DAG(s) 'example_trigger_target_dag' retrieved from /home/deprojectue/miniconda3/envs/airflow_demo/lib/python3.9/site-packages/airflow/example_dags/example_trigger_target_dag.py
[2024-01-31T08:58:03.559+0000] {logging_mixin.py:188} INFO - [2024-01-31T08:58:03.559+0000] {dag.py:3033} INFO - Sync 1 DAGs
[2024-01-31T08:58:03.574+0000] {logging_mixin.py:188} INFO - [2024-01-31T08:58:03.574+0000] {dag.py:3820} INFO - Setting next_dagrun for example_trigger_target_dag to None, run_after=None
[2024-01-31T08:58:03.601+0000] {processor.py:183} INFO - Processing /home/deprojectue/miniconda3/envs/airflow_demo/lib/python3.9/site-packages/airflow/example_dags/example_trigger_target_dag.py took 0.090 seconds
[2024-01-31T08:58:43.214+0000] {processor.py:161} INFO - Started process (PID=215833) to work on /home/deprojectue/miniconda3/envs/airflow_demo/lib/python3.9/site-packages/airflow/example_dags/example_trigger_target_dag.py
[2024-01-31T08:58:43.216+0000] {processor.py:830} INFO - Processing file /home/deprojectue/miniconda3/envs/airflow_demo/lib/python3.9/site-packages/airflow/example_dags/example_trigger_target_dag.py for tasks to queue
[2024-01-31T08:58:43.220+0000] {logging_mixin.py:188} INFO - [2024-01-31T08:58:43.219+0000] {dagbag.py:538} INFO - Filling up the DagBag from /home/deprojectue/miniconda3/envs/airflow_demo/lib/python3.9/site-packages/airflow/example_dags/example_trigger_target_dag.py
[2024-01-31T08:58:43.230+0000] {processor.py:840} INFO - DAG(s) 'example_trigger_target_dag' retrieved from /home/deprojectue/miniconda3/envs/airflow_demo/lib/python3.9/site-packages/airflow/example_dags/example_trigger_target_dag.py
[2024-01-31T08:58:43.251+0000] {logging_mixin.py:188} INFO - [2024-01-31T08:58:43.251+0000] {dag.py:3033} INFO - Sync 1 DAGs
[2024-01-31T08:58:43.265+0000] {logging_mixin.py:188} INFO - [2024-01-31T08:58:43.265+0000] {dag.py:3820} INFO - Setting next_dagrun for example_trigger_target_dag to None, run_after=None
[2024-01-31T08:58:43.290+0000] {processor.py:183} INFO - Processing /home/deprojectue/miniconda3/envs/airflow_demo/lib/python3.9/site-packages/airflow/example_dags/example_trigger_target_dag.py took 0.080 seconds
[2024-01-31T08:59:25.024+0000] {processor.py:161} INFO - Started process (PID=215877) to work on /home/deprojectue/miniconda3/envs/airflow_demo/lib/python3.9/site-packages/airflow/example_dags/example_trigger_target_dag.py
[2024-01-31T08:59:25.027+0000] {processor.py:830} INFO - Processing file /home/deprojectue/miniconda3/envs/airflow_demo/lib/python3.9/site-packages/airflow/example_dags/example_trigger_target_dag.py for tasks to queue
[2024-01-31T08:59:25.031+0000] {logging_mixin.py:188} INFO - [2024-01-31T08:59:25.030+0000] {dagbag.py:538} INFO - Filling up the DagBag from /home/deprojectue/miniconda3/envs/airflow_demo/lib/python3.9/site-packages/airflow/example_dags/example_trigger_target_dag.py
[2024-01-31T08:59:25.041+0000] {processor.py:840} INFO - DAG(s) 'example_trigger_target_dag' retrieved from /home/deprojectue/miniconda3/envs/airflow_demo/lib/python3.9/site-packages/airflow/example_dags/example_trigger_target_dag.py
[2024-01-31T08:59:25.062+0000] {logging_mixin.py:188} INFO - [2024-01-31T08:59:25.061+0000] {dag.py:3033} INFO - Sync 1 DAGs
[2024-01-31T08:59:25.076+0000] {logging_mixin.py:188} INFO - [2024-01-31T08:59:25.075+0000] {dag.py:3820} INFO - Setting next_dagrun for example_trigger_target_dag to None, run_after=None
[2024-01-31T08:59:25.104+0000] {processor.py:183} INFO - Processing /home/deprojectue/miniconda3/envs/airflow_demo/lib/python3.9/site-packages/airflow/example_dags/example_trigger_target_dag.py took 0.085 seconds
[2024-01-31T09:00:04.883+0000] {processor.py:161} INFO - Started process (PID=215917) to work on /home/deprojectue/miniconda3/envs/airflow_demo/lib/python3.9/site-packages/airflow/example_dags/example_trigger_target_dag.py
[2024-01-31T09:00:04.885+0000] {processor.py:830} INFO - Processing file /home/deprojectue/miniconda3/envs/airflow_demo/lib/python3.9/site-packages/airflow/example_dags/example_trigger_target_dag.py for tasks to queue
[2024-01-31T09:00:04.889+0000] {logging_mixin.py:188} INFO - [2024-01-31T09:00:04.888+0000] {dagbag.py:538} INFO - Filling up the DagBag from /home/deprojectue/miniconda3/envs/airflow_demo/lib/python3.9/site-packages/airflow/example_dags/example_trigger_target_dag.py
[2024-01-31T09:00:04.898+0000] {processor.py:840} INFO - DAG(s) 'example_trigger_target_dag' retrieved from /home/deprojectue/miniconda3/envs/airflow_demo/lib/python3.9/site-packages/airflow/example_dags/example_trigger_target_dag.py
[2024-01-31T09:00:04.917+0000] {logging_mixin.py:188} INFO - [2024-01-31T09:00:04.917+0000] {dag.py:3033} INFO - Sync 1 DAGs
[2024-01-31T09:00:04.930+0000] {logging_mixin.py:188} INFO - [2024-01-31T09:00:04.930+0000] {dag.py:3820} INFO - Setting next_dagrun for example_trigger_target_dag to None, run_after=None
[2024-01-31T09:00:04.955+0000] {processor.py:183} INFO - Processing /home/deprojectue/miniconda3/envs/airflow_demo/lib/python3.9/site-packages/airflow/example_dags/example_trigger_target_dag.py took 0.076 seconds
[2024-01-31T09:00:39.757+0000] {processor.py:161} INFO - Started process (PID=215955) to work on /home/deprojectue/miniconda3/envs/airflow_demo/lib/python3.9/site-packages/airflow/example_dags/example_trigger_target_dag.py
[2024-01-31T09:00:39.759+0000] {processor.py:830} INFO - Processing file /home/deprojectue/miniconda3/envs/airflow_demo/lib/python3.9/site-packages/airflow/example_dags/example_trigger_target_dag.py for tasks to queue
[2024-01-31T09:00:39.763+0000] {logging_mixin.py:188} INFO - [2024-01-31T09:00:39.762+0000] {dagbag.py:538} INFO - Filling up the DagBag from /home/deprojectue/miniconda3/envs/airflow_demo/lib/python3.9/site-packages/airflow/example_dags/example_trigger_target_dag.py
[2024-01-31T09:00:39.773+0000] {processor.py:840} INFO - DAG(s) 'example_trigger_target_dag' retrieved from /home/deprojectue/miniconda3/envs/airflow_demo/lib/python3.9/site-packages/airflow/example_dags/example_trigger_target_dag.py
[2024-01-31T09:00:39.793+0000] {logging_mixin.py:188} INFO - [2024-01-31T09:00:39.792+0000] {dag.py:3033} INFO - Sync 1 DAGs
[2024-01-31T09:00:39.806+0000] {logging_mixin.py:188} INFO - [2024-01-31T09:00:39.806+0000] {dag.py:3820} INFO - Setting next_dagrun for example_trigger_target_dag to None, run_after=None
[2024-01-31T09:00:39.831+0000] {processor.py:183} INFO - Processing /home/deprojectue/miniconda3/envs/airflow_demo/lib/python3.9/site-packages/airflow/example_dags/example_trigger_target_dag.py took 0.079 seconds
[2024-01-31T09:01:18.706+0000] {processor.py:161} INFO - Started process (PID=215996) to work on /home/deprojectue/miniconda3/envs/airflow_demo/lib/python3.9/site-packages/airflow/example_dags/example_trigger_target_dag.py
[2024-01-31T09:01:18.708+0000] {processor.py:830} INFO - Processing file /home/deprojectue/miniconda3/envs/airflow_demo/lib/python3.9/site-packages/airflow/example_dags/example_trigger_target_dag.py for tasks to queue
[2024-01-31T09:01:18.712+0000] {logging_mixin.py:188} INFO - [2024-01-31T09:01:18.711+0000] {dagbag.py:538} INFO - Filling up the DagBag from /home/deprojectue/miniconda3/envs/airflow_demo/lib/python3.9/site-packages/airflow/example_dags/example_trigger_target_dag.py
[2024-01-31T09:01:18.721+0000] {processor.py:840} INFO - DAG(s) 'example_trigger_target_dag' retrieved from /home/deprojectue/miniconda3/envs/airflow_demo/lib/python3.9/site-packages/airflow/example_dags/example_trigger_target_dag.py
[2024-01-31T09:01:18.741+0000] {logging_mixin.py:188} INFO - [2024-01-31T09:01:18.740+0000] {dag.py:3033} INFO - Sync 1 DAGs
[2024-01-31T09:01:18.755+0000] {logging_mixin.py:188} INFO - [2024-01-31T09:01:18.755+0000] {dag.py:3820} INFO - Setting next_dagrun for example_trigger_target_dag to None, run_after=None
[2024-01-31T09:01:18.782+0000] {processor.py:183} INFO - Processing /home/deprojectue/miniconda3/envs/airflow_demo/lib/python3.9/site-packages/airflow/example_dags/example_trigger_target_dag.py took 0.080 seconds
[2024-01-31T09:01:55.968+0000] {processor.py:161} INFO - Started process (PID=216036) to work on /home/deprojectue/miniconda3/envs/airflow_demo/lib/python3.9/site-packages/airflow/example_dags/example_trigger_target_dag.py
[2024-01-31T09:01:55.970+0000] {processor.py:830} INFO - Processing file /home/deprojectue/miniconda3/envs/airflow_demo/lib/python3.9/site-packages/airflow/example_dags/example_trigger_target_dag.py for tasks to queue
[2024-01-31T09:01:55.973+0000] {logging_mixin.py:188} INFO - [2024-01-31T09:01:55.973+0000] {dagbag.py:538} INFO - Filling up the DagBag from /home/deprojectue/miniconda3/envs/airflow_demo/lib/python3.9/site-packages/airflow/example_dags/example_trigger_target_dag.py
[2024-01-31T09:01:55.984+0000] {processor.py:840} INFO - DAG(s) 'example_trigger_target_dag' retrieved from /home/deprojectue/miniconda3/envs/airflow_demo/lib/python3.9/site-packages/airflow/example_dags/example_trigger_target_dag.py
[2024-01-31T09:01:56.003+0000] {logging_mixin.py:188} INFO - [2024-01-31T09:01:56.003+0000] {dag.py:3033} INFO - Sync 1 DAGs
[2024-01-31T09:01:56.017+0000] {logging_mixin.py:188} INFO - [2024-01-31T09:01:56.017+0000] {dag.py:3820} INFO - Setting next_dagrun for example_trigger_target_dag to None, run_after=None
[2024-01-31T09:01:56.042+0000] {processor.py:183} INFO - Processing /home/deprojectue/miniconda3/envs/airflow_demo/lib/python3.9/site-packages/airflow/example_dags/example_trigger_target_dag.py took 0.079 seconds
[2024-01-31T09:02:31.901+0000] {processor.py:161} INFO - Started process (PID=216076) to work on /home/deprojectue/miniconda3/envs/airflow_demo/lib/python3.9/site-packages/airflow/example_dags/example_trigger_target_dag.py
[2024-01-31T09:02:31.903+0000] {processor.py:830} INFO - Processing file /home/deprojectue/miniconda3/envs/airflow_demo/lib/python3.9/site-packages/airflow/example_dags/example_trigger_target_dag.py for tasks to queue
[2024-01-31T09:02:31.907+0000] {logging_mixin.py:188} INFO - [2024-01-31T09:02:31.906+0000] {dagbag.py:538} INFO - Filling up the DagBag from /home/deprojectue/miniconda3/envs/airflow_demo/lib/python3.9/site-packages/airflow/example_dags/example_trigger_target_dag.py
[2024-01-31T09:02:31.916+0000] {processor.py:840} INFO - DAG(s) 'example_trigger_target_dag' retrieved from /home/deprojectue/miniconda3/envs/airflow_demo/lib/python3.9/site-packages/airflow/example_dags/example_trigger_target_dag.py
[2024-01-31T09:02:31.935+0000] {logging_mixin.py:188} INFO - [2024-01-31T09:02:31.935+0000] {dag.py:3033} INFO - Sync 1 DAGs
[2024-01-31T09:02:31.949+0000] {logging_mixin.py:188} INFO - [2024-01-31T09:02:31.948+0000] {dag.py:3820} INFO - Setting next_dagrun for example_trigger_target_dag to None, run_after=None
[2024-01-31T09:02:31.973+0000] {processor.py:183} INFO - Processing /home/deprojectue/miniconda3/envs/airflow_demo/lib/python3.9/site-packages/airflow/example_dags/example_trigger_target_dag.py took 0.076 seconds
[2024-01-31T09:03:09.827+0000] {processor.py:161} INFO - Started process (PID=216114) to work on /home/deprojectue/miniconda3/envs/airflow_demo/lib/python3.9/site-packages/airflow/example_dags/example_trigger_target_dag.py
[2024-01-31T09:03:09.828+0000] {processor.py:830} INFO - Processing file /home/deprojectue/miniconda3/envs/airflow_demo/lib/python3.9/site-packages/airflow/example_dags/example_trigger_target_dag.py for tasks to queue
[2024-01-31T09:03:09.832+0000] {logging_mixin.py:188} INFO - [2024-01-31T09:03:09.831+0000] {dagbag.py:538} INFO - Filling up the DagBag from /home/deprojectue/miniconda3/envs/airflow_demo/lib/python3.9/site-packages/airflow/example_dags/example_trigger_target_dag.py
[2024-01-31T09:03:09.843+0000] {processor.py:840} INFO - DAG(s) 'example_trigger_target_dag' retrieved from /home/deprojectue/miniconda3/envs/airflow_demo/lib/python3.9/site-packages/airflow/example_dags/example_trigger_target_dag.py
[2024-01-31T09:03:09.864+0000] {logging_mixin.py:188} INFO - [2024-01-31T09:03:09.864+0000] {dag.py:3033} INFO - Sync 1 DAGs
[2024-01-31T09:03:09.878+0000] {logging_mixin.py:188} INFO - [2024-01-31T09:03:09.877+0000] {dag.py:3820} INFO - Setting next_dagrun for example_trigger_target_dag to None, run_after=None
[2024-01-31T09:03:09.904+0000] {processor.py:183} INFO - Processing /home/deprojectue/miniconda3/envs/airflow_demo/lib/python3.9/site-packages/airflow/example_dags/example_trigger_target_dag.py took 0.081 seconds
[2024-01-31T09:03:46.328+0000] {processor.py:161} INFO - Started process (PID=216152) to work on /home/deprojectue/miniconda3/envs/airflow_demo/lib/python3.9/site-packages/airflow/example_dags/example_trigger_target_dag.py
[2024-01-31T09:03:46.330+0000] {processor.py:830} INFO - Processing file /home/deprojectue/miniconda3/envs/airflow_demo/lib/python3.9/site-packages/airflow/example_dags/example_trigger_target_dag.py for tasks to queue
[2024-01-31T09:03:46.333+0000] {logging_mixin.py:188} INFO - [2024-01-31T09:03:46.333+0000] {dagbag.py:538} INFO - Filling up the DagBag from /home/deprojectue/miniconda3/envs/airflow_demo/lib/python3.9/site-packages/airflow/example_dags/example_trigger_target_dag.py
[2024-01-31T09:03:46.344+0000] {processor.py:840} INFO - DAG(s) 'example_trigger_target_dag' retrieved from /home/deprojectue/miniconda3/envs/airflow_demo/lib/python3.9/site-packages/airflow/example_dags/example_trigger_target_dag.py
[2024-01-31T09:03:46.364+0000] {logging_mixin.py:188} INFO - [2024-01-31T09:03:46.363+0000] {dag.py:3033} INFO - Sync 1 DAGs
[2024-01-31T09:03:46.377+0000] {logging_mixin.py:188} INFO - [2024-01-31T09:03:46.377+0000] {dag.py:3820} INFO - Setting next_dagrun for example_trigger_target_dag to None, run_after=None
[2024-01-31T09:03:46.401+0000] {processor.py:183} INFO - Processing /home/deprojectue/miniconda3/envs/airflow_demo/lib/python3.9/site-packages/airflow/example_dags/example_trigger_target_dag.py took 0.078 seconds
[2024-01-31T09:04:22.016+0000] {processor.py:161} INFO - Started process (PID=216189) to work on /home/deprojectue/miniconda3/envs/airflow_demo/lib/python3.9/site-packages/airflow/example_dags/example_trigger_target_dag.py
[2024-01-31T09:04:22.018+0000] {processor.py:830} INFO - Processing file /home/deprojectue/miniconda3/envs/airflow_demo/lib/python3.9/site-packages/airflow/example_dags/example_trigger_target_dag.py for tasks to queue
[2024-01-31T09:04:22.022+0000] {logging_mixin.py:188} INFO - [2024-01-31T09:04:22.021+0000] {dagbag.py:538} INFO - Filling up the DagBag from /home/deprojectue/miniconda3/envs/airflow_demo/lib/python3.9/site-packages/airflow/example_dags/example_trigger_target_dag.py
[2024-01-31T09:04:22.032+0000] {processor.py:840} INFO - DAG(s) 'example_trigger_target_dag' retrieved from /home/deprojectue/miniconda3/envs/airflow_demo/lib/python3.9/site-packages/airflow/example_dags/example_trigger_target_dag.py
[2024-01-31T09:04:22.052+0000] {logging_mixin.py:188} INFO - [2024-01-31T09:04:22.051+0000] {dag.py:3033} INFO - Sync 1 DAGs
[2024-01-31T09:04:22.065+0000] {logging_mixin.py:188} INFO - [2024-01-31T09:04:22.064+0000] {dag.py:3820} INFO - Setting next_dagrun for example_trigger_target_dag to None, run_after=None
[2024-01-31T09:04:22.090+0000] {processor.py:183} INFO - Processing /home/deprojectue/miniconda3/envs/airflow_demo/lib/python3.9/site-packages/airflow/example_dags/example_trigger_target_dag.py took 0.078 seconds
[2024-01-31T09:04:59.720+0000] {processor.py:161} INFO - Started process (PID=216229) to work on /home/deprojectue/miniconda3/envs/airflow_demo/lib/python3.9/site-packages/airflow/example_dags/example_trigger_target_dag.py
[2024-01-31T09:04:59.722+0000] {processor.py:830} INFO - Processing file /home/deprojectue/miniconda3/envs/airflow_demo/lib/python3.9/site-packages/airflow/example_dags/example_trigger_target_dag.py for tasks to queue
[2024-01-31T09:04:59.726+0000] {logging_mixin.py:188} INFO - [2024-01-31T09:04:59.725+0000] {dagbag.py:538} INFO - Filling up the DagBag from /home/deprojectue/miniconda3/envs/airflow_demo/lib/python3.9/site-packages/airflow/example_dags/example_trigger_target_dag.py
[2024-01-31T09:04:59.736+0000] {processor.py:840} INFO - DAG(s) 'example_trigger_target_dag' retrieved from /home/deprojectue/miniconda3/envs/airflow_demo/lib/python3.9/site-packages/airflow/example_dags/example_trigger_target_dag.py
[2024-01-31T09:04:59.756+0000] {logging_mixin.py:188} INFO - [2024-01-31T09:04:59.756+0000] {dag.py:3033} INFO - Sync 1 DAGs
[2024-01-31T09:04:59.770+0000] {logging_mixin.py:188} INFO - [2024-01-31T09:04:59.770+0000] {dag.py:3820} INFO - Setting next_dagrun for example_trigger_target_dag to None, run_after=None
[2024-01-31T09:04:59.798+0000] {processor.py:183} INFO - Processing /home/deprojectue/miniconda3/envs/airflow_demo/lib/python3.9/site-packages/airflow/example_dags/example_trigger_target_dag.py took 0.083 seconds
[2024-01-31T09:08:10.886+0000] {processor.py:161} INFO - Started process (PID=216366) to work on /home/deprojectue/miniconda3/envs/airflow_demo/lib/python3.9/site-packages/airflow/example_dags/example_trigger_target_dag.py
[2024-01-31T09:08:10.891+0000] {processor.py:830} INFO - Processing file /home/deprojectue/miniconda3/envs/airflow_demo/lib/python3.9/site-packages/airflow/example_dags/example_trigger_target_dag.py for tasks to queue
[2024-01-31T09:08:10.900+0000] {logging_mixin.py:188} INFO - [2024-01-31T09:08:10.899+0000] {dagbag.py:538} INFO - Filling up the DagBag from /home/deprojectue/miniconda3/envs/airflow_demo/lib/python3.9/site-packages/airflow/example_dags/example_trigger_target_dag.py
[2024-01-31T09:08:11.105+0000] {processor.py:840} INFO - DAG(s) 'example_trigger_target_dag' retrieved from /home/deprojectue/miniconda3/envs/airflow_demo/lib/python3.9/site-packages/airflow/example_dags/example_trigger_target_dag.py
[2024-01-31T09:08:11.367+0000] {logging_mixin.py:188} INFO - [2024-01-31T09:08:11.366+0000] {dag.py:3033} INFO - Sync 1 DAGs
[2024-01-31T09:08:11.597+0000] {logging_mixin.py:188} INFO - [2024-01-31T09:08:11.597+0000] {dag.py:3820} INFO - Setting next_dagrun for example_trigger_target_dag to None, run_after=None
[2024-01-31T09:08:11.647+0000] {processor.py:183} INFO - Processing /home/deprojectue/miniconda3/envs/airflow_demo/lib/python3.9/site-packages/airflow/example_dags/example_trigger_target_dag.py took 0.773 seconds
[2024-01-31T09:34:09.939+0000] {processor.py:161} INFO - Started process (PID=216859) to work on /home/deprojectue/miniconda3/envs/airflow_demo/lib/python3.9/site-packages/airflow/example_dags/example_trigger_target_dag.py
[2024-01-31T09:34:09.945+0000] {processor.py:830} INFO - Processing file /home/deprojectue/miniconda3/envs/airflow_demo/lib/python3.9/site-packages/airflow/example_dags/example_trigger_target_dag.py for tasks to queue
[2024-01-31T09:34:09.951+0000] {logging_mixin.py:188} INFO - [2024-01-31T09:34:09.950+0000] {dagbag.py:538} INFO - Filling up the DagBag from /home/deprojectue/miniconda3/envs/airflow_demo/lib/python3.9/site-packages/airflow/example_dags/example_trigger_target_dag.py
[2024-01-31T09:34:09.984+0000] {processor.py:840} INFO - DAG(s) 'example_trigger_target_dag' retrieved from /home/deprojectue/miniconda3/envs/airflow_demo/lib/python3.9/site-packages/airflow/example_dags/example_trigger_target_dag.py
[2024-01-31T09:34:10.282+0000] {logging_mixin.py:188} INFO - [2024-01-31T09:34:10.281+0000] {override.py:1769} INFO - Created Permission View: can edit on DAG:example_trigger_target_dag
[2024-01-31T09:34:10.329+0000] {logging_mixin.py:188} INFO - [2024-01-31T09:34:10.328+0000] {override.py:1769} INFO - Created Permission View: can read on DAG:example_trigger_target_dag
[2024-01-31T09:34:10.354+0000] {logging_mixin.py:188} INFO - [2024-01-31T09:34:10.354+0000] {override.py:1769} INFO - Created Permission View: can delete on DAG:example_trigger_target_dag
[2024-01-31T09:34:10.355+0000] {logging_mixin.py:188} INFO - [2024-01-31T09:34:10.355+0000] {dag.py:3033} INFO - Sync 1 DAGs
[2024-01-31T09:34:10.387+0000] {logging_mixin.py:188} INFO - [2024-01-31T09:34:10.386+0000] {dag.py:3055} INFO - Creating ORM DAG for example_trigger_target_dag
[2024-01-31T09:34:10.387+0000] {logging_mixin.py:188} INFO - [2024-01-31T09:34:10.387+0000] {dag.py:3820} INFO - Setting next_dagrun for example_trigger_target_dag to None, run_after=None
[2024-01-31T09:34:10.441+0000] {processor.py:183} INFO - Processing /home/deprojectue/miniconda3/envs/airflow_demo/lib/python3.9/site-packages/airflow/example_dags/example_trigger_target_dag.py took 0.514 seconds
[2024-01-31T09:36:27.770+0000] {processor.py:161} INFO - Started process (PID=216924) to work on /home/deprojectue/miniconda3/envs/airflow_demo/lib/python3.9/site-packages/airflow/example_dags/example_trigger_target_dag.py
[2024-01-31T09:36:27.773+0000] {processor.py:830} INFO - Processing file /home/deprojectue/miniconda3/envs/airflow_demo/lib/python3.9/site-packages/airflow/example_dags/example_trigger_target_dag.py for tasks to queue
[2024-01-31T09:36:27.777+0000] {logging_mixin.py:188} INFO - [2024-01-31T09:36:27.777+0000] {dagbag.py:538} INFO - Filling up the DagBag from /home/deprojectue/miniconda3/envs/airflow_demo/lib/python3.9/site-packages/airflow/example_dags/example_trigger_target_dag.py
[2024-01-31T09:36:27.790+0000] {processor.py:840} INFO - DAG(s) 'example_trigger_target_dag' retrieved from /home/deprojectue/miniconda3/envs/airflow_demo/lib/python3.9/site-packages/airflow/example_dags/example_trigger_target_dag.py
[2024-01-31T09:36:27.812+0000] {logging_mixin.py:188} INFO - [2024-01-31T09:36:27.812+0000] {dag.py:3033} INFO - Sync 1 DAGs
[2024-01-31T09:36:27.826+0000] {logging_mixin.py:188} INFO - [2024-01-31T09:36:27.825+0000] {dag.py:3820} INFO - Setting next_dagrun for example_trigger_target_dag to None, run_after=None
[2024-01-31T09:36:27.863+0000] {processor.py:183} INFO - Processing /home/deprojectue/miniconda3/envs/airflow_demo/lib/python3.9/site-packages/airflow/example_dags/example_trigger_target_dag.py took 0.097 seconds
