[2024-01-31T02:07:35.919+0000] {processor.py:161} INFO - Started process (PID=210219) to work on /home/deprojectue/miniconda3/envs/airflow_demo/lib/python3.9/site-packages/airflow/example_dags/example_python_decorator.py
[2024-01-31T02:07:35.920+0000] {processor.py:830} INFO - Processing file /home/deprojectue/miniconda3/envs/airflow_demo/lib/python3.9/site-packages/airflow/example_dags/example_python_decorator.py for tasks to queue
[2024-01-31T02:07:35.921+0000] {logging_mixin.py:188} INFO - [2024-01-31T02:07:35.921+0000] {dagbag.py:538} INFO - Filling up the DagBag from /home/deprojectue/miniconda3/envs/airflow_demo/lib/python3.9/site-packages/airflow/example_dags/example_python_decorator.py
[2024-01-31T02:07:35.933+0000] {logging_mixin.py:188} INFO - [2024-01-31T02:07:35.933+0000] {example_python_decorator.py:79} WARNING - The virtalenv_python example task requires virtualenv, please install it.
[2024-01-31T02:07:35.934+0000] {processor.py:840} INFO - DAG(s) 'example_python_decorator' retrieved from /home/deprojectue/miniconda3/envs/airflow_demo/lib/python3.9/site-packages/airflow/example_dags/example_python_decorator.py
[2024-01-31T02:07:36.062+0000] {logging_mixin.py:188} INFO - [2024-01-31T02:07:36.061+0000] {override.py:1769} INFO - Created Permission View: can read on DAG:example_python_decorator
[2024-01-31T02:07:36.077+0000] {logging_mixin.py:188} INFO - [2024-01-31T02:07:36.076+0000] {override.py:1769} INFO - Created Permission View: can delete on DAG:example_python_decorator
[2024-01-31T02:07:36.086+0000] {logging_mixin.py:188} INFO - [2024-01-31T02:07:36.086+0000] {override.py:1769} INFO - Created Permission View: can edit on DAG:example_python_decorator
[2024-01-31T02:07:36.087+0000] {logging_mixin.py:188} INFO - [2024-01-31T02:07:36.087+0000] {dag.py:3033} INFO - Sync 1 DAGs
[2024-01-31T02:07:36.098+0000] {logging_mixin.py:188} INFO - [2024-01-31T02:07:36.098+0000] {dag.py:3055} INFO - Creating ORM DAG for example_python_decorator
[2024-01-31T02:07:36.099+0000] {logging_mixin.py:188} INFO - [2024-01-31T02:07:36.099+0000] {dag.py:3820} INFO - Setting next_dagrun for example_python_decorator to None, run_after=None
[2024-01-31T02:07:36.123+0000] {processor.py:183} INFO - Processing /home/deprojectue/miniconda3/envs/airflow_demo/lib/python3.9/site-packages/airflow/example_dags/example_python_decorator.py took 0.208 seconds
[2024-01-31T02:09:09.930+0000] {processor.py:161} INFO - Started process (PID=210690) to work on /home/deprojectue/miniconda3/envs/airflow_demo/lib/python3.9/site-packages/airflow/example_dags/example_python_decorator.py
[2024-01-31T02:09:09.932+0000] {processor.py:830} INFO - Processing file /home/deprojectue/miniconda3/envs/airflow_demo/lib/python3.9/site-packages/airflow/example_dags/example_python_decorator.py for tasks to queue
[2024-01-31T02:09:09.933+0000] {logging_mixin.py:188} INFO - [2024-01-31T02:09:09.933+0000] {dagbag.py:538} INFO - Filling up the DagBag from /home/deprojectue/miniconda3/envs/airflow_demo/lib/python3.9/site-packages/airflow/example_dags/example_python_decorator.py
[2024-01-31T02:09:09.944+0000] {processor.py:840} INFO - DAG(s) 'example_python_decorator' retrieved from /home/deprojectue/miniconda3/envs/airflow_demo/lib/python3.9/site-packages/airflow/example_dags/example_python_decorator.py
[2024-01-31T02:09:10.058+0000] {logging_mixin.py:188} INFO - [2024-01-31T02:09:10.058+0000] {dag.py:3033} INFO - Sync 1 DAGs
[2024-01-31T02:09:10.068+0000] {logging_mixin.py:188} INFO - [2024-01-31T02:09:10.068+0000] {dag.py:3820} INFO - Setting next_dagrun for example_python_decorator to None, run_after=None
[2024-01-31T02:09:10.095+0000] {processor.py:183} INFO - Processing /home/deprojectue/miniconda3/envs/airflow_demo/lib/python3.9/site-packages/airflow/example_dags/example_python_decorator.py took 0.169 seconds
[2024-01-31T02:10:03.612+0000] {processor.py:161} INFO - Started process (PID=210963) to work on /home/deprojectue/miniconda3/envs/airflow_demo/lib/python3.9/site-packages/airflow/example_dags/example_python_decorator.py
[2024-01-31T02:10:03.614+0000] {processor.py:830} INFO - Processing file /home/deprojectue/miniconda3/envs/airflow_demo/lib/python3.9/site-packages/airflow/example_dags/example_python_decorator.py for tasks to queue
[2024-01-31T02:10:03.615+0000] {logging_mixin.py:188} INFO - [2024-01-31T02:10:03.615+0000] {dagbag.py:538} INFO - Filling up the DagBag from /home/deprojectue/miniconda3/envs/airflow_demo/lib/python3.9/site-packages/airflow/example_dags/example_python_decorator.py
[2024-01-31T02:10:03.629+0000] {processor.py:840} INFO - DAG(s) 'example_python_decorator' retrieved from /home/deprojectue/miniconda3/envs/airflow_demo/lib/python3.9/site-packages/airflow/example_dags/example_python_decorator.py
[2024-01-31T02:10:03.651+0000] {logging_mixin.py:188} INFO - [2024-01-31T02:10:03.651+0000] {dag.py:3033} INFO - Sync 1 DAGs
[2024-01-31T02:10:03.666+0000] {logging_mixin.py:188} INFO - [2024-01-31T02:10:03.666+0000] {dag.py:3820} INFO - Setting next_dagrun for example_python_decorator to None, run_after=None
[2024-01-31T02:10:03.695+0000] {processor.py:183} INFO - Processing /home/deprojectue/miniconda3/envs/airflow_demo/lib/python3.9/site-packages/airflow/example_dags/example_python_decorator.py took 0.087 seconds
[2024-01-31T02:12:52.998+0000] {processor.py:161} INFO - Started process (PID=211049) to work on /home/deprojectue/miniconda3/envs/airflow_demo/lib/python3.9/site-packages/airflow/example_dags/example_python_decorator.py
[2024-01-31T02:12:53.000+0000] {processor.py:830} INFO - Processing file /home/deprojectue/miniconda3/envs/airflow_demo/lib/python3.9/site-packages/airflow/example_dags/example_python_decorator.py for tasks to queue
[2024-01-31T02:12:53.003+0000] {logging_mixin.py:188} INFO - [2024-01-31T02:12:53.003+0000] {dagbag.py:538} INFO - Filling up the DagBag from /home/deprojectue/miniconda3/envs/airflow_demo/lib/python3.9/site-packages/airflow/example_dags/example_python_decorator.py
[2024-01-31T02:12:53.016+0000] {processor.py:840} INFO - DAG(s) 'example_python_decorator' retrieved from /home/deprojectue/miniconda3/envs/airflow_demo/lib/python3.9/site-packages/airflow/example_dags/example_python_decorator.py
[2024-01-31T02:12:53.043+0000] {logging_mixin.py:188} INFO - [2024-01-31T02:12:53.042+0000] {dag.py:3033} INFO - Sync 1 DAGs
[2024-01-31T02:12:53.057+0000] {logging_mixin.py:188} INFO - [2024-01-31T02:12:53.057+0000] {dag.py:3820} INFO - Setting next_dagrun for example_python_decorator to None, run_after=None
[2024-01-31T02:12:53.081+0000] {processor.py:183} INFO - Processing /home/deprojectue/miniconda3/envs/airflow_demo/lib/python3.9/site-packages/airflow/example_dags/example_python_decorator.py took 0.088 seconds
[2024-01-31T02:13:41.007+0000] {processor.py:161} INFO - Started process (PID=211107) to work on /home/deprojectue/miniconda3/envs/airflow_demo/lib/python3.9/site-packages/airflow/example_dags/example_python_decorator.py
[2024-01-31T02:13:41.009+0000] {processor.py:830} INFO - Processing file /home/deprojectue/miniconda3/envs/airflow_demo/lib/python3.9/site-packages/airflow/example_dags/example_python_decorator.py for tasks to queue
[2024-01-31T02:13:41.013+0000] {logging_mixin.py:188} INFO - [2024-01-31T02:13:41.012+0000] {dagbag.py:538} INFO - Filling up the DagBag from /home/deprojectue/miniconda3/envs/airflow_demo/lib/python3.9/site-packages/airflow/example_dags/example_python_decorator.py
[2024-01-31T02:13:41.025+0000] {processor.py:840} INFO - DAG(s) 'example_python_decorator' retrieved from /home/deprojectue/miniconda3/envs/airflow_demo/lib/python3.9/site-packages/airflow/example_dags/example_python_decorator.py
[2024-01-31T02:13:41.047+0000] {logging_mixin.py:188} INFO - [2024-01-31T02:13:41.046+0000] {dag.py:3033} INFO - Sync 1 DAGs
[2024-01-31T02:13:41.061+0000] {logging_mixin.py:188} INFO - [2024-01-31T02:13:41.061+0000] {dag.py:3820} INFO - Setting next_dagrun for example_python_decorator to None, run_after=None
[2024-01-31T02:13:41.088+0000] {processor.py:183} INFO - Processing /home/deprojectue/miniconda3/envs/airflow_demo/lib/python3.9/site-packages/airflow/example_dags/example_python_decorator.py took 0.085 seconds
[2024-01-31T02:21:51.387+0000] {processor.py:161} INFO - Started process (PID=211309) to work on /home/deprojectue/miniconda3/envs/airflow_demo/lib/python3.9/site-packages/airflow/example_dags/example_python_decorator.py
[2024-01-31T02:21:51.389+0000] {processor.py:830} INFO - Processing file /home/deprojectue/miniconda3/envs/airflow_demo/lib/python3.9/site-packages/airflow/example_dags/example_python_decorator.py for tasks to queue
[2024-01-31T02:21:51.394+0000] {logging_mixin.py:188} INFO - [2024-01-31T02:21:51.393+0000] {dagbag.py:538} INFO - Filling up the DagBag from /home/deprojectue/miniconda3/envs/airflow_demo/lib/python3.9/site-packages/airflow/example_dags/example_python_decorator.py
[2024-01-31T02:21:51.410+0000] {processor.py:840} INFO - DAG(s) 'example_python_decorator' retrieved from /home/deprojectue/miniconda3/envs/airflow_demo/lib/python3.9/site-packages/airflow/example_dags/example_python_decorator.py
[2024-01-31T02:21:51.438+0000] {logging_mixin.py:188} INFO - [2024-01-31T02:21:51.437+0000] {dag.py:3033} INFO - Sync 1 DAGs
[2024-01-31T02:21:51.453+0000] {logging_mixin.py:188} INFO - [2024-01-31T02:21:51.452+0000] {dag.py:3820} INFO - Setting next_dagrun for example_python_decorator to None, run_after=None
[2024-01-31T02:21:51.479+0000] {processor.py:183} INFO - Processing /home/deprojectue/miniconda3/envs/airflow_demo/lib/python3.9/site-packages/airflow/example_dags/example_python_decorator.py took 0.098 seconds
[2024-01-31T02:22:42.880+0000] {processor.py:161} INFO - Started process (PID=211360) to work on /home/deprojectue/miniconda3/envs/airflow_demo/lib/python3.9/site-packages/airflow/example_dags/example_python_decorator.py
[2024-01-31T02:22:42.882+0000] {processor.py:830} INFO - Processing file /home/deprojectue/miniconda3/envs/airflow_demo/lib/python3.9/site-packages/airflow/example_dags/example_python_decorator.py for tasks to queue
[2024-01-31T02:22:42.886+0000] {logging_mixin.py:188} INFO - [2024-01-31T02:22:42.885+0000] {dagbag.py:538} INFO - Filling up the DagBag from /home/deprojectue/miniconda3/envs/airflow_demo/lib/python3.9/site-packages/airflow/example_dags/example_python_decorator.py
[2024-01-31T02:22:42.900+0000] {processor.py:840} INFO - DAG(s) 'example_python_decorator' retrieved from /home/deprojectue/miniconda3/envs/airflow_demo/lib/python3.9/site-packages/airflow/example_dags/example_python_decorator.py
[2024-01-31T02:22:42.923+0000] {logging_mixin.py:188} INFO - [2024-01-31T02:22:42.922+0000] {dag.py:3033} INFO - Sync 1 DAGs
[2024-01-31T02:22:42.938+0000] {logging_mixin.py:188} INFO - [2024-01-31T02:22:42.938+0000] {dag.py:3820} INFO - Setting next_dagrun for example_python_decorator to None, run_after=None
[2024-01-31T02:22:42.966+0000] {processor.py:183} INFO - Processing /home/deprojectue/miniconda3/envs/airflow_demo/lib/python3.9/site-packages/airflow/example_dags/example_python_decorator.py took 0.091 seconds
[2024-01-31T08:24:22.271+0000] {processor.py:161} INFO - Started process (PID=214042) to work on /home/deprojectue/miniconda3/envs/airflow_demo/lib/python3.9/site-packages/airflow/example_dags/example_python_decorator.py
[2024-01-31T08:24:22.273+0000] {processor.py:830} INFO - Processing file /home/deprojectue/miniconda3/envs/airflow_demo/lib/python3.9/site-packages/airflow/example_dags/example_python_decorator.py for tasks to queue
[2024-01-31T08:24:22.276+0000] {logging_mixin.py:188} INFO - [2024-01-31T08:24:22.276+0000] {dagbag.py:538} INFO - Filling up the DagBag from /home/deprojectue/miniconda3/envs/airflow_demo/lib/python3.9/site-packages/airflow/example_dags/example_python_decorator.py
[2024-01-31T08:24:22.289+0000] {processor.py:840} INFO - DAG(s) 'example_python_decorator' retrieved from /home/deprojectue/miniconda3/envs/airflow_demo/lib/python3.9/site-packages/airflow/example_dags/example_python_decorator.py
[2024-01-31T08:24:22.317+0000] {logging_mixin.py:188} INFO - [2024-01-31T08:24:22.317+0000] {dag.py:3033} INFO - Sync 1 DAGs
[2024-01-31T08:24:22.332+0000] {logging_mixin.py:188} INFO - [2024-01-31T08:24:22.331+0000] {dag.py:3820} INFO - Setting next_dagrun for example_python_decorator to None, run_after=None
[2024-01-31T08:24:22.357+0000] {processor.py:183} INFO - Processing /home/deprojectue/miniconda3/envs/airflow_demo/lib/python3.9/site-packages/airflow/example_dags/example_python_decorator.py took 0.090 seconds
[2024-01-31T08:25:19.483+0000] {processor.py:161} INFO - Started process (PID=214101) to work on /home/deprojectue/miniconda3/envs/airflow_demo/lib/python3.9/site-packages/airflow/example_dags/example_python_decorator.py
[2024-01-31T08:25:19.485+0000] {processor.py:830} INFO - Processing file /home/deprojectue/miniconda3/envs/airflow_demo/lib/python3.9/site-packages/airflow/example_dags/example_python_decorator.py for tasks to queue
[2024-01-31T08:25:19.489+0000] {logging_mixin.py:188} INFO - [2024-01-31T08:25:19.488+0000] {dagbag.py:538} INFO - Filling up the DagBag from /home/deprojectue/miniconda3/envs/airflow_demo/lib/python3.9/site-packages/airflow/example_dags/example_python_decorator.py
[2024-01-31T08:25:19.501+0000] {processor.py:840} INFO - DAG(s) 'example_python_decorator' retrieved from /home/deprojectue/miniconda3/envs/airflow_demo/lib/python3.9/site-packages/airflow/example_dags/example_python_decorator.py
[2024-01-31T08:25:19.523+0000] {logging_mixin.py:188} INFO - [2024-01-31T08:25:19.523+0000] {dag.py:3033} INFO - Sync 1 DAGs
[2024-01-31T08:25:19.537+0000] {logging_mixin.py:188} INFO - [2024-01-31T08:25:19.537+0000] {dag.py:3820} INFO - Setting next_dagrun for example_python_decorator to None, run_after=None
[2024-01-31T08:25:19.562+0000] {processor.py:183} INFO - Processing /home/deprojectue/miniconda3/envs/airflow_demo/lib/python3.9/site-packages/airflow/example_dags/example_python_decorator.py took 0.083 seconds
[2024-01-31T08:52:03.117+0000] {processor.py:161} INFO - Started process (PID=215382) to work on /home/deprojectue/miniconda3/envs/airflow_demo/lib/python3.9/site-packages/airflow/example_dags/example_python_decorator.py
[2024-01-31T08:52:03.119+0000] {processor.py:830} INFO - Processing file /home/deprojectue/miniconda3/envs/airflow_demo/lib/python3.9/site-packages/airflow/example_dags/example_python_decorator.py for tasks to queue
[2024-01-31T08:52:03.123+0000] {logging_mixin.py:188} INFO - [2024-01-31T08:52:03.122+0000] {dagbag.py:538} INFO - Filling up the DagBag from /home/deprojectue/miniconda3/envs/airflow_demo/lib/python3.9/site-packages/airflow/example_dags/example_python_decorator.py
[2024-01-31T08:52:03.136+0000] {processor.py:840} INFO - DAG(s) 'example_python_decorator' retrieved from /home/deprojectue/miniconda3/envs/airflow_demo/lib/python3.9/site-packages/airflow/example_dags/example_python_decorator.py
[2024-01-31T08:52:03.164+0000] {logging_mixin.py:188} INFO - [2024-01-31T08:52:03.163+0000] {dag.py:3033} INFO - Sync 1 DAGs
[2024-01-31T08:52:03.177+0000] {logging_mixin.py:188} INFO - [2024-01-31T08:52:03.177+0000] {dag.py:3820} INFO - Setting next_dagrun for example_python_decorator to None, run_after=None
[2024-01-31T08:52:03.202+0000] {processor.py:183} INFO - Processing /home/deprojectue/miniconda3/envs/airflow_demo/lib/python3.9/site-packages/airflow/example_dags/example_python_decorator.py took 0.089 seconds
[2024-01-31T08:52:52.385+0000] {processor.py:161} INFO - Started process (PID=215433) to work on /home/deprojectue/miniconda3/envs/airflow_demo/lib/python3.9/site-packages/airflow/example_dags/example_python_decorator.py
[2024-01-31T08:52:52.387+0000] {processor.py:830} INFO - Processing file /home/deprojectue/miniconda3/envs/airflow_demo/lib/python3.9/site-packages/airflow/example_dags/example_python_decorator.py for tasks to queue
[2024-01-31T08:52:52.391+0000] {logging_mixin.py:188} INFO - [2024-01-31T08:52:52.390+0000] {dagbag.py:538} INFO - Filling up the DagBag from /home/deprojectue/miniconda3/envs/airflow_demo/lib/python3.9/site-packages/airflow/example_dags/example_python_decorator.py
[2024-01-31T08:52:52.405+0000] {processor.py:840} INFO - DAG(s) 'example_python_decorator' retrieved from /home/deprojectue/miniconda3/envs/airflow_demo/lib/python3.9/site-packages/airflow/example_dags/example_python_decorator.py
[2024-01-31T08:52:52.428+0000] {logging_mixin.py:188} INFO - [2024-01-31T08:52:52.428+0000] {dag.py:3033} INFO - Sync 1 DAGs
[2024-01-31T08:52:52.442+0000] {logging_mixin.py:188} INFO - [2024-01-31T08:52:52.442+0000] {dag.py:3820} INFO - Setting next_dagrun for example_python_decorator to None, run_after=None
[2024-01-31T08:52:52.468+0000] {processor.py:183} INFO - Processing /home/deprojectue/miniconda3/envs/airflow_demo/lib/python3.9/site-packages/airflow/example_dags/example_python_decorator.py took 0.087 seconds
[2024-01-31T08:53:43.273+0000] {processor.py:161} INFO - Started process (PID=215485) to work on /home/deprojectue/miniconda3/envs/airflow_demo/lib/python3.9/site-packages/airflow/example_dags/example_python_decorator.py
[2024-01-31T08:53:43.275+0000] {processor.py:830} INFO - Processing file /home/deprojectue/miniconda3/envs/airflow_demo/lib/python3.9/site-packages/airflow/example_dags/example_python_decorator.py for tasks to queue
[2024-01-31T08:53:43.279+0000] {logging_mixin.py:188} INFO - [2024-01-31T08:53:43.278+0000] {dagbag.py:538} INFO - Filling up the DagBag from /home/deprojectue/miniconda3/envs/airflow_demo/lib/python3.9/site-packages/airflow/example_dags/example_python_decorator.py
[2024-01-31T08:53:43.292+0000] {processor.py:840} INFO - DAG(s) 'example_python_decorator' retrieved from /home/deprojectue/miniconda3/envs/airflow_demo/lib/python3.9/site-packages/airflow/example_dags/example_python_decorator.py
[2024-01-31T08:53:43.314+0000] {logging_mixin.py:188} INFO - [2024-01-31T08:53:43.313+0000] {dag.py:3033} INFO - Sync 1 DAGs
[2024-01-31T08:53:43.328+0000] {logging_mixin.py:188} INFO - [2024-01-31T08:53:43.328+0000] {dag.py:3820} INFO - Setting next_dagrun for example_python_decorator to None, run_after=None
[2024-01-31T08:53:43.356+0000] {processor.py:183} INFO - Processing /home/deprojectue/miniconda3/envs/airflow_demo/lib/python3.9/site-packages/airflow/example_dags/example_python_decorator.py took 0.087 seconds
[2024-01-31T08:54:43.063+0000] {processor.py:161} INFO - Started process (PID=215548) to work on /home/deprojectue/miniconda3/envs/airflow_demo/lib/python3.9/site-packages/airflow/example_dags/example_python_decorator.py
[2024-01-31T08:54:43.066+0000] {processor.py:830} INFO - Processing file /home/deprojectue/miniconda3/envs/airflow_demo/lib/python3.9/site-packages/airflow/example_dags/example_python_decorator.py for tasks to queue
[2024-01-31T08:54:43.069+0000] {logging_mixin.py:188} INFO - [2024-01-31T08:54:43.069+0000] {dagbag.py:538} INFO - Filling up the DagBag from /home/deprojectue/miniconda3/envs/airflow_demo/lib/python3.9/site-packages/airflow/example_dags/example_python_decorator.py
[2024-01-31T08:54:43.083+0000] {processor.py:840} INFO - DAG(s) 'example_python_decorator' retrieved from /home/deprojectue/miniconda3/envs/airflow_demo/lib/python3.9/site-packages/airflow/example_dags/example_python_decorator.py
[2024-01-31T08:54:43.105+0000] {logging_mixin.py:188} INFO - [2024-01-31T08:54:43.105+0000] {dag.py:3033} INFO - Sync 1 DAGs
[2024-01-31T08:54:43.118+0000] {logging_mixin.py:188} INFO - [2024-01-31T08:54:43.118+0000] {dag.py:3820} INFO - Setting next_dagrun for example_python_decorator to None, run_after=None
[2024-01-31T08:54:43.144+0000] {processor.py:183} INFO - Processing /home/deprojectue/miniconda3/envs/airflow_demo/lib/python3.9/site-packages/airflow/example_dags/example_python_decorator.py took 0.085 seconds
[2024-01-31T08:55:24.767+0000] {processor.py:161} INFO - Started process (PID=215590) to work on /home/deprojectue/miniconda3/envs/airflow_demo/lib/python3.9/site-packages/airflow/example_dags/example_python_decorator.py
[2024-01-31T08:55:24.770+0000] {processor.py:830} INFO - Processing file /home/deprojectue/miniconda3/envs/airflow_demo/lib/python3.9/site-packages/airflow/example_dags/example_python_decorator.py for tasks to queue
[2024-01-31T08:55:24.773+0000] {logging_mixin.py:188} INFO - [2024-01-31T08:55:24.773+0000] {dagbag.py:538} INFO - Filling up the DagBag from /home/deprojectue/miniconda3/envs/airflow_demo/lib/python3.9/site-packages/airflow/example_dags/example_python_decorator.py
[2024-01-31T08:55:24.787+0000] {processor.py:840} INFO - DAG(s) 'example_python_decorator' retrieved from /home/deprojectue/miniconda3/envs/airflow_demo/lib/python3.9/site-packages/airflow/example_dags/example_python_decorator.py
[2024-01-31T08:55:24.810+0000] {logging_mixin.py:188} INFO - [2024-01-31T08:55:24.809+0000] {dag.py:3033} INFO - Sync 1 DAGs
[2024-01-31T08:55:24.825+0000] {logging_mixin.py:188} INFO - [2024-01-31T08:55:24.824+0000] {dag.py:3820} INFO - Setting next_dagrun for example_python_decorator to None, run_after=None
[2024-01-31T08:55:24.852+0000] {processor.py:183} INFO - Processing /home/deprojectue/miniconda3/envs/airflow_demo/lib/python3.9/site-packages/airflow/example_dags/example_python_decorator.py took 0.089 seconds
[2024-01-31T08:56:19.944+0000] {processor.py:161} INFO - Started process (PID=215651) to work on /home/deprojectue/miniconda3/envs/airflow_demo/lib/python3.9/site-packages/airflow/example_dags/example_python_decorator.py
[2024-01-31T08:56:19.946+0000] {processor.py:830} INFO - Processing file /home/deprojectue/miniconda3/envs/airflow_demo/lib/python3.9/site-packages/airflow/example_dags/example_python_decorator.py for tasks to queue
[2024-01-31T08:56:19.951+0000] {logging_mixin.py:188} INFO - [2024-01-31T08:56:19.950+0000] {dagbag.py:538} INFO - Filling up the DagBag from /home/deprojectue/miniconda3/envs/airflow_demo/lib/python3.9/site-packages/airflow/example_dags/example_python_decorator.py
[2024-01-31T08:56:19.967+0000] {processor.py:840} INFO - DAG(s) 'example_python_decorator' retrieved from /home/deprojectue/miniconda3/envs/airflow_demo/lib/python3.9/site-packages/airflow/example_dags/example_python_decorator.py
[2024-01-31T08:56:20.003+0000] {logging_mixin.py:188} INFO - [2024-01-31T08:56:20.001+0000] {dag.py:3033} INFO - Sync 1 DAGs
[2024-01-31T08:56:20.023+0000] {logging_mixin.py:188} INFO - [2024-01-31T08:56:20.023+0000] {dag.py:3820} INFO - Setting next_dagrun for example_python_decorator to None, run_after=None
[2024-01-31T08:56:20.052+0000] {processor.py:183} INFO - Processing /home/deprojectue/miniconda3/envs/airflow_demo/lib/python3.9/site-packages/airflow/example_dags/example_python_decorator.py took 0.114 seconds
[2024-01-31T08:57:17.962+0000] {processor.py:161} INFO - Started process (PID=215727) to work on /home/deprojectue/miniconda3/envs/airflow_demo/lib/python3.9/site-packages/airflow/example_dags/example_python_decorator.py
[2024-01-31T08:57:17.964+0000] {processor.py:830} INFO - Processing file /home/deprojectue/miniconda3/envs/airflow_demo/lib/python3.9/site-packages/airflow/example_dags/example_python_decorator.py for tasks to queue
[2024-01-31T08:57:17.968+0000] {logging_mixin.py:188} INFO - [2024-01-31T08:57:17.968+0000] {dagbag.py:538} INFO - Filling up the DagBag from /home/deprojectue/miniconda3/envs/airflow_demo/lib/python3.9/site-packages/airflow/example_dags/example_python_decorator.py
[2024-01-31T08:57:17.982+0000] {processor.py:840} INFO - DAG(s) 'example_python_decorator' retrieved from /home/deprojectue/miniconda3/envs/airflow_demo/lib/python3.9/site-packages/airflow/example_dags/example_python_decorator.py
[2024-01-31T08:57:18.006+0000] {logging_mixin.py:188} INFO - [2024-01-31T08:57:18.004+0000] {dag.py:3033} INFO - Sync 1 DAGs
[2024-01-31T08:57:18.019+0000] {logging_mixin.py:188} INFO - [2024-01-31T08:57:18.019+0000] {dag.py:3820} INFO - Setting next_dagrun for example_python_decorator to None, run_after=None
[2024-01-31T08:57:18.049+0000] {processor.py:183} INFO - Processing /home/deprojectue/miniconda3/envs/airflow_demo/lib/python3.9/site-packages/airflow/example_dags/example_python_decorator.py took 0.091 seconds
[2024-01-31T08:58:13.684+0000] {processor.py:161} INFO - Started process (PID=215784) to work on /home/deprojectue/miniconda3/envs/airflow_demo/lib/python3.9/site-packages/airflow/example_dags/example_python_decorator.py
[2024-01-31T08:58:13.687+0000] {processor.py:830} INFO - Processing file /home/deprojectue/miniconda3/envs/airflow_demo/lib/python3.9/site-packages/airflow/example_dags/example_python_decorator.py for tasks to queue
[2024-01-31T08:58:13.690+0000] {logging_mixin.py:188} INFO - [2024-01-31T08:58:13.690+0000] {dagbag.py:538} INFO - Filling up the DagBag from /home/deprojectue/miniconda3/envs/airflow_demo/lib/python3.9/site-packages/airflow/example_dags/example_python_decorator.py
[2024-01-31T08:58:13.704+0000] {processor.py:840} INFO - DAG(s) 'example_python_decorator' retrieved from /home/deprojectue/miniconda3/envs/airflow_demo/lib/python3.9/site-packages/airflow/example_dags/example_python_decorator.py
[2024-01-31T08:58:13.727+0000] {logging_mixin.py:188} INFO - [2024-01-31T08:58:13.726+0000] {dag.py:3033} INFO - Sync 1 DAGs
[2024-01-31T08:58:13.740+0000] {logging_mixin.py:188} INFO - [2024-01-31T08:58:13.740+0000] {dag.py:3820} INFO - Setting next_dagrun for example_python_decorator to None, run_after=None
[2024-01-31T08:58:13.769+0000] {processor.py:183} INFO - Processing /home/deprojectue/miniconda3/envs/airflow_demo/lib/python3.9/site-packages/airflow/example_dags/example_python_decorator.py took 0.089 seconds
[2024-01-31T08:59:14.373+0000] {processor.py:161} INFO - Started process (PID=215865) to work on /home/deprojectue/miniconda3/envs/airflow_demo/lib/python3.9/site-packages/airflow/example_dags/example_python_decorator.py
[2024-01-31T08:59:14.375+0000] {processor.py:830} INFO - Processing file /home/deprojectue/miniconda3/envs/airflow_demo/lib/python3.9/site-packages/airflow/example_dags/example_python_decorator.py for tasks to queue
[2024-01-31T08:59:14.379+0000] {logging_mixin.py:188} INFO - [2024-01-31T08:59:14.378+0000] {dagbag.py:538} INFO - Filling up the DagBag from /home/deprojectue/miniconda3/envs/airflow_demo/lib/python3.9/site-packages/airflow/example_dags/example_python_decorator.py
[2024-01-31T08:59:14.393+0000] {processor.py:840} INFO - DAG(s) 'example_python_decorator' retrieved from /home/deprojectue/miniconda3/envs/airflow_demo/lib/python3.9/site-packages/airflow/example_dags/example_python_decorator.py
[2024-01-31T08:59:14.416+0000] {logging_mixin.py:188} INFO - [2024-01-31T08:59:14.415+0000] {dag.py:3033} INFO - Sync 1 DAGs
[2024-01-31T08:59:14.430+0000] {logging_mixin.py:188} INFO - [2024-01-31T08:59:14.430+0000] {dag.py:3820} INFO - Setting next_dagrun for example_python_decorator to None, run_after=None
[2024-01-31T08:59:14.457+0000] {processor.py:183} INFO - Processing /home/deprojectue/miniconda3/envs/airflow_demo/lib/python3.9/site-packages/airflow/example_dags/example_python_decorator.py took 0.088 seconds
[2024-01-31T08:59:55.615+0000] {processor.py:161} INFO - Started process (PID=215908) to work on /home/deprojectue/miniconda3/envs/airflow_demo/lib/python3.9/site-packages/airflow/example_dags/example_python_decorator.py
[2024-01-31T08:59:55.618+0000] {processor.py:830} INFO - Processing file /home/deprojectue/miniconda3/envs/airflow_demo/lib/python3.9/site-packages/airflow/example_dags/example_python_decorator.py for tasks to queue
[2024-01-31T08:59:55.621+0000] {logging_mixin.py:188} INFO - [2024-01-31T08:59:55.621+0000] {dagbag.py:538} INFO - Filling up the DagBag from /home/deprojectue/miniconda3/envs/airflow_demo/lib/python3.9/site-packages/airflow/example_dags/example_python_decorator.py
[2024-01-31T08:59:55.635+0000] {processor.py:840} INFO - DAG(s) 'example_python_decorator' retrieved from /home/deprojectue/miniconda3/envs/airflow_demo/lib/python3.9/site-packages/airflow/example_dags/example_python_decorator.py
[2024-01-31T08:59:55.659+0000] {logging_mixin.py:188} INFO - [2024-01-31T08:59:55.658+0000] {dag.py:3033} INFO - Sync 1 DAGs
[2024-01-31T08:59:55.672+0000] {logging_mixin.py:188} INFO - [2024-01-31T08:59:55.672+0000] {dag.py:3820} INFO - Setting next_dagrun for example_python_decorator to None, run_after=None
[2024-01-31T08:59:55.699+0000] {processor.py:183} INFO - Processing /home/deprojectue/miniconda3/envs/airflow_demo/lib/python3.9/site-packages/airflow/example_dags/example_python_decorator.py took 0.088 seconds
[2024-01-31T09:00:50.006+0000] {processor.py:161} INFO - Started process (PID=215966) to work on /home/deprojectue/miniconda3/envs/airflow_demo/lib/python3.9/site-packages/airflow/example_dags/example_python_decorator.py
[2024-01-31T09:00:50.008+0000] {processor.py:830} INFO - Processing file /home/deprojectue/miniconda3/envs/airflow_demo/lib/python3.9/site-packages/airflow/example_dags/example_python_decorator.py for tasks to queue
[2024-01-31T09:00:50.011+0000] {logging_mixin.py:188} INFO - [2024-01-31T09:00:50.011+0000] {dagbag.py:538} INFO - Filling up the DagBag from /home/deprojectue/miniconda3/envs/airflow_demo/lib/python3.9/site-packages/airflow/example_dags/example_python_decorator.py
[2024-01-31T09:00:50.026+0000] {processor.py:840} INFO - DAG(s) 'example_python_decorator' retrieved from /home/deprojectue/miniconda3/envs/airflow_demo/lib/python3.9/site-packages/airflow/example_dags/example_python_decorator.py
[2024-01-31T09:00:50.049+0000] {logging_mixin.py:188} INFO - [2024-01-31T09:00:50.048+0000] {dag.py:3033} INFO - Sync 1 DAGs
[2024-01-31T09:00:50.062+0000] {logging_mixin.py:188} INFO - [2024-01-31T09:00:50.062+0000] {dag.py:3820} INFO - Setting next_dagrun for example_python_decorator to None, run_after=None
[2024-01-31T09:00:50.089+0000] {processor.py:183} INFO - Processing /home/deprojectue/miniconda3/envs/airflow_demo/lib/python3.9/site-packages/airflow/example_dags/example_python_decorator.py took 0.087 seconds
[2024-01-31T09:01:46.448+0000] {processor.py:161} INFO - Started process (PID=216027) to work on /home/deprojectue/miniconda3/envs/airflow_demo/lib/python3.9/site-packages/airflow/example_dags/example_python_decorator.py
[2024-01-31T09:01:46.450+0000] {processor.py:830} INFO - Processing file /home/deprojectue/miniconda3/envs/airflow_demo/lib/python3.9/site-packages/airflow/example_dags/example_python_decorator.py for tasks to queue
[2024-01-31T09:01:46.453+0000] {logging_mixin.py:188} INFO - [2024-01-31T09:01:46.453+0000] {dagbag.py:538} INFO - Filling up the DagBag from /home/deprojectue/miniconda3/envs/airflow_demo/lib/python3.9/site-packages/airflow/example_dags/example_python_decorator.py
[2024-01-31T09:01:46.466+0000] {processor.py:840} INFO - DAG(s) 'example_python_decorator' retrieved from /home/deprojectue/miniconda3/envs/airflow_demo/lib/python3.9/site-packages/airflow/example_dags/example_python_decorator.py
[2024-01-31T09:01:46.488+0000] {logging_mixin.py:188} INFO - [2024-01-31T09:01:46.487+0000] {dag.py:3033} INFO - Sync 1 DAGs
[2024-01-31T09:01:46.501+0000] {logging_mixin.py:188} INFO - [2024-01-31T09:01:46.501+0000] {dag.py:3820} INFO - Setting next_dagrun for example_python_decorator to None, run_after=None
[2024-01-31T09:01:46.526+0000] {processor.py:183} INFO - Processing /home/deprojectue/miniconda3/envs/airflow_demo/lib/python3.9/site-packages/airflow/example_dags/example_python_decorator.py took 0.082 seconds
[2024-01-31T09:02:42.810+0000] {processor.py:161} INFO - Started process (PID=216087) to work on /home/deprojectue/miniconda3/envs/airflow_demo/lib/python3.9/site-packages/airflow/example_dags/example_python_decorator.py
[2024-01-31T09:02:42.812+0000] {processor.py:830} INFO - Processing file /home/deprojectue/miniconda3/envs/airflow_demo/lib/python3.9/site-packages/airflow/example_dags/example_python_decorator.py for tasks to queue
[2024-01-31T09:02:42.815+0000] {logging_mixin.py:188} INFO - [2024-01-31T09:02:42.815+0000] {dagbag.py:538} INFO - Filling up the DagBag from /home/deprojectue/miniconda3/envs/airflow_demo/lib/python3.9/site-packages/airflow/example_dags/example_python_decorator.py
[2024-01-31T09:02:42.829+0000] {processor.py:840} INFO - DAG(s) 'example_python_decorator' retrieved from /home/deprojectue/miniconda3/envs/airflow_demo/lib/python3.9/site-packages/airflow/example_dags/example_python_decorator.py
[2024-01-31T09:02:42.853+0000] {logging_mixin.py:188} INFO - [2024-01-31T09:02:42.852+0000] {dag.py:3033} INFO - Sync 1 DAGs
[2024-01-31T09:02:42.866+0000] {logging_mixin.py:188} INFO - [2024-01-31T09:02:42.866+0000] {dag.py:3820} INFO - Setting next_dagrun for example_python_decorator to None, run_after=None
[2024-01-31T09:02:42.890+0000] {processor.py:183} INFO - Processing /home/deprojectue/miniconda3/envs/airflow_demo/lib/python3.9/site-packages/airflow/example_dags/example_python_decorator.py took 0.085 seconds
[2024-01-31T09:03:38.247+0000] {processor.py:161} INFO - Started process (PID=216142) to work on /home/deprojectue/miniconda3/envs/airflow_demo/lib/python3.9/site-packages/airflow/example_dags/example_python_decorator.py
[2024-01-31T09:03:38.250+0000] {processor.py:830} INFO - Processing file /home/deprojectue/miniconda3/envs/airflow_demo/lib/python3.9/site-packages/airflow/example_dags/example_python_decorator.py for tasks to queue
[2024-01-31T09:03:38.253+0000] {logging_mixin.py:188} INFO - [2024-01-31T09:03:38.253+0000] {dagbag.py:538} INFO - Filling up the DagBag from /home/deprojectue/miniconda3/envs/airflow_demo/lib/python3.9/site-packages/airflow/example_dags/example_python_decorator.py
[2024-01-31T09:03:38.268+0000] {processor.py:840} INFO - DAG(s) 'example_python_decorator' retrieved from /home/deprojectue/miniconda3/envs/airflow_demo/lib/python3.9/site-packages/airflow/example_dags/example_python_decorator.py
[2024-01-31T09:03:38.292+0000] {logging_mixin.py:188} INFO - [2024-01-31T09:03:38.291+0000] {dag.py:3033} INFO - Sync 1 DAGs
[2024-01-31T09:03:38.306+0000] {logging_mixin.py:188} INFO - [2024-01-31T09:03:38.305+0000] {dag.py:3820} INFO - Setting next_dagrun for example_python_decorator to None, run_after=None
[2024-01-31T09:03:38.333+0000] {processor.py:183} INFO - Processing /home/deprojectue/miniconda3/envs/airflow_demo/lib/python3.9/site-packages/airflow/example_dags/example_python_decorator.py took 0.090 seconds
[2024-01-31T09:04:31.188+0000] {processor.py:161} INFO - Started process (PID=216198) to work on /home/deprojectue/miniconda3/envs/airflow_demo/lib/python3.9/site-packages/airflow/example_dags/example_python_decorator.py
[2024-01-31T09:04:31.190+0000] {processor.py:830} INFO - Processing file /home/deprojectue/miniconda3/envs/airflow_demo/lib/python3.9/site-packages/airflow/example_dags/example_python_decorator.py for tasks to queue
[2024-01-31T09:04:31.194+0000] {logging_mixin.py:188} INFO - [2024-01-31T09:04:31.193+0000] {dagbag.py:538} INFO - Filling up the DagBag from /home/deprojectue/miniconda3/envs/airflow_demo/lib/python3.9/site-packages/airflow/example_dags/example_python_decorator.py
[2024-01-31T09:04:31.207+0000] {processor.py:840} INFO - DAG(s) 'example_python_decorator' retrieved from /home/deprojectue/miniconda3/envs/airflow_demo/lib/python3.9/site-packages/airflow/example_dags/example_python_decorator.py
[2024-01-31T09:04:31.229+0000] {logging_mixin.py:188} INFO - [2024-01-31T09:04:31.228+0000] {dag.py:3033} INFO - Sync 1 DAGs
[2024-01-31T09:04:31.242+0000] {logging_mixin.py:188} INFO - [2024-01-31T09:04:31.242+0000] {dag.py:3820} INFO - Setting next_dagrun for example_python_decorator to None, run_after=None
[2024-01-31T09:04:31.269+0000] {processor.py:183} INFO - Processing /home/deprojectue/miniconda3/envs/airflow_demo/lib/python3.9/site-packages/airflow/example_dags/example_python_decorator.py took 0.085 seconds
[2024-01-31T09:07:29.635+0000] {processor.py:161} INFO - Started process (PID=216286) to work on /home/deprojectue/miniconda3/envs/airflow_demo/lib/python3.9/site-packages/airflow/example_dags/example_python_decorator.py
[2024-01-31T09:07:29.640+0000] {processor.py:830} INFO - Processing file /home/deprojectue/miniconda3/envs/airflow_demo/lib/python3.9/site-packages/airflow/example_dags/example_python_decorator.py for tasks to queue
[2024-01-31T09:07:29.841+0000] {logging_mixin.py:188} INFO - [2024-01-31T09:07:29.643+0000] {dagbag.py:538} INFO - Filling up the DagBag from /home/deprojectue/miniconda3/envs/airflow_demo/lib/python3.9/site-packages/airflow/example_dags/example_python_decorator.py
[2024-01-31T09:07:30.091+0000] {processor.py:840} INFO - DAG(s) 'example_python_decorator' retrieved from /home/deprojectue/miniconda3/envs/airflow_demo/lib/python3.9/site-packages/airflow/example_dags/example_python_decorator.py
[2024-01-31T09:07:30.354+0000] {logging_mixin.py:188} INFO - [2024-01-31T09:07:30.351+0000] {dag.py:3033} INFO - Sync 1 DAGs
[2024-01-31T09:07:30.382+0000] {logging_mixin.py:188} INFO - [2024-01-31T09:07:30.382+0000] {dag.py:3820} INFO - Setting next_dagrun for example_python_decorator to None, run_after=None
[2024-01-31T09:07:30.886+0000] {processor.py:183} INFO - Processing /home/deprojectue/miniconda3/envs/airflow_demo/lib/python3.9/site-packages/airflow/example_dags/example_python_decorator.py took 1.257 seconds
[2024-01-31T09:35:46.174+0000] {processor.py:161} INFO - Started process (PID=216884) to work on /home/deprojectue/miniconda3/envs/airflow_demo/lib/python3.9/site-packages/airflow/example_dags/example_python_decorator.py
[2024-01-31T09:35:46.177+0000] {processor.py:830} INFO - Processing file /home/deprojectue/miniconda3/envs/airflow_demo/lib/python3.9/site-packages/airflow/example_dags/example_python_decorator.py for tasks to queue
[2024-01-31T09:35:46.180+0000] {logging_mixin.py:188} INFO - [2024-01-31T09:35:46.180+0000] {dagbag.py:538} INFO - Filling up the DagBag from /home/deprojectue/miniconda3/envs/airflow_demo/lib/python3.9/site-packages/airflow/example_dags/example_python_decorator.py
[2024-01-31T09:35:46.196+0000] {processor.py:840} INFO - DAG(s) 'example_python_decorator' retrieved from /home/deprojectue/miniconda3/envs/airflow_demo/lib/python3.9/site-packages/airflow/example_dags/example_python_decorator.py
[2024-01-31T09:35:46.452+0000] {logging_mixin.py:188} INFO - [2024-01-31T09:35:46.448+0000] {override.py:1769} INFO - Created Permission View: can edit on DAG:example_python_decorator
[2024-01-31T09:35:46.468+0000] {logging_mixin.py:188} INFO - [2024-01-31T09:35:46.467+0000] {override.py:1769} INFO - Created Permission View: can read on DAG:example_python_decorator
[2024-01-31T09:35:46.481+0000] {logging_mixin.py:188} INFO - [2024-01-31T09:35:46.480+0000] {override.py:1769} INFO - Created Permission View: can delete on DAG:example_python_decorator
[2024-01-31T09:35:46.482+0000] {logging_mixin.py:188} INFO - [2024-01-31T09:35:46.481+0000] {dag.py:3033} INFO - Sync 1 DAGs
[2024-01-31T09:35:46.497+0000] {logging_mixin.py:188} INFO - [2024-01-31T09:35:46.497+0000] {dag.py:3055} INFO - Creating ORM DAG for example_python_decorator
[2024-01-31T09:35:46.498+0000] {logging_mixin.py:188} INFO - [2024-01-31T09:35:46.498+0000] {dag.py:3820} INFO - Setting next_dagrun for example_python_decorator to None, run_after=None
[2024-01-31T09:35:46.548+0000] {processor.py:183} INFO - Processing /home/deprojectue/miniconda3/envs/airflow_demo/lib/python3.9/site-packages/airflow/example_dags/example_python_decorator.py took 0.378 seconds
[2024-01-31T09:36:45.685+0000] {processor.py:161} INFO - Started process (PID=216942) to work on /home/deprojectue/miniconda3/envs/airflow_demo/lib/python3.9/site-packages/airflow/example_dags/example_python_decorator.py
[2024-01-31T09:36:45.688+0000] {processor.py:830} INFO - Processing file /home/deprojectue/miniconda3/envs/airflow_demo/lib/python3.9/site-packages/airflow/example_dags/example_python_decorator.py for tasks to queue
[2024-01-31T09:36:45.695+0000] {logging_mixin.py:188} INFO - [2024-01-31T09:36:45.691+0000] {dagbag.py:538} INFO - Filling up the DagBag from /home/deprojectue/miniconda3/envs/airflow_demo/lib/python3.9/site-packages/airflow/example_dags/example_python_decorator.py
[2024-01-31T09:36:45.714+0000] {processor.py:840} INFO - DAG(s) 'example_python_decorator' retrieved from /home/deprojectue/miniconda3/envs/airflow_demo/lib/python3.9/site-packages/airflow/example_dags/example_python_decorator.py
[2024-01-31T09:36:45.743+0000] {logging_mixin.py:188} INFO - [2024-01-31T09:36:45.742+0000] {dag.py:3033} INFO - Sync 1 DAGs
[2024-01-31T09:36:45.759+0000] {logging_mixin.py:188} INFO - [2024-01-31T09:36:45.759+0000] {dag.py:3820} INFO - Setting next_dagrun for example_python_decorator to None, run_after=None
[2024-01-31T09:36:45.790+0000] {processor.py:183} INFO - Processing /home/deprojectue/miniconda3/envs/airflow_demo/lib/python3.9/site-packages/airflow/example_dags/example_python_decorator.py took 0.110 seconds
