[2024-01-31T02:07:38.590+0000] {processor.py:161} INFO - Started process (PID=210221) to work on /home/deprojectue/miniconda3/envs/airflow_demo/lib/python3.9/site-packages/airflow/example_dags/example_params_trigger_ui.py
[2024-01-31T02:07:38.591+0000] {processor.py:830} INFO - Processing file /home/deprojectue/miniconda3/envs/airflow_demo/lib/python3.9/site-packages/airflow/example_dags/example_params_trigger_ui.py for tasks to queue
[2024-01-31T02:07:38.592+0000] {logging_mixin.py:188} INFO - [2024-01-31T02:07:38.591+0000] {dagbag.py:538} INFO - Filling up the DagBag from /home/deprojectue/miniconda3/envs/airflow_demo/lib/python3.9/site-packages/airflow/example_dags/example_params_trigger_ui.py
[2024-01-31T02:07:38.609+0000] {processor.py:840} INFO - DAG(s) 'example_params_trigger_ui' retrieved from /home/deprojectue/miniconda3/envs/airflow_demo/lib/python3.9/site-packages/airflow/example_dags/example_params_trigger_ui.py
[2024-01-31T02:07:38.754+0000] {logging_mixin.py:188} INFO - [2024-01-31T02:07:38.753+0000] {override.py:1769} INFO - Created Permission View: can read on DAG:example_params_trigger_ui
[2024-01-31T02:07:38.768+0000] {logging_mixin.py:188} INFO - [2024-01-31T02:07:38.767+0000] {override.py:1769} INFO - Created Permission View: can delete on DAG:example_params_trigger_ui
[2024-01-31T02:07:38.779+0000] {logging_mixin.py:188} INFO - [2024-01-31T02:07:38.779+0000] {override.py:1769} INFO - Created Permission View: can edit on DAG:example_params_trigger_ui
[2024-01-31T02:07:38.780+0000] {logging_mixin.py:188} INFO - [2024-01-31T02:07:38.780+0000] {dag.py:3033} INFO - Sync 1 DAGs
[2024-01-31T02:07:38.791+0000] {logging_mixin.py:188} INFO - [2024-01-31T02:07:38.791+0000] {dag.py:3055} INFO - Creating ORM DAG for example_params_trigger_ui
[2024-01-31T02:07:38.792+0000] {logging_mixin.py:188} INFO - [2024-01-31T02:07:38.792+0000] {dag.py:3820} INFO - Setting next_dagrun for example_params_trigger_ui to None, run_after=None
[2024-01-31T02:07:38.815+0000] {processor.py:183} INFO - Processing /home/deprojectue/miniconda3/envs/airflow_demo/lib/python3.9/site-packages/airflow/example_dags/example_params_trigger_ui.py took 0.230 seconds
[2024-01-31T02:09:11.444+0000] {processor.py:161} INFO - Started process (PID=210692) to work on /home/deprojectue/miniconda3/envs/airflow_demo/lib/python3.9/site-packages/airflow/example_dags/example_params_trigger_ui.py
[2024-01-31T02:09:11.446+0000] {processor.py:830} INFO - Processing file /home/deprojectue/miniconda3/envs/airflow_demo/lib/python3.9/site-packages/airflow/example_dags/example_params_trigger_ui.py for tasks to queue
[2024-01-31T02:09:11.447+0000] {logging_mixin.py:188} INFO - [2024-01-31T02:09:11.447+0000] {dagbag.py:538} INFO - Filling up the DagBag from /home/deprojectue/miniconda3/envs/airflow_demo/lib/python3.9/site-packages/airflow/example_dags/example_params_trigger_ui.py
[2024-01-31T02:09:11.464+0000] {processor.py:840} INFO - DAG(s) 'example_params_trigger_ui' retrieved from /home/deprojectue/miniconda3/envs/airflow_demo/lib/python3.9/site-packages/airflow/example_dags/example_params_trigger_ui.py
[2024-01-31T02:09:11.519+0000] {logging_mixin.py:188} INFO - [2024-01-31T02:09:11.519+0000] {dag.py:3033} INFO - Sync 1 DAGs
[2024-01-31T02:09:11.532+0000] {logging_mixin.py:188} INFO - [2024-01-31T02:09:11.531+0000] {dag.py:3820} INFO - Setting next_dagrun for example_params_trigger_ui to None, run_after=None
[2024-01-31T02:09:11.555+0000] {processor.py:183} INFO - Processing /home/deprojectue/miniconda3/envs/airflow_demo/lib/python3.9/site-packages/airflow/example_dags/example_params_trigger_ui.py took 0.115 seconds
[2024-01-31T02:10:04.938+0000] {processor.py:161} INFO - Started process (PID=210965) to work on /home/deprojectue/miniconda3/envs/airflow_demo/lib/python3.9/site-packages/airflow/example_dags/example_params_trigger_ui.py
[2024-01-31T02:10:04.940+0000] {processor.py:830} INFO - Processing file /home/deprojectue/miniconda3/envs/airflow_demo/lib/python3.9/site-packages/airflow/example_dags/example_params_trigger_ui.py for tasks to queue
[2024-01-31T02:10:04.941+0000] {logging_mixin.py:188} INFO - [2024-01-31T02:10:04.940+0000] {dagbag.py:538} INFO - Filling up the DagBag from /home/deprojectue/miniconda3/envs/airflow_demo/lib/python3.9/site-packages/airflow/example_dags/example_params_trigger_ui.py
[2024-01-31T02:10:04.959+0000] {processor.py:840} INFO - DAG(s) 'example_params_trigger_ui' retrieved from /home/deprojectue/miniconda3/envs/airflow_demo/lib/python3.9/site-packages/airflow/example_dags/example_params_trigger_ui.py
[2024-01-31T02:10:05.010+0000] {logging_mixin.py:188} INFO - [2024-01-31T02:10:05.010+0000] {dag.py:3033} INFO - Sync 1 DAGs
[2024-01-31T02:10:05.025+0000] {logging_mixin.py:188} INFO - [2024-01-31T02:10:05.024+0000] {dag.py:3820} INFO - Setting next_dagrun for example_params_trigger_ui to None, run_after=None
[2024-01-31T02:10:05.052+0000] {processor.py:183} INFO - Processing /home/deprojectue/miniconda3/envs/airflow_demo/lib/python3.9/site-packages/airflow/example_dags/example_params_trigger_ui.py took 0.118 seconds
[2024-01-31T02:12:55.300+0000] {processor.py:161} INFO - Started process (PID=211051) to work on /home/deprojectue/miniconda3/envs/airflow_demo/lib/python3.9/site-packages/airflow/example_dags/example_params_trigger_ui.py
[2024-01-31T02:12:55.302+0000] {processor.py:830} INFO - Processing file /home/deprojectue/miniconda3/envs/airflow_demo/lib/python3.9/site-packages/airflow/example_dags/example_params_trigger_ui.py for tasks to queue
[2024-01-31T02:12:55.306+0000] {logging_mixin.py:188} INFO - [2024-01-31T02:12:55.305+0000] {dagbag.py:538} INFO - Filling up the DagBag from /home/deprojectue/miniconda3/envs/airflow_demo/lib/python3.9/site-packages/airflow/example_dags/example_params_trigger_ui.py
[2024-01-31T02:12:55.325+0000] {processor.py:840} INFO - DAG(s) 'example_params_trigger_ui' retrieved from /home/deprojectue/miniconda3/envs/airflow_demo/lib/python3.9/site-packages/airflow/example_dags/example_params_trigger_ui.py
[2024-01-31T02:12:55.377+0000] {logging_mixin.py:188} INFO - [2024-01-31T02:12:55.376+0000] {dag.py:3033} INFO - Sync 1 DAGs
[2024-01-31T02:12:55.391+0000] {logging_mixin.py:188} INFO - [2024-01-31T02:12:55.391+0000] {dag.py:3820} INFO - Setting next_dagrun for example_params_trigger_ui to None, run_after=None
[2024-01-31T02:12:55.420+0000] {processor.py:183} INFO - Processing /home/deprojectue/miniconda3/envs/airflow_demo/lib/python3.9/site-packages/airflow/example_dags/example_params_trigger_ui.py took 0.124 seconds
[2024-01-31T02:13:42.712+0000] {processor.py:161} INFO - Started process (PID=211109) to work on /home/deprojectue/miniconda3/envs/airflow_demo/lib/python3.9/site-packages/airflow/example_dags/example_params_trigger_ui.py
[2024-01-31T02:13:42.714+0000] {processor.py:830} INFO - Processing file /home/deprojectue/miniconda3/envs/airflow_demo/lib/python3.9/site-packages/airflow/example_dags/example_params_trigger_ui.py for tasks to queue
[2024-01-31T02:13:42.717+0000] {logging_mixin.py:188} INFO - [2024-01-31T02:13:42.717+0000] {dagbag.py:538} INFO - Filling up the DagBag from /home/deprojectue/miniconda3/envs/airflow_demo/lib/python3.9/site-packages/airflow/example_dags/example_params_trigger_ui.py
[2024-01-31T02:13:42.735+0000] {processor.py:840} INFO - DAG(s) 'example_params_trigger_ui' retrieved from /home/deprojectue/miniconda3/envs/airflow_demo/lib/python3.9/site-packages/airflow/example_dags/example_params_trigger_ui.py
[2024-01-31T02:13:42.782+0000] {logging_mixin.py:188} INFO - [2024-01-31T02:13:42.781+0000] {dag.py:3033} INFO - Sync 1 DAGs
[2024-01-31T02:13:42.796+0000] {logging_mixin.py:188} INFO - [2024-01-31T02:13:42.795+0000] {dag.py:3820} INFO - Setting next_dagrun for example_params_trigger_ui to None, run_after=None
[2024-01-31T02:13:42.821+0000] {processor.py:183} INFO - Processing /home/deprojectue/miniconda3/envs/airflow_demo/lib/python3.9/site-packages/airflow/example_dags/example_params_trigger_ui.py took 0.113 seconds
[2024-01-31T02:21:53.810+0000] {processor.py:161} INFO - Started process (PID=211311) to work on /home/deprojectue/miniconda3/envs/airflow_demo/lib/python3.9/site-packages/airflow/example_dags/example_params_trigger_ui.py
[2024-01-31T02:21:53.812+0000] {processor.py:830} INFO - Processing file /home/deprojectue/miniconda3/envs/airflow_demo/lib/python3.9/site-packages/airflow/example_dags/example_params_trigger_ui.py for tasks to queue
[2024-01-31T02:21:53.815+0000] {logging_mixin.py:188} INFO - [2024-01-31T02:21:53.814+0000] {dagbag.py:538} INFO - Filling up the DagBag from /home/deprojectue/miniconda3/envs/airflow_demo/lib/python3.9/site-packages/airflow/example_dags/example_params_trigger_ui.py
[2024-01-31T02:21:53.834+0000] {processor.py:840} INFO - DAG(s) 'example_params_trigger_ui' retrieved from /home/deprojectue/miniconda3/envs/airflow_demo/lib/python3.9/site-packages/airflow/example_dags/example_params_trigger_ui.py
[2024-01-31T02:21:53.885+0000] {logging_mixin.py:188} INFO - [2024-01-31T02:21:53.884+0000] {dag.py:3033} INFO - Sync 1 DAGs
[2024-01-31T02:21:53.897+0000] {logging_mixin.py:188} INFO - [2024-01-31T02:21:53.897+0000] {dag.py:3820} INFO - Setting next_dagrun for example_params_trigger_ui to None, run_after=None
[2024-01-31T02:21:53.922+0000] {processor.py:183} INFO - Processing /home/deprojectue/miniconda3/envs/airflow_demo/lib/python3.9/site-packages/airflow/example_dags/example_params_trigger_ui.py took 0.116 seconds
[2024-01-31T02:22:44.397+0000] {processor.py:161} INFO - Started process (PID=211362) to work on /home/deprojectue/miniconda3/envs/airflow_demo/lib/python3.9/site-packages/airflow/example_dags/example_params_trigger_ui.py
[2024-01-31T02:22:44.399+0000] {processor.py:830} INFO - Processing file /home/deprojectue/miniconda3/envs/airflow_demo/lib/python3.9/site-packages/airflow/example_dags/example_params_trigger_ui.py for tasks to queue
[2024-01-31T02:22:44.403+0000] {logging_mixin.py:188} INFO - [2024-01-31T02:22:44.403+0000] {dagbag.py:538} INFO - Filling up the DagBag from /home/deprojectue/miniconda3/envs/airflow_demo/lib/python3.9/site-packages/airflow/example_dags/example_params_trigger_ui.py
[2024-01-31T02:22:44.422+0000] {processor.py:840} INFO - DAG(s) 'example_params_trigger_ui' retrieved from /home/deprojectue/miniconda3/envs/airflow_demo/lib/python3.9/site-packages/airflow/example_dags/example_params_trigger_ui.py
[2024-01-31T02:22:44.471+0000] {logging_mixin.py:188} INFO - [2024-01-31T02:22:44.470+0000] {dag.py:3033} INFO - Sync 1 DAGs
[2024-01-31T02:22:44.486+0000] {logging_mixin.py:188} INFO - [2024-01-31T02:22:44.486+0000] {dag.py:3820} INFO - Setting next_dagrun for example_params_trigger_ui to None, run_after=None
[2024-01-31T02:22:44.513+0000] {processor.py:183} INFO - Processing /home/deprojectue/miniconda3/envs/airflow_demo/lib/python3.9/site-packages/airflow/example_dags/example_params_trigger_ui.py took 0.120 seconds
[2024-01-31T08:24:23.784+0000] {processor.py:161} INFO - Started process (PID=214044) to work on /home/deprojectue/miniconda3/envs/airflow_demo/lib/python3.9/site-packages/airflow/example_dags/example_params_trigger_ui.py
[2024-01-31T08:24:23.786+0000] {processor.py:830} INFO - Processing file /home/deprojectue/miniconda3/envs/airflow_demo/lib/python3.9/site-packages/airflow/example_dags/example_params_trigger_ui.py for tasks to queue
[2024-01-31T08:24:23.789+0000] {logging_mixin.py:188} INFO - [2024-01-31T08:24:23.788+0000] {dagbag.py:538} INFO - Filling up the DagBag from /home/deprojectue/miniconda3/envs/airflow_demo/lib/python3.9/site-packages/airflow/example_dags/example_params_trigger_ui.py
[2024-01-31T08:24:23.808+0000] {processor.py:840} INFO - DAG(s) 'example_params_trigger_ui' retrieved from /home/deprojectue/miniconda3/envs/airflow_demo/lib/python3.9/site-packages/airflow/example_dags/example_params_trigger_ui.py
[2024-01-31T08:24:23.862+0000] {logging_mixin.py:188} INFO - [2024-01-31T08:24:23.862+0000] {dag.py:3033} INFO - Sync 1 DAGs
[2024-01-31T08:24:23.875+0000] {logging_mixin.py:188} INFO - [2024-01-31T08:24:23.875+0000] {dag.py:3820} INFO - Setting next_dagrun for example_params_trigger_ui to None, run_after=None
[2024-01-31T08:24:23.900+0000] {processor.py:183} INFO - Processing /home/deprojectue/miniconda3/envs/airflow_demo/lib/python3.9/site-packages/airflow/example_dags/example_params_trigger_ui.py took 0.120 seconds
[2024-01-31T08:25:20.987+0000] {processor.py:161} INFO - Started process (PID=214103) to work on /home/deprojectue/miniconda3/envs/airflow_demo/lib/python3.9/site-packages/airflow/example_dags/example_params_trigger_ui.py
[2024-01-31T08:25:20.988+0000] {processor.py:830} INFO - Processing file /home/deprojectue/miniconda3/envs/airflow_demo/lib/python3.9/site-packages/airflow/example_dags/example_params_trigger_ui.py for tasks to queue
[2024-01-31T08:25:20.992+0000] {logging_mixin.py:188} INFO - [2024-01-31T08:25:20.991+0000] {dagbag.py:538} INFO - Filling up the DagBag from /home/deprojectue/miniconda3/envs/airflow_demo/lib/python3.9/site-packages/airflow/example_dags/example_params_trigger_ui.py
[2024-01-31T08:25:21.011+0000] {processor.py:840} INFO - DAG(s) 'example_params_trigger_ui' retrieved from /home/deprojectue/miniconda3/envs/airflow_demo/lib/python3.9/site-packages/airflow/example_dags/example_params_trigger_ui.py
[2024-01-31T08:25:21.061+0000] {logging_mixin.py:188} INFO - [2024-01-31T08:25:21.060+0000] {dag.py:3033} INFO - Sync 1 DAGs
[2024-01-31T08:25:21.075+0000] {logging_mixin.py:188} INFO - [2024-01-31T08:25:21.075+0000] {dag.py:3820} INFO - Setting next_dagrun for example_params_trigger_ui to None, run_after=None
[2024-01-31T08:25:21.100+0000] {processor.py:183} INFO - Processing /home/deprojectue/miniconda3/envs/airflow_demo/lib/python3.9/site-packages/airflow/example_dags/example_params_trigger_ui.py took 0.119 seconds
[2024-01-31T08:52:05.440+0000] {processor.py:161} INFO - Started process (PID=215384) to work on /home/deprojectue/miniconda3/envs/airflow_demo/lib/python3.9/site-packages/airflow/example_dags/example_params_trigger_ui.py
[2024-01-31T08:52:05.442+0000] {processor.py:830} INFO - Processing file /home/deprojectue/miniconda3/envs/airflow_demo/lib/python3.9/site-packages/airflow/example_dags/example_params_trigger_ui.py for tasks to queue
[2024-01-31T08:52:05.445+0000] {logging_mixin.py:188} INFO - [2024-01-31T08:52:05.445+0000] {dagbag.py:538} INFO - Filling up the DagBag from /home/deprojectue/miniconda3/envs/airflow_demo/lib/python3.9/site-packages/airflow/example_dags/example_params_trigger_ui.py
[2024-01-31T08:52:05.466+0000] {processor.py:840} INFO - DAG(s) 'example_params_trigger_ui' retrieved from /home/deprojectue/miniconda3/envs/airflow_demo/lib/python3.9/site-packages/airflow/example_dags/example_params_trigger_ui.py
[2024-01-31T08:52:05.516+0000] {logging_mixin.py:188} INFO - [2024-01-31T08:52:05.515+0000] {dag.py:3033} INFO - Sync 1 DAGs
[2024-01-31T08:52:05.529+0000] {logging_mixin.py:188} INFO - [2024-01-31T08:52:05.529+0000] {dag.py:3820} INFO - Setting next_dagrun for example_params_trigger_ui to None, run_after=None
[2024-01-31T08:52:05.554+0000] {processor.py:183} INFO - Processing /home/deprojectue/miniconda3/envs/airflow_demo/lib/python3.9/site-packages/airflow/example_dags/example_params_trigger_ui.py took 0.119 seconds
[2024-01-31T08:52:54.722+0000] {processor.py:161} INFO - Started process (PID=215435) to work on /home/deprojectue/miniconda3/envs/airflow_demo/lib/python3.9/site-packages/airflow/example_dags/example_params_trigger_ui.py
[2024-01-31T08:52:54.724+0000] {processor.py:830} INFO - Processing file /home/deprojectue/miniconda3/envs/airflow_demo/lib/python3.9/site-packages/airflow/example_dags/example_params_trigger_ui.py for tasks to queue
[2024-01-31T08:52:54.729+0000] {logging_mixin.py:188} INFO - [2024-01-31T08:52:54.728+0000] {dagbag.py:538} INFO - Filling up the DagBag from /home/deprojectue/miniconda3/envs/airflow_demo/lib/python3.9/site-packages/airflow/example_dags/example_params_trigger_ui.py
[2024-01-31T08:52:54.749+0000] {processor.py:840} INFO - DAG(s) 'example_params_trigger_ui' retrieved from /home/deprojectue/miniconda3/envs/airflow_demo/lib/python3.9/site-packages/airflow/example_dags/example_params_trigger_ui.py
[2024-01-31T08:52:54.796+0000] {logging_mixin.py:188} INFO - [2024-01-31T08:52:54.795+0000] {dag.py:3033} INFO - Sync 1 DAGs
[2024-01-31T08:52:54.814+0000] {logging_mixin.py:188} INFO - [2024-01-31T08:52:54.813+0000] {dag.py:3820} INFO - Setting next_dagrun for example_params_trigger_ui to None, run_after=None
[2024-01-31T08:52:54.849+0000] {processor.py:183} INFO - Processing /home/deprojectue/miniconda3/envs/airflow_demo/lib/python3.9/site-packages/airflow/example_dags/example_params_trigger_ui.py took 0.131 seconds
[2024-01-31T08:53:45.117+0000] {processor.py:161} INFO - Started process (PID=215487) to work on /home/deprojectue/miniconda3/envs/airflow_demo/lib/python3.9/site-packages/airflow/example_dags/example_params_trigger_ui.py
[2024-01-31T08:53:45.119+0000] {processor.py:830} INFO - Processing file /home/deprojectue/miniconda3/envs/airflow_demo/lib/python3.9/site-packages/airflow/example_dags/example_params_trigger_ui.py for tasks to queue
[2024-01-31T08:53:45.122+0000] {logging_mixin.py:188} INFO - [2024-01-31T08:53:45.122+0000] {dagbag.py:538} INFO - Filling up the DagBag from /home/deprojectue/miniconda3/envs/airflow_demo/lib/python3.9/site-packages/airflow/example_dags/example_params_trigger_ui.py
[2024-01-31T08:53:45.140+0000] {processor.py:840} INFO - DAG(s) 'example_params_trigger_ui' retrieved from /home/deprojectue/miniconda3/envs/airflow_demo/lib/python3.9/site-packages/airflow/example_dags/example_params_trigger_ui.py
[2024-01-31T08:53:45.190+0000] {logging_mixin.py:188} INFO - [2024-01-31T08:53:45.189+0000] {dag.py:3033} INFO - Sync 1 DAGs
[2024-01-31T08:53:45.205+0000] {logging_mixin.py:188} INFO - [2024-01-31T08:53:45.204+0000] {dag.py:3820} INFO - Setting next_dagrun for example_params_trigger_ui to None, run_after=None
[2024-01-31T08:53:45.230+0000] {processor.py:183} INFO - Processing /home/deprojectue/miniconda3/envs/airflow_demo/lib/python3.9/site-packages/airflow/example_dags/example_params_trigger_ui.py took 0.118 seconds
[2024-01-31T08:54:45.165+0000] {processor.py:161} INFO - Started process (PID=215550) to work on /home/deprojectue/miniconda3/envs/airflow_demo/lib/python3.9/site-packages/airflow/example_dags/example_params_trigger_ui.py
[2024-01-31T08:54:45.167+0000] {processor.py:830} INFO - Processing file /home/deprojectue/miniconda3/envs/airflow_demo/lib/python3.9/site-packages/airflow/example_dags/example_params_trigger_ui.py for tasks to queue
[2024-01-31T08:54:45.170+0000] {logging_mixin.py:188} INFO - [2024-01-31T08:54:45.170+0000] {dagbag.py:538} INFO - Filling up the DagBag from /home/deprojectue/miniconda3/envs/airflow_demo/lib/python3.9/site-packages/airflow/example_dags/example_params_trigger_ui.py
[2024-01-31T08:54:45.189+0000] {processor.py:840} INFO - DAG(s) 'example_params_trigger_ui' retrieved from /home/deprojectue/miniconda3/envs/airflow_demo/lib/python3.9/site-packages/airflow/example_dags/example_params_trigger_ui.py
[2024-01-31T08:54:45.238+0000] {logging_mixin.py:188} INFO - [2024-01-31T08:54:45.237+0000] {dag.py:3033} INFO - Sync 1 DAGs
[2024-01-31T08:54:45.253+0000] {logging_mixin.py:188} INFO - [2024-01-31T08:54:45.253+0000] {dag.py:3820} INFO - Setting next_dagrun for example_params_trigger_ui to None, run_after=None
[2024-01-31T08:54:45.280+0000] {processor.py:183} INFO - Processing /home/deprojectue/miniconda3/envs/airflow_demo/lib/python3.9/site-packages/airflow/example_dags/example_params_trigger_ui.py took 0.120 seconds
[2024-01-31T08:55:44.114+0000] {processor.py:161} INFO - Started process (PID=215613) to work on /home/deprojectue/miniconda3/envs/airflow_demo/lib/python3.9/site-packages/airflow/example_dags/example_params_trigger_ui.py
[2024-01-31T08:55:44.116+0000] {processor.py:830} INFO - Processing file /home/deprojectue/miniconda3/envs/airflow_demo/lib/python3.9/site-packages/airflow/example_dags/example_params_trigger_ui.py for tasks to queue
[2024-01-31T08:55:44.120+0000] {logging_mixin.py:188} INFO - [2024-01-31T08:55:44.120+0000] {dagbag.py:538} INFO - Filling up the DagBag from /home/deprojectue/miniconda3/envs/airflow_demo/lib/python3.9/site-packages/airflow/example_dags/example_params_trigger_ui.py
[2024-01-31T08:55:44.138+0000] {processor.py:840} INFO - DAG(s) 'example_params_trigger_ui' retrieved from /home/deprojectue/miniconda3/envs/airflow_demo/lib/python3.9/site-packages/airflow/example_dags/example_params_trigger_ui.py
[2024-01-31T08:55:44.187+0000] {logging_mixin.py:188} INFO - [2024-01-31T08:55:44.186+0000] {dag.py:3033} INFO - Sync 1 DAGs
[2024-01-31T08:55:44.200+0000] {logging_mixin.py:188} INFO - [2024-01-31T08:55:44.199+0000] {dag.py:3820} INFO - Setting next_dagrun for example_params_trigger_ui to None, run_after=None
[2024-01-31T08:55:44.225+0000] {processor.py:183} INFO - Processing /home/deprojectue/miniconda3/envs/airflow_demo/lib/python3.9/site-packages/airflow/example_dags/example_params_trigger_ui.py took 0.116 seconds
[2024-01-31T08:56:40.659+0000] {processor.py:161} INFO - Started process (PID=215683) to work on /home/deprojectue/miniconda3/envs/airflow_demo/lib/python3.9/site-packages/airflow/example_dags/example_params_trigger_ui.py
[2024-01-31T08:56:40.661+0000] {processor.py:830} INFO - Processing file /home/deprojectue/miniconda3/envs/airflow_demo/lib/python3.9/site-packages/airflow/example_dags/example_params_trigger_ui.py for tasks to queue
[2024-01-31T08:56:40.664+0000] {logging_mixin.py:188} INFO - [2024-01-31T08:56:40.664+0000] {dagbag.py:538} INFO - Filling up the DagBag from /home/deprojectue/miniconda3/envs/airflow_demo/lib/python3.9/site-packages/airflow/example_dags/example_params_trigger_ui.py
[2024-01-31T08:56:40.685+0000] {processor.py:840} INFO - DAG(s) 'example_params_trigger_ui' retrieved from /home/deprojectue/miniconda3/envs/airflow_demo/lib/python3.9/site-packages/airflow/example_dags/example_params_trigger_ui.py
[2024-01-31T08:56:40.739+0000] {logging_mixin.py:188} INFO - [2024-01-31T08:56:40.738+0000] {dag.py:3033} INFO - Sync 1 DAGs
[2024-01-31T08:56:40.752+0000] {logging_mixin.py:188} INFO - [2024-01-31T08:56:40.752+0000] {dag.py:3820} INFO - Setting next_dagrun for example_params_trigger_ui to None, run_after=None
[2024-01-31T08:56:40.779+0000] {processor.py:183} INFO - Processing /home/deprojectue/miniconda3/envs/airflow_demo/lib/python3.9/site-packages/airflow/example_dags/example_params_trigger_ui.py took 0.125 seconds
[2024-01-31T08:57:36.290+0000] {processor.py:161} INFO - Started process (PID=215746) to work on /home/deprojectue/miniconda3/envs/airflow_demo/lib/python3.9/site-packages/airflow/example_dags/example_params_trigger_ui.py
[2024-01-31T08:57:36.293+0000] {processor.py:830} INFO - Processing file /home/deprojectue/miniconda3/envs/airflow_demo/lib/python3.9/site-packages/airflow/example_dags/example_params_trigger_ui.py for tasks to queue
[2024-01-31T08:57:36.296+0000] {logging_mixin.py:188} INFO - [2024-01-31T08:57:36.296+0000] {dagbag.py:538} INFO - Filling up the DagBag from /home/deprojectue/miniconda3/envs/airflow_demo/lib/python3.9/site-packages/airflow/example_dags/example_params_trigger_ui.py
[2024-01-31T08:57:36.316+0000] {processor.py:840} INFO - DAG(s) 'example_params_trigger_ui' retrieved from /home/deprojectue/miniconda3/envs/airflow_demo/lib/python3.9/site-packages/airflow/example_dags/example_params_trigger_ui.py
[2024-01-31T08:57:36.365+0000] {logging_mixin.py:188} INFO - [2024-01-31T08:57:36.364+0000] {dag.py:3033} INFO - Sync 1 DAGs
[2024-01-31T08:57:36.379+0000] {logging_mixin.py:188} INFO - [2024-01-31T08:57:36.378+0000] {dag.py:3820} INFO - Setting next_dagrun for example_params_trigger_ui to None, run_after=None
[2024-01-31T08:57:36.404+0000] {processor.py:183} INFO - Processing /home/deprojectue/miniconda3/envs/airflow_demo/lib/python3.9/site-packages/airflow/example_dags/example_params_trigger_ui.py took 0.118 seconds
[2024-01-31T08:58:34.417+0000] {processor.py:161} INFO - Started process (PID=215805) to work on /home/deprojectue/miniconda3/envs/airflow_demo/lib/python3.9/site-packages/airflow/example_dags/example_params_trigger_ui.py
[2024-01-31T08:58:34.419+0000] {processor.py:830} INFO - Processing file /home/deprojectue/miniconda3/envs/airflow_demo/lib/python3.9/site-packages/airflow/example_dags/example_params_trigger_ui.py for tasks to queue
[2024-01-31T08:58:34.423+0000] {logging_mixin.py:188} INFO - [2024-01-31T08:58:34.422+0000] {dagbag.py:538} INFO - Filling up the DagBag from /home/deprojectue/miniconda3/envs/airflow_demo/lib/python3.9/site-packages/airflow/example_dags/example_params_trigger_ui.py
[2024-01-31T08:58:34.443+0000] {processor.py:840} INFO - DAG(s) 'example_params_trigger_ui' retrieved from /home/deprojectue/miniconda3/envs/airflow_demo/lib/python3.9/site-packages/airflow/example_dags/example_params_trigger_ui.py
[2024-01-31T08:58:34.492+0000] {logging_mixin.py:188} INFO - [2024-01-31T08:58:34.491+0000] {dag.py:3033} INFO - Sync 1 DAGs
[2024-01-31T08:58:34.506+0000] {logging_mixin.py:188} INFO - [2024-01-31T08:58:34.506+0000] {dag.py:3820} INFO - Setting next_dagrun for example_params_trigger_ui to None, run_after=None
[2024-01-31T08:58:34.532+0000] {processor.py:183} INFO - Processing /home/deprojectue/miniconda3/envs/airflow_demo/lib/python3.9/site-packages/airflow/example_dags/example_params_trigger_ui.py took 0.119 seconds
[2024-01-31T08:59:36.502+0000] {processor.py:161} INFO - Started process (PID=215889) to work on /home/deprojectue/miniconda3/envs/airflow_demo/lib/python3.9/site-packages/airflow/example_dags/example_params_trigger_ui.py
[2024-01-31T08:59:36.505+0000] {processor.py:830} INFO - Processing file /home/deprojectue/miniconda3/envs/airflow_demo/lib/python3.9/site-packages/airflow/example_dags/example_params_trigger_ui.py for tasks to queue
[2024-01-31T08:59:36.509+0000] {logging_mixin.py:188} INFO - [2024-01-31T08:59:36.508+0000] {dagbag.py:538} INFO - Filling up the DagBag from /home/deprojectue/miniconda3/envs/airflow_demo/lib/python3.9/site-packages/airflow/example_dags/example_params_trigger_ui.py
[2024-01-31T08:59:36.531+0000] {processor.py:840} INFO - DAG(s) 'example_params_trigger_ui' retrieved from /home/deprojectue/miniconda3/envs/airflow_demo/lib/python3.9/site-packages/airflow/example_dags/example_params_trigger_ui.py
[2024-01-31T08:59:36.577+0000] {logging_mixin.py:188} INFO - [2024-01-31T08:59:36.577+0000] {dag.py:3033} INFO - Sync 1 DAGs
[2024-01-31T08:59:36.591+0000] {logging_mixin.py:188} INFO - [2024-01-31T08:59:36.591+0000] {dag.py:3820} INFO - Setting next_dagrun for example_params_trigger_ui to None, run_after=None
[2024-01-31T08:59:36.617+0000] {processor.py:183} INFO - Processing /home/deprojectue/miniconda3/envs/airflow_demo/lib/python3.9/site-packages/airflow/example_dags/example_params_trigger_ui.py took 0.119 seconds
[2024-01-31T09:00:31.556+0000] {processor.py:161} INFO - Started process (PID=215947) to work on /home/deprojectue/miniconda3/envs/airflow_demo/lib/python3.9/site-packages/airflow/example_dags/example_params_trigger_ui.py
[2024-01-31T09:00:31.559+0000] {processor.py:830} INFO - Processing file /home/deprojectue/miniconda3/envs/airflow_demo/lib/python3.9/site-packages/airflow/example_dags/example_params_trigger_ui.py for tasks to queue
[2024-01-31T09:00:31.562+0000] {logging_mixin.py:188} INFO - [2024-01-31T09:00:31.562+0000] {dagbag.py:538} INFO - Filling up the DagBag from /home/deprojectue/miniconda3/envs/airflow_demo/lib/python3.9/site-packages/airflow/example_dags/example_params_trigger_ui.py
[2024-01-31T09:00:31.583+0000] {processor.py:840} INFO - DAG(s) 'example_params_trigger_ui' retrieved from /home/deprojectue/miniconda3/envs/airflow_demo/lib/python3.9/site-packages/airflow/example_dags/example_params_trigger_ui.py
[2024-01-31T09:00:31.633+0000] {logging_mixin.py:188} INFO - [2024-01-31T09:00:31.632+0000] {dag.py:3033} INFO - Sync 1 DAGs
[2024-01-31T09:00:31.647+0000] {logging_mixin.py:188} INFO - [2024-01-31T09:00:31.646+0000] {dag.py:3820} INFO - Setting next_dagrun for example_params_trigger_ui to None, run_after=None
[2024-01-31T09:00:31.672+0000] {processor.py:183} INFO - Processing /home/deprojectue/miniconda3/envs/airflow_demo/lib/python3.9/site-packages/airflow/example_dags/example_params_trigger_ui.py took 0.120 seconds
[2024-01-31T09:01:29.562+0000] {processor.py:161} INFO - Started process (PID=216007) to work on /home/deprojectue/miniconda3/envs/airflow_demo/lib/python3.9/site-packages/airflow/example_dags/example_params_trigger_ui.py
[2024-01-31T09:01:29.565+0000] {processor.py:830} INFO - Processing file /home/deprojectue/miniconda3/envs/airflow_demo/lib/python3.9/site-packages/airflow/example_dags/example_params_trigger_ui.py for tasks to queue
[2024-01-31T09:01:29.568+0000] {logging_mixin.py:188} INFO - [2024-01-31T09:01:29.567+0000] {dagbag.py:538} INFO - Filling up the DagBag from /home/deprojectue/miniconda3/envs/airflow_demo/lib/python3.9/site-packages/airflow/example_dags/example_params_trigger_ui.py
[2024-01-31T09:01:29.587+0000] {processor.py:840} INFO - DAG(s) 'example_params_trigger_ui' retrieved from /home/deprojectue/miniconda3/envs/airflow_demo/lib/python3.9/site-packages/airflow/example_dags/example_params_trigger_ui.py
[2024-01-31T09:01:29.634+0000] {logging_mixin.py:188} INFO - [2024-01-31T09:01:29.634+0000] {dag.py:3033} INFO - Sync 1 DAGs
[2024-01-31T09:01:29.647+0000] {logging_mixin.py:188} INFO - [2024-01-31T09:01:29.647+0000] {dag.py:3820} INFO - Setting next_dagrun for example_params_trigger_ui to None, run_after=None
[2024-01-31T09:01:29.672+0000] {processor.py:183} INFO - Processing /home/deprojectue/miniconda3/envs/airflow_demo/lib/python3.9/site-packages/airflow/example_dags/example_params_trigger_ui.py took 0.116 seconds
[2024-01-31T09:02:25.633+0000] {processor.py:161} INFO - Started process (PID=216068) to work on /home/deprojectue/miniconda3/envs/airflow_demo/lib/python3.9/site-packages/airflow/example_dags/example_params_trigger_ui.py
[2024-01-31T09:02:25.635+0000] {processor.py:830} INFO - Processing file /home/deprojectue/miniconda3/envs/airflow_demo/lib/python3.9/site-packages/airflow/example_dags/example_params_trigger_ui.py for tasks to queue
[2024-01-31T09:02:25.638+0000] {logging_mixin.py:188} INFO - [2024-01-31T09:02:25.638+0000] {dagbag.py:538} INFO - Filling up the DagBag from /home/deprojectue/miniconda3/envs/airflow_demo/lib/python3.9/site-packages/airflow/example_dags/example_params_trigger_ui.py
[2024-01-31T09:02:25.658+0000] {processor.py:840} INFO - DAG(s) 'example_params_trigger_ui' retrieved from /home/deprojectue/miniconda3/envs/airflow_demo/lib/python3.9/site-packages/airflow/example_dags/example_params_trigger_ui.py
[2024-01-31T09:02:25.703+0000] {logging_mixin.py:188} INFO - [2024-01-31T09:02:25.702+0000] {dag.py:3033} INFO - Sync 1 DAGs
[2024-01-31T09:02:25.717+0000] {logging_mixin.py:188} INFO - [2024-01-31T09:02:25.717+0000] {dag.py:3820} INFO - Setting next_dagrun for example_params_trigger_ui to None, run_after=None
[2024-01-31T09:02:25.748+0000] {processor.py:183} INFO - Processing /home/deprojectue/miniconda3/envs/airflow_demo/lib/python3.9/site-packages/airflow/example_dags/example_params_trigger_ui.py took 0.120 seconds
[2024-01-31T09:03:20.288+0000] {processor.py:161} INFO - Started process (PID=216124) to work on /home/deprojectue/miniconda3/envs/airflow_demo/lib/python3.9/site-packages/airflow/example_dags/example_params_trigger_ui.py
[2024-01-31T09:03:20.291+0000] {processor.py:830} INFO - Processing file /home/deprojectue/miniconda3/envs/airflow_demo/lib/python3.9/site-packages/airflow/example_dags/example_params_trigger_ui.py for tasks to queue
[2024-01-31T09:03:20.294+0000] {logging_mixin.py:188} INFO - [2024-01-31T09:03:20.294+0000] {dagbag.py:538} INFO - Filling up the DagBag from /home/deprojectue/miniconda3/envs/airflow_demo/lib/python3.9/site-packages/airflow/example_dags/example_params_trigger_ui.py
[2024-01-31T09:03:20.315+0000] {processor.py:840} INFO - DAG(s) 'example_params_trigger_ui' retrieved from /home/deprojectue/miniconda3/envs/airflow_demo/lib/python3.9/site-packages/airflow/example_dags/example_params_trigger_ui.py
[2024-01-31T09:03:20.362+0000] {logging_mixin.py:188} INFO - [2024-01-31T09:03:20.361+0000] {dag.py:3033} INFO - Sync 1 DAGs
[2024-01-31T09:03:20.376+0000] {logging_mixin.py:188} INFO - [2024-01-31T09:03:20.376+0000] {dag.py:3820} INFO - Setting next_dagrun for example_params_trigger_ui to None, run_after=None
[2024-01-31T09:03:20.403+0000] {processor.py:183} INFO - Processing /home/deprojectue/miniconda3/envs/airflow_demo/lib/python3.9/site-packages/airflow/example_dags/example_params_trigger_ui.py took 0.119 seconds
[2024-01-31T09:04:14.222+0000] {processor.py:161} INFO - Started process (PID=216181) to work on /home/deprojectue/miniconda3/envs/airflow_demo/lib/python3.9/site-packages/airflow/example_dags/example_params_trigger_ui.py
[2024-01-31T09:04:14.224+0000] {processor.py:830} INFO - Processing file /home/deprojectue/miniconda3/envs/airflow_demo/lib/python3.9/site-packages/airflow/example_dags/example_params_trigger_ui.py for tasks to queue
[2024-01-31T09:04:14.228+0000] {logging_mixin.py:188} INFO - [2024-01-31T09:04:14.227+0000] {dagbag.py:538} INFO - Filling up the DagBag from /home/deprojectue/miniconda3/envs/airflow_demo/lib/python3.9/site-packages/airflow/example_dags/example_params_trigger_ui.py
[2024-01-31T09:04:14.248+0000] {processor.py:840} INFO - DAG(s) 'example_params_trigger_ui' retrieved from /home/deprojectue/miniconda3/envs/airflow_demo/lib/python3.9/site-packages/airflow/example_dags/example_params_trigger_ui.py
[2024-01-31T09:04:14.296+0000] {logging_mixin.py:188} INFO - [2024-01-31T09:04:14.295+0000] {dag.py:3033} INFO - Sync 1 DAGs
[2024-01-31T09:04:14.310+0000] {logging_mixin.py:188} INFO - [2024-01-31T09:04:14.309+0000] {dag.py:3820} INFO - Setting next_dagrun for example_params_trigger_ui to None, run_after=None
[2024-01-31T09:04:14.335+0000] {processor.py:183} INFO - Processing /home/deprojectue/miniconda3/envs/airflow_demo/lib/python3.9/site-packages/airflow/example_dags/example_params_trigger_ui.py took 0.117 seconds
[2024-01-31T09:05:10.131+0000] {processor.py:161} INFO - Started process (PID=216242) to work on /home/deprojectue/miniconda3/envs/airflow_demo/lib/python3.9/site-packages/airflow/example_dags/example_params_trigger_ui.py
[2024-01-31T09:05:10.134+0000] {processor.py:830} INFO - Processing file /home/deprojectue/miniconda3/envs/airflow_demo/lib/python3.9/site-packages/airflow/example_dags/example_params_trigger_ui.py for tasks to queue
[2024-01-31T09:05:10.137+0000] {logging_mixin.py:188} INFO - [2024-01-31T09:05:10.137+0000] {dagbag.py:538} INFO - Filling up the DagBag from /home/deprojectue/miniconda3/envs/airflow_demo/lib/python3.9/site-packages/airflow/example_dags/example_params_trigger_ui.py
[2024-01-31T09:05:10.159+0000] {processor.py:840} INFO - DAG(s) 'example_params_trigger_ui' retrieved from /home/deprojectue/miniconda3/envs/airflow_demo/lib/python3.9/site-packages/airflow/example_dags/example_params_trigger_ui.py
[2024-01-31T09:05:10.208+0000] {logging_mixin.py:188} INFO - [2024-01-31T09:05:10.208+0000] {dag.py:3033} INFO - Sync 1 DAGs
[2024-01-31T09:05:10.247+0000] {logging_mixin.py:188} INFO - [2024-01-31T09:05:10.246+0000] {dag.py:3820} INFO - Setting next_dagrun for example_params_trigger_ui to None, run_after=None
[2024-01-31T09:05:10.292+0000] {processor.py:183} INFO - Processing /home/deprojectue/miniconda3/envs/airflow_demo/lib/python3.9/site-packages/airflow/example_dags/example_params_trigger_ui.py took 0.165 seconds
[2024-01-31T09:35:48.246+0000] {processor.py:161} INFO - Started process (PID=216887) to work on /home/deprojectue/miniconda3/envs/airflow_demo/lib/python3.9/site-packages/airflow/example_dags/example_params_trigger_ui.py
[2024-01-31T09:35:48.249+0000] {processor.py:830} INFO - Processing file /home/deprojectue/miniconda3/envs/airflow_demo/lib/python3.9/site-packages/airflow/example_dags/example_params_trigger_ui.py for tasks to queue
[2024-01-31T09:35:48.252+0000] {logging_mixin.py:188} INFO - [2024-01-31T09:35:48.251+0000] {dagbag.py:538} INFO - Filling up the DagBag from /home/deprojectue/miniconda3/envs/airflow_demo/lib/python3.9/site-packages/airflow/example_dags/example_params_trigger_ui.py
[2024-01-31T09:35:48.276+0000] {processor.py:840} INFO - DAG(s) 'example_params_trigger_ui' retrieved from /home/deprojectue/miniconda3/envs/airflow_demo/lib/python3.9/site-packages/airflow/example_dags/example_params_trigger_ui.py
[2024-01-31T09:35:48.587+0000] {logging_mixin.py:188} INFO - [2024-01-31T09:35:48.573+0000] {override.py:1769} INFO - Created Permission View: can edit on DAG:example_params_trigger_ui
[2024-01-31T09:35:48.603+0000] {logging_mixin.py:188} INFO - [2024-01-31T09:35:48.602+0000] {override.py:1769} INFO - Created Permission View: can read on DAG:example_params_trigger_ui
[2024-01-31T09:35:48.614+0000] {logging_mixin.py:188} INFO - [2024-01-31T09:35:48.614+0000] {override.py:1769} INFO - Created Permission View: can delete on DAG:example_params_trigger_ui
[2024-01-31T09:35:48.615+0000] {logging_mixin.py:188} INFO - [2024-01-31T09:35:48.614+0000] {dag.py:3033} INFO - Sync 1 DAGs
[2024-01-31T09:35:48.628+0000] {logging_mixin.py:188} INFO - [2024-01-31T09:35:48.628+0000] {dag.py:3055} INFO - Creating ORM DAG for example_params_trigger_ui
[2024-01-31T09:35:48.629+0000] {logging_mixin.py:188} INFO - [2024-01-31T09:35:48.629+0000] {dag.py:3820} INFO - Setting next_dagrun for example_params_trigger_ui to None, run_after=None
[2024-01-31T09:35:48.676+0000] {processor.py:183} INFO - Processing /home/deprojectue/miniconda3/envs/airflow_demo/lib/python3.9/site-packages/airflow/example_dags/example_params_trigger_ui.py took 0.434 seconds
[2024-01-31T09:36:48.202+0000] {processor.py:161} INFO - Started process (PID=216944) to work on /home/deprojectue/miniconda3/envs/airflow_demo/lib/python3.9/site-packages/airflow/example_dags/example_params_trigger_ui.py
[2024-01-31T09:36:48.204+0000] {processor.py:830} INFO - Processing file /home/deprojectue/miniconda3/envs/airflow_demo/lib/python3.9/site-packages/airflow/example_dags/example_params_trigger_ui.py for tasks to queue
[2024-01-31T09:36:48.208+0000] {logging_mixin.py:188} INFO - [2024-01-31T09:36:48.207+0000] {dagbag.py:538} INFO - Filling up the DagBag from /home/deprojectue/miniconda3/envs/airflow_demo/lib/python3.9/site-packages/airflow/example_dags/example_params_trigger_ui.py
[2024-01-31T09:36:48.232+0000] {processor.py:840} INFO - DAG(s) 'example_params_trigger_ui' retrieved from /home/deprojectue/miniconda3/envs/airflow_demo/lib/python3.9/site-packages/airflow/example_dags/example_params_trigger_ui.py
[2024-01-31T09:36:48.287+0000] {logging_mixin.py:188} INFO - [2024-01-31T09:36:48.287+0000] {dag.py:3033} INFO - Sync 1 DAGs
[2024-01-31T09:36:48.303+0000] {logging_mixin.py:188} INFO - [2024-01-31T09:36:48.303+0000] {dag.py:3820} INFO - Setting next_dagrun for example_params_trigger_ui to None, run_after=None
[2024-01-31T09:36:48.332+0000] {processor.py:183} INFO - Processing /home/deprojectue/miniconda3/envs/airflow_demo/lib/python3.9/site-packages/airflow/example_dags/example_params_trigger_ui.py took 0.135 seconds
