[2024-01-31T02:07:49.544+0000] {processor.py:161} INFO - Started process (PID=210603) to work on /home/deprojectue/miniconda3/envs/airflow_demo/lib/python3.9/site-packages/airflow/example_dags/example_skip_dag.py
[2024-01-31T02:07:49.545+0000] {processor.py:830} INFO - Processing file /home/deprojectue/miniconda3/envs/airflow_demo/lib/python3.9/site-packages/airflow/example_dags/example_skip_dag.py for tasks to queue
[2024-01-31T02:07:49.546+0000] {logging_mixin.py:188} INFO - [2024-01-31T02:07:49.545+0000] {dagbag.py:538} INFO - Filling up the DagBag from /home/deprojectue/miniconda3/envs/airflow_demo/lib/python3.9/site-packages/airflow/example_dags/example_skip_dag.py
[2024-01-31T02:07:49.555+0000] {processor.py:840} INFO - DAG(s) 'example_skip_dag' retrieved from /home/deprojectue/miniconda3/envs/airflow_demo/lib/python3.9/site-packages/airflow/example_dags/example_skip_dag.py
[2024-01-31T02:07:49.673+0000] {logging_mixin.py:188} INFO - [2024-01-31T02:07:49.672+0000] {override.py:1769} INFO - Created Permission View: can read on DAG:example_skip_dag
[2024-01-31T02:07:49.690+0000] {logging_mixin.py:188} INFO - [2024-01-31T02:07:49.689+0000] {override.py:1769} INFO - Created Permission View: can delete on DAG:example_skip_dag
[2024-01-31T02:07:49.702+0000] {logging_mixin.py:188} INFO - [2024-01-31T02:07:49.702+0000] {override.py:1769} INFO - Created Permission View: can edit on DAG:example_skip_dag
[2024-01-31T02:07:49.703+0000] {logging_mixin.py:188} INFO - [2024-01-31T02:07:49.702+0000] {dag.py:3033} INFO - Sync 1 DAGs
[2024-01-31T02:07:49.714+0000] {logging_mixin.py:188} INFO - [2024-01-31T02:07:49.714+0000] {dag.py:3055} INFO - Creating ORM DAG for example_skip_dag
[2024-01-31T02:07:49.724+0000] {logging_mixin.py:188} INFO - [2024-01-31T02:07:49.724+0000] {dag.py:3820} INFO - Setting next_dagrun for example_skip_dag to 2024-01-30T00:00:00+00:00, run_after=2024-01-31T00:00:00+00:00
[2024-01-31T02:07:49.749+0000] {processor.py:183} INFO - Processing /home/deprojectue/miniconda3/envs/airflow_demo/lib/python3.9/site-packages/airflow/example_dags/example_skip_dag.py took 0.210 seconds
[2024-01-31T02:09:21.605+0000] {processor.py:161} INFO - Started process (PID=210828) to work on /home/deprojectue/miniconda3/envs/airflow_demo/lib/python3.9/site-packages/airflow/example_dags/example_skip_dag.py
[2024-01-31T02:09:21.610+0000] {processor.py:830} INFO - Processing file /home/deprojectue/miniconda3/envs/airflow_demo/lib/python3.9/site-packages/airflow/example_dags/example_skip_dag.py for tasks to queue
[2024-01-31T02:09:21.612+0000] {logging_mixin.py:188} INFO - [2024-01-31T02:09:21.611+0000] {dagbag.py:538} INFO - Filling up the DagBag from /home/deprojectue/miniconda3/envs/airflow_demo/lib/python3.9/site-packages/airflow/example_dags/example_skip_dag.py
[2024-01-31T02:09:21.721+0000] {processor.py:840} INFO - DAG(s) 'example_skip_dag' retrieved from /home/deprojectue/miniconda3/envs/airflow_demo/lib/python3.9/site-packages/airflow/example_dags/example_skip_dag.py
[2024-01-31T02:09:21.822+0000] {logging_mixin.py:188} INFO - [2024-01-31T02:09:21.822+0000] {dag.py:3033} INFO - Sync 1 DAGs
[2024-01-31T02:09:21.911+0000] {logging_mixin.py:188} INFO - [2024-01-31T02:09:21.910+0000] {dag.py:3820} INFO - Setting next_dagrun for example_skip_dag to 2024-01-30T00:00:00+00:00, run_after=2024-01-31T00:00:00+00:00
[2024-01-31T02:09:21.984+0000] {processor.py:183} INFO - Processing /home/deprojectue/miniconda3/envs/airflow_demo/lib/python3.9/site-packages/airflow/example_dags/example_skip_dag.py took 0.417 seconds
[2024-01-31T02:10:13.990+0000] {processor.py:161} INFO - Started process (PID=210973) to work on /home/deprojectue/miniconda3/envs/airflow_demo/lib/python3.9/site-packages/airflow/example_dags/example_skip_dag.py
[2024-01-31T02:10:13.992+0000] {processor.py:830} INFO - Processing file /home/deprojectue/miniconda3/envs/airflow_demo/lib/python3.9/site-packages/airflow/example_dags/example_skip_dag.py for tasks to queue
[2024-01-31T02:10:13.994+0000] {logging_mixin.py:188} INFO - [2024-01-31T02:10:13.993+0000] {dagbag.py:538} INFO - Filling up the DagBag from /home/deprojectue/miniconda3/envs/airflow_demo/lib/python3.9/site-packages/airflow/example_dags/example_skip_dag.py
[2024-01-31T02:10:14.004+0000] {processor.py:840} INFO - DAG(s) 'example_skip_dag' retrieved from /home/deprojectue/miniconda3/envs/airflow_demo/lib/python3.9/site-packages/airflow/example_dags/example_skip_dag.py
[2024-01-31T02:10:14.026+0000] {logging_mixin.py:188} INFO - [2024-01-31T02:10:14.025+0000] {dag.py:3033} INFO - Sync 1 DAGs
[2024-01-31T02:10:14.049+0000] {logging_mixin.py:188} INFO - [2024-01-31T02:10:14.049+0000] {dag.py:3820} INFO - Setting next_dagrun for example_skip_dag to 2024-01-30T00:00:00+00:00, run_after=2024-01-31T00:00:00+00:00
[2024-01-31T02:10:14.076+0000] {processor.py:183} INFO - Processing /home/deprojectue/miniconda3/envs/airflow_demo/lib/python3.9/site-packages/airflow/example_dags/example_skip_dag.py took 0.090 seconds
[2024-01-31T02:13:03.142+0000] {processor.py:161} INFO - Started process (PID=211059) to work on /home/deprojectue/miniconda3/envs/airflow_demo/lib/python3.9/site-packages/airflow/example_dags/example_skip_dag.py
[2024-01-31T02:13:03.144+0000] {processor.py:830} INFO - Processing file /home/deprojectue/miniconda3/envs/airflow_demo/lib/python3.9/site-packages/airflow/example_dags/example_skip_dag.py for tasks to queue
[2024-01-31T02:13:03.148+0000] {logging_mixin.py:188} INFO - [2024-01-31T02:13:03.147+0000] {dagbag.py:538} INFO - Filling up the DagBag from /home/deprojectue/miniconda3/envs/airflow_demo/lib/python3.9/site-packages/airflow/example_dags/example_skip_dag.py
[2024-01-31T02:13:03.156+0000] {processor.py:840} INFO - DAG(s) 'example_skip_dag' retrieved from /home/deprojectue/miniconda3/envs/airflow_demo/lib/python3.9/site-packages/airflow/example_dags/example_skip_dag.py
[2024-01-31T02:13:03.180+0000] {logging_mixin.py:188} INFO - [2024-01-31T02:13:03.179+0000] {dag.py:3033} INFO - Sync 1 DAGs
[2024-01-31T02:13:03.201+0000] {logging_mixin.py:188} INFO - [2024-01-31T02:13:03.201+0000] {dag.py:3820} INFO - Setting next_dagrun for example_skip_dag to 2024-01-30T00:00:00+00:00, run_after=2024-01-31T00:00:00+00:00
[2024-01-31T02:13:03.226+0000] {processor.py:183} INFO - Processing /home/deprojectue/miniconda3/envs/airflow_demo/lib/python3.9/site-packages/airflow/example_dags/example_skip_dag.py took 0.088 seconds
[2024-01-31T02:13:51.520+0000] {processor.py:161} INFO - Started process (PID=211118) to work on /home/deprojectue/miniconda3/envs/airflow_demo/lib/python3.9/site-packages/airflow/example_dags/example_skip_dag.py
[2024-01-31T02:13:51.522+0000] {processor.py:830} INFO - Processing file /home/deprojectue/miniconda3/envs/airflow_demo/lib/python3.9/site-packages/airflow/example_dags/example_skip_dag.py for tasks to queue
[2024-01-31T02:13:51.525+0000] {logging_mixin.py:188} INFO - [2024-01-31T02:13:51.525+0000] {dagbag.py:538} INFO - Filling up the DagBag from /home/deprojectue/miniconda3/envs/airflow_demo/lib/python3.9/site-packages/airflow/example_dags/example_skip_dag.py
[2024-01-31T02:13:51.534+0000] {processor.py:840} INFO - DAG(s) 'example_skip_dag' retrieved from /home/deprojectue/miniconda3/envs/airflow_demo/lib/python3.9/site-packages/airflow/example_dags/example_skip_dag.py
[2024-01-31T02:13:51.555+0000] {logging_mixin.py:188} INFO - [2024-01-31T02:13:51.554+0000] {dag.py:3033} INFO - Sync 1 DAGs
[2024-01-31T02:13:51.578+0000] {logging_mixin.py:188} INFO - [2024-01-31T02:13:51.578+0000] {dag.py:3820} INFO - Setting next_dagrun for example_skip_dag to 2024-01-30T00:00:00+00:00, run_after=2024-01-31T00:00:00+00:00
[2024-01-31T02:13:51.604+0000] {processor.py:183} INFO - Processing /home/deprojectue/miniconda3/envs/airflow_demo/lib/python3.9/site-packages/airflow/example_dags/example_skip_dag.py took 0.089 seconds
[2024-01-31T02:22:01.824+0000] {processor.py:161} INFO - Started process (PID=211319) to work on /home/deprojectue/miniconda3/envs/airflow_demo/lib/python3.9/site-packages/airflow/example_dags/example_skip_dag.py
[2024-01-31T02:22:01.826+0000] {processor.py:830} INFO - Processing file /home/deprojectue/miniconda3/envs/airflow_demo/lib/python3.9/site-packages/airflow/example_dags/example_skip_dag.py for tasks to queue
[2024-01-31T02:22:01.830+0000] {logging_mixin.py:188} INFO - [2024-01-31T02:22:01.829+0000] {dagbag.py:538} INFO - Filling up the DagBag from /home/deprojectue/miniconda3/envs/airflow_demo/lib/python3.9/site-packages/airflow/example_dags/example_skip_dag.py
[2024-01-31T02:22:01.839+0000] {processor.py:840} INFO - DAG(s) 'example_skip_dag' retrieved from /home/deprojectue/miniconda3/envs/airflow_demo/lib/python3.9/site-packages/airflow/example_dags/example_skip_dag.py
[2024-01-31T02:22:01.865+0000] {logging_mixin.py:188} INFO - [2024-01-31T02:22:01.864+0000] {dag.py:3033} INFO - Sync 1 DAGs
[2024-01-31T02:22:01.888+0000] {logging_mixin.py:188} INFO - [2024-01-31T02:22:01.887+0000] {dag.py:3820} INFO - Setting next_dagrun for example_skip_dag to 2024-01-30T00:00:00+00:00, run_after=2024-01-31T00:00:00+00:00
[2024-01-31T02:22:01.914+0000] {processor.py:183} INFO - Processing /home/deprojectue/miniconda3/envs/airflow_demo/lib/python3.9/site-packages/airflow/example_dags/example_skip_dag.py took 0.095 seconds
[2024-01-31T08:24:40.364+0000] {processor.py:161} INFO - Started process (PID=214060) to work on /home/deprojectue/miniconda3/envs/airflow_demo/lib/python3.9/site-packages/airflow/example_dags/example_skip_dag.py
[2024-01-31T08:24:40.366+0000] {processor.py:830} INFO - Processing file /home/deprojectue/miniconda3/envs/airflow_demo/lib/python3.9/site-packages/airflow/example_dags/example_skip_dag.py for tasks to queue
[2024-01-31T08:24:40.369+0000] {logging_mixin.py:188} INFO - [2024-01-31T08:24:40.369+0000] {dagbag.py:538} INFO - Filling up the DagBag from /home/deprojectue/miniconda3/envs/airflow_demo/lib/python3.9/site-packages/airflow/example_dags/example_skip_dag.py
[2024-01-31T08:24:40.378+0000] {processor.py:840} INFO - DAG(s) 'example_skip_dag' retrieved from /home/deprojectue/miniconda3/envs/airflow_demo/lib/python3.9/site-packages/airflow/example_dags/example_skip_dag.py
[2024-01-31T08:24:40.403+0000] {logging_mixin.py:188} INFO - [2024-01-31T08:24:40.402+0000] {dag.py:3033} INFO - Sync 1 DAGs
[2024-01-31T08:24:40.425+0000] {logging_mixin.py:188} INFO - [2024-01-31T08:24:40.425+0000] {dag.py:3820} INFO - Setting next_dagrun for example_skip_dag to 2024-01-30T00:00:00+00:00, run_after=2024-01-31T00:00:00+00:00
[2024-01-31T08:24:40.449+0000] {processor.py:183} INFO - Processing /home/deprojectue/miniconda3/envs/airflow_demo/lib/python3.9/site-packages/airflow/example_dags/example_skip_dag.py took 0.089 seconds
[2024-01-31T08:25:29.786+0000] {processor.py:161} INFO - Started process (PID=214111) to work on /home/deprojectue/miniconda3/envs/airflow_demo/lib/python3.9/site-packages/airflow/example_dags/example_skip_dag.py
[2024-01-31T08:25:29.788+0000] {processor.py:830} INFO - Processing file /home/deprojectue/miniconda3/envs/airflow_demo/lib/python3.9/site-packages/airflow/example_dags/example_skip_dag.py for tasks to queue
[2024-01-31T08:25:29.791+0000] {logging_mixin.py:188} INFO - [2024-01-31T08:25:29.790+0000] {dagbag.py:538} INFO - Filling up the DagBag from /home/deprojectue/miniconda3/envs/airflow_demo/lib/python3.9/site-packages/airflow/example_dags/example_skip_dag.py
[2024-01-31T08:25:29.800+0000] {processor.py:840} INFO - DAG(s) 'example_skip_dag' retrieved from /home/deprojectue/miniconda3/envs/airflow_demo/lib/python3.9/site-packages/airflow/example_dags/example_skip_dag.py
[2024-01-31T08:25:29.822+0000] {logging_mixin.py:188} INFO - [2024-01-31T08:25:29.821+0000] {dag.py:3033} INFO - Sync 1 DAGs
[2024-01-31T08:25:29.845+0000] {logging_mixin.py:188} INFO - [2024-01-31T08:25:29.845+0000] {dag.py:3820} INFO - Setting next_dagrun for example_skip_dag to 2024-01-30T00:00:00+00:00, run_after=2024-01-31T00:00:00+00:00
[2024-01-31T08:25:29.871+0000] {processor.py:183} INFO - Processing /home/deprojectue/miniconda3/envs/airflow_demo/lib/python3.9/site-packages/airflow/example_dags/example_skip_dag.py took 0.089 seconds
[2024-01-31T08:52:12.296+0000] {processor.py:161} INFO - Started process (PID=215392) to work on /home/deprojectue/miniconda3/envs/airflow_demo/lib/python3.9/site-packages/airflow/example_dags/example_skip_dag.py
[2024-01-31T08:52:12.298+0000] {processor.py:830} INFO - Processing file /home/deprojectue/miniconda3/envs/airflow_demo/lib/python3.9/site-packages/airflow/example_dags/example_skip_dag.py for tasks to queue
[2024-01-31T08:52:12.302+0000] {logging_mixin.py:188} INFO - [2024-01-31T08:52:12.302+0000] {dagbag.py:538} INFO - Filling up the DagBag from /home/deprojectue/miniconda3/envs/airflow_demo/lib/python3.9/site-packages/airflow/example_dags/example_skip_dag.py
[2024-01-31T08:52:12.312+0000] {processor.py:840} INFO - DAG(s) 'example_skip_dag' retrieved from /home/deprojectue/miniconda3/envs/airflow_demo/lib/python3.9/site-packages/airflow/example_dags/example_skip_dag.py
[2024-01-31T08:52:12.336+0000] {logging_mixin.py:188} INFO - [2024-01-31T08:52:12.335+0000] {dag.py:3033} INFO - Sync 1 DAGs
[2024-01-31T08:52:12.355+0000] {logging_mixin.py:188} INFO - [2024-01-31T08:52:12.355+0000] {dag.py:3820} INFO - Setting next_dagrun for example_skip_dag to 2024-01-30T00:00:00+00:00, run_after=2024-01-31T00:00:00+00:00
[2024-01-31T08:52:12.379+0000] {processor.py:183} INFO - Processing /home/deprojectue/miniconda3/envs/airflow_demo/lib/python3.9/site-packages/airflow/example_dags/example_skip_dag.py took 0.088 seconds
[2024-01-31T08:53:02.644+0000] {processor.py:161} INFO - Started process (PID=215444) to work on /home/deprojectue/miniconda3/envs/airflow_demo/lib/python3.9/site-packages/airflow/example_dags/example_skip_dag.py
[2024-01-31T08:53:02.646+0000] {processor.py:830} INFO - Processing file /home/deprojectue/miniconda3/envs/airflow_demo/lib/python3.9/site-packages/airflow/example_dags/example_skip_dag.py for tasks to queue
[2024-01-31T08:53:02.649+0000] {logging_mixin.py:188} INFO - [2024-01-31T08:53:02.649+0000] {dagbag.py:538} INFO - Filling up the DagBag from /home/deprojectue/miniconda3/envs/airflow_demo/lib/python3.9/site-packages/airflow/example_dags/example_skip_dag.py
[2024-01-31T08:53:02.659+0000] {processor.py:840} INFO - DAG(s) 'example_skip_dag' retrieved from /home/deprojectue/miniconda3/envs/airflow_demo/lib/python3.9/site-packages/airflow/example_dags/example_skip_dag.py
[2024-01-31T08:53:02.681+0000] {logging_mixin.py:188} INFO - [2024-01-31T08:53:02.680+0000] {dag.py:3033} INFO - Sync 1 DAGs
[2024-01-31T08:53:02.701+0000] {logging_mixin.py:188} INFO - [2024-01-31T08:53:02.700+0000] {dag.py:3820} INFO - Setting next_dagrun for example_skip_dag to 2024-01-30T00:00:00+00:00, run_after=2024-01-31T00:00:00+00:00
[2024-01-31T08:53:02.727+0000] {processor.py:183} INFO - Processing /home/deprojectue/miniconda3/envs/airflow_demo/lib/python3.9/site-packages/airflow/example_dags/example_skip_dag.py took 0.087 seconds
[2024-01-31T08:54:03.666+0000] {processor.py:161} INFO - Started process (PID=215506) to work on /home/deprojectue/miniconda3/envs/airflow_demo/lib/python3.9/site-packages/airflow/example_dags/example_skip_dag.py
[2024-01-31T08:54:03.668+0000] {processor.py:830} INFO - Processing file /home/deprojectue/miniconda3/envs/airflow_demo/lib/python3.9/site-packages/airflow/example_dags/example_skip_dag.py for tasks to queue
[2024-01-31T08:54:03.672+0000] {logging_mixin.py:188} INFO - [2024-01-31T08:54:03.672+0000] {dagbag.py:538} INFO - Filling up the DagBag from /home/deprojectue/miniconda3/envs/airflow_demo/lib/python3.9/site-packages/airflow/example_dags/example_skip_dag.py
[2024-01-31T08:54:03.682+0000] {processor.py:840} INFO - DAG(s) 'example_skip_dag' retrieved from /home/deprojectue/miniconda3/envs/airflow_demo/lib/python3.9/site-packages/airflow/example_dags/example_skip_dag.py
[2024-01-31T08:54:03.705+0000] {logging_mixin.py:188} INFO - [2024-01-31T08:54:03.704+0000] {dag.py:3033} INFO - Sync 1 DAGs
[2024-01-31T08:54:03.726+0000] {logging_mixin.py:188} INFO - [2024-01-31T08:54:03.725+0000] {dag.py:3820} INFO - Setting next_dagrun for example_skip_dag to 2024-01-30T00:00:00+00:00, run_after=2024-01-31T00:00:00+00:00
[2024-01-31T08:54:03.755+0000] {processor.py:183} INFO - Processing /home/deprojectue/miniconda3/envs/airflow_demo/lib/python3.9/site-packages/airflow/example_dags/example_skip_dag.py took 0.093 seconds
[2024-01-31T08:55:05.654+0000] {processor.py:161} INFO - Started process (PID=215570) to work on /home/deprojectue/miniconda3/envs/airflow_demo/lib/python3.9/site-packages/airflow/example_dags/example_skip_dag.py
[2024-01-31T08:55:05.656+0000] {processor.py:830} INFO - Processing file /home/deprojectue/miniconda3/envs/airflow_demo/lib/python3.9/site-packages/airflow/example_dags/example_skip_dag.py for tasks to queue
[2024-01-31T08:55:05.660+0000] {logging_mixin.py:188} INFO - [2024-01-31T08:55:05.659+0000] {dagbag.py:538} INFO - Filling up the DagBag from /home/deprojectue/miniconda3/envs/airflow_demo/lib/python3.9/site-packages/airflow/example_dags/example_skip_dag.py
[2024-01-31T08:55:05.668+0000] {processor.py:840} INFO - DAG(s) 'example_skip_dag' retrieved from /home/deprojectue/miniconda3/envs/airflow_demo/lib/python3.9/site-packages/airflow/example_dags/example_skip_dag.py
[2024-01-31T08:55:05.690+0000] {logging_mixin.py:188} INFO - [2024-01-31T08:55:05.689+0000] {dag.py:3033} INFO - Sync 1 DAGs
[2024-01-31T08:55:05.710+0000] {logging_mixin.py:188} INFO - [2024-01-31T08:55:05.710+0000] {dag.py:3820} INFO - Setting next_dagrun for example_skip_dag to 2024-01-30T00:00:00+00:00, run_after=2024-01-31T00:00:00+00:00
[2024-01-31T08:55:05.736+0000] {processor.py:183} INFO - Processing /home/deprojectue/miniconda3/envs/airflow_demo/lib/python3.9/site-packages/airflow/example_dags/example_skip_dag.py took 0.087 seconds
[2024-01-31T08:56:02.623+0000] {processor.py:161} INFO - Started process (PID=215632) to work on /home/deprojectue/miniconda3/envs/airflow_demo/lib/python3.9/site-packages/airflow/example_dags/example_skip_dag.py
[2024-01-31T08:56:02.624+0000] {processor.py:830} INFO - Processing file /home/deprojectue/miniconda3/envs/airflow_demo/lib/python3.9/site-packages/airflow/example_dags/example_skip_dag.py for tasks to queue
[2024-01-31T08:56:02.628+0000] {logging_mixin.py:188} INFO - [2024-01-31T08:56:02.628+0000] {dagbag.py:538} INFO - Filling up the DagBag from /home/deprojectue/miniconda3/envs/airflow_demo/lib/python3.9/site-packages/airflow/example_dags/example_skip_dag.py
[2024-01-31T08:56:02.637+0000] {processor.py:840} INFO - DAG(s) 'example_skip_dag' retrieved from /home/deprojectue/miniconda3/envs/airflow_demo/lib/python3.9/site-packages/airflow/example_dags/example_skip_dag.py
[2024-01-31T08:56:02.658+0000] {logging_mixin.py:188} INFO - [2024-01-31T08:56:02.657+0000] {dag.py:3033} INFO - Sync 1 DAGs
[2024-01-31T08:56:02.678+0000] {logging_mixin.py:188} INFO - [2024-01-31T08:56:02.678+0000] {dag.py:3820} INFO - Setting next_dagrun for example_skip_dag to 2024-01-30T00:00:00+00:00, run_after=2024-01-31T00:00:00+00:00
[2024-01-31T08:56:02.704+0000] {processor.py:183} INFO - Processing /home/deprojectue/miniconda3/envs/airflow_demo/lib/python3.9/site-packages/airflow/example_dags/example_skip_dag.py took 0.085 seconds
[2024-01-31T08:57:01.239+0000] {processor.py:161} INFO - Started process (PID=215709) to work on /home/deprojectue/miniconda3/envs/airflow_demo/lib/python3.9/site-packages/airflow/example_dags/example_skip_dag.py
[2024-01-31T08:57:01.242+0000] {processor.py:830} INFO - Processing file /home/deprojectue/miniconda3/envs/airflow_demo/lib/python3.9/site-packages/airflow/example_dags/example_skip_dag.py for tasks to queue
[2024-01-31T08:57:01.246+0000] {logging_mixin.py:188} INFO - [2024-01-31T08:57:01.246+0000] {dagbag.py:538} INFO - Filling up the DagBag from /home/deprojectue/miniconda3/envs/airflow_demo/lib/python3.9/site-packages/airflow/example_dags/example_skip_dag.py
[2024-01-31T08:57:01.255+0000] {processor.py:840} INFO - DAG(s) 'example_skip_dag' retrieved from /home/deprojectue/miniconda3/envs/airflow_demo/lib/python3.9/site-packages/airflow/example_dags/example_skip_dag.py
[2024-01-31T08:57:01.277+0000] {logging_mixin.py:188} INFO - [2024-01-31T08:57:01.277+0000] {dag.py:3033} INFO - Sync 1 DAGs
[2024-01-31T08:57:01.297+0000] {logging_mixin.py:188} INFO - [2024-01-31T08:57:01.297+0000] {dag.py:3820} INFO - Setting next_dagrun for example_skip_dag to 2024-01-30T00:00:00+00:00, run_after=2024-01-31T00:00:00+00:00
[2024-01-31T08:57:01.324+0000] {processor.py:183} INFO - Processing /home/deprojectue/miniconda3/envs/airflow_demo/lib/python3.9/site-packages/airflow/example_dags/example_skip_dag.py took 0.090 seconds
[2024-01-31T08:57:55.418+0000] {processor.py:161} INFO - Started process (PID=215765) to work on /home/deprojectue/miniconda3/envs/airflow_demo/lib/python3.9/site-packages/airflow/example_dags/example_skip_dag.py
[2024-01-31T08:57:55.420+0000] {processor.py:830} INFO - Processing file /home/deprojectue/miniconda3/envs/airflow_demo/lib/python3.9/site-packages/airflow/example_dags/example_skip_dag.py for tasks to queue
[2024-01-31T08:57:55.424+0000] {logging_mixin.py:188} INFO - [2024-01-31T08:57:55.424+0000] {dagbag.py:538} INFO - Filling up the DagBag from /home/deprojectue/miniconda3/envs/airflow_demo/lib/python3.9/site-packages/airflow/example_dags/example_skip_dag.py
[2024-01-31T08:57:55.433+0000] {processor.py:840} INFO - DAG(s) 'example_skip_dag' retrieved from /home/deprojectue/miniconda3/envs/airflow_demo/lib/python3.9/site-packages/airflow/example_dags/example_skip_dag.py
[2024-01-31T08:57:55.455+0000] {logging_mixin.py:188} INFO - [2024-01-31T08:57:55.455+0000] {dag.py:3033} INFO - Sync 1 DAGs
[2024-01-31T08:57:55.475+0000] {logging_mixin.py:188} INFO - [2024-01-31T08:57:55.475+0000] {dag.py:3820} INFO - Setting next_dagrun for example_skip_dag to 2024-01-30T00:00:00+00:00, run_after=2024-01-31T00:00:00+00:00
[2024-01-31T08:57:55.503+0000] {processor.py:183} INFO - Processing /home/deprojectue/miniconda3/envs/airflow_demo/lib/python3.9/site-packages/airflow/example_dags/example_skip_dag.py took 0.090 seconds
[2024-01-31T08:58:56.302+0000] {processor.py:161} INFO - Started process (PID=215846) to work on /home/deprojectue/miniconda3/envs/airflow_demo/lib/python3.9/site-packages/airflow/example_dags/example_skip_dag.py
[2024-01-31T08:58:56.304+0000] {processor.py:830} INFO - Processing file /home/deprojectue/miniconda3/envs/airflow_demo/lib/python3.9/site-packages/airflow/example_dags/example_skip_dag.py for tasks to queue
[2024-01-31T08:58:56.308+0000] {logging_mixin.py:188} INFO - [2024-01-31T08:58:56.308+0000] {dagbag.py:538} INFO - Filling up the DagBag from /home/deprojectue/miniconda3/envs/airflow_demo/lib/python3.9/site-packages/airflow/example_dags/example_skip_dag.py
[2024-01-31T08:58:56.317+0000] {processor.py:840} INFO - DAG(s) 'example_skip_dag' retrieved from /home/deprojectue/miniconda3/envs/airflow_demo/lib/python3.9/site-packages/airflow/example_dags/example_skip_dag.py
[2024-01-31T08:58:56.339+0000] {logging_mixin.py:188} INFO - [2024-01-31T08:58:56.338+0000] {dag.py:3033} INFO - Sync 1 DAGs
[2024-01-31T08:58:56.359+0000] {logging_mixin.py:188} INFO - [2024-01-31T08:58:56.359+0000] {dag.py:3820} INFO - Setting next_dagrun for example_skip_dag to 2024-01-30T00:00:00+00:00, run_after=2024-01-31T00:00:00+00:00
[2024-01-31T08:58:56.385+0000] {processor.py:183} INFO - Processing /home/deprojectue/miniconda3/envs/airflow_demo/lib/python3.9/site-packages/airflow/example_dags/example_skip_dag.py took 0.087 seconds
[2024-01-31T08:59:55.975+0000] {processor.py:161} INFO - Started process (PID=215909) to work on /home/deprojectue/miniconda3/envs/airflow_demo/lib/python3.9/site-packages/airflow/example_dags/example_skip_dag.py
[2024-01-31T08:59:55.977+0000] {processor.py:830} INFO - Processing file /home/deprojectue/miniconda3/envs/airflow_demo/lib/python3.9/site-packages/airflow/example_dags/example_skip_dag.py for tasks to queue
[2024-01-31T08:59:55.981+0000] {logging_mixin.py:188} INFO - [2024-01-31T08:59:55.980+0000] {dagbag.py:538} INFO - Filling up the DagBag from /home/deprojectue/miniconda3/envs/airflow_demo/lib/python3.9/site-packages/airflow/example_dags/example_skip_dag.py
[2024-01-31T08:59:55.991+0000] {processor.py:840} INFO - DAG(s) 'example_skip_dag' retrieved from /home/deprojectue/miniconda3/envs/airflow_demo/lib/python3.9/site-packages/airflow/example_dags/example_skip_dag.py
[2024-01-31T08:59:56.014+0000] {logging_mixin.py:188} INFO - [2024-01-31T08:59:56.013+0000] {dag.py:3033} INFO - Sync 1 DAGs
[2024-01-31T08:59:56.035+0000] {logging_mixin.py:188} INFO - [2024-01-31T08:59:56.034+0000] {dag.py:3820} INFO - Setting next_dagrun for example_skip_dag to 2024-01-30T00:00:00+00:00, run_after=2024-01-31T00:00:00+00:00
[2024-01-31T08:59:56.061+0000] {processor.py:183} INFO - Processing /home/deprojectue/miniconda3/envs/airflow_demo/lib/python3.9/site-packages/airflow/example_dags/example_skip_dag.py took 0.090 seconds
[2024-01-31T09:00:51.150+0000] {processor.py:161} INFO - Started process (PID=215967) to work on /home/deprojectue/miniconda3/envs/airflow_demo/lib/python3.9/site-packages/airflow/example_dags/example_skip_dag.py
[2024-01-31T09:00:51.152+0000] {processor.py:830} INFO - Processing file /home/deprojectue/miniconda3/envs/airflow_demo/lib/python3.9/site-packages/airflow/example_dags/example_skip_dag.py for tasks to queue
[2024-01-31T09:00:51.156+0000] {logging_mixin.py:188} INFO - [2024-01-31T09:00:51.155+0000] {dagbag.py:538} INFO - Filling up the DagBag from /home/deprojectue/miniconda3/envs/airflow_demo/lib/python3.9/site-packages/airflow/example_dags/example_skip_dag.py
[2024-01-31T09:00:51.165+0000] {processor.py:840} INFO - DAG(s) 'example_skip_dag' retrieved from /home/deprojectue/miniconda3/envs/airflow_demo/lib/python3.9/site-packages/airflow/example_dags/example_skip_dag.py
[2024-01-31T09:00:51.186+0000] {logging_mixin.py:188} INFO - [2024-01-31T09:00:51.186+0000] {dag.py:3033} INFO - Sync 1 DAGs
[2024-01-31T09:00:51.206+0000] {logging_mixin.py:188} INFO - [2024-01-31T09:00:51.206+0000] {dag.py:3820} INFO - Setting next_dagrun for example_skip_dag to 2024-01-30T00:00:00+00:00, run_after=2024-01-31T00:00:00+00:00
[2024-01-31T09:00:51.232+0000] {processor.py:183} INFO - Processing /home/deprojectue/miniconda3/envs/airflow_demo/lib/python3.9/site-packages/airflow/example_dags/example_skip_dag.py took 0.086 seconds
[2024-01-31T09:01:47.598+0000] {processor.py:161} INFO - Started process (PID=216028) to work on /home/deprojectue/miniconda3/envs/airflow_demo/lib/python3.9/site-packages/airflow/example_dags/example_skip_dag.py
[2024-01-31T09:01:47.601+0000] {processor.py:830} INFO - Processing file /home/deprojectue/miniconda3/envs/airflow_demo/lib/python3.9/site-packages/airflow/example_dags/example_skip_dag.py for tasks to queue
[2024-01-31T09:01:47.604+0000] {logging_mixin.py:188} INFO - [2024-01-31T09:01:47.603+0000] {dagbag.py:538} INFO - Filling up the DagBag from /home/deprojectue/miniconda3/envs/airflow_demo/lib/python3.9/site-packages/airflow/example_dags/example_skip_dag.py
[2024-01-31T09:01:47.614+0000] {processor.py:840} INFO - DAG(s) 'example_skip_dag' retrieved from /home/deprojectue/miniconda3/envs/airflow_demo/lib/python3.9/site-packages/airflow/example_dags/example_skip_dag.py
[2024-01-31T09:01:47.635+0000] {logging_mixin.py:188} INFO - [2024-01-31T09:01:47.635+0000] {dag.py:3033} INFO - Sync 1 DAGs
[2024-01-31T09:01:47.654+0000] {logging_mixin.py:188} INFO - [2024-01-31T09:01:47.654+0000] {dag.py:3820} INFO - Setting next_dagrun for example_skip_dag to 2024-01-30T00:00:00+00:00, run_after=2024-01-31T00:00:00+00:00
[2024-01-31T09:01:47.679+0000] {processor.py:183} INFO - Processing /home/deprojectue/miniconda3/envs/airflow_demo/lib/python3.9/site-packages/airflow/example_dags/example_skip_dag.py took 0.085 seconds
[2024-01-31T09:02:43.954+0000] {processor.py:161} INFO - Started process (PID=216088) to work on /home/deprojectue/miniconda3/envs/airflow_demo/lib/python3.9/site-packages/airflow/example_dags/example_skip_dag.py
[2024-01-31T09:02:43.956+0000] {processor.py:830} INFO - Processing file /home/deprojectue/miniconda3/envs/airflow_demo/lib/python3.9/site-packages/airflow/example_dags/example_skip_dag.py for tasks to queue
[2024-01-31T09:02:43.960+0000] {logging_mixin.py:188} INFO - [2024-01-31T09:02:43.959+0000] {dagbag.py:538} INFO - Filling up the DagBag from /home/deprojectue/miniconda3/envs/airflow_demo/lib/python3.9/site-packages/airflow/example_dags/example_skip_dag.py
[2024-01-31T09:02:43.969+0000] {processor.py:840} INFO - DAG(s) 'example_skip_dag' retrieved from /home/deprojectue/miniconda3/envs/airflow_demo/lib/python3.9/site-packages/airflow/example_dags/example_skip_dag.py
[2024-01-31T09:02:43.991+0000] {logging_mixin.py:188} INFO - [2024-01-31T09:02:43.990+0000] {dag.py:3033} INFO - Sync 1 DAGs
[2024-01-31T09:02:44.011+0000] {logging_mixin.py:188} INFO - [2024-01-31T09:02:44.010+0000] {dag.py:3820} INFO - Setting next_dagrun for example_skip_dag to 2024-01-30T00:00:00+00:00, run_after=2024-01-31T00:00:00+00:00
[2024-01-31T09:02:44.035+0000] {processor.py:183} INFO - Processing /home/deprojectue/miniconda3/envs/airflow_demo/lib/python3.9/site-packages/airflow/example_dags/example_skip_dag.py took 0.085 seconds
[2024-01-31T09:03:38.611+0000] {processor.py:161} INFO - Started process (PID=216143) to work on /home/deprojectue/miniconda3/envs/airflow_demo/lib/python3.9/site-packages/airflow/example_dags/example_skip_dag.py
[2024-01-31T09:03:38.613+0000] {processor.py:830} INFO - Processing file /home/deprojectue/miniconda3/envs/airflow_demo/lib/python3.9/site-packages/airflow/example_dags/example_skip_dag.py for tasks to queue
[2024-01-31T09:03:38.616+0000] {logging_mixin.py:188} INFO - [2024-01-31T09:03:38.615+0000] {dagbag.py:538} INFO - Filling up the DagBag from /home/deprojectue/miniconda3/envs/airflow_demo/lib/python3.9/site-packages/airflow/example_dags/example_skip_dag.py
[2024-01-31T09:03:38.625+0000] {processor.py:840} INFO - DAG(s) 'example_skip_dag' retrieved from /home/deprojectue/miniconda3/envs/airflow_demo/lib/python3.9/site-packages/airflow/example_dags/example_skip_dag.py
[2024-01-31T09:03:38.647+0000] {logging_mixin.py:188} INFO - [2024-01-31T09:03:38.646+0000] {dag.py:3033} INFO - Sync 1 DAGs
[2024-01-31T09:03:38.667+0000] {logging_mixin.py:188} INFO - [2024-01-31T09:03:38.667+0000] {dag.py:3820} INFO - Setting next_dagrun for example_skip_dag to 2024-01-30T00:00:00+00:00, run_after=2024-01-31T00:00:00+00:00
[2024-01-31T09:03:38.691+0000] {processor.py:183} INFO - Processing /home/deprojectue/miniconda3/envs/airflow_demo/lib/python3.9/site-packages/airflow/example_dags/example_skip_dag.py took 0.085 seconds
[2024-01-31T09:04:32.334+0000] {processor.py:161} INFO - Started process (PID=216199) to work on /home/deprojectue/miniconda3/envs/airflow_demo/lib/python3.9/site-packages/airflow/example_dags/example_skip_dag.py
[2024-01-31T09:04:32.336+0000] {processor.py:830} INFO - Processing file /home/deprojectue/miniconda3/envs/airflow_demo/lib/python3.9/site-packages/airflow/example_dags/example_skip_dag.py for tasks to queue
[2024-01-31T09:04:32.339+0000] {logging_mixin.py:188} INFO - [2024-01-31T09:04:32.339+0000] {dagbag.py:538} INFO - Filling up the DagBag from /home/deprojectue/miniconda3/envs/airflow_demo/lib/python3.9/site-packages/airflow/example_dags/example_skip_dag.py
[2024-01-31T09:04:32.349+0000] {processor.py:840} INFO - DAG(s) 'example_skip_dag' retrieved from /home/deprojectue/miniconda3/envs/airflow_demo/lib/python3.9/site-packages/airflow/example_dags/example_skip_dag.py
[2024-01-31T09:04:32.372+0000] {logging_mixin.py:188} INFO - [2024-01-31T09:04:32.371+0000] {dag.py:3033} INFO - Sync 1 DAGs
[2024-01-31T09:04:32.392+0000] {logging_mixin.py:188} INFO - [2024-01-31T09:04:32.392+0000] {dag.py:3820} INFO - Setting next_dagrun for example_skip_dag to 2024-01-30T00:00:00+00:00, run_after=2024-01-31T00:00:00+00:00
[2024-01-31T09:04:32.417+0000] {processor.py:183} INFO - Processing /home/deprojectue/miniconda3/envs/airflow_demo/lib/python3.9/site-packages/airflow/example_dags/example_skip_dag.py took 0.088 seconds
[2024-01-31T09:07:32.894+0000] {processor.py:161} INFO - Started process (PID=216341) to work on /home/deprojectue/miniconda3/envs/airflow_demo/lib/python3.9/site-packages/airflow/example_dags/example_skip_dag.py
[2024-01-31T09:07:32.901+0000] {processor.py:830} INFO - Processing file /home/deprojectue/miniconda3/envs/airflow_demo/lib/python3.9/site-packages/airflow/example_dags/example_skip_dag.py for tasks to queue
[2024-01-31T09:07:33.094+0000] {logging_mixin.py:188} INFO - [2024-01-31T09:07:33.093+0000] {dagbag.py:538} INFO - Filling up the DagBag from /home/deprojectue/miniconda3/envs/airflow_demo/lib/python3.9/site-packages/airflow/example_dags/example_skip_dag.py
[2024-01-31T09:07:33.107+0000] {processor.py:840} INFO - DAG(s) 'example_skip_dag' retrieved from /home/deprojectue/miniconda3/envs/airflow_demo/lib/python3.9/site-packages/airflow/example_dags/example_skip_dag.py
[2024-01-31T09:07:33.137+0000] {logging_mixin.py:188} INFO - [2024-01-31T09:07:33.137+0000] {dag.py:3033} INFO - Sync 1 DAGs
[2024-01-31T09:07:33.365+0000] {logging_mixin.py:188} INFO - [2024-01-31T09:07:33.365+0000] {dag.py:3820} INFO - Setting next_dagrun for example_skip_dag to 2024-01-30T00:00:00+00:00, run_after=2024-01-31T00:00:00+00:00
[2024-01-31T09:07:33.400+0000] {processor.py:183} INFO - Processing /home/deprojectue/miniconda3/envs/airflow_demo/lib/python3.9/site-packages/airflow/example_dags/example_skip_dag.py took 0.528 seconds
[2024-01-31T09:35:59.208+0000] {processor.py:161} INFO - Started process (PID=216896) to work on /home/deprojectue/miniconda3/envs/airflow_demo/lib/python3.9/site-packages/airflow/example_dags/example_skip_dag.py
[2024-01-31T09:35:59.212+0000] {processor.py:830} INFO - Processing file /home/deprojectue/miniconda3/envs/airflow_demo/lib/python3.9/site-packages/airflow/example_dags/example_skip_dag.py for tasks to queue
[2024-01-31T09:35:59.218+0000] {logging_mixin.py:188} INFO - [2024-01-31T09:35:59.216+0000] {dagbag.py:538} INFO - Filling up the DagBag from /home/deprojectue/miniconda3/envs/airflow_demo/lib/python3.9/site-packages/airflow/example_dags/example_skip_dag.py
[2024-01-31T09:35:59.229+0000] {processor.py:840} INFO - DAG(s) 'example_skip_dag' retrieved from /home/deprojectue/miniconda3/envs/airflow_demo/lib/python3.9/site-packages/airflow/example_dags/example_skip_dag.py
[2024-01-31T09:35:59.506+0000] {logging_mixin.py:188} INFO - [2024-01-31T09:35:59.494+0000] {override.py:1769} INFO - Created Permission View: can edit on DAG:example_skip_dag
[2024-01-31T09:35:59.522+0000] {logging_mixin.py:188} INFO - [2024-01-31T09:35:59.521+0000] {override.py:1769} INFO - Created Permission View: can read on DAG:example_skip_dag
[2024-01-31T09:35:59.534+0000] {logging_mixin.py:188} INFO - [2024-01-31T09:35:59.533+0000] {override.py:1769} INFO - Created Permission View: can delete on DAG:example_skip_dag
[2024-01-31T09:35:59.535+0000] {logging_mixin.py:188} INFO - [2024-01-31T09:35:59.534+0000] {dag.py:3033} INFO - Sync 1 DAGs
[2024-01-31T09:35:59.551+0000] {logging_mixin.py:188} INFO - [2024-01-31T09:35:59.551+0000] {dag.py:3055} INFO - Creating ORM DAG for example_skip_dag
[2024-01-31T09:35:59.570+0000] {logging_mixin.py:188} INFO - [2024-01-31T09:35:59.569+0000] {dag.py:3820} INFO - Setting next_dagrun for example_skip_dag to 2024-01-30T00:00:00+00:00, run_after=2024-01-31T00:00:00+00:00
[2024-01-31T09:35:59.624+0000] {processor.py:183} INFO - Processing /home/deprojectue/miniconda3/envs/airflow_demo/lib/python3.9/site-packages/airflow/example_dags/example_skip_dag.py took 0.421 seconds
