[2024-01-31T02:08:03.087+0000] {processor.py:161} INFO - Started process (PID=210626) to work on /home/deprojectue/miniconda3/envs/airflow_demo/lib/python3.9/site-packages/airflow/example_dags/example_dynamic_task_mapping_with_no_taskflow_operators.py
[2024-01-31T02:08:03.088+0000] {processor.py:830} INFO - Processing file /home/deprojectue/miniconda3/envs/airflow_demo/lib/python3.9/site-packages/airflow/example_dags/example_dynamic_task_mapping_with_no_taskflow_operators.py for tasks to queue
[2024-01-31T02:08:03.090+0000] {logging_mixin.py:188} INFO - [2024-01-31T02:08:03.089+0000] {dagbag.py:538} INFO - Filling up the DagBag from /home/deprojectue/miniconda3/envs/airflow_demo/lib/python3.9/site-packages/airflow/example_dags/example_dynamic_task_mapping_with_no_taskflow_operators.py
[2024-01-31T02:08:03.100+0000] {processor.py:840} INFO - DAG(s) 'example_dynamic_task_mapping_with_no_taskflow_operators' retrieved from /home/deprojectue/miniconda3/envs/airflow_demo/lib/python3.9/site-packages/airflow/example_dags/example_dynamic_task_mapping_with_no_taskflow_operators.py
[2024-01-31T02:08:03.217+0000] {logging_mixin.py:188} INFO - [2024-01-31T02:08:03.216+0000] {override.py:1769} INFO - Created Permission View: can read on DAG:example_dynamic_task_mapping_with_no_taskflow_operators
[2024-01-31T02:08:03.230+0000] {logging_mixin.py:188} INFO - [2024-01-31T02:08:03.230+0000] {override.py:1769} INFO - Created Permission View: can delete on DAG:example_dynamic_task_mapping_with_no_taskflow_operators
[2024-01-31T02:08:03.241+0000] {logging_mixin.py:188} INFO - [2024-01-31T02:08:03.240+0000] {override.py:1769} INFO - Created Permission View: can edit on DAG:example_dynamic_task_mapping_with_no_taskflow_operators
[2024-01-31T02:08:03.241+0000] {logging_mixin.py:188} INFO - [2024-01-31T02:08:03.241+0000] {dag.py:3033} INFO - Sync 1 DAGs
[2024-01-31T02:08:03.252+0000] {logging_mixin.py:188} INFO - [2024-01-31T02:08:03.252+0000] {dag.py:3055} INFO - Creating ORM DAG for example_dynamic_task_mapping_with_no_taskflow_operators
[2024-01-31T02:08:03.261+0000] {logging_mixin.py:188} INFO - [2024-01-31T02:08:03.261+0000] {dag.py:3820} INFO - Setting next_dagrun for example_dynamic_task_mapping_with_no_taskflow_operators to 2024-01-30T00:00:00+00:00, run_after=2024-01-31T00:00:00+00:00
[2024-01-31T02:08:03.283+0000] {processor.py:183} INFO - Processing /home/deprojectue/miniconda3/envs/airflow_demo/lib/python3.9/site-packages/airflow/example_dags/example_dynamic_task_mapping_with_no_taskflow_operators.py took 0.200 seconds
[2024-01-31T02:09:37.119+0000] {processor.py:161} INFO - Started process (PID=210934) to work on /home/deprojectue/miniconda3/envs/airflow_demo/lib/python3.9/site-packages/airflow/example_dags/example_dynamic_task_mapping_with_no_taskflow_operators.py
[2024-01-31T02:09:37.121+0000] {processor.py:830} INFO - Processing file /home/deprojectue/miniconda3/envs/airflow_demo/lib/python3.9/site-packages/airflow/example_dags/example_dynamic_task_mapping_with_no_taskflow_operators.py for tasks to queue
[2024-01-31T02:09:37.122+0000] {logging_mixin.py:188} INFO - [2024-01-31T02:09:37.122+0000] {dagbag.py:538} INFO - Filling up the DagBag from /home/deprojectue/miniconda3/envs/airflow_demo/lib/python3.9/site-packages/airflow/example_dags/example_dynamic_task_mapping_with_no_taskflow_operators.py
[2024-01-31T02:09:37.163+0000] {processor.py:840} INFO - DAG(s) 'example_dynamic_task_mapping_with_no_taskflow_operators' retrieved from /home/deprojectue/miniconda3/envs/airflow_demo/lib/python3.9/site-packages/airflow/example_dags/example_dynamic_task_mapping_with_no_taskflow_operators.py
[2024-01-31T02:09:37.217+0000] {logging_mixin.py:188} INFO - [2024-01-31T02:09:37.216+0000] {dag.py:3033} INFO - Sync 1 DAGs
[2024-01-31T02:09:37.319+0000] {logging_mixin.py:188} INFO - [2024-01-31T02:09:37.318+0000] {dag.py:3820} INFO - Setting next_dagrun for example_dynamic_task_mapping_with_no_taskflow_operators to 2024-01-30T00:00:00+00:00, run_after=2024-01-31T00:00:00+00:00
[2024-01-31T02:09:37.409+0000] {processor.py:183} INFO - Processing /home/deprojectue/miniconda3/envs/airflow_demo/lib/python3.9/site-packages/airflow/example_dags/example_dynamic_task_mapping_with_no_taskflow_operators.py took 0.296 seconds
[2024-01-31T02:13:13.825+0000] {processor.py:161} INFO - Started process (PID=211070) to work on /home/deprojectue/miniconda3/envs/airflow_demo/lib/python3.9/site-packages/airflow/example_dags/example_dynamic_task_mapping_with_no_taskflow_operators.py
[2024-01-31T02:13:13.827+0000] {processor.py:830} INFO - Processing file /home/deprojectue/miniconda3/envs/airflow_demo/lib/python3.9/site-packages/airflow/example_dags/example_dynamic_task_mapping_with_no_taskflow_operators.py for tasks to queue
[2024-01-31T02:13:13.832+0000] {logging_mixin.py:188} INFO - [2024-01-31T02:13:13.831+0000] {dagbag.py:538} INFO - Filling up the DagBag from /home/deprojectue/miniconda3/envs/airflow_demo/lib/python3.9/site-packages/airflow/example_dags/example_dynamic_task_mapping_with_no_taskflow_operators.py
[2024-01-31T02:13:13.840+0000] {processor.py:840} INFO - DAG(s) 'example_dynamic_task_mapping_with_no_taskflow_operators' retrieved from /home/deprojectue/miniconda3/envs/airflow_demo/lib/python3.9/site-packages/airflow/example_dags/example_dynamic_task_mapping_with_no_taskflow_operators.py
[2024-01-31T02:13:13.862+0000] {logging_mixin.py:188} INFO - [2024-01-31T02:13:13.862+0000] {dag.py:3033} INFO - Sync 1 DAGs
[2024-01-31T02:13:13.885+0000] {logging_mixin.py:188} INFO - [2024-01-31T02:13:13.884+0000] {dag.py:3820} INFO - Setting next_dagrun for example_dynamic_task_mapping_with_no_taskflow_operators to 2024-01-30T00:00:00+00:00, run_after=2024-01-31T00:00:00+00:00
[2024-01-31T02:13:13.913+0000] {processor.py:183} INFO - Processing /home/deprojectue/miniconda3/envs/airflow_demo/lib/python3.9/site-packages/airflow/example_dags/example_dynamic_task_mapping_with_no_taskflow_operators.py took 0.092 seconds
[2024-01-31T02:14:13.210+0000] {processor.py:161} INFO - Started process (PID=211139) to work on /home/deprojectue/miniconda3/envs/airflow_demo/lib/python3.9/site-packages/airflow/example_dags/example_dynamic_task_mapping_with_no_taskflow_operators.py
[2024-01-31T02:14:13.221+0000] {processor.py:830} INFO - Processing file /home/deprojectue/miniconda3/envs/airflow_demo/lib/python3.9/site-packages/airflow/example_dags/example_dynamic_task_mapping_with_no_taskflow_operators.py for tasks to queue
[2024-01-31T02:14:13.225+0000] {logging_mixin.py:188} INFO - [2024-01-31T02:14:13.225+0000] {dagbag.py:538} INFO - Filling up the DagBag from /home/deprojectue/miniconda3/envs/airflow_demo/lib/python3.9/site-packages/airflow/example_dags/example_dynamic_task_mapping_with_no_taskflow_operators.py
[2024-01-31T02:14:13.277+0000] {processor.py:840} INFO - DAG(s) 'example_dynamic_task_mapping_with_no_taskflow_operators' retrieved from /home/deprojectue/miniconda3/envs/airflow_demo/lib/python3.9/site-packages/airflow/example_dags/example_dynamic_task_mapping_with_no_taskflow_operators.py
[2024-01-31T02:14:13.339+0000] {logging_mixin.py:188} INFO - [2024-01-31T02:14:13.336+0000] {dag.py:3033} INFO - Sync 1 DAGs
[2024-01-31T02:14:13.399+0000] {logging_mixin.py:188} INFO - [2024-01-31T02:14:13.398+0000] {dag.py:3820} INFO - Setting next_dagrun for example_dynamic_task_mapping_with_no_taskflow_operators to 2024-01-30T00:00:00+00:00, run_after=2024-01-31T00:00:00+00:00
[2024-01-31T02:14:13.555+0000] {processor.py:183} INFO - Processing /home/deprojectue/miniconda3/envs/airflow_demo/lib/python3.9/site-packages/airflow/example_dags/example_dynamic_task_mapping_with_no_taskflow_operators.py took 0.369 seconds
[2024-01-31T02:22:13.446+0000] {processor.py:161} INFO - Started process (PID=211330) to work on /home/deprojectue/miniconda3/envs/airflow_demo/lib/python3.9/site-packages/airflow/example_dags/example_dynamic_task_mapping_with_no_taskflow_operators.py
[2024-01-31T02:22:13.449+0000] {processor.py:830} INFO - Processing file /home/deprojectue/miniconda3/envs/airflow_demo/lib/python3.9/site-packages/airflow/example_dags/example_dynamic_task_mapping_with_no_taskflow_operators.py for tasks to queue
[2024-01-31T02:22:13.454+0000] {logging_mixin.py:188} INFO - [2024-01-31T02:22:13.453+0000] {dagbag.py:538} INFO - Filling up the DagBag from /home/deprojectue/miniconda3/envs/airflow_demo/lib/python3.9/site-packages/airflow/example_dags/example_dynamic_task_mapping_with_no_taskflow_operators.py
[2024-01-31T02:22:13.463+0000] {processor.py:840} INFO - DAG(s) 'example_dynamic_task_mapping_with_no_taskflow_operators' retrieved from /home/deprojectue/miniconda3/envs/airflow_demo/lib/python3.9/site-packages/airflow/example_dags/example_dynamic_task_mapping_with_no_taskflow_operators.py
[2024-01-31T02:22:13.485+0000] {logging_mixin.py:188} INFO - [2024-01-31T02:22:13.484+0000] {dag.py:3033} INFO - Sync 1 DAGs
[2024-01-31T02:22:13.507+0000] {logging_mixin.py:188} INFO - [2024-01-31T02:22:13.507+0000] {dag.py:3820} INFO - Setting next_dagrun for example_dynamic_task_mapping_with_no_taskflow_operators to 2024-01-30T00:00:00+00:00, run_after=2024-01-31T00:00:00+00:00
[2024-01-31T02:22:13.534+0000] {processor.py:183} INFO - Processing /home/deprojectue/miniconda3/envs/airflow_demo/lib/python3.9/site-packages/airflow/example_dags/example_dynamic_task_mapping_with_no_taskflow_operators.py took 0.092 seconds
[2024-01-31T08:24:51.233+0000] {processor.py:161} INFO - Started process (PID=214071) to work on /home/deprojectue/miniconda3/envs/airflow_demo/lib/python3.9/site-packages/airflow/example_dags/example_dynamic_task_mapping_with_no_taskflow_operators.py
[2024-01-31T08:24:51.235+0000] {processor.py:830} INFO - Processing file /home/deprojectue/miniconda3/envs/airflow_demo/lib/python3.9/site-packages/airflow/example_dags/example_dynamic_task_mapping_with_no_taskflow_operators.py for tasks to queue
[2024-01-31T08:24:51.240+0000] {logging_mixin.py:188} INFO - [2024-01-31T08:24:51.239+0000] {dagbag.py:538} INFO - Filling up the DagBag from /home/deprojectue/miniconda3/envs/airflow_demo/lib/python3.9/site-packages/airflow/example_dags/example_dynamic_task_mapping_with_no_taskflow_operators.py
[2024-01-31T08:24:51.249+0000] {processor.py:840} INFO - DAG(s) 'example_dynamic_task_mapping_with_no_taskflow_operators' retrieved from /home/deprojectue/miniconda3/envs/airflow_demo/lib/python3.9/site-packages/airflow/example_dags/example_dynamic_task_mapping_with_no_taskflow_operators.py
[2024-01-31T08:24:51.272+0000] {logging_mixin.py:188} INFO - [2024-01-31T08:24:51.271+0000] {dag.py:3033} INFO - Sync 1 DAGs
[2024-01-31T08:24:51.294+0000] {logging_mixin.py:188} INFO - [2024-01-31T08:24:51.293+0000] {dag.py:3820} INFO - Setting next_dagrun for example_dynamic_task_mapping_with_no_taskflow_operators to 2024-01-30T00:00:00+00:00, run_after=2024-01-31T00:00:00+00:00
[2024-01-31T08:24:51.319+0000] {processor.py:183} INFO - Processing /home/deprojectue/miniconda3/envs/airflow_demo/lib/python3.9/site-packages/airflow/example_dags/example_dynamic_task_mapping_with_no_taskflow_operators.py took 0.090 seconds
[2024-01-31T08:25:39.935+0000] {processor.py:161} INFO - Started process (PID=214122) to work on /home/deprojectue/miniconda3/envs/airflow_demo/lib/python3.9/site-packages/airflow/example_dags/example_dynamic_task_mapping_with_no_taskflow_operators.py
[2024-01-31T08:25:39.937+0000] {processor.py:830} INFO - Processing file /home/deprojectue/miniconda3/envs/airflow_demo/lib/python3.9/site-packages/airflow/example_dags/example_dynamic_task_mapping_with_no_taskflow_operators.py for tasks to queue
[2024-01-31T08:25:39.940+0000] {logging_mixin.py:188} INFO - [2024-01-31T08:25:39.940+0000] {dagbag.py:538} INFO - Filling up the DagBag from /home/deprojectue/miniconda3/envs/airflow_demo/lib/python3.9/site-packages/airflow/example_dags/example_dynamic_task_mapping_with_no_taskflow_operators.py
[2024-01-31T08:25:39.950+0000] {processor.py:840} INFO - DAG(s) 'example_dynamic_task_mapping_with_no_taskflow_operators' retrieved from /home/deprojectue/miniconda3/envs/airflow_demo/lib/python3.9/site-packages/airflow/example_dags/example_dynamic_task_mapping_with_no_taskflow_operators.py
[2024-01-31T08:25:39.971+0000] {logging_mixin.py:188} INFO - [2024-01-31T08:25:39.970+0000] {dag.py:3033} INFO - Sync 1 DAGs
[2024-01-31T08:25:39.996+0000] {logging_mixin.py:188} INFO - [2024-01-31T08:25:39.995+0000] {dag.py:3820} INFO - Setting next_dagrun for example_dynamic_task_mapping_with_no_taskflow_operators to 2024-01-30T00:00:00+00:00, run_after=2024-01-31T00:00:00+00:00
[2024-01-31T08:25:40.021+0000] {processor.py:183} INFO - Processing /home/deprojectue/miniconda3/envs/airflow_demo/lib/python3.9/site-packages/airflow/example_dags/example_dynamic_task_mapping_with_no_taskflow_operators.py took 0.090 seconds
[2024-01-31T08:52:23.897+0000] {processor.py:161} INFO - Started process (PID=215403) to work on /home/deprojectue/miniconda3/envs/airflow_demo/lib/python3.9/site-packages/airflow/example_dags/example_dynamic_task_mapping_with_no_taskflow_operators.py
[2024-01-31T08:52:23.900+0000] {processor.py:830} INFO - Processing file /home/deprojectue/miniconda3/envs/airflow_demo/lib/python3.9/site-packages/airflow/example_dags/example_dynamic_task_mapping_with_no_taskflow_operators.py for tasks to queue
[2024-01-31T08:52:23.904+0000] {logging_mixin.py:188} INFO - [2024-01-31T08:52:23.904+0000] {dagbag.py:538} INFO - Filling up the DagBag from /home/deprojectue/miniconda3/envs/airflow_demo/lib/python3.9/site-packages/airflow/example_dags/example_dynamic_task_mapping_with_no_taskflow_operators.py
[2024-01-31T08:52:23.915+0000] {processor.py:840} INFO - DAG(s) 'example_dynamic_task_mapping_with_no_taskflow_operators' retrieved from /home/deprojectue/miniconda3/envs/airflow_demo/lib/python3.9/site-packages/airflow/example_dags/example_dynamic_task_mapping_with_no_taskflow_operators.py
[2024-01-31T08:52:23.937+0000] {logging_mixin.py:188} INFO - [2024-01-31T08:52:23.936+0000] {dag.py:3033} INFO - Sync 1 DAGs
[2024-01-31T08:52:23.957+0000] {logging_mixin.py:188} INFO - [2024-01-31T08:52:23.957+0000] {dag.py:3820} INFO - Setting next_dagrun for example_dynamic_task_mapping_with_no_taskflow_operators to 2024-01-30T00:00:00+00:00, run_after=2024-01-31T00:00:00+00:00
[2024-01-31T08:52:23.984+0000] {processor.py:183} INFO - Processing /home/deprojectue/miniconda3/envs/airflow_demo/lib/python3.9/site-packages/airflow/example_dags/example_dynamic_task_mapping_with_no_taskflow_operators.py took 0.091 seconds
[2024-01-31T08:53:23.539+0000] {processor.py:161} INFO - Started process (PID=215467) to work on /home/deprojectue/miniconda3/envs/airflow_demo/lib/python3.9/site-packages/airflow/example_dags/example_dynamic_task_mapping_with_no_taskflow_operators.py
[2024-01-31T08:53:23.541+0000] {processor.py:830} INFO - Processing file /home/deprojectue/miniconda3/envs/airflow_demo/lib/python3.9/site-packages/airflow/example_dags/example_dynamic_task_mapping_with_no_taskflow_operators.py for tasks to queue
[2024-01-31T08:53:23.545+0000] {logging_mixin.py:188} INFO - [2024-01-31T08:53:23.544+0000] {dagbag.py:538} INFO - Filling up the DagBag from /home/deprojectue/miniconda3/envs/airflow_demo/lib/python3.9/site-packages/airflow/example_dags/example_dynamic_task_mapping_with_no_taskflow_operators.py
[2024-01-31T08:53:23.555+0000] {processor.py:840} INFO - DAG(s) 'example_dynamic_task_mapping_with_no_taskflow_operators' retrieved from /home/deprojectue/miniconda3/envs/airflow_demo/lib/python3.9/site-packages/airflow/example_dags/example_dynamic_task_mapping_with_no_taskflow_operators.py
[2024-01-31T08:53:23.574+0000] {logging_mixin.py:188} INFO - [2024-01-31T08:53:23.574+0000] {dag.py:3033} INFO - Sync 1 DAGs
[2024-01-31T08:53:23.594+0000] {logging_mixin.py:188} INFO - [2024-01-31T08:53:23.593+0000] {dag.py:3820} INFO - Setting next_dagrun for example_dynamic_task_mapping_with_no_taskflow_operators to 2024-01-30T00:00:00+00:00, run_after=2024-01-31T00:00:00+00:00
[2024-01-31T08:53:23.620+0000] {processor.py:183} INFO - Processing /home/deprojectue/miniconda3/envs/airflow_demo/lib/python3.9/site-packages/airflow/example_dags/example_dynamic_task_mapping_with_no_taskflow_operators.py took 0.085 seconds
[2024-01-31T08:54:26.666+0000] {processor.py:161} INFO - Started process (PID=215529) to work on /home/deprojectue/miniconda3/envs/airflow_demo/lib/python3.9/site-packages/airflow/example_dags/example_dynamic_task_mapping_with_no_taskflow_operators.py
[2024-01-31T08:54:26.668+0000] {processor.py:830} INFO - Processing file /home/deprojectue/miniconda3/envs/airflow_demo/lib/python3.9/site-packages/airflow/example_dags/example_dynamic_task_mapping_with_no_taskflow_operators.py for tasks to queue
[2024-01-31T08:54:26.672+0000] {logging_mixin.py:188} INFO - [2024-01-31T08:54:26.671+0000] {dagbag.py:538} INFO - Filling up the DagBag from /home/deprojectue/miniconda3/envs/airflow_demo/lib/python3.9/site-packages/airflow/example_dags/example_dynamic_task_mapping_with_no_taskflow_operators.py
[2024-01-31T08:54:26.681+0000] {processor.py:840} INFO - DAG(s) 'example_dynamic_task_mapping_with_no_taskflow_operators' retrieved from /home/deprojectue/miniconda3/envs/airflow_demo/lib/python3.9/site-packages/airflow/example_dags/example_dynamic_task_mapping_with_no_taskflow_operators.py
[2024-01-31T08:54:26.701+0000] {logging_mixin.py:188} INFO - [2024-01-31T08:54:26.700+0000] {dag.py:3033} INFO - Sync 1 DAGs
[2024-01-31T08:54:26.721+0000] {logging_mixin.py:188} INFO - [2024-01-31T08:54:26.720+0000] {dag.py:3820} INFO - Setting next_dagrun for example_dynamic_task_mapping_with_no_taskflow_operators to 2024-01-30T00:00:00+00:00, run_after=2024-01-31T00:00:00+00:00
[2024-01-31T08:54:26.746+0000] {processor.py:183} INFO - Processing /home/deprojectue/miniconda3/envs/airflow_demo/lib/python3.9/site-packages/airflow/example_dags/example_dynamic_task_mapping_with_no_taskflow_operators.py took 0.084 seconds
[2024-01-31T08:55:28.603+0000] {processor.py:161} INFO - Started process (PID=215594) to work on /home/deprojectue/miniconda3/envs/airflow_demo/lib/python3.9/site-packages/airflow/example_dags/example_dynamic_task_mapping_with_no_taskflow_operators.py
[2024-01-31T08:55:28.605+0000] {processor.py:830} INFO - Processing file /home/deprojectue/miniconda3/envs/airflow_demo/lib/python3.9/site-packages/airflow/example_dags/example_dynamic_task_mapping_with_no_taskflow_operators.py for tasks to queue
[2024-01-31T08:55:28.609+0000] {logging_mixin.py:188} INFO - [2024-01-31T08:55:28.608+0000] {dagbag.py:538} INFO - Filling up the DagBag from /home/deprojectue/miniconda3/envs/airflow_demo/lib/python3.9/site-packages/airflow/example_dags/example_dynamic_task_mapping_with_no_taskflow_operators.py
[2024-01-31T08:55:28.618+0000] {processor.py:840} INFO - DAG(s) 'example_dynamic_task_mapping_with_no_taskflow_operators' retrieved from /home/deprojectue/miniconda3/envs/airflow_demo/lib/python3.9/site-packages/airflow/example_dags/example_dynamic_task_mapping_with_no_taskflow_operators.py
[2024-01-31T08:55:28.637+0000] {logging_mixin.py:188} INFO - [2024-01-31T08:55:28.636+0000] {dag.py:3033} INFO - Sync 1 DAGs
[2024-01-31T08:55:28.656+0000] {logging_mixin.py:188} INFO - [2024-01-31T08:55:28.656+0000] {dag.py:3820} INFO - Setting next_dagrun for example_dynamic_task_mapping_with_no_taskflow_operators to 2024-01-30T00:00:00+00:00, run_after=2024-01-31T00:00:00+00:00
[2024-01-31T08:55:28.681+0000] {processor.py:183} INFO - Processing /home/deprojectue/miniconda3/envs/airflow_demo/lib/python3.9/site-packages/airflow/example_dags/example_dynamic_task_mapping_with_no_taskflow_operators.py took 0.082 seconds
[2024-01-31T08:56:23.921+0000] {processor.py:161} INFO - Started process (PID=215666) to work on /home/deprojectue/miniconda3/envs/airflow_demo/lib/python3.9/site-packages/airflow/example_dags/example_dynamic_task_mapping_with_no_taskflow_operators.py
[2024-01-31T08:56:23.923+0000] {processor.py:830} INFO - Processing file /home/deprojectue/miniconda3/envs/airflow_demo/lib/python3.9/site-packages/airflow/example_dags/example_dynamic_task_mapping_with_no_taskflow_operators.py for tasks to queue
[2024-01-31T08:56:23.927+0000] {logging_mixin.py:188} INFO - [2024-01-31T08:56:23.927+0000] {dagbag.py:538} INFO - Filling up the DagBag from /home/deprojectue/miniconda3/envs/airflow_demo/lib/python3.9/site-packages/airflow/example_dags/example_dynamic_task_mapping_with_no_taskflow_operators.py
[2024-01-31T08:56:23.938+0000] {processor.py:840} INFO - DAG(s) 'example_dynamic_task_mapping_with_no_taskflow_operators' retrieved from /home/deprojectue/miniconda3/envs/airflow_demo/lib/python3.9/site-packages/airflow/example_dags/example_dynamic_task_mapping_with_no_taskflow_operators.py
[2024-01-31T08:56:23.958+0000] {logging_mixin.py:188} INFO - [2024-01-31T08:56:23.958+0000] {dag.py:3033} INFO - Sync 1 DAGs
[2024-01-31T08:56:23.980+0000] {logging_mixin.py:188} INFO - [2024-01-31T08:56:23.979+0000] {dag.py:3820} INFO - Setting next_dagrun for example_dynamic_task_mapping_with_no_taskflow_operators to 2024-01-30T00:00:00+00:00, run_after=2024-01-31T00:00:00+00:00
[2024-01-31T08:56:24.006+0000] {processor.py:183} INFO - Processing /home/deprojectue/miniconda3/envs/airflow_demo/lib/python3.9/site-packages/airflow/example_dags/example_dynamic_task_mapping_with_no_taskflow_operators.py took 0.090 seconds
[2024-01-31T08:57:21.970+0000] {processor.py:161} INFO - Started process (PID=215731) to work on /home/deprojectue/miniconda3/envs/airflow_demo/lib/python3.9/site-packages/airflow/example_dags/example_dynamic_task_mapping_with_no_taskflow_operators.py
[2024-01-31T08:57:21.972+0000] {processor.py:830} INFO - Processing file /home/deprojectue/miniconda3/envs/airflow_demo/lib/python3.9/site-packages/airflow/example_dags/example_dynamic_task_mapping_with_no_taskflow_operators.py for tasks to queue
[2024-01-31T08:57:21.976+0000] {logging_mixin.py:188} INFO - [2024-01-31T08:57:21.976+0000] {dagbag.py:538} INFO - Filling up the DagBag from /home/deprojectue/miniconda3/envs/airflow_demo/lib/python3.9/site-packages/airflow/example_dags/example_dynamic_task_mapping_with_no_taskflow_operators.py
[2024-01-31T08:57:21.987+0000] {processor.py:840} INFO - DAG(s) 'example_dynamic_task_mapping_with_no_taskflow_operators' retrieved from /home/deprojectue/miniconda3/envs/airflow_demo/lib/python3.9/site-packages/airflow/example_dags/example_dynamic_task_mapping_with_no_taskflow_operators.py
[2024-01-31T08:57:22.007+0000] {logging_mixin.py:188} INFO - [2024-01-31T08:57:22.007+0000] {dag.py:3033} INFO - Sync 1 DAGs
[2024-01-31T08:57:22.028+0000] {logging_mixin.py:188} INFO - [2024-01-31T08:57:22.027+0000] {dag.py:3820} INFO - Setting next_dagrun for example_dynamic_task_mapping_with_no_taskflow_operators to 2024-01-30T00:00:00+00:00, run_after=2024-01-31T00:00:00+00:00
[2024-01-31T08:57:22.053+0000] {processor.py:183} INFO - Processing /home/deprojectue/miniconda3/envs/airflow_demo/lib/python3.9/site-packages/airflow/example_dags/example_dynamic_task_mapping_with_no_taskflow_operators.py took 0.087 seconds
[2024-01-31T08:58:17.380+0000] {processor.py:161} INFO - Started process (PID=215788) to work on /home/deprojectue/miniconda3/envs/airflow_demo/lib/python3.9/site-packages/airflow/example_dags/example_dynamic_task_mapping_with_no_taskflow_operators.py
[2024-01-31T08:58:17.382+0000] {processor.py:830} INFO - Processing file /home/deprojectue/miniconda3/envs/airflow_demo/lib/python3.9/site-packages/airflow/example_dags/example_dynamic_task_mapping_with_no_taskflow_operators.py for tasks to queue
[2024-01-31T08:58:17.386+0000] {logging_mixin.py:188} INFO - [2024-01-31T08:58:17.385+0000] {dagbag.py:538} INFO - Filling up the DagBag from /home/deprojectue/miniconda3/envs/airflow_demo/lib/python3.9/site-packages/airflow/example_dags/example_dynamic_task_mapping_with_no_taskflow_operators.py
[2024-01-31T08:58:17.396+0000] {processor.py:840} INFO - DAG(s) 'example_dynamic_task_mapping_with_no_taskflow_operators' retrieved from /home/deprojectue/miniconda3/envs/airflow_demo/lib/python3.9/site-packages/airflow/example_dags/example_dynamic_task_mapping_with_no_taskflow_operators.py
[2024-01-31T08:58:17.416+0000] {logging_mixin.py:188} INFO - [2024-01-31T08:58:17.415+0000] {dag.py:3033} INFO - Sync 1 DAGs
[2024-01-31T08:58:17.436+0000] {logging_mixin.py:188} INFO - [2024-01-31T08:58:17.436+0000] {dag.py:3820} INFO - Setting next_dagrun for example_dynamic_task_mapping_with_no_taskflow_operators to 2024-01-30T00:00:00+00:00, run_after=2024-01-31T00:00:00+00:00
[2024-01-31T08:58:17.459+0000] {processor.py:183} INFO - Processing /home/deprojectue/miniconda3/envs/airflow_demo/lib/python3.9/site-packages/airflow/example_dags/example_dynamic_task_mapping_with_no_taskflow_operators.py took 0.084 seconds
[2024-01-31T08:59:19.401+0000] {processor.py:161} INFO - Started process (PID=215872) to work on /home/deprojectue/miniconda3/envs/airflow_demo/lib/python3.9/site-packages/airflow/example_dags/example_dynamic_task_mapping_with_no_taskflow_operators.py
[2024-01-31T08:59:19.403+0000] {processor.py:830} INFO - Processing file /home/deprojectue/miniconda3/envs/airflow_demo/lib/python3.9/site-packages/airflow/example_dags/example_dynamic_task_mapping_with_no_taskflow_operators.py for tasks to queue
[2024-01-31T08:59:19.407+0000] {logging_mixin.py:188} INFO - [2024-01-31T08:59:19.406+0000] {dagbag.py:538} INFO - Filling up the DagBag from /home/deprojectue/miniconda3/envs/airflow_demo/lib/python3.9/site-packages/airflow/example_dags/example_dynamic_task_mapping_with_no_taskflow_operators.py
[2024-01-31T08:59:19.418+0000] {processor.py:840} INFO - DAG(s) 'example_dynamic_task_mapping_with_no_taskflow_operators' retrieved from /home/deprojectue/miniconda3/envs/airflow_demo/lib/python3.9/site-packages/airflow/example_dags/example_dynamic_task_mapping_with_no_taskflow_operators.py
[2024-01-31T08:59:19.436+0000] {logging_mixin.py:188} INFO - [2024-01-31T08:59:19.436+0000] {dag.py:3033} INFO - Sync 1 DAGs
[2024-01-31T08:59:19.456+0000] {logging_mixin.py:188} INFO - [2024-01-31T08:59:19.456+0000] {dag.py:3820} INFO - Setting next_dagrun for example_dynamic_task_mapping_with_no_taskflow_operators to 2024-01-30T00:00:00+00:00, run_after=2024-01-31T00:00:00+00:00
[2024-01-31T08:59:19.479+0000] {processor.py:183} INFO - Processing /home/deprojectue/miniconda3/envs/airflow_demo/lib/python3.9/site-packages/airflow/example_dags/example_dynamic_task_mapping_with_no_taskflow_operators.py took 0.083 seconds
[2024-01-31T09:00:16.713+0000] {processor.py:161} INFO - Started process (PID=215931) to work on /home/deprojectue/miniconda3/envs/airflow_demo/lib/python3.9/site-packages/airflow/example_dags/example_dynamic_task_mapping_with_no_taskflow_operators.py
[2024-01-31T09:00:16.715+0000] {processor.py:830} INFO - Processing file /home/deprojectue/miniconda3/envs/airflow_demo/lib/python3.9/site-packages/airflow/example_dags/example_dynamic_task_mapping_with_no_taskflow_operators.py for tasks to queue
[2024-01-31T09:00:16.719+0000] {logging_mixin.py:188} INFO - [2024-01-31T09:00:16.719+0000] {dagbag.py:538} INFO - Filling up the DagBag from /home/deprojectue/miniconda3/envs/airflow_demo/lib/python3.9/site-packages/airflow/example_dags/example_dynamic_task_mapping_with_no_taskflow_operators.py
[2024-01-31T09:00:16.731+0000] {processor.py:840} INFO - DAG(s) 'example_dynamic_task_mapping_with_no_taskflow_operators' retrieved from /home/deprojectue/miniconda3/envs/airflow_demo/lib/python3.9/site-packages/airflow/example_dags/example_dynamic_task_mapping_with_no_taskflow_operators.py
[2024-01-31T09:00:16.751+0000] {logging_mixin.py:188} INFO - [2024-01-31T09:00:16.750+0000] {dag.py:3033} INFO - Sync 1 DAGs
[2024-01-31T09:00:16.771+0000] {logging_mixin.py:188} INFO - [2024-01-31T09:00:16.771+0000] {dag.py:3820} INFO - Setting next_dagrun for example_dynamic_task_mapping_with_no_taskflow_operators to 2024-01-30T00:00:00+00:00, run_after=2024-01-31T00:00:00+00:00
[2024-01-31T09:00:16.797+0000] {processor.py:183} INFO - Processing /home/deprojectue/miniconda3/envs/airflow_demo/lib/python3.9/site-packages/airflow/example_dags/example_dynamic_task_mapping_with_no_taskflow_operators.py took 0.090 seconds
[2024-01-31T09:01:13.437+0000] {processor.py:161} INFO - Started process (PID=215991) to work on /home/deprojectue/miniconda3/envs/airflow_demo/lib/python3.9/site-packages/airflow/example_dags/example_dynamic_task_mapping_with_no_taskflow_operators.py
[2024-01-31T09:01:13.440+0000] {processor.py:830} INFO - Processing file /home/deprojectue/miniconda3/envs/airflow_demo/lib/python3.9/site-packages/airflow/example_dags/example_dynamic_task_mapping_with_no_taskflow_operators.py for tasks to queue
[2024-01-31T09:01:13.447+0000] {logging_mixin.py:188} INFO - [2024-01-31T09:01:13.446+0000] {dagbag.py:538} INFO - Filling up the DagBag from /home/deprojectue/miniconda3/envs/airflow_demo/lib/python3.9/site-packages/airflow/example_dags/example_dynamic_task_mapping_with_no_taskflow_operators.py
[2024-01-31T09:01:13.460+0000] {processor.py:840} INFO - DAG(s) 'example_dynamic_task_mapping_with_no_taskflow_operators' retrieved from /home/deprojectue/miniconda3/envs/airflow_demo/lib/python3.9/site-packages/airflow/example_dags/example_dynamic_task_mapping_with_no_taskflow_operators.py
[2024-01-31T09:01:13.491+0000] {logging_mixin.py:188} INFO - [2024-01-31T09:01:13.490+0000] {dag.py:3033} INFO - Sync 1 DAGs
[2024-01-31T09:01:13.523+0000] {logging_mixin.py:188} INFO - [2024-01-31T09:01:13.523+0000] {dag.py:3820} INFO - Setting next_dagrun for example_dynamic_task_mapping_with_no_taskflow_operators to 2024-01-30T00:00:00+00:00, run_after=2024-01-31T00:00:00+00:00
[2024-01-31T09:01:13.561+0000] {processor.py:183} INFO - Processing /home/deprojectue/miniconda3/envs/airflow_demo/lib/python3.9/site-packages/airflow/example_dags/example_dynamic_task_mapping_with_no_taskflow_operators.py took 0.131 seconds
[2024-01-31T09:02:08.423+0000] {processor.py:161} INFO - Started process (PID=216050) to work on /home/deprojectue/miniconda3/envs/airflow_demo/lib/python3.9/site-packages/airflow/example_dags/example_dynamic_task_mapping_with_no_taskflow_operators.py
[2024-01-31T09:02:08.425+0000] {processor.py:830} INFO - Processing file /home/deprojectue/miniconda3/envs/airflow_demo/lib/python3.9/site-packages/airflow/example_dags/example_dynamic_task_mapping_with_no_taskflow_operators.py for tasks to queue
[2024-01-31T09:02:08.430+0000] {logging_mixin.py:188} INFO - [2024-01-31T09:02:08.429+0000] {dagbag.py:538} INFO - Filling up the DagBag from /home/deprojectue/miniconda3/envs/airflow_demo/lib/python3.9/site-packages/airflow/example_dags/example_dynamic_task_mapping_with_no_taskflow_operators.py
[2024-01-31T09:02:08.440+0000] {processor.py:840} INFO - DAG(s) 'example_dynamic_task_mapping_with_no_taskflow_operators' retrieved from /home/deprojectue/miniconda3/envs/airflow_demo/lib/python3.9/site-packages/airflow/example_dags/example_dynamic_task_mapping_with_no_taskflow_operators.py
[2024-01-31T09:02:08.459+0000] {logging_mixin.py:188} INFO - [2024-01-31T09:02:08.459+0000] {dag.py:3033} INFO - Sync 1 DAGs
[2024-01-31T09:02:08.479+0000] {logging_mixin.py:188} INFO - [2024-01-31T09:02:08.479+0000] {dag.py:3820} INFO - Setting next_dagrun for example_dynamic_task_mapping_with_no_taskflow_operators to 2024-01-30T00:00:00+00:00, run_after=2024-01-31T00:00:00+00:00
[2024-01-31T09:02:08.506+0000] {processor.py:183} INFO - Processing /home/deprojectue/miniconda3/envs/airflow_demo/lib/python3.9/site-packages/airflow/example_dags/example_dynamic_task_mapping_with_no_taskflow_operators.py took 0.087 seconds
[2024-01-31T09:03:04.692+0000] {processor.py:161} INFO - Started process (PID=216109) to work on /home/deprojectue/miniconda3/envs/airflow_demo/lib/python3.9/site-packages/airflow/example_dags/example_dynamic_task_mapping_with_no_taskflow_operators.py
[2024-01-31T09:03:04.695+0000] {processor.py:830} INFO - Processing file /home/deprojectue/miniconda3/envs/airflow_demo/lib/python3.9/site-packages/airflow/example_dags/example_dynamic_task_mapping_with_no_taskflow_operators.py for tasks to queue
[2024-01-31T09:03:04.699+0000] {logging_mixin.py:188} INFO - [2024-01-31T09:03:04.698+0000] {dagbag.py:538} INFO - Filling up the DagBag from /home/deprojectue/miniconda3/envs/airflow_demo/lib/python3.9/site-packages/airflow/example_dags/example_dynamic_task_mapping_with_no_taskflow_operators.py
[2024-01-31T09:03:04.709+0000] {processor.py:840} INFO - DAG(s) 'example_dynamic_task_mapping_with_no_taskflow_operators' retrieved from /home/deprojectue/miniconda3/envs/airflow_demo/lib/python3.9/site-packages/airflow/example_dags/example_dynamic_task_mapping_with_no_taskflow_operators.py
[2024-01-31T09:03:04.729+0000] {logging_mixin.py:188} INFO - [2024-01-31T09:03:04.729+0000] {dag.py:3033} INFO - Sync 1 DAGs
[2024-01-31T09:03:04.751+0000] {logging_mixin.py:188} INFO - [2024-01-31T09:03:04.750+0000] {dag.py:3820} INFO - Setting next_dagrun for example_dynamic_task_mapping_with_no_taskflow_operators to 2024-01-30T00:00:00+00:00, run_after=2024-01-31T00:00:00+00:00
[2024-01-31T09:03:04.780+0000] {processor.py:183} INFO - Processing /home/deprojectue/miniconda3/envs/airflow_demo/lib/python3.9/site-packages/airflow/example_dags/example_dynamic_task_mapping_with_no_taskflow_operators.py took 0.092 seconds
[2024-01-31T09:03:59.083+0000] {processor.py:161} INFO - Started process (PID=216165) to work on /home/deprojectue/miniconda3/envs/airflow_demo/lib/python3.9/site-packages/airflow/example_dags/example_dynamic_task_mapping_with_no_taskflow_operators.py
[2024-01-31T09:03:59.085+0000] {processor.py:830} INFO - Processing file /home/deprojectue/miniconda3/envs/airflow_demo/lib/python3.9/site-packages/airflow/example_dags/example_dynamic_task_mapping_with_no_taskflow_operators.py for tasks to queue
[2024-01-31T09:03:59.089+0000] {logging_mixin.py:188} INFO - [2024-01-31T09:03:59.089+0000] {dagbag.py:538} INFO - Filling up the DagBag from /home/deprojectue/miniconda3/envs/airflow_demo/lib/python3.9/site-packages/airflow/example_dags/example_dynamic_task_mapping_with_no_taskflow_operators.py
[2024-01-31T09:03:59.099+0000] {processor.py:840} INFO - DAG(s) 'example_dynamic_task_mapping_with_no_taskflow_operators' retrieved from /home/deprojectue/miniconda3/envs/airflow_demo/lib/python3.9/site-packages/airflow/example_dags/example_dynamic_task_mapping_with_no_taskflow_operators.py
[2024-01-31T09:03:59.119+0000] {logging_mixin.py:188} INFO - [2024-01-31T09:03:59.118+0000] {dag.py:3033} INFO - Sync 1 DAGs
[2024-01-31T09:03:59.140+0000] {logging_mixin.py:188} INFO - [2024-01-31T09:03:59.140+0000] {dag.py:3820} INFO - Setting next_dagrun for example_dynamic_task_mapping_with_no_taskflow_operators to 2024-01-30T00:00:00+00:00, run_after=2024-01-31T00:00:00+00:00
[2024-01-31T09:03:59.163+0000] {processor.py:183} INFO - Processing /home/deprojectue/miniconda3/envs/airflow_demo/lib/python3.9/site-packages/airflow/example_dags/example_dynamic_task_mapping_with_no_taskflow_operators.py took 0.084 seconds
[2024-01-31T09:04:53.607+0000] {processor.py:161} INFO - Started process (PID=216224) to work on /home/deprojectue/miniconda3/envs/airflow_demo/lib/python3.9/site-packages/airflow/example_dags/example_dynamic_task_mapping_with_no_taskflow_operators.py
[2024-01-31T09:04:53.610+0000] {processor.py:830} INFO - Processing file /home/deprojectue/miniconda3/envs/airflow_demo/lib/python3.9/site-packages/airflow/example_dags/example_dynamic_task_mapping_with_no_taskflow_operators.py for tasks to queue
[2024-01-31T09:04:53.614+0000] {logging_mixin.py:188} INFO - [2024-01-31T09:04:53.614+0000] {dagbag.py:538} INFO - Filling up the DagBag from /home/deprojectue/miniconda3/envs/airflow_demo/lib/python3.9/site-packages/airflow/example_dags/example_dynamic_task_mapping_with_no_taskflow_operators.py
[2024-01-31T09:04:53.625+0000] {processor.py:840} INFO - DAG(s) 'example_dynamic_task_mapping_with_no_taskflow_operators' retrieved from /home/deprojectue/miniconda3/envs/airflow_demo/lib/python3.9/site-packages/airflow/example_dags/example_dynamic_task_mapping_with_no_taskflow_operators.py
[2024-01-31T09:04:53.644+0000] {logging_mixin.py:188} INFO - [2024-01-31T09:04:53.643+0000] {dag.py:3033} INFO - Sync 1 DAGs
[2024-01-31T09:04:53.665+0000] {logging_mixin.py:188} INFO - [2024-01-31T09:04:53.664+0000] {dag.py:3820} INFO - Setting next_dagrun for example_dynamic_task_mapping_with_no_taskflow_operators to 2024-01-30T00:00:00+00:00, run_after=2024-01-31T00:00:00+00:00
[2024-01-31T09:04:53.689+0000] {processor.py:183} INFO - Processing /home/deprojectue/miniconda3/envs/airflow_demo/lib/python3.9/site-packages/airflow/example_dags/example_dynamic_task_mapping_with_no_taskflow_operators.py took 0.086 seconds
[2024-01-31T09:36:14.194+0000] {processor.py:161} INFO - Started process (PID=216908) to work on /home/deprojectue/miniconda3/envs/airflow_demo/lib/python3.9/site-packages/airflow/example_dags/example_dynamic_task_mapping_with_no_taskflow_operators.py
[2024-01-31T09:36:14.196+0000] {processor.py:830} INFO - Processing file /home/deprojectue/miniconda3/envs/airflow_demo/lib/python3.9/site-packages/airflow/example_dags/example_dynamic_task_mapping_with_no_taskflow_operators.py for tasks to queue
[2024-01-31T09:36:14.203+0000] {logging_mixin.py:188} INFO - [2024-01-31T09:36:14.202+0000] {dagbag.py:538} INFO - Filling up the DagBag from /home/deprojectue/miniconda3/envs/airflow_demo/lib/python3.9/site-packages/airflow/example_dags/example_dynamic_task_mapping_with_no_taskflow_operators.py
[2024-01-31T09:36:14.216+0000] {processor.py:840} INFO - DAG(s) 'example_dynamic_task_mapping_with_no_taskflow_operators' retrieved from /home/deprojectue/miniconda3/envs/airflow_demo/lib/python3.9/site-packages/airflow/example_dags/example_dynamic_task_mapping_with_no_taskflow_operators.py
[2024-01-31T09:36:14.466+0000] {logging_mixin.py:188} INFO - [2024-01-31T09:36:14.453+0000] {override.py:1769} INFO - Created Permission View: can edit on DAG:example_dynamic_task_mapping_with_no_taskflow_operators
[2024-01-31T09:36:14.486+0000] {logging_mixin.py:188} INFO - [2024-01-31T09:36:14.485+0000] {override.py:1769} INFO - Created Permission View: can read on DAG:example_dynamic_task_mapping_with_no_taskflow_operators
[2024-01-31T09:36:14.499+0000] {logging_mixin.py:188} INFO - [2024-01-31T09:36:14.498+0000] {override.py:1769} INFO - Created Permission View: can delete on DAG:example_dynamic_task_mapping_with_no_taskflow_operators
[2024-01-31T09:36:14.500+0000] {logging_mixin.py:188} INFO - [2024-01-31T09:36:14.499+0000] {dag.py:3033} INFO - Sync 1 DAGs
[2024-01-31T09:36:14.514+0000] {logging_mixin.py:188} INFO - [2024-01-31T09:36:14.514+0000] {dag.py:3055} INFO - Creating ORM DAG for example_dynamic_task_mapping_with_no_taskflow_operators
[2024-01-31T09:36:14.530+0000] {logging_mixin.py:188} INFO - [2024-01-31T09:36:14.530+0000] {dag.py:3820} INFO - Setting next_dagrun for example_dynamic_task_mapping_with_no_taskflow_operators to 2024-01-30T00:00:00+00:00, run_after=2024-01-31T00:00:00+00:00
[2024-01-31T09:36:14.586+0000] {processor.py:183} INFO - Processing /home/deprojectue/miniconda3/envs/airflow_demo/lib/python3.9/site-packages/airflow/example_dags/example_dynamic_task_mapping_with_no_taskflow_operators.py took 0.397 seconds
