[2024-01-31T02:07:31.698+0000] {processor.py:161} INFO - Started process (PID=210212) to work on /home/deprojectue/miniconda3/envs/airflow_demo/lib/python3.9/site-packages/airflow/example_dags/example_nested_branch_dag.py
[2024-01-31T02:07:31.700+0000] {processor.py:830} INFO - Processing file /home/deprojectue/miniconda3/envs/airflow_demo/lib/python3.9/site-packages/airflow/example_dags/example_nested_branch_dag.py for tasks to queue
[2024-01-31T02:07:31.704+0000] {logging_mixin.py:188} INFO - [2024-01-31T02:07:31.704+0000] {dagbag.py:538} INFO - Filling up the DagBag from /home/deprojectue/miniconda3/envs/airflow_demo/lib/python3.9/site-packages/airflow/example_dags/example_nested_branch_dag.py
[2024-01-31T02:07:31.721+0000] {processor.py:840} INFO - DAG(s) 'example_nested_branch_dag' retrieved from /home/deprojectue/miniconda3/envs/airflow_demo/lib/python3.9/site-packages/airflow/example_dags/example_nested_branch_dag.py
[2024-01-31T02:07:31.951+0000] {logging_mixin.py:188} INFO - [2024-01-31T02:07:31.950+0000] {override.py:1769} INFO - Created Permission View: can read on DAG:example_nested_branch_dag
[2024-01-31T02:07:31.967+0000] {logging_mixin.py:188} INFO - [2024-01-31T02:07:31.967+0000] {override.py:1769} INFO - Created Permission View: can delete on DAG:example_nested_branch_dag
[2024-01-31T02:07:31.989+0000] {logging_mixin.py:188} INFO - [2024-01-31T02:07:31.988+0000] {override.py:1769} INFO - Created Permission View: can edit on DAG:example_nested_branch_dag
[2024-01-31T02:07:31.989+0000] {logging_mixin.py:188} INFO - [2024-01-31T02:07:31.989+0000] {dag.py:3033} INFO - Sync 1 DAGs
[2024-01-31T02:07:32.049+0000] {logging_mixin.py:188} INFO - [2024-01-31T02:07:32.048+0000] {dag.py:3055} INFO - Creating ORM DAG for example_nested_branch_dag
[2024-01-31T02:07:32.092+0000] {logging_mixin.py:188} INFO - [2024-01-31T02:07:32.092+0000] {dag.py:3820} INFO - Setting next_dagrun for example_nested_branch_dag to 2024-01-30T00:00:00+00:00, run_after=2024-01-31T00:00:00+00:00
[2024-01-31T02:07:32.144+0000] {processor.py:183} INFO - Processing /home/deprojectue/miniconda3/envs/airflow_demo/lib/python3.9/site-packages/airflow/example_dags/example_nested_branch_dag.py took 0.452 seconds
[2024-01-31T02:09:06.191+0000] {processor.py:161} INFO - Started process (PID=210687) to work on /home/deprojectue/miniconda3/envs/airflow_demo/lib/python3.9/site-packages/airflow/example_dags/example_nested_branch_dag.py
[2024-01-31T02:09:06.193+0000] {processor.py:830} INFO - Processing file /home/deprojectue/miniconda3/envs/airflow_demo/lib/python3.9/site-packages/airflow/example_dags/example_nested_branch_dag.py for tasks to queue
[2024-01-31T02:09:06.194+0000] {logging_mixin.py:188} INFO - [2024-01-31T02:09:06.193+0000] {dagbag.py:538} INFO - Filling up the DagBag from /home/deprojectue/miniconda3/envs/airflow_demo/lib/python3.9/site-packages/airflow/example_dags/example_nested_branch_dag.py
[2024-01-31T02:09:06.206+0000] {processor.py:840} INFO - DAG(s) 'example_nested_branch_dag' retrieved from /home/deprojectue/miniconda3/envs/airflow_demo/lib/python3.9/site-packages/airflow/example_dags/example_nested_branch_dag.py
[2024-01-31T02:09:06.235+0000] {logging_mixin.py:188} INFO - [2024-01-31T02:09:06.234+0000] {dag.py:3033} INFO - Sync 1 DAGs
[2024-01-31T02:09:06.259+0000] {logging_mixin.py:188} INFO - [2024-01-31T02:09:06.259+0000] {dag.py:3820} INFO - Setting next_dagrun for example_nested_branch_dag to 2024-01-30T00:00:00+00:00, run_after=2024-01-31T00:00:00+00:00
[2024-01-31T02:09:06.284+0000] {processor.py:183} INFO - Processing /home/deprojectue/miniconda3/envs/airflow_demo/lib/python3.9/site-packages/airflow/example_dags/example_nested_branch_dag.py took 0.098 seconds
[2024-01-31T02:10:00.939+0000] {processor.py:161} INFO - Started process (PID=210960) to work on /home/deprojectue/miniconda3/envs/airflow_demo/lib/python3.9/site-packages/airflow/example_dags/example_nested_branch_dag.py
[2024-01-31T02:10:00.940+0000] {processor.py:830} INFO - Processing file /home/deprojectue/miniconda3/envs/airflow_demo/lib/python3.9/site-packages/airflow/example_dags/example_nested_branch_dag.py for tasks to queue
[2024-01-31T02:10:00.942+0000] {logging_mixin.py:188} INFO - [2024-01-31T02:10:00.941+0000] {dagbag.py:538} INFO - Filling up the DagBag from /home/deprojectue/miniconda3/envs/airflow_demo/lib/python3.9/site-packages/airflow/example_dags/example_nested_branch_dag.py
[2024-01-31T02:10:00.955+0000] {processor.py:840} INFO - DAG(s) 'example_nested_branch_dag' retrieved from /home/deprojectue/miniconda3/envs/airflow_demo/lib/python3.9/site-packages/airflow/example_dags/example_nested_branch_dag.py
[2024-01-31T02:10:00.978+0000] {logging_mixin.py:188} INFO - [2024-01-31T02:10:00.977+0000] {dag.py:3033} INFO - Sync 1 DAGs
[2024-01-31T02:10:01.003+0000] {logging_mixin.py:188} INFO - [2024-01-31T02:10:01.002+0000] {dag.py:3820} INFO - Setting next_dagrun for example_nested_branch_dag to 2024-01-30T00:00:00+00:00, run_after=2024-01-31T00:00:00+00:00
[2024-01-31T02:10:01.029+0000] {processor.py:183} INFO - Processing /home/deprojectue/miniconda3/envs/airflow_demo/lib/python3.9/site-packages/airflow/example_dags/example_nested_branch_dag.py took 0.094 seconds
[2024-01-31T02:12:50.190+0000] {processor.py:161} INFO - Started process (PID=211046) to work on /home/deprojectue/miniconda3/envs/airflow_demo/lib/python3.9/site-packages/airflow/example_dags/example_nested_branch_dag.py
[2024-01-31T02:12:50.197+0000] {processor.py:830} INFO - Processing file /home/deprojectue/miniconda3/envs/airflow_demo/lib/python3.9/site-packages/airflow/example_dags/example_nested_branch_dag.py for tasks to queue
[2024-01-31T02:12:50.201+0000] {logging_mixin.py:188} INFO - [2024-01-31T02:12:50.201+0000] {dagbag.py:538} INFO - Filling up the DagBag from /home/deprojectue/miniconda3/envs/airflow_demo/lib/python3.9/site-packages/airflow/example_dags/example_nested_branch_dag.py
[2024-01-31T02:12:50.230+0000] {processor.py:840} INFO - DAG(s) 'example_nested_branch_dag' retrieved from /home/deprojectue/miniconda3/envs/airflow_demo/lib/python3.9/site-packages/airflow/example_dags/example_nested_branch_dag.py
[2024-01-31T02:12:50.284+0000] {logging_mixin.py:188} INFO - [2024-01-31T02:12:50.283+0000] {dag.py:3033} INFO - Sync 1 DAGs
[2024-01-31T02:12:50.344+0000] {logging_mixin.py:188} INFO - [2024-01-31T02:12:50.343+0000] {dag.py:3820} INFO - Setting next_dagrun for example_nested_branch_dag to 2024-01-30T00:00:00+00:00, run_after=2024-01-31T00:00:00+00:00
[2024-01-31T02:12:50.404+0000] {processor.py:183} INFO - Processing /home/deprojectue/miniconda3/envs/airflow_demo/lib/python3.9/site-packages/airflow/example_dags/example_nested_branch_dag.py took 0.223 seconds
[2024-01-31T02:13:38.342+0000] {processor.py:161} INFO - Started process (PID=211103) to work on /home/deprojectue/miniconda3/envs/airflow_demo/lib/python3.9/site-packages/airflow/example_dags/example_nested_branch_dag.py
[2024-01-31T02:13:38.344+0000] {processor.py:830} INFO - Processing file /home/deprojectue/miniconda3/envs/airflow_demo/lib/python3.9/site-packages/airflow/example_dags/example_nested_branch_dag.py for tasks to queue
[2024-01-31T02:13:38.348+0000] {logging_mixin.py:188} INFO - [2024-01-31T02:13:38.347+0000] {dagbag.py:538} INFO - Filling up the DagBag from /home/deprojectue/miniconda3/envs/airflow_demo/lib/python3.9/site-packages/airflow/example_dags/example_nested_branch_dag.py
[2024-01-31T02:13:38.361+0000] {processor.py:840} INFO - DAG(s) 'example_nested_branch_dag' retrieved from /home/deprojectue/miniconda3/envs/airflow_demo/lib/python3.9/site-packages/airflow/example_dags/example_nested_branch_dag.py
[2024-01-31T02:13:38.384+0000] {logging_mixin.py:188} INFO - [2024-01-31T02:13:38.384+0000] {dag.py:3033} INFO - Sync 1 DAGs
[2024-01-31T02:13:38.411+0000] {logging_mixin.py:188} INFO - [2024-01-31T02:13:38.411+0000] {dag.py:3820} INFO - Setting next_dagrun for example_nested_branch_dag to 2024-01-30T00:00:00+00:00, run_after=2024-01-31T00:00:00+00:00
[2024-01-31T02:13:38.438+0000] {processor.py:183} INFO - Processing /home/deprojectue/miniconda3/envs/airflow_demo/lib/python3.9/site-packages/airflow/example_dags/example_nested_branch_dag.py took 0.100 seconds
[2024-01-31T02:21:48.540+0000] {processor.py:161} INFO - Started process (PID=211306) to work on /home/deprojectue/miniconda3/envs/airflow_demo/lib/python3.9/site-packages/airflow/example_dags/example_nested_branch_dag.py
[2024-01-31T02:21:48.542+0000] {processor.py:830} INFO - Processing file /home/deprojectue/miniconda3/envs/airflow_demo/lib/python3.9/site-packages/airflow/example_dags/example_nested_branch_dag.py for tasks to queue
[2024-01-31T02:21:48.545+0000] {logging_mixin.py:188} INFO - [2024-01-31T02:21:48.545+0000] {dagbag.py:538} INFO - Filling up the DagBag from /home/deprojectue/miniconda3/envs/airflow_demo/lib/python3.9/site-packages/airflow/example_dags/example_nested_branch_dag.py
[2024-01-31T02:21:48.558+0000] {processor.py:840} INFO - DAG(s) 'example_nested_branch_dag' retrieved from /home/deprojectue/miniconda3/envs/airflow_demo/lib/python3.9/site-packages/airflow/example_dags/example_nested_branch_dag.py
[2024-01-31T02:21:48.584+0000] {logging_mixin.py:188} INFO - [2024-01-31T02:21:48.584+0000] {dag.py:3033} INFO - Sync 1 DAGs
[2024-01-31T02:21:48.614+0000] {logging_mixin.py:188} INFO - [2024-01-31T02:21:48.613+0000] {dag.py:3820} INFO - Setting next_dagrun for example_nested_branch_dag to 2024-01-30T00:00:00+00:00, run_after=2024-01-31T00:00:00+00:00
[2024-01-31T02:21:48.643+0000] {processor.py:183} INFO - Processing /home/deprojectue/miniconda3/envs/airflow_demo/lib/python3.9/site-packages/airflow/example_dags/example_nested_branch_dag.py took 0.107 seconds
[2024-01-31T02:22:39.242+0000] {processor.py:161} INFO - Started process (PID=211356) to work on /home/deprojectue/miniconda3/envs/airflow_demo/lib/python3.9/site-packages/airflow/example_dags/example_nested_branch_dag.py
[2024-01-31T02:22:39.244+0000] {processor.py:830} INFO - Processing file /home/deprojectue/miniconda3/envs/airflow_demo/lib/python3.9/site-packages/airflow/example_dags/example_nested_branch_dag.py for tasks to queue
[2024-01-31T02:22:39.249+0000] {logging_mixin.py:188} INFO - [2024-01-31T02:22:39.248+0000] {dagbag.py:538} INFO - Filling up the DagBag from /home/deprojectue/miniconda3/envs/airflow_demo/lib/python3.9/site-packages/airflow/example_dags/example_nested_branch_dag.py
[2024-01-31T02:22:39.263+0000] {processor.py:840} INFO - DAG(s) 'example_nested_branch_dag' retrieved from /home/deprojectue/miniconda3/envs/airflow_demo/lib/python3.9/site-packages/airflow/example_dags/example_nested_branch_dag.py
[2024-01-31T02:22:39.285+0000] {logging_mixin.py:188} INFO - [2024-01-31T02:22:39.284+0000] {dag.py:3033} INFO - Sync 1 DAGs
[2024-01-31T02:22:39.310+0000] {logging_mixin.py:188} INFO - [2024-01-31T02:22:39.310+0000] {dag.py:3820} INFO - Setting next_dagrun for example_nested_branch_dag to 2024-01-30T00:00:00+00:00, run_after=2024-01-31T00:00:00+00:00
[2024-01-31T02:22:39.338+0000] {processor.py:183} INFO - Processing /home/deprojectue/miniconda3/envs/airflow_demo/lib/python3.9/site-packages/airflow/example_dags/example_nested_branch_dag.py took 0.100 seconds
[2024-01-31T08:24:18.450+0000] {processor.py:161} INFO - Started process (PID=214039) to work on /home/deprojectue/miniconda3/envs/airflow_demo/lib/python3.9/site-packages/airflow/example_dags/example_nested_branch_dag.py
[2024-01-31T08:24:18.452+0000] {processor.py:830} INFO - Processing file /home/deprojectue/miniconda3/envs/airflow_demo/lib/python3.9/site-packages/airflow/example_dags/example_nested_branch_dag.py for tasks to queue
[2024-01-31T08:24:18.456+0000] {logging_mixin.py:188} INFO - [2024-01-31T08:24:18.455+0000] {dagbag.py:538} INFO - Filling up the DagBag from /home/deprojectue/miniconda3/envs/airflow_demo/lib/python3.9/site-packages/airflow/example_dags/example_nested_branch_dag.py
[2024-01-31T08:24:18.482+0000] {processor.py:840} INFO - DAG(s) 'example_nested_branch_dag' retrieved from /home/deprojectue/miniconda3/envs/airflow_demo/lib/python3.9/site-packages/airflow/example_dags/example_nested_branch_dag.py
[2024-01-31T08:24:18.519+0000] {logging_mixin.py:188} INFO - [2024-01-31T08:24:18.518+0000] {dag.py:3033} INFO - Sync 1 DAGs
[2024-01-31T08:24:18.581+0000] {logging_mixin.py:188} INFO - [2024-01-31T08:24:18.581+0000] {dag.py:3820} INFO - Setting next_dagrun for example_nested_branch_dag to 2024-01-30T00:00:00+00:00, run_after=2024-01-31T00:00:00+00:00
[2024-01-31T08:24:18.681+0000] {processor.py:183} INFO - Processing /home/deprojectue/miniconda3/envs/airflow_demo/lib/python3.9/site-packages/airflow/example_dags/example_nested_branch_dag.py took 0.236 seconds
[2024-01-31T08:25:15.833+0000] {processor.py:161} INFO - Started process (PID=214098) to work on /home/deprojectue/miniconda3/envs/airflow_demo/lib/python3.9/site-packages/airflow/example_dags/example_nested_branch_dag.py
[2024-01-31T08:25:15.835+0000] {processor.py:830} INFO - Processing file /home/deprojectue/miniconda3/envs/airflow_demo/lib/python3.9/site-packages/airflow/example_dags/example_nested_branch_dag.py for tasks to queue
[2024-01-31T08:25:15.838+0000] {logging_mixin.py:188} INFO - [2024-01-31T08:25:15.838+0000] {dagbag.py:538} INFO - Filling up the DagBag from /home/deprojectue/miniconda3/envs/airflow_demo/lib/python3.9/site-packages/airflow/example_dags/example_nested_branch_dag.py
[2024-01-31T08:25:15.851+0000] {processor.py:840} INFO - DAG(s) 'example_nested_branch_dag' retrieved from /home/deprojectue/miniconda3/envs/airflow_demo/lib/python3.9/site-packages/airflow/example_dags/example_nested_branch_dag.py
[2024-01-31T08:25:15.875+0000] {logging_mixin.py:188} INFO - [2024-01-31T08:25:15.874+0000] {dag.py:3033} INFO - Sync 1 DAGs
[2024-01-31T08:25:15.901+0000] {logging_mixin.py:188} INFO - [2024-01-31T08:25:15.900+0000] {dag.py:3820} INFO - Setting next_dagrun for example_nested_branch_dag to 2024-01-30T00:00:00+00:00, run_after=2024-01-31T00:00:00+00:00
[2024-01-31T08:25:15.926+0000] {processor.py:183} INFO - Processing /home/deprojectue/miniconda3/envs/airflow_demo/lib/python3.9/site-packages/airflow/example_dags/example_nested_branch_dag.py took 0.097 seconds
[2024-01-31T08:35:28.263+0000] {processor.py:161} INFO - Started process (PID=215049) to work on /home/deprojectue/miniconda3/envs/airflow_demo/lib/python3.9/site-packages/airflow/example_dags/example_nested_branch_dag.py
[2024-01-31T08:35:28.267+0000] {processor.py:830} INFO - Processing file /home/deprojectue/miniconda3/envs/airflow_demo/lib/python3.9/site-packages/airflow/example_dags/example_nested_branch_dag.py for tasks to queue
[2024-01-31T08:35:28.465+0000] {logging_mixin.py:188} INFO - [2024-01-31T08:35:28.267+0000] {dagbag.py:538} INFO - Filling up the DagBag from /home/deprojectue/miniconda3/envs/airflow_demo/lib/python3.9/site-packages/airflow/example_dags/example_nested_branch_dag.py
[2024-01-31T08:35:28.717+0000] {processor.py:840} INFO - DAG(s) 'example_nested_branch_dag' retrieved from /home/deprojectue/miniconda3/envs/airflow_demo/lib/python3.9/site-packages/airflow/example_dags/example_nested_branch_dag.py
[2024-01-31T08:35:39.981+0000] {logging_mixin.py:188} INFO - [2024-01-31T08:35:35.482+0000] {dag.py:3033} INFO - Sync 1 DAGs
[2024-01-31T08:37:30.738+0000] {logging_mixin.py:188} WARNING - --- Logging error ---
[2024-01-31T08:37:31.995+0000] {logging_mixin.py:188} WARNING - Traceback (most recent call last):
[2024-01-31T08:37:33.465+0000] {logging_mixin.py:188} WARNING -   File "/home/deprojectue/miniconda3/envs/airflow_demo/lib/python3.9/site-packages/airflow/dag_processing/manager.py", line 456, in _exit_gracefully
    sys.exit(os.EX_OK)
[2024-01-31T08:37:34.967+0000] {logging_mixin.py:188} WARNING - SystemExit: 0
[2024-01-31T08:37:35.980+0000] {logging_mixin.py:188} WARNING - 
The above exception was the direct cause of the following exception:
[2024-01-31T08:52:00.213+0000] {processor.py:161} INFO - Started process (PID=215379) to work on /home/deprojectue/miniconda3/envs/airflow_demo/lib/python3.9/site-packages/airflow/example_dags/example_nested_branch_dag.py
[2024-01-31T08:52:00.215+0000] {processor.py:830} INFO - Processing file /home/deprojectue/miniconda3/envs/airflow_demo/lib/python3.9/site-packages/airflow/example_dags/example_nested_branch_dag.py for tasks to queue
[2024-01-31T08:52:00.219+0000] {logging_mixin.py:188} INFO - [2024-01-31T08:52:00.218+0000] {dagbag.py:538} INFO - Filling up the DagBag from /home/deprojectue/miniconda3/envs/airflow_demo/lib/python3.9/site-packages/airflow/example_dags/example_nested_branch_dag.py
[2024-01-31T08:52:00.232+0000] {processor.py:840} INFO - DAG(s) 'example_nested_branch_dag' retrieved from /home/deprojectue/miniconda3/envs/airflow_demo/lib/python3.9/site-packages/airflow/example_dags/example_nested_branch_dag.py
[2024-01-31T08:52:00.260+0000] {logging_mixin.py:188} INFO - [2024-01-31T08:52:00.259+0000] {dag.py:3033} INFO - Sync 1 DAGs
[2024-01-31T08:52:00.282+0000] {logging_mixin.py:188} INFO - [2024-01-31T08:52:00.281+0000] {dag.py:3820} INFO - Setting next_dagrun for example_nested_branch_dag to 2024-01-30T00:00:00+00:00, run_after=2024-01-31T00:00:00+00:00
[2024-01-31T08:52:00.308+0000] {processor.py:183} INFO - Processing /home/deprojectue/miniconda3/envs/airflow_demo/lib/python3.9/site-packages/airflow/example_dags/example_nested_branch_dag.py took 0.099 seconds
[2024-01-31T08:52:49.726+0000] {processor.py:161} INFO - Started process (PID=215430) to work on /home/deprojectue/miniconda3/envs/airflow_demo/lib/python3.9/site-packages/airflow/example_dags/example_nested_branch_dag.py
[2024-01-31T08:52:49.727+0000] {processor.py:830} INFO - Processing file /home/deprojectue/miniconda3/envs/airflow_demo/lib/python3.9/site-packages/airflow/example_dags/example_nested_branch_dag.py for tasks to queue
[2024-01-31T08:52:49.731+0000] {logging_mixin.py:188} INFO - [2024-01-31T08:52:49.731+0000] {dagbag.py:538} INFO - Filling up the DagBag from /home/deprojectue/miniconda3/envs/airflow_demo/lib/python3.9/site-packages/airflow/example_dags/example_nested_branch_dag.py
[2024-01-31T08:52:49.744+0000] {processor.py:840} INFO - DAG(s) 'example_nested_branch_dag' retrieved from /home/deprojectue/miniconda3/envs/airflow_demo/lib/python3.9/site-packages/airflow/example_dags/example_nested_branch_dag.py
[2024-01-31T08:52:49.767+0000] {logging_mixin.py:188} INFO - [2024-01-31T08:52:49.766+0000] {dag.py:3033} INFO - Sync 1 DAGs
[2024-01-31T08:52:49.788+0000] {logging_mixin.py:188} INFO - [2024-01-31T08:52:49.788+0000] {dag.py:3820} INFO - Setting next_dagrun for example_nested_branch_dag to 2024-01-30T00:00:00+00:00, run_after=2024-01-31T00:00:00+00:00
[2024-01-31T08:52:49.815+0000] {processor.py:183} INFO - Processing /home/deprojectue/miniconda3/envs/airflow_demo/lib/python3.9/site-packages/airflow/example_dags/example_nested_branch_dag.py took 0.093 seconds
[2024-01-31T08:53:40.078+0000] {processor.py:161} INFO - Started process (PID=215482) to work on /home/deprojectue/miniconda3/envs/airflow_demo/lib/python3.9/site-packages/airflow/example_dags/example_nested_branch_dag.py
[2024-01-31T08:53:40.080+0000] {processor.py:830} INFO - Processing file /home/deprojectue/miniconda3/envs/airflow_demo/lib/python3.9/site-packages/airflow/example_dags/example_nested_branch_dag.py for tasks to queue
[2024-01-31T08:53:40.084+0000] {logging_mixin.py:188} INFO - [2024-01-31T08:53:40.083+0000] {dagbag.py:538} INFO - Filling up the DagBag from /home/deprojectue/miniconda3/envs/airflow_demo/lib/python3.9/site-packages/airflow/example_dags/example_nested_branch_dag.py
[2024-01-31T08:53:40.097+0000] {processor.py:840} INFO - DAG(s) 'example_nested_branch_dag' retrieved from /home/deprojectue/miniconda3/envs/airflow_demo/lib/python3.9/site-packages/airflow/example_dags/example_nested_branch_dag.py
[2024-01-31T08:53:40.120+0000] {logging_mixin.py:188} INFO - [2024-01-31T08:53:40.119+0000] {dag.py:3033} INFO - Sync 1 DAGs
[2024-01-31T08:53:40.142+0000] {logging_mixin.py:188} INFO - [2024-01-31T08:53:40.141+0000] {dag.py:3820} INFO - Setting next_dagrun for example_nested_branch_dag to 2024-01-30T00:00:00+00:00, run_after=2024-01-31T00:00:00+00:00
[2024-01-31T08:53:40.166+0000] {processor.py:183} INFO - Processing /home/deprojectue/miniconda3/envs/airflow_demo/lib/python3.9/site-packages/airflow/example_dags/example_nested_branch_dag.py took 0.092 seconds
[2024-01-31T08:54:22.421+0000] {processor.py:161} INFO - Started process (PID=215524) to work on /home/deprojectue/miniconda3/envs/airflow_demo/lib/python3.9/site-packages/airflow/example_dags/example_nested_branch_dag.py
[2024-01-31T08:54:22.424+0000] {processor.py:830} INFO - Processing file /home/deprojectue/miniconda3/envs/airflow_demo/lib/python3.9/site-packages/airflow/example_dags/example_nested_branch_dag.py for tasks to queue
[2024-01-31T08:54:22.428+0000] {logging_mixin.py:188} INFO - [2024-01-31T08:54:22.427+0000] {dagbag.py:538} INFO - Filling up the DagBag from /home/deprojectue/miniconda3/envs/airflow_demo/lib/python3.9/site-packages/airflow/example_dags/example_nested_branch_dag.py
[2024-01-31T08:54:22.440+0000] {processor.py:840} INFO - DAG(s) 'example_nested_branch_dag' retrieved from /home/deprojectue/miniconda3/envs/airflow_demo/lib/python3.9/site-packages/airflow/example_dags/example_nested_branch_dag.py
[2024-01-31T08:54:22.461+0000] {logging_mixin.py:188} INFO - [2024-01-31T08:54:22.461+0000] {dag.py:3033} INFO - Sync 1 DAGs
[2024-01-31T08:54:22.484+0000] {logging_mixin.py:188} INFO - [2024-01-31T08:54:22.483+0000] {dag.py:3820} INFO - Setting next_dagrun for example_nested_branch_dag to 2024-01-30T00:00:00+00:00, run_after=2024-01-31T00:00:00+00:00
[2024-01-31T08:54:22.511+0000] {processor.py:183} INFO - Processing /home/deprojectue/miniconda3/envs/airflow_demo/lib/python3.9/site-packages/airflow/example_dags/example_nested_branch_dag.py took 0.094 seconds
[2024-01-31T08:55:03.359+0000] {processor.py:161} INFO - Started process (PID=215568) to work on /home/deprojectue/miniconda3/envs/airflow_demo/lib/python3.9/site-packages/airflow/example_dags/example_nested_branch_dag.py
[2024-01-31T08:55:03.361+0000] {processor.py:830} INFO - Processing file /home/deprojectue/miniconda3/envs/airflow_demo/lib/python3.9/site-packages/airflow/example_dags/example_nested_branch_dag.py for tasks to queue
[2024-01-31T08:55:03.365+0000] {logging_mixin.py:188} INFO - [2024-01-31T08:55:03.364+0000] {dagbag.py:538} INFO - Filling up the DagBag from /home/deprojectue/miniconda3/envs/airflow_demo/lib/python3.9/site-packages/airflow/example_dags/example_nested_branch_dag.py
[2024-01-31T08:55:03.377+0000] {processor.py:840} INFO - DAG(s) 'example_nested_branch_dag' retrieved from /home/deprojectue/miniconda3/envs/airflow_demo/lib/python3.9/site-packages/airflow/example_dags/example_nested_branch_dag.py
[2024-01-31T08:55:03.399+0000] {logging_mixin.py:188} INFO - [2024-01-31T08:55:03.398+0000] {dag.py:3033} INFO - Sync 1 DAGs
[2024-01-31T08:55:03.421+0000] {logging_mixin.py:188} INFO - [2024-01-31T08:55:03.420+0000] {dag.py:3820} INFO - Setting next_dagrun for example_nested_branch_dag to 2024-01-30T00:00:00+00:00, run_after=2024-01-31T00:00:00+00:00
[2024-01-31T08:55:03.445+0000] {processor.py:183} INFO - Processing /home/deprojectue/miniconda3/envs/airflow_demo/lib/python3.9/site-packages/airflow/example_dags/example_nested_branch_dag.py took 0.091 seconds
[2024-01-31T08:55:43.711+0000] {processor.py:161} INFO - Started process (PID=215611) to work on /home/deprojectue/miniconda3/envs/airflow_demo/lib/python3.9/site-packages/airflow/example_dags/example_nested_branch_dag.py
[2024-01-31T08:55:43.713+0000] {processor.py:830} INFO - Processing file /home/deprojectue/miniconda3/envs/airflow_demo/lib/python3.9/site-packages/airflow/example_dags/example_nested_branch_dag.py for tasks to queue
[2024-01-31T08:55:43.717+0000] {logging_mixin.py:188} INFO - [2024-01-31T08:55:43.716+0000] {dagbag.py:538} INFO - Filling up the DagBag from /home/deprojectue/miniconda3/envs/airflow_demo/lib/python3.9/site-packages/airflow/example_dags/example_nested_branch_dag.py
[2024-01-31T08:55:43.729+0000] {processor.py:840} INFO - DAG(s) 'example_nested_branch_dag' retrieved from /home/deprojectue/miniconda3/envs/airflow_demo/lib/python3.9/site-packages/airflow/example_dags/example_nested_branch_dag.py
[2024-01-31T08:55:43.751+0000] {logging_mixin.py:188} INFO - [2024-01-31T08:55:43.750+0000] {dag.py:3033} INFO - Sync 1 DAGs
[2024-01-31T08:55:43.772+0000] {logging_mixin.py:188} INFO - [2024-01-31T08:55:43.771+0000] {dag.py:3820} INFO - Setting next_dagrun for example_nested_branch_dag to 2024-01-30T00:00:00+00:00, run_after=2024-01-31T00:00:00+00:00
[2024-01-31T08:55:43.797+0000] {processor.py:183} INFO - Processing /home/deprojectue/miniconda3/envs/airflow_demo/lib/python3.9/site-packages/airflow/example_dags/example_nested_branch_dag.py took 0.090 seconds
[2024-01-31T08:56:39.320+0000] {processor.py:161} INFO - Started process (PID=215681) to work on /home/deprojectue/miniconda3/envs/airflow_demo/lib/python3.9/site-packages/airflow/example_dags/example_nested_branch_dag.py
[2024-01-31T08:56:39.322+0000] {processor.py:830} INFO - Processing file /home/deprojectue/miniconda3/envs/airflow_demo/lib/python3.9/site-packages/airflow/example_dags/example_nested_branch_dag.py for tasks to queue
[2024-01-31T08:56:39.326+0000] {logging_mixin.py:188} INFO - [2024-01-31T08:56:39.326+0000] {dagbag.py:538} INFO - Filling up the DagBag from /home/deprojectue/miniconda3/envs/airflow_demo/lib/python3.9/site-packages/airflow/example_dags/example_nested_branch_dag.py
[2024-01-31T08:56:39.339+0000] {processor.py:840} INFO - DAG(s) 'example_nested_branch_dag' retrieved from /home/deprojectue/miniconda3/envs/airflow_demo/lib/python3.9/site-packages/airflow/example_dags/example_nested_branch_dag.py
[2024-01-31T08:56:39.361+0000] {logging_mixin.py:188} INFO - [2024-01-31T08:56:39.360+0000] {dag.py:3033} INFO - Sync 1 DAGs
[2024-01-31T08:56:39.382+0000] {logging_mixin.py:188} INFO - [2024-01-31T08:56:39.382+0000] {dag.py:3820} INFO - Setting next_dagrun for example_nested_branch_dag to 2024-01-30T00:00:00+00:00, run_after=2024-01-31T00:00:00+00:00
[2024-01-31T08:56:39.406+0000] {processor.py:183} INFO - Processing /home/deprojectue/miniconda3/envs/airflow_demo/lib/python3.9/site-packages/airflow/example_dags/example_nested_branch_dag.py took 0.091 seconds
[2024-01-31T08:57:34.581+0000] {processor.py:161} INFO - Started process (PID=215744) to work on /home/deprojectue/miniconda3/envs/airflow_demo/lib/python3.9/site-packages/airflow/example_dags/example_nested_branch_dag.py
[2024-01-31T08:57:34.584+0000] {processor.py:830} INFO - Processing file /home/deprojectue/miniconda3/envs/airflow_demo/lib/python3.9/site-packages/airflow/example_dags/example_nested_branch_dag.py for tasks to queue
[2024-01-31T08:57:34.588+0000] {logging_mixin.py:188} INFO - [2024-01-31T08:57:34.587+0000] {dagbag.py:538} INFO - Filling up the DagBag from /home/deprojectue/miniconda3/envs/airflow_demo/lib/python3.9/site-packages/airflow/example_dags/example_nested_branch_dag.py
[2024-01-31T08:57:34.602+0000] {processor.py:840} INFO - DAG(s) 'example_nested_branch_dag' retrieved from /home/deprojectue/miniconda3/envs/airflow_demo/lib/python3.9/site-packages/airflow/example_dags/example_nested_branch_dag.py
[2024-01-31T08:57:34.625+0000] {logging_mixin.py:188} INFO - [2024-01-31T08:57:34.624+0000] {dag.py:3033} INFO - Sync 1 DAGs
[2024-01-31T08:57:34.646+0000] {logging_mixin.py:188} INFO - [2024-01-31T08:57:34.646+0000] {dag.py:3820} INFO - Setting next_dagrun for example_nested_branch_dag to 2024-01-30T00:00:00+00:00, run_after=2024-01-31T00:00:00+00:00
[2024-01-31T08:57:34.672+0000] {processor.py:183} INFO - Processing /home/deprojectue/miniconda3/envs/airflow_demo/lib/python3.9/site-packages/airflow/example_dags/example_nested_branch_dag.py took 0.095 seconds
[2024-01-31T08:58:32.897+0000] {processor.py:161} INFO - Started process (PID=215803) to work on /home/deprojectue/miniconda3/envs/airflow_demo/lib/python3.9/site-packages/airflow/example_dags/example_nested_branch_dag.py
[2024-01-31T08:58:32.899+0000] {processor.py:830} INFO - Processing file /home/deprojectue/miniconda3/envs/airflow_demo/lib/python3.9/site-packages/airflow/example_dags/example_nested_branch_dag.py for tasks to queue
[2024-01-31T08:58:32.903+0000] {logging_mixin.py:188} INFO - [2024-01-31T08:58:32.903+0000] {dagbag.py:538} INFO - Filling up the DagBag from /home/deprojectue/miniconda3/envs/airflow_demo/lib/python3.9/site-packages/airflow/example_dags/example_nested_branch_dag.py
[2024-01-31T08:58:32.915+0000] {processor.py:840} INFO - DAG(s) 'example_nested_branch_dag' retrieved from /home/deprojectue/miniconda3/envs/airflow_demo/lib/python3.9/site-packages/airflow/example_dags/example_nested_branch_dag.py
[2024-01-31T08:58:32.936+0000] {logging_mixin.py:188} INFO - [2024-01-31T08:58:32.936+0000] {dag.py:3033} INFO - Sync 1 DAGs
[2024-01-31T08:58:32.957+0000] {logging_mixin.py:188} INFO - [2024-01-31T08:58:32.957+0000] {dag.py:3820} INFO - Setting next_dagrun for example_nested_branch_dag to 2024-01-30T00:00:00+00:00, run_after=2024-01-31T00:00:00+00:00
[2024-01-31T08:58:32.985+0000] {processor.py:183} INFO - Processing /home/deprojectue/miniconda3/envs/airflow_demo/lib/python3.9/site-packages/airflow/example_dags/example_nested_branch_dag.py took 0.092 seconds
[2024-01-31T08:59:13.221+0000] {processor.py:161} INFO - Started process (PID=215864) to work on /home/deprojectue/miniconda3/envs/airflow_demo/lib/python3.9/site-packages/airflow/example_dags/example_nested_branch_dag.py
[2024-01-31T08:59:13.223+0000] {processor.py:830} INFO - Processing file /home/deprojectue/miniconda3/envs/airflow_demo/lib/python3.9/site-packages/airflow/example_dags/example_nested_branch_dag.py for tasks to queue
[2024-01-31T08:59:13.228+0000] {logging_mixin.py:188} INFO - [2024-01-31T08:59:13.227+0000] {dagbag.py:538} INFO - Filling up the DagBag from /home/deprojectue/miniconda3/envs/airflow_demo/lib/python3.9/site-packages/airflow/example_dags/example_nested_branch_dag.py
[2024-01-31T08:59:13.240+0000] {processor.py:840} INFO - DAG(s) 'example_nested_branch_dag' retrieved from /home/deprojectue/miniconda3/envs/airflow_demo/lib/python3.9/site-packages/airflow/example_dags/example_nested_branch_dag.py
[2024-01-31T08:59:13.263+0000] {logging_mixin.py:188} INFO - [2024-01-31T08:59:13.262+0000] {dag.py:3033} INFO - Sync 1 DAGs
[2024-01-31T08:59:13.285+0000] {logging_mixin.py:188} INFO - [2024-01-31T08:59:13.285+0000] {dag.py:3820} INFO - Setting next_dagrun for example_nested_branch_dag to 2024-01-30T00:00:00+00:00, run_after=2024-01-31T00:00:00+00:00
[2024-01-31T08:59:13.310+0000] {processor.py:183} INFO - Processing /home/deprojectue/miniconda3/envs/airflow_demo/lib/python3.9/site-packages/airflow/example_dags/example_nested_branch_dag.py took 0.094 seconds
[2024-01-31T08:59:53.220+0000] {processor.py:161} INFO - Started process (PID=215906) to work on /home/deprojectue/miniconda3/envs/airflow_demo/lib/python3.9/site-packages/airflow/example_dags/example_nested_branch_dag.py
[2024-01-31T08:59:53.222+0000] {processor.py:830} INFO - Processing file /home/deprojectue/miniconda3/envs/airflow_demo/lib/python3.9/site-packages/airflow/example_dags/example_nested_branch_dag.py for tasks to queue
[2024-01-31T08:59:53.227+0000] {logging_mixin.py:188} INFO - [2024-01-31T08:59:53.226+0000] {dagbag.py:538} INFO - Filling up the DagBag from /home/deprojectue/miniconda3/envs/airflow_demo/lib/python3.9/site-packages/airflow/example_dags/example_nested_branch_dag.py
[2024-01-31T08:59:53.240+0000] {processor.py:840} INFO - DAG(s) 'example_nested_branch_dag' retrieved from /home/deprojectue/miniconda3/envs/airflow_demo/lib/python3.9/site-packages/airflow/example_dags/example_nested_branch_dag.py
[2024-01-31T08:59:53.261+0000] {logging_mixin.py:188} INFO - [2024-01-31T08:59:53.261+0000] {dag.py:3033} INFO - Sync 1 DAGs
[2024-01-31T08:59:53.283+0000] {logging_mixin.py:188} INFO - [2024-01-31T08:59:53.283+0000] {dag.py:3820} INFO - Setting next_dagrun for example_nested_branch_dag to 2024-01-30T00:00:00+00:00, run_after=2024-01-31T00:00:00+00:00
[2024-01-31T08:59:53.309+0000] {processor.py:183} INFO - Processing /home/deprojectue/miniconda3/envs/airflow_demo/lib/python3.9/site-packages/airflow/example_dags/example_nested_branch_dag.py took 0.093 seconds
[2024-01-31T09:00:47.663+0000] {processor.py:161} INFO - Started process (PID=215964) to work on /home/deprojectue/miniconda3/envs/airflow_demo/lib/python3.9/site-packages/airflow/example_dags/example_nested_branch_dag.py
[2024-01-31T09:00:47.665+0000] {processor.py:830} INFO - Processing file /home/deprojectue/miniconda3/envs/airflow_demo/lib/python3.9/site-packages/airflow/example_dags/example_nested_branch_dag.py for tasks to queue
[2024-01-31T09:00:47.669+0000] {logging_mixin.py:188} INFO - [2024-01-31T09:00:47.669+0000] {dagbag.py:538} INFO - Filling up the DagBag from /home/deprojectue/miniconda3/envs/airflow_demo/lib/python3.9/site-packages/airflow/example_dags/example_nested_branch_dag.py
[2024-01-31T09:00:47.682+0000] {processor.py:840} INFO - DAG(s) 'example_nested_branch_dag' retrieved from /home/deprojectue/miniconda3/envs/airflow_demo/lib/python3.9/site-packages/airflow/example_dags/example_nested_branch_dag.py
[2024-01-31T09:00:47.705+0000] {logging_mixin.py:188} INFO - [2024-01-31T09:00:47.704+0000] {dag.py:3033} INFO - Sync 1 DAGs
[2024-01-31T09:00:47.726+0000] {logging_mixin.py:188} INFO - [2024-01-31T09:00:47.726+0000] {dag.py:3820} INFO - Setting next_dagrun for example_nested_branch_dag to 2024-01-30T00:00:00+00:00, run_after=2024-01-31T00:00:00+00:00
[2024-01-31T09:00:47.752+0000] {processor.py:183} INFO - Processing /home/deprojectue/miniconda3/envs/airflow_demo/lib/python3.9/site-packages/airflow/example_dags/example_nested_branch_dag.py took 0.093 seconds
[2024-01-31T09:01:28.558+0000] {processor.py:161} INFO - Started process (PID=216005) to work on /home/deprojectue/miniconda3/envs/airflow_demo/lib/python3.9/site-packages/airflow/example_dags/example_nested_branch_dag.py
[2024-01-31T09:01:28.559+0000] {processor.py:830} INFO - Processing file /home/deprojectue/miniconda3/envs/airflow_demo/lib/python3.9/site-packages/airflow/example_dags/example_nested_branch_dag.py for tasks to queue
[2024-01-31T09:01:28.563+0000] {logging_mixin.py:188} INFO - [2024-01-31T09:01:28.562+0000] {dagbag.py:538} INFO - Filling up the DagBag from /home/deprojectue/miniconda3/envs/airflow_demo/lib/python3.9/site-packages/airflow/example_dags/example_nested_branch_dag.py
[2024-01-31T09:01:28.575+0000] {processor.py:840} INFO - DAG(s) 'example_nested_branch_dag' retrieved from /home/deprojectue/miniconda3/envs/airflow_demo/lib/python3.9/site-packages/airflow/example_dags/example_nested_branch_dag.py
[2024-01-31T09:01:28.598+0000] {logging_mixin.py:188} INFO - [2024-01-31T09:01:28.597+0000] {dag.py:3033} INFO - Sync 1 DAGs
[2024-01-31T09:01:28.619+0000] {logging_mixin.py:188} INFO - [2024-01-31T09:01:28.619+0000] {dag.py:3820} INFO - Setting next_dagrun for example_nested_branch_dag to 2024-01-30T00:00:00+00:00, run_after=2024-01-31T00:00:00+00:00
[2024-01-31T09:01:28.644+0000] {processor.py:183} INFO - Processing /home/deprojectue/miniconda3/envs/airflow_demo/lib/python3.9/site-packages/airflow/example_dags/example_nested_branch_dag.py took 0.091 seconds
[2024-01-31T09:02:23.338+0000] {processor.py:161} INFO - Started process (PID=216066) to work on /home/deprojectue/miniconda3/envs/airflow_demo/lib/python3.9/site-packages/airflow/example_dags/example_nested_branch_dag.py
[2024-01-31T09:02:23.341+0000] {processor.py:830} INFO - Processing file /home/deprojectue/miniconda3/envs/airflow_demo/lib/python3.9/site-packages/airflow/example_dags/example_nested_branch_dag.py for tasks to queue
[2024-01-31T09:02:23.345+0000] {logging_mixin.py:188} INFO - [2024-01-31T09:02:23.344+0000] {dagbag.py:538} INFO - Filling up the DagBag from /home/deprojectue/miniconda3/envs/airflow_demo/lib/python3.9/site-packages/airflow/example_dags/example_nested_branch_dag.py
[2024-01-31T09:02:23.357+0000] {processor.py:840} INFO - DAG(s) 'example_nested_branch_dag' retrieved from /home/deprojectue/miniconda3/envs/airflow_demo/lib/python3.9/site-packages/airflow/example_dags/example_nested_branch_dag.py
[2024-01-31T09:02:23.378+0000] {logging_mixin.py:188} INFO - [2024-01-31T09:02:23.378+0000] {dag.py:3033} INFO - Sync 1 DAGs
[2024-01-31T09:02:23.401+0000] {logging_mixin.py:188} INFO - [2024-01-31T09:02:23.401+0000] {dag.py:3820} INFO - Setting next_dagrun for example_nested_branch_dag to 2024-01-30T00:00:00+00:00, run_after=2024-01-31T00:00:00+00:00
[2024-01-31T09:02:23.425+0000] {processor.py:183} INFO - Processing /home/deprojectue/miniconda3/envs/airflow_demo/lib/python3.9/site-packages/airflow/example_dags/example_nested_branch_dag.py took 0.091 seconds
[2024-01-31T09:03:17.969+0000] {processor.py:161} INFO - Started process (PID=216122) to work on /home/deprojectue/miniconda3/envs/airflow_demo/lib/python3.9/site-packages/airflow/example_dags/example_nested_branch_dag.py
[2024-01-31T09:03:17.971+0000] {processor.py:830} INFO - Processing file /home/deprojectue/miniconda3/envs/airflow_demo/lib/python3.9/site-packages/airflow/example_dags/example_nested_branch_dag.py for tasks to queue
[2024-01-31T09:03:17.975+0000] {logging_mixin.py:188} INFO - [2024-01-31T09:03:17.974+0000] {dagbag.py:538} INFO - Filling up the DagBag from /home/deprojectue/miniconda3/envs/airflow_demo/lib/python3.9/site-packages/airflow/example_dags/example_nested_branch_dag.py
[2024-01-31T09:03:17.989+0000] {processor.py:840} INFO - DAG(s) 'example_nested_branch_dag' retrieved from /home/deprojectue/miniconda3/envs/airflow_demo/lib/python3.9/site-packages/airflow/example_dags/example_nested_branch_dag.py
[2024-01-31T09:03:18.013+0000] {logging_mixin.py:188} INFO - [2024-01-31T09:03:18.012+0000] {dag.py:3033} INFO - Sync 1 DAGs
[2024-01-31T09:03:18.034+0000] {logging_mixin.py:188} INFO - [2024-01-31T09:03:18.034+0000] {dag.py:3820} INFO - Setting next_dagrun for example_nested_branch_dag to 2024-01-30T00:00:00+00:00, run_after=2024-01-31T00:00:00+00:00
[2024-01-31T09:03:18.060+0000] {processor.py:183} INFO - Processing /home/deprojectue/miniconda3/envs/airflow_demo/lib/python3.9/site-packages/airflow/example_dags/example_nested_branch_dag.py took 0.095 seconds
[2024-01-31T09:04:12.846+0000] {processor.py:161} INFO - Started process (PID=216179) to work on /home/deprojectue/miniconda3/envs/airflow_demo/lib/python3.9/site-packages/airflow/example_dags/example_nested_branch_dag.py
[2024-01-31T09:04:12.848+0000] {processor.py:830} INFO - Processing file /home/deprojectue/miniconda3/envs/airflow_demo/lib/python3.9/site-packages/airflow/example_dags/example_nested_branch_dag.py for tasks to queue
[2024-01-31T09:04:12.852+0000] {logging_mixin.py:188} INFO - [2024-01-31T09:04:12.851+0000] {dagbag.py:538} INFO - Filling up the DagBag from /home/deprojectue/miniconda3/envs/airflow_demo/lib/python3.9/site-packages/airflow/example_dags/example_nested_branch_dag.py
[2024-01-31T09:04:12.865+0000] {processor.py:840} INFO - DAG(s) 'example_nested_branch_dag' retrieved from /home/deprojectue/miniconda3/envs/airflow_demo/lib/python3.9/site-packages/airflow/example_dags/example_nested_branch_dag.py
[2024-01-31T09:04:12.889+0000] {logging_mixin.py:188} INFO - [2024-01-31T09:04:12.888+0000] {dag.py:3033} INFO - Sync 1 DAGs
[2024-01-31T09:04:12.910+0000] {logging_mixin.py:188} INFO - [2024-01-31T09:04:12.910+0000] {dag.py:3820} INFO - Setting next_dagrun for example_nested_branch_dag to 2024-01-30T00:00:00+00:00, run_after=2024-01-31T00:00:00+00:00
[2024-01-31T09:04:12.934+0000] {processor.py:183} INFO - Processing /home/deprojectue/miniconda3/envs/airflow_demo/lib/python3.9/site-packages/airflow/example_dags/example_nested_branch_dag.py took 0.093 seconds
[2024-01-31T09:05:08.789+0000] {processor.py:161} INFO - Started process (PID=216240) to work on /home/deprojectue/miniconda3/envs/airflow_demo/lib/python3.9/site-packages/airflow/example_dags/example_nested_branch_dag.py
[2024-01-31T09:05:08.791+0000] {processor.py:830} INFO - Processing file /home/deprojectue/miniconda3/envs/airflow_demo/lib/python3.9/site-packages/airflow/example_dags/example_nested_branch_dag.py for tasks to queue
[2024-01-31T09:05:08.795+0000] {logging_mixin.py:188} INFO - [2024-01-31T09:05:08.794+0000] {dagbag.py:538} INFO - Filling up the DagBag from /home/deprojectue/miniconda3/envs/airflow_demo/lib/python3.9/site-packages/airflow/example_dags/example_nested_branch_dag.py
[2024-01-31T09:05:08.808+0000] {processor.py:840} INFO - DAG(s) 'example_nested_branch_dag' retrieved from /home/deprojectue/miniconda3/envs/airflow_demo/lib/python3.9/site-packages/airflow/example_dags/example_nested_branch_dag.py
[2024-01-31T09:05:08.831+0000] {logging_mixin.py:188} INFO - [2024-01-31T09:05:08.830+0000] {dag.py:3033} INFO - Sync 1 DAGs
[2024-01-31T09:05:08.853+0000] {logging_mixin.py:188} INFO - [2024-01-31T09:05:08.853+0000] {dag.py:3820} INFO - Setting next_dagrun for example_nested_branch_dag to 2024-01-30T00:00:00+00:00, run_after=2024-01-31T00:00:00+00:00
[2024-01-31T09:05:08.877+0000] {processor.py:183} INFO - Processing /home/deprojectue/miniconda3/envs/airflow_demo/lib/python3.9/site-packages/airflow/example_dags/example_nested_branch_dag.py took 0.093 seconds
[2024-01-31T09:35:41.674+0000] {processor.py:161} INFO - Started process (PID=216881) to work on /home/deprojectue/miniconda3/envs/airflow_demo/lib/python3.9/site-packages/airflow/example_dags/example_nested_branch_dag.py
[2024-01-31T09:35:41.676+0000] {processor.py:830} INFO - Processing file /home/deprojectue/miniconda3/envs/airflow_demo/lib/python3.9/site-packages/airflow/example_dags/example_nested_branch_dag.py for tasks to queue
[2024-01-31T09:35:41.680+0000] {logging_mixin.py:188} INFO - [2024-01-31T09:35:41.679+0000] {dagbag.py:538} INFO - Filling up the DagBag from /home/deprojectue/miniconda3/envs/airflow_demo/lib/python3.9/site-packages/airflow/example_dags/example_nested_branch_dag.py
[2024-01-31T09:35:41.698+0000] {processor.py:840} INFO - DAG(s) 'example_nested_branch_dag' retrieved from /home/deprojectue/miniconda3/envs/airflow_demo/lib/python3.9/site-packages/airflow/example_dags/example_nested_branch_dag.py
[2024-01-31T09:35:41.915+0000] {logging_mixin.py:188} INFO - [2024-01-31T09:35:41.914+0000] {override.py:1769} INFO - Created Permission View: can edit on DAG:example_nested_branch_dag
[2024-01-31T09:35:41.931+0000] {logging_mixin.py:188} INFO - [2024-01-31T09:35:41.931+0000] {override.py:1769} INFO - Created Permission View: can read on DAG:example_nested_branch_dag
[2024-01-31T09:35:41.942+0000] {logging_mixin.py:188} INFO - [2024-01-31T09:35:41.942+0000] {override.py:1769} INFO - Created Permission View: can delete on DAG:example_nested_branch_dag
[2024-01-31T09:35:41.943+0000] {logging_mixin.py:188} INFO - [2024-01-31T09:35:41.943+0000] {dag.py:3033} INFO - Sync 1 DAGs
[2024-01-31T09:35:41.955+0000] {logging_mixin.py:188} INFO - [2024-01-31T09:35:41.955+0000] {dag.py:3055} INFO - Creating ORM DAG for example_nested_branch_dag
[2024-01-31T09:35:41.971+0000] {logging_mixin.py:188} INFO - [2024-01-31T09:35:41.971+0000] {dag.py:3820} INFO - Setting next_dagrun for example_nested_branch_dag to 2024-01-30T00:00:00+00:00, run_after=2024-01-31T00:00:00+00:00
[2024-01-31T09:35:42.028+0000] {processor.py:183} INFO - Processing /home/deprojectue/miniconda3/envs/airflow_demo/lib/python3.9/site-packages/airflow/example_dags/example_nested_branch_dag.py took 0.359 seconds
[2024-01-31T09:36:41.936+0000] {processor.py:161} INFO - Started process (PID=216938) to work on /home/deprojectue/miniconda3/envs/airflow_demo/lib/python3.9/site-packages/airflow/example_dags/example_nested_branch_dag.py
[2024-01-31T09:36:41.938+0000] {processor.py:830} INFO - Processing file /home/deprojectue/miniconda3/envs/airflow_demo/lib/python3.9/site-packages/airflow/example_dags/example_nested_branch_dag.py for tasks to queue
[2024-01-31T09:36:41.943+0000] {logging_mixin.py:188} INFO - [2024-01-31T09:36:41.942+0000] {dagbag.py:538} INFO - Filling up the DagBag from /home/deprojectue/miniconda3/envs/airflow_demo/lib/python3.9/site-packages/airflow/example_dags/example_nested_branch_dag.py
[2024-01-31T09:36:41.957+0000] {processor.py:840} INFO - DAG(s) 'example_nested_branch_dag' retrieved from /home/deprojectue/miniconda3/envs/airflow_demo/lib/python3.9/site-packages/airflow/example_dags/example_nested_branch_dag.py
[2024-01-31T09:36:41.980+0000] {logging_mixin.py:188} INFO - [2024-01-31T09:36:41.979+0000] {dag.py:3033} INFO - Sync 1 DAGs
[2024-01-31T09:36:42.004+0000] {logging_mixin.py:188} INFO - [2024-01-31T09:36:42.004+0000] {dag.py:3820} INFO - Setting next_dagrun for example_nested_branch_dag to 2024-01-30T00:00:00+00:00, run_after=2024-01-31T00:00:00+00:00
[2024-01-31T09:36:42.031+0000] {processor.py:183} INFO - Processing /home/deprojectue/miniconda3/envs/airflow_demo/lib/python3.9/site-packages/airflow/example_dags/example_nested_branch_dag.py took 0.101 seconds
