[2024-01-31T02:07:33.237+0000] {processor.py:161} INFO - Started process (PID=210217) to work on /home/deprojectue/miniconda3/envs/airflow_demo/lib/python3.9/site-packages/airflow/example_dags/example_sla_dag.py
[2024-01-31T02:07:33.238+0000] {processor.py:830} INFO - Processing file /home/deprojectue/miniconda3/envs/airflow_demo/lib/python3.9/site-packages/airflow/example_dags/example_sla_dag.py for tasks to queue
[2024-01-31T02:07:33.239+0000] {logging_mixin.py:188} INFO - [2024-01-31T02:07:33.238+0000] {dagbag.py:538} INFO - Filling up the DagBag from /home/deprojectue/miniconda3/envs/airflow_demo/lib/python3.9/site-packages/airflow/example_dags/example_sla_dag.py
[2024-01-31T02:07:33.250+0000] {processor.py:840} INFO - DAG(s) 'example_sla_dag' retrieved from /home/deprojectue/miniconda3/envs/airflow_demo/lib/python3.9/site-packages/airflow/example_dags/example_sla_dag.py
[2024-01-31T02:07:33.368+0000] {logging_mixin.py:188} INFO - [2024-01-31T02:07:33.367+0000] {override.py:1769} INFO - Created Permission View: can read on DAG:example_sla_dag
[2024-01-31T02:07:33.384+0000] {logging_mixin.py:188} INFO - [2024-01-31T02:07:33.383+0000] {override.py:1769} INFO - Created Permission View: can delete on DAG:example_sla_dag
[2024-01-31T02:07:33.395+0000] {logging_mixin.py:188} INFO - [2024-01-31T02:07:33.395+0000] {override.py:1769} INFO - Created Permission View: can edit on DAG:example_sla_dag
[2024-01-31T02:07:33.396+0000] {logging_mixin.py:188} INFO - [2024-01-31T02:07:33.396+0000] {dag.py:3033} INFO - Sync 1 DAGs
[2024-01-31T02:07:33.407+0000] {logging_mixin.py:188} INFO - [2024-01-31T02:07:33.407+0000] {dag.py:3055} INFO - Creating ORM DAG for example_sla_dag
[2024-01-31T02:07:33.419+0000] {logging_mixin.py:188} INFO - [2024-01-31T02:07:33.419+0000] {dag.py:3820} INFO - Setting next_dagrun for example_sla_dag to 2024-01-31T02:04:00+00:00, run_after=2024-01-31T02:06:00+00:00
[2024-01-31T02:07:33.443+0000] {processor.py:183} INFO - Processing /home/deprojectue/miniconda3/envs/airflow_demo/lib/python3.9/site-packages/airflow/example_dags/example_sla_dag.py took 0.211 seconds
[2024-01-31T02:09:07.445+0000] {processor.py:161} INFO - Started process (PID=210688) to work on /home/deprojectue/miniconda3/envs/airflow_demo/lib/python3.9/site-packages/airflow/example_dags/example_sla_dag.py
[2024-01-31T02:09:07.447+0000] {processor.py:830} INFO - Processing file /home/deprojectue/miniconda3/envs/airflow_demo/lib/python3.9/site-packages/airflow/example_dags/example_sla_dag.py for tasks to queue
[2024-01-31T02:09:07.448+0000] {logging_mixin.py:188} INFO - [2024-01-31T02:09:07.448+0000] {dagbag.py:538} INFO - Filling up the DagBag from /home/deprojectue/miniconda3/envs/airflow_demo/lib/python3.9/site-packages/airflow/example_dags/example_sla_dag.py
[2024-01-31T02:09:07.459+0000] {processor.py:840} INFO - DAG(s) 'example_sla_dag' retrieved from /home/deprojectue/miniconda3/envs/airflow_demo/lib/python3.9/site-packages/airflow/example_dags/example_sla_dag.py
[2024-01-31T02:09:07.486+0000] {logging_mixin.py:188} INFO - [2024-01-31T02:09:07.486+0000] {dag.py:3033} INFO - Sync 1 DAGs
[2024-01-31T02:09:07.513+0000] {logging_mixin.py:188} INFO - [2024-01-31T02:09:07.512+0000] {dag.py:3820} INFO - Setting next_dagrun for example_sla_dag to 2024-01-31T02:06:00+00:00, run_after=2024-01-31T02:08:00+00:00
[2024-01-31T02:09:07.540+0000] {processor.py:183} INFO - Processing /home/deprojectue/miniconda3/envs/airflow_demo/lib/python3.9/site-packages/airflow/example_dags/example_sla_dag.py took 0.099 seconds
[2024-01-31T02:10:02.084+0000] {processor.py:161} INFO - Started process (PID=210961) to work on /home/deprojectue/miniconda3/envs/airflow_demo/lib/python3.9/site-packages/airflow/example_dags/example_sla_dag.py
[2024-01-31T02:10:02.086+0000] {processor.py:830} INFO - Processing file /home/deprojectue/miniconda3/envs/airflow_demo/lib/python3.9/site-packages/airflow/example_dags/example_sla_dag.py for tasks to queue
[2024-01-31T02:10:02.088+0000] {logging_mixin.py:188} INFO - [2024-01-31T02:10:02.087+0000] {dagbag.py:538} INFO - Filling up the DagBag from /home/deprojectue/miniconda3/envs/airflow_demo/lib/python3.9/site-packages/airflow/example_dags/example_sla_dag.py
[2024-01-31T02:10:02.099+0000] {processor.py:840} INFO - DAG(s) 'example_sla_dag' retrieved from /home/deprojectue/miniconda3/envs/airflow_demo/lib/python3.9/site-packages/airflow/example_dags/example_sla_dag.py
[2024-01-31T02:10:02.119+0000] {logging_mixin.py:188} INFO - [2024-01-31T02:10:02.119+0000] {dag.py:3033} INFO - Sync 1 DAGs
[2024-01-31T02:10:02.145+0000] {logging_mixin.py:188} INFO - [2024-01-31T02:10:02.145+0000] {dag.py:3820} INFO - Setting next_dagrun for example_sla_dag to 2024-01-31T02:08:00+00:00, run_after=2024-01-31T02:10:00+00:00
[2024-01-31T02:10:02.172+0000] {processor.py:183} INFO - Processing /home/deprojectue/miniconda3/envs/airflow_demo/lib/python3.9/site-packages/airflow/example_dags/example_sla_dag.py took 0.092 seconds
[2024-01-31T02:12:51.586+0000] {processor.py:161} INFO - Started process (PID=211047) to work on /home/deprojectue/miniconda3/envs/airflow_demo/lib/python3.9/site-packages/airflow/example_dags/example_sla_dag.py
[2024-01-31T02:12:51.588+0000] {processor.py:830} INFO - Processing file /home/deprojectue/miniconda3/envs/airflow_demo/lib/python3.9/site-packages/airflow/example_dags/example_sla_dag.py for tasks to queue
[2024-01-31T02:12:51.591+0000] {logging_mixin.py:188} INFO - [2024-01-31T02:12:51.591+0000] {dagbag.py:538} INFO - Filling up the DagBag from /home/deprojectue/miniconda3/envs/airflow_demo/lib/python3.9/site-packages/airflow/example_dags/example_sla_dag.py
[2024-01-31T02:12:51.602+0000] {processor.py:840} INFO - DAG(s) 'example_sla_dag' retrieved from /home/deprojectue/miniconda3/envs/airflow_demo/lib/python3.9/site-packages/airflow/example_dags/example_sla_dag.py
[2024-01-31T02:12:51.626+0000] {logging_mixin.py:188} INFO - [2024-01-31T02:12:51.625+0000] {dag.py:3033} INFO - Sync 1 DAGs
[2024-01-31T02:12:51.652+0000] {logging_mixin.py:188} INFO - [2024-01-31T02:12:51.652+0000] {dag.py:3820} INFO - Setting next_dagrun for example_sla_dag to 2024-01-31T02:10:00+00:00, run_after=2024-01-31T02:12:00+00:00
[2024-01-31T02:12:51.678+0000] {processor.py:183} INFO - Processing /home/deprojectue/miniconda3/envs/airflow_demo/lib/python3.9/site-packages/airflow/example_dags/example_sla_dag.py took 0.096 seconds
[2024-01-31T02:13:39.586+0000] {processor.py:161} INFO - Started process (PID=211104) to work on /home/deprojectue/miniconda3/envs/airflow_demo/lib/python3.9/site-packages/airflow/example_dags/example_sla_dag.py
[2024-01-31T02:13:39.588+0000] {processor.py:830} INFO - Processing file /home/deprojectue/miniconda3/envs/airflow_demo/lib/python3.9/site-packages/airflow/example_dags/example_sla_dag.py for tasks to queue
[2024-01-31T02:13:39.592+0000] {logging_mixin.py:188} INFO - [2024-01-31T02:13:39.592+0000] {dagbag.py:538} INFO - Filling up the DagBag from /home/deprojectue/miniconda3/envs/airflow_demo/lib/python3.9/site-packages/airflow/example_dags/example_sla_dag.py
[2024-01-31T02:13:39.604+0000] {processor.py:840} INFO - DAG(s) 'example_sla_dag' retrieved from /home/deprojectue/miniconda3/envs/airflow_demo/lib/python3.9/site-packages/airflow/example_dags/example_sla_dag.py
[2024-01-31T02:13:39.623+0000] {logging_mixin.py:188} INFO - [2024-01-31T02:13:39.623+0000] {dag.py:3033} INFO - Sync 1 DAGs
[2024-01-31T02:13:39.651+0000] {logging_mixin.py:188} INFO - [2024-01-31T02:13:39.651+0000] {dag.py:3820} INFO - Setting next_dagrun for example_sla_dag to 2024-01-31T02:10:00+00:00, run_after=2024-01-31T02:12:00+00:00
[2024-01-31T02:13:39.678+0000] {processor.py:183} INFO - Processing /home/deprojectue/miniconda3/envs/airflow_demo/lib/python3.9/site-packages/airflow/example_dags/example_sla_dag.py took 0.096 seconds
[2024-01-31T02:21:49.796+0000] {processor.py:161} INFO - Started process (PID=211307) to work on /home/deprojectue/miniconda3/envs/airflow_demo/lib/python3.9/site-packages/airflow/example_dags/example_sla_dag.py
[2024-01-31T02:21:49.798+0000] {processor.py:830} INFO - Processing file /home/deprojectue/miniconda3/envs/airflow_demo/lib/python3.9/site-packages/airflow/example_dags/example_sla_dag.py for tasks to queue
[2024-01-31T02:21:49.802+0000] {logging_mixin.py:188} INFO - [2024-01-31T02:21:49.801+0000] {dagbag.py:538} INFO - Filling up the DagBag from /home/deprojectue/miniconda3/envs/airflow_demo/lib/python3.9/site-packages/airflow/example_dags/example_sla_dag.py
[2024-01-31T02:21:49.813+0000] {processor.py:840} INFO - DAG(s) 'example_sla_dag' retrieved from /home/deprojectue/miniconda3/envs/airflow_demo/lib/python3.9/site-packages/airflow/example_dags/example_sla_dag.py
[2024-01-31T02:21:49.837+0000] {logging_mixin.py:188} INFO - [2024-01-31T02:21:49.837+0000] {dag.py:3033} INFO - Sync 1 DAGs
[2024-01-31T02:21:49.863+0000] {logging_mixin.py:188} INFO - [2024-01-31T02:21:49.863+0000] {dag.py:3820} INFO - Setting next_dagrun for example_sla_dag to 2024-01-31T02:18:00+00:00, run_after=2024-01-31T02:20:00+00:00
[2024-01-31T02:21:49.888+0000] {processor.py:183} INFO - Processing /home/deprojectue/miniconda3/envs/airflow_demo/lib/python3.9/site-packages/airflow/example_dags/example_sla_dag.py took 0.096 seconds
[2024-01-31T02:22:40.487+0000] {processor.py:161} INFO - Started process (PID=211358) to work on /home/deprojectue/miniconda3/envs/airflow_demo/lib/python3.9/site-packages/airflow/example_dags/example_sla_dag.py
[2024-01-31T02:22:40.489+0000] {processor.py:830} INFO - Processing file /home/deprojectue/miniconda3/envs/airflow_demo/lib/python3.9/site-packages/airflow/example_dags/example_sla_dag.py for tasks to queue
[2024-01-31T02:22:40.494+0000] {logging_mixin.py:188} INFO - [2024-01-31T02:22:40.493+0000] {dagbag.py:538} INFO - Filling up the DagBag from /home/deprojectue/miniconda3/envs/airflow_demo/lib/python3.9/site-packages/airflow/example_dags/example_sla_dag.py
[2024-01-31T02:22:40.506+0000] {processor.py:840} INFO - DAG(s) 'example_sla_dag' retrieved from /home/deprojectue/miniconda3/envs/airflow_demo/lib/python3.9/site-packages/airflow/example_dags/example_sla_dag.py
[2024-01-31T02:22:40.527+0000] {logging_mixin.py:188} INFO - [2024-01-31T02:22:40.526+0000] {dag.py:3033} INFO - Sync 1 DAGs
[2024-01-31T02:22:40.553+0000] {logging_mixin.py:188} INFO - [2024-01-31T02:22:40.553+0000] {dag.py:3820} INFO - Setting next_dagrun for example_sla_dag to 2024-01-31T02:20:00+00:00, run_after=2024-01-31T02:22:00+00:00
[2024-01-31T02:22:40.577+0000] {processor.py:183} INFO - Processing /home/deprojectue/miniconda3/envs/airflow_demo/lib/python3.9/site-packages/airflow/example_dags/example_sla_dag.py took 0.095 seconds
[2024-01-31T08:24:19.783+0000] {processor.py:161} INFO - Started process (PID=214040) to work on /home/deprojectue/miniconda3/envs/airflow_demo/lib/python3.9/site-packages/airflow/example_dags/example_sla_dag.py
[2024-01-31T08:24:19.785+0000] {processor.py:830} INFO - Processing file /home/deprojectue/miniconda3/envs/airflow_demo/lib/python3.9/site-packages/airflow/example_dags/example_sla_dag.py for tasks to queue
[2024-01-31T08:24:19.788+0000] {logging_mixin.py:188} INFO - [2024-01-31T08:24:19.788+0000] {dagbag.py:538} INFO - Filling up the DagBag from /home/deprojectue/miniconda3/envs/airflow_demo/lib/python3.9/site-packages/airflow/example_dags/example_sla_dag.py
[2024-01-31T08:24:19.800+0000] {processor.py:840} INFO - DAG(s) 'example_sla_dag' retrieved from /home/deprojectue/miniconda3/envs/airflow_demo/lib/python3.9/site-packages/airflow/example_dags/example_sla_dag.py
[2024-01-31T08:24:19.825+0000] {logging_mixin.py:188} INFO - [2024-01-31T08:24:19.825+0000] {dag.py:3033} INFO - Sync 1 DAGs
[2024-01-31T08:24:19.853+0000] {logging_mixin.py:188} INFO - [2024-01-31T08:24:19.853+0000] {dag.py:3820} INFO - Setting next_dagrun for example_sla_dag to 2024-01-31T08:22:00+00:00, run_after=2024-01-31T08:24:00+00:00
[2024-01-31T08:24:19.878+0000] {processor.py:183} INFO - Processing /home/deprojectue/miniconda3/envs/airflow_demo/lib/python3.9/site-packages/airflow/example_dags/example_sla_dag.py took 0.099 seconds
[2024-01-31T08:25:17.079+0000] {processor.py:161} INFO - Started process (PID=214099) to work on /home/deprojectue/miniconda3/envs/airflow_demo/lib/python3.9/site-packages/airflow/example_dags/example_sla_dag.py
[2024-01-31T08:25:17.082+0000] {processor.py:830} INFO - Processing file /home/deprojectue/miniconda3/envs/airflow_demo/lib/python3.9/site-packages/airflow/example_dags/example_sla_dag.py for tasks to queue
[2024-01-31T08:25:17.086+0000] {logging_mixin.py:188} INFO - [2024-01-31T08:25:17.085+0000] {dagbag.py:538} INFO - Filling up the DagBag from /home/deprojectue/miniconda3/envs/airflow_demo/lib/python3.9/site-packages/airflow/example_dags/example_sla_dag.py
[2024-01-31T08:25:17.098+0000] {processor.py:840} INFO - DAG(s) 'example_sla_dag' retrieved from /home/deprojectue/miniconda3/envs/airflow_demo/lib/python3.9/site-packages/airflow/example_dags/example_sla_dag.py
[2024-01-31T08:25:17.119+0000] {logging_mixin.py:188} INFO - [2024-01-31T08:25:17.118+0000] {dag.py:3033} INFO - Sync 1 DAGs
[2024-01-31T08:25:17.145+0000] {logging_mixin.py:188} INFO - [2024-01-31T08:25:17.145+0000] {dag.py:3820} INFO - Setting next_dagrun for example_sla_dag to 2024-01-31T08:22:00+00:00, run_after=2024-01-31T08:24:00+00:00
[2024-01-31T08:25:17.170+0000] {processor.py:183} INFO - Processing /home/deprojectue/miniconda3/envs/airflow_demo/lib/python3.9/site-packages/airflow/example_dags/example_sla_dag.py took 0.096 seconds
[2024-01-31T08:52:00.674+0000] {processor.py:161} INFO - Started process (PID=215380) to work on /home/deprojectue/miniconda3/envs/airflow_demo/lib/python3.9/site-packages/airflow/example_dags/example_sla_dag.py
[2024-01-31T08:52:00.676+0000] {processor.py:830} INFO - Processing file /home/deprojectue/miniconda3/envs/airflow_demo/lib/python3.9/site-packages/airflow/example_dags/example_sla_dag.py for tasks to queue
[2024-01-31T08:52:00.680+0000] {logging_mixin.py:188} INFO - [2024-01-31T08:52:00.679+0000] {dagbag.py:538} INFO - Filling up the DagBag from /home/deprojectue/miniconda3/envs/airflow_demo/lib/python3.9/site-packages/airflow/example_dags/example_sla_dag.py
[2024-01-31T08:52:00.691+0000] {processor.py:840} INFO - DAG(s) 'example_sla_dag' retrieved from /home/deprojectue/miniconda3/envs/airflow_demo/lib/python3.9/site-packages/airflow/example_dags/example_sla_dag.py
[2024-01-31T08:52:00.717+0000] {logging_mixin.py:188} INFO - [2024-01-31T08:52:00.716+0000] {dag.py:3033} INFO - Sync 1 DAGs
[2024-01-31T08:52:00.739+0000] {logging_mixin.py:188} INFO - [2024-01-31T08:52:00.739+0000] {dag.py:3820} INFO - Setting next_dagrun for example_sla_dag to 2024-01-31T08:50:00+00:00, run_after=2024-01-31T08:52:00+00:00
[2024-01-31T08:52:00.765+0000] {processor.py:183} INFO - Processing /home/deprojectue/miniconda3/envs/airflow_demo/lib/python3.9/site-packages/airflow/example_dags/example_sla_dag.py took 0.096 seconds
[2024-01-31T08:52:50.889+0000] {processor.py:161} INFO - Started process (PID=215431) to work on /home/deprojectue/miniconda3/envs/airflow_demo/lib/python3.9/site-packages/airflow/example_dags/example_sla_dag.py
[2024-01-31T08:52:50.891+0000] {processor.py:830} INFO - Processing file /home/deprojectue/miniconda3/envs/airflow_demo/lib/python3.9/site-packages/airflow/example_dags/example_sla_dag.py for tasks to queue
[2024-01-31T08:52:50.894+0000] {logging_mixin.py:188} INFO - [2024-01-31T08:52:50.894+0000] {dagbag.py:538} INFO - Filling up the DagBag from /home/deprojectue/miniconda3/envs/airflow_demo/lib/python3.9/site-packages/airflow/example_dags/example_sla_dag.py
[2024-01-31T08:52:50.904+0000] {processor.py:840} INFO - DAG(s) 'example_sla_dag' retrieved from /home/deprojectue/miniconda3/envs/airflow_demo/lib/python3.9/site-packages/airflow/example_dags/example_sla_dag.py
[2024-01-31T08:52:50.924+0000] {logging_mixin.py:188} INFO - [2024-01-31T08:52:50.924+0000] {dag.py:3033} INFO - Sync 1 DAGs
[2024-01-31T08:52:50.946+0000] {logging_mixin.py:188} INFO - [2024-01-31T08:52:50.946+0000] {dag.py:3820} INFO - Setting next_dagrun for example_sla_dag to 2024-01-31T08:50:00+00:00, run_after=2024-01-31T08:52:00+00:00
[2024-01-31T08:52:50.970+0000] {processor.py:183} INFO - Processing /home/deprojectue/miniconda3/envs/airflow_demo/lib/python3.9/site-packages/airflow/example_dags/example_sla_dag.py took 0.085 seconds
[2024-01-31T08:53:41.225+0000] {processor.py:161} INFO - Started process (PID=215483) to work on /home/deprojectue/miniconda3/envs/airflow_demo/lib/python3.9/site-packages/airflow/example_dags/example_sla_dag.py
[2024-01-31T08:53:41.227+0000] {processor.py:830} INFO - Processing file /home/deprojectue/miniconda3/envs/airflow_demo/lib/python3.9/site-packages/airflow/example_dags/example_sla_dag.py for tasks to queue
[2024-01-31T08:53:41.232+0000] {logging_mixin.py:188} INFO - [2024-01-31T08:53:41.231+0000] {dagbag.py:538} INFO - Filling up the DagBag from /home/deprojectue/miniconda3/envs/airflow_demo/lib/python3.9/site-packages/airflow/example_dags/example_sla_dag.py
[2024-01-31T08:53:41.243+0000] {processor.py:840} INFO - DAG(s) 'example_sla_dag' retrieved from /home/deprojectue/miniconda3/envs/airflow_demo/lib/python3.9/site-packages/airflow/example_dags/example_sla_dag.py
[2024-01-31T08:53:41.263+0000] {logging_mixin.py:188} INFO - [2024-01-31T08:53:41.262+0000] {dag.py:3033} INFO - Sync 1 DAGs
[2024-01-31T08:53:41.286+0000] {logging_mixin.py:188} INFO - [2024-01-31T08:53:41.286+0000] {dag.py:3820} INFO - Setting next_dagrun for example_sla_dag to 2024-01-31T08:50:00+00:00, run_after=2024-01-31T08:52:00+00:00
[2024-01-31T08:53:41.311+0000] {processor.py:183} INFO - Processing /home/deprojectue/miniconda3/envs/airflow_demo/lib/python3.9/site-packages/airflow/example_dags/example_sla_dag.py took 0.090 seconds
[2024-01-31T08:54:22.813+0000] {processor.py:161} INFO - Started process (PID=215525) to work on /home/deprojectue/miniconda3/envs/airflow_demo/lib/python3.9/site-packages/airflow/example_dags/example_sla_dag.py
[2024-01-31T08:54:22.815+0000] {processor.py:830} INFO - Processing file /home/deprojectue/miniconda3/envs/airflow_demo/lib/python3.9/site-packages/airflow/example_dags/example_sla_dag.py for tasks to queue
[2024-01-31T08:54:22.819+0000] {logging_mixin.py:188} INFO - [2024-01-31T08:54:22.819+0000] {dagbag.py:538} INFO - Filling up the DagBag from /home/deprojectue/miniconda3/envs/airflow_demo/lib/python3.9/site-packages/airflow/example_dags/example_sla_dag.py
[2024-01-31T08:54:22.830+0000] {processor.py:840} INFO - DAG(s) 'example_sla_dag' retrieved from /home/deprojectue/miniconda3/envs/airflow_demo/lib/python3.9/site-packages/airflow/example_dags/example_sla_dag.py
[2024-01-31T08:54:22.850+0000] {logging_mixin.py:188} INFO - [2024-01-31T08:54:22.849+0000] {dag.py:3033} INFO - Sync 1 DAGs
[2024-01-31T08:54:22.872+0000] {logging_mixin.py:188} INFO - [2024-01-31T08:54:22.872+0000] {dag.py:3820} INFO - Setting next_dagrun for example_sla_dag to 2024-01-31T08:52:00+00:00, run_after=2024-01-31T08:54:00+00:00
[2024-01-31T08:54:22.897+0000] {processor.py:183} INFO - Processing /home/deprojectue/miniconda3/envs/airflow_demo/lib/python3.9/site-packages/airflow/example_dags/example_sla_dag.py took 0.089 seconds
[2024-01-31T08:55:04.510+0000] {processor.py:161} INFO - Started process (PID=215569) to work on /home/deprojectue/miniconda3/envs/airflow_demo/lib/python3.9/site-packages/airflow/example_dags/example_sla_dag.py
[2024-01-31T08:55:04.511+0000] {processor.py:830} INFO - Processing file /home/deprojectue/miniconda3/envs/airflow_demo/lib/python3.9/site-packages/airflow/example_dags/example_sla_dag.py for tasks to queue
[2024-01-31T08:55:04.515+0000] {logging_mixin.py:188} INFO - [2024-01-31T08:55:04.515+0000] {dagbag.py:538} INFO - Filling up the DagBag from /home/deprojectue/miniconda3/envs/airflow_demo/lib/python3.9/site-packages/airflow/example_dags/example_sla_dag.py
[2024-01-31T08:55:04.526+0000] {processor.py:840} INFO - DAG(s) 'example_sla_dag' retrieved from /home/deprojectue/miniconda3/envs/airflow_demo/lib/python3.9/site-packages/airflow/example_dags/example_sla_dag.py
[2024-01-31T08:55:04.545+0000] {logging_mixin.py:188} INFO - [2024-01-31T08:55:04.544+0000] {dag.py:3033} INFO - Sync 1 DAGs
[2024-01-31T08:55:04.567+0000] {logging_mixin.py:188} INFO - [2024-01-31T08:55:04.567+0000] {dag.py:3820} INFO - Setting next_dagrun for example_sla_dag to 2024-01-31T08:52:00+00:00, run_after=2024-01-31T08:54:00+00:00
[2024-01-31T08:55:04.592+0000] {processor.py:183} INFO - Processing /home/deprojectue/miniconda3/envs/airflow_demo/lib/python3.9/site-packages/airflow/example_dags/example_sla_dag.py took 0.087 seconds
[2024-01-31T08:56:01.475+0000] {processor.py:161} INFO - Started process (PID=215631) to work on /home/deprojectue/miniconda3/envs/airflow_demo/lib/python3.9/site-packages/airflow/example_dags/example_sla_dag.py
[2024-01-31T08:56:01.477+0000] {processor.py:830} INFO - Processing file /home/deprojectue/miniconda3/envs/airflow_demo/lib/python3.9/site-packages/airflow/example_dags/example_sla_dag.py for tasks to queue
[2024-01-31T08:56:01.481+0000] {logging_mixin.py:188} INFO - [2024-01-31T08:56:01.481+0000] {dagbag.py:538} INFO - Filling up the DagBag from /home/deprojectue/miniconda3/envs/airflow_demo/lib/python3.9/site-packages/airflow/example_dags/example_sla_dag.py
[2024-01-31T08:56:01.492+0000] {processor.py:840} INFO - DAG(s) 'example_sla_dag' retrieved from /home/deprojectue/miniconda3/envs/airflow_demo/lib/python3.9/site-packages/airflow/example_dags/example_sla_dag.py
[2024-01-31T08:56:01.512+0000] {logging_mixin.py:188} INFO - [2024-01-31T08:56:01.511+0000] {dag.py:3033} INFO - Sync 1 DAGs
[2024-01-31T08:56:01.535+0000] {logging_mixin.py:188} INFO - [2024-01-31T08:56:01.535+0000] {dag.py:3820} INFO - Setting next_dagrun for example_sla_dag to 2024-01-31T08:54:00+00:00, run_after=2024-01-31T08:56:00+00:00
[2024-01-31T08:56:01.563+0000] {processor.py:183} INFO - Processing /home/deprojectue/miniconda3/envs/airflow_demo/lib/python3.9/site-packages/airflow/example_dags/example_sla_dag.py took 0.093 seconds
[2024-01-31T08:56:59.523+0000] {processor.py:161} INFO - Started process (PID=215707) to work on /home/deprojectue/miniconda3/envs/airflow_demo/lib/python3.9/site-packages/airflow/example_dags/example_sla_dag.py
[2024-01-31T08:56:59.526+0000] {processor.py:830} INFO - Processing file /home/deprojectue/miniconda3/envs/airflow_demo/lib/python3.9/site-packages/airflow/example_dags/example_sla_dag.py for tasks to queue
[2024-01-31T08:56:59.530+0000] {logging_mixin.py:188} INFO - [2024-01-31T08:56:59.529+0000] {dagbag.py:538} INFO - Filling up the DagBag from /home/deprojectue/miniconda3/envs/airflow_demo/lib/python3.9/site-packages/airflow/example_dags/example_sla_dag.py
[2024-01-31T08:56:59.542+0000] {processor.py:840} INFO - DAG(s) 'example_sla_dag' retrieved from /home/deprojectue/miniconda3/envs/airflow_demo/lib/python3.9/site-packages/airflow/example_dags/example_sla_dag.py
[2024-01-31T08:56:59.562+0000] {logging_mixin.py:188} INFO - [2024-01-31T08:56:59.561+0000] {dag.py:3033} INFO - Sync 1 DAGs
[2024-01-31T08:56:59.585+0000] {logging_mixin.py:188} INFO - [2024-01-31T08:56:59.584+0000] {dag.py:3820} INFO - Setting next_dagrun for example_sla_dag to 2024-01-31T08:54:00+00:00, run_after=2024-01-31T08:56:00+00:00
[2024-01-31T08:56:59.610+0000] {processor.py:183} INFO - Processing /home/deprojectue/miniconda3/envs/airflow_demo/lib/python3.9/site-packages/airflow/example_dags/example_sla_dag.py took 0.091 seconds
[2024-01-31T08:57:53.117+0000] {processor.py:161} INFO - Started process (PID=215763) to work on /home/deprojectue/miniconda3/envs/airflow_demo/lib/python3.9/site-packages/airflow/example_dags/example_sla_dag.py
[2024-01-31T08:57:53.119+0000] {processor.py:830} INFO - Processing file /home/deprojectue/miniconda3/envs/airflow_demo/lib/python3.9/site-packages/airflow/example_dags/example_sla_dag.py for tasks to queue
[2024-01-31T08:57:53.123+0000] {logging_mixin.py:188} INFO - [2024-01-31T08:57:53.123+0000] {dagbag.py:538} INFO - Filling up the DagBag from /home/deprojectue/miniconda3/envs/airflow_demo/lib/python3.9/site-packages/airflow/example_dags/example_sla_dag.py
[2024-01-31T08:57:53.134+0000] {processor.py:840} INFO - DAG(s) 'example_sla_dag' retrieved from /home/deprojectue/miniconda3/envs/airflow_demo/lib/python3.9/site-packages/airflow/example_dags/example_sla_dag.py
[2024-01-31T08:57:53.154+0000] {logging_mixin.py:188} INFO - [2024-01-31T08:57:53.153+0000] {dag.py:3033} INFO - Sync 1 DAGs
[2024-01-31T08:57:53.177+0000] {logging_mixin.py:188} INFO - [2024-01-31T08:57:53.177+0000] {dag.py:3820} INFO - Setting next_dagrun for example_sla_dag to 2024-01-31T08:54:00+00:00, run_after=2024-01-31T08:56:00+00:00
[2024-01-31T08:57:53.202+0000] {processor.py:183} INFO - Processing /home/deprojectue/miniconda3/envs/airflow_demo/lib/python3.9/site-packages/airflow/example_dags/example_sla_dag.py took 0.089 seconds
[2024-01-31T08:58:53.993+0000] {processor.py:161} INFO - Started process (PID=215844) to work on /home/deprojectue/miniconda3/envs/airflow_demo/lib/python3.9/site-packages/airflow/example_dags/example_sla_dag.py
[2024-01-31T08:58:53.996+0000] {processor.py:830} INFO - Processing file /home/deprojectue/miniconda3/envs/airflow_demo/lib/python3.9/site-packages/airflow/example_dags/example_sla_dag.py for tasks to queue
[2024-01-31T08:58:53.999+0000] {logging_mixin.py:188} INFO - [2024-01-31T08:58:53.999+0000] {dagbag.py:538} INFO - Filling up the DagBag from /home/deprojectue/miniconda3/envs/airflow_demo/lib/python3.9/site-packages/airflow/example_dags/example_sla_dag.py
[2024-01-31T08:58:54.013+0000] {processor.py:840} INFO - DAG(s) 'example_sla_dag' retrieved from /home/deprojectue/miniconda3/envs/airflow_demo/lib/python3.9/site-packages/airflow/example_dags/example_sla_dag.py
[2024-01-31T08:58:54.033+0000] {logging_mixin.py:188} INFO - [2024-01-31T08:58:54.033+0000] {dag.py:3033} INFO - Sync 1 DAGs
[2024-01-31T08:58:54.056+0000] {logging_mixin.py:188} INFO - [2024-01-31T08:58:54.056+0000] {dag.py:3820} INFO - Setting next_dagrun for example_sla_dag to 2024-01-31T08:56:00+00:00, run_after=2024-01-31T08:58:00+00:00
[2024-01-31T08:58:54.081+0000] {processor.py:183} INFO - Processing /home/deprojectue/miniconda3/envs/airflow_demo/lib/python3.9/site-packages/airflow/example_dags/example_sla_dag.py took 0.092 seconds
[2024-01-31T08:59:35.337+0000] {processor.py:161} INFO - Started process (PID=215888) to work on /home/deprojectue/miniconda3/envs/airflow_demo/lib/python3.9/site-packages/airflow/example_dags/example_sla_dag.py
[2024-01-31T08:59:35.339+0000] {processor.py:830} INFO - Processing file /home/deprojectue/miniconda3/envs/airflow_demo/lib/python3.9/site-packages/airflow/example_dags/example_sla_dag.py for tasks to queue
[2024-01-31T08:59:35.342+0000] {logging_mixin.py:188} INFO - [2024-01-31T08:59:35.342+0000] {dagbag.py:538} INFO - Filling up the DagBag from /home/deprojectue/miniconda3/envs/airflow_demo/lib/python3.9/site-packages/airflow/example_dags/example_sla_dag.py
[2024-01-31T08:59:35.354+0000] {processor.py:840} INFO - DAG(s) 'example_sla_dag' retrieved from /home/deprojectue/miniconda3/envs/airflow_demo/lib/python3.9/site-packages/airflow/example_dags/example_sla_dag.py
[2024-01-31T08:59:35.373+0000] {logging_mixin.py:188} INFO - [2024-01-31T08:59:35.373+0000] {dag.py:3033} INFO - Sync 1 DAGs
[2024-01-31T08:59:35.400+0000] {logging_mixin.py:188} INFO - [2024-01-31T08:59:35.400+0000] {dag.py:3820} INFO - Setting next_dagrun for example_sla_dag to 2024-01-31T08:56:00+00:00, run_after=2024-01-31T08:58:00+00:00
[2024-01-31T08:59:35.426+0000] {processor.py:183} INFO - Processing /home/deprojectue/miniconda3/envs/airflow_demo/lib/python3.9/site-packages/airflow/example_dags/example_sla_dag.py took 0.093 seconds
[2024-01-31T09:00:30.405+0000] {processor.py:161} INFO - Started process (PID=215946) to work on /home/deprojectue/miniconda3/envs/airflow_demo/lib/python3.9/site-packages/airflow/example_dags/example_sla_dag.py
[2024-01-31T09:00:30.407+0000] {processor.py:830} INFO - Processing file /home/deprojectue/miniconda3/envs/airflow_demo/lib/python3.9/site-packages/airflow/example_dags/example_sla_dag.py for tasks to queue
[2024-01-31T09:00:30.411+0000] {logging_mixin.py:188} INFO - [2024-01-31T09:00:30.411+0000] {dagbag.py:538} INFO - Filling up the DagBag from /home/deprojectue/miniconda3/envs/airflow_demo/lib/python3.9/site-packages/airflow/example_dags/example_sla_dag.py
[2024-01-31T09:00:30.422+0000] {processor.py:840} INFO - DAG(s) 'example_sla_dag' retrieved from /home/deprojectue/miniconda3/envs/airflow_demo/lib/python3.9/site-packages/airflow/example_dags/example_sla_dag.py
[2024-01-31T09:00:30.443+0000] {logging_mixin.py:188} INFO - [2024-01-31T09:00:30.442+0000] {dag.py:3033} INFO - Sync 1 DAGs
[2024-01-31T09:00:30.466+0000] {logging_mixin.py:188} INFO - [2024-01-31T09:00:30.466+0000] {dag.py:3820} INFO - Setting next_dagrun for example_sla_dag to 2024-01-31T08:58:00+00:00, run_after=2024-01-31T09:00:00+00:00
[2024-01-31T09:00:30.493+0000] {processor.py:183} INFO - Processing /home/deprojectue/miniconda3/envs/airflow_demo/lib/python3.9/site-packages/airflow/example_dags/example_sla_dag.py took 0.092 seconds
[2024-01-31T09:01:29.024+0000] {processor.py:161} INFO - Started process (PID=216006) to work on /home/deprojectue/miniconda3/envs/airflow_demo/lib/python3.9/site-packages/airflow/example_dags/example_sla_dag.py
[2024-01-31T09:01:29.026+0000] {processor.py:830} INFO - Processing file /home/deprojectue/miniconda3/envs/airflow_demo/lib/python3.9/site-packages/airflow/example_dags/example_sla_dag.py for tasks to queue
[2024-01-31T09:01:29.029+0000] {logging_mixin.py:188} INFO - [2024-01-31T09:01:29.029+0000] {dagbag.py:538} INFO - Filling up the DagBag from /home/deprojectue/miniconda3/envs/airflow_demo/lib/python3.9/site-packages/airflow/example_dags/example_sla_dag.py
[2024-01-31T09:01:29.040+0000] {processor.py:840} INFO - DAG(s) 'example_sla_dag' retrieved from /home/deprojectue/miniconda3/envs/airflow_demo/lib/python3.9/site-packages/airflow/example_dags/example_sla_dag.py
[2024-01-31T09:01:29.061+0000] {logging_mixin.py:188} INFO - [2024-01-31T09:01:29.060+0000] {dag.py:3033} INFO - Sync 1 DAGs
[2024-01-31T09:01:29.084+0000] {logging_mixin.py:188} INFO - [2024-01-31T09:01:29.084+0000] {dag.py:3820} INFO - Setting next_dagrun for example_sla_dag to 2024-01-31T08:58:00+00:00, run_after=2024-01-31T09:00:00+00:00
[2024-01-31T09:01:29.108+0000] {processor.py:183} INFO - Processing /home/deprojectue/miniconda3/envs/airflow_demo/lib/python3.9/site-packages/airflow/example_dags/example_sla_dag.py took 0.089 seconds
[2024-01-31T09:02:24.484+0000] {processor.py:161} INFO - Started process (PID=216067) to work on /home/deprojectue/miniconda3/envs/airflow_demo/lib/python3.9/site-packages/airflow/example_dags/example_sla_dag.py
[2024-01-31T09:02:24.487+0000] {processor.py:830} INFO - Processing file /home/deprojectue/miniconda3/envs/airflow_demo/lib/python3.9/site-packages/airflow/example_dags/example_sla_dag.py for tasks to queue
[2024-01-31T09:02:24.491+0000] {logging_mixin.py:188} INFO - [2024-01-31T09:02:24.491+0000] {dagbag.py:538} INFO - Filling up the DagBag from /home/deprojectue/miniconda3/envs/airflow_demo/lib/python3.9/site-packages/airflow/example_dags/example_sla_dag.py
[2024-01-31T09:02:24.502+0000] {processor.py:840} INFO - DAG(s) 'example_sla_dag' retrieved from /home/deprojectue/miniconda3/envs/airflow_demo/lib/python3.9/site-packages/airflow/example_dags/example_sla_dag.py
[2024-01-31T09:02:24.523+0000] {logging_mixin.py:188} INFO - [2024-01-31T09:02:24.523+0000] {dag.py:3033} INFO - Sync 1 DAGs
[2024-01-31T09:02:24.546+0000] {logging_mixin.py:188} INFO - [2024-01-31T09:02:24.545+0000] {dag.py:3820} INFO - Setting next_dagrun for example_sla_dag to 2024-01-31T09:00:00+00:00, run_after=2024-01-31T09:02:00+00:00
[2024-01-31T09:02:24.571+0000] {processor.py:183} INFO - Processing /home/deprojectue/miniconda3/envs/airflow_demo/lib/python3.9/site-packages/airflow/example_dags/example_sla_dag.py took 0.091 seconds
[2024-01-31T09:03:19.135+0000] {processor.py:161} INFO - Started process (PID=216123) to work on /home/deprojectue/miniconda3/envs/airflow_demo/lib/python3.9/site-packages/airflow/example_dags/example_sla_dag.py
[2024-01-31T09:03:19.138+0000] {processor.py:830} INFO - Processing file /home/deprojectue/miniconda3/envs/airflow_demo/lib/python3.9/site-packages/airflow/example_dags/example_sla_dag.py for tasks to queue
[2024-01-31T09:03:19.141+0000] {logging_mixin.py:188} INFO - [2024-01-31T09:03:19.141+0000] {dagbag.py:538} INFO - Filling up the DagBag from /home/deprojectue/miniconda3/envs/airflow_demo/lib/python3.9/site-packages/airflow/example_dags/example_sla_dag.py
[2024-01-31T09:03:19.153+0000] {processor.py:840} INFO - DAG(s) 'example_sla_dag' retrieved from /home/deprojectue/miniconda3/envs/airflow_demo/lib/python3.9/site-packages/airflow/example_dags/example_sla_dag.py
[2024-01-31T09:03:19.173+0000] {logging_mixin.py:188} INFO - [2024-01-31T09:03:19.172+0000] {dag.py:3033} INFO - Sync 1 DAGs
[2024-01-31T09:03:19.196+0000] {logging_mixin.py:188} INFO - [2024-01-31T09:03:19.196+0000] {dag.py:3820} INFO - Setting next_dagrun for example_sla_dag to 2024-01-31T09:00:00+00:00, run_after=2024-01-31T09:02:00+00:00
[2024-01-31T09:03:19.222+0000] {processor.py:183} INFO - Processing /home/deprojectue/miniconda3/envs/airflow_demo/lib/python3.9/site-packages/airflow/example_dags/example_sla_dag.py took 0.092 seconds
[2024-01-31T09:04:13.073+0000] {processor.py:161} INFO - Started process (PID=216180) to work on /home/deprojectue/miniconda3/envs/airflow_demo/lib/python3.9/site-packages/airflow/example_dags/example_sla_dag.py
[2024-01-31T09:04:13.075+0000] {processor.py:830} INFO - Processing file /home/deprojectue/miniconda3/envs/airflow_demo/lib/python3.9/site-packages/airflow/example_dags/example_sla_dag.py for tasks to queue
[2024-01-31T09:04:13.079+0000] {logging_mixin.py:188} INFO - [2024-01-31T09:04:13.078+0000] {dagbag.py:538} INFO - Filling up the DagBag from /home/deprojectue/miniconda3/envs/airflow_demo/lib/python3.9/site-packages/airflow/example_dags/example_sla_dag.py
[2024-01-31T09:04:13.091+0000] {processor.py:840} INFO - DAG(s) 'example_sla_dag' retrieved from /home/deprojectue/miniconda3/envs/airflow_demo/lib/python3.9/site-packages/airflow/example_dags/example_sla_dag.py
[2024-01-31T09:04:13.110+0000] {logging_mixin.py:188} INFO - [2024-01-31T09:04:13.109+0000] {dag.py:3033} INFO - Sync 1 DAGs
[2024-01-31T09:04:13.132+0000] {logging_mixin.py:188} INFO - [2024-01-31T09:04:13.132+0000] {dag.py:3820} INFO - Setting next_dagrun for example_sla_dag to 2024-01-31T09:02:00+00:00, run_after=2024-01-31T09:04:00+00:00
[2024-01-31T09:04:13.157+0000] {processor.py:183} INFO - Processing /home/deprojectue/miniconda3/envs/airflow_demo/lib/python3.9/site-packages/airflow/example_dags/example_sla_dag.py took 0.089 seconds
[2024-01-31T09:05:08.975+0000] {processor.py:161} INFO - Started process (PID=216241) to work on /home/deprojectue/miniconda3/envs/airflow_demo/lib/python3.9/site-packages/airflow/example_dags/example_sla_dag.py
[2024-01-31T09:05:08.977+0000] {processor.py:830} INFO - Processing file /home/deprojectue/miniconda3/envs/airflow_demo/lib/python3.9/site-packages/airflow/example_dags/example_sla_dag.py for tasks to queue
[2024-01-31T09:05:08.981+0000] {logging_mixin.py:188} INFO - [2024-01-31T09:05:08.980+0000] {dagbag.py:538} INFO - Filling up the DagBag from /home/deprojectue/miniconda3/envs/airflow_demo/lib/python3.9/site-packages/airflow/example_dags/example_sla_dag.py
[2024-01-31T09:05:08.995+0000] {processor.py:840} INFO - DAG(s) 'example_sla_dag' retrieved from /home/deprojectue/miniconda3/envs/airflow_demo/lib/python3.9/site-packages/airflow/example_dags/example_sla_dag.py
[2024-01-31T09:05:09.017+0000] {logging_mixin.py:188} INFO - [2024-01-31T09:05:09.016+0000] {dag.py:3033} INFO - Sync 1 DAGs
[2024-01-31T09:05:09.040+0000] {logging_mixin.py:188} INFO - [2024-01-31T09:05:09.040+0000] {dag.py:3820} INFO - Setting next_dagrun for example_sla_dag to 2024-01-31T09:02:00+00:00, run_after=2024-01-31T09:04:00+00:00
[2024-01-31T09:05:09.064+0000] {processor.py:183} INFO - Processing /home/deprojectue/miniconda3/envs/airflow_demo/lib/python3.9/site-packages/airflow/example_dags/example_sla_dag.py took 0.095 seconds
[2024-01-31T09:35:43.153+0000] {processor.py:161} INFO - Started process (PID=216882) to work on /home/deprojectue/miniconda3/envs/airflow_demo/lib/python3.9/site-packages/airflow/example_dags/example_sla_dag.py
[2024-01-31T09:35:43.155+0000] {processor.py:830} INFO - Processing file /home/deprojectue/miniconda3/envs/airflow_demo/lib/python3.9/site-packages/airflow/example_dags/example_sla_dag.py for tasks to queue
[2024-01-31T09:35:43.160+0000] {logging_mixin.py:188} INFO - [2024-01-31T09:35:43.159+0000] {dagbag.py:538} INFO - Filling up the DagBag from /home/deprojectue/miniconda3/envs/airflow_demo/lib/python3.9/site-packages/airflow/example_dags/example_sla_dag.py
[2024-01-31T09:35:43.174+0000] {processor.py:840} INFO - DAG(s) 'example_sla_dag' retrieved from /home/deprojectue/miniconda3/envs/airflow_demo/lib/python3.9/site-packages/airflow/example_dags/example_sla_dag.py
[2024-01-31T09:35:43.416+0000] {logging_mixin.py:188} INFO - [2024-01-31T09:35:43.413+0000] {override.py:1769} INFO - Created Permission View: can edit on DAG:example_sla_dag
[2024-01-31T09:35:43.431+0000] {logging_mixin.py:188} INFO - [2024-01-31T09:35:43.431+0000] {override.py:1769} INFO - Created Permission View: can read on DAG:example_sla_dag
[2024-01-31T09:35:43.443+0000] {logging_mixin.py:188} INFO - [2024-01-31T09:35:43.442+0000] {override.py:1769} INFO - Created Permission View: can delete on DAG:example_sla_dag
[2024-01-31T09:35:43.444+0000] {logging_mixin.py:188} INFO - [2024-01-31T09:35:43.443+0000] {dag.py:3033} INFO - Sync 1 DAGs
[2024-01-31T09:35:43.456+0000] {logging_mixin.py:188} INFO - [2024-01-31T09:35:43.455+0000] {dag.py:3055} INFO - Creating ORM DAG for example_sla_dag
[2024-01-31T09:35:43.474+0000] {logging_mixin.py:188} INFO - [2024-01-31T09:35:43.474+0000] {dag.py:3820} INFO - Setting next_dagrun for example_sla_dag to 2024-01-31T09:32:00+00:00, run_after=2024-01-31T09:34:00+00:00
[2024-01-31T09:35:43.527+0000] {processor.py:183} INFO - Processing /home/deprojectue/miniconda3/envs/airflow_demo/lib/python3.9/site-packages/airflow/example_dags/example_sla_dag.py took 0.379 seconds
[2024-01-31T09:36:43.175+0000] {processor.py:161} INFO - Started process (PID=216939) to work on /home/deprojectue/miniconda3/envs/airflow_demo/lib/python3.9/site-packages/airflow/example_dags/example_sla_dag.py
[2024-01-31T09:36:43.177+0000] {processor.py:830} INFO - Processing file /home/deprojectue/miniconda3/envs/airflow_demo/lib/python3.9/site-packages/airflow/example_dags/example_sla_dag.py for tasks to queue
[2024-01-31T09:36:43.181+0000] {logging_mixin.py:188} INFO - [2024-01-31T09:36:43.181+0000] {dagbag.py:538} INFO - Filling up the DagBag from /home/deprojectue/miniconda3/envs/airflow_demo/lib/python3.9/site-packages/airflow/example_dags/example_sla_dag.py
[2024-01-31T09:36:43.194+0000] {processor.py:840} INFO - DAG(s) 'example_sla_dag' retrieved from /home/deprojectue/miniconda3/envs/airflow_demo/lib/python3.9/site-packages/airflow/example_dags/example_sla_dag.py
[2024-01-31T09:36:43.215+0000] {logging_mixin.py:188} INFO - [2024-01-31T09:36:43.214+0000] {dag.py:3033} INFO - Sync 1 DAGs
[2024-01-31T09:36:43.241+0000] {logging_mixin.py:188} INFO - [2024-01-31T09:36:43.241+0000] {dag.py:3820} INFO - Setting next_dagrun for example_sla_dag to 2024-01-31T09:34:00+00:00, run_after=2024-01-31T09:36:00+00:00
[2024-01-31T09:36:43.269+0000] {processor.py:183} INFO - Processing /home/deprojectue/miniconda3/envs/airflow_demo/lib/python3.9/site-packages/airflow/example_dags/example_sla_dag.py took 0.099 seconds
