[2024-01-31T02:08:01.744+0000] {processor.py:161} INFO - Started process (PID=210625) to work on /home/deprojectue/miniconda3/envs/airflow_demo/lib/python3.9/site-packages/airflow/example_dags/example_dynamic_task_mapping.py
[2024-01-31T02:08:01.745+0000] {processor.py:830} INFO - Processing file /home/deprojectue/miniconda3/envs/airflow_demo/lib/python3.9/site-packages/airflow/example_dags/example_dynamic_task_mapping.py for tasks to queue
[2024-01-31T02:08:01.746+0000] {logging_mixin.py:188} INFO - [2024-01-31T02:08:01.746+0000] {dagbag.py:538} INFO - Filling up the DagBag from /home/deprojectue/miniconda3/envs/airflow_demo/lib/python3.9/site-packages/airflow/example_dags/example_dynamic_task_mapping.py
[2024-01-31T02:08:01.756+0000] {processor.py:840} INFO - DAG(s) 'example_dynamic_task_mapping' retrieved from /home/deprojectue/miniconda3/envs/airflow_demo/lib/python3.9/site-packages/airflow/example_dags/example_dynamic_task_mapping.py
[2024-01-31T02:08:01.870+0000] {logging_mixin.py:188} INFO - [2024-01-31T02:08:01.869+0000] {override.py:1769} INFO - Created Permission View: can read on DAG:example_dynamic_task_mapping
[2024-01-31T02:08:01.884+0000] {logging_mixin.py:188} INFO - [2024-01-31T02:08:01.884+0000] {override.py:1769} INFO - Created Permission View: can delete on DAG:example_dynamic_task_mapping
[2024-01-31T02:08:01.895+0000] {logging_mixin.py:188} INFO - [2024-01-31T02:08:01.895+0000] {override.py:1769} INFO - Created Permission View: can edit on DAG:example_dynamic_task_mapping
[2024-01-31T02:08:01.896+0000] {logging_mixin.py:188} INFO - [2024-01-31T02:08:01.896+0000] {dag.py:3033} INFO - Sync 1 DAGs
[2024-01-31T02:08:01.907+0000] {logging_mixin.py:188} INFO - [2024-01-31T02:08:01.907+0000] {dag.py:3055} INFO - Creating ORM DAG for example_dynamic_task_mapping
[2024-01-31T02:08:01.916+0000] {logging_mixin.py:188} INFO - [2024-01-31T02:08:01.915+0000] {dag.py:3820} INFO - Setting next_dagrun for example_dynamic_task_mapping to 2022-03-04T00:00:00+00:00, run_after=2022-03-05T00:00:00+00:00
[2024-01-31T02:08:01.938+0000] {processor.py:183} INFO - Processing /home/deprojectue/miniconda3/envs/airflow_demo/lib/python3.9/site-packages/airflow/example_dags/example_dynamic_task_mapping.py took 0.198 seconds
[2024-01-31T02:09:36.608+0000] {processor.py:161} INFO - Started process (PID=210933) to work on /home/deprojectue/miniconda3/envs/airflow_demo/lib/python3.9/site-packages/airflow/example_dags/example_dynamic_task_mapping.py
[2024-01-31T02:09:36.610+0000] {processor.py:830} INFO - Processing file /home/deprojectue/miniconda3/envs/airflow_demo/lib/python3.9/site-packages/airflow/example_dags/example_dynamic_task_mapping.py for tasks to queue
[2024-01-31T02:09:36.612+0000] {logging_mixin.py:188} INFO - [2024-01-31T02:09:36.611+0000] {dagbag.py:538} INFO - Filling up the DagBag from /home/deprojectue/miniconda3/envs/airflow_demo/lib/python3.9/site-packages/airflow/example_dags/example_dynamic_task_mapping.py
[2024-01-31T02:09:36.636+0000] {processor.py:840} INFO - DAG(s) 'example_dynamic_task_mapping' retrieved from /home/deprojectue/miniconda3/envs/airflow_demo/lib/python3.9/site-packages/airflow/example_dags/example_dynamic_task_mapping.py
[2024-01-31T02:09:36.665+0000] {logging_mixin.py:188} INFO - [2024-01-31T02:09:36.665+0000] {dag.py:3033} INFO - Sync 1 DAGs
[2024-01-31T02:09:36.723+0000] {logging_mixin.py:188} INFO - [2024-01-31T02:09:36.722+0000] {dag.py:3820} INFO - Setting next_dagrun for example_dynamic_task_mapping to 2022-03-04T00:00:00+00:00, run_after=2022-03-05T00:00:00+00:00
[2024-01-31T02:09:36.774+0000] {processor.py:183} INFO - Processing /home/deprojectue/miniconda3/envs/airflow_demo/lib/python3.9/site-packages/airflow/example_dags/example_dynamic_task_mapping.py took 0.180 seconds
[2024-01-31T02:13:13.563+0000] {processor.py:161} INFO - Started process (PID=211069) to work on /home/deprojectue/miniconda3/envs/airflow_demo/lib/python3.9/site-packages/airflow/example_dags/example_dynamic_task_mapping.py
[2024-01-31T02:13:13.565+0000] {processor.py:830} INFO - Processing file /home/deprojectue/miniconda3/envs/airflow_demo/lib/python3.9/site-packages/airflow/example_dags/example_dynamic_task_mapping.py for tasks to queue
[2024-01-31T02:13:13.569+0000] {logging_mixin.py:188} INFO - [2024-01-31T02:13:13.568+0000] {dagbag.py:538} INFO - Filling up the DagBag from /home/deprojectue/miniconda3/envs/airflow_demo/lib/python3.9/site-packages/airflow/example_dags/example_dynamic_task_mapping.py
[2024-01-31T02:13:13.579+0000] {processor.py:840} INFO - DAG(s) 'example_dynamic_task_mapping' retrieved from /home/deprojectue/miniconda3/envs/airflow_demo/lib/python3.9/site-packages/airflow/example_dags/example_dynamic_task_mapping.py
[2024-01-31T02:13:13.601+0000] {logging_mixin.py:188} INFO - [2024-01-31T02:13:13.600+0000] {dag.py:3033} INFO - Sync 1 DAGs
[2024-01-31T02:13:13.623+0000] {logging_mixin.py:188} INFO - [2024-01-31T02:13:13.622+0000] {dag.py:3820} INFO - Setting next_dagrun for example_dynamic_task_mapping to 2022-03-04T00:00:00+00:00, run_after=2022-03-05T00:00:00+00:00
[2024-01-31T02:13:13.648+0000] {processor.py:183} INFO - Processing /home/deprojectue/miniconda3/envs/airflow_demo/lib/python3.9/site-packages/airflow/example_dags/example_dynamic_task_mapping.py took 0.090 seconds
[2024-01-31T02:14:12.140+0000] {processor.py:161} INFO - Started process (PID=211138) to work on /home/deprojectue/miniconda3/envs/airflow_demo/lib/python3.9/site-packages/airflow/example_dags/example_dynamic_task_mapping.py
[2024-01-31T02:14:12.142+0000] {processor.py:830} INFO - Processing file /home/deprojectue/miniconda3/envs/airflow_demo/lib/python3.9/site-packages/airflow/example_dags/example_dynamic_task_mapping.py for tasks to queue
[2024-01-31T02:14:12.145+0000] {logging_mixin.py:188} INFO - [2024-01-31T02:14:12.144+0000] {dagbag.py:538} INFO - Filling up the DagBag from /home/deprojectue/miniconda3/envs/airflow_demo/lib/python3.9/site-packages/airflow/example_dags/example_dynamic_task_mapping.py
[2024-01-31T02:14:12.154+0000] {processor.py:840} INFO - DAG(s) 'example_dynamic_task_mapping' retrieved from /home/deprojectue/miniconda3/envs/airflow_demo/lib/python3.9/site-packages/airflow/example_dags/example_dynamic_task_mapping.py
[2024-01-31T02:14:12.173+0000] {logging_mixin.py:188} INFO - [2024-01-31T02:14:12.173+0000] {dag.py:3033} INFO - Sync 1 DAGs
[2024-01-31T02:14:12.198+0000] {logging_mixin.py:188} INFO - [2024-01-31T02:14:12.198+0000] {dag.py:3820} INFO - Setting next_dagrun for example_dynamic_task_mapping to 2022-03-04T00:00:00+00:00, run_after=2022-03-05T00:00:00+00:00
[2024-01-31T02:14:12.223+0000] {processor.py:183} INFO - Processing /home/deprojectue/miniconda3/envs/airflow_demo/lib/python3.9/site-packages/airflow/example_dags/example_dynamic_task_mapping.py took 0.087 seconds
[2024-01-31T02:22:12.271+0000] {processor.py:161} INFO - Started process (PID=211329) to work on /home/deprojectue/miniconda3/envs/airflow_demo/lib/python3.9/site-packages/airflow/example_dags/example_dynamic_task_mapping.py
[2024-01-31T02:22:12.273+0000] {processor.py:830} INFO - Processing file /home/deprojectue/miniconda3/envs/airflow_demo/lib/python3.9/site-packages/airflow/example_dags/example_dynamic_task_mapping.py for tasks to queue
[2024-01-31T02:22:12.277+0000] {logging_mixin.py:188} INFO - [2024-01-31T02:22:12.276+0000] {dagbag.py:538} INFO - Filling up the DagBag from /home/deprojectue/miniconda3/envs/airflow_demo/lib/python3.9/site-packages/airflow/example_dags/example_dynamic_task_mapping.py
[2024-01-31T02:22:12.288+0000] {processor.py:840} INFO - DAG(s) 'example_dynamic_task_mapping' retrieved from /home/deprojectue/miniconda3/envs/airflow_demo/lib/python3.9/site-packages/airflow/example_dags/example_dynamic_task_mapping.py
[2024-01-31T02:22:12.310+0000] {logging_mixin.py:188} INFO - [2024-01-31T02:22:12.309+0000] {dag.py:3033} INFO - Sync 1 DAGs
[2024-01-31T02:22:12.332+0000] {logging_mixin.py:188} INFO - [2024-01-31T02:22:12.332+0000] {dag.py:3820} INFO - Setting next_dagrun for example_dynamic_task_mapping to 2022-03-04T00:00:00+00:00, run_after=2022-03-05T00:00:00+00:00
[2024-01-31T02:22:12.360+0000] {processor.py:183} INFO - Processing /home/deprojectue/miniconda3/envs/airflow_demo/lib/python3.9/site-packages/airflow/example_dags/example_dynamic_task_mapping.py took 0.094 seconds
[2024-01-31T08:24:50.525+0000] {processor.py:161} INFO - Started process (PID=214070) to work on /home/deprojectue/miniconda3/envs/airflow_demo/lib/python3.9/site-packages/airflow/example_dags/example_dynamic_task_mapping.py
[2024-01-31T08:24:50.527+0000] {processor.py:830} INFO - Processing file /home/deprojectue/miniconda3/envs/airflow_demo/lib/python3.9/site-packages/airflow/example_dags/example_dynamic_task_mapping.py for tasks to queue
[2024-01-31T08:24:50.530+0000] {logging_mixin.py:188} INFO - [2024-01-31T08:24:50.529+0000] {dagbag.py:538} INFO - Filling up the DagBag from /home/deprojectue/miniconda3/envs/airflow_demo/lib/python3.9/site-packages/airflow/example_dags/example_dynamic_task_mapping.py
[2024-01-31T08:24:50.540+0000] {processor.py:840} INFO - DAG(s) 'example_dynamic_task_mapping' retrieved from /home/deprojectue/miniconda3/envs/airflow_demo/lib/python3.9/site-packages/airflow/example_dags/example_dynamic_task_mapping.py
[2024-01-31T08:24:50.565+0000] {logging_mixin.py:188} INFO - [2024-01-31T08:24:50.564+0000] {dag.py:3033} INFO - Sync 1 DAGs
[2024-01-31T08:24:50.604+0000] {logging_mixin.py:188} INFO - [2024-01-31T08:24:50.604+0000] {dag.py:3820} INFO - Setting next_dagrun for example_dynamic_task_mapping to 2022-03-04T00:00:00+00:00, run_after=2022-03-05T00:00:00+00:00
[2024-01-31T08:24:50.632+0000] {processor.py:183} INFO - Processing /home/deprojectue/miniconda3/envs/airflow_demo/lib/python3.9/site-packages/airflow/example_dags/example_dynamic_task_mapping.py took 0.111 seconds
[2024-01-31T08:25:38.792+0000] {processor.py:161} INFO - Started process (PID=214121) to work on /home/deprojectue/miniconda3/envs/airflow_demo/lib/python3.9/site-packages/airflow/example_dags/example_dynamic_task_mapping.py
[2024-01-31T08:25:38.794+0000] {processor.py:830} INFO - Processing file /home/deprojectue/miniconda3/envs/airflow_demo/lib/python3.9/site-packages/airflow/example_dags/example_dynamic_task_mapping.py for tasks to queue
[2024-01-31T08:25:38.797+0000] {logging_mixin.py:188} INFO - [2024-01-31T08:25:38.797+0000] {dagbag.py:538} INFO - Filling up the DagBag from /home/deprojectue/miniconda3/envs/airflow_demo/lib/python3.9/site-packages/airflow/example_dags/example_dynamic_task_mapping.py
[2024-01-31T08:25:38.807+0000] {processor.py:840} INFO - DAG(s) 'example_dynamic_task_mapping' retrieved from /home/deprojectue/miniconda3/envs/airflow_demo/lib/python3.9/site-packages/airflow/example_dags/example_dynamic_task_mapping.py
[2024-01-31T08:25:38.828+0000] {logging_mixin.py:188} INFO - [2024-01-31T08:25:38.827+0000] {dag.py:3033} INFO - Sync 1 DAGs
[2024-01-31T08:25:38.851+0000] {logging_mixin.py:188} INFO - [2024-01-31T08:25:38.850+0000] {dag.py:3820} INFO - Setting next_dagrun for example_dynamic_task_mapping to 2022-03-04T00:00:00+00:00, run_after=2022-03-05T00:00:00+00:00
[2024-01-31T08:25:38.874+0000] {processor.py:183} INFO - Processing /home/deprojectue/miniconda3/envs/airflow_demo/lib/python3.9/site-packages/airflow/example_dags/example_dynamic_task_mapping.py took 0.086 seconds
[2024-01-31T08:52:22.737+0000] {processor.py:161} INFO - Started process (PID=215402) to work on /home/deprojectue/miniconda3/envs/airflow_demo/lib/python3.9/site-packages/airflow/example_dags/example_dynamic_task_mapping.py
[2024-01-31T08:52:22.739+0000] {processor.py:830} INFO - Processing file /home/deprojectue/miniconda3/envs/airflow_demo/lib/python3.9/site-packages/airflow/example_dags/example_dynamic_task_mapping.py for tasks to queue
[2024-01-31T08:52:22.743+0000] {logging_mixin.py:188} INFO - [2024-01-31T08:52:22.743+0000] {dagbag.py:538} INFO - Filling up the DagBag from /home/deprojectue/miniconda3/envs/airflow_demo/lib/python3.9/site-packages/airflow/example_dags/example_dynamic_task_mapping.py
[2024-01-31T08:52:22.754+0000] {processor.py:840} INFO - DAG(s) 'example_dynamic_task_mapping' retrieved from /home/deprojectue/miniconda3/envs/airflow_demo/lib/python3.9/site-packages/airflow/example_dags/example_dynamic_task_mapping.py
[2024-01-31T08:52:22.776+0000] {logging_mixin.py:188} INFO - [2024-01-31T08:52:22.775+0000] {dag.py:3033} INFO - Sync 1 DAGs
[2024-01-31T08:52:22.797+0000] {logging_mixin.py:188} INFO - [2024-01-31T08:52:22.797+0000] {dag.py:3820} INFO - Setting next_dagrun for example_dynamic_task_mapping to 2022-03-04T00:00:00+00:00, run_after=2022-03-05T00:00:00+00:00
[2024-01-31T08:52:22.821+0000] {processor.py:183} INFO - Processing /home/deprojectue/miniconda3/envs/airflow_demo/lib/python3.9/site-packages/airflow/example_dags/example_dynamic_task_mapping.py took 0.089 seconds
[2024-01-31T08:53:22.977+0000] {processor.py:161} INFO - Started process (PID=215466) to work on /home/deprojectue/miniconda3/envs/airflow_demo/lib/python3.9/site-packages/airflow/example_dags/example_dynamic_task_mapping.py
[2024-01-31T08:53:22.979+0000] {processor.py:830} INFO - Processing file /home/deprojectue/miniconda3/envs/airflow_demo/lib/python3.9/site-packages/airflow/example_dags/example_dynamic_task_mapping.py for tasks to queue
[2024-01-31T08:53:22.982+0000] {logging_mixin.py:188} INFO - [2024-01-31T08:53:22.982+0000] {dagbag.py:538} INFO - Filling up the DagBag from /home/deprojectue/miniconda3/envs/airflow_demo/lib/python3.9/site-packages/airflow/example_dags/example_dynamic_task_mapping.py
[2024-01-31T08:53:22.993+0000] {processor.py:840} INFO - DAG(s) 'example_dynamic_task_mapping' retrieved from /home/deprojectue/miniconda3/envs/airflow_demo/lib/python3.9/site-packages/airflow/example_dags/example_dynamic_task_mapping.py
[2024-01-31T08:53:23.014+0000] {logging_mixin.py:188} INFO - [2024-01-31T08:53:23.013+0000] {dag.py:3033} INFO - Sync 1 DAGs
[2024-01-31T08:53:23.035+0000] {logging_mixin.py:188} INFO - [2024-01-31T08:53:23.035+0000] {dag.py:3820} INFO - Setting next_dagrun for example_dynamic_task_mapping to 2022-03-04T00:00:00+00:00, run_after=2022-03-05T00:00:00+00:00
[2024-01-31T08:53:23.062+0000] {processor.py:183} INFO - Processing /home/deprojectue/miniconda3/envs/airflow_demo/lib/python3.9/site-packages/airflow/example_dags/example_dynamic_task_mapping.py took 0.090 seconds
[2024-01-31T08:54:26.362+0000] {processor.py:161} INFO - Started process (PID=215528) to work on /home/deprojectue/miniconda3/envs/airflow_demo/lib/python3.9/site-packages/airflow/example_dags/example_dynamic_task_mapping.py
[2024-01-31T08:54:26.364+0000] {processor.py:830} INFO - Processing file /home/deprojectue/miniconda3/envs/airflow_demo/lib/python3.9/site-packages/airflow/example_dags/example_dynamic_task_mapping.py for tasks to queue
[2024-01-31T08:54:26.368+0000] {logging_mixin.py:188} INFO - [2024-01-31T08:54:26.367+0000] {dagbag.py:538} INFO - Filling up the DagBag from /home/deprojectue/miniconda3/envs/airflow_demo/lib/python3.9/site-packages/airflow/example_dags/example_dynamic_task_mapping.py
[2024-01-31T08:54:26.377+0000] {processor.py:840} INFO - DAG(s) 'example_dynamic_task_mapping' retrieved from /home/deprojectue/miniconda3/envs/airflow_demo/lib/python3.9/site-packages/airflow/example_dags/example_dynamic_task_mapping.py
[2024-01-31T08:54:26.397+0000] {logging_mixin.py:188} INFO - [2024-01-31T08:54:26.396+0000] {dag.py:3033} INFO - Sync 1 DAGs
[2024-01-31T08:54:26.417+0000] {logging_mixin.py:188} INFO - [2024-01-31T08:54:26.416+0000] {dag.py:3820} INFO - Setting next_dagrun for example_dynamic_task_mapping to 2022-03-04T00:00:00+00:00, run_after=2022-03-05T00:00:00+00:00
[2024-01-31T08:54:26.440+0000] {processor.py:183} INFO - Processing /home/deprojectue/miniconda3/envs/airflow_demo/lib/python3.9/site-packages/airflow/example_dags/example_dynamic_task_mapping.py took 0.083 seconds
[2024-01-31T08:55:27.457+0000] {processor.py:161} INFO - Started process (PID=215593) to work on /home/deprojectue/miniconda3/envs/airflow_demo/lib/python3.9/site-packages/airflow/example_dags/example_dynamic_task_mapping.py
[2024-01-31T08:55:27.459+0000] {processor.py:830} INFO - Processing file /home/deprojectue/miniconda3/envs/airflow_demo/lib/python3.9/site-packages/airflow/example_dags/example_dynamic_task_mapping.py for tasks to queue
[2024-01-31T08:55:27.462+0000] {logging_mixin.py:188} INFO - [2024-01-31T08:55:27.462+0000] {dagbag.py:538} INFO - Filling up the DagBag from /home/deprojectue/miniconda3/envs/airflow_demo/lib/python3.9/site-packages/airflow/example_dags/example_dynamic_task_mapping.py
[2024-01-31T08:55:27.472+0000] {processor.py:840} INFO - DAG(s) 'example_dynamic_task_mapping' retrieved from /home/deprojectue/miniconda3/envs/airflow_demo/lib/python3.9/site-packages/airflow/example_dags/example_dynamic_task_mapping.py
[2024-01-31T08:55:27.492+0000] {logging_mixin.py:188} INFO - [2024-01-31T08:55:27.492+0000] {dag.py:3033} INFO - Sync 1 DAGs
[2024-01-31T08:55:27.513+0000] {logging_mixin.py:188} INFO - [2024-01-31T08:55:27.512+0000] {dag.py:3820} INFO - Setting next_dagrun for example_dynamic_task_mapping to 2022-03-04T00:00:00+00:00, run_after=2022-03-05T00:00:00+00:00
[2024-01-31T08:55:27.539+0000] {processor.py:183} INFO - Processing /home/deprojectue/miniconda3/envs/airflow_demo/lib/python3.9/site-packages/airflow/example_dags/example_dynamic_task_mapping.py took 0.087 seconds
[2024-01-31T08:56:23.686+0000] {processor.py:161} INFO - Started process (PID=215665) to work on /home/deprojectue/miniconda3/envs/airflow_demo/lib/python3.9/site-packages/airflow/example_dags/example_dynamic_task_mapping.py
[2024-01-31T08:56:23.688+0000] {processor.py:830} INFO - Processing file /home/deprojectue/miniconda3/envs/airflow_demo/lib/python3.9/site-packages/airflow/example_dags/example_dynamic_task_mapping.py for tasks to queue
[2024-01-31T08:56:23.691+0000] {logging_mixin.py:188} INFO - [2024-01-31T08:56:23.691+0000] {dagbag.py:538} INFO - Filling up the DagBag from /home/deprojectue/miniconda3/envs/airflow_demo/lib/python3.9/site-packages/airflow/example_dags/example_dynamic_task_mapping.py
[2024-01-31T08:56:23.703+0000] {processor.py:840} INFO - DAG(s) 'example_dynamic_task_mapping' retrieved from /home/deprojectue/miniconda3/envs/airflow_demo/lib/python3.9/site-packages/airflow/example_dags/example_dynamic_task_mapping.py
[2024-01-31T08:56:23.722+0000] {logging_mixin.py:188} INFO - [2024-01-31T08:56:23.722+0000] {dag.py:3033} INFO - Sync 1 DAGs
[2024-01-31T08:56:23.745+0000] {logging_mixin.py:188} INFO - [2024-01-31T08:56:23.745+0000] {dag.py:3820} INFO - Setting next_dagrun for example_dynamic_task_mapping to 2022-03-04T00:00:00+00:00, run_after=2022-03-05T00:00:00+00:00
[2024-01-31T08:56:23.773+0000] {processor.py:183} INFO - Processing /home/deprojectue/miniconda3/envs/airflow_demo/lib/python3.9/site-packages/airflow/example_dags/example_dynamic_task_mapping.py took 0.091 seconds
[2024-01-31T08:57:20.811+0000] {processor.py:161} INFO - Started process (PID=215730) to work on /home/deprojectue/miniconda3/envs/airflow_demo/lib/python3.9/site-packages/airflow/example_dags/example_dynamic_task_mapping.py
[2024-01-31T08:57:20.813+0000] {processor.py:830} INFO - Processing file /home/deprojectue/miniconda3/envs/airflow_demo/lib/python3.9/site-packages/airflow/example_dags/example_dynamic_task_mapping.py for tasks to queue
[2024-01-31T08:57:20.817+0000] {logging_mixin.py:188} INFO - [2024-01-31T08:57:20.817+0000] {dagbag.py:538} INFO - Filling up the DagBag from /home/deprojectue/miniconda3/envs/airflow_demo/lib/python3.9/site-packages/airflow/example_dags/example_dynamic_task_mapping.py
[2024-01-31T08:57:20.828+0000] {processor.py:840} INFO - DAG(s) 'example_dynamic_task_mapping' retrieved from /home/deprojectue/miniconda3/envs/airflow_demo/lib/python3.9/site-packages/airflow/example_dags/example_dynamic_task_mapping.py
[2024-01-31T08:57:20.849+0000] {logging_mixin.py:188} INFO - [2024-01-31T08:57:20.849+0000] {dag.py:3033} INFO - Sync 1 DAGs
[2024-01-31T08:57:20.871+0000] {logging_mixin.py:188} INFO - [2024-01-31T08:57:20.871+0000] {dag.py:3820} INFO - Setting next_dagrun for example_dynamic_task_mapping to 2022-03-04T00:00:00+00:00, run_after=2022-03-05T00:00:00+00:00
[2024-01-31T08:57:20.896+0000] {processor.py:183} INFO - Processing /home/deprojectue/miniconda3/envs/airflow_demo/lib/python3.9/site-packages/airflow/example_dags/example_dynamic_task_mapping.py took 0.089 seconds
[2024-01-31T08:58:16.226+0000] {processor.py:161} INFO - Started process (PID=215787) to work on /home/deprojectue/miniconda3/envs/airflow_demo/lib/python3.9/site-packages/airflow/example_dags/example_dynamic_task_mapping.py
[2024-01-31T08:58:16.228+0000] {processor.py:830} INFO - Processing file /home/deprojectue/miniconda3/envs/airflow_demo/lib/python3.9/site-packages/airflow/example_dags/example_dynamic_task_mapping.py for tasks to queue
[2024-01-31T08:58:16.232+0000] {logging_mixin.py:188} INFO - [2024-01-31T08:58:16.232+0000] {dagbag.py:538} INFO - Filling up the DagBag from /home/deprojectue/miniconda3/envs/airflow_demo/lib/python3.9/site-packages/airflow/example_dags/example_dynamic_task_mapping.py
[2024-01-31T08:58:16.245+0000] {processor.py:840} INFO - DAG(s) 'example_dynamic_task_mapping' retrieved from /home/deprojectue/miniconda3/envs/airflow_demo/lib/python3.9/site-packages/airflow/example_dags/example_dynamic_task_mapping.py
[2024-01-31T08:58:16.266+0000] {logging_mixin.py:188} INFO - [2024-01-31T08:58:16.265+0000] {dag.py:3033} INFO - Sync 1 DAGs
[2024-01-31T08:58:16.287+0000] {logging_mixin.py:188} INFO - [2024-01-31T08:58:16.287+0000] {dag.py:3820} INFO - Setting next_dagrun for example_dynamic_task_mapping to 2022-03-04T00:00:00+00:00, run_after=2022-03-05T00:00:00+00:00
[2024-01-31T08:58:16.313+0000] {processor.py:183} INFO - Processing /home/deprojectue/miniconda3/envs/airflow_demo/lib/python3.9/site-packages/airflow/example_dags/example_dynamic_task_mapping.py took 0.091 seconds
[2024-01-31T08:59:18.255+0000] {processor.py:161} INFO - Started process (PID=215871) to work on /home/deprojectue/miniconda3/envs/airflow_demo/lib/python3.9/site-packages/airflow/example_dags/example_dynamic_task_mapping.py
[2024-01-31T08:59:18.258+0000] {processor.py:830} INFO - Processing file /home/deprojectue/miniconda3/envs/airflow_demo/lib/python3.9/site-packages/airflow/example_dags/example_dynamic_task_mapping.py for tasks to queue
[2024-01-31T08:59:18.261+0000] {logging_mixin.py:188} INFO - [2024-01-31T08:59:18.260+0000] {dagbag.py:538} INFO - Filling up the DagBag from /home/deprojectue/miniconda3/envs/airflow_demo/lib/python3.9/site-packages/airflow/example_dags/example_dynamic_task_mapping.py
[2024-01-31T08:59:18.271+0000] {processor.py:840} INFO - DAG(s) 'example_dynamic_task_mapping' retrieved from /home/deprojectue/miniconda3/envs/airflow_demo/lib/python3.9/site-packages/airflow/example_dags/example_dynamic_task_mapping.py
[2024-01-31T08:59:18.291+0000] {logging_mixin.py:188} INFO - [2024-01-31T08:59:18.290+0000] {dag.py:3033} INFO - Sync 1 DAGs
[2024-01-31T08:59:18.310+0000] {logging_mixin.py:188} INFO - [2024-01-31T08:59:18.310+0000] {dag.py:3820} INFO - Setting next_dagrun for example_dynamic_task_mapping to 2022-03-04T00:00:00+00:00, run_after=2022-03-05T00:00:00+00:00
[2024-01-31T08:59:18.334+0000] {processor.py:183} INFO - Processing /home/deprojectue/miniconda3/envs/airflow_demo/lib/python3.9/site-packages/airflow/example_dags/example_dynamic_task_mapping.py took 0.083 seconds
[2024-01-31T09:00:16.406+0000] {processor.py:161} INFO - Started process (PID=215930) to work on /home/deprojectue/miniconda3/envs/airflow_demo/lib/python3.9/site-packages/airflow/example_dags/example_dynamic_task_mapping.py
[2024-01-31T09:00:16.408+0000] {processor.py:830} INFO - Processing file /home/deprojectue/miniconda3/envs/airflow_demo/lib/python3.9/site-packages/airflow/example_dags/example_dynamic_task_mapping.py for tasks to queue
[2024-01-31T09:00:16.412+0000] {logging_mixin.py:188} INFO - [2024-01-31T09:00:16.412+0000] {dagbag.py:538} INFO - Filling up the DagBag from /home/deprojectue/miniconda3/envs/airflow_demo/lib/python3.9/site-packages/airflow/example_dags/example_dynamic_task_mapping.py
[2024-01-31T09:00:16.423+0000] {processor.py:840} INFO - DAG(s) 'example_dynamic_task_mapping' retrieved from /home/deprojectue/miniconda3/envs/airflow_demo/lib/python3.9/site-packages/airflow/example_dags/example_dynamic_task_mapping.py
[2024-01-31T09:00:16.443+0000] {logging_mixin.py:188} INFO - [2024-01-31T09:00:16.442+0000] {dag.py:3033} INFO - Sync 1 DAGs
[2024-01-31T09:00:16.462+0000] {logging_mixin.py:188} INFO - [2024-01-31T09:00:16.462+0000] {dag.py:3820} INFO - Setting next_dagrun for example_dynamic_task_mapping to 2022-03-04T00:00:00+00:00, run_after=2022-03-05T00:00:00+00:00
[2024-01-31T09:00:16.490+0000] {processor.py:183} INFO - Processing /home/deprojectue/miniconda3/envs/airflow_demo/lib/python3.9/site-packages/airflow/example_dags/example_dynamic_task_mapping.py took 0.089 seconds
[2024-01-31T09:01:12.801+0000] {processor.py:161} INFO - Started process (PID=215990) to work on /home/deprojectue/miniconda3/envs/airflow_demo/lib/python3.9/site-packages/airflow/example_dags/example_dynamic_task_mapping.py
[2024-01-31T09:01:12.804+0000] {processor.py:830} INFO - Processing file /home/deprojectue/miniconda3/envs/airflow_demo/lib/python3.9/site-packages/airflow/example_dags/example_dynamic_task_mapping.py for tasks to queue
[2024-01-31T09:01:12.807+0000] {logging_mixin.py:188} INFO - [2024-01-31T09:01:12.807+0000] {dagbag.py:538} INFO - Filling up the DagBag from /home/deprojectue/miniconda3/envs/airflow_demo/lib/python3.9/site-packages/airflow/example_dags/example_dynamic_task_mapping.py
[2024-01-31T09:01:12.817+0000] {processor.py:840} INFO - DAG(s) 'example_dynamic_task_mapping' retrieved from /home/deprojectue/miniconda3/envs/airflow_demo/lib/python3.9/site-packages/airflow/example_dags/example_dynamic_task_mapping.py
[2024-01-31T09:01:12.836+0000] {logging_mixin.py:188} INFO - [2024-01-31T09:01:12.836+0000] {dag.py:3033} INFO - Sync 1 DAGs
[2024-01-31T09:01:12.856+0000] {logging_mixin.py:188} INFO - [2024-01-31T09:01:12.856+0000] {dag.py:3820} INFO - Setting next_dagrun for example_dynamic_task_mapping to 2022-03-04T00:00:00+00:00, run_after=2022-03-05T00:00:00+00:00
[2024-01-31T09:01:12.880+0000] {processor.py:183} INFO - Processing /home/deprojectue/miniconda3/envs/airflow_demo/lib/python3.9/site-packages/airflow/example_dags/example_dynamic_task_mapping.py took 0.083 seconds
[2024-01-31T09:02:07.536+0000] {processor.py:161} INFO - Started process (PID=216049) to work on /home/deprojectue/miniconda3/envs/airflow_demo/lib/python3.9/site-packages/airflow/example_dags/example_dynamic_task_mapping.py
[2024-01-31T09:02:07.538+0000] {processor.py:830} INFO - Processing file /home/deprojectue/miniconda3/envs/airflow_demo/lib/python3.9/site-packages/airflow/example_dags/example_dynamic_task_mapping.py for tasks to queue
[2024-01-31T09:02:07.541+0000] {logging_mixin.py:188} INFO - [2024-01-31T09:02:07.541+0000] {dagbag.py:538} INFO - Filling up the DagBag from /home/deprojectue/miniconda3/envs/airflow_demo/lib/python3.9/site-packages/airflow/example_dags/example_dynamic_task_mapping.py
[2024-01-31T09:02:07.553+0000] {processor.py:840} INFO - DAG(s) 'example_dynamic_task_mapping' retrieved from /home/deprojectue/miniconda3/envs/airflow_demo/lib/python3.9/site-packages/airflow/example_dags/example_dynamic_task_mapping.py
[2024-01-31T09:02:07.573+0000] {logging_mixin.py:188} INFO - [2024-01-31T09:02:07.572+0000] {dag.py:3033} INFO - Sync 1 DAGs
[2024-01-31T09:02:07.595+0000] {logging_mixin.py:188} INFO - [2024-01-31T09:02:07.594+0000] {dag.py:3820} INFO - Setting next_dagrun for example_dynamic_task_mapping to 2022-03-04T00:00:00+00:00, run_after=2022-03-05T00:00:00+00:00
[2024-01-31T09:02:07.621+0000] {processor.py:183} INFO - Processing /home/deprojectue/miniconda3/envs/airflow_demo/lib/python3.9/site-packages/airflow/example_dags/example_dynamic_task_mapping.py took 0.090 seconds
[2024-01-31T09:03:03.547+0000] {processor.py:161} INFO - Started process (PID=216108) to work on /home/deprojectue/miniconda3/envs/airflow_demo/lib/python3.9/site-packages/airflow/example_dags/example_dynamic_task_mapping.py
[2024-01-31T09:03:03.550+0000] {processor.py:830} INFO - Processing file /home/deprojectue/miniconda3/envs/airflow_demo/lib/python3.9/site-packages/airflow/example_dags/example_dynamic_task_mapping.py for tasks to queue
[2024-01-31T09:03:03.553+0000] {logging_mixin.py:188} INFO - [2024-01-31T09:03:03.553+0000] {dagbag.py:538} INFO - Filling up the DagBag from /home/deprojectue/miniconda3/envs/airflow_demo/lib/python3.9/site-packages/airflow/example_dags/example_dynamic_task_mapping.py
[2024-01-31T09:03:03.564+0000] {processor.py:840} INFO - DAG(s) 'example_dynamic_task_mapping' retrieved from /home/deprojectue/miniconda3/envs/airflow_demo/lib/python3.9/site-packages/airflow/example_dags/example_dynamic_task_mapping.py
[2024-01-31T09:03:03.584+0000] {logging_mixin.py:188} INFO - [2024-01-31T09:03:03.583+0000] {dag.py:3033} INFO - Sync 1 DAGs
[2024-01-31T09:03:03.605+0000] {logging_mixin.py:188} INFO - [2024-01-31T09:03:03.605+0000] {dag.py:3820} INFO - Setting next_dagrun for example_dynamic_task_mapping to 2022-03-04T00:00:00+00:00, run_after=2022-03-05T00:00:00+00:00
[2024-01-31T09:03:03.630+0000] {processor.py:183} INFO - Processing /home/deprojectue/miniconda3/envs/airflow_demo/lib/python3.9/site-packages/airflow/example_dags/example_dynamic_task_mapping.py took 0.087 seconds
[2024-01-31T09:03:58.619+0000] {processor.py:161} INFO - Started process (PID=216164) to work on /home/deprojectue/miniconda3/envs/airflow_demo/lib/python3.9/site-packages/airflow/example_dags/example_dynamic_task_mapping.py
[2024-01-31T09:03:58.621+0000] {processor.py:830} INFO - Processing file /home/deprojectue/miniconda3/envs/airflow_demo/lib/python3.9/site-packages/airflow/example_dags/example_dynamic_task_mapping.py for tasks to queue
[2024-01-31T09:03:58.624+0000] {logging_mixin.py:188} INFO - [2024-01-31T09:03:58.624+0000] {dagbag.py:538} INFO - Filling up the DagBag from /home/deprojectue/miniconda3/envs/airflow_demo/lib/python3.9/site-packages/airflow/example_dags/example_dynamic_task_mapping.py
[2024-01-31T09:03:58.635+0000] {processor.py:840} INFO - DAG(s) 'example_dynamic_task_mapping' retrieved from /home/deprojectue/miniconda3/envs/airflow_demo/lib/python3.9/site-packages/airflow/example_dags/example_dynamic_task_mapping.py
[2024-01-31T09:03:58.654+0000] {logging_mixin.py:188} INFO - [2024-01-31T09:03:58.653+0000] {dag.py:3033} INFO - Sync 1 DAGs
[2024-01-31T09:03:58.673+0000] {logging_mixin.py:188} INFO - [2024-01-31T09:03:58.673+0000] {dag.py:3820} INFO - Setting next_dagrun for example_dynamic_task_mapping to 2022-03-04T00:00:00+00:00, run_after=2022-03-05T00:00:00+00:00
[2024-01-31T09:03:58.697+0000] {processor.py:183} INFO - Processing /home/deprojectue/miniconda3/envs/airflow_demo/lib/python3.9/site-packages/airflow/example_dags/example_dynamic_task_mapping.py took 0.082 seconds
[2024-01-31T09:04:52.787+0000] {processor.py:161} INFO - Started process (PID=216223) to work on /home/deprojectue/miniconda3/envs/airflow_demo/lib/python3.9/site-packages/airflow/example_dags/example_dynamic_task_mapping.py
[2024-01-31T09:04:52.790+0000] {processor.py:830} INFO - Processing file /home/deprojectue/miniconda3/envs/airflow_demo/lib/python3.9/site-packages/airflow/example_dags/example_dynamic_task_mapping.py for tasks to queue
[2024-01-31T09:04:52.794+0000] {logging_mixin.py:188} INFO - [2024-01-31T09:04:52.793+0000] {dagbag.py:538} INFO - Filling up the DagBag from /home/deprojectue/miniconda3/envs/airflow_demo/lib/python3.9/site-packages/airflow/example_dags/example_dynamic_task_mapping.py
[2024-01-31T09:04:52.805+0000] {processor.py:840} INFO - DAG(s) 'example_dynamic_task_mapping' retrieved from /home/deprojectue/miniconda3/envs/airflow_demo/lib/python3.9/site-packages/airflow/example_dags/example_dynamic_task_mapping.py
[2024-01-31T09:04:52.825+0000] {logging_mixin.py:188} INFO - [2024-01-31T09:04:52.824+0000] {dag.py:3033} INFO - Sync 1 DAGs
[2024-01-31T09:04:52.845+0000] {logging_mixin.py:188} INFO - [2024-01-31T09:04:52.845+0000] {dag.py:3820} INFO - Setting next_dagrun for example_dynamic_task_mapping to 2022-03-04T00:00:00+00:00, run_after=2022-03-05T00:00:00+00:00
[2024-01-31T09:04:52.873+0000] {processor.py:183} INFO - Processing /home/deprojectue/miniconda3/envs/airflow_demo/lib/python3.9/site-packages/airflow/example_dags/example_dynamic_task_mapping.py took 0.090 seconds
[2024-01-31T09:36:13.438+0000] {processor.py:161} INFO - Started process (PID=216907) to work on /home/deprojectue/miniconda3/envs/airflow_demo/lib/python3.9/site-packages/airflow/example_dags/example_dynamic_task_mapping.py
[2024-01-31T09:36:13.441+0000] {processor.py:830} INFO - Processing file /home/deprojectue/miniconda3/envs/airflow_demo/lib/python3.9/site-packages/airflow/example_dags/example_dynamic_task_mapping.py for tasks to queue
[2024-01-31T09:36:13.448+0000] {logging_mixin.py:188} INFO - [2024-01-31T09:36:13.444+0000] {dagbag.py:538} INFO - Filling up the DagBag from /home/deprojectue/miniconda3/envs/airflow_demo/lib/python3.9/site-packages/airflow/example_dags/example_dynamic_task_mapping.py
[2024-01-31T09:36:13.464+0000] {processor.py:840} INFO - DAG(s) 'example_dynamic_task_mapping' retrieved from /home/deprojectue/miniconda3/envs/airflow_demo/lib/python3.9/site-packages/airflow/example_dags/example_dynamic_task_mapping.py
[2024-01-31T09:36:13.753+0000] {logging_mixin.py:188} INFO - [2024-01-31T09:36:13.741+0000] {override.py:1769} INFO - Created Permission View: can edit on DAG:example_dynamic_task_mapping
[2024-01-31T09:36:13.771+0000] {logging_mixin.py:188} INFO - [2024-01-31T09:36:13.770+0000] {override.py:1769} INFO - Created Permission View: can read on DAG:example_dynamic_task_mapping
[2024-01-31T09:36:13.784+0000] {logging_mixin.py:188} INFO - [2024-01-31T09:36:13.783+0000] {override.py:1769} INFO - Created Permission View: can delete on DAG:example_dynamic_task_mapping
[2024-01-31T09:36:13.785+0000] {logging_mixin.py:188} INFO - [2024-01-31T09:36:13.784+0000] {dag.py:3033} INFO - Sync 1 DAGs
[2024-01-31T09:36:13.799+0000] {logging_mixin.py:188} INFO - [2024-01-31T09:36:13.799+0000] {dag.py:3055} INFO - Creating ORM DAG for example_dynamic_task_mapping
[2024-01-31T09:36:13.831+0000] {logging_mixin.py:188} INFO - [2024-01-31T09:36:13.823+0000] {dag.py:3820} INFO - Setting next_dagrun for example_dynamic_task_mapping to 2022-03-04T00:00:00+00:00, run_after=2022-03-05T00:00:00+00:00
[2024-01-31T09:36:13.898+0000] {processor.py:183} INFO - Processing /home/deprojectue/miniconda3/envs/airflow_demo/lib/python3.9/site-packages/airflow/example_dags/example_dynamic_task_mapping.py took 0.464 seconds
