[2024-01-31T02:07:47.251+0000] {processor.py:161} INFO - Started process (PID=210601) to work on /home/deprojectue/miniconda3/envs/airflow_demo/lib/python3.9/site-packages/airflow/example_dags/example_setup_teardown.py
[2024-01-31T02:07:47.252+0000] {processor.py:830} INFO - Processing file /home/deprojectue/miniconda3/envs/airflow_demo/lib/python3.9/site-packages/airflow/example_dags/example_setup_teardown.py for tasks to queue
[2024-01-31T02:07:47.253+0000] {logging_mixin.py:188} INFO - [2024-01-31T02:07:47.253+0000] {dagbag.py:538} INFO - Filling up the DagBag from /home/deprojectue/miniconda3/envs/airflow_demo/lib/python3.9/site-packages/airflow/example_dags/example_setup_teardown.py
[2024-01-31T02:07:47.262+0000] {processor.py:840} INFO - DAG(s) 'example_setup_teardown' retrieved from /home/deprojectue/miniconda3/envs/airflow_demo/lib/python3.9/site-packages/airflow/example_dags/example_setup_teardown.py
[2024-01-31T02:07:47.374+0000] {logging_mixin.py:188} INFO - [2024-01-31T02:07:47.373+0000] {override.py:1769} INFO - Created Permission View: can read on DAG:example_setup_teardown
[2024-01-31T02:07:47.387+0000] {logging_mixin.py:188} INFO - [2024-01-31T02:07:47.386+0000] {override.py:1769} INFO - Created Permission View: can delete on DAG:example_setup_teardown
[2024-01-31T02:07:47.397+0000] {logging_mixin.py:188} INFO - [2024-01-31T02:07:47.397+0000] {override.py:1769} INFO - Created Permission View: can edit on DAG:example_setup_teardown
[2024-01-31T02:07:47.398+0000] {logging_mixin.py:188} INFO - [2024-01-31T02:07:47.397+0000] {dag.py:3033} INFO - Sync 1 DAGs
[2024-01-31T02:07:47.408+0000] {logging_mixin.py:188} INFO - [2024-01-31T02:07:47.408+0000] {dag.py:3055} INFO - Creating ORM DAG for example_setup_teardown
[2024-01-31T02:07:47.418+0000] {logging_mixin.py:188} INFO - [2024-01-31T02:07:47.418+0000] {dag.py:3820} INFO - Setting next_dagrun for example_setup_teardown to 2024-01-30T00:00:00+00:00, run_after=2024-01-31T00:00:00+00:00
[2024-01-31T02:07:47.440+0000] {processor.py:183} INFO - Processing /home/deprojectue/miniconda3/envs/airflow_demo/lib/python3.9/site-packages/airflow/example_dags/example_setup_teardown.py took 0.193 seconds
[2024-01-31T02:09:18.229+0000] {processor.py:161} INFO - Started process (PID=210802) to work on /home/deprojectue/miniconda3/envs/airflow_demo/lib/python3.9/site-packages/airflow/example_dags/example_setup_teardown.py
[2024-01-31T02:09:18.231+0000] {processor.py:830} INFO - Processing file /home/deprojectue/miniconda3/envs/airflow_demo/lib/python3.9/site-packages/airflow/example_dags/example_setup_teardown.py for tasks to queue
[2024-01-31T02:09:18.232+0000] {logging_mixin.py:188} INFO - [2024-01-31T02:09:18.232+0000] {dagbag.py:538} INFO - Filling up the DagBag from /home/deprojectue/miniconda3/envs/airflow_demo/lib/python3.9/site-packages/airflow/example_dags/example_setup_teardown.py
[2024-01-31T02:09:18.282+0000] {processor.py:840} INFO - DAG(s) 'example_setup_teardown' retrieved from /home/deprojectue/miniconda3/envs/airflow_demo/lib/python3.9/site-packages/airflow/example_dags/example_setup_teardown.py
[2024-01-31T02:09:18.367+0000] {logging_mixin.py:188} INFO - [2024-01-31T02:09:18.367+0000] {dag.py:3033} INFO - Sync 1 DAGs
[2024-01-31T02:09:18.482+0000] {logging_mixin.py:188} INFO - [2024-01-31T02:09:18.482+0000] {dag.py:3820} INFO - Setting next_dagrun for example_setup_teardown to 2024-01-30T00:00:00+00:00, run_after=2024-01-31T00:00:00+00:00
[2024-01-31T02:09:18.603+0000] {processor.py:183} INFO - Processing /home/deprojectue/miniconda3/envs/airflow_demo/lib/python3.9/site-packages/airflow/example_dags/example_setup_teardown.py took 0.392 seconds
[2024-01-31T02:10:11.376+0000] {processor.py:161} INFO - Started process (PID=210971) to work on /home/deprojectue/miniconda3/envs/airflow_demo/lib/python3.9/site-packages/airflow/example_dags/example_setup_teardown.py
[2024-01-31T02:10:11.378+0000] {processor.py:830} INFO - Processing file /home/deprojectue/miniconda3/envs/airflow_demo/lib/python3.9/site-packages/airflow/example_dags/example_setup_teardown.py for tasks to queue
[2024-01-31T02:10:11.380+0000] {logging_mixin.py:188} INFO - [2024-01-31T02:10:11.379+0000] {dagbag.py:538} INFO - Filling up the DagBag from /home/deprojectue/miniconda3/envs/airflow_demo/lib/python3.9/site-packages/airflow/example_dags/example_setup_teardown.py
[2024-01-31T02:10:11.397+0000] {processor.py:840} INFO - DAG(s) 'example_setup_teardown' retrieved from /home/deprojectue/miniconda3/envs/airflow_demo/lib/python3.9/site-packages/airflow/example_dags/example_setup_teardown.py
[2024-01-31T02:10:11.459+0000] {logging_mixin.py:188} INFO - [2024-01-31T02:10:11.459+0000] {dag.py:3033} INFO - Sync 1 DAGs
[2024-01-31T02:10:11.490+0000] {logging_mixin.py:188} INFO - [2024-01-31T02:10:11.490+0000] {dag.py:3820} INFO - Setting next_dagrun for example_setup_teardown to 2024-01-30T00:00:00+00:00, run_after=2024-01-31T00:00:00+00:00
[2024-01-31T02:10:11.607+0000] {processor.py:183} INFO - Processing /home/deprojectue/miniconda3/envs/airflow_demo/lib/python3.9/site-packages/airflow/example_dags/example_setup_teardown.py took 0.237 seconds
[2024-01-31T02:13:00.754+0000] {processor.py:161} INFO - Started process (PID=211057) to work on /home/deprojectue/miniconda3/envs/airflow_demo/lib/python3.9/site-packages/airflow/example_dags/example_setup_teardown.py
[2024-01-31T02:13:00.756+0000] {processor.py:830} INFO - Processing file /home/deprojectue/miniconda3/envs/airflow_demo/lib/python3.9/site-packages/airflow/example_dags/example_setup_teardown.py for tasks to queue
[2024-01-31T02:13:00.760+0000] {logging_mixin.py:188} INFO - [2024-01-31T02:13:00.759+0000] {dagbag.py:538} INFO - Filling up the DagBag from /home/deprojectue/miniconda3/envs/airflow_demo/lib/python3.9/site-packages/airflow/example_dags/example_setup_teardown.py
[2024-01-31T02:13:00.769+0000] {processor.py:840} INFO - DAG(s) 'example_setup_teardown' retrieved from /home/deprojectue/miniconda3/envs/airflow_demo/lib/python3.9/site-packages/airflow/example_dags/example_setup_teardown.py
[2024-01-31T02:13:00.792+0000] {logging_mixin.py:188} INFO - [2024-01-31T02:13:00.792+0000] {dag.py:3033} INFO - Sync 1 DAGs
[2024-01-31T02:13:00.815+0000] {logging_mixin.py:188} INFO - [2024-01-31T02:13:00.815+0000] {dag.py:3820} INFO - Setting next_dagrun for example_setup_teardown to 2024-01-30T00:00:00+00:00, run_after=2024-01-31T00:00:00+00:00
[2024-01-31T02:13:00.843+0000] {processor.py:183} INFO - Processing /home/deprojectue/miniconda3/envs/airflow_demo/lib/python3.9/site-packages/airflow/example_dags/example_setup_teardown.py took 0.093 seconds
[2024-01-31T02:13:49.698+0000] {processor.py:161} INFO - Started process (PID=211116) to work on /home/deprojectue/miniconda3/envs/airflow_demo/lib/python3.9/site-packages/airflow/example_dags/example_setup_teardown.py
[2024-01-31T02:13:49.700+0000] {processor.py:830} INFO - Processing file /home/deprojectue/miniconda3/envs/airflow_demo/lib/python3.9/site-packages/airflow/example_dags/example_setup_teardown.py for tasks to queue
[2024-01-31T02:13:49.704+0000] {logging_mixin.py:188} INFO - [2024-01-31T02:13:49.703+0000] {dagbag.py:538} INFO - Filling up the DagBag from /home/deprojectue/miniconda3/envs/airflow_demo/lib/python3.9/site-packages/airflow/example_dags/example_setup_teardown.py
[2024-01-31T02:13:49.715+0000] {processor.py:840} INFO - DAG(s) 'example_setup_teardown' retrieved from /home/deprojectue/miniconda3/envs/airflow_demo/lib/python3.9/site-packages/airflow/example_dags/example_setup_teardown.py
[2024-01-31T02:13:49.736+0000] {logging_mixin.py:188} INFO - [2024-01-31T02:13:49.736+0000] {dag.py:3033} INFO - Sync 1 DAGs
[2024-01-31T02:13:49.760+0000] {logging_mixin.py:188} INFO - [2024-01-31T02:13:49.760+0000] {dag.py:3820} INFO - Setting next_dagrun for example_setup_teardown to 2024-01-30T00:00:00+00:00, run_after=2024-01-31T00:00:00+00:00
[2024-01-31T02:13:49.787+0000] {processor.py:183} INFO - Processing /home/deprojectue/miniconda3/envs/airflow_demo/lib/python3.9/site-packages/airflow/example_dags/example_setup_teardown.py took 0.093 seconds
[2024-01-31T02:22:00.340+0000] {processor.py:161} INFO - Started process (PID=211317) to work on /home/deprojectue/miniconda3/envs/airflow_demo/lib/python3.9/site-packages/airflow/example_dags/example_setup_teardown.py
[2024-01-31T02:22:00.342+0000] {processor.py:830} INFO - Processing file /home/deprojectue/miniconda3/envs/airflow_demo/lib/python3.9/site-packages/airflow/example_dags/example_setup_teardown.py for tasks to queue
[2024-01-31T02:22:00.346+0000] {logging_mixin.py:188} INFO - [2024-01-31T02:22:00.345+0000] {dagbag.py:538} INFO - Filling up the DagBag from /home/deprojectue/miniconda3/envs/airflow_demo/lib/python3.9/site-packages/airflow/example_dags/example_setup_teardown.py
[2024-01-31T02:22:00.355+0000] {processor.py:840} INFO - DAG(s) 'example_setup_teardown' retrieved from /home/deprojectue/miniconda3/envs/airflow_demo/lib/python3.9/site-packages/airflow/example_dags/example_setup_teardown.py
[2024-01-31T02:22:00.378+0000] {logging_mixin.py:188} INFO - [2024-01-31T02:22:00.378+0000] {dag.py:3033} INFO - Sync 1 DAGs
[2024-01-31T02:22:00.400+0000] {logging_mixin.py:188} INFO - [2024-01-31T02:22:00.400+0000] {dag.py:3820} INFO - Setting next_dagrun for example_setup_teardown to 2024-01-30T00:00:00+00:00, run_after=2024-01-31T00:00:00+00:00
[2024-01-31T02:22:00.426+0000] {processor.py:183} INFO - Processing /home/deprojectue/miniconda3/envs/airflow_demo/lib/python3.9/site-packages/airflow/example_dags/example_setup_teardown.py took 0.090 seconds
[2024-01-31T02:22:50.611+0000] {processor.py:161} INFO - Started process (PID=211369) to work on /home/deprojectue/miniconda3/envs/airflow_demo/lib/python3.9/site-packages/airflow/example_dags/example_setup_teardown.py
[2024-01-31T02:22:50.617+0000] {processor.py:830} INFO - Processing file /home/deprojectue/miniconda3/envs/airflow_demo/lib/python3.9/site-packages/airflow/example_dags/example_setup_teardown.py for tasks to queue
[2024-01-31T02:22:50.621+0000] {logging_mixin.py:188} INFO - [2024-01-31T02:22:50.621+0000] {dagbag.py:538} INFO - Filling up the DagBag from /home/deprojectue/miniconda3/envs/airflow_demo/lib/python3.9/site-packages/airflow/example_dags/example_setup_teardown.py
[2024-01-31T02:22:50.679+0000] {processor.py:840} INFO - DAG(s) 'example_setup_teardown' retrieved from /home/deprojectue/miniconda3/envs/airflow_demo/lib/python3.9/site-packages/airflow/example_dags/example_setup_teardown.py
[2024-01-31T02:22:50.726+0000] {logging_mixin.py:188} INFO - [2024-01-31T02:22:50.725+0000] {dag.py:3033} INFO - Sync 1 DAGs
[2024-01-31T02:22:50.758+0000] {logging_mixin.py:188} INFO - [2024-01-31T02:22:50.758+0000] {dag.py:3820} INFO - Setting next_dagrun for example_setup_teardown to 2024-01-30T00:00:00+00:00, run_after=2024-01-31T00:00:00+00:00
[2024-01-31T02:22:50.835+0000] {processor.py:183} INFO - Processing /home/deprojectue/miniconda3/envs/airflow_demo/lib/python3.9/site-packages/airflow/example_dags/example_setup_teardown.py took 0.244 seconds
[2024-01-31T08:24:37.954+0000] {processor.py:161} INFO - Started process (PID=214058) to work on /home/deprojectue/miniconda3/envs/airflow_demo/lib/python3.9/site-packages/airflow/example_dags/example_setup_teardown.py
[2024-01-31T08:24:37.956+0000] {processor.py:830} INFO - Processing file /home/deprojectue/miniconda3/envs/airflow_demo/lib/python3.9/site-packages/airflow/example_dags/example_setup_teardown.py for tasks to queue
[2024-01-31T08:24:37.959+0000] {logging_mixin.py:188} INFO - [2024-01-31T08:24:37.959+0000] {dagbag.py:538} INFO - Filling up the DagBag from /home/deprojectue/miniconda3/envs/airflow_demo/lib/python3.9/site-packages/airflow/example_dags/example_setup_teardown.py
[2024-01-31T08:24:37.968+0000] {processor.py:840} INFO - DAG(s) 'example_setup_teardown' retrieved from /home/deprojectue/miniconda3/envs/airflow_demo/lib/python3.9/site-packages/airflow/example_dags/example_setup_teardown.py
[2024-01-31T08:24:37.992+0000] {logging_mixin.py:188} INFO - [2024-01-31T08:24:37.992+0000] {dag.py:3033} INFO - Sync 1 DAGs
[2024-01-31T08:24:38.015+0000] {logging_mixin.py:188} INFO - [2024-01-31T08:24:38.015+0000] {dag.py:3820} INFO - Setting next_dagrun for example_setup_teardown to 2024-01-30T00:00:00+00:00, run_after=2024-01-31T00:00:00+00:00
[2024-01-31T08:24:38.040+0000] {processor.py:183} INFO - Processing /home/deprojectue/miniconda3/envs/airflow_demo/lib/python3.9/site-packages/airflow/example_dags/example_setup_teardown.py took 0.091 seconds
[2024-01-31T08:25:27.387+0000] {processor.py:161} INFO - Started process (PID=214109) to work on /home/deprojectue/miniconda3/envs/airflow_demo/lib/python3.9/site-packages/airflow/example_dags/example_setup_teardown.py
[2024-01-31T08:25:27.389+0000] {processor.py:830} INFO - Processing file /home/deprojectue/miniconda3/envs/airflow_demo/lib/python3.9/site-packages/airflow/example_dags/example_setup_teardown.py for tasks to queue
[2024-01-31T08:25:27.392+0000] {logging_mixin.py:188} INFO - [2024-01-31T08:25:27.392+0000] {dagbag.py:538} INFO - Filling up the DagBag from /home/deprojectue/miniconda3/envs/airflow_demo/lib/python3.9/site-packages/airflow/example_dags/example_setup_teardown.py
[2024-01-31T08:25:27.402+0000] {processor.py:840} INFO - DAG(s) 'example_setup_teardown' retrieved from /home/deprojectue/miniconda3/envs/airflow_demo/lib/python3.9/site-packages/airflow/example_dags/example_setup_teardown.py
[2024-01-31T08:25:27.423+0000] {logging_mixin.py:188} INFO - [2024-01-31T08:25:27.423+0000] {dag.py:3033} INFO - Sync 1 DAGs
[2024-01-31T08:25:27.447+0000] {logging_mixin.py:188} INFO - [2024-01-31T08:25:27.447+0000] {dag.py:3820} INFO - Setting next_dagrun for example_setup_teardown to 2024-01-30T00:00:00+00:00, run_after=2024-01-31T00:00:00+00:00
[2024-01-31T08:25:27.470+0000] {processor.py:183} INFO - Processing /home/deprojectue/miniconda3/envs/airflow_demo/lib/python3.9/site-packages/airflow/example_dags/example_setup_teardown.py took 0.088 seconds
[2024-01-31T08:52:10.476+0000] {processor.py:161} INFO - Started process (PID=215390) to work on /home/deprojectue/miniconda3/envs/airflow_demo/lib/python3.9/site-packages/airflow/example_dags/example_setup_teardown.py
[2024-01-31T08:52:10.478+0000] {processor.py:830} INFO - Processing file /home/deprojectue/miniconda3/envs/airflow_demo/lib/python3.9/site-packages/airflow/example_dags/example_setup_teardown.py for tasks to queue
[2024-01-31T08:52:10.482+0000] {logging_mixin.py:188} INFO - [2024-01-31T08:52:10.481+0000] {dagbag.py:538} INFO - Filling up the DagBag from /home/deprojectue/miniconda3/envs/airflow_demo/lib/python3.9/site-packages/airflow/example_dags/example_setup_teardown.py
[2024-01-31T08:52:10.493+0000] {processor.py:840} INFO - DAG(s) 'example_setup_teardown' retrieved from /home/deprojectue/miniconda3/envs/airflow_demo/lib/python3.9/site-packages/airflow/example_dags/example_setup_teardown.py
[2024-01-31T08:52:10.516+0000] {logging_mixin.py:188} INFO - [2024-01-31T08:52:10.516+0000] {dag.py:3033} INFO - Sync 1 DAGs
[2024-01-31T08:52:10.536+0000] {logging_mixin.py:188} INFO - [2024-01-31T08:52:10.536+0000] {dag.py:3820} INFO - Setting next_dagrun for example_setup_teardown to 2024-01-30T00:00:00+00:00, run_after=2024-01-31T00:00:00+00:00
[2024-01-31T08:52:10.560+0000] {processor.py:183} INFO - Processing /home/deprojectue/miniconda3/envs/airflow_demo/lib/python3.9/site-packages/airflow/example_dags/example_setup_teardown.py took 0.088 seconds
[2024-01-31T08:53:01.053+0000] {processor.py:161} INFO - Started process (PID=215441) to work on /home/deprojectue/miniconda3/envs/airflow_demo/lib/python3.9/site-packages/airflow/example_dags/example_setup_teardown.py
[2024-01-31T08:53:01.055+0000] {processor.py:830} INFO - Processing file /home/deprojectue/miniconda3/envs/airflow_demo/lib/python3.9/site-packages/airflow/example_dags/example_setup_teardown.py for tasks to queue
[2024-01-31T08:53:01.059+0000] {logging_mixin.py:188} INFO - [2024-01-31T08:53:01.059+0000] {dagbag.py:538} INFO - Filling up the DagBag from /home/deprojectue/miniconda3/envs/airflow_demo/lib/python3.9/site-packages/airflow/example_dags/example_setup_teardown.py
[2024-01-31T08:53:01.074+0000] {processor.py:840} INFO - DAG(s) 'example_setup_teardown' retrieved from /home/deprojectue/miniconda3/envs/airflow_demo/lib/python3.9/site-packages/airflow/example_dags/example_setup_teardown.py
[2024-01-31T08:53:01.101+0000] {logging_mixin.py:188} INFO - [2024-01-31T08:53:01.100+0000] {dag.py:3033} INFO - Sync 1 DAGs
[2024-01-31T08:53:01.120+0000] {logging_mixin.py:188} INFO - [2024-01-31T08:53:01.120+0000] {dag.py:3820} INFO - Setting next_dagrun for example_setup_teardown to 2024-01-30T00:00:00+00:00, run_after=2024-01-31T00:00:00+00:00
[2024-01-31T08:53:01.143+0000] {processor.py:183} INFO - Processing /home/deprojectue/miniconda3/envs/airflow_demo/lib/python3.9/site-packages/airflow/example_dags/example_setup_teardown.py took 0.096 seconds
[2024-01-31T08:54:01.732+0000] {processor.py:161} INFO - Started process (PID=215503) to work on /home/deprojectue/miniconda3/envs/airflow_demo/lib/python3.9/site-packages/airflow/example_dags/example_setup_teardown.py
[2024-01-31T08:54:01.735+0000] {processor.py:830} INFO - Processing file /home/deprojectue/miniconda3/envs/airflow_demo/lib/python3.9/site-packages/airflow/example_dags/example_setup_teardown.py for tasks to queue
[2024-01-31T08:54:01.739+0000] {logging_mixin.py:188} INFO - [2024-01-31T08:54:01.738+0000] {dagbag.py:538} INFO - Filling up the DagBag from /home/deprojectue/miniconda3/envs/airflow_demo/lib/python3.9/site-packages/airflow/example_dags/example_setup_teardown.py
[2024-01-31T08:54:01.750+0000] {processor.py:840} INFO - DAG(s) 'example_setup_teardown' retrieved from /home/deprojectue/miniconda3/envs/airflow_demo/lib/python3.9/site-packages/airflow/example_dags/example_setup_teardown.py
[2024-01-31T08:54:01.772+0000] {logging_mixin.py:188} INFO - [2024-01-31T08:54:01.772+0000] {dag.py:3033} INFO - Sync 1 DAGs
[2024-01-31T08:54:01.793+0000] {logging_mixin.py:188} INFO - [2024-01-31T08:54:01.793+0000] {dag.py:3820} INFO - Setting next_dagrun for example_setup_teardown to 2024-01-30T00:00:00+00:00, run_after=2024-01-31T00:00:00+00:00
[2024-01-31T08:54:01.819+0000] {processor.py:183} INFO - Processing /home/deprojectue/miniconda3/envs/airflow_demo/lib/python3.9/site-packages/airflow/example_dags/example_setup_teardown.py took 0.091 seconds
[2024-01-31T08:54:51.029+0000] {processor.py:161} INFO - Started process (PID=215556) to work on /home/deprojectue/miniconda3/envs/airflow_demo/lib/python3.9/site-packages/airflow/example_dags/example_setup_teardown.py
[2024-01-31T08:54:51.031+0000] {processor.py:830} INFO - Processing file /home/deprojectue/miniconda3/envs/airflow_demo/lib/python3.9/site-packages/airflow/example_dags/example_setup_teardown.py for tasks to queue
[2024-01-31T08:54:51.034+0000] {logging_mixin.py:188} INFO - [2024-01-31T08:54:51.034+0000] {dagbag.py:538} INFO - Filling up the DagBag from /home/deprojectue/miniconda3/envs/airflow_demo/lib/python3.9/site-packages/airflow/example_dags/example_setup_teardown.py
[2024-01-31T08:54:51.046+0000] {processor.py:840} INFO - DAG(s) 'example_setup_teardown' retrieved from /home/deprojectue/miniconda3/envs/airflow_demo/lib/python3.9/site-packages/airflow/example_dags/example_setup_teardown.py
[2024-01-31T08:54:51.067+0000] {logging_mixin.py:188} INFO - [2024-01-31T08:54:51.066+0000] {dag.py:3033} INFO - Sync 1 DAGs
[2024-01-31T08:54:51.088+0000] {logging_mixin.py:188} INFO - [2024-01-31T08:54:51.088+0000] {dag.py:3820} INFO - Setting next_dagrun for example_setup_teardown to 2024-01-30T00:00:00+00:00, run_after=2024-01-31T00:00:00+00:00
[2024-01-31T08:54:51.114+0000] {processor.py:183} INFO - Processing /home/deprojectue/miniconda3/envs/airflow_demo/lib/python3.9/site-packages/airflow/example_dags/example_setup_teardown.py took 0.090 seconds
[2024-01-31T08:55:51.154+0000] {processor.py:161} INFO - Started process (PID=215619) to work on /home/deprojectue/miniconda3/envs/airflow_demo/lib/python3.9/site-packages/airflow/example_dags/example_setup_teardown.py
[2024-01-31T08:55:51.155+0000] {processor.py:830} INFO - Processing file /home/deprojectue/miniconda3/envs/airflow_demo/lib/python3.9/site-packages/airflow/example_dags/example_setup_teardown.py for tasks to queue
[2024-01-31T08:55:51.159+0000] {logging_mixin.py:188} INFO - [2024-01-31T08:55:51.158+0000] {dagbag.py:538} INFO - Filling up the DagBag from /home/deprojectue/miniconda3/envs/airflow_demo/lib/python3.9/site-packages/airflow/example_dags/example_setup_teardown.py
[2024-01-31T08:55:51.168+0000] {processor.py:840} INFO - DAG(s) 'example_setup_teardown' retrieved from /home/deprojectue/miniconda3/envs/airflow_demo/lib/python3.9/site-packages/airflow/example_dags/example_setup_teardown.py
[2024-01-31T08:55:51.188+0000] {logging_mixin.py:188} INFO - [2024-01-31T08:55:51.188+0000] {dag.py:3033} INFO - Sync 1 DAGs
[2024-01-31T08:55:51.207+0000] {logging_mixin.py:188} INFO - [2024-01-31T08:55:51.207+0000] {dag.py:3820} INFO - Setting next_dagrun for example_setup_teardown to 2024-01-30T00:00:00+00:00, run_after=2024-01-31T00:00:00+00:00
[2024-01-31T08:55:51.233+0000] {processor.py:183} INFO - Processing /home/deprojectue/miniconda3/envs/airflow_demo/lib/python3.9/site-packages/airflow/example_dags/example_setup_teardown.py took 0.083 seconds
[2024-01-31T08:56:46.962+0000] {processor.py:161} INFO - Started process (PID=215694) to work on /home/deprojectue/miniconda3/envs/airflow_demo/lib/python3.9/site-packages/airflow/example_dags/example_setup_teardown.py
[2024-01-31T08:56:46.965+0000] {processor.py:830} INFO - Processing file /home/deprojectue/miniconda3/envs/airflow_demo/lib/python3.9/site-packages/airflow/example_dags/example_setup_teardown.py for tasks to queue
[2024-01-31T08:56:46.968+0000] {logging_mixin.py:188} INFO - [2024-01-31T08:56:46.967+0000] {dagbag.py:538} INFO - Filling up the DagBag from /home/deprojectue/miniconda3/envs/airflow_demo/lib/python3.9/site-packages/airflow/example_dags/example_setup_teardown.py
[2024-01-31T08:56:46.978+0000] {processor.py:840} INFO - DAG(s) 'example_setup_teardown' retrieved from /home/deprojectue/miniconda3/envs/airflow_demo/lib/python3.9/site-packages/airflow/example_dags/example_setup_teardown.py
[2024-01-31T08:56:47.004+0000] {logging_mixin.py:188} INFO - [2024-01-31T08:56:47.004+0000] {dag.py:3033} INFO - Sync 1 DAGs
[2024-01-31T08:56:47.026+0000] {logging_mixin.py:188} INFO - [2024-01-31T08:56:47.026+0000] {dag.py:3820} INFO - Setting next_dagrun for example_setup_teardown to 2024-01-30T00:00:00+00:00, run_after=2024-01-31T00:00:00+00:00
[2024-01-31T08:56:47.051+0000] {processor.py:183} INFO - Processing /home/deprojectue/miniconda3/envs/airflow_demo/lib/python3.9/site-packages/airflow/example_dags/example_setup_teardown.py took 0.093 seconds
[2024-01-31T08:57:42.703+0000] {processor.py:161} INFO - Started process (PID=215753) to work on /home/deprojectue/miniconda3/envs/airflow_demo/lib/python3.9/site-packages/airflow/example_dags/example_setup_teardown.py
[2024-01-31T08:57:42.705+0000] {processor.py:830} INFO - Processing file /home/deprojectue/miniconda3/envs/airflow_demo/lib/python3.9/site-packages/airflow/example_dags/example_setup_teardown.py for tasks to queue
[2024-01-31T08:57:42.709+0000] {logging_mixin.py:188} INFO - [2024-01-31T08:57:42.708+0000] {dagbag.py:538} INFO - Filling up the DagBag from /home/deprojectue/miniconda3/envs/airflow_demo/lib/python3.9/site-packages/airflow/example_dags/example_setup_teardown.py
[2024-01-31T08:57:42.720+0000] {processor.py:840} INFO - DAG(s) 'example_setup_teardown' retrieved from /home/deprojectue/miniconda3/envs/airflow_demo/lib/python3.9/site-packages/airflow/example_dags/example_setup_teardown.py
[2024-01-31T08:57:42.741+0000] {logging_mixin.py:188} INFO - [2024-01-31T08:57:42.741+0000] {dag.py:3033} INFO - Sync 1 DAGs
[2024-01-31T08:57:42.761+0000] {logging_mixin.py:188} INFO - [2024-01-31T08:57:42.761+0000] {dag.py:3820} INFO - Setting next_dagrun for example_setup_teardown to 2024-01-30T00:00:00+00:00, run_after=2024-01-31T00:00:00+00:00
[2024-01-31T08:57:42.787+0000] {processor.py:183} INFO - Processing /home/deprojectue/miniconda3/envs/airflow_demo/lib/python3.9/site-packages/airflow/example_dags/example_setup_teardown.py took 0.088 seconds
[2024-01-31T08:58:40.823+0000] {processor.py:161} INFO - Started process (PID=215831) to work on /home/deprojectue/miniconda3/envs/airflow_demo/lib/python3.9/site-packages/airflow/example_dags/example_setup_teardown.py
[2024-01-31T08:58:40.826+0000] {processor.py:830} INFO - Processing file /home/deprojectue/miniconda3/envs/airflow_demo/lib/python3.9/site-packages/airflow/example_dags/example_setup_teardown.py for tasks to queue
[2024-01-31T08:58:40.829+0000] {logging_mixin.py:188} INFO - [2024-01-31T08:58:40.829+0000] {dagbag.py:538} INFO - Filling up the DagBag from /home/deprojectue/miniconda3/envs/airflow_demo/lib/python3.9/site-packages/airflow/example_dags/example_setup_teardown.py
[2024-01-31T08:58:40.840+0000] {processor.py:840} INFO - DAG(s) 'example_setup_teardown' retrieved from /home/deprojectue/miniconda3/envs/airflow_demo/lib/python3.9/site-packages/airflow/example_dags/example_setup_teardown.py
[2024-01-31T08:58:40.860+0000] {logging_mixin.py:188} INFO - [2024-01-31T08:58:40.860+0000] {dag.py:3033} INFO - Sync 1 DAGs
[2024-01-31T08:58:40.880+0000] {logging_mixin.py:188} INFO - [2024-01-31T08:58:40.879+0000] {dag.py:3820} INFO - Setting next_dagrun for example_setup_teardown to 2024-01-30T00:00:00+00:00, run_after=2024-01-31T00:00:00+00:00
[2024-01-31T08:58:40.902+0000] {processor.py:183} INFO - Processing /home/deprojectue/miniconda3/envs/airflow_demo/lib/python3.9/site-packages/airflow/example_dags/example_setup_teardown.py took 0.083 seconds
[2024-01-31T08:59:42.807+0000] {processor.py:161} INFO - Started process (PID=215895) to work on /home/deprojectue/miniconda3/envs/airflow_demo/lib/python3.9/site-packages/airflow/example_dags/example_setup_teardown.py
[2024-01-31T08:59:42.810+0000] {processor.py:830} INFO - Processing file /home/deprojectue/miniconda3/envs/airflow_demo/lib/python3.9/site-packages/airflow/example_dags/example_setup_teardown.py for tasks to queue
[2024-01-31T08:59:42.813+0000] {logging_mixin.py:188} INFO - [2024-01-31T08:59:42.813+0000] {dagbag.py:538} INFO - Filling up the DagBag from /home/deprojectue/miniconda3/envs/airflow_demo/lib/python3.9/site-packages/airflow/example_dags/example_setup_teardown.py
[2024-01-31T08:59:42.824+0000] {processor.py:840} INFO - DAG(s) 'example_setup_teardown' retrieved from /home/deprojectue/miniconda3/envs/airflow_demo/lib/python3.9/site-packages/airflow/example_dags/example_setup_teardown.py
[2024-01-31T08:59:42.845+0000] {logging_mixin.py:188} INFO - [2024-01-31T08:59:42.845+0000] {dag.py:3033} INFO - Sync 1 DAGs
[2024-01-31T08:59:42.866+0000] {logging_mixin.py:188} INFO - [2024-01-31T08:59:42.866+0000] {dag.py:3820} INFO - Setting next_dagrun for example_setup_teardown to 2024-01-30T00:00:00+00:00, run_after=2024-01-31T00:00:00+00:00
[2024-01-31T08:59:42.891+0000] {processor.py:183} INFO - Processing /home/deprojectue/miniconda3/envs/airflow_demo/lib/python3.9/site-packages/airflow/example_dags/example_setup_teardown.py took 0.089 seconds
[2024-01-31T09:00:37.350+0000] {processor.py:161} INFO - Started process (PID=215953) to work on /home/deprojectue/miniconda3/envs/airflow_demo/lib/python3.9/site-packages/airflow/example_dags/example_setup_teardown.py
[2024-01-31T09:00:37.352+0000] {processor.py:830} INFO - Processing file /home/deprojectue/miniconda3/envs/airflow_demo/lib/python3.9/site-packages/airflow/example_dags/example_setup_teardown.py for tasks to queue
[2024-01-31T09:00:37.355+0000] {logging_mixin.py:188} INFO - [2024-01-31T09:00:37.355+0000] {dagbag.py:538} INFO - Filling up the DagBag from /home/deprojectue/miniconda3/envs/airflow_demo/lib/python3.9/site-packages/airflow/example_dags/example_setup_teardown.py
[2024-01-31T09:00:37.367+0000] {processor.py:840} INFO - DAG(s) 'example_setup_teardown' retrieved from /home/deprojectue/miniconda3/envs/airflow_demo/lib/python3.9/site-packages/airflow/example_dags/example_setup_teardown.py
[2024-01-31T09:00:37.387+0000] {logging_mixin.py:188} INFO - [2024-01-31T09:00:37.387+0000] {dag.py:3033} INFO - Sync 1 DAGs
[2024-01-31T09:00:37.407+0000] {logging_mixin.py:188} INFO - [2024-01-31T09:00:37.407+0000] {dag.py:3820} INFO - Setting next_dagrun for example_setup_teardown to 2024-01-30T00:00:00+00:00, run_after=2024-01-31T00:00:00+00:00
[2024-01-31T09:00:37.433+0000] {processor.py:183} INFO - Processing /home/deprojectue/miniconda3/envs/airflow_demo/lib/python3.9/site-packages/airflow/example_dags/example_setup_teardown.py took 0.087 seconds
[2024-01-31T09:01:35.335+0000] {processor.py:161} INFO - Started process (PID=216014) to work on /home/deprojectue/miniconda3/envs/airflow_demo/lib/python3.9/site-packages/airflow/example_dags/example_setup_teardown.py
[2024-01-31T09:01:35.337+0000] {processor.py:830} INFO - Processing file /home/deprojectue/miniconda3/envs/airflow_demo/lib/python3.9/site-packages/airflow/example_dags/example_setup_teardown.py for tasks to queue
[2024-01-31T09:01:35.341+0000] {logging_mixin.py:188} INFO - [2024-01-31T09:01:35.340+0000] {dagbag.py:538} INFO - Filling up the DagBag from /home/deprojectue/miniconda3/envs/airflow_demo/lib/python3.9/site-packages/airflow/example_dags/example_setup_teardown.py
[2024-01-31T09:01:35.351+0000] {processor.py:840} INFO - DAG(s) 'example_setup_teardown' retrieved from /home/deprojectue/miniconda3/envs/airflow_demo/lib/python3.9/site-packages/airflow/example_dags/example_setup_teardown.py
[2024-01-31T09:01:35.376+0000] {logging_mixin.py:188} INFO - [2024-01-31T09:01:35.376+0000] {dag.py:3033} INFO - Sync 1 DAGs
[2024-01-31T09:01:35.397+0000] {logging_mixin.py:188} INFO - [2024-01-31T09:01:35.396+0000] {dag.py:3820} INFO - Setting next_dagrun for example_setup_teardown to 2024-01-30T00:00:00+00:00, run_after=2024-01-31T00:00:00+00:00
[2024-01-31T09:01:35.420+0000] {processor.py:183} INFO - Processing /home/deprojectue/miniconda3/envs/airflow_demo/lib/python3.9/site-packages/airflow/example_dags/example_setup_teardown.py took 0.090 seconds
[2024-01-31T09:02:31.188+0000] {processor.py:161} INFO - Started process (PID=216074) to work on /home/deprojectue/miniconda3/envs/airflow_demo/lib/python3.9/site-packages/airflow/example_dags/example_setup_teardown.py
[2024-01-31T09:02:31.190+0000] {processor.py:830} INFO - Processing file /home/deprojectue/miniconda3/envs/airflow_demo/lib/python3.9/site-packages/airflow/example_dags/example_setup_teardown.py for tasks to queue
[2024-01-31T09:02:31.194+0000] {logging_mixin.py:188} INFO - [2024-01-31T09:02:31.194+0000] {dagbag.py:538} INFO - Filling up the DagBag from /home/deprojectue/miniconda3/envs/airflow_demo/lib/python3.9/site-packages/airflow/example_dags/example_setup_teardown.py
[2024-01-31T09:02:31.205+0000] {processor.py:840} INFO - DAG(s) 'example_setup_teardown' retrieved from /home/deprojectue/miniconda3/envs/airflow_demo/lib/python3.9/site-packages/airflow/example_dags/example_setup_teardown.py
[2024-01-31T09:02:31.225+0000] {logging_mixin.py:188} INFO - [2024-01-31T09:02:31.225+0000] {dag.py:3033} INFO - Sync 1 DAGs
[2024-01-31T09:02:31.247+0000] {logging_mixin.py:188} INFO - [2024-01-31T09:02:31.246+0000] {dag.py:3820} INFO - Setting next_dagrun for example_setup_teardown to 2024-01-30T00:00:00+00:00, run_after=2024-01-31T00:00:00+00:00
[2024-01-31T09:02:31.273+0000] {processor.py:183} INFO - Processing /home/deprojectue/miniconda3/envs/airflow_demo/lib/python3.9/site-packages/airflow/example_dags/example_setup_teardown.py took 0.089 seconds
[2024-01-31T09:03:26.586+0000] {processor.py:161} INFO - Started process (PID=216130) to work on /home/deprojectue/miniconda3/envs/airflow_demo/lib/python3.9/site-packages/airflow/example_dags/example_setup_teardown.py
[2024-01-31T09:03:26.588+0000] {processor.py:830} INFO - Processing file /home/deprojectue/miniconda3/envs/airflow_demo/lib/python3.9/site-packages/airflow/example_dags/example_setup_teardown.py for tasks to queue
[2024-01-31T09:03:26.592+0000] {logging_mixin.py:188} INFO - [2024-01-31T09:03:26.591+0000] {dagbag.py:538} INFO - Filling up the DagBag from /home/deprojectue/miniconda3/envs/airflow_demo/lib/python3.9/site-packages/airflow/example_dags/example_setup_teardown.py
[2024-01-31T09:03:26.602+0000] {processor.py:840} INFO - DAG(s) 'example_setup_teardown' retrieved from /home/deprojectue/miniconda3/envs/airflow_demo/lib/python3.9/site-packages/airflow/example_dags/example_setup_teardown.py
[2024-01-31T09:03:26.622+0000] {logging_mixin.py:188} INFO - [2024-01-31T09:03:26.622+0000] {dag.py:3033} INFO - Sync 1 DAGs
[2024-01-31T09:03:26.642+0000] {logging_mixin.py:188} INFO - [2024-01-31T09:03:26.641+0000] {dag.py:3820} INFO - Setting next_dagrun for example_setup_teardown to 2024-01-30T00:00:00+00:00, run_after=2024-01-31T00:00:00+00:00
[2024-01-31T09:03:26.668+0000] {processor.py:183} INFO - Processing /home/deprojectue/miniconda3/envs/airflow_demo/lib/python3.9/site-packages/airflow/example_dags/example_setup_teardown.py took 0.086 seconds
[2024-01-31T09:04:19.708+0000] {processor.py:161} INFO - Started process (PID=216187) to work on /home/deprojectue/miniconda3/envs/airflow_demo/lib/python3.9/site-packages/airflow/example_dags/example_setup_teardown.py
[2024-01-31T09:04:19.710+0000] {processor.py:830} INFO - Processing file /home/deprojectue/miniconda3/envs/airflow_demo/lib/python3.9/site-packages/airflow/example_dags/example_setup_teardown.py for tasks to queue
[2024-01-31T09:04:19.713+0000] {logging_mixin.py:188} INFO - [2024-01-31T09:04:19.712+0000] {dagbag.py:538} INFO - Filling up the DagBag from /home/deprojectue/miniconda3/envs/airflow_demo/lib/python3.9/site-packages/airflow/example_dags/example_setup_teardown.py
[2024-01-31T09:04:19.723+0000] {processor.py:840} INFO - DAG(s) 'example_setup_teardown' retrieved from /home/deprojectue/miniconda3/envs/airflow_demo/lib/python3.9/site-packages/airflow/example_dags/example_setup_teardown.py
[2024-01-31T09:04:19.744+0000] {logging_mixin.py:188} INFO - [2024-01-31T09:04:19.744+0000] {dag.py:3033} INFO - Sync 1 DAGs
[2024-01-31T09:04:19.764+0000] {logging_mixin.py:188} INFO - [2024-01-31T09:04:19.764+0000] {dag.py:3820} INFO - Setting next_dagrun for example_setup_teardown to 2024-01-30T00:00:00+00:00, run_after=2024-01-31T00:00:00+00:00
[2024-01-31T09:04:19.789+0000] {processor.py:183} INFO - Processing /home/deprojectue/miniconda3/envs/airflow_demo/lib/python3.9/site-packages/airflow/example_dags/example_setup_teardown.py took 0.086 seconds
[2024-01-31T09:05:16.544+0000] {processor.py:161} INFO - Started process (PID=216250) to work on /home/deprojectue/miniconda3/envs/airflow_demo/lib/python3.9/site-packages/airflow/example_dags/example_setup_teardown.py
[2024-01-31T09:05:16.546+0000] {processor.py:830} INFO - Processing file /home/deprojectue/miniconda3/envs/airflow_demo/lib/python3.9/site-packages/airflow/example_dags/example_setup_teardown.py for tasks to queue
[2024-01-31T09:05:16.550+0000] {logging_mixin.py:188} INFO - [2024-01-31T09:05:16.549+0000] {dagbag.py:538} INFO - Filling up the DagBag from /home/deprojectue/miniconda3/envs/airflow_demo/lib/python3.9/site-packages/airflow/example_dags/example_setup_teardown.py
[2024-01-31T09:05:16.561+0000] {processor.py:840} INFO - DAG(s) 'example_setup_teardown' retrieved from /home/deprojectue/miniconda3/envs/airflow_demo/lib/python3.9/site-packages/airflow/example_dags/example_setup_teardown.py
[2024-01-31T09:05:16.581+0000] {logging_mixin.py:188} INFO - [2024-01-31T09:05:16.581+0000] {dag.py:3033} INFO - Sync 1 DAGs
[2024-01-31T09:05:16.601+0000] {logging_mixin.py:188} INFO - [2024-01-31T09:05:16.601+0000] {dag.py:3820} INFO - Setting next_dagrun for example_setup_teardown to 2024-01-30T00:00:00+00:00, run_after=2024-01-31T00:00:00+00:00
[2024-01-31T09:05:16.625+0000] {processor.py:183} INFO - Processing /home/deprojectue/miniconda3/envs/airflow_demo/lib/python3.9/site-packages/airflow/example_dags/example_setup_teardown.py took 0.086 seconds
[2024-01-31T09:35:56.629+0000] {processor.py:161} INFO - Started process (PID=216894) to work on /home/deprojectue/miniconda3/envs/airflow_demo/lib/python3.9/site-packages/airflow/example_dags/example_setup_teardown.py
[2024-01-31T09:35:56.631+0000] {processor.py:830} INFO - Processing file /home/deprojectue/miniconda3/envs/airflow_demo/lib/python3.9/site-packages/airflow/example_dags/example_setup_teardown.py for tasks to queue
[2024-01-31T09:35:56.636+0000] {logging_mixin.py:188} INFO - [2024-01-31T09:35:56.634+0000] {dagbag.py:538} INFO - Filling up the DagBag from /home/deprojectue/miniconda3/envs/airflow_demo/lib/python3.9/site-packages/airflow/example_dags/example_setup_teardown.py
[2024-01-31T09:35:56.648+0000] {processor.py:840} INFO - DAG(s) 'example_setup_teardown' retrieved from /home/deprojectue/miniconda3/envs/airflow_demo/lib/python3.9/site-packages/airflow/example_dags/example_setup_teardown.py
[2024-01-31T09:35:56.886+0000] {logging_mixin.py:188} INFO - [2024-01-31T09:35:56.881+0000] {override.py:1769} INFO - Created Permission View: can edit on DAG:example_setup_teardown
[2024-01-31T09:35:56.902+0000] {logging_mixin.py:188} INFO - [2024-01-31T09:35:56.901+0000] {override.py:1769} INFO - Created Permission View: can read on DAG:example_setup_teardown
[2024-01-31T09:35:56.914+0000] {logging_mixin.py:188} INFO - [2024-01-31T09:35:56.913+0000] {override.py:1769} INFO - Created Permission View: can delete on DAG:example_setup_teardown
[2024-01-31T09:35:56.914+0000] {logging_mixin.py:188} INFO - [2024-01-31T09:35:56.914+0000] {dag.py:3033} INFO - Sync 1 DAGs
[2024-01-31T09:35:56.929+0000] {logging_mixin.py:188} INFO - [2024-01-31T09:35:56.928+0000] {dag.py:3055} INFO - Creating ORM DAG for example_setup_teardown
[2024-01-31T09:35:56.950+0000] {logging_mixin.py:188} INFO - [2024-01-31T09:35:56.950+0000] {dag.py:3820} INFO - Setting next_dagrun for example_setup_teardown to 2024-01-30T00:00:00+00:00, run_after=2024-01-31T00:00:00+00:00
[2024-01-31T09:35:57.008+0000] {processor.py:183} INFO - Processing /home/deprojectue/miniconda3/envs/airflow_demo/lib/python3.9/site-packages/airflow/example_dags/example_setup_teardown.py took 0.384 seconds
