[2024-01-31T02:07:12.485+0000] {processor.py:161} INFO - Started process (PID=210191) to work on /home/deprojectue/miniconda3/envs/airflow_demo/lib/python3.9/site-packages/airflow/example_dags/tutorial_objectstorage.py
[2024-01-31T02:07:12.487+0000] {processor.py:830} INFO - Processing file /home/deprojectue/miniconda3/envs/airflow_demo/lib/python3.9/site-packages/airflow/example_dags/tutorial_objectstorage.py for tasks to queue
[2024-01-31T02:07:12.488+0000] {logging_mixin.py:188} INFO - [2024-01-31T02:07:12.487+0000] {dagbag.py:538} INFO - Filling up the DagBag from /home/deprojectue/miniconda3/envs/airflow_demo/lib/python3.9/site-packages/airflow/example_dags/tutorial_objectstorage.py
[2024-01-31T02:07:12.499+0000] {processor.py:840} INFO - DAG(s) 'tutorial_objectstorage' retrieved from /home/deprojectue/miniconda3/envs/airflow_demo/lib/python3.9/site-packages/airflow/example_dags/tutorial_objectstorage.py
[2024-01-31T02:07:12.617+0000] {logging_mixin.py:188} INFO - [2024-01-31T02:07:12.616+0000] {override.py:1769} INFO - Created Permission View: can read on DAG:tutorial_objectstorage
[2024-01-31T02:07:12.631+0000] {logging_mixin.py:188} INFO - [2024-01-31T02:07:12.630+0000] {override.py:1769} INFO - Created Permission View: can delete on DAG:tutorial_objectstorage
[2024-01-31T02:07:12.641+0000] {logging_mixin.py:188} INFO - [2024-01-31T02:07:12.640+0000] {override.py:1769} INFO - Created Permission View: can edit on DAG:tutorial_objectstorage
[2024-01-31T02:07:12.641+0000] {logging_mixin.py:188} INFO - [2024-01-31T02:07:12.641+0000] {dag.py:3033} INFO - Sync 1 DAGs
[2024-01-31T02:07:12.653+0000] {logging_mixin.py:188} INFO - [2024-01-31T02:07:12.653+0000] {dag.py:3055} INFO - Creating ORM DAG for tutorial_objectstorage
[2024-01-31T02:07:12.654+0000] {logging_mixin.py:188} INFO - [2024-01-31T02:07:12.654+0000] {dag.py:3820} INFO - Setting next_dagrun for tutorial_objectstorage to None, run_after=None
[2024-01-31T02:07:12.677+0000] {processor.py:183} INFO - Processing /home/deprojectue/miniconda3/envs/airflow_demo/lib/python3.9/site-packages/airflow/example_dags/tutorial_objectstorage.py took 0.196 seconds
[2024-01-31T02:08:10.909+0000] {processor.py:161} INFO - Started process (PID=210632) to work on /home/deprojectue/miniconda3/envs/airflow_demo/lib/python3.9/site-packages/airflow/example_dags/tutorial_objectstorage.py
[2024-01-31T02:08:10.911+0000] {processor.py:830} INFO - Processing file /home/deprojectue/miniconda3/envs/airflow_demo/lib/python3.9/site-packages/airflow/example_dags/tutorial_objectstorage.py for tasks to queue
[2024-01-31T02:08:10.912+0000] {logging_mixin.py:188} INFO - [2024-01-31T02:08:10.912+0000] {dagbag.py:538} INFO - Filling up the DagBag from /home/deprojectue/miniconda3/envs/airflow_demo/lib/python3.9/site-packages/airflow/example_dags/tutorial_objectstorage.py
[2024-01-31T02:08:10.922+0000] {processor.py:840} INFO - DAG(s) 'tutorial_objectstorage' retrieved from /home/deprojectue/miniconda3/envs/airflow_demo/lib/python3.9/site-packages/airflow/example_dags/tutorial_objectstorage.py
[2024-01-31T02:08:10.942+0000] {logging_mixin.py:188} INFO - [2024-01-31T02:08:10.942+0000] {dag.py:3033} INFO - Sync 1 DAGs
[2024-01-31T02:08:10.956+0000] {logging_mixin.py:188} INFO - [2024-01-31T02:08:10.955+0000] {dag.py:3820} INFO - Setting next_dagrun for tutorial_objectstorage to None, run_after=None
[2024-01-31T02:08:10.981+0000] {processor.py:183} INFO - Processing /home/deprojectue/miniconda3/envs/airflow_demo/lib/python3.9/site-packages/airflow/example_dags/tutorial_objectstorage.py took 0.076 seconds
[2024-01-31T02:08:47.057+0000] {processor.py:161} INFO - Started process (PID=210656) to work on /home/deprojectue/miniconda3/envs/airflow_demo/lib/python3.9/site-packages/airflow/example_dags/tutorial_objectstorage.py
[2024-01-31T02:08:47.059+0000] {processor.py:830} INFO - Processing file /home/deprojectue/miniconda3/envs/airflow_demo/lib/python3.9/site-packages/airflow/example_dags/tutorial_objectstorage.py for tasks to queue
[2024-01-31T02:08:47.060+0000] {logging_mixin.py:188} INFO - [2024-01-31T02:08:47.060+0000] {dagbag.py:538} INFO - Filling up the DagBag from /home/deprojectue/miniconda3/envs/airflow_demo/lib/python3.9/site-packages/airflow/example_dags/tutorial_objectstorage.py
[2024-01-31T02:08:47.071+0000] {processor.py:840} INFO - DAG(s) 'tutorial_objectstorage' retrieved from /home/deprojectue/miniconda3/envs/airflow_demo/lib/python3.9/site-packages/airflow/example_dags/tutorial_objectstorage.py
[2024-01-31T02:08:47.098+0000] {logging_mixin.py:188} INFO - [2024-01-31T02:08:47.098+0000] {dag.py:3033} INFO - Sync 1 DAGs
[2024-01-31T02:08:47.111+0000] {logging_mixin.py:188} INFO - [2024-01-31T02:08:47.110+0000] {dag.py:3820} INFO - Setting next_dagrun for tutorial_objectstorage to None, run_after=None
[2024-01-31T02:08:47.136+0000] {processor.py:183} INFO - Processing /home/deprojectue/miniconda3/envs/airflow_demo/lib/python3.9/site-packages/airflow/example_dags/tutorial_objectstorage.py took 0.083 seconds
[2024-01-31T02:09:43.847+0000] {processor.py:161} INFO - Started process (PID=210940) to work on /home/deprojectue/miniconda3/envs/airflow_demo/lib/python3.9/site-packages/airflow/example_dags/tutorial_objectstorage.py
[2024-01-31T02:09:43.849+0000] {processor.py:830} INFO - Processing file /home/deprojectue/miniconda3/envs/airflow_demo/lib/python3.9/site-packages/airflow/example_dags/tutorial_objectstorage.py for tasks to queue
[2024-01-31T02:09:43.850+0000] {logging_mixin.py:188} INFO - [2024-01-31T02:09:43.850+0000] {dagbag.py:538} INFO - Filling up the DagBag from /home/deprojectue/miniconda3/envs/airflow_demo/lib/python3.9/site-packages/airflow/example_dags/tutorial_objectstorage.py
[2024-01-31T02:09:43.859+0000] {processor.py:840} INFO - DAG(s) 'tutorial_objectstorage' retrieved from /home/deprojectue/miniconda3/envs/airflow_demo/lib/python3.9/site-packages/airflow/example_dags/tutorial_objectstorage.py
[2024-01-31T02:09:43.879+0000] {logging_mixin.py:188} INFO - [2024-01-31T02:09:43.878+0000] {dag.py:3033} INFO - Sync 1 DAGs
[2024-01-31T02:09:43.891+0000] {logging_mixin.py:188} INFO - [2024-01-31T02:09:43.891+0000] {dag.py:3820} INFO - Setting next_dagrun for tutorial_objectstorage to None, run_after=None
[2024-01-31T02:09:43.919+0000] {processor.py:183} INFO - Processing /home/deprojectue/miniconda3/envs/airflow_demo/lib/python3.9/site-packages/airflow/example_dags/tutorial_objectstorage.py took 0.076 seconds
[2024-01-31T02:12:31.625+0000] {processor.py:161} INFO - Started process (PID=211028) to work on /home/deprojectue/miniconda3/envs/airflow_demo/lib/python3.9/site-packages/airflow/example_dags/tutorial_objectstorage.py
[2024-01-31T02:12:31.627+0000] {processor.py:830} INFO - Processing file /home/deprojectue/miniconda3/envs/airflow_demo/lib/python3.9/site-packages/airflow/example_dags/tutorial_objectstorage.py for tasks to queue
[2024-01-31T02:12:31.631+0000] {logging_mixin.py:188} INFO - [2024-01-31T02:12:31.630+0000] {dagbag.py:538} INFO - Filling up the DagBag from /home/deprojectue/miniconda3/envs/airflow_demo/lib/python3.9/site-packages/airflow/example_dags/tutorial_objectstorage.py
[2024-01-31T02:12:31.644+0000] {processor.py:840} INFO - DAG(s) 'tutorial_objectstorage' retrieved from /home/deprojectue/miniconda3/envs/airflow_demo/lib/python3.9/site-packages/airflow/example_dags/tutorial_objectstorage.py
[2024-01-31T02:12:31.670+0000] {logging_mixin.py:188} INFO - [2024-01-31T02:12:31.670+0000] {dag.py:3033} INFO - Sync 1 DAGs
[2024-01-31T02:12:31.684+0000] {logging_mixin.py:188} INFO - [2024-01-31T02:12:31.684+0000] {dag.py:3820} INFO - Setting next_dagrun for tutorial_objectstorage to None, run_after=None
[2024-01-31T02:12:31.713+0000] {processor.py:183} INFO - Processing /home/deprojectue/miniconda3/envs/airflow_demo/lib/python3.9/site-packages/airflow/example_dags/tutorial_objectstorage.py took 0.093 seconds
[2024-01-31T02:13:21.381+0000] {processor.py:161} INFO - Started process (PID=211077) to work on /home/deprojectue/miniconda3/envs/airflow_demo/lib/python3.9/site-packages/airflow/example_dags/tutorial_objectstorage.py
[2024-01-31T02:13:21.383+0000] {processor.py:830} INFO - Processing file /home/deprojectue/miniconda3/envs/airflow_demo/lib/python3.9/site-packages/airflow/example_dags/tutorial_objectstorage.py for tasks to queue
[2024-01-31T02:13:21.387+0000] {logging_mixin.py:188} INFO - [2024-01-31T02:13:21.386+0000] {dagbag.py:538} INFO - Filling up the DagBag from /home/deprojectue/miniconda3/envs/airflow_demo/lib/python3.9/site-packages/airflow/example_dags/tutorial_objectstorage.py
[2024-01-31T02:13:21.396+0000] {processor.py:840} INFO - DAG(s) 'tutorial_objectstorage' retrieved from /home/deprojectue/miniconda3/envs/airflow_demo/lib/python3.9/site-packages/airflow/example_dags/tutorial_objectstorage.py
[2024-01-31T02:13:21.417+0000] {logging_mixin.py:188} INFO - [2024-01-31T02:13:21.416+0000] {dag.py:3033} INFO - Sync 1 DAGs
[2024-01-31T02:13:21.431+0000] {logging_mixin.py:188} INFO - [2024-01-31T02:13:21.430+0000] {dag.py:3820} INFO - Setting next_dagrun for tutorial_objectstorage to None, run_after=None
[2024-01-31T02:13:21.460+0000] {processor.py:183} INFO - Processing /home/deprojectue/miniconda3/envs/airflow_demo/lib/python3.9/site-packages/airflow/example_dags/tutorial_objectstorage.py took 0.084 seconds
[2024-01-31T02:13:59.844+0000] {processor.py:161} INFO - Started process (PID=211126) to work on /home/deprojectue/miniconda3/envs/airflow_demo/lib/python3.9/site-packages/airflow/example_dags/tutorial_objectstorage.py
[2024-01-31T02:13:59.846+0000] {processor.py:830} INFO - Processing file /home/deprojectue/miniconda3/envs/airflow_demo/lib/python3.9/site-packages/airflow/example_dags/tutorial_objectstorage.py for tasks to queue
[2024-01-31T02:13:59.850+0000] {logging_mixin.py:188} INFO - [2024-01-31T02:13:59.849+0000] {dagbag.py:538} INFO - Filling up the DagBag from /home/deprojectue/miniconda3/envs/airflow_demo/lib/python3.9/site-packages/airflow/example_dags/tutorial_objectstorage.py
[2024-01-31T02:13:59.859+0000] {processor.py:840} INFO - DAG(s) 'tutorial_objectstorage' retrieved from /home/deprojectue/miniconda3/envs/airflow_demo/lib/python3.9/site-packages/airflow/example_dags/tutorial_objectstorage.py
[2024-01-31T02:13:59.880+0000] {logging_mixin.py:188} INFO - [2024-01-31T02:13:59.879+0000] {dag.py:3033} INFO - Sync 1 DAGs
[2024-01-31T02:13:59.893+0000] {logging_mixin.py:188} INFO - [2024-01-31T02:13:59.893+0000] {dag.py:3820} INFO - Setting next_dagrun for tutorial_objectstorage to None, run_after=None
[2024-01-31T02:13:59.919+0000] {processor.py:183} INFO - Processing /home/deprojectue/miniconda3/envs/airflow_demo/lib/python3.9/site-packages/airflow/example_dags/tutorial_objectstorage.py took 0.079 seconds
[2024-01-31T02:21:27.175+0000] {processor.py:161} INFO - Started process (PID=211288) to work on /home/deprojectue/miniconda3/envs/airflow_demo/lib/python3.9/site-packages/airflow/example_dags/tutorial_objectstorage.py
[2024-01-31T02:21:27.177+0000] {processor.py:830} INFO - Processing file /home/deprojectue/miniconda3/envs/airflow_demo/lib/python3.9/site-packages/airflow/example_dags/tutorial_objectstorage.py for tasks to queue
[2024-01-31T02:21:27.181+0000] {logging_mixin.py:188} INFO - [2024-01-31T02:21:27.180+0000] {dagbag.py:538} INFO - Filling up the DagBag from /home/deprojectue/miniconda3/envs/airflow_demo/lib/python3.9/site-packages/airflow/example_dags/tutorial_objectstorage.py
[2024-01-31T02:21:27.192+0000] {processor.py:840} INFO - DAG(s) 'tutorial_objectstorage' retrieved from /home/deprojectue/miniconda3/envs/airflow_demo/lib/python3.9/site-packages/airflow/example_dags/tutorial_objectstorage.py
[2024-01-31T02:21:27.218+0000] {logging_mixin.py:188} INFO - [2024-01-31T02:21:27.218+0000] {dag.py:3033} INFO - Sync 1 DAGs
[2024-01-31T02:21:27.420+0000] {logging_mixin.py:188} INFO - [2024-01-31T02:21:27.420+0000] {dag.py:3820} INFO - Setting next_dagrun for tutorial_objectstorage to None, run_after=None
[2024-01-31T02:21:27.718+0000] {processor.py:183} INFO - Processing /home/deprojectue/miniconda3/envs/airflow_demo/lib/python3.9/site-packages/airflow/example_dags/tutorial_objectstorage.py took 0.548 seconds
[2024-01-31T02:22:20.228+0000] {processor.py:161} INFO - Started process (PID=211338) to work on /home/deprojectue/miniconda3/envs/airflow_demo/lib/python3.9/site-packages/airflow/example_dags/tutorial_objectstorage.py
[2024-01-31T02:22:20.230+0000] {processor.py:830} INFO - Processing file /home/deprojectue/miniconda3/envs/airflow_demo/lib/python3.9/site-packages/airflow/example_dags/tutorial_objectstorage.py for tasks to queue
[2024-01-31T02:22:20.234+0000] {logging_mixin.py:188} INFO - [2024-01-31T02:22:20.233+0000] {dagbag.py:538} INFO - Filling up the DagBag from /home/deprojectue/miniconda3/envs/airflow_demo/lib/python3.9/site-packages/airflow/example_dags/tutorial_objectstorage.py
[2024-01-31T02:22:20.243+0000] {processor.py:840} INFO - DAG(s) 'tutorial_objectstorage' retrieved from /home/deprojectue/miniconda3/envs/airflow_demo/lib/python3.9/site-packages/airflow/example_dags/tutorial_objectstorage.py
[2024-01-31T02:22:20.262+0000] {logging_mixin.py:188} INFO - [2024-01-31T02:22:20.262+0000] {dag.py:3033} INFO - Sync 1 DAGs
[2024-01-31T02:22:20.275+0000] {logging_mixin.py:188} INFO - [2024-01-31T02:22:20.275+0000] {dag.py:3820} INFO - Setting next_dagrun for tutorial_objectstorage to None, run_after=None
[2024-01-31T02:22:20.301+0000] {processor.py:183} INFO - Processing /home/deprojectue/miniconda3/envs/airflow_demo/lib/python3.9/site-packages/airflow/example_dags/tutorial_objectstorage.py took 0.077 seconds
[2024-01-31T08:23:03.943+0000] {processor.py:161} INFO - Started process (PID=213996) to work on /home/deprojectue/miniconda3/envs/airflow_demo/lib/python3.9/site-packages/airflow/example_dags/tutorial_objectstorage.py
[2024-01-31T08:23:03.944+0000] {processor.py:830} INFO - Processing file /home/deprojectue/miniconda3/envs/airflow_demo/lib/python3.9/site-packages/airflow/example_dags/tutorial_objectstorage.py for tasks to queue
[2024-01-31T08:23:03.947+0000] {logging_mixin.py:188} INFO - [2024-01-31T08:23:03.947+0000] {dagbag.py:538} INFO - Filling up the DagBag from /home/deprojectue/miniconda3/envs/airflow_demo/lib/python3.9/site-packages/airflow/example_dags/tutorial_objectstorage.py
[2024-01-31T08:23:03.959+0000] {processor.py:840} INFO - DAG(s) 'tutorial_objectstorage' retrieved from /home/deprojectue/miniconda3/envs/airflow_demo/lib/python3.9/site-packages/airflow/example_dags/tutorial_objectstorage.py
[2024-01-31T08:23:03.983+0000] {logging_mixin.py:188} INFO - [2024-01-31T08:23:03.983+0000] {dag.py:3033} INFO - Sync 1 DAGs
[2024-01-31T08:23:03.997+0000] {logging_mixin.py:188} INFO - [2024-01-31T08:23:03.996+0000] {dag.py:3820} INFO - Setting next_dagrun for tutorial_objectstorage to None, run_after=None
[2024-01-31T08:23:04.023+0000] {processor.py:183} INFO - Processing /home/deprojectue/miniconda3/envs/airflow_demo/lib/python3.9/site-packages/airflow/example_dags/tutorial_objectstorage.py took 0.085 seconds
[2024-01-31T08:24:01.741+0000] {processor.py:161} INFO - Started process (PID=214021) to work on /home/deprojectue/miniconda3/envs/airflow_demo/lib/python3.9/site-packages/airflow/example_dags/tutorial_objectstorage.py
[2024-01-31T08:24:01.745+0000] {processor.py:830} INFO - Processing file /home/deprojectue/miniconda3/envs/airflow_demo/lib/python3.9/site-packages/airflow/example_dags/tutorial_objectstorage.py for tasks to queue
[2024-01-31T08:24:01.751+0000] {logging_mixin.py:188} INFO - [2024-01-31T08:24:01.750+0000] {dagbag.py:538} INFO - Filling up the DagBag from /home/deprojectue/miniconda3/envs/airflow_demo/lib/python3.9/site-packages/airflow/example_dags/tutorial_objectstorage.py
[2024-01-31T08:24:01.776+0000] {processor.py:840} INFO - DAG(s) 'tutorial_objectstorage' retrieved from /home/deprojectue/miniconda3/envs/airflow_demo/lib/python3.9/site-packages/airflow/example_dags/tutorial_objectstorage.py
[2024-01-31T08:24:01.814+0000] {logging_mixin.py:188} INFO - [2024-01-31T08:24:01.812+0000] {dag.py:3033} INFO - Sync 1 DAGs
[2024-01-31T08:24:01.836+0000] {logging_mixin.py:188} INFO - [2024-01-31T08:24:01.836+0000] {dag.py:3820} INFO - Setting next_dagrun for tutorial_objectstorage to None, run_after=None
[2024-01-31T08:24:01.865+0000] {processor.py:183} INFO - Processing /home/deprojectue/miniconda3/envs/airflow_demo/lib/python3.9/site-packages/airflow/example_dags/tutorial_objectstorage.py took 0.134 seconds
[2024-01-31T08:24:57.829+0000] {processor.py:161} INFO - Started process (PID=214078) to work on /home/deprojectue/miniconda3/envs/airflow_demo/lib/python3.9/site-packages/airflow/example_dags/tutorial_objectstorage.py
[2024-01-31T08:24:57.831+0000] {processor.py:830} INFO - Processing file /home/deprojectue/miniconda3/envs/airflow_demo/lib/python3.9/site-packages/airflow/example_dags/tutorial_objectstorage.py for tasks to queue
[2024-01-31T08:24:57.834+0000] {logging_mixin.py:188} INFO - [2024-01-31T08:24:57.834+0000] {dagbag.py:538} INFO - Filling up the DagBag from /home/deprojectue/miniconda3/envs/airflow_demo/lib/python3.9/site-packages/airflow/example_dags/tutorial_objectstorage.py
[2024-01-31T08:24:57.843+0000] {processor.py:840} INFO - DAG(s) 'tutorial_objectstorage' retrieved from /home/deprojectue/miniconda3/envs/airflow_demo/lib/python3.9/site-packages/airflow/example_dags/tutorial_objectstorage.py
[2024-01-31T08:24:57.863+0000] {logging_mixin.py:188} INFO - [2024-01-31T08:24:57.862+0000] {dag.py:3033} INFO - Sync 1 DAGs
[2024-01-31T08:24:57.876+0000] {logging_mixin.py:188} INFO - [2024-01-31T08:24:57.876+0000] {dag.py:3820} INFO - Setting next_dagrun for tutorial_objectstorage to None, run_after=None
[2024-01-31T08:24:57.902+0000] {processor.py:183} INFO - Processing /home/deprojectue/miniconda3/envs/airflow_demo/lib/python3.9/site-packages/airflow/example_dags/tutorial_objectstorage.py took 0.077 seconds
[2024-01-31T08:25:43.878+0000] {processor.py:161} INFO - Started process (PID=214126) to work on /home/deprojectue/miniconda3/envs/airflow_demo/lib/python3.9/site-packages/airflow/example_dags/tutorial_objectstorage.py
[2024-01-31T08:25:43.880+0000] {processor.py:830} INFO - Processing file /home/deprojectue/miniconda3/envs/airflow_demo/lib/python3.9/site-packages/airflow/example_dags/tutorial_objectstorage.py for tasks to queue
[2024-01-31T08:25:43.884+0000] {logging_mixin.py:188} INFO - [2024-01-31T08:25:43.883+0000] {dagbag.py:538} INFO - Filling up the DagBag from /home/deprojectue/miniconda3/envs/airflow_demo/lib/python3.9/site-packages/airflow/example_dags/tutorial_objectstorage.py
[2024-01-31T08:25:43.893+0000] {processor.py:840} INFO - DAG(s) 'tutorial_objectstorage' retrieved from /home/deprojectue/miniconda3/envs/airflow_demo/lib/python3.9/site-packages/airflow/example_dags/tutorial_objectstorage.py
[2024-01-31T08:25:43.913+0000] {logging_mixin.py:188} INFO - [2024-01-31T08:25:43.913+0000] {dag.py:3033} INFO - Sync 1 DAGs
[2024-01-31T08:25:43.926+0000] {logging_mixin.py:188} INFO - [2024-01-31T08:25:43.926+0000] {dag.py:3820} INFO - Setting next_dagrun for tutorial_objectstorage to None, run_after=None
[2024-01-31T08:25:43.950+0000] {processor.py:183} INFO - Processing /home/deprojectue/miniconda3/envs/airflow_demo/lib/python3.9/site-packages/airflow/example_dags/tutorial_objectstorage.py took 0.076 seconds
[2024-01-31T08:28:22.981+0000] {processor.py:161} INFO - Started process (PID=214735) to work on /home/deprojectue/miniconda3/envs/airflow_demo/lib/python3.9/site-packages/airflow/example_dags/tutorial_objectstorage.py
[2024-01-31T08:28:22.986+0000] {processor.py:830} INFO - Processing file /home/deprojectue/miniconda3/envs/airflow_demo/lib/python3.9/site-packages/airflow/example_dags/tutorial_objectstorage.py for tasks to queue
[2024-01-31T08:28:22.988+0000] {logging_mixin.py:188} INFO - [2024-01-31T08:28:22.987+0000] {dagbag.py:538} INFO - Filling up the DagBag from /home/deprojectue/miniconda3/envs/airflow_demo/lib/python3.9/site-packages/airflow/example_dags/tutorial_objectstorage.py
[2024-01-31T08:28:23.014+0000] {processor.py:840} INFO - DAG(s) 'tutorial_objectstorage' retrieved from /home/deprojectue/miniconda3/envs/airflow_demo/lib/python3.9/site-packages/airflow/example_dags/tutorial_objectstorage.py
[2024-01-31T08:28:24.213+0000] {logging_mixin.py:188} INFO - [2024-01-31T08:28:24.016+0000] {dag.py:3033} INFO - Sync 1 DAGs
[2024-01-31T08:28:24.496+0000] {logging_mixin.py:188} INFO - [2024-01-31T08:28:24.495+0000] {dag.py:3820} INFO - Setting next_dagrun for tutorial_objectstorage to None, run_after=None
[2024-01-31T08:28:26.493+0000] {processor.py:183} INFO - Processing /home/deprojectue/miniconda3/envs/airflow_demo/lib/python3.9/site-packages/airflow/example_dags/tutorial_objectstorage.py took 3.521 seconds
[2024-01-31T08:42:13.412+0000] {processor.py:161} INFO - Started process (PID=215197) to work on /home/deprojectue/miniconda3/envs/airflow_demo/lib/python3.9/site-packages/airflow/example_dags/tutorial_objectstorage.py
[2024-01-31T08:42:13.415+0000] {processor.py:830} INFO - Processing file /home/deprojectue/miniconda3/envs/airflow_demo/lib/python3.9/site-packages/airflow/example_dags/tutorial_objectstorage.py for tasks to queue
[2024-01-31T08:42:13.418+0000] {logging_mixin.py:188} INFO - [2024-01-31T08:42:13.418+0000] {dagbag.py:538} INFO - Filling up the DagBag from /home/deprojectue/miniconda3/envs/airflow_demo/lib/python3.9/site-packages/airflow/example_dags/tutorial_objectstorage.py
[2024-01-31T08:42:13.431+0000] {processor.py:840} INFO - DAG(s) 'tutorial_objectstorage' retrieved from /home/deprojectue/miniconda3/envs/airflow_demo/lib/python3.9/site-packages/airflow/example_dags/tutorial_objectstorage.py
[2024-01-31T08:42:13.455+0000] {logging_mixin.py:188} INFO - [2024-01-31T08:42:13.455+0000] {dag.py:3033} INFO - Sync 1 DAGs
[2024-01-31T08:42:13.468+0000] {logging_mixin.py:188} INFO - [2024-01-31T08:42:13.468+0000] {dag.py:3820} INFO - Setting next_dagrun for tutorial_objectstorage to None, run_after=None
[2024-01-31T08:42:13.495+0000] {processor.py:183} INFO - Processing /home/deprojectue/miniconda3/envs/airflow_demo/lib/python3.9/site-packages/airflow/example_dags/tutorial_objectstorage.py took 0.088 seconds
[2024-01-31T08:51:41.991+0000] {processor.py:161} INFO - Started process (PID=215361) to work on /home/deprojectue/miniconda3/envs/airflow_demo/lib/python3.9/site-packages/airflow/example_dags/tutorial_objectstorage.py
[2024-01-31T08:51:41.994+0000] {processor.py:830} INFO - Processing file /home/deprojectue/miniconda3/envs/airflow_demo/lib/python3.9/site-packages/airflow/example_dags/tutorial_objectstorage.py for tasks to queue
[2024-01-31T08:51:41.998+0000] {logging_mixin.py:188} INFO - [2024-01-31T08:51:41.997+0000] {dagbag.py:538} INFO - Filling up the DagBag from /home/deprojectue/miniconda3/envs/airflow_demo/lib/python3.9/site-packages/airflow/example_dags/tutorial_objectstorage.py
[2024-01-31T08:51:42.008+0000] {processor.py:840} INFO - DAG(s) 'tutorial_objectstorage' retrieved from /home/deprojectue/miniconda3/envs/airflow_demo/lib/python3.9/site-packages/airflow/example_dags/tutorial_objectstorage.py
[2024-01-31T08:51:42.035+0000] {logging_mixin.py:188} INFO - [2024-01-31T08:51:42.034+0000] {dag.py:3033} INFO - Sync 1 DAGs
[2024-01-31T08:51:42.051+0000] {logging_mixin.py:188} INFO - [2024-01-31T08:51:42.051+0000] {dag.py:3820} INFO - Setting next_dagrun for tutorial_objectstorage to None, run_after=None
[2024-01-31T08:51:42.079+0000] {processor.py:183} INFO - Processing /home/deprojectue/miniconda3/envs/airflow_demo/lib/python3.9/site-packages/airflow/example_dags/tutorial_objectstorage.py took 0.092 seconds
[2024-01-31T08:52:30.898+0000] {processor.py:161} INFO - Started process (PID=215410) to work on /home/deprojectue/miniconda3/envs/airflow_demo/lib/python3.9/site-packages/airflow/example_dags/tutorial_objectstorage.py
[2024-01-31T08:52:30.901+0000] {processor.py:830} INFO - Processing file /home/deprojectue/miniconda3/envs/airflow_demo/lib/python3.9/site-packages/airflow/example_dags/tutorial_objectstorage.py for tasks to queue
[2024-01-31T08:52:30.904+0000] {logging_mixin.py:188} INFO - [2024-01-31T08:52:30.904+0000] {dagbag.py:538} INFO - Filling up the DagBag from /home/deprojectue/miniconda3/envs/airflow_demo/lib/python3.9/site-packages/airflow/example_dags/tutorial_objectstorage.py
[2024-01-31T08:52:30.914+0000] {processor.py:840} INFO - DAG(s) 'tutorial_objectstorage' retrieved from /home/deprojectue/miniconda3/envs/airflow_demo/lib/python3.9/site-packages/airflow/example_dags/tutorial_objectstorage.py
[2024-01-31T08:52:30.934+0000] {logging_mixin.py:188} INFO - [2024-01-31T08:52:30.933+0000] {dag.py:3033} INFO - Sync 1 DAGs
[2024-01-31T08:52:30.947+0000] {logging_mixin.py:188} INFO - [2024-01-31T08:52:30.947+0000] {dag.py:3820} INFO - Setting next_dagrun for tutorial_objectstorage to None, run_after=None
[2024-01-31T08:52:30.971+0000] {processor.py:183} INFO - Processing /home/deprojectue/miniconda3/envs/airflow_demo/lib/python3.9/site-packages/airflow/example_dags/tutorial_objectstorage.py took 0.077 seconds
[2024-01-31T08:53:10.987+0000] {processor.py:161} INFO - Started process (PID=215452) to work on /home/deprojectue/miniconda3/envs/airflow_demo/lib/python3.9/site-packages/airflow/example_dags/tutorial_objectstorage.py
[2024-01-31T08:53:10.989+0000] {processor.py:830} INFO - Processing file /home/deprojectue/miniconda3/envs/airflow_demo/lib/python3.9/site-packages/airflow/example_dags/tutorial_objectstorage.py for tasks to queue
[2024-01-31T08:53:10.993+0000] {logging_mixin.py:188} INFO - [2024-01-31T08:53:10.993+0000] {dagbag.py:538} INFO - Filling up the DagBag from /home/deprojectue/miniconda3/envs/airflow_demo/lib/python3.9/site-packages/airflow/example_dags/tutorial_objectstorage.py
[2024-01-31T08:53:11.003+0000] {processor.py:840} INFO - DAG(s) 'tutorial_objectstorage' retrieved from /home/deprojectue/miniconda3/envs/airflow_demo/lib/python3.9/site-packages/airflow/example_dags/tutorial_objectstorage.py
[2024-01-31T08:53:11.023+0000] {logging_mixin.py:188} INFO - [2024-01-31T08:53:11.022+0000] {dag.py:3033} INFO - Sync 1 DAGs
[2024-01-31T08:53:11.037+0000] {logging_mixin.py:188} INFO - [2024-01-31T08:53:11.037+0000] {dag.py:3820} INFO - Setting next_dagrun for tutorial_objectstorage to None, run_after=None
[2024-01-31T08:53:11.064+0000] {processor.py:183} INFO - Processing /home/deprojectue/miniconda3/envs/airflow_demo/lib/python3.9/site-packages/airflow/example_dags/tutorial_objectstorage.py took 0.081 seconds
[2024-01-31T08:53:52.272+0000] {processor.py:161} INFO - Started process (PID=215494) to work on /home/deprojectue/miniconda3/envs/airflow_demo/lib/python3.9/site-packages/airflow/example_dags/tutorial_objectstorage.py
[2024-01-31T08:53:52.274+0000] {processor.py:830} INFO - Processing file /home/deprojectue/miniconda3/envs/airflow_demo/lib/python3.9/site-packages/airflow/example_dags/tutorial_objectstorage.py for tasks to queue
[2024-01-31T08:53:52.278+0000] {logging_mixin.py:188} INFO - [2024-01-31T08:53:52.277+0000] {dagbag.py:538} INFO - Filling up the DagBag from /home/deprojectue/miniconda3/envs/airflow_demo/lib/python3.9/site-packages/airflow/example_dags/tutorial_objectstorage.py
[2024-01-31T08:53:52.288+0000] {processor.py:840} INFO - DAG(s) 'tutorial_objectstorage' retrieved from /home/deprojectue/miniconda3/envs/airflow_demo/lib/python3.9/site-packages/airflow/example_dags/tutorial_objectstorage.py
[2024-01-31T08:53:52.308+0000] {logging_mixin.py:188} INFO - [2024-01-31T08:53:52.308+0000] {dag.py:3033} INFO - Sync 1 DAGs
[2024-01-31T08:53:52.322+0000] {logging_mixin.py:188} INFO - [2024-01-31T08:53:52.322+0000] {dag.py:3820} INFO - Setting next_dagrun for tutorial_objectstorage to None, run_after=None
[2024-01-31T08:53:52.349+0000] {processor.py:183} INFO - Processing /home/deprojectue/miniconda3/envs/airflow_demo/lib/python3.9/site-packages/airflow/example_dags/tutorial_objectstorage.py took 0.081 seconds
[2024-01-31T08:54:34.109+0000] {processor.py:161} INFO - Started process (PID=215538) to work on /home/deprojectue/miniconda3/envs/airflow_demo/lib/python3.9/site-packages/airflow/example_dags/tutorial_objectstorage.py
[2024-01-31T08:54:34.111+0000] {processor.py:830} INFO - Processing file /home/deprojectue/miniconda3/envs/airflow_demo/lib/python3.9/site-packages/airflow/example_dags/tutorial_objectstorage.py for tasks to queue
[2024-01-31T08:54:34.115+0000] {logging_mixin.py:188} INFO - [2024-01-31T08:54:34.114+0000] {dagbag.py:538} INFO - Filling up the DagBag from /home/deprojectue/miniconda3/envs/airflow_demo/lib/python3.9/site-packages/airflow/example_dags/tutorial_objectstorage.py
[2024-01-31T08:54:34.125+0000] {processor.py:840} INFO - DAG(s) 'tutorial_objectstorage' retrieved from /home/deprojectue/miniconda3/envs/airflow_demo/lib/python3.9/site-packages/airflow/example_dags/tutorial_objectstorage.py
[2024-01-31T08:54:34.146+0000] {logging_mixin.py:188} INFO - [2024-01-31T08:54:34.145+0000] {dag.py:3033} INFO - Sync 1 DAGs
[2024-01-31T08:54:34.159+0000] {logging_mixin.py:188} INFO - [2024-01-31T08:54:34.159+0000] {dag.py:3820} INFO - Setting next_dagrun for tutorial_objectstorage to None, run_after=None
[2024-01-31T08:54:34.185+0000] {processor.py:183} INFO - Processing /home/deprojectue/miniconda3/envs/airflow_demo/lib/python3.9/site-packages/airflow/example_dags/tutorial_objectstorage.py took 0.081 seconds
[2024-01-31T08:55:15.759+0000] {processor.py:161} INFO - Started process (PID=215581) to work on /home/deprojectue/miniconda3/envs/airflow_demo/lib/python3.9/site-packages/airflow/example_dags/tutorial_objectstorage.py
[2024-01-31T08:55:15.761+0000] {processor.py:830} INFO - Processing file /home/deprojectue/miniconda3/envs/airflow_demo/lib/python3.9/site-packages/airflow/example_dags/tutorial_objectstorage.py for tasks to queue
[2024-01-31T08:55:15.765+0000] {logging_mixin.py:188} INFO - [2024-01-31T08:55:15.764+0000] {dagbag.py:538} INFO - Filling up the DagBag from /home/deprojectue/miniconda3/envs/airflow_demo/lib/python3.9/site-packages/airflow/example_dags/tutorial_objectstorage.py
[2024-01-31T08:55:15.775+0000] {processor.py:840} INFO - DAG(s) 'tutorial_objectstorage' retrieved from /home/deprojectue/miniconda3/envs/airflow_demo/lib/python3.9/site-packages/airflow/example_dags/tutorial_objectstorage.py
[2024-01-31T08:55:15.798+0000] {logging_mixin.py:188} INFO - [2024-01-31T08:55:15.797+0000] {dag.py:3033} INFO - Sync 1 DAGs
[2024-01-31T08:55:15.811+0000] {logging_mixin.py:188} INFO - [2024-01-31T08:55:15.811+0000] {dag.py:3820} INFO - Setting next_dagrun for tutorial_objectstorage to None, run_after=None
[2024-01-31T08:55:15.839+0000] {processor.py:183} INFO - Processing /home/deprojectue/miniconda3/envs/airflow_demo/lib/python3.9/site-packages/airflow/example_dags/tutorial_objectstorage.py took 0.084 seconds
[2024-01-31T08:55:55.182+0000] {processor.py:161} INFO - Started process (PID=215623) to work on /home/deprojectue/miniconda3/envs/airflow_demo/lib/python3.9/site-packages/airflow/example_dags/tutorial_objectstorage.py
[2024-01-31T08:55:55.184+0000] {processor.py:830} INFO - Processing file /home/deprojectue/miniconda3/envs/airflow_demo/lib/python3.9/site-packages/airflow/example_dags/tutorial_objectstorage.py for tasks to queue
[2024-01-31T08:55:55.187+0000] {logging_mixin.py:188} INFO - [2024-01-31T08:55:55.187+0000] {dagbag.py:538} INFO - Filling up the DagBag from /home/deprojectue/miniconda3/envs/airflow_demo/lib/python3.9/site-packages/airflow/example_dags/tutorial_objectstorage.py
[2024-01-31T08:55:55.198+0000] {processor.py:840} INFO - DAG(s) 'tutorial_objectstorage' retrieved from /home/deprojectue/miniconda3/envs/airflow_demo/lib/python3.9/site-packages/airflow/example_dags/tutorial_objectstorage.py
[2024-01-31T08:55:55.217+0000] {logging_mixin.py:188} INFO - [2024-01-31T08:55:55.216+0000] {dag.py:3033} INFO - Sync 1 DAGs
[2024-01-31T08:55:55.230+0000] {logging_mixin.py:188} INFO - [2024-01-31T08:55:55.230+0000] {dag.py:3820} INFO - Setting next_dagrun for tutorial_objectstorage to None, run_after=None
[2024-01-31T08:55:55.256+0000] {processor.py:183} INFO - Processing /home/deprojectue/miniconda3/envs/airflow_demo/lib/python3.9/site-packages/airflow/example_dags/tutorial_objectstorage.py took 0.079 seconds
[2024-01-31T08:56:31.488+0000] {processor.py:161} INFO - Started process (PID=215673) to work on /home/deprojectue/miniconda3/envs/airflow_demo/lib/python3.9/site-packages/airflow/example_dags/tutorial_objectstorage.py
[2024-01-31T08:56:31.491+0000] {processor.py:830} INFO - Processing file /home/deprojectue/miniconda3/envs/airflow_demo/lib/python3.9/site-packages/airflow/example_dags/tutorial_objectstorage.py for tasks to queue
[2024-01-31T08:56:31.495+0000] {logging_mixin.py:188} INFO - [2024-01-31T08:56:31.494+0000] {dagbag.py:538} INFO - Filling up the DagBag from /home/deprojectue/miniconda3/envs/airflow_demo/lib/python3.9/site-packages/airflow/example_dags/tutorial_objectstorage.py
[2024-01-31T08:56:31.506+0000] {processor.py:840} INFO - DAG(s) 'tutorial_objectstorage' retrieved from /home/deprojectue/miniconda3/envs/airflow_demo/lib/python3.9/site-packages/airflow/example_dags/tutorial_objectstorage.py
[2024-01-31T08:56:31.527+0000] {logging_mixin.py:188} INFO - [2024-01-31T08:56:31.527+0000] {dag.py:3033} INFO - Sync 1 DAGs
[2024-01-31T08:56:31.542+0000] {logging_mixin.py:188} INFO - [2024-01-31T08:56:31.542+0000] {dag.py:3820} INFO - Setting next_dagrun for tutorial_objectstorage to None, run_after=None
[2024-01-31T08:56:31.571+0000] {processor.py:183} INFO - Processing /home/deprojectue/miniconda3/envs/airflow_demo/lib/python3.9/site-packages/airflow/example_dags/tutorial_objectstorage.py took 0.088 seconds
[2024-01-31T08:57:10.496+0000] {processor.py:161} INFO - Started process (PID=215719) to work on /home/deprojectue/miniconda3/envs/airflow_demo/lib/python3.9/site-packages/airflow/example_dags/tutorial_objectstorage.py
[2024-01-31T08:57:10.498+0000] {processor.py:830} INFO - Processing file /home/deprojectue/miniconda3/envs/airflow_demo/lib/python3.9/site-packages/airflow/example_dags/tutorial_objectstorage.py for tasks to queue
[2024-01-31T08:57:10.501+0000] {logging_mixin.py:188} INFO - [2024-01-31T08:57:10.501+0000] {dagbag.py:538} INFO - Filling up the DagBag from /home/deprojectue/miniconda3/envs/airflow_demo/lib/python3.9/site-packages/airflow/example_dags/tutorial_objectstorage.py
[2024-01-31T08:57:10.511+0000] {processor.py:840} INFO - DAG(s) 'tutorial_objectstorage' retrieved from /home/deprojectue/miniconda3/envs/airflow_demo/lib/python3.9/site-packages/airflow/example_dags/tutorial_objectstorage.py
[2024-01-31T08:57:10.531+0000] {logging_mixin.py:188} INFO - [2024-01-31T08:57:10.530+0000] {dag.py:3033} INFO - Sync 1 DAGs
[2024-01-31T08:57:10.545+0000] {logging_mixin.py:188} INFO - [2024-01-31T08:57:10.545+0000] {dag.py:3820} INFO - Setting next_dagrun for tutorial_objectstorage to None, run_after=None
[2024-01-31T08:57:10.570+0000] {processor.py:183} INFO - Processing /home/deprojectue/miniconda3/envs/airflow_demo/lib/python3.9/site-packages/airflow/example_dags/tutorial_objectstorage.py took 0.078 seconds
[2024-01-31T08:57:46.705+0000] {processor.py:161} INFO - Started process (PID=215757) to work on /home/deprojectue/miniconda3/envs/airflow_demo/lib/python3.9/site-packages/airflow/example_dags/tutorial_objectstorage.py
[2024-01-31T08:57:46.707+0000] {processor.py:830} INFO - Processing file /home/deprojectue/miniconda3/envs/airflow_demo/lib/python3.9/site-packages/airflow/example_dags/tutorial_objectstorage.py for tasks to queue
[2024-01-31T08:57:46.710+0000] {logging_mixin.py:188} INFO - [2024-01-31T08:57:46.710+0000] {dagbag.py:538} INFO - Filling up the DagBag from /home/deprojectue/miniconda3/envs/airflow_demo/lib/python3.9/site-packages/airflow/example_dags/tutorial_objectstorage.py
[2024-01-31T08:57:46.721+0000] {processor.py:840} INFO - DAG(s) 'tutorial_objectstorage' retrieved from /home/deprojectue/miniconda3/envs/airflow_demo/lib/python3.9/site-packages/airflow/example_dags/tutorial_objectstorage.py
[2024-01-31T08:57:46.743+0000] {logging_mixin.py:188} INFO - [2024-01-31T08:57:46.742+0000] {dag.py:3033} INFO - Sync 1 DAGs
[2024-01-31T08:57:46.756+0000] {logging_mixin.py:188} INFO - [2024-01-31T08:57:46.756+0000] {dag.py:3820} INFO - Setting next_dagrun for tutorial_objectstorage to None, run_after=None
[2024-01-31T08:57:46.782+0000] {processor.py:183} INFO - Processing /home/deprojectue/miniconda3/envs/airflow_demo/lib/python3.9/site-packages/airflow/example_dags/tutorial_objectstorage.py took 0.082 seconds
[2024-01-31T08:58:25.249+0000] {processor.py:161} INFO - Started process (PID=215795) to work on /home/deprojectue/miniconda3/envs/airflow_demo/lib/python3.9/site-packages/airflow/example_dags/tutorial_objectstorage.py
[2024-01-31T08:58:25.252+0000] {processor.py:830} INFO - Processing file /home/deprojectue/miniconda3/envs/airflow_demo/lib/python3.9/site-packages/airflow/example_dags/tutorial_objectstorage.py for tasks to queue
[2024-01-31T08:58:25.255+0000] {logging_mixin.py:188} INFO - [2024-01-31T08:58:25.255+0000] {dagbag.py:538} INFO - Filling up the DagBag from /home/deprojectue/miniconda3/envs/airflow_demo/lib/python3.9/site-packages/airflow/example_dags/tutorial_objectstorage.py
[2024-01-31T08:58:25.266+0000] {processor.py:840} INFO - DAG(s) 'tutorial_objectstorage' retrieved from /home/deprojectue/miniconda3/envs/airflow_demo/lib/python3.9/site-packages/airflow/example_dags/tutorial_objectstorage.py
[2024-01-31T08:58:25.285+0000] {logging_mixin.py:188} INFO - [2024-01-31T08:58:25.285+0000] {dag.py:3033} INFO - Sync 1 DAGs
[2024-01-31T08:58:25.298+0000] {logging_mixin.py:188} INFO - [2024-01-31T08:58:25.298+0000] {dag.py:3820} INFO - Setting next_dagrun for tutorial_objectstorage to None, run_after=None
[2024-01-31T08:58:25.323+0000] {processor.py:183} INFO - Processing /home/deprojectue/miniconda3/envs/airflow_demo/lib/python3.9/site-packages/airflow/example_dags/tutorial_objectstorage.py took 0.078 seconds
[2024-01-31T08:59:06.818+0000] {processor.py:161} INFO - Started process (PID=215857) to work on /home/deprojectue/miniconda3/envs/airflow_demo/lib/python3.9/site-packages/airflow/example_dags/tutorial_objectstorage.py
[2024-01-31T08:59:06.821+0000] {processor.py:830} INFO - Processing file /home/deprojectue/miniconda3/envs/airflow_demo/lib/python3.9/site-packages/airflow/example_dags/tutorial_objectstorage.py for tasks to queue
[2024-01-31T08:59:06.824+0000] {logging_mixin.py:188} INFO - [2024-01-31T08:59:06.824+0000] {dagbag.py:538} INFO - Filling up the DagBag from /home/deprojectue/miniconda3/envs/airflow_demo/lib/python3.9/site-packages/airflow/example_dags/tutorial_objectstorage.py
[2024-01-31T08:59:06.835+0000] {processor.py:840} INFO - DAG(s) 'tutorial_objectstorage' retrieved from /home/deprojectue/miniconda3/envs/airflow_demo/lib/python3.9/site-packages/airflow/example_dags/tutorial_objectstorage.py
[2024-01-31T08:59:06.856+0000] {logging_mixin.py:188} INFO - [2024-01-31T08:59:06.855+0000] {dag.py:3033} INFO - Sync 1 DAGs
[2024-01-31T08:59:06.869+0000] {logging_mixin.py:188} INFO - [2024-01-31T08:59:06.869+0000] {dag.py:3820} INFO - Setting next_dagrun for tutorial_objectstorage to None, run_after=None
[2024-01-31T08:59:06.896+0000] {processor.py:183} INFO - Processing /home/deprojectue/miniconda3/envs/airflow_demo/lib/python3.9/site-packages/airflow/example_dags/tutorial_objectstorage.py took 0.083 seconds
[2024-01-31T08:59:45.662+0000] {processor.py:161} INFO - Started process (PID=215899) to work on /home/deprojectue/miniconda3/envs/airflow_demo/lib/python3.9/site-packages/airflow/example_dags/tutorial_objectstorage.py
[2024-01-31T08:59:45.664+0000] {processor.py:830} INFO - Processing file /home/deprojectue/miniconda3/envs/airflow_demo/lib/python3.9/site-packages/airflow/example_dags/tutorial_objectstorage.py for tasks to queue
[2024-01-31T08:59:45.668+0000] {logging_mixin.py:188} INFO - [2024-01-31T08:59:45.667+0000] {dagbag.py:538} INFO - Filling up the DagBag from /home/deprojectue/miniconda3/envs/airflow_demo/lib/python3.9/site-packages/airflow/example_dags/tutorial_objectstorage.py
[2024-01-31T08:59:45.678+0000] {processor.py:840} INFO - DAG(s) 'tutorial_objectstorage' retrieved from /home/deprojectue/miniconda3/envs/airflow_demo/lib/python3.9/site-packages/airflow/example_dags/tutorial_objectstorage.py
[2024-01-31T08:59:45.699+0000] {logging_mixin.py:188} INFO - [2024-01-31T08:59:45.699+0000] {dag.py:3033} INFO - Sync 1 DAGs
[2024-01-31T08:59:45.713+0000] {logging_mixin.py:188} INFO - [2024-01-31T08:59:45.713+0000] {dag.py:3820} INFO - Setting next_dagrun for tutorial_objectstorage to None, run_after=None
[2024-01-31T08:59:45.739+0000] {processor.py:183} INFO - Processing /home/deprojectue/miniconda3/envs/airflow_demo/lib/python3.9/site-packages/airflow/example_dags/tutorial_objectstorage.py took 0.081 seconds
[2024-01-31T09:00:24.182+0000] {processor.py:161} INFO - Started process (PID=215939) to work on /home/deprojectue/miniconda3/envs/airflow_demo/lib/python3.9/site-packages/airflow/example_dags/tutorial_objectstorage.py
[2024-01-31T09:00:24.185+0000] {processor.py:830} INFO - Processing file /home/deprojectue/miniconda3/envs/airflow_demo/lib/python3.9/site-packages/airflow/example_dags/tutorial_objectstorage.py for tasks to queue
[2024-01-31T09:00:24.188+0000] {logging_mixin.py:188} INFO - [2024-01-31T09:00:24.187+0000] {dagbag.py:538} INFO - Filling up the DagBag from /home/deprojectue/miniconda3/envs/airflow_demo/lib/python3.9/site-packages/airflow/example_dags/tutorial_objectstorage.py
[2024-01-31T09:00:24.199+0000] {processor.py:840} INFO - DAG(s) 'tutorial_objectstorage' retrieved from /home/deprojectue/miniconda3/envs/airflow_demo/lib/python3.9/site-packages/airflow/example_dags/tutorial_objectstorage.py
[2024-01-31T09:00:24.219+0000] {logging_mixin.py:188} INFO - [2024-01-31T09:00:24.218+0000] {dag.py:3033} INFO - Sync 1 DAGs
[2024-01-31T09:00:24.232+0000] {logging_mixin.py:188} INFO - [2024-01-31T09:00:24.232+0000] {dag.py:3820} INFO - Setting next_dagrun for tutorial_objectstorage to None, run_after=None
[2024-01-31T09:00:24.257+0000] {processor.py:183} INFO - Processing /home/deprojectue/miniconda3/envs/airflow_demo/lib/python3.9/site-packages/airflow/example_dags/tutorial_objectstorage.py took 0.079 seconds
[2024-01-31T09:01:00.703+0000] {processor.py:161} INFO - Started process (PID=215977) to work on /home/deprojectue/miniconda3/envs/airflow_demo/lib/python3.9/site-packages/airflow/example_dags/tutorial_objectstorage.py
[2024-01-31T09:01:00.705+0000] {processor.py:830} INFO - Processing file /home/deprojectue/miniconda3/envs/airflow_demo/lib/python3.9/site-packages/airflow/example_dags/tutorial_objectstorage.py for tasks to queue
[2024-01-31T09:01:00.709+0000] {logging_mixin.py:188} INFO - [2024-01-31T09:01:00.708+0000] {dagbag.py:538} INFO - Filling up the DagBag from /home/deprojectue/miniconda3/envs/airflow_demo/lib/python3.9/site-packages/airflow/example_dags/tutorial_objectstorage.py
[2024-01-31T09:01:00.720+0000] {processor.py:840} INFO - DAG(s) 'tutorial_objectstorage' retrieved from /home/deprojectue/miniconda3/envs/airflow_demo/lib/python3.9/site-packages/airflow/example_dags/tutorial_objectstorage.py
[2024-01-31T09:01:00.742+0000] {logging_mixin.py:188} INFO - [2024-01-31T09:01:00.741+0000] {dag.py:3033} INFO - Sync 1 DAGs
[2024-01-31T09:01:00.756+0000] {logging_mixin.py:188} INFO - [2024-01-31T09:01:00.756+0000] {dag.py:3820} INFO - Setting next_dagrun for tutorial_objectstorage to None, run_after=None
[2024-01-31T09:01:00.783+0000] {processor.py:183} INFO - Processing /home/deprojectue/miniconda3/envs/airflow_demo/lib/python3.9/site-packages/airflow/example_dags/tutorial_objectstorage.py took 0.085 seconds
[2024-01-31T09:01:39.335+0000] {processor.py:161} INFO - Started process (PID=216018) to work on /home/deprojectue/miniconda3/envs/airflow_demo/lib/python3.9/site-packages/airflow/example_dags/tutorial_objectstorage.py
[2024-01-31T09:01:39.338+0000] {processor.py:830} INFO - Processing file /home/deprojectue/miniconda3/envs/airflow_demo/lib/python3.9/site-packages/airflow/example_dags/tutorial_objectstorage.py for tasks to queue
[2024-01-31T09:01:39.342+0000] {logging_mixin.py:188} INFO - [2024-01-31T09:01:39.341+0000] {dagbag.py:538} INFO - Filling up the DagBag from /home/deprojectue/miniconda3/envs/airflow_demo/lib/python3.9/site-packages/airflow/example_dags/tutorial_objectstorage.py
[2024-01-31T09:01:39.352+0000] {processor.py:840} INFO - DAG(s) 'tutorial_objectstorage' retrieved from /home/deprojectue/miniconda3/envs/airflow_demo/lib/python3.9/site-packages/airflow/example_dags/tutorial_objectstorage.py
[2024-01-31T09:01:39.373+0000] {logging_mixin.py:188} INFO - [2024-01-31T09:01:39.372+0000] {dag.py:3033} INFO - Sync 1 DAGs
[2024-01-31T09:01:39.386+0000] {logging_mixin.py:188} INFO - [2024-01-31T09:01:39.386+0000] {dag.py:3820} INFO - Setting next_dagrun for tutorial_objectstorage to None, run_after=None
[2024-01-31T09:01:39.411+0000] {processor.py:183} INFO - Processing /home/deprojectue/miniconda3/envs/airflow_demo/lib/python3.9/site-packages/airflow/example_dags/tutorial_objectstorage.py took 0.080 seconds
[2024-01-31T09:02:15.934+0000] {processor.py:161} INFO - Started process (PID=216057) to work on /home/deprojectue/miniconda3/envs/airflow_demo/lib/python3.9/site-packages/airflow/example_dags/tutorial_objectstorage.py
[2024-01-31T09:02:15.936+0000] {processor.py:830} INFO - Processing file /home/deprojectue/miniconda3/envs/airflow_demo/lib/python3.9/site-packages/airflow/example_dags/tutorial_objectstorage.py for tasks to queue
[2024-01-31T09:02:15.939+0000] {logging_mixin.py:188} INFO - [2024-01-31T09:02:15.938+0000] {dagbag.py:538} INFO - Filling up the DagBag from /home/deprojectue/miniconda3/envs/airflow_demo/lib/python3.9/site-packages/airflow/example_dags/tutorial_objectstorage.py
[2024-01-31T09:02:15.949+0000] {processor.py:840} INFO - DAG(s) 'tutorial_objectstorage' retrieved from /home/deprojectue/miniconda3/envs/airflow_demo/lib/python3.9/site-packages/airflow/example_dags/tutorial_objectstorage.py
[2024-01-31T09:02:15.970+0000] {logging_mixin.py:188} INFO - [2024-01-31T09:02:15.969+0000] {dag.py:3033} INFO - Sync 1 DAGs
[2024-01-31T09:02:15.983+0000] {logging_mixin.py:188} INFO - [2024-01-31T09:02:15.983+0000] {dag.py:3820} INFO - Setting next_dagrun for tutorial_objectstorage to None, run_after=None
[2024-01-31T09:02:16.010+0000] {processor.py:183} INFO - Processing /home/deprojectue/miniconda3/envs/airflow_demo/lib/python3.9/site-packages/airflow/example_dags/tutorial_objectstorage.py took 0.081 seconds
[2024-01-31T09:02:54.371+0000] {processor.py:161} INFO - Started process (PID=216098) to work on /home/deprojectue/miniconda3/envs/airflow_demo/lib/python3.9/site-packages/airflow/example_dags/tutorial_objectstorage.py
[2024-01-31T09:02:54.374+0000] {processor.py:830} INFO - Processing file /home/deprojectue/miniconda3/envs/airflow_demo/lib/python3.9/site-packages/airflow/example_dags/tutorial_objectstorage.py for tasks to queue
[2024-01-31T09:02:54.377+0000] {logging_mixin.py:188} INFO - [2024-01-31T09:02:54.377+0000] {dagbag.py:538} INFO - Filling up the DagBag from /home/deprojectue/miniconda3/envs/airflow_demo/lib/python3.9/site-packages/airflow/example_dags/tutorial_objectstorage.py
[2024-01-31T09:02:54.387+0000] {processor.py:840} INFO - DAG(s) 'tutorial_objectstorage' retrieved from /home/deprojectue/miniconda3/envs/airflow_demo/lib/python3.9/site-packages/airflow/example_dags/tutorial_objectstorage.py
[2024-01-31T09:02:54.407+0000] {logging_mixin.py:188} INFO - [2024-01-31T09:02:54.406+0000] {dag.py:3033} INFO - Sync 1 DAGs
[2024-01-31T09:02:54.420+0000] {logging_mixin.py:188} INFO - [2024-01-31T09:02:54.420+0000] {dag.py:3820} INFO - Setting next_dagrun for tutorial_objectstorage to None, run_after=None
[2024-01-31T09:02:54.444+0000] {processor.py:183} INFO - Processing /home/deprojectue/miniconda3/envs/airflow_demo/lib/python3.9/site-packages/airflow/example_dags/tutorial_objectstorage.py took 0.077 seconds
[2024-01-31T09:03:30.602+0000] {processor.py:161} INFO - Started process (PID=216134) to work on /home/deprojectue/miniconda3/envs/airflow_demo/lib/python3.9/site-packages/airflow/example_dags/tutorial_objectstorage.py
[2024-01-31T09:03:30.604+0000] {processor.py:830} INFO - Processing file /home/deprojectue/miniconda3/envs/airflow_demo/lib/python3.9/site-packages/airflow/example_dags/tutorial_objectstorage.py for tasks to queue
[2024-01-31T09:03:30.608+0000] {logging_mixin.py:188} INFO - [2024-01-31T09:03:30.607+0000] {dagbag.py:538} INFO - Filling up the DagBag from /home/deprojectue/miniconda3/envs/airflow_demo/lib/python3.9/site-packages/airflow/example_dags/tutorial_objectstorage.py
[2024-01-31T09:03:30.618+0000] {processor.py:840} INFO - DAG(s) 'tutorial_objectstorage' retrieved from /home/deprojectue/miniconda3/envs/airflow_demo/lib/python3.9/site-packages/airflow/example_dags/tutorial_objectstorage.py
[2024-01-31T09:03:30.639+0000] {logging_mixin.py:188} INFO - [2024-01-31T09:03:30.639+0000] {dag.py:3033} INFO - Sync 1 DAGs
[2024-01-31T09:03:30.653+0000] {logging_mixin.py:188} INFO - [2024-01-31T09:03:30.653+0000] {dag.py:3820} INFO - Setting next_dagrun for tutorial_objectstorage to None, run_after=None
[2024-01-31T09:03:30.678+0000] {processor.py:183} INFO - Processing /home/deprojectue/miniconda3/envs/airflow_demo/lib/python3.9/site-packages/airflow/example_dags/tutorial_objectstorage.py took 0.080 seconds
[2024-01-31T09:04:05.393+0000] {processor.py:161} INFO - Started process (PID=216172) to work on /home/deprojectue/miniconda3/envs/airflow_demo/lib/python3.9/site-packages/airflow/example_dags/tutorial_objectstorage.py
[2024-01-31T09:04:05.395+0000] {processor.py:830} INFO - Processing file /home/deprojectue/miniconda3/envs/airflow_demo/lib/python3.9/site-packages/airflow/example_dags/tutorial_objectstorage.py for tasks to queue
[2024-01-31T09:04:05.398+0000] {logging_mixin.py:188} INFO - [2024-01-31T09:04:05.398+0000] {dagbag.py:538} INFO - Filling up the DagBag from /home/deprojectue/miniconda3/envs/airflow_demo/lib/python3.9/site-packages/airflow/example_dags/tutorial_objectstorage.py
[2024-01-31T09:04:05.409+0000] {processor.py:840} INFO - DAG(s) 'tutorial_objectstorage' retrieved from /home/deprojectue/miniconda3/envs/airflow_demo/lib/python3.9/site-packages/airflow/example_dags/tutorial_objectstorage.py
[2024-01-31T09:04:05.429+0000] {logging_mixin.py:188} INFO - [2024-01-31T09:04:05.428+0000] {dag.py:3033} INFO - Sync 1 DAGs
[2024-01-31T09:04:05.442+0000] {logging_mixin.py:188} INFO - [2024-01-31T09:04:05.441+0000] {dag.py:3820} INFO - Setting next_dagrun for tutorial_objectstorage to None, run_after=None
[2024-01-31T09:04:05.465+0000] {processor.py:183} INFO - Processing /home/deprojectue/miniconda3/envs/airflow_demo/lib/python3.9/site-packages/airflow/example_dags/tutorial_objectstorage.py took 0.076 seconds
[2024-01-31T09:04:41.510+0000] {processor.py:161} INFO - Started process (PID=216212) to work on /home/deprojectue/miniconda3/envs/airflow_demo/lib/python3.9/site-packages/airflow/example_dags/tutorial_objectstorage.py
[2024-01-31T09:04:41.513+0000] {processor.py:830} INFO - Processing file /home/deprojectue/miniconda3/envs/airflow_demo/lib/python3.9/site-packages/airflow/example_dags/tutorial_objectstorage.py for tasks to queue
[2024-01-31T09:04:41.517+0000] {logging_mixin.py:188} INFO - [2024-01-31T09:04:41.516+0000] {dagbag.py:538} INFO - Filling up the DagBag from /home/deprojectue/miniconda3/envs/airflow_demo/lib/python3.9/site-packages/airflow/example_dags/tutorial_objectstorage.py
[2024-01-31T09:04:41.527+0000] {processor.py:840} INFO - DAG(s) 'tutorial_objectstorage' retrieved from /home/deprojectue/miniconda3/envs/airflow_demo/lib/python3.9/site-packages/airflow/example_dags/tutorial_objectstorage.py
[2024-01-31T09:04:41.547+0000] {logging_mixin.py:188} INFO - [2024-01-31T09:04:41.547+0000] {dag.py:3033} INFO - Sync 1 DAGs
[2024-01-31T09:04:41.561+0000] {logging_mixin.py:188} INFO - [2024-01-31T09:04:41.561+0000] {dag.py:3820} INFO - Setting next_dagrun for tutorial_objectstorage to None, run_after=None
[2024-01-31T09:04:41.587+0000] {processor.py:183} INFO - Processing /home/deprojectue/miniconda3/envs/airflow_demo/lib/python3.9/site-packages/airflow/example_dags/tutorial_objectstorage.py took 0.081 seconds
[2024-01-31T09:05:20.793+0000] {processor.py:161} INFO - Started process (PID=216254) to work on /home/deprojectue/miniconda3/envs/airflow_demo/lib/python3.9/site-packages/airflow/example_dags/tutorial_objectstorage.py
[2024-01-31T09:05:20.796+0000] {processor.py:830} INFO - Processing file /home/deprojectue/miniconda3/envs/airflow_demo/lib/python3.9/site-packages/airflow/example_dags/tutorial_objectstorage.py for tasks to queue
[2024-01-31T09:05:20.800+0000] {logging_mixin.py:188} INFO - [2024-01-31T09:05:20.799+0000] {dagbag.py:538} INFO - Filling up the DagBag from /home/deprojectue/miniconda3/envs/airflow_demo/lib/python3.9/site-packages/airflow/example_dags/tutorial_objectstorage.py
[2024-01-31T09:05:20.810+0000] {processor.py:840} INFO - DAG(s) 'tutorial_objectstorage' retrieved from /home/deprojectue/miniconda3/envs/airflow_demo/lib/python3.9/site-packages/airflow/example_dags/tutorial_objectstorage.py
[2024-01-31T09:05:20.832+0000] {logging_mixin.py:188} INFO - [2024-01-31T09:05:20.831+0000] {dag.py:3033} INFO - Sync 1 DAGs
[2024-01-31T09:05:20.845+0000] {logging_mixin.py:188} INFO - [2024-01-31T09:05:20.845+0000] {dag.py:3820} INFO - Setting next_dagrun for tutorial_objectstorage to None, run_after=None
[2024-01-31T09:05:20.873+0000] {processor.py:183} INFO - Processing /home/deprojectue/miniconda3/envs/airflow_demo/lib/python3.9/site-packages/airflow/example_dags/tutorial_objectstorage.py took 0.084 seconds
[2024-01-31T09:08:00.873+0000] {processor.py:161} INFO - Started process (PID=216361) to work on /home/deprojectue/miniconda3/envs/airflow_demo/lib/python3.9/site-packages/airflow/example_dags/tutorial_objectstorage.py
[2024-01-31T09:08:00.875+0000] {processor.py:830} INFO - Processing file /home/deprojectue/miniconda3/envs/airflow_demo/lib/python3.9/site-packages/airflow/example_dags/tutorial_objectstorage.py for tasks to queue
[2024-01-31T09:08:00.879+0000] {logging_mixin.py:188} INFO - [2024-01-31T09:08:00.879+0000] {dagbag.py:538} INFO - Filling up the DagBag from /home/deprojectue/miniconda3/envs/airflow_demo/lib/python3.9/site-packages/airflow/example_dags/tutorial_objectstorage.py
[2024-01-31T09:08:01.098+0000] {processor.py:840} INFO - DAG(s) 'tutorial_objectstorage' retrieved from /home/deprojectue/miniconda3/envs/airflow_demo/lib/python3.9/site-packages/airflow/example_dags/tutorial_objectstorage.py
[2024-01-31T09:08:01.341+0000] {logging_mixin.py:188} INFO - [2024-01-31T09:08:01.147+0000] {dag.py:3033} INFO - Sync 1 DAGs
[2024-01-31T09:08:01.383+0000] {logging_mixin.py:188} INFO - [2024-01-31T09:08:01.383+0000] {dag.py:3820} INFO - Setting next_dagrun for tutorial_objectstorage to None, run_after=None
[2024-01-31T09:08:01.633+0000] {processor.py:183} INFO - Processing /home/deprojectue/miniconda3/envs/airflow_demo/lib/python3.9/site-packages/airflow/example_dags/tutorial_objectstorage.py took 0.765 seconds
[2024-01-31T09:34:02.938+0000] {processor.py:161} INFO - Started process (PID=216851) to work on /home/deprojectue/miniconda3/envs/airflow_demo/lib/python3.9/site-packages/airflow/example_dags/tutorial_objectstorage.py
[2024-01-31T09:34:02.949+0000] {processor.py:830} INFO - Processing file /home/deprojectue/miniconda3/envs/airflow_demo/lib/python3.9/site-packages/airflow/example_dags/tutorial_objectstorage.py for tasks to queue
[2024-01-31T09:34:02.953+0000] {logging_mixin.py:188} INFO - [2024-01-31T09:34:02.953+0000] {dagbag.py:538} INFO - Filling up the DagBag from /home/deprojectue/miniconda3/envs/airflow_demo/lib/python3.9/site-packages/airflow/example_dags/tutorial_objectstorage.py
[2024-01-31T09:34:03.009+0000] {processor.py:840} INFO - DAG(s) 'tutorial_objectstorage' retrieved from /home/deprojectue/miniconda3/envs/airflow_demo/lib/python3.9/site-packages/airflow/example_dags/tutorial_objectstorage.py
[2024-01-31T09:34:03.368+0000] {logging_mixin.py:188} INFO - [2024-01-31T09:34:03.367+0000] {override.py:1769} INFO - Created Permission View: can edit on DAG:tutorial_objectstorage
[2024-01-31T09:34:03.402+0000] {logging_mixin.py:188} INFO - [2024-01-31T09:34:03.401+0000] {override.py:1769} INFO - Created Permission View: can read on DAG:tutorial_objectstorage
[2024-01-31T09:34:03.427+0000] {logging_mixin.py:188} INFO - [2024-01-31T09:34:03.426+0000] {override.py:1769} INFO - Created Permission View: can delete on DAG:tutorial_objectstorage
[2024-01-31T09:34:03.428+0000] {logging_mixin.py:188} INFO - [2024-01-31T09:34:03.427+0000] {dag.py:3033} INFO - Sync 1 DAGs
[2024-01-31T09:34:03.453+0000] {logging_mixin.py:188} INFO - [2024-01-31T09:34:03.453+0000] {dag.py:3055} INFO - Creating ORM DAG for tutorial_objectstorage
[2024-01-31T09:34:03.454+0000] {logging_mixin.py:188} INFO - [2024-01-31T09:34:03.454+0000] {dag.py:3820} INFO - Setting next_dagrun for tutorial_objectstorage to None, run_after=None
[2024-01-31T09:34:03.527+0000] {processor.py:183} INFO - Processing /home/deprojectue/miniconda3/envs/airflow_demo/lib/python3.9/site-packages/airflow/example_dags/tutorial_objectstorage.py took 0.594 seconds
[2024-01-31T09:36:23.634+0000] {processor.py:161} INFO - Started process (PID=216915) to work on /home/deprojectue/miniconda3/envs/airflow_demo/lib/python3.9/site-packages/airflow/example_dags/tutorial_objectstorage.py
[2024-01-31T09:36:23.636+0000] {processor.py:830} INFO - Processing file /home/deprojectue/miniconda3/envs/airflow_demo/lib/python3.9/site-packages/airflow/example_dags/tutorial_objectstorage.py for tasks to queue
[2024-01-31T09:36:23.640+0000] {logging_mixin.py:188} INFO - [2024-01-31T09:36:23.639+0000] {dagbag.py:538} INFO - Filling up the DagBag from /home/deprojectue/miniconda3/envs/airflow_demo/lib/python3.9/site-packages/airflow/example_dags/tutorial_objectstorage.py
[2024-01-31T09:36:23.650+0000] {processor.py:840} INFO - DAG(s) 'tutorial_objectstorage' retrieved from /home/deprojectue/miniconda3/envs/airflow_demo/lib/python3.9/site-packages/airflow/example_dags/tutorial_objectstorage.py
[2024-01-31T09:36:23.671+0000] {logging_mixin.py:188} INFO - [2024-01-31T09:36:23.671+0000] {dag.py:3033} INFO - Sync 1 DAGs
[2024-01-31T09:36:23.684+0000] {logging_mixin.py:188} INFO - [2024-01-31T09:36:23.684+0000] {dag.py:3820} INFO - Setting next_dagrun for tutorial_objectstorage to None, run_after=None
[2024-01-31T09:36:23.709+0000] {processor.py:183} INFO - Processing /home/deprojectue/miniconda3/envs/airflow_demo/lib/python3.9/site-packages/airflow/example_dags/tutorial_objectstorage.py took 0.079 seconds
