[2024-01-31T02:07:15.071+0000] {processor.py:161} INFO - Started process (PID=210193) to work on /home/deprojectue/miniconda3/envs/airflow_demo/lib/python3.9/site-packages/airflow/example_dags/tutorial_dag.py
[2024-01-31T02:07:15.072+0000] {processor.py:830} INFO - Processing file /home/deprojectue/miniconda3/envs/airflow_demo/lib/python3.9/site-packages/airflow/example_dags/tutorial_dag.py for tasks to queue
[2024-01-31T02:07:15.073+0000] {logging_mixin.py:188} INFO - [2024-01-31T02:07:15.073+0000] {dagbag.py:538} INFO - Filling up the DagBag from /home/deprojectue/miniconda3/envs/airflow_demo/lib/python3.9/site-packages/airflow/example_dags/tutorial_dag.py
[2024-01-31T02:07:15.083+0000] {processor.py:840} INFO - DAG(s) 'tutorial_dag' retrieved from /home/deprojectue/miniconda3/envs/airflow_demo/lib/python3.9/site-packages/airflow/example_dags/tutorial_dag.py
[2024-01-31T02:07:15.202+0000] {logging_mixin.py:188} INFO - [2024-01-31T02:07:15.201+0000] {override.py:1769} INFO - Created Permission View: can read on DAG:tutorial_dag
[2024-01-31T02:07:15.216+0000] {logging_mixin.py:188} INFO - [2024-01-31T02:07:15.215+0000] {override.py:1769} INFO - Created Permission View: can delete on DAG:tutorial_dag
[2024-01-31T02:07:15.227+0000] {logging_mixin.py:188} INFO - [2024-01-31T02:07:15.226+0000] {override.py:1769} INFO - Created Permission View: can edit on DAG:tutorial_dag
[2024-01-31T02:07:15.227+0000] {logging_mixin.py:188} INFO - [2024-01-31T02:07:15.227+0000] {dag.py:3033} INFO - Sync 1 DAGs
[2024-01-31T02:07:15.240+0000] {logging_mixin.py:188} INFO - [2024-01-31T02:07:15.239+0000] {dag.py:3055} INFO - Creating ORM DAG for tutorial_dag
[2024-01-31T02:07:15.240+0000] {logging_mixin.py:188} INFO - [2024-01-31T02:07:15.240+0000] {dag.py:3820} INFO - Setting next_dagrun for tutorial_dag to None, run_after=None
[2024-01-31T02:07:15.263+0000] {processor.py:183} INFO - Processing /home/deprojectue/miniconda3/envs/airflow_demo/lib/python3.9/site-packages/airflow/example_dags/tutorial_dag.py took 0.196 seconds
[2024-01-31T02:08:13.137+0000] {processor.py:161} INFO - Started process (PID=210634) to work on /home/deprojectue/miniconda3/envs/airflow_demo/lib/python3.9/site-packages/airflow/example_dags/tutorial_dag.py
[2024-01-31T02:08:13.139+0000] {processor.py:830} INFO - Processing file /home/deprojectue/miniconda3/envs/airflow_demo/lib/python3.9/site-packages/airflow/example_dags/tutorial_dag.py for tasks to queue
[2024-01-31T02:08:13.140+0000] {logging_mixin.py:188} INFO - [2024-01-31T02:08:13.140+0000] {dagbag.py:538} INFO - Filling up the DagBag from /home/deprojectue/miniconda3/envs/airflow_demo/lib/python3.9/site-packages/airflow/example_dags/tutorial_dag.py
[2024-01-31T02:08:13.148+0000] {processor.py:840} INFO - DAG(s) 'tutorial_dag' retrieved from /home/deprojectue/miniconda3/envs/airflow_demo/lib/python3.9/site-packages/airflow/example_dags/tutorial_dag.py
[2024-01-31T02:08:13.169+0000] {logging_mixin.py:188} INFO - [2024-01-31T02:08:13.169+0000] {dag.py:3033} INFO - Sync 1 DAGs
[2024-01-31T02:08:13.182+0000] {logging_mixin.py:188} INFO - [2024-01-31T02:08:13.182+0000] {dag.py:3820} INFO - Setting next_dagrun for tutorial_dag to None, run_after=None
[2024-01-31T02:08:13.208+0000] {processor.py:183} INFO - Processing /home/deprojectue/miniconda3/envs/airflow_demo/lib/python3.9/site-packages/airflow/example_dags/tutorial_dag.py took 0.075 seconds
[2024-01-31T02:08:49.342+0000] {processor.py:161} INFO - Started process (PID=210658) to work on /home/deprojectue/miniconda3/envs/airflow_demo/lib/python3.9/site-packages/airflow/example_dags/tutorial_dag.py
[2024-01-31T02:08:49.344+0000] {processor.py:830} INFO - Processing file /home/deprojectue/miniconda3/envs/airflow_demo/lib/python3.9/site-packages/airflow/example_dags/tutorial_dag.py for tasks to queue
[2024-01-31T02:08:49.345+0000] {logging_mixin.py:188} INFO - [2024-01-31T02:08:49.344+0000] {dagbag.py:538} INFO - Filling up the DagBag from /home/deprojectue/miniconda3/envs/airflow_demo/lib/python3.9/site-packages/airflow/example_dags/tutorial_dag.py
[2024-01-31T02:08:49.355+0000] {processor.py:840} INFO - DAG(s) 'tutorial_dag' retrieved from /home/deprojectue/miniconda3/envs/airflow_demo/lib/python3.9/site-packages/airflow/example_dags/tutorial_dag.py
[2024-01-31T02:08:49.381+0000] {logging_mixin.py:188} INFO - [2024-01-31T02:08:49.381+0000] {dag.py:3033} INFO - Sync 1 DAGs
[2024-01-31T02:08:49.394+0000] {logging_mixin.py:188} INFO - [2024-01-31T02:08:49.394+0000] {dag.py:3820} INFO - Setting next_dagrun for tutorial_dag to None, run_after=None
[2024-01-31T02:08:49.423+0000] {processor.py:183} INFO - Processing /home/deprojectue/miniconda3/envs/airflow_demo/lib/python3.9/site-packages/airflow/example_dags/tutorial_dag.py took 0.085 seconds
[2024-01-31T02:09:45.472+0000] {processor.py:161} INFO - Started process (PID=210942) to work on /home/deprojectue/miniconda3/envs/airflow_demo/lib/python3.9/site-packages/airflow/example_dags/tutorial_dag.py
[2024-01-31T02:09:45.474+0000] {processor.py:830} INFO - Processing file /home/deprojectue/miniconda3/envs/airflow_demo/lib/python3.9/site-packages/airflow/example_dags/tutorial_dag.py for tasks to queue
[2024-01-31T02:09:45.475+0000] {logging_mixin.py:188} INFO - [2024-01-31T02:09:45.474+0000] {dagbag.py:538} INFO - Filling up the DagBag from /home/deprojectue/miniconda3/envs/airflow_demo/lib/python3.9/site-packages/airflow/example_dags/tutorial_dag.py
[2024-01-31T02:09:45.483+0000] {processor.py:840} INFO - DAG(s) 'tutorial_dag' retrieved from /home/deprojectue/miniconda3/envs/airflow_demo/lib/python3.9/site-packages/airflow/example_dags/tutorial_dag.py
[2024-01-31T02:09:45.504+0000] {logging_mixin.py:188} INFO - [2024-01-31T02:09:45.504+0000] {dag.py:3033} INFO - Sync 1 DAGs
[2024-01-31T02:09:45.517+0000] {logging_mixin.py:188} INFO - [2024-01-31T02:09:45.517+0000] {dag.py:3820} INFO - Setting next_dagrun for tutorial_dag to None, run_after=None
[2024-01-31T02:09:45.542+0000] {processor.py:183} INFO - Processing /home/deprojectue/miniconda3/envs/airflow_demo/lib/python3.9/site-packages/airflow/example_dags/tutorial_dag.py took 0.075 seconds
[2024-01-31T02:12:33.527+0000] {processor.py:161} INFO - Started process (PID=211030) to work on /home/deprojectue/miniconda3/envs/airflow_demo/lib/python3.9/site-packages/airflow/example_dags/tutorial_dag.py
[2024-01-31T02:12:33.530+0000] {processor.py:830} INFO - Processing file /home/deprojectue/miniconda3/envs/airflow_demo/lib/python3.9/site-packages/airflow/example_dags/tutorial_dag.py for tasks to queue
[2024-01-31T02:12:33.533+0000] {logging_mixin.py:188} INFO - [2024-01-31T02:12:33.533+0000] {dagbag.py:538} INFO - Filling up the DagBag from /home/deprojectue/miniconda3/envs/airflow_demo/lib/python3.9/site-packages/airflow/example_dags/tutorial_dag.py
[2024-01-31T02:12:33.545+0000] {processor.py:840} INFO - DAG(s) 'tutorial_dag' retrieved from /home/deprojectue/miniconda3/envs/airflow_demo/lib/python3.9/site-packages/airflow/example_dags/tutorial_dag.py
[2024-01-31T02:12:33.571+0000] {logging_mixin.py:188} INFO - [2024-01-31T02:12:33.570+0000] {dag.py:3033} INFO - Sync 1 DAGs
[2024-01-31T02:12:33.586+0000] {logging_mixin.py:188} INFO - [2024-01-31T02:12:33.586+0000] {dag.py:3820} INFO - Setting next_dagrun for tutorial_dag to None, run_after=None
[2024-01-31T02:12:33.613+0000] {processor.py:183} INFO - Processing /home/deprojectue/miniconda3/envs/airflow_demo/lib/python3.9/site-packages/airflow/example_dags/tutorial_dag.py took 0.090 seconds
[2024-01-31T02:13:23.780+0000] {processor.py:161} INFO - Started process (PID=211079) to work on /home/deprojectue/miniconda3/envs/airflow_demo/lib/python3.9/site-packages/airflow/example_dags/tutorial_dag.py
[2024-01-31T02:13:23.782+0000] {processor.py:830} INFO - Processing file /home/deprojectue/miniconda3/envs/airflow_demo/lib/python3.9/site-packages/airflow/example_dags/tutorial_dag.py for tasks to queue
[2024-01-31T02:13:23.785+0000] {logging_mixin.py:188} INFO - [2024-01-31T02:13:23.785+0000] {dagbag.py:538} INFO - Filling up the DagBag from /home/deprojectue/miniconda3/envs/airflow_demo/lib/python3.9/site-packages/airflow/example_dags/tutorial_dag.py
[2024-01-31T02:13:23.793+0000] {processor.py:840} INFO - DAG(s) 'tutorial_dag' retrieved from /home/deprojectue/miniconda3/envs/airflow_demo/lib/python3.9/site-packages/airflow/example_dags/tutorial_dag.py
[2024-01-31T02:13:23.816+0000] {logging_mixin.py:188} INFO - [2024-01-31T02:13:23.816+0000] {dag.py:3033} INFO - Sync 1 DAGs
[2024-01-31T02:13:23.829+0000] {logging_mixin.py:188} INFO - [2024-01-31T02:13:23.829+0000] {dag.py:3820} INFO - Setting next_dagrun for tutorial_dag to None, run_after=None
[2024-01-31T02:13:23.853+0000] {processor.py:183} INFO - Processing /home/deprojectue/miniconda3/envs/airflow_demo/lib/python3.9/site-packages/airflow/example_dags/tutorial_dag.py took 0.077 seconds
[2024-01-31T02:14:01.852+0000] {processor.py:161} INFO - Started process (PID=211128) to work on /home/deprojectue/miniconda3/envs/airflow_demo/lib/python3.9/site-packages/airflow/example_dags/tutorial_dag.py
[2024-01-31T02:14:01.856+0000] {processor.py:830} INFO - Processing file /home/deprojectue/miniconda3/envs/airflow_demo/lib/python3.9/site-packages/airflow/example_dags/tutorial_dag.py for tasks to queue
[2024-01-31T02:14:01.864+0000] {logging_mixin.py:188} INFO - [2024-01-31T02:14:01.863+0000] {dagbag.py:538} INFO - Filling up the DagBag from /home/deprojectue/miniconda3/envs/airflow_demo/lib/python3.9/site-packages/airflow/example_dags/tutorial_dag.py
[2024-01-31T02:14:01.876+0000] {processor.py:840} INFO - DAG(s) 'tutorial_dag' retrieved from /home/deprojectue/miniconda3/envs/airflow_demo/lib/python3.9/site-packages/airflow/example_dags/tutorial_dag.py
[2024-01-31T02:14:01.931+0000] {logging_mixin.py:188} INFO - [2024-01-31T02:14:01.930+0000] {dag.py:3033} INFO - Sync 1 DAGs
[2024-01-31T02:14:01.962+0000] {logging_mixin.py:188} INFO - [2024-01-31T02:14:01.962+0000] {dag.py:3820} INFO - Setting next_dagrun for tutorial_dag to None, run_after=None
[2024-01-31T02:14:02.045+0000] {processor.py:183} INFO - Processing /home/deprojectue/miniconda3/envs/airflow_demo/lib/python3.9/site-packages/airflow/example_dags/tutorial_dag.py took 0.194 seconds
[2024-01-31T02:21:31.482+0000] {processor.py:161} INFO - Started process (PID=211290) to work on /home/deprojectue/miniconda3/envs/airflow_demo/lib/python3.9/site-packages/airflow/example_dags/tutorial_dag.py
[2024-01-31T02:21:31.484+0000] {processor.py:830} INFO - Processing file /home/deprojectue/miniconda3/envs/airflow_demo/lib/python3.9/site-packages/airflow/example_dags/tutorial_dag.py for tasks to queue
[2024-01-31T02:21:31.487+0000] {logging_mixin.py:188} INFO - [2024-01-31T02:21:31.487+0000] {dagbag.py:538} INFO - Filling up the DagBag from /home/deprojectue/miniconda3/envs/airflow_demo/lib/python3.9/site-packages/airflow/example_dags/tutorial_dag.py
[2024-01-31T02:21:31.498+0000] {processor.py:840} INFO - DAG(s) 'tutorial_dag' retrieved from /home/deprojectue/miniconda3/envs/airflow_demo/lib/python3.9/site-packages/airflow/example_dags/tutorial_dag.py
[2024-01-31T02:21:31.524+0000] {logging_mixin.py:188} INFO - [2024-01-31T02:21:31.523+0000] {dag.py:3033} INFO - Sync 1 DAGs
[2024-01-31T02:21:31.538+0000] {logging_mixin.py:188} INFO - [2024-01-31T02:21:31.537+0000] {dag.py:3820} INFO - Setting next_dagrun for tutorial_dag to None, run_after=None
[2024-01-31T02:21:31.564+0000] {processor.py:183} INFO - Processing /home/deprojectue/miniconda3/envs/airflow_demo/lib/python3.9/site-packages/airflow/example_dags/tutorial_dag.py took 0.087 seconds
[2024-01-31T02:22:22.508+0000] {processor.py:161} INFO - Started process (PID=211340) to work on /home/deprojectue/miniconda3/envs/airflow_demo/lib/python3.9/site-packages/airflow/example_dags/tutorial_dag.py
[2024-01-31T02:22:22.510+0000] {processor.py:830} INFO - Processing file /home/deprojectue/miniconda3/envs/airflow_demo/lib/python3.9/site-packages/airflow/example_dags/tutorial_dag.py for tasks to queue
[2024-01-31T02:22:22.515+0000] {logging_mixin.py:188} INFO - [2024-01-31T02:22:22.514+0000] {dagbag.py:538} INFO - Filling up the DagBag from /home/deprojectue/miniconda3/envs/airflow_demo/lib/python3.9/site-packages/airflow/example_dags/tutorial_dag.py
[2024-01-31T02:22:22.522+0000] {processor.py:840} INFO - DAG(s) 'tutorial_dag' retrieved from /home/deprojectue/miniconda3/envs/airflow_demo/lib/python3.9/site-packages/airflow/example_dags/tutorial_dag.py
[2024-01-31T02:22:22.543+0000] {logging_mixin.py:188} INFO - [2024-01-31T02:22:22.542+0000] {dag.py:3033} INFO - Sync 1 DAGs
[2024-01-31T02:22:22.556+0000] {logging_mixin.py:188} INFO - [2024-01-31T02:22:22.556+0000] {dag.py:3820} INFO - Setting next_dagrun for tutorial_dag to None, run_after=None
[2024-01-31T02:22:22.581+0000] {processor.py:183} INFO - Processing /home/deprojectue/miniconda3/envs/airflow_demo/lib/python3.9/site-packages/airflow/example_dags/tutorial_dag.py took 0.077 seconds
[2024-01-31T08:23:06.249+0000] {processor.py:161} INFO - Started process (PID=213998) to work on /home/deprojectue/miniconda3/envs/airflow_demo/lib/python3.9/site-packages/airflow/example_dags/tutorial_dag.py
[2024-01-31T08:23:06.251+0000] {processor.py:830} INFO - Processing file /home/deprojectue/miniconda3/envs/airflow_demo/lib/python3.9/site-packages/airflow/example_dags/tutorial_dag.py for tasks to queue
[2024-01-31T08:23:06.254+0000] {logging_mixin.py:188} INFO - [2024-01-31T08:23:06.253+0000] {dagbag.py:538} INFO - Filling up the DagBag from /home/deprojectue/miniconda3/envs/airflow_demo/lib/python3.9/site-packages/airflow/example_dags/tutorial_dag.py
[2024-01-31T08:23:06.266+0000] {processor.py:840} INFO - DAG(s) 'tutorial_dag' retrieved from /home/deprojectue/miniconda3/envs/airflow_demo/lib/python3.9/site-packages/airflow/example_dags/tutorial_dag.py
[2024-01-31T08:23:06.291+0000] {logging_mixin.py:188} INFO - [2024-01-31T08:23:06.291+0000] {dag.py:3033} INFO - Sync 1 DAGs
[2024-01-31T08:23:06.305+0000] {logging_mixin.py:188} INFO - [2024-01-31T08:23:06.305+0000] {dag.py:3820} INFO - Setting next_dagrun for tutorial_dag to None, run_after=None
[2024-01-31T08:23:06.331+0000] {processor.py:183} INFO - Processing /home/deprojectue/miniconda3/envs/airflow_demo/lib/python3.9/site-packages/airflow/example_dags/tutorial_dag.py took 0.087 seconds
[2024-01-31T08:24:03.992+0000] {processor.py:161} INFO - Started process (PID=214023) to work on /home/deprojectue/miniconda3/envs/airflow_demo/lib/python3.9/site-packages/airflow/example_dags/tutorial_dag.py
[2024-01-31T08:24:03.994+0000] {processor.py:830} INFO - Processing file /home/deprojectue/miniconda3/envs/airflow_demo/lib/python3.9/site-packages/airflow/example_dags/tutorial_dag.py for tasks to queue
[2024-01-31T08:24:03.997+0000] {logging_mixin.py:188} INFO - [2024-01-31T08:24:03.997+0000] {dagbag.py:538} INFO - Filling up the DagBag from /home/deprojectue/miniconda3/envs/airflow_demo/lib/python3.9/site-packages/airflow/example_dags/tutorial_dag.py
[2024-01-31T08:24:04.009+0000] {processor.py:840} INFO - DAG(s) 'tutorial_dag' retrieved from /home/deprojectue/miniconda3/envs/airflow_demo/lib/python3.9/site-packages/airflow/example_dags/tutorial_dag.py
[2024-01-31T08:24:04.034+0000] {logging_mixin.py:188} INFO - [2024-01-31T08:24:04.033+0000] {dag.py:3033} INFO - Sync 1 DAGs
[2024-01-31T08:24:04.047+0000] {logging_mixin.py:188} INFO - [2024-01-31T08:24:04.047+0000] {dag.py:3820} INFO - Setting next_dagrun for tutorial_dag to None, run_after=None
[2024-01-31T08:24:04.071+0000] {processor.py:183} INFO - Processing /home/deprojectue/miniconda3/envs/airflow_demo/lib/python3.9/site-packages/airflow/example_dags/tutorial_dag.py took 0.084 seconds
[2024-01-31T08:25:00.158+0000] {processor.py:161} INFO - Started process (PID=214080) to work on /home/deprojectue/miniconda3/envs/airflow_demo/lib/python3.9/site-packages/airflow/example_dags/tutorial_dag.py
[2024-01-31T08:25:00.160+0000] {processor.py:830} INFO - Processing file /home/deprojectue/miniconda3/envs/airflow_demo/lib/python3.9/site-packages/airflow/example_dags/tutorial_dag.py for tasks to queue
[2024-01-31T08:25:00.163+0000] {logging_mixin.py:188} INFO - [2024-01-31T08:25:00.163+0000] {dagbag.py:538} INFO - Filling up the DagBag from /home/deprojectue/miniconda3/envs/airflow_demo/lib/python3.9/site-packages/airflow/example_dags/tutorial_dag.py
[2024-01-31T08:25:00.171+0000] {processor.py:840} INFO - DAG(s) 'tutorial_dag' retrieved from /home/deprojectue/miniconda3/envs/airflow_demo/lib/python3.9/site-packages/airflow/example_dags/tutorial_dag.py
[2024-01-31T08:25:00.192+0000] {logging_mixin.py:188} INFO - [2024-01-31T08:25:00.192+0000] {dag.py:3033} INFO - Sync 1 DAGs
[2024-01-31T08:25:00.206+0000] {logging_mixin.py:188} INFO - [2024-01-31T08:25:00.206+0000] {dag.py:3820} INFO - Setting next_dagrun for tutorial_dag to None, run_after=None
[2024-01-31T08:25:00.232+0000] {processor.py:183} INFO - Processing /home/deprojectue/miniconda3/envs/airflow_demo/lib/python3.9/site-packages/airflow/example_dags/tutorial_dag.py took 0.079 seconds
[2024-01-31T08:25:46.165+0000] {processor.py:161} INFO - Started process (PID=214128) to work on /home/deprojectue/miniconda3/envs/airflow_demo/lib/python3.9/site-packages/airflow/example_dags/tutorial_dag.py
[2024-01-31T08:25:46.167+0000] {processor.py:830} INFO - Processing file /home/deprojectue/miniconda3/envs/airflow_demo/lib/python3.9/site-packages/airflow/example_dags/tutorial_dag.py for tasks to queue
[2024-01-31T08:25:46.170+0000] {logging_mixin.py:188} INFO - [2024-01-31T08:25:46.169+0000] {dagbag.py:538} INFO - Filling up the DagBag from /home/deprojectue/miniconda3/envs/airflow_demo/lib/python3.9/site-packages/airflow/example_dags/tutorial_dag.py
[2024-01-31T08:25:46.178+0000] {processor.py:840} INFO - DAG(s) 'tutorial_dag' retrieved from /home/deprojectue/miniconda3/envs/airflow_demo/lib/python3.9/site-packages/airflow/example_dags/tutorial_dag.py
[2024-01-31T08:25:46.199+0000] {logging_mixin.py:188} INFO - [2024-01-31T08:25:46.198+0000] {dag.py:3033} INFO - Sync 1 DAGs
[2024-01-31T08:25:46.212+0000] {logging_mixin.py:188} INFO - [2024-01-31T08:25:46.212+0000] {dag.py:3820} INFO - Setting next_dagrun for tutorial_dag to None, run_after=None
[2024-01-31T08:25:46.237+0000] {processor.py:183} INFO - Processing /home/deprojectue/miniconda3/envs/airflow_demo/lib/python3.9/site-packages/airflow/example_dags/tutorial_dag.py took 0.076 seconds
[2024-01-31T08:29:37.996+0000] {processor.py:161} INFO - Started process (PID=214746) to work on /home/deprojectue/miniconda3/envs/airflow_demo/lib/python3.9/site-packages/airflow/example_dags/tutorial_dag.py
[2024-01-31T08:29:38.013+0000] {processor.py:830} INFO - Processing file /home/deprojectue/miniconda3/envs/airflow_demo/lib/python3.9/site-packages/airflow/example_dags/tutorial_dag.py for tasks to queue
[2024-01-31T08:29:38.015+0000] {logging_mixin.py:188} INFO - [2024-01-31T08:29:38.014+0000] {dagbag.py:538} INFO - Filling up the DagBag from /home/deprojectue/miniconda3/envs/airflow_demo/lib/python3.9/site-packages/airflow/example_dags/tutorial_dag.py
[2024-01-31T08:29:38.248+0000] {processor.py:840} INFO - DAG(s) 'tutorial_dag' retrieved from /home/deprojectue/miniconda3/envs/airflow_demo/lib/python3.9/site-packages/airflow/example_dags/tutorial_dag.py
[2024-01-31T08:29:39.507+0000] {logging_mixin.py:188} INFO - [2024-01-31T08:29:39.506+0000] {dag.py:3033} INFO - Sync 1 DAGs
[2024-01-31T08:29:39.966+0000] {logging_mixin.py:188} INFO - [2024-01-31T08:29:39.966+0000] {dag.py:3820} INFO - Setting next_dagrun for tutorial_dag to None, run_after=None
[2024-01-31T08:29:40.721+0000] {processor.py:183} INFO - Processing /home/deprojectue/miniconda3/envs/airflow_demo/lib/python3.9/site-packages/airflow/example_dags/tutorial_dag.py took 2.739 seconds
[2024-01-31T08:42:15.928+0000] {processor.py:161} INFO - Started process (PID=215201) to work on /home/deprojectue/miniconda3/envs/airflow_demo/lib/python3.9/site-packages/airflow/example_dags/tutorial_dag.py
[2024-01-31T08:42:15.931+0000] {processor.py:830} INFO - Processing file /home/deprojectue/miniconda3/envs/airflow_demo/lib/python3.9/site-packages/airflow/example_dags/tutorial_dag.py for tasks to queue
[2024-01-31T08:42:15.934+0000] {logging_mixin.py:188} INFO - [2024-01-31T08:42:15.934+0000] {dagbag.py:538} INFO - Filling up the DagBag from /home/deprojectue/miniconda3/envs/airflow_demo/lib/python3.9/site-packages/airflow/example_dags/tutorial_dag.py
[2024-01-31T08:42:15.947+0000] {processor.py:840} INFO - DAG(s) 'tutorial_dag' retrieved from /home/deprojectue/miniconda3/envs/airflow_demo/lib/python3.9/site-packages/airflow/example_dags/tutorial_dag.py
[2024-01-31T08:42:15.978+0000] {logging_mixin.py:188} INFO - [2024-01-31T08:42:15.978+0000] {dag.py:3033} INFO - Sync 1 DAGs
[2024-01-31T08:42:15.992+0000] {logging_mixin.py:188} INFO - [2024-01-31T08:42:15.992+0000] {dag.py:3820} INFO - Setting next_dagrun for tutorial_dag to None, run_after=None
[2024-01-31T08:42:16.022+0000] {processor.py:183} INFO - Processing /home/deprojectue/miniconda3/envs/airflow_demo/lib/python3.9/site-packages/airflow/example_dags/tutorial_dag.py took 0.098 seconds
[2024-01-31T08:51:43.788+0000] {processor.py:161} INFO - Started process (PID=215363) to work on /home/deprojectue/miniconda3/envs/airflow_demo/lib/python3.9/site-packages/airflow/example_dags/tutorial_dag.py
[2024-01-31T08:51:43.791+0000] {processor.py:830} INFO - Processing file /home/deprojectue/miniconda3/envs/airflow_demo/lib/python3.9/site-packages/airflow/example_dags/tutorial_dag.py for tasks to queue
[2024-01-31T08:51:43.795+0000] {logging_mixin.py:188} INFO - [2024-01-31T08:51:43.794+0000] {dagbag.py:538} INFO - Filling up the DagBag from /home/deprojectue/miniconda3/envs/airflow_demo/lib/python3.9/site-packages/airflow/example_dags/tutorial_dag.py
[2024-01-31T08:51:43.804+0000] {processor.py:840} INFO - DAG(s) 'tutorial_dag' retrieved from /home/deprojectue/miniconda3/envs/airflow_demo/lib/python3.9/site-packages/airflow/example_dags/tutorial_dag.py
[2024-01-31T08:51:43.831+0000] {logging_mixin.py:188} INFO - [2024-01-31T08:51:43.830+0000] {dag.py:3033} INFO - Sync 1 DAGs
[2024-01-31T08:51:43.847+0000] {logging_mixin.py:188} INFO - [2024-01-31T08:51:43.847+0000] {dag.py:3820} INFO - Setting next_dagrun for tutorial_dag to None, run_after=None
[2024-01-31T08:51:43.873+0000] {processor.py:183} INFO - Processing /home/deprojectue/miniconda3/envs/airflow_demo/lib/python3.9/site-packages/airflow/example_dags/tutorial_dag.py took 0.090 seconds
[2024-01-31T08:52:33.182+0000] {processor.py:161} INFO - Started process (PID=215413) to work on /home/deprojectue/miniconda3/envs/airflow_demo/lib/python3.9/site-packages/airflow/example_dags/tutorial_dag.py
[2024-01-31T08:52:33.184+0000] {processor.py:830} INFO - Processing file /home/deprojectue/miniconda3/envs/airflow_demo/lib/python3.9/site-packages/airflow/example_dags/tutorial_dag.py for tasks to queue
[2024-01-31T08:52:33.188+0000] {logging_mixin.py:188} INFO - [2024-01-31T08:52:33.187+0000] {dagbag.py:538} INFO - Filling up the DagBag from /home/deprojectue/miniconda3/envs/airflow_demo/lib/python3.9/site-packages/airflow/example_dags/tutorial_dag.py
[2024-01-31T08:52:33.196+0000] {processor.py:840} INFO - DAG(s) 'tutorial_dag' retrieved from /home/deprojectue/miniconda3/envs/airflow_demo/lib/python3.9/site-packages/airflow/example_dags/tutorial_dag.py
[2024-01-31T08:52:33.217+0000] {logging_mixin.py:188} INFO - [2024-01-31T08:52:33.216+0000] {dag.py:3033} INFO - Sync 1 DAGs
[2024-01-31T08:52:33.232+0000] {logging_mixin.py:188} INFO - [2024-01-31T08:52:33.232+0000] {dag.py:3820} INFO - Setting next_dagrun for tutorial_dag to None, run_after=None
[2024-01-31T08:52:33.258+0000] {processor.py:183} INFO - Processing /home/deprojectue/miniconda3/envs/airflow_demo/lib/python3.9/site-packages/airflow/example_dags/tutorial_dag.py took 0.081 seconds
[2024-01-31T08:53:12.812+0000] {processor.py:161} INFO - Started process (PID=215454) to work on /home/deprojectue/miniconda3/envs/airflow_demo/lib/python3.9/site-packages/airflow/example_dags/tutorial_dag.py
[2024-01-31T08:53:12.814+0000] {processor.py:830} INFO - Processing file /home/deprojectue/miniconda3/envs/airflow_demo/lib/python3.9/site-packages/airflow/example_dags/tutorial_dag.py for tasks to queue
[2024-01-31T08:53:12.819+0000] {logging_mixin.py:188} INFO - [2024-01-31T08:53:12.818+0000] {dagbag.py:538} INFO - Filling up the DagBag from /home/deprojectue/miniconda3/envs/airflow_demo/lib/python3.9/site-packages/airflow/example_dags/tutorial_dag.py
[2024-01-31T08:53:12.829+0000] {processor.py:840} INFO - DAG(s) 'tutorial_dag' retrieved from /home/deprojectue/miniconda3/envs/airflow_demo/lib/python3.9/site-packages/airflow/example_dags/tutorial_dag.py
[2024-01-31T08:53:12.853+0000] {logging_mixin.py:188} INFO - [2024-01-31T08:53:12.852+0000] {dag.py:3033} INFO - Sync 1 DAGs
[2024-01-31T08:53:12.866+0000] {logging_mixin.py:188} INFO - [2024-01-31T08:53:12.866+0000] {dag.py:3820} INFO - Setting next_dagrun for tutorial_dag to None, run_after=None
[2024-01-31T08:53:12.891+0000] {processor.py:183} INFO - Processing /home/deprojectue/miniconda3/envs/airflow_demo/lib/python3.9/site-packages/airflow/example_dags/tutorial_dag.py took 0.084 seconds
[2024-01-31T08:53:54.275+0000] {processor.py:161} INFO - Started process (PID=215496) to work on /home/deprojectue/miniconda3/envs/airflow_demo/lib/python3.9/site-packages/airflow/example_dags/tutorial_dag.py
[2024-01-31T08:53:54.277+0000] {processor.py:830} INFO - Processing file /home/deprojectue/miniconda3/envs/airflow_demo/lib/python3.9/site-packages/airflow/example_dags/tutorial_dag.py for tasks to queue
[2024-01-31T08:53:54.281+0000] {logging_mixin.py:188} INFO - [2024-01-31T08:53:54.280+0000] {dagbag.py:538} INFO - Filling up the DagBag from /home/deprojectue/miniconda3/envs/airflow_demo/lib/python3.9/site-packages/airflow/example_dags/tutorial_dag.py
[2024-01-31T08:53:54.290+0000] {processor.py:840} INFO - DAG(s) 'tutorial_dag' retrieved from /home/deprojectue/miniconda3/envs/airflow_demo/lib/python3.9/site-packages/airflow/example_dags/tutorial_dag.py
[2024-01-31T08:53:54.311+0000] {logging_mixin.py:188} INFO - [2024-01-31T08:53:54.311+0000] {dag.py:3033} INFO - Sync 1 DAGs
[2024-01-31T08:53:54.326+0000] {logging_mixin.py:188} INFO - [2024-01-31T08:53:54.325+0000] {dag.py:3820} INFO - Setting next_dagrun for tutorial_dag to None, run_after=None
[2024-01-31T08:53:54.353+0000] {processor.py:183} INFO - Processing /home/deprojectue/miniconda3/envs/airflow_demo/lib/python3.9/site-packages/airflow/example_dags/tutorial_dag.py took 0.082 seconds
[2024-01-31T08:54:35.563+0000] {processor.py:161} INFO - Started process (PID=215540) to work on /home/deprojectue/miniconda3/envs/airflow_demo/lib/python3.9/site-packages/airflow/example_dags/tutorial_dag.py
[2024-01-31T08:54:35.565+0000] {processor.py:830} INFO - Processing file /home/deprojectue/miniconda3/envs/airflow_demo/lib/python3.9/site-packages/airflow/example_dags/tutorial_dag.py for tasks to queue
[2024-01-31T08:54:35.568+0000] {logging_mixin.py:188} INFO - [2024-01-31T08:54:35.568+0000] {dagbag.py:538} INFO - Filling up the DagBag from /home/deprojectue/miniconda3/envs/airflow_demo/lib/python3.9/site-packages/airflow/example_dags/tutorial_dag.py
[2024-01-31T08:54:35.577+0000] {processor.py:840} INFO - DAG(s) 'tutorial_dag' retrieved from /home/deprojectue/miniconda3/envs/airflow_demo/lib/python3.9/site-packages/airflow/example_dags/tutorial_dag.py
[2024-01-31T08:54:35.597+0000] {logging_mixin.py:188} INFO - [2024-01-31T08:54:35.597+0000] {dag.py:3033} INFO - Sync 1 DAGs
[2024-01-31T08:54:35.611+0000] {logging_mixin.py:188} INFO - [2024-01-31T08:54:35.610+0000] {dag.py:3820} INFO - Setting next_dagrun for tutorial_dag to None, run_after=None
[2024-01-31T08:54:35.635+0000] {processor.py:183} INFO - Processing /home/deprojectue/miniconda3/envs/airflow_demo/lib/python3.9/site-packages/airflow/example_dags/tutorial_dag.py took 0.077 seconds
[2024-01-31T08:55:18.065+0000] {processor.py:161} INFO - Started process (PID=215583) to work on /home/deprojectue/miniconda3/envs/airflow_demo/lib/python3.9/site-packages/airflow/example_dags/tutorial_dag.py
[2024-01-31T08:55:18.067+0000] {processor.py:830} INFO - Processing file /home/deprojectue/miniconda3/envs/airflow_demo/lib/python3.9/site-packages/airflow/example_dags/tutorial_dag.py for tasks to queue
[2024-01-31T08:55:18.071+0000] {logging_mixin.py:188} INFO - [2024-01-31T08:55:18.070+0000] {dagbag.py:538} INFO - Filling up the DagBag from /home/deprojectue/miniconda3/envs/airflow_demo/lib/python3.9/site-packages/airflow/example_dags/tutorial_dag.py
[2024-01-31T08:55:18.079+0000] {processor.py:840} INFO - DAG(s) 'tutorial_dag' retrieved from /home/deprojectue/miniconda3/envs/airflow_demo/lib/python3.9/site-packages/airflow/example_dags/tutorial_dag.py
[2024-01-31T08:55:18.100+0000] {logging_mixin.py:188} INFO - [2024-01-31T08:55:18.099+0000] {dag.py:3033} INFO - Sync 1 DAGs
[2024-01-31T08:55:18.114+0000] {logging_mixin.py:188} INFO - [2024-01-31T08:55:18.114+0000] {dag.py:3820} INFO - Setting next_dagrun for tutorial_dag to None, run_after=None
[2024-01-31T08:55:18.139+0000] {processor.py:183} INFO - Processing /home/deprojectue/miniconda3/envs/airflow_demo/lib/python3.9/site-packages/airflow/example_dags/tutorial_dag.py took 0.079 seconds
[2024-01-31T08:55:57.469+0000] {processor.py:161} INFO - Started process (PID=215625) to work on /home/deprojectue/miniconda3/envs/airflow_demo/lib/python3.9/site-packages/airflow/example_dags/tutorial_dag.py
[2024-01-31T08:55:57.471+0000] {processor.py:830} INFO - Processing file /home/deprojectue/miniconda3/envs/airflow_demo/lib/python3.9/site-packages/airflow/example_dags/tutorial_dag.py for tasks to queue
[2024-01-31T08:55:57.474+0000] {logging_mixin.py:188} INFO - [2024-01-31T08:55:57.474+0000] {dagbag.py:538} INFO - Filling up the DagBag from /home/deprojectue/miniconda3/envs/airflow_demo/lib/python3.9/site-packages/airflow/example_dags/tutorial_dag.py
[2024-01-31T08:55:57.483+0000] {processor.py:840} INFO - DAG(s) 'tutorial_dag' retrieved from /home/deprojectue/miniconda3/envs/airflow_demo/lib/python3.9/site-packages/airflow/example_dags/tutorial_dag.py
[2024-01-31T08:55:57.503+0000] {logging_mixin.py:188} INFO - [2024-01-31T08:55:57.502+0000] {dag.py:3033} INFO - Sync 1 DAGs
[2024-01-31T08:55:57.516+0000] {logging_mixin.py:188} INFO - [2024-01-31T08:55:57.516+0000] {dag.py:3820} INFO - Setting next_dagrun for tutorial_dag to None, run_after=None
[2024-01-31T08:55:57.542+0000] {processor.py:183} INFO - Processing /home/deprojectue/miniconda3/envs/airflow_demo/lib/python3.9/site-packages/airflow/example_dags/tutorial_dag.py took 0.077 seconds
[2024-01-31T08:56:33.785+0000] {processor.py:161} INFO - Started process (PID=215675) to work on /home/deprojectue/miniconda3/envs/airflow_demo/lib/python3.9/site-packages/airflow/example_dags/tutorial_dag.py
[2024-01-31T08:56:33.787+0000] {processor.py:830} INFO - Processing file /home/deprojectue/miniconda3/envs/airflow_demo/lib/python3.9/site-packages/airflow/example_dags/tutorial_dag.py for tasks to queue
[2024-01-31T08:56:33.791+0000] {logging_mixin.py:188} INFO - [2024-01-31T08:56:33.790+0000] {dagbag.py:538} INFO - Filling up the DagBag from /home/deprojectue/miniconda3/envs/airflow_demo/lib/python3.9/site-packages/airflow/example_dags/tutorial_dag.py
[2024-01-31T08:56:33.800+0000] {processor.py:840} INFO - DAG(s) 'tutorial_dag' retrieved from /home/deprojectue/miniconda3/envs/airflow_demo/lib/python3.9/site-packages/airflow/example_dags/tutorial_dag.py
[2024-01-31T08:56:33.823+0000] {logging_mixin.py:188} INFO - [2024-01-31T08:56:33.822+0000] {dag.py:3033} INFO - Sync 1 DAGs
[2024-01-31T08:56:33.836+0000] {logging_mixin.py:188} INFO - [2024-01-31T08:56:33.836+0000] {dag.py:3820} INFO - Setting next_dagrun for tutorial_dag to None, run_after=None
[2024-01-31T08:56:33.863+0000] {processor.py:183} INFO - Processing /home/deprojectue/miniconda3/envs/airflow_demo/lib/python3.9/site-packages/airflow/example_dags/tutorial_dag.py took 0.083 seconds
[2024-01-31T08:57:12.797+0000] {processor.py:161} INFO - Started process (PID=215721) to work on /home/deprojectue/miniconda3/envs/airflow_demo/lib/python3.9/site-packages/airflow/example_dags/tutorial_dag.py
[2024-01-31T08:57:12.799+0000] {processor.py:830} INFO - Processing file /home/deprojectue/miniconda3/envs/airflow_demo/lib/python3.9/site-packages/airflow/example_dags/tutorial_dag.py for tasks to queue
[2024-01-31T08:57:12.802+0000] {logging_mixin.py:188} INFO - [2024-01-31T08:57:12.802+0000] {dagbag.py:538} INFO - Filling up the DagBag from /home/deprojectue/miniconda3/envs/airflow_demo/lib/python3.9/site-packages/airflow/example_dags/tutorial_dag.py
[2024-01-31T08:57:12.810+0000] {processor.py:840} INFO - DAG(s) 'tutorial_dag' retrieved from /home/deprojectue/miniconda3/envs/airflow_demo/lib/python3.9/site-packages/airflow/example_dags/tutorial_dag.py
[2024-01-31T08:57:12.831+0000] {logging_mixin.py:188} INFO - [2024-01-31T08:57:12.830+0000] {dag.py:3033} INFO - Sync 1 DAGs
[2024-01-31T08:57:12.845+0000] {logging_mixin.py:188} INFO - [2024-01-31T08:57:12.845+0000] {dag.py:3820} INFO - Setting next_dagrun for tutorial_dag to None, run_after=None
[2024-01-31T08:57:12.873+0000] {processor.py:183} INFO - Processing /home/deprojectue/miniconda3/envs/airflow_demo/lib/python3.9/site-packages/airflow/example_dags/tutorial_dag.py took 0.081 seconds
[2024-01-31T08:57:49.011+0000] {processor.py:161} INFO - Started process (PID=215759) to work on /home/deprojectue/miniconda3/envs/airflow_demo/lib/python3.9/site-packages/airflow/example_dags/tutorial_dag.py
[2024-01-31T08:57:49.013+0000] {processor.py:830} INFO - Processing file /home/deprojectue/miniconda3/envs/airflow_demo/lib/python3.9/site-packages/airflow/example_dags/tutorial_dag.py for tasks to queue
[2024-01-31T08:57:49.016+0000] {logging_mixin.py:188} INFO - [2024-01-31T08:57:49.016+0000] {dagbag.py:538} INFO - Filling up the DagBag from /home/deprojectue/miniconda3/envs/airflow_demo/lib/python3.9/site-packages/airflow/example_dags/tutorial_dag.py
[2024-01-31T08:57:49.025+0000] {processor.py:840} INFO - DAG(s) 'tutorial_dag' retrieved from /home/deprojectue/miniconda3/envs/airflow_demo/lib/python3.9/site-packages/airflow/example_dags/tutorial_dag.py
[2024-01-31T08:57:49.045+0000] {logging_mixin.py:188} INFO - [2024-01-31T08:57:49.045+0000] {dag.py:3033} INFO - Sync 1 DAGs
[2024-01-31T08:57:49.058+0000] {logging_mixin.py:188} INFO - [2024-01-31T08:57:49.058+0000] {dag.py:3820} INFO - Setting next_dagrun for tutorial_dag to None, run_after=None
[2024-01-31T08:57:49.085+0000] {processor.py:183} INFO - Processing /home/deprojectue/miniconda3/envs/airflow_demo/lib/python3.9/site-packages/airflow/example_dags/tutorial_dag.py took 0.079 seconds
[2024-01-31T08:58:27.541+0000] {processor.py:161} INFO - Started process (PID=215797) to work on /home/deprojectue/miniconda3/envs/airflow_demo/lib/python3.9/site-packages/airflow/example_dags/tutorial_dag.py
[2024-01-31T08:58:27.544+0000] {processor.py:830} INFO - Processing file /home/deprojectue/miniconda3/envs/airflow_demo/lib/python3.9/site-packages/airflow/example_dags/tutorial_dag.py for tasks to queue
[2024-01-31T08:58:27.548+0000] {logging_mixin.py:188} INFO - [2024-01-31T08:58:27.547+0000] {dagbag.py:538} INFO - Filling up the DagBag from /home/deprojectue/miniconda3/envs/airflow_demo/lib/python3.9/site-packages/airflow/example_dags/tutorial_dag.py
[2024-01-31T08:58:27.557+0000] {processor.py:840} INFO - DAG(s) 'tutorial_dag' retrieved from /home/deprojectue/miniconda3/envs/airflow_demo/lib/python3.9/site-packages/airflow/example_dags/tutorial_dag.py
[2024-01-31T08:58:27.577+0000] {logging_mixin.py:188} INFO - [2024-01-31T08:58:27.577+0000] {dag.py:3033} INFO - Sync 1 DAGs
[2024-01-31T08:58:27.591+0000] {logging_mixin.py:188} INFO - [2024-01-31T08:58:27.590+0000] {dag.py:3820} INFO - Setting next_dagrun for tutorial_dag to None, run_after=None
[2024-01-31T08:58:27.616+0000] {processor.py:183} INFO - Processing /home/deprojectue/miniconda3/envs/airflow_demo/lib/python3.9/site-packages/airflow/example_dags/tutorial_dag.py took 0.079 seconds
[2024-01-31T08:59:07.973+0000] {processor.py:161} INFO - Started process (PID=215859) to work on /home/deprojectue/miniconda3/envs/airflow_demo/lib/python3.9/site-packages/airflow/example_dags/tutorial_dag.py
[2024-01-31T08:59:07.976+0000] {processor.py:830} INFO - Processing file /home/deprojectue/miniconda3/envs/airflow_demo/lib/python3.9/site-packages/airflow/example_dags/tutorial_dag.py for tasks to queue
[2024-01-31T08:59:07.979+0000] {logging_mixin.py:188} INFO - [2024-01-31T08:59:07.979+0000] {dagbag.py:538} INFO - Filling up the DagBag from /home/deprojectue/miniconda3/envs/airflow_demo/lib/python3.9/site-packages/airflow/example_dags/tutorial_dag.py
[2024-01-31T08:59:07.989+0000] {processor.py:840} INFO - DAG(s) 'tutorial_dag' retrieved from /home/deprojectue/miniconda3/envs/airflow_demo/lib/python3.9/site-packages/airflow/example_dags/tutorial_dag.py
[2024-01-31T08:59:08.010+0000] {logging_mixin.py:188} INFO - [2024-01-31T08:59:08.009+0000] {dag.py:3033} INFO - Sync 1 DAGs
[2024-01-31T08:59:08.023+0000] {logging_mixin.py:188} INFO - [2024-01-31T08:59:08.023+0000] {dag.py:3820} INFO - Setting next_dagrun for tutorial_dag to None, run_after=None
[2024-01-31T08:59:08.049+0000] {processor.py:183} INFO - Processing /home/deprojectue/miniconda3/envs/airflow_demo/lib/python3.9/site-packages/airflow/example_dags/tutorial_dag.py took 0.080 seconds
[2024-01-31T08:59:47.567+0000] {processor.py:161} INFO - Started process (PID=215901) to work on /home/deprojectue/miniconda3/envs/airflow_demo/lib/python3.9/site-packages/airflow/example_dags/tutorial_dag.py
[2024-01-31T08:59:47.569+0000] {processor.py:830} INFO - Processing file /home/deprojectue/miniconda3/envs/airflow_demo/lib/python3.9/site-packages/airflow/example_dags/tutorial_dag.py for tasks to queue
[2024-01-31T08:59:47.573+0000] {logging_mixin.py:188} INFO - [2024-01-31T08:59:47.572+0000] {dagbag.py:538} INFO - Filling up the DagBag from /home/deprojectue/miniconda3/envs/airflow_demo/lib/python3.9/site-packages/airflow/example_dags/tutorial_dag.py
[2024-01-31T08:59:47.582+0000] {processor.py:840} INFO - DAG(s) 'tutorial_dag' retrieved from /home/deprojectue/miniconda3/envs/airflow_demo/lib/python3.9/site-packages/airflow/example_dags/tutorial_dag.py
[2024-01-31T08:59:47.603+0000] {logging_mixin.py:188} INFO - [2024-01-31T08:59:47.603+0000] {dag.py:3033} INFO - Sync 1 DAGs
[2024-01-31T08:59:47.618+0000] {logging_mixin.py:188} INFO - [2024-01-31T08:59:47.618+0000] {dag.py:3820} INFO - Setting next_dagrun for tutorial_dag to None, run_after=None
[2024-01-31T08:59:47.644+0000] {processor.py:183} INFO - Processing /home/deprojectue/miniconda3/envs/airflow_demo/lib/python3.9/site-packages/airflow/example_dags/tutorial_dag.py took 0.081 seconds
[2024-01-31T09:00:26.479+0000] {processor.py:161} INFO - Started process (PID=215941) to work on /home/deprojectue/miniconda3/envs/airflow_demo/lib/python3.9/site-packages/airflow/example_dags/tutorial_dag.py
[2024-01-31T09:00:26.481+0000] {processor.py:830} INFO - Processing file /home/deprojectue/miniconda3/envs/airflow_demo/lib/python3.9/site-packages/airflow/example_dags/tutorial_dag.py for tasks to queue
[2024-01-31T09:00:26.485+0000] {logging_mixin.py:188} INFO - [2024-01-31T09:00:26.484+0000] {dagbag.py:538} INFO - Filling up the DagBag from /home/deprojectue/miniconda3/envs/airflow_demo/lib/python3.9/site-packages/airflow/example_dags/tutorial_dag.py
[2024-01-31T09:00:26.493+0000] {processor.py:840} INFO - DAG(s) 'tutorial_dag' retrieved from /home/deprojectue/miniconda3/envs/airflow_demo/lib/python3.9/site-packages/airflow/example_dags/tutorial_dag.py
[2024-01-31T09:00:26.514+0000] {logging_mixin.py:188} INFO - [2024-01-31T09:00:26.513+0000] {dag.py:3033} INFO - Sync 1 DAGs
[2024-01-31T09:00:26.528+0000] {logging_mixin.py:188} INFO - [2024-01-31T09:00:26.528+0000] {dag.py:3820} INFO - Setting next_dagrun for tutorial_dag to None, run_after=None
[2024-01-31T09:00:26.553+0000] {processor.py:183} INFO - Processing /home/deprojectue/miniconda3/envs/airflow_demo/lib/python3.9/site-packages/airflow/example_dags/tutorial_dag.py took 0.079 seconds
[2024-01-31T09:01:02.997+0000] {processor.py:161} INFO - Started process (PID=215979) to work on /home/deprojectue/miniconda3/envs/airflow_demo/lib/python3.9/site-packages/airflow/example_dags/tutorial_dag.py
[2024-01-31T09:01:03.000+0000] {processor.py:830} INFO - Processing file /home/deprojectue/miniconda3/envs/airflow_demo/lib/python3.9/site-packages/airflow/example_dags/tutorial_dag.py for tasks to queue
[2024-01-31T09:01:03.003+0000] {logging_mixin.py:188} INFO - [2024-01-31T09:01:03.003+0000] {dagbag.py:538} INFO - Filling up the DagBag from /home/deprojectue/miniconda3/envs/airflow_demo/lib/python3.9/site-packages/airflow/example_dags/tutorial_dag.py
[2024-01-31T09:01:03.013+0000] {processor.py:840} INFO - DAG(s) 'tutorial_dag' retrieved from /home/deprojectue/miniconda3/envs/airflow_demo/lib/python3.9/site-packages/airflow/example_dags/tutorial_dag.py
[2024-01-31T09:01:03.033+0000] {logging_mixin.py:188} INFO - [2024-01-31T09:01:03.033+0000] {dag.py:3033} INFO - Sync 1 DAGs
[2024-01-31T09:01:03.046+0000] {logging_mixin.py:188} INFO - [2024-01-31T09:01:03.046+0000] {dag.py:3820} INFO - Setting next_dagrun for tutorial_dag to None, run_after=None
[2024-01-31T09:01:03.072+0000] {processor.py:183} INFO - Processing /home/deprojectue/miniconda3/envs/airflow_demo/lib/python3.9/site-packages/airflow/example_dags/tutorial_dag.py took 0.080 seconds
[2024-01-31T09:01:40.962+0000] {processor.py:161} INFO - Started process (PID=216021) to work on /home/deprojectue/miniconda3/envs/airflow_demo/lib/python3.9/site-packages/airflow/example_dags/tutorial_dag.py
[2024-01-31T09:01:40.964+0000] {processor.py:830} INFO - Processing file /home/deprojectue/miniconda3/envs/airflow_demo/lib/python3.9/site-packages/airflow/example_dags/tutorial_dag.py for tasks to queue
[2024-01-31T09:01:40.967+0000] {logging_mixin.py:188} INFO - [2024-01-31T09:01:40.967+0000] {dagbag.py:538} INFO - Filling up the DagBag from /home/deprojectue/miniconda3/envs/airflow_demo/lib/python3.9/site-packages/airflow/example_dags/tutorial_dag.py
[2024-01-31T09:01:40.976+0000] {processor.py:840} INFO - DAG(s) 'tutorial_dag' retrieved from /home/deprojectue/miniconda3/envs/airflow_demo/lib/python3.9/site-packages/airflow/example_dags/tutorial_dag.py
[2024-01-31T09:01:40.997+0000] {logging_mixin.py:188} INFO - [2024-01-31T09:01:40.997+0000] {dag.py:3033} INFO - Sync 1 DAGs
[2024-01-31T09:01:41.011+0000] {logging_mixin.py:188} INFO - [2024-01-31T09:01:41.011+0000] {dag.py:3820} INFO - Setting next_dagrun for tutorial_dag to None, run_after=None
[2024-01-31T09:01:41.038+0000] {processor.py:183} INFO - Processing /home/deprojectue/miniconda3/envs/airflow_demo/lib/python3.9/site-packages/airflow/example_dags/tutorial_dag.py took 0.080 seconds
[2024-01-31T09:02:17.902+0000] {processor.py:161} INFO - Started process (PID=216061) to work on /home/deprojectue/miniconda3/envs/airflow_demo/lib/python3.9/site-packages/airflow/example_dags/tutorial_dag.py
[2024-01-31T09:02:17.904+0000] {processor.py:830} INFO - Processing file /home/deprojectue/miniconda3/envs/airflow_demo/lib/python3.9/site-packages/airflow/example_dags/tutorial_dag.py for tasks to queue
[2024-01-31T09:02:17.907+0000] {logging_mixin.py:188} INFO - [2024-01-31T09:02:17.907+0000] {dagbag.py:538} INFO - Filling up the DagBag from /home/deprojectue/miniconda3/envs/airflow_demo/lib/python3.9/site-packages/airflow/example_dags/tutorial_dag.py
[2024-01-31T09:02:17.916+0000] {processor.py:840} INFO - DAG(s) 'tutorial_dag' retrieved from /home/deprojectue/miniconda3/envs/airflow_demo/lib/python3.9/site-packages/airflow/example_dags/tutorial_dag.py
[2024-01-31T09:02:17.936+0000] {logging_mixin.py:188} INFO - [2024-01-31T09:02:17.935+0000] {dag.py:3033} INFO - Sync 1 DAGs
[2024-01-31T09:02:17.949+0000] {logging_mixin.py:188} INFO - [2024-01-31T09:02:17.948+0000] {dag.py:3820} INFO - Setting next_dagrun for tutorial_dag to None, run_after=None
[2024-01-31T09:02:17.973+0000] {processor.py:183} INFO - Processing /home/deprojectue/miniconda3/envs/airflow_demo/lib/python3.9/site-packages/airflow/example_dags/tutorial_dag.py took 0.076 seconds
[2024-01-31T09:02:56.666+0000] {processor.py:161} INFO - Started process (PID=216100) to work on /home/deprojectue/miniconda3/envs/airflow_demo/lib/python3.9/site-packages/airflow/example_dags/tutorial_dag.py
[2024-01-31T09:02:56.668+0000] {processor.py:830} INFO - Processing file /home/deprojectue/miniconda3/envs/airflow_demo/lib/python3.9/site-packages/airflow/example_dags/tutorial_dag.py for tasks to queue
[2024-01-31T09:02:56.672+0000] {logging_mixin.py:188} INFO - [2024-01-31T09:02:56.671+0000] {dagbag.py:538} INFO - Filling up the DagBag from /home/deprojectue/miniconda3/envs/airflow_demo/lib/python3.9/site-packages/airflow/example_dags/tutorial_dag.py
[2024-01-31T09:02:56.682+0000] {processor.py:840} INFO - DAG(s) 'tutorial_dag' retrieved from /home/deprojectue/miniconda3/envs/airflow_demo/lib/python3.9/site-packages/airflow/example_dags/tutorial_dag.py
[2024-01-31T09:02:56.703+0000] {logging_mixin.py:188} INFO - [2024-01-31T09:02:56.703+0000] {dag.py:3033} INFO - Sync 1 DAGs
[2024-01-31T09:02:56.716+0000] {logging_mixin.py:188} INFO - [2024-01-31T09:02:56.716+0000] {dag.py:3820} INFO - Setting next_dagrun for tutorial_dag to None, run_after=None
[2024-01-31T09:02:56.743+0000] {processor.py:183} INFO - Processing /home/deprojectue/miniconda3/envs/airflow_demo/lib/python3.9/site-packages/airflow/example_dags/tutorial_dag.py took 0.081 seconds
[2024-01-31T09:03:32.282+0000] {processor.py:161} INFO - Started process (PID=216136) to work on /home/deprojectue/miniconda3/envs/airflow_demo/lib/python3.9/site-packages/airflow/example_dags/tutorial_dag.py
[2024-01-31T09:03:32.284+0000] {processor.py:830} INFO - Processing file /home/deprojectue/miniconda3/envs/airflow_demo/lib/python3.9/site-packages/airflow/example_dags/tutorial_dag.py for tasks to queue
[2024-01-31T09:03:32.288+0000] {logging_mixin.py:188} INFO - [2024-01-31T09:03:32.287+0000] {dagbag.py:538} INFO - Filling up the DagBag from /home/deprojectue/miniconda3/envs/airflow_demo/lib/python3.9/site-packages/airflow/example_dags/tutorial_dag.py
[2024-01-31T09:03:32.296+0000] {processor.py:840} INFO - DAG(s) 'tutorial_dag' retrieved from /home/deprojectue/miniconda3/envs/airflow_demo/lib/python3.9/site-packages/airflow/example_dags/tutorial_dag.py
[2024-01-31T09:03:32.316+0000] {logging_mixin.py:188} INFO - [2024-01-31T09:03:32.315+0000] {dag.py:3033} INFO - Sync 1 DAGs
[2024-01-31T09:03:32.328+0000] {logging_mixin.py:188} INFO - [2024-01-31T09:03:32.328+0000] {dag.py:3820} INFO - Setting next_dagrun for tutorial_dag to None, run_after=None
[2024-01-31T09:03:32.354+0000] {processor.py:183} INFO - Processing /home/deprojectue/miniconda3/envs/airflow_demo/lib/python3.9/site-packages/airflow/example_dags/tutorial_dag.py took 0.076 seconds
[2024-01-31T09:04:07.685+0000] {processor.py:161} INFO - Started process (PID=216174) to work on /home/deprojectue/miniconda3/envs/airflow_demo/lib/python3.9/site-packages/airflow/example_dags/tutorial_dag.py
[2024-01-31T09:04:07.687+0000] {processor.py:830} INFO - Processing file /home/deprojectue/miniconda3/envs/airflow_demo/lib/python3.9/site-packages/airflow/example_dags/tutorial_dag.py for tasks to queue
[2024-01-31T09:04:07.690+0000] {logging_mixin.py:188} INFO - [2024-01-31T09:04:07.690+0000] {dagbag.py:538} INFO - Filling up the DagBag from /home/deprojectue/miniconda3/envs/airflow_demo/lib/python3.9/site-packages/airflow/example_dags/tutorial_dag.py
[2024-01-31T09:04:07.699+0000] {processor.py:840} INFO - DAG(s) 'tutorial_dag' retrieved from /home/deprojectue/miniconda3/envs/airflow_demo/lib/python3.9/site-packages/airflow/example_dags/tutorial_dag.py
[2024-01-31T09:04:07.720+0000] {logging_mixin.py:188} INFO - [2024-01-31T09:04:07.719+0000] {dag.py:3033} INFO - Sync 1 DAGs
[2024-01-31T09:04:07.733+0000] {logging_mixin.py:188} INFO - [2024-01-31T09:04:07.733+0000] {dag.py:3820} INFO - Setting next_dagrun for tutorial_dag to None, run_after=None
[2024-01-31T09:04:07.759+0000] {processor.py:183} INFO - Processing /home/deprojectue/miniconda3/envs/airflow_demo/lib/python3.9/site-packages/airflow/example_dags/tutorial_dag.py took 0.078 seconds
[2024-01-31T09:04:43.458+0000] {processor.py:161} INFO - Started process (PID=216214) to work on /home/deprojectue/miniconda3/envs/airflow_demo/lib/python3.9/site-packages/airflow/example_dags/tutorial_dag.py
[2024-01-31T09:04:43.460+0000] {processor.py:830} INFO - Processing file /home/deprojectue/miniconda3/envs/airflow_demo/lib/python3.9/site-packages/airflow/example_dags/tutorial_dag.py for tasks to queue
[2024-01-31T09:04:43.464+0000] {logging_mixin.py:188} INFO - [2024-01-31T09:04:43.463+0000] {dagbag.py:538} INFO - Filling up the DagBag from /home/deprojectue/miniconda3/envs/airflow_demo/lib/python3.9/site-packages/airflow/example_dags/tutorial_dag.py
[2024-01-31T09:04:43.472+0000] {processor.py:840} INFO - DAG(s) 'tutorial_dag' retrieved from /home/deprojectue/miniconda3/envs/airflow_demo/lib/python3.9/site-packages/airflow/example_dags/tutorial_dag.py
[2024-01-31T09:04:43.493+0000] {logging_mixin.py:188} INFO - [2024-01-31T09:04:43.492+0000] {dag.py:3033} INFO - Sync 1 DAGs
[2024-01-31T09:04:43.506+0000] {logging_mixin.py:188} INFO - [2024-01-31T09:04:43.506+0000] {dag.py:3820} INFO - Setting next_dagrun for tutorial_dag to None, run_after=None
[2024-01-31T09:04:43.534+0000] {processor.py:183} INFO - Processing /home/deprojectue/miniconda3/envs/airflow_demo/lib/python3.9/site-packages/airflow/example_dags/tutorial_dag.py took 0.080 seconds
[2024-01-31T09:05:22.861+0000] {processor.py:161} INFO - Started process (PID=216256) to work on /home/deprojectue/miniconda3/envs/airflow_demo/lib/python3.9/site-packages/airflow/example_dags/tutorial_dag.py
[2024-01-31T09:05:22.863+0000] {processor.py:830} INFO - Processing file /home/deprojectue/miniconda3/envs/airflow_demo/lib/python3.9/site-packages/airflow/example_dags/tutorial_dag.py for tasks to queue
[2024-01-31T09:05:22.867+0000] {logging_mixin.py:188} INFO - [2024-01-31T09:05:22.866+0000] {dagbag.py:538} INFO - Filling up the DagBag from /home/deprojectue/miniconda3/envs/airflow_demo/lib/python3.9/site-packages/airflow/example_dags/tutorial_dag.py
[2024-01-31T09:05:22.877+0000] {processor.py:840} INFO - DAG(s) 'tutorial_dag' retrieved from /home/deprojectue/miniconda3/envs/airflow_demo/lib/python3.9/site-packages/airflow/example_dags/tutorial_dag.py
[2024-01-31T09:05:22.898+0000] {logging_mixin.py:188} INFO - [2024-01-31T09:05:22.897+0000] {dag.py:3033} INFO - Sync 1 DAGs
[2024-01-31T09:05:22.911+0000] {logging_mixin.py:188} INFO - [2024-01-31T09:05:22.911+0000] {dag.py:3820} INFO - Setting next_dagrun for tutorial_dag to None, run_after=None
[2024-01-31T09:05:22.937+0000] {processor.py:183} INFO - Processing /home/deprojectue/miniconda3/envs/airflow_demo/lib/python3.9/site-packages/airflow/example_dags/tutorial_dag.py took 0.080 seconds
[2024-01-31T09:08:06.119+0000] {processor.py:161} INFO - Started process (PID=216364) to work on /home/deprojectue/miniconda3/envs/airflow_demo/lib/python3.9/site-packages/airflow/example_dags/tutorial_dag.py
[2024-01-31T09:08:06.122+0000] {processor.py:830} INFO - Processing file /home/deprojectue/miniconda3/envs/airflow_demo/lib/python3.9/site-packages/airflow/example_dags/tutorial_dag.py for tasks to queue
[2024-01-31T09:08:06.126+0000] {logging_mixin.py:188} INFO - [2024-01-31T09:08:06.125+0000] {dagbag.py:538} INFO - Filling up the DagBag from /home/deprojectue/miniconda3/envs/airflow_demo/lib/python3.9/site-packages/airflow/example_dags/tutorial_dag.py
[2024-01-31T09:08:06.347+0000] {processor.py:840} INFO - DAG(s) 'tutorial_dag' retrieved from /home/deprojectue/miniconda3/envs/airflow_demo/lib/python3.9/site-packages/airflow/example_dags/tutorial_dag.py
[2024-01-31T09:08:06.593+0000] {logging_mixin.py:188} INFO - [2024-01-31T09:08:06.592+0000] {dag.py:3033} INFO - Sync 1 DAGs
[2024-01-31T09:08:06.611+0000] {logging_mixin.py:188} INFO - [2024-01-31T09:08:06.610+0000] {dag.py:3820} INFO - Setting next_dagrun for tutorial_dag to None, run_after=None
[2024-01-31T09:08:06.846+0000] {processor.py:183} INFO - Processing /home/deprojectue/miniconda3/envs/airflow_demo/lib/python3.9/site-packages/airflow/example_dags/tutorial_dag.py took 0.751 seconds
[2024-01-31T09:34:06.228+0000] {processor.py:161} INFO - Started process (PID=216854) to work on /home/deprojectue/miniconda3/envs/airflow_demo/lib/python3.9/site-packages/airflow/example_dags/tutorial_dag.py
[2024-01-31T09:34:06.235+0000] {processor.py:830} INFO - Processing file /home/deprojectue/miniconda3/envs/airflow_demo/lib/python3.9/site-packages/airflow/example_dags/tutorial_dag.py for tasks to queue
[2024-01-31T09:34:06.247+0000] {logging_mixin.py:188} INFO - [2024-01-31T09:34:06.246+0000] {dagbag.py:538} INFO - Filling up the DagBag from /home/deprojectue/miniconda3/envs/airflow_demo/lib/python3.9/site-packages/airflow/example_dags/tutorial_dag.py
[2024-01-31T09:34:06.288+0000] {processor.py:840} INFO - DAG(s) 'tutorial_dag' retrieved from /home/deprojectue/miniconda3/envs/airflow_demo/lib/python3.9/site-packages/airflow/example_dags/tutorial_dag.py
[2024-01-31T09:34:06.806+0000] {logging_mixin.py:188} INFO - [2024-01-31T09:34:06.804+0000] {override.py:1769} INFO - Created Permission View: can edit on DAG:tutorial_dag
[2024-01-31T09:34:06.835+0000] {logging_mixin.py:188} INFO - [2024-01-31T09:34:06.835+0000] {override.py:1769} INFO - Created Permission View: can read on DAG:tutorial_dag
[2024-01-31T09:34:06.860+0000] {logging_mixin.py:188} INFO - [2024-01-31T09:34:06.859+0000] {override.py:1769} INFO - Created Permission View: can delete on DAG:tutorial_dag
[2024-01-31T09:34:06.861+0000] {logging_mixin.py:188} INFO - [2024-01-31T09:34:06.860+0000] {dag.py:3033} INFO - Sync 1 DAGs
[2024-01-31T09:34:06.900+0000] {logging_mixin.py:188} INFO - [2024-01-31T09:34:06.899+0000] {dag.py:3055} INFO - Creating ORM DAG for tutorial_dag
[2024-01-31T09:34:06.900+0000] {logging_mixin.py:188} INFO - [2024-01-31T09:34:06.900+0000] {dag.py:3820} INFO - Setting next_dagrun for tutorial_dag to None, run_after=None
[2024-01-31T09:34:06.987+0000] {processor.py:183} INFO - Processing /home/deprojectue/miniconda3/envs/airflow_demo/lib/python3.9/site-packages/airflow/example_dags/tutorial_dag.py took 0.778 seconds
[2024-01-31T09:36:25.252+0000] {processor.py:161} INFO - Started process (PID=216922) to work on /home/deprojectue/miniconda3/envs/airflow_demo/lib/python3.9/site-packages/airflow/example_dags/tutorial_dag.py
[2024-01-31T09:36:25.254+0000] {processor.py:830} INFO - Processing file /home/deprojectue/miniconda3/envs/airflow_demo/lib/python3.9/site-packages/airflow/example_dags/tutorial_dag.py for tasks to queue
[2024-01-31T09:36:25.257+0000] {logging_mixin.py:188} INFO - [2024-01-31T09:36:25.257+0000] {dagbag.py:538} INFO - Filling up the DagBag from /home/deprojectue/miniconda3/envs/airflow_demo/lib/python3.9/site-packages/airflow/example_dags/tutorial_dag.py
[2024-01-31T09:36:25.266+0000] {processor.py:840} INFO - DAG(s) 'tutorial_dag' retrieved from /home/deprojectue/miniconda3/envs/airflow_demo/lib/python3.9/site-packages/airflow/example_dags/tutorial_dag.py
[2024-01-31T09:36:25.305+0000] {logging_mixin.py:188} INFO - [2024-01-31T09:36:25.302+0000] {dag.py:3033} INFO - Sync 1 DAGs
[2024-01-31T09:36:25.328+0000] {logging_mixin.py:188} INFO - [2024-01-31T09:36:25.327+0000] {dag.py:3820} INFO - Setting next_dagrun for tutorial_dag to None, run_after=None
[2024-01-31T09:36:25.366+0000] {processor.py:183} INFO - Processing /home/deprojectue/miniconda3/envs/airflow_demo/lib/python3.9/site-packages/airflow/example_dags/tutorial_dag.py took 0.118 seconds
