[2024-01-31T02:07:18.395+0000] {processor.py:161} INFO - Started process (PID=210196) to work on /home/deprojectue/miniconda3/envs/airflow_demo/lib/python3.9/site-packages/airflow/example_dags/tutorial_taskflow_api.py
[2024-01-31T02:07:18.396+0000] {processor.py:830} INFO - Processing file /home/deprojectue/miniconda3/envs/airflow_demo/lib/python3.9/site-packages/airflow/example_dags/tutorial_taskflow_api.py for tasks to queue
[2024-01-31T02:07:18.397+0000] {logging_mixin.py:188} INFO - [2024-01-31T02:07:18.397+0000] {dagbag.py:538} INFO - Filling up the DagBag from /home/deprojectue/miniconda3/envs/airflow_demo/lib/python3.9/site-packages/airflow/example_dags/tutorial_taskflow_api.py
[2024-01-31T02:07:18.410+0000] {processor.py:840} INFO - DAG(s) 'tutorial_taskflow_api' retrieved from /home/deprojectue/miniconda3/envs/airflow_demo/lib/python3.9/site-packages/airflow/example_dags/tutorial_taskflow_api.py
[2024-01-31T02:07:18.532+0000] {logging_mixin.py:188} INFO - [2024-01-31T02:07:18.531+0000] {override.py:1769} INFO - Created Permission View: can read on DAG:tutorial_taskflow_api
[2024-01-31T02:07:18.546+0000] {logging_mixin.py:188} INFO - [2024-01-31T02:07:18.545+0000] {override.py:1769} INFO - Created Permission View: can delete on DAG:tutorial_taskflow_api
[2024-01-31T02:07:18.556+0000] {logging_mixin.py:188} INFO - [2024-01-31T02:07:18.556+0000] {override.py:1769} INFO - Created Permission View: can edit on DAG:tutorial_taskflow_api
[2024-01-31T02:07:18.557+0000] {logging_mixin.py:188} INFO - [2024-01-31T02:07:18.556+0000] {dag.py:3033} INFO - Sync 1 DAGs
[2024-01-31T02:07:18.569+0000] {logging_mixin.py:188} INFO - [2024-01-31T02:07:18.569+0000] {dag.py:3055} INFO - Creating ORM DAG for tutorial_taskflow_api
[2024-01-31T02:07:18.569+0000] {logging_mixin.py:188} INFO - [2024-01-31T02:07:18.569+0000] {dag.py:3820} INFO - Setting next_dagrun for tutorial_taskflow_api to None, run_after=None
[2024-01-31T02:07:18.593+0000] {processor.py:183} INFO - Processing /home/deprojectue/miniconda3/envs/airflow_demo/lib/python3.9/site-packages/airflow/example_dags/tutorial_taskflow_api.py took 0.202 seconds
[2024-01-31T02:08:16.061+0000] {processor.py:161} INFO - Started process (PID=210637) to work on /home/deprojectue/miniconda3/envs/airflow_demo/lib/python3.9/site-packages/airflow/example_dags/tutorial_taskflow_api.py
[2024-01-31T02:08:16.063+0000] {processor.py:830} INFO - Processing file /home/deprojectue/miniconda3/envs/airflow_demo/lib/python3.9/site-packages/airflow/example_dags/tutorial_taskflow_api.py for tasks to queue
[2024-01-31T02:08:16.064+0000] {logging_mixin.py:188} INFO - [2024-01-31T02:08:16.063+0000] {dagbag.py:538} INFO - Filling up the DagBag from /home/deprojectue/miniconda3/envs/airflow_demo/lib/python3.9/site-packages/airflow/example_dags/tutorial_taskflow_api.py
[2024-01-31T02:08:16.072+0000] {processor.py:840} INFO - DAG(s) 'tutorial_taskflow_api' retrieved from /home/deprojectue/miniconda3/envs/airflow_demo/lib/python3.9/site-packages/airflow/example_dags/tutorial_taskflow_api.py
[2024-01-31T02:08:16.093+0000] {logging_mixin.py:188} INFO - [2024-01-31T02:08:16.092+0000] {dag.py:3033} INFO - Sync 1 DAGs
[2024-01-31T02:08:16.105+0000] {logging_mixin.py:188} INFO - [2024-01-31T02:08:16.105+0000] {dag.py:3820} INFO - Setting next_dagrun for tutorial_taskflow_api to None, run_after=None
[2024-01-31T02:08:16.129+0000] {processor.py:183} INFO - Processing /home/deprojectue/miniconda3/envs/airflow_demo/lib/python3.9/site-packages/airflow/example_dags/tutorial_taskflow_api.py took 0.072 seconds
[2024-01-31T02:08:52.979+0000] {processor.py:161} INFO - Started process (PID=210661) to work on /home/deprojectue/miniconda3/envs/airflow_demo/lib/python3.9/site-packages/airflow/example_dags/tutorial_taskflow_api.py
[2024-01-31T02:08:52.981+0000] {processor.py:830} INFO - Processing file /home/deprojectue/miniconda3/envs/airflow_demo/lib/python3.9/site-packages/airflow/example_dags/tutorial_taskflow_api.py for tasks to queue
[2024-01-31T02:08:52.982+0000] {logging_mixin.py:188} INFO - [2024-01-31T02:08:52.982+0000] {dagbag.py:538} INFO - Filling up the DagBag from /home/deprojectue/miniconda3/envs/airflow_demo/lib/python3.9/site-packages/airflow/example_dags/tutorial_taskflow_api.py
[2024-01-31T02:08:52.993+0000] {processor.py:840} INFO - DAG(s) 'tutorial_taskflow_api' retrieved from /home/deprojectue/miniconda3/envs/airflow_demo/lib/python3.9/site-packages/airflow/example_dags/tutorial_taskflow_api.py
[2024-01-31T02:08:53.020+0000] {logging_mixin.py:188} INFO - [2024-01-31T02:08:53.019+0000] {dag.py:3033} INFO - Sync 1 DAGs
[2024-01-31T02:08:53.032+0000] {logging_mixin.py:188} INFO - [2024-01-31T02:08:53.032+0000] {dag.py:3820} INFO - Setting next_dagrun for tutorial_taskflow_api to None, run_after=None
[2024-01-31T02:08:53.057+0000] {processor.py:183} INFO - Processing /home/deprojectue/miniconda3/envs/airflow_demo/lib/python3.9/site-packages/airflow/example_dags/tutorial_taskflow_api.py took 0.082 seconds
[2024-01-31T02:09:47.223+0000] {processor.py:161} INFO - Started process (PID=210945) to work on /home/deprojectue/miniconda3/envs/airflow_demo/lib/python3.9/site-packages/airflow/example_dags/tutorial_taskflow_api.py
[2024-01-31T02:09:47.225+0000] {processor.py:830} INFO - Processing file /home/deprojectue/miniconda3/envs/airflow_demo/lib/python3.9/site-packages/airflow/example_dags/tutorial_taskflow_api.py for tasks to queue
[2024-01-31T02:09:47.226+0000] {logging_mixin.py:188} INFO - [2024-01-31T02:09:47.226+0000] {dagbag.py:538} INFO - Filling up the DagBag from /home/deprojectue/miniconda3/envs/airflow_demo/lib/python3.9/site-packages/airflow/example_dags/tutorial_taskflow_api.py
[2024-01-31T02:09:47.236+0000] {processor.py:840} INFO - DAG(s) 'tutorial_taskflow_api' retrieved from /home/deprojectue/miniconda3/envs/airflow_demo/lib/python3.9/site-packages/airflow/example_dags/tutorial_taskflow_api.py
[2024-01-31T02:09:47.259+0000] {logging_mixin.py:188} INFO - [2024-01-31T02:09:47.259+0000] {dag.py:3033} INFO - Sync 1 DAGs
[2024-01-31T02:09:47.272+0000] {logging_mixin.py:188} INFO - [2024-01-31T02:09:47.272+0000] {dag.py:3820} INFO - Setting next_dagrun for tutorial_taskflow_api to None, run_after=None
[2024-01-31T02:09:47.300+0000] {processor.py:183} INFO - Processing /home/deprojectue/miniconda3/envs/airflow_demo/lib/python3.9/site-packages/airflow/example_dags/tutorial_taskflow_api.py took 0.085 seconds
[2024-01-31T02:12:37.158+0000] {processor.py:161} INFO - Started process (PID=211033) to work on /home/deprojectue/miniconda3/envs/airflow_demo/lib/python3.9/site-packages/airflow/example_dags/tutorial_taskflow_api.py
[2024-01-31T02:12:37.160+0000] {processor.py:830} INFO - Processing file /home/deprojectue/miniconda3/envs/airflow_demo/lib/python3.9/site-packages/airflow/example_dags/tutorial_taskflow_api.py for tasks to queue
[2024-01-31T02:12:37.164+0000] {logging_mixin.py:188} INFO - [2024-01-31T02:12:37.164+0000] {dagbag.py:538} INFO - Filling up the DagBag from /home/deprojectue/miniconda3/envs/airflow_demo/lib/python3.9/site-packages/airflow/example_dags/tutorial_taskflow_api.py
[2024-01-31T02:12:37.176+0000] {processor.py:840} INFO - DAG(s) 'tutorial_taskflow_api' retrieved from /home/deprojectue/miniconda3/envs/airflow_demo/lib/python3.9/site-packages/airflow/example_dags/tutorial_taskflow_api.py
[2024-01-31T02:12:37.200+0000] {logging_mixin.py:188} INFO - [2024-01-31T02:12:37.200+0000] {dag.py:3033} INFO - Sync 1 DAGs
[2024-01-31T02:12:37.214+0000] {logging_mixin.py:188} INFO - [2024-01-31T02:12:37.214+0000] {dag.py:3820} INFO - Setting next_dagrun for tutorial_taskflow_api to None, run_after=None
[2024-01-31T02:12:37.242+0000] {processor.py:183} INFO - Processing /home/deprojectue/miniconda3/envs/airflow_demo/lib/python3.9/site-packages/airflow/example_dags/tutorial_taskflow_api.py took 0.089 seconds
[2024-01-31T02:13:26.531+0000] {processor.py:161} INFO - Started process (PID=211082) to work on /home/deprojectue/miniconda3/envs/airflow_demo/lib/python3.9/site-packages/airflow/example_dags/tutorial_taskflow_api.py
[2024-01-31T02:13:26.532+0000] {processor.py:830} INFO - Processing file /home/deprojectue/miniconda3/envs/airflow_demo/lib/python3.9/site-packages/airflow/example_dags/tutorial_taskflow_api.py for tasks to queue
[2024-01-31T02:13:26.536+0000] {logging_mixin.py:188} INFO - [2024-01-31T02:13:26.536+0000] {dagbag.py:538} INFO - Filling up the DagBag from /home/deprojectue/miniconda3/envs/airflow_demo/lib/python3.9/site-packages/airflow/example_dags/tutorial_taskflow_api.py
[2024-01-31T02:13:26.544+0000] {processor.py:840} INFO - DAG(s) 'tutorial_taskflow_api' retrieved from /home/deprojectue/miniconda3/envs/airflow_demo/lib/python3.9/site-packages/airflow/example_dags/tutorial_taskflow_api.py
[2024-01-31T02:13:26.565+0000] {logging_mixin.py:188} INFO - [2024-01-31T02:13:26.564+0000] {dag.py:3033} INFO - Sync 1 DAGs
[2024-01-31T02:13:26.578+0000] {logging_mixin.py:188} INFO - [2024-01-31T02:13:26.578+0000] {dag.py:3820} INFO - Setting next_dagrun for tutorial_taskflow_api to None, run_after=None
[2024-01-31T02:13:26.603+0000] {processor.py:183} INFO - Processing /home/deprojectue/miniconda3/envs/airflow_demo/lib/python3.9/site-packages/airflow/example_dags/tutorial_taskflow_api.py took 0.077 seconds
[2024-01-31T02:14:05.460+0000] {processor.py:161} INFO - Started process (PID=211131) to work on /home/deprojectue/miniconda3/envs/airflow_demo/lib/python3.9/site-packages/airflow/example_dags/tutorial_taskflow_api.py
[2024-01-31T02:14:05.462+0000] {processor.py:830} INFO - Processing file /home/deprojectue/miniconda3/envs/airflow_demo/lib/python3.9/site-packages/airflow/example_dags/tutorial_taskflow_api.py for tasks to queue
[2024-01-31T02:14:05.466+0000] {logging_mixin.py:188} INFO - [2024-01-31T02:14:05.465+0000] {dagbag.py:538} INFO - Filling up the DagBag from /home/deprojectue/miniconda3/envs/airflow_demo/lib/python3.9/site-packages/airflow/example_dags/tutorial_taskflow_api.py
[2024-01-31T02:14:05.474+0000] {processor.py:840} INFO - DAG(s) 'tutorial_taskflow_api' retrieved from /home/deprojectue/miniconda3/envs/airflow_demo/lib/python3.9/site-packages/airflow/example_dags/tutorial_taskflow_api.py
[2024-01-31T02:14:05.494+0000] {logging_mixin.py:188} INFO - [2024-01-31T02:14:05.493+0000] {dag.py:3033} INFO - Sync 1 DAGs
[2024-01-31T02:14:05.507+0000] {logging_mixin.py:188} INFO - [2024-01-31T02:14:05.507+0000] {dag.py:3820} INFO - Setting next_dagrun for tutorial_taskflow_api to None, run_after=None
[2024-01-31T02:14:05.531+0000] {processor.py:183} INFO - Processing /home/deprojectue/miniconda3/envs/airflow_demo/lib/python3.9/site-packages/airflow/example_dags/tutorial_taskflow_api.py took 0.075 seconds
[2024-01-31T02:21:34.656+0000] {processor.py:161} INFO - Started process (PID=211293) to work on /home/deprojectue/miniconda3/envs/airflow_demo/lib/python3.9/site-packages/airflow/example_dags/tutorial_taskflow_api.py
[2024-01-31T02:21:34.659+0000] {processor.py:830} INFO - Processing file /home/deprojectue/miniconda3/envs/airflow_demo/lib/python3.9/site-packages/airflow/example_dags/tutorial_taskflow_api.py for tasks to queue
[2024-01-31T02:21:34.663+0000] {logging_mixin.py:188} INFO - [2024-01-31T02:21:34.662+0000] {dagbag.py:538} INFO - Filling up the DagBag from /home/deprojectue/miniconda3/envs/airflow_demo/lib/python3.9/site-packages/airflow/example_dags/tutorial_taskflow_api.py
[2024-01-31T02:21:34.674+0000] {processor.py:840} INFO - DAG(s) 'tutorial_taskflow_api' retrieved from /home/deprojectue/miniconda3/envs/airflow_demo/lib/python3.9/site-packages/airflow/example_dags/tutorial_taskflow_api.py
[2024-01-31T02:21:34.699+0000] {logging_mixin.py:188} INFO - [2024-01-31T02:21:34.698+0000] {dag.py:3033} INFO - Sync 1 DAGs
[2024-01-31T02:21:34.713+0000] {logging_mixin.py:188} INFO - [2024-01-31T02:21:34.712+0000] {dag.py:3820} INFO - Setting next_dagrun for tutorial_taskflow_api to None, run_after=None
[2024-01-31T02:21:34.741+0000] {processor.py:183} INFO - Processing /home/deprojectue/miniconda3/envs/airflow_demo/lib/python3.9/site-packages/airflow/example_dags/tutorial_taskflow_api.py took 0.089 seconds
[2024-01-31T02:22:25.039+0000] {processor.py:161} INFO - Started process (PID=211343) to work on /home/deprojectue/miniconda3/envs/airflow_demo/lib/python3.9/site-packages/airflow/example_dags/tutorial_taskflow_api.py
[2024-01-31T02:22:25.041+0000] {processor.py:830} INFO - Processing file /home/deprojectue/miniconda3/envs/airflow_demo/lib/python3.9/site-packages/airflow/example_dags/tutorial_taskflow_api.py for tasks to queue
[2024-01-31T02:22:25.045+0000] {logging_mixin.py:188} INFO - [2024-01-31T02:22:25.044+0000] {dagbag.py:538} INFO - Filling up the DagBag from /home/deprojectue/miniconda3/envs/airflow_demo/lib/python3.9/site-packages/airflow/example_dags/tutorial_taskflow_api.py
[2024-01-31T02:22:25.053+0000] {processor.py:840} INFO - DAG(s) 'tutorial_taskflow_api' retrieved from /home/deprojectue/miniconda3/envs/airflow_demo/lib/python3.9/site-packages/airflow/example_dags/tutorial_taskflow_api.py
[2024-01-31T02:22:25.073+0000] {logging_mixin.py:188} INFO - [2024-01-31T02:22:25.072+0000] {dag.py:3033} INFO - Sync 1 DAGs
[2024-01-31T02:22:25.086+0000] {logging_mixin.py:188} INFO - [2024-01-31T02:22:25.086+0000] {dag.py:3820} INFO - Setting next_dagrun for tutorial_taskflow_api to None, run_after=None
[2024-01-31T02:22:25.112+0000] {processor.py:183} INFO - Processing /home/deprojectue/miniconda3/envs/airflow_demo/lib/python3.9/site-packages/airflow/example_dags/tutorial_taskflow_api.py took 0.077 seconds
[2024-01-31T08:24:07.420+0000] {processor.py:161} INFO - Started process (PID=214026) to work on /home/deprojectue/miniconda3/envs/airflow_demo/lib/python3.9/site-packages/airflow/example_dags/tutorial_taskflow_api.py
[2024-01-31T08:24:07.422+0000] {processor.py:830} INFO - Processing file /home/deprojectue/miniconda3/envs/airflow_demo/lib/python3.9/site-packages/airflow/example_dags/tutorial_taskflow_api.py for tasks to queue
[2024-01-31T08:24:07.426+0000] {logging_mixin.py:188} INFO - [2024-01-31T08:24:07.425+0000] {dagbag.py:538} INFO - Filling up the DagBag from /home/deprojectue/miniconda3/envs/airflow_demo/lib/python3.9/site-packages/airflow/example_dags/tutorial_taskflow_api.py
[2024-01-31T08:24:07.438+0000] {processor.py:840} INFO - DAG(s) 'tutorial_taskflow_api' retrieved from /home/deprojectue/miniconda3/envs/airflow_demo/lib/python3.9/site-packages/airflow/example_dags/tutorial_taskflow_api.py
[2024-01-31T08:24:07.464+0000] {logging_mixin.py:188} INFO - [2024-01-31T08:24:07.463+0000] {dag.py:3033} INFO - Sync 1 DAGs
[2024-01-31T08:24:07.478+0000] {logging_mixin.py:188} INFO - [2024-01-31T08:24:07.478+0000] {dag.py:3820} INFO - Setting next_dagrun for tutorial_taskflow_api to None, run_after=None
[2024-01-31T08:24:07.505+0000] {processor.py:183} INFO - Processing /home/deprojectue/miniconda3/envs/airflow_demo/lib/python3.9/site-packages/airflow/example_dags/tutorial_taskflow_api.py took 0.090 seconds
[2024-01-31T08:25:02.821+0000] {processor.py:161} INFO - Started process (PID=214083) to work on /home/deprojectue/miniconda3/envs/airflow_demo/lib/python3.9/site-packages/airflow/example_dags/tutorial_taskflow_api.py
[2024-01-31T08:25:02.823+0000] {processor.py:830} INFO - Processing file /home/deprojectue/miniconda3/envs/airflow_demo/lib/python3.9/site-packages/airflow/example_dags/tutorial_taskflow_api.py for tasks to queue
[2024-01-31T08:25:02.827+0000] {logging_mixin.py:188} INFO - [2024-01-31T08:25:02.826+0000] {dagbag.py:538} INFO - Filling up the DagBag from /home/deprojectue/miniconda3/envs/airflow_demo/lib/python3.9/site-packages/airflow/example_dags/tutorial_taskflow_api.py
[2024-01-31T08:25:02.835+0000] {processor.py:840} INFO - DAG(s) 'tutorial_taskflow_api' retrieved from /home/deprojectue/miniconda3/envs/airflow_demo/lib/python3.9/site-packages/airflow/example_dags/tutorial_taskflow_api.py
[2024-01-31T08:25:02.856+0000] {logging_mixin.py:188} INFO - [2024-01-31T08:25:02.855+0000] {dag.py:3033} INFO - Sync 1 DAGs
[2024-01-31T08:25:02.869+0000] {logging_mixin.py:188} INFO - [2024-01-31T08:25:02.869+0000] {dag.py:3820} INFO - Setting next_dagrun for tutorial_taskflow_api to None, run_after=None
[2024-01-31T08:25:02.896+0000] {processor.py:183} INFO - Processing /home/deprojectue/miniconda3/envs/airflow_demo/lib/python3.9/site-packages/airflow/example_dags/tutorial_taskflow_api.py took 0.080 seconds
[2024-01-31T08:25:49.034+0000] {processor.py:161} INFO - Started process (PID=214131) to work on /home/deprojectue/miniconda3/envs/airflow_demo/lib/python3.9/site-packages/airflow/example_dags/tutorial_taskflow_api.py
[2024-01-31T08:25:49.036+0000] {processor.py:830} INFO - Processing file /home/deprojectue/miniconda3/envs/airflow_demo/lib/python3.9/site-packages/airflow/example_dags/tutorial_taskflow_api.py for tasks to queue
[2024-01-31T08:25:49.039+0000] {logging_mixin.py:188} INFO - [2024-01-31T08:25:49.039+0000] {dagbag.py:538} INFO - Filling up the DagBag from /home/deprojectue/miniconda3/envs/airflow_demo/lib/python3.9/site-packages/airflow/example_dags/tutorial_taskflow_api.py
[2024-01-31T08:25:49.048+0000] {processor.py:840} INFO - DAG(s) 'tutorial_taskflow_api' retrieved from /home/deprojectue/miniconda3/envs/airflow_demo/lib/python3.9/site-packages/airflow/example_dags/tutorial_taskflow_api.py
[2024-01-31T08:25:49.070+0000] {logging_mixin.py:188} INFO - [2024-01-31T08:25:49.069+0000] {dag.py:3033} INFO - Sync 1 DAGs
[2024-01-31T08:25:49.083+0000] {logging_mixin.py:188} INFO - [2024-01-31T08:25:49.083+0000] {dag.py:3820} INFO - Setting next_dagrun for tutorial_taskflow_api to None, run_after=None
[2024-01-31T08:25:49.110+0000] {processor.py:183} INFO - Processing /home/deprojectue/miniconda3/envs/airflow_demo/lib/python3.9/site-packages/airflow/example_dags/tutorial_taskflow_api.py took 0.080 seconds
[2024-01-31T08:29:49.770+0000] {processor.py:161} INFO - Started process (PID=214757) to work on /home/deprojectue/miniconda3/envs/airflow_demo/lib/python3.9/site-packages/airflow/example_dags/tutorial_taskflow_api.py
[2024-01-31T08:29:49.962+0000] {processor.py:830} INFO - Processing file /home/deprojectue/miniconda3/envs/airflow_demo/lib/python3.9/site-packages/airflow/example_dags/tutorial_taskflow_api.py for tasks to queue
[2024-01-31T08:29:49.963+0000] {logging_mixin.py:188} INFO - [2024-01-31T08:29:49.963+0000] {dagbag.py:538} INFO - Filling up the DagBag from /home/deprojectue/miniconda3/envs/airflow_demo/lib/python3.9/site-packages/airflow/example_dags/tutorial_taskflow_api.py
[2024-01-31T08:29:49.987+0000] {processor.py:840} INFO - DAG(s) 'tutorial_taskflow_api' retrieved from /home/deprojectue/miniconda3/envs/airflow_demo/lib/python3.9/site-packages/airflow/example_dags/tutorial_taskflow_api.py
[2024-01-31T08:29:50.506+0000] {logging_mixin.py:188} INFO - [2024-01-31T08:29:50.506+0000] {dag.py:3033} INFO - Sync 1 DAGs
[2024-01-31T08:29:50.741+0000] {logging_mixin.py:188} INFO - [2024-01-31T08:29:50.741+0000] {dag.py:3820} INFO - Setting next_dagrun for tutorial_taskflow_api to None, run_after=None
[2024-01-31T08:29:51.265+0000] {processor.py:183} INFO - Processing /home/deprojectue/miniconda3/envs/airflow_demo/lib/python3.9/site-packages/airflow/example_dags/tutorial_taskflow_api.py took 1.502 seconds
[2024-01-31T08:42:18.576+0000] {processor.py:161} INFO - Started process (PID=215204) to work on /home/deprojectue/miniconda3/envs/airflow_demo/lib/python3.9/site-packages/airflow/example_dags/tutorial_taskflow_api.py
[2024-01-31T08:42:18.579+0000] {processor.py:830} INFO - Processing file /home/deprojectue/miniconda3/envs/airflow_demo/lib/python3.9/site-packages/airflow/example_dags/tutorial_taskflow_api.py for tasks to queue
[2024-01-31T08:42:18.584+0000] {logging_mixin.py:188} INFO - [2024-01-31T08:42:18.583+0000] {dagbag.py:538} INFO - Filling up the DagBag from /home/deprojectue/miniconda3/envs/airflow_demo/lib/python3.9/site-packages/airflow/example_dags/tutorial_taskflow_api.py
[2024-01-31T08:42:18.596+0000] {processor.py:840} INFO - DAG(s) 'tutorial_taskflow_api' retrieved from /home/deprojectue/miniconda3/envs/airflow_demo/lib/python3.9/site-packages/airflow/example_dags/tutorial_taskflow_api.py
[2024-01-31T08:42:18.620+0000] {logging_mixin.py:188} INFO - [2024-01-31T08:42:18.619+0000] {dag.py:3033} INFO - Sync 1 DAGs
[2024-01-31T08:42:18.634+0000] {logging_mixin.py:188} INFO - [2024-01-31T08:42:18.634+0000] {dag.py:3820} INFO - Setting next_dagrun for tutorial_taskflow_api to None, run_after=None
[2024-01-31T08:42:18.661+0000] {processor.py:183} INFO - Processing /home/deprojectue/miniconda3/envs/airflow_demo/lib/python3.9/site-packages/airflow/example_dags/tutorial_taskflow_api.py took 0.089 seconds
[2024-01-31T08:51:47.388+0000] {processor.py:161} INFO - Started process (PID=215366) to work on /home/deprojectue/miniconda3/envs/airflow_demo/lib/python3.9/site-packages/airflow/example_dags/tutorial_taskflow_api.py
[2024-01-31T08:51:47.390+0000] {processor.py:830} INFO - Processing file /home/deprojectue/miniconda3/envs/airflow_demo/lib/python3.9/site-packages/airflow/example_dags/tutorial_taskflow_api.py for tasks to queue
[2024-01-31T08:51:47.395+0000] {logging_mixin.py:188} INFO - [2024-01-31T08:51:47.394+0000] {dagbag.py:538} INFO - Filling up the DagBag from /home/deprojectue/miniconda3/envs/airflow_demo/lib/python3.9/site-packages/airflow/example_dags/tutorial_taskflow_api.py
[2024-01-31T08:51:47.404+0000] {processor.py:840} INFO - DAG(s) 'tutorial_taskflow_api' retrieved from /home/deprojectue/miniconda3/envs/airflow_demo/lib/python3.9/site-packages/airflow/example_dags/tutorial_taskflow_api.py
[2024-01-31T08:51:47.430+0000] {logging_mixin.py:188} INFO - [2024-01-31T08:51:47.429+0000] {dag.py:3033} INFO - Sync 1 DAGs
[2024-01-31T08:51:47.444+0000] {logging_mixin.py:188} INFO - [2024-01-31T08:51:47.444+0000] {dag.py:3820} INFO - Setting next_dagrun for tutorial_taskflow_api to None, run_after=None
[2024-01-31T08:51:47.469+0000] {processor.py:183} INFO - Processing /home/deprojectue/miniconda3/envs/airflow_demo/lib/python3.9/site-packages/airflow/example_dags/tutorial_taskflow_api.py took 0.086 seconds
[2024-01-31T08:52:36.655+0000] {processor.py:161} INFO - Started process (PID=215416) to work on /home/deprojectue/miniconda3/envs/airflow_demo/lib/python3.9/site-packages/airflow/example_dags/tutorial_taskflow_api.py
[2024-01-31T08:52:36.657+0000] {processor.py:830} INFO - Processing file /home/deprojectue/miniconda3/envs/airflow_demo/lib/python3.9/site-packages/airflow/example_dags/tutorial_taskflow_api.py for tasks to queue
[2024-01-31T08:52:36.661+0000] {logging_mixin.py:188} INFO - [2024-01-31T08:52:36.661+0000] {dagbag.py:538} INFO - Filling up the DagBag from /home/deprojectue/miniconda3/envs/airflow_demo/lib/python3.9/site-packages/airflow/example_dags/tutorial_taskflow_api.py
[2024-01-31T08:52:36.670+0000] {processor.py:840} INFO - DAG(s) 'tutorial_taskflow_api' retrieved from /home/deprojectue/miniconda3/envs/airflow_demo/lib/python3.9/site-packages/airflow/example_dags/tutorial_taskflow_api.py
[2024-01-31T08:52:36.690+0000] {logging_mixin.py:188} INFO - [2024-01-31T08:52:36.690+0000] {dag.py:3033} INFO - Sync 1 DAGs
[2024-01-31T08:52:36.704+0000] {logging_mixin.py:188} INFO - [2024-01-31T08:52:36.704+0000] {dag.py:3820} INFO - Setting next_dagrun for tutorial_taskflow_api to None, run_after=None
[2024-01-31T08:52:36.729+0000] {processor.py:183} INFO - Processing /home/deprojectue/miniconda3/envs/airflow_demo/lib/python3.9/site-packages/airflow/example_dags/tutorial_taskflow_api.py took 0.078 seconds
[2024-01-31T08:53:15.420+0000] {processor.py:161} INFO - Started process (PID=215457) to work on /home/deprojectue/miniconda3/envs/airflow_demo/lib/python3.9/site-packages/airflow/example_dags/tutorial_taskflow_api.py
[2024-01-31T08:53:15.422+0000] {processor.py:830} INFO - Processing file /home/deprojectue/miniconda3/envs/airflow_demo/lib/python3.9/site-packages/airflow/example_dags/tutorial_taskflow_api.py for tasks to queue
[2024-01-31T08:53:15.425+0000] {logging_mixin.py:188} INFO - [2024-01-31T08:53:15.425+0000] {dagbag.py:538} INFO - Filling up the DagBag from /home/deprojectue/miniconda3/envs/airflow_demo/lib/python3.9/site-packages/airflow/example_dags/tutorial_taskflow_api.py
[2024-01-31T08:53:15.435+0000] {processor.py:840} INFO - DAG(s) 'tutorial_taskflow_api' retrieved from /home/deprojectue/miniconda3/envs/airflow_demo/lib/python3.9/site-packages/airflow/example_dags/tutorial_taskflow_api.py
[2024-01-31T08:53:15.455+0000] {logging_mixin.py:188} INFO - [2024-01-31T08:53:15.454+0000] {dag.py:3033} INFO - Sync 1 DAGs
[2024-01-31T08:53:15.468+0000] {logging_mixin.py:188} INFO - [2024-01-31T08:53:15.468+0000] {dag.py:3820} INFO - Setting next_dagrun for tutorial_taskflow_api to None, run_after=None
[2024-01-31T08:53:15.494+0000] {processor.py:183} INFO - Processing /home/deprojectue/miniconda3/envs/airflow_demo/lib/python3.9/site-packages/airflow/example_dags/tutorial_taskflow_api.py took 0.079 seconds
[2024-01-31T08:53:57.522+0000] {processor.py:161} INFO - Started process (PID=215499) to work on /home/deprojectue/miniconda3/envs/airflow_demo/lib/python3.9/site-packages/airflow/example_dags/tutorial_taskflow_api.py
[2024-01-31T08:53:57.524+0000] {processor.py:830} INFO - Processing file /home/deprojectue/miniconda3/envs/airflow_demo/lib/python3.9/site-packages/airflow/example_dags/tutorial_taskflow_api.py for tasks to queue
[2024-01-31T08:53:57.529+0000] {logging_mixin.py:188} INFO - [2024-01-31T08:53:57.528+0000] {dagbag.py:538} INFO - Filling up the DagBag from /home/deprojectue/miniconda3/envs/airflow_demo/lib/python3.9/site-packages/airflow/example_dags/tutorial_taskflow_api.py
[2024-01-31T08:53:57.538+0000] {processor.py:840} INFO - DAG(s) 'tutorial_taskflow_api' retrieved from /home/deprojectue/miniconda3/envs/airflow_demo/lib/python3.9/site-packages/airflow/example_dags/tutorial_taskflow_api.py
[2024-01-31T08:53:57.558+0000] {logging_mixin.py:188} INFO - [2024-01-31T08:53:57.557+0000] {dag.py:3033} INFO - Sync 1 DAGs
[2024-01-31T08:53:57.571+0000] {logging_mixin.py:188} INFO - [2024-01-31T08:53:57.571+0000] {dag.py:3820} INFO - Setting next_dagrun for tutorial_taskflow_api to None, run_after=None
[2024-01-31T08:53:57.598+0000] {processor.py:183} INFO - Processing /home/deprojectue/miniconda3/envs/airflow_demo/lib/python3.9/site-packages/airflow/example_dags/tutorial_taskflow_api.py took 0.080 seconds
[2024-01-31T08:54:39.010+0000] {processor.py:161} INFO - Started process (PID=215543) to work on /home/deprojectue/miniconda3/envs/airflow_demo/lib/python3.9/site-packages/airflow/example_dags/tutorial_taskflow_api.py
[2024-01-31T08:54:39.012+0000] {processor.py:830} INFO - Processing file /home/deprojectue/miniconda3/envs/airflow_demo/lib/python3.9/site-packages/airflow/example_dags/tutorial_taskflow_api.py for tasks to queue
[2024-01-31T08:54:39.016+0000] {logging_mixin.py:188} INFO - [2024-01-31T08:54:39.016+0000] {dagbag.py:538} INFO - Filling up the DagBag from /home/deprojectue/miniconda3/envs/airflow_demo/lib/python3.9/site-packages/airflow/example_dags/tutorial_taskflow_api.py
[2024-01-31T08:54:39.026+0000] {processor.py:840} INFO - DAG(s) 'tutorial_taskflow_api' retrieved from /home/deprojectue/miniconda3/envs/airflow_demo/lib/python3.9/site-packages/airflow/example_dags/tutorial_taskflow_api.py
[2024-01-31T08:54:39.048+0000] {logging_mixin.py:188} INFO - [2024-01-31T08:54:39.047+0000] {dag.py:3033} INFO - Sync 1 DAGs
[2024-01-31T08:54:39.062+0000] {logging_mixin.py:188} INFO - [2024-01-31T08:54:39.062+0000] {dag.py:3820} INFO - Setting next_dagrun for tutorial_taskflow_api to None, run_after=None
[2024-01-31T08:54:39.096+0000] {processor.py:183} INFO - Processing /home/deprojectue/miniconda3/envs/airflow_demo/lib/python3.9/site-packages/airflow/example_dags/tutorial_taskflow_api.py took 0.091 seconds
[2024-01-31T08:55:21.499+0000] {processor.py:161} INFO - Started process (PID=215586) to work on /home/deprojectue/miniconda3/envs/airflow_demo/lib/python3.9/site-packages/airflow/example_dags/tutorial_taskflow_api.py
[2024-01-31T08:55:21.501+0000] {processor.py:830} INFO - Processing file /home/deprojectue/miniconda3/envs/airflow_demo/lib/python3.9/site-packages/airflow/example_dags/tutorial_taskflow_api.py for tasks to queue
[2024-01-31T08:55:21.505+0000] {logging_mixin.py:188} INFO - [2024-01-31T08:55:21.505+0000] {dagbag.py:538} INFO - Filling up the DagBag from /home/deprojectue/miniconda3/envs/airflow_demo/lib/python3.9/site-packages/airflow/example_dags/tutorial_taskflow_api.py
[2024-01-31T08:55:21.514+0000] {processor.py:840} INFO - DAG(s) 'tutorial_taskflow_api' retrieved from /home/deprojectue/miniconda3/envs/airflow_demo/lib/python3.9/site-packages/airflow/example_dags/tutorial_taskflow_api.py
[2024-01-31T08:55:21.534+0000] {logging_mixin.py:188} INFO - [2024-01-31T08:55:21.534+0000] {dag.py:3033} INFO - Sync 1 DAGs
[2024-01-31T08:55:21.547+0000] {logging_mixin.py:188} INFO - [2024-01-31T08:55:21.547+0000] {dag.py:3820} INFO - Setting next_dagrun for tutorial_taskflow_api to None, run_after=None
[2024-01-31T08:55:21.572+0000] {processor.py:183} INFO - Processing /home/deprojectue/miniconda3/envs/airflow_demo/lib/python3.9/site-packages/airflow/example_dags/tutorial_taskflow_api.py took 0.078 seconds
[2024-01-31T08:55:59.186+0000] {processor.py:161} INFO - Started process (PID=215628) to work on /home/deprojectue/miniconda3/envs/airflow_demo/lib/python3.9/site-packages/airflow/example_dags/tutorial_taskflow_api.py
[2024-01-31T08:55:59.187+0000] {processor.py:830} INFO - Processing file /home/deprojectue/miniconda3/envs/airflow_demo/lib/python3.9/site-packages/airflow/example_dags/tutorial_taskflow_api.py for tasks to queue
[2024-01-31T08:55:59.191+0000] {logging_mixin.py:188} INFO - [2024-01-31T08:55:59.190+0000] {dagbag.py:538} INFO - Filling up the DagBag from /home/deprojectue/miniconda3/envs/airflow_demo/lib/python3.9/site-packages/airflow/example_dags/tutorial_taskflow_api.py
[2024-01-31T08:55:59.200+0000] {processor.py:840} INFO - DAG(s) 'tutorial_taskflow_api' retrieved from /home/deprojectue/miniconda3/envs/airflow_demo/lib/python3.9/site-packages/airflow/example_dags/tutorial_taskflow_api.py
[2024-01-31T08:55:59.219+0000] {logging_mixin.py:188} INFO - [2024-01-31T08:55:59.219+0000] {dag.py:3033} INFO - Sync 1 DAGs
[2024-01-31T08:55:59.234+0000] {logging_mixin.py:188} INFO - [2024-01-31T08:55:59.233+0000] {dag.py:3820} INFO - Setting next_dagrun for tutorial_taskflow_api to None, run_after=None
[2024-01-31T08:55:59.258+0000] {processor.py:183} INFO - Processing /home/deprojectue/miniconda3/envs/airflow_demo/lib/python3.9/site-packages/airflow/example_dags/tutorial_taskflow_api.py took 0.077 seconds
[2024-01-31T08:56:49.361+0000] {processor.py:161} INFO - Started process (PID=215697) to work on /home/deprojectue/miniconda3/envs/airflow_demo/lib/python3.9/site-packages/airflow/example_dags/tutorial_taskflow_api.py
[2024-01-31T08:56:49.363+0000] {processor.py:830} INFO - Processing file /home/deprojectue/miniconda3/envs/airflow_demo/lib/python3.9/site-packages/airflow/example_dags/tutorial_taskflow_api.py for tasks to queue
[2024-01-31T08:56:49.367+0000] {logging_mixin.py:188} INFO - [2024-01-31T08:56:49.366+0000] {dagbag.py:538} INFO - Filling up the DagBag from /home/deprojectue/miniconda3/envs/airflow_demo/lib/python3.9/site-packages/airflow/example_dags/tutorial_taskflow_api.py
[2024-01-31T08:56:49.377+0000] {processor.py:840} INFO - DAG(s) 'tutorial_taskflow_api' retrieved from /home/deprojectue/miniconda3/envs/airflow_demo/lib/python3.9/site-packages/airflow/example_dags/tutorial_taskflow_api.py
[2024-01-31T08:56:49.398+0000] {logging_mixin.py:188} INFO - [2024-01-31T08:56:49.397+0000] {dag.py:3033} INFO - Sync 1 DAGs
[2024-01-31T08:56:49.411+0000] {logging_mixin.py:188} INFO - [2024-01-31T08:56:49.411+0000] {dag.py:3820} INFO - Setting next_dagrun for tutorial_taskflow_api to None, run_after=None
[2024-01-31T08:56:49.437+0000] {processor.py:183} INFO - Processing /home/deprojectue/miniconda3/envs/airflow_demo/lib/python3.9/site-packages/airflow/example_dags/tutorial_taskflow_api.py took 0.081 seconds
[2024-01-31T08:57:27.135+0000] {processor.py:161} INFO - Started process (PID=215736) to work on /home/deprojectue/miniconda3/envs/airflow_demo/lib/python3.9/site-packages/airflow/example_dags/tutorial_taskflow_api.py
[2024-01-31T08:57:27.136+0000] {processor.py:830} INFO - Processing file /home/deprojectue/miniconda3/envs/airflow_demo/lib/python3.9/site-packages/airflow/example_dags/tutorial_taskflow_api.py for tasks to queue
[2024-01-31T08:57:27.140+0000] {logging_mixin.py:188} INFO - [2024-01-31T08:57:27.139+0000] {dagbag.py:538} INFO - Filling up the DagBag from /home/deprojectue/miniconda3/envs/airflow_demo/lib/python3.9/site-packages/airflow/example_dags/tutorial_taskflow_api.py
[2024-01-31T08:57:27.150+0000] {processor.py:840} INFO - DAG(s) 'tutorial_taskflow_api' retrieved from /home/deprojectue/miniconda3/envs/airflow_demo/lib/python3.9/site-packages/airflow/example_dags/tutorial_taskflow_api.py
[2024-01-31T08:57:27.173+0000] {logging_mixin.py:188} INFO - [2024-01-31T08:57:27.172+0000] {dag.py:3033} INFO - Sync 1 DAGs
[2024-01-31T08:57:27.186+0000] {logging_mixin.py:188} INFO - [2024-01-31T08:57:27.185+0000] {dag.py:3820} INFO - Setting next_dagrun for tutorial_taskflow_api to None, run_after=None
[2024-01-31T08:57:27.211+0000] {processor.py:183} INFO - Processing /home/deprojectue/miniconda3/envs/airflow_demo/lib/python3.9/site-packages/airflow/example_dags/tutorial_taskflow_api.py took 0.081 seconds
[2024-01-31T08:58:04.662+0000] {processor.py:161} INFO - Started process (PID=215774) to work on /home/deprojectue/miniconda3/envs/airflow_demo/lib/python3.9/site-packages/airflow/example_dags/tutorial_taskflow_api.py
[2024-01-31T08:58:04.664+0000] {processor.py:830} INFO - Processing file /home/deprojectue/miniconda3/envs/airflow_demo/lib/python3.9/site-packages/airflow/example_dags/tutorial_taskflow_api.py for tasks to queue
[2024-01-31T08:58:04.667+0000] {logging_mixin.py:188} INFO - [2024-01-31T08:58:04.667+0000] {dagbag.py:538} INFO - Filling up the DagBag from /home/deprojectue/miniconda3/envs/airflow_demo/lib/python3.9/site-packages/airflow/example_dags/tutorial_taskflow_api.py
[2024-01-31T08:58:04.677+0000] {processor.py:840} INFO - DAG(s) 'tutorial_taskflow_api' retrieved from /home/deprojectue/miniconda3/envs/airflow_demo/lib/python3.9/site-packages/airflow/example_dags/tutorial_taskflow_api.py
[2024-01-31T08:58:04.698+0000] {logging_mixin.py:188} INFO - [2024-01-31T08:58:04.698+0000] {dag.py:3033} INFO - Sync 1 DAGs
[2024-01-31T08:58:04.711+0000] {logging_mixin.py:188} INFO - [2024-01-31T08:58:04.711+0000] {dag.py:3820} INFO - Setting next_dagrun for tutorial_taskflow_api to None, run_after=None
[2024-01-31T08:58:04.737+0000] {processor.py:183} INFO - Processing /home/deprojectue/miniconda3/envs/airflow_demo/lib/python3.9/site-packages/airflow/example_dags/tutorial_taskflow_api.py took 0.079 seconds
[2024-01-31T08:58:43.678+0000] {processor.py:161} INFO - Started process (PID=215834) to work on /home/deprojectue/miniconda3/envs/airflow_demo/lib/python3.9/site-packages/airflow/example_dags/tutorial_taskflow_api.py
[2024-01-31T08:58:43.680+0000] {processor.py:830} INFO - Processing file /home/deprojectue/miniconda3/envs/airflow_demo/lib/python3.9/site-packages/airflow/example_dags/tutorial_taskflow_api.py for tasks to queue
[2024-01-31T08:58:43.683+0000] {logging_mixin.py:188} INFO - [2024-01-31T08:58:43.683+0000] {dagbag.py:538} INFO - Filling up the DagBag from /home/deprojectue/miniconda3/envs/airflow_demo/lib/python3.9/site-packages/airflow/example_dags/tutorial_taskflow_api.py
[2024-01-31T08:58:43.693+0000] {processor.py:840} INFO - DAG(s) 'tutorial_taskflow_api' retrieved from /home/deprojectue/miniconda3/envs/airflow_demo/lib/python3.9/site-packages/airflow/example_dags/tutorial_taskflow_api.py
[2024-01-31T08:58:43.714+0000] {logging_mixin.py:188} INFO - [2024-01-31T08:58:43.713+0000] {dag.py:3033} INFO - Sync 1 DAGs
[2024-01-31T08:58:43.726+0000] {logging_mixin.py:188} INFO - [2024-01-31T08:58:43.726+0000] {dag.py:3820} INFO - Setting next_dagrun for tutorial_taskflow_api to None, run_after=None
[2024-01-31T08:58:43.752+0000] {processor.py:183} INFO - Processing /home/deprojectue/miniconda3/envs/airflow_demo/lib/python3.9/site-packages/airflow/example_dags/tutorial_taskflow_api.py took 0.079 seconds
[2024-01-31T08:59:26.182+0000] {processor.py:161} INFO - Started process (PID=215878) to work on /home/deprojectue/miniconda3/envs/airflow_demo/lib/python3.9/site-packages/airflow/example_dags/tutorial_taskflow_api.py
[2024-01-31T08:59:26.184+0000] {processor.py:830} INFO - Processing file /home/deprojectue/miniconda3/envs/airflow_demo/lib/python3.9/site-packages/airflow/example_dags/tutorial_taskflow_api.py for tasks to queue
[2024-01-31T08:59:26.188+0000] {logging_mixin.py:188} INFO - [2024-01-31T08:59:26.187+0000] {dagbag.py:538} INFO - Filling up the DagBag from /home/deprojectue/miniconda3/envs/airflow_demo/lib/python3.9/site-packages/airflow/example_dags/tutorial_taskflow_api.py
[2024-01-31T08:59:26.198+0000] {processor.py:840} INFO - DAG(s) 'tutorial_taskflow_api' retrieved from /home/deprojectue/miniconda3/envs/airflow_demo/lib/python3.9/site-packages/airflow/example_dags/tutorial_taskflow_api.py
[2024-01-31T08:59:26.220+0000] {logging_mixin.py:188} INFO - [2024-01-31T08:59:26.219+0000] {dag.py:3033} INFO - Sync 1 DAGs
[2024-01-31T08:59:26.234+0000] {logging_mixin.py:188} INFO - [2024-01-31T08:59:26.234+0000] {dag.py:3820} INFO - Setting next_dagrun for tutorial_taskflow_api to None, run_after=None
[2024-01-31T08:59:26.262+0000] {processor.py:183} INFO - Processing /home/deprojectue/miniconda3/envs/airflow_demo/lib/python3.9/site-packages/airflow/example_dags/tutorial_taskflow_api.py took 0.085 seconds
[2024-01-31T09:00:06.028+0000] {processor.py:161} INFO - Started process (PID=215918) to work on /home/deprojectue/miniconda3/envs/airflow_demo/lib/python3.9/site-packages/airflow/example_dags/tutorial_taskflow_api.py
[2024-01-31T09:00:06.030+0000] {processor.py:830} INFO - Processing file /home/deprojectue/miniconda3/envs/airflow_demo/lib/python3.9/site-packages/airflow/example_dags/tutorial_taskflow_api.py for tasks to queue
[2024-01-31T09:00:06.034+0000] {logging_mixin.py:188} INFO - [2024-01-31T09:00:06.033+0000] {dagbag.py:538} INFO - Filling up the DagBag from /home/deprojectue/miniconda3/envs/airflow_demo/lib/python3.9/site-packages/airflow/example_dags/tutorial_taskflow_api.py
[2024-01-31T09:00:06.044+0000] {processor.py:840} INFO - DAG(s) 'tutorial_taskflow_api' retrieved from /home/deprojectue/miniconda3/envs/airflow_demo/lib/python3.9/site-packages/airflow/example_dags/tutorial_taskflow_api.py
[2024-01-31T09:00:06.063+0000] {logging_mixin.py:188} INFO - [2024-01-31T09:00:06.063+0000] {dag.py:3033} INFO - Sync 1 DAGs
[2024-01-31T09:00:06.076+0000] {logging_mixin.py:188} INFO - [2024-01-31T09:00:06.076+0000] {dag.py:3820} INFO - Setting next_dagrun for tutorial_taskflow_api to None, run_after=None
[2024-01-31T09:00:06.102+0000] {processor.py:183} INFO - Processing /home/deprojectue/miniconda3/envs/airflow_demo/lib/python3.9/site-packages/airflow/example_dags/tutorial_taskflow_api.py took 0.078 seconds
[2024-01-31T09:00:40.902+0000] {processor.py:161} INFO - Started process (PID=215956) to work on /home/deprojectue/miniconda3/envs/airflow_demo/lib/python3.9/site-packages/airflow/example_dags/tutorial_taskflow_api.py
[2024-01-31T09:00:40.904+0000] {processor.py:830} INFO - Processing file /home/deprojectue/miniconda3/envs/airflow_demo/lib/python3.9/site-packages/airflow/example_dags/tutorial_taskflow_api.py for tasks to queue
[2024-01-31T09:00:40.908+0000] {logging_mixin.py:188} INFO - [2024-01-31T09:00:40.907+0000] {dagbag.py:538} INFO - Filling up the DagBag from /home/deprojectue/miniconda3/envs/airflow_demo/lib/python3.9/site-packages/airflow/example_dags/tutorial_taskflow_api.py
[2024-01-31T09:00:40.918+0000] {processor.py:840} INFO - DAG(s) 'tutorial_taskflow_api' retrieved from /home/deprojectue/miniconda3/envs/airflow_demo/lib/python3.9/site-packages/airflow/example_dags/tutorial_taskflow_api.py
[2024-01-31T09:00:40.937+0000] {logging_mixin.py:188} INFO - [2024-01-31T09:00:40.937+0000] {dag.py:3033} INFO - Sync 1 DAGs
[2024-01-31T09:00:40.951+0000] {logging_mixin.py:188} INFO - [2024-01-31T09:00:40.950+0000] {dag.py:3820} INFO - Setting next_dagrun for tutorial_taskflow_api to None, run_after=None
[2024-01-31T09:00:40.976+0000] {processor.py:183} INFO - Processing /home/deprojectue/miniconda3/envs/airflow_demo/lib/python3.9/site-packages/airflow/example_dags/tutorial_taskflow_api.py took 0.078 seconds
[2024-01-31T09:01:19.410+0000] {processor.py:161} INFO - Started process (PID=215997) to work on /home/deprojectue/miniconda3/envs/airflow_demo/lib/python3.9/site-packages/airflow/example_dags/tutorial_taskflow_api.py
[2024-01-31T09:01:19.413+0000] {processor.py:830} INFO - Processing file /home/deprojectue/miniconda3/envs/airflow_demo/lib/python3.9/site-packages/airflow/example_dags/tutorial_taskflow_api.py for tasks to queue
[2024-01-31T09:01:19.416+0000] {logging_mixin.py:188} INFO - [2024-01-31T09:01:19.416+0000] {dagbag.py:538} INFO - Filling up the DagBag from /home/deprojectue/miniconda3/envs/airflow_demo/lib/python3.9/site-packages/airflow/example_dags/tutorial_taskflow_api.py
[2024-01-31T09:01:19.426+0000] {processor.py:840} INFO - DAG(s) 'tutorial_taskflow_api' retrieved from /home/deprojectue/miniconda3/envs/airflow_demo/lib/python3.9/site-packages/airflow/example_dags/tutorial_taskflow_api.py
[2024-01-31T09:01:19.445+0000] {logging_mixin.py:188} INFO - [2024-01-31T09:01:19.445+0000] {dag.py:3033} INFO - Sync 1 DAGs
[2024-01-31T09:01:19.458+0000] {logging_mixin.py:188} INFO - [2024-01-31T09:01:19.458+0000] {dag.py:3820} INFO - Setting next_dagrun for tutorial_taskflow_api to None, run_after=None
[2024-01-31T09:01:19.483+0000] {processor.py:183} INFO - Processing /home/deprojectue/miniconda3/envs/airflow_demo/lib/python3.9/site-packages/airflow/example_dags/tutorial_taskflow_api.py took 0.077 seconds
[2024-01-31T09:01:57.113+0000] {processor.py:161} INFO - Started process (PID=216037) to work on /home/deprojectue/miniconda3/envs/airflow_demo/lib/python3.9/site-packages/airflow/example_dags/tutorial_taskflow_api.py
[2024-01-31T09:01:57.115+0000] {processor.py:830} INFO - Processing file /home/deprojectue/miniconda3/envs/airflow_demo/lib/python3.9/site-packages/airflow/example_dags/tutorial_taskflow_api.py for tasks to queue
[2024-01-31T09:01:57.118+0000] {logging_mixin.py:188} INFO - [2024-01-31T09:01:57.117+0000] {dagbag.py:538} INFO - Filling up the DagBag from /home/deprojectue/miniconda3/envs/airflow_demo/lib/python3.9/site-packages/airflow/example_dags/tutorial_taskflow_api.py
[2024-01-31T09:01:57.128+0000] {processor.py:840} INFO - DAG(s) 'tutorial_taskflow_api' retrieved from /home/deprojectue/miniconda3/envs/airflow_demo/lib/python3.9/site-packages/airflow/example_dags/tutorial_taskflow_api.py
[2024-01-31T09:01:57.148+0000] {logging_mixin.py:188} INFO - [2024-01-31T09:01:57.147+0000] {dag.py:3033} INFO - Sync 1 DAGs
[2024-01-31T09:01:57.160+0000] {logging_mixin.py:188} INFO - [2024-01-31T09:01:57.160+0000] {dag.py:3820} INFO - Setting next_dagrun for tutorial_taskflow_api to None, run_after=None
[2024-01-31T09:01:57.183+0000] {processor.py:183} INFO - Processing /home/deprojectue/miniconda3/envs/airflow_demo/lib/python3.9/site-packages/airflow/example_dags/tutorial_taskflow_api.py took 0.075 seconds
[2024-01-31T09:02:33.049+0000] {processor.py:161} INFO - Started process (PID=216077) to work on /home/deprojectue/miniconda3/envs/airflow_demo/lib/python3.9/site-packages/airflow/example_dags/tutorial_taskflow_api.py
[2024-01-31T09:02:33.051+0000] {processor.py:830} INFO - Processing file /home/deprojectue/miniconda3/envs/airflow_demo/lib/python3.9/site-packages/airflow/example_dags/tutorial_taskflow_api.py for tasks to queue
[2024-01-31T09:02:33.057+0000] {logging_mixin.py:188} INFO - [2024-01-31T09:02:33.057+0000] {dagbag.py:538} INFO - Filling up the DagBag from /home/deprojectue/miniconda3/envs/airflow_demo/lib/python3.9/site-packages/airflow/example_dags/tutorial_taskflow_api.py
[2024-01-31T09:02:33.067+0000] {processor.py:840} INFO - DAG(s) 'tutorial_taskflow_api' retrieved from /home/deprojectue/miniconda3/envs/airflow_demo/lib/python3.9/site-packages/airflow/example_dags/tutorial_taskflow_api.py
[2024-01-31T09:02:33.087+0000] {logging_mixin.py:188} INFO - [2024-01-31T09:02:33.087+0000] {dag.py:3033} INFO - Sync 1 DAGs
[2024-01-31T09:02:33.101+0000] {logging_mixin.py:188} INFO - [2024-01-31T09:02:33.101+0000] {dag.py:3820} INFO - Setting next_dagrun for tutorial_taskflow_api to None, run_after=None
[2024-01-31T09:02:33.127+0000] {processor.py:183} INFO - Processing /home/deprojectue/miniconda3/envs/airflow_demo/lib/python3.9/site-packages/airflow/example_dags/tutorial_taskflow_api.py took 0.083 seconds
[2024-01-31T09:03:10.973+0000] {processor.py:161} INFO - Started process (PID=216115) to work on /home/deprojectue/miniconda3/envs/airflow_demo/lib/python3.9/site-packages/airflow/example_dags/tutorial_taskflow_api.py
[2024-01-31T09:03:10.975+0000] {processor.py:830} INFO - Processing file /home/deprojectue/miniconda3/envs/airflow_demo/lib/python3.9/site-packages/airflow/example_dags/tutorial_taskflow_api.py for tasks to queue
[2024-01-31T09:03:10.979+0000] {logging_mixin.py:188} INFO - [2024-01-31T09:03:10.978+0000] {dagbag.py:538} INFO - Filling up the DagBag from /home/deprojectue/miniconda3/envs/airflow_demo/lib/python3.9/site-packages/airflow/example_dags/tutorial_taskflow_api.py
[2024-01-31T09:03:10.989+0000] {processor.py:840} INFO - DAG(s) 'tutorial_taskflow_api' retrieved from /home/deprojectue/miniconda3/envs/airflow_demo/lib/python3.9/site-packages/airflow/example_dags/tutorial_taskflow_api.py
[2024-01-31T09:03:11.010+0000] {logging_mixin.py:188} INFO - [2024-01-31T09:03:11.009+0000] {dag.py:3033} INFO - Sync 1 DAGs
[2024-01-31T09:03:11.023+0000] {logging_mixin.py:188} INFO - [2024-01-31T09:03:11.023+0000] {dag.py:3820} INFO - Setting next_dagrun for tutorial_taskflow_api to None, run_after=None
[2024-01-31T09:03:11.048+0000] {processor.py:183} INFO - Processing /home/deprojectue/miniconda3/envs/airflow_demo/lib/python3.9/site-packages/airflow/example_dags/tutorial_taskflow_api.py took 0.080 seconds
[2024-01-31T09:03:47.472+0000] {processor.py:161} INFO - Started process (PID=216153) to work on /home/deprojectue/miniconda3/envs/airflow_demo/lib/python3.9/site-packages/airflow/example_dags/tutorial_taskflow_api.py
[2024-01-31T09:03:47.474+0000] {processor.py:830} INFO - Processing file /home/deprojectue/miniconda3/envs/airflow_demo/lib/python3.9/site-packages/airflow/example_dags/tutorial_taskflow_api.py for tasks to queue
[2024-01-31T09:03:47.478+0000] {logging_mixin.py:188} INFO - [2024-01-31T09:03:47.478+0000] {dagbag.py:538} INFO - Filling up the DagBag from /home/deprojectue/miniconda3/envs/airflow_demo/lib/python3.9/site-packages/airflow/example_dags/tutorial_taskflow_api.py
[2024-01-31T09:03:47.488+0000] {processor.py:840} INFO - DAG(s) 'tutorial_taskflow_api' retrieved from /home/deprojectue/miniconda3/envs/airflow_demo/lib/python3.9/site-packages/airflow/example_dags/tutorial_taskflow_api.py
[2024-01-31T09:03:47.510+0000] {logging_mixin.py:188} INFO - [2024-01-31T09:03:47.510+0000] {dag.py:3033} INFO - Sync 1 DAGs
[2024-01-31T09:03:47.525+0000] {logging_mixin.py:188} INFO - [2024-01-31T09:03:47.524+0000] {dag.py:3820} INFO - Setting next_dagrun for tutorial_taskflow_api to None, run_after=None
[2024-01-31T09:03:47.550+0000] {processor.py:183} INFO - Processing /home/deprojectue/miniconda3/envs/airflow_demo/lib/python3.9/site-packages/airflow/example_dags/tutorial_taskflow_api.py took 0.083 seconds
[2024-01-31T09:04:23.161+0000] {processor.py:161} INFO - Started process (PID=216190) to work on /home/deprojectue/miniconda3/envs/airflow_demo/lib/python3.9/site-packages/airflow/example_dags/tutorial_taskflow_api.py
[2024-01-31T09:04:23.163+0000] {processor.py:830} INFO - Processing file /home/deprojectue/miniconda3/envs/airflow_demo/lib/python3.9/site-packages/airflow/example_dags/tutorial_taskflow_api.py for tasks to queue
[2024-01-31T09:04:23.166+0000] {logging_mixin.py:188} INFO - [2024-01-31T09:04:23.166+0000] {dagbag.py:538} INFO - Filling up the DagBag from /home/deprojectue/miniconda3/envs/airflow_demo/lib/python3.9/site-packages/airflow/example_dags/tutorial_taskflow_api.py
[2024-01-31T09:04:23.176+0000] {processor.py:840} INFO - DAG(s) 'tutorial_taskflow_api' retrieved from /home/deprojectue/miniconda3/envs/airflow_demo/lib/python3.9/site-packages/airflow/example_dags/tutorial_taskflow_api.py
[2024-01-31T09:04:23.196+0000] {logging_mixin.py:188} INFO - [2024-01-31T09:04:23.196+0000] {dag.py:3033} INFO - Sync 1 DAGs
[2024-01-31T09:04:23.210+0000] {logging_mixin.py:188} INFO - [2024-01-31T09:04:23.209+0000] {dag.py:3820} INFO - Setting next_dagrun for tutorial_taskflow_api to None, run_after=None
[2024-01-31T09:04:23.236+0000] {processor.py:183} INFO - Processing /home/deprojectue/miniconda3/envs/airflow_demo/lib/python3.9/site-packages/airflow/example_dags/tutorial_taskflow_api.py took 0.080 seconds
[2024-01-31T09:05:00.865+0000] {processor.py:161} INFO - Started process (PID=216230) to work on /home/deprojectue/miniconda3/envs/airflow_demo/lib/python3.9/site-packages/airflow/example_dags/tutorial_taskflow_api.py
[2024-01-31T09:05:00.867+0000] {processor.py:830} INFO - Processing file /home/deprojectue/miniconda3/envs/airflow_demo/lib/python3.9/site-packages/airflow/example_dags/tutorial_taskflow_api.py for tasks to queue
[2024-01-31T09:05:00.871+0000] {logging_mixin.py:188} INFO - [2024-01-31T09:05:00.870+0000] {dagbag.py:538} INFO - Filling up the DagBag from /home/deprojectue/miniconda3/envs/airflow_demo/lib/python3.9/site-packages/airflow/example_dags/tutorial_taskflow_api.py
[2024-01-31T09:05:00.881+0000] {processor.py:840} INFO - DAG(s) 'tutorial_taskflow_api' retrieved from /home/deprojectue/miniconda3/envs/airflow_demo/lib/python3.9/site-packages/airflow/example_dags/tutorial_taskflow_api.py
[2024-01-31T09:05:00.902+0000] {logging_mixin.py:188} INFO - [2024-01-31T09:05:00.902+0000] {dag.py:3033} INFO - Sync 1 DAGs
[2024-01-31T09:05:00.916+0000] {logging_mixin.py:188} INFO - [2024-01-31T09:05:00.916+0000] {dag.py:3820} INFO - Setting next_dagrun for tutorial_taskflow_api to None, run_after=None
[2024-01-31T09:05:00.940+0000] {processor.py:183} INFO - Processing /home/deprojectue/miniconda3/envs/airflow_demo/lib/python3.9/site-packages/airflow/example_dags/tutorial_taskflow_api.py took 0.080 seconds
[2024-01-31T09:08:12.632+0000] {processor.py:161} INFO - Started process (PID=216367) to work on /home/deprojectue/miniconda3/envs/airflow_demo/lib/python3.9/site-packages/airflow/example_dags/tutorial_taskflow_api.py
[2024-01-31T09:08:12.635+0000] {processor.py:830} INFO - Processing file /home/deprojectue/miniconda3/envs/airflow_demo/lib/python3.9/site-packages/airflow/example_dags/tutorial_taskflow_api.py for tasks to queue
[2024-01-31T09:08:12.641+0000] {logging_mixin.py:188} INFO - [2024-01-31T09:08:12.640+0000] {dagbag.py:538} INFO - Filling up the DagBag from /home/deprojectue/miniconda3/envs/airflow_demo/lib/python3.9/site-packages/airflow/example_dags/tutorial_taskflow_api.py
[2024-01-31T09:08:12.841+0000] {processor.py:840} INFO - DAG(s) 'tutorial_taskflow_api' retrieved from /home/deprojectue/miniconda3/envs/airflow_demo/lib/python3.9/site-packages/airflow/example_dags/tutorial_taskflow_api.py
[2024-01-31T09:08:12.867+0000] {logging_mixin.py:188} INFO - [2024-01-31T09:08:12.866+0000] {dag.py:3033} INFO - Sync 1 DAGs
[2024-01-31T09:08:13.092+0000] {logging_mixin.py:188} INFO - [2024-01-31T09:08:13.092+0000] {dag.py:3820} INFO - Setting next_dagrun for tutorial_taskflow_api to None, run_after=None
[2024-01-31T09:08:13.368+0000] {processor.py:183} INFO - Processing /home/deprojectue/miniconda3/envs/airflow_demo/lib/python3.9/site-packages/airflow/example_dags/tutorial_taskflow_api.py took 0.740 seconds
[2024-01-31T09:34:11.671+0000] {processor.py:161} INFO - Started process (PID=216860) to work on /home/deprojectue/miniconda3/envs/airflow_demo/lib/python3.9/site-packages/airflow/example_dags/tutorial_taskflow_api.py
[2024-01-31T09:34:11.679+0000] {processor.py:830} INFO - Processing file /home/deprojectue/miniconda3/envs/airflow_demo/lib/python3.9/site-packages/airflow/example_dags/tutorial_taskflow_api.py for tasks to queue
[2024-01-31T09:34:11.684+0000] {logging_mixin.py:188} INFO - [2024-01-31T09:34:11.683+0000] {dagbag.py:538} INFO - Filling up the DagBag from /home/deprojectue/miniconda3/envs/airflow_demo/lib/python3.9/site-packages/airflow/example_dags/tutorial_taskflow_api.py
[2024-01-31T09:34:11.776+0000] {processor.py:840} INFO - DAG(s) 'tutorial_taskflow_api' retrieved from /home/deprojectue/miniconda3/envs/airflow_demo/lib/python3.9/site-packages/airflow/example_dags/tutorial_taskflow_api.py
[2024-01-31T09:34:12.150+0000] {logging_mixin.py:188} INFO - [2024-01-31T09:34:12.148+0000] {override.py:1769} INFO - Created Permission View: can edit on DAG:tutorial_taskflow_api
[2024-01-31T09:34:12.181+0000] {logging_mixin.py:188} INFO - [2024-01-31T09:34:12.181+0000] {override.py:1769} INFO - Created Permission View: can read on DAG:tutorial_taskflow_api
[2024-01-31T09:34:12.202+0000] {logging_mixin.py:188} INFO - [2024-01-31T09:34:12.201+0000] {override.py:1769} INFO - Created Permission View: can delete on DAG:tutorial_taskflow_api
[2024-01-31T09:34:12.207+0000] {logging_mixin.py:188} INFO - [2024-01-31T09:34:12.202+0000] {dag.py:3033} INFO - Sync 1 DAGs
[2024-01-31T09:34:12.257+0000] {logging_mixin.py:188} INFO - [2024-01-31T09:34:12.257+0000] {dag.py:3055} INFO - Creating ORM DAG for tutorial_taskflow_api
[2024-01-31T09:34:12.258+0000] {logging_mixin.py:188} INFO - [2024-01-31T09:34:12.258+0000] {dag.py:3820} INFO - Setting next_dagrun for tutorial_taskflow_api to None, run_after=None
[2024-01-31T09:34:12.309+0000] {processor.py:183} INFO - Processing /home/deprojectue/miniconda3/envs/airflow_demo/lib/python3.9/site-packages/airflow/example_dags/tutorial_taskflow_api.py took 0.649 seconds
[2024-01-31T09:36:29.033+0000] {processor.py:161} INFO - Started process (PID=216925) to work on /home/deprojectue/miniconda3/envs/airflow_demo/lib/python3.9/site-packages/airflow/example_dags/tutorial_taskflow_api.py
[2024-01-31T09:36:29.036+0000] {processor.py:830} INFO - Processing file /home/deprojectue/miniconda3/envs/airflow_demo/lib/python3.9/site-packages/airflow/example_dags/tutorial_taskflow_api.py for tasks to queue
[2024-01-31T09:36:29.041+0000] {logging_mixin.py:188} INFO - [2024-01-31T09:36:29.040+0000] {dagbag.py:538} INFO - Filling up the DagBag from /home/deprojectue/miniconda3/envs/airflow_demo/lib/python3.9/site-packages/airflow/example_dags/tutorial_taskflow_api.py
[2024-01-31T09:36:29.052+0000] {processor.py:840} INFO - DAG(s) 'tutorial_taskflow_api' retrieved from /home/deprojectue/miniconda3/envs/airflow_demo/lib/python3.9/site-packages/airflow/example_dags/tutorial_taskflow_api.py
[2024-01-31T09:36:29.077+0000] {logging_mixin.py:188} INFO - [2024-01-31T09:36:29.077+0000] {dag.py:3033} INFO - Sync 1 DAGs
[2024-01-31T09:36:29.092+0000] {logging_mixin.py:188} INFO - [2024-01-31T09:36:29.091+0000] {dag.py:3820} INFO - Setting next_dagrun for tutorial_taskflow_api to None, run_after=None
[2024-01-31T09:36:29.120+0000] {processor.py:183} INFO - Processing /home/deprojectue/miniconda3/envs/airflow_demo/lib/python3.9/site-packages/airflow/example_dags/tutorial_taskflow_api.py took 0.092 seconds
