[2024-01-31T02:07:11.049+0000] {processor.py:161} INFO - Started process (PID=210190) to work on /home/deprojectue/miniconda3/envs/airflow_demo/lib/python3.9/site-packages/airflow/example_dags/tutorial.py
[2024-01-31T02:07:11.050+0000] {processor.py:830} INFO - Processing file /home/deprojectue/miniconda3/envs/airflow_demo/lib/python3.9/site-packages/airflow/example_dags/tutorial.py for tasks to queue
[2024-01-31T02:07:11.051+0000] {logging_mixin.py:188} INFO - [2024-01-31T02:07:11.051+0000] {dagbag.py:538} INFO - Filling up the DagBag from /home/deprojectue/miniconda3/envs/airflow_demo/lib/python3.9/site-packages/airflow/example_dags/tutorial.py
[2024-01-31T02:07:11.065+0000] {processor.py:840} INFO - DAG(s) 'tutorial' retrieved from /home/deprojectue/miniconda3/envs/airflow_demo/lib/python3.9/site-packages/airflow/example_dags/tutorial.py
[2024-01-31T02:07:11.182+0000] {logging_mixin.py:188} INFO - [2024-01-31T02:07:11.181+0000] {override.py:1769} INFO - Created Permission View: can read on DAG:tutorial
[2024-01-31T02:07:11.197+0000] {logging_mixin.py:188} INFO - [2024-01-31T02:07:11.196+0000] {override.py:1769} INFO - Created Permission View: can delete on DAG:tutorial
[2024-01-31T02:07:11.206+0000] {logging_mixin.py:188} INFO - [2024-01-31T02:07:11.206+0000] {override.py:1769} INFO - Created Permission View: can edit on DAG:tutorial
[2024-01-31T02:07:11.207+0000] {logging_mixin.py:188} INFO - [2024-01-31T02:07:11.207+0000] {dag.py:3033} INFO - Sync 1 DAGs
[2024-01-31T02:07:11.217+0000] {logging_mixin.py:188} INFO - [2024-01-31T02:07:11.217+0000] {dag.py:3055} INFO - Creating ORM DAG for tutorial
[2024-01-31T02:07:11.226+0000] {logging_mixin.py:188} INFO - [2024-01-31T02:07:11.226+0000] {dag.py:3820} INFO - Setting next_dagrun for tutorial to 2024-01-30T00:00:00+00:00, run_after=2024-01-31T00:00:00+00:00
[2024-01-31T02:07:11.248+0000] {processor.py:183} INFO - Processing /home/deprojectue/miniconda3/envs/airflow_demo/lib/python3.9/site-packages/airflow/example_dags/tutorial.py took 0.204 seconds
[2024-01-31T02:08:09.756+0000] {processor.py:161} INFO - Started process (PID=210631) to work on /home/deprojectue/miniconda3/envs/airflow_demo/lib/python3.9/site-packages/airflow/example_dags/tutorial.py
[2024-01-31T02:08:09.758+0000] {processor.py:830} INFO - Processing file /home/deprojectue/miniconda3/envs/airflow_demo/lib/python3.9/site-packages/airflow/example_dags/tutorial.py for tasks to queue
[2024-01-31T02:08:09.759+0000] {logging_mixin.py:188} INFO - [2024-01-31T02:08:09.759+0000] {dagbag.py:538} INFO - Filling up the DagBag from /home/deprojectue/miniconda3/envs/airflow_demo/lib/python3.9/site-packages/airflow/example_dags/tutorial.py
[2024-01-31T02:08:09.768+0000] {processor.py:840} INFO - DAG(s) 'tutorial' retrieved from /home/deprojectue/miniconda3/envs/airflow_demo/lib/python3.9/site-packages/airflow/example_dags/tutorial.py
[2024-01-31T02:08:09.787+0000] {logging_mixin.py:188} INFO - [2024-01-31T02:08:09.787+0000] {dag.py:3033} INFO - Sync 1 DAGs
[2024-01-31T02:08:09.808+0000] {logging_mixin.py:188} INFO - [2024-01-31T02:08:09.808+0000] {dag.py:3820} INFO - Setting next_dagrun for tutorial to 2024-01-30T00:00:00+00:00, run_after=2024-01-31T00:00:00+00:00
[2024-01-31T02:08:09.833+0000] {processor.py:183} INFO - Processing /home/deprojectue/miniconda3/envs/airflow_demo/lib/python3.9/site-packages/airflow/example_dags/tutorial.py took 0.081 seconds
[2024-01-31T02:08:45.831+0000] {processor.py:161} INFO - Started process (PID=210655) to work on /home/deprojectue/miniconda3/envs/airflow_demo/lib/python3.9/site-packages/airflow/example_dags/tutorial.py
[2024-01-31T02:08:45.833+0000] {processor.py:830} INFO - Processing file /home/deprojectue/miniconda3/envs/airflow_demo/lib/python3.9/site-packages/airflow/example_dags/tutorial.py for tasks to queue
[2024-01-31T02:08:45.834+0000] {logging_mixin.py:188} INFO - [2024-01-31T02:08:45.834+0000] {dagbag.py:538} INFO - Filling up the DagBag from /home/deprojectue/miniconda3/envs/airflow_demo/lib/python3.9/site-packages/airflow/example_dags/tutorial.py
[2024-01-31T02:08:45.846+0000] {processor.py:840} INFO - DAG(s) 'tutorial' retrieved from /home/deprojectue/miniconda3/envs/airflow_demo/lib/python3.9/site-packages/airflow/example_dags/tutorial.py
[2024-01-31T02:08:45.871+0000] {logging_mixin.py:188} INFO - [2024-01-31T02:08:45.871+0000] {dag.py:3033} INFO - Sync 1 DAGs
[2024-01-31T02:08:45.894+0000] {logging_mixin.py:188} INFO - [2024-01-31T02:08:45.894+0000] {dag.py:3820} INFO - Setting next_dagrun for tutorial to 2024-01-30T00:00:00+00:00, run_after=2024-01-31T00:00:00+00:00
[2024-01-31T02:08:45.921+0000] {processor.py:183} INFO - Processing /home/deprojectue/miniconda3/envs/airflow_demo/lib/python3.9/site-packages/airflow/example_dags/tutorial.py took 0.095 seconds
[2024-01-31T02:09:42.705+0000] {processor.py:161} INFO - Started process (PID=210939) to work on /home/deprojectue/miniconda3/envs/airflow_demo/lib/python3.9/site-packages/airflow/example_dags/tutorial.py
[2024-01-31T02:09:42.707+0000] {processor.py:830} INFO - Processing file /home/deprojectue/miniconda3/envs/airflow_demo/lib/python3.9/site-packages/airflow/example_dags/tutorial.py for tasks to queue
[2024-01-31T02:09:42.708+0000] {logging_mixin.py:188} INFO - [2024-01-31T02:09:42.708+0000] {dagbag.py:538} INFO - Filling up the DagBag from /home/deprojectue/miniconda3/envs/airflow_demo/lib/python3.9/site-packages/airflow/example_dags/tutorial.py
[2024-01-31T02:09:42.717+0000] {processor.py:840} INFO - DAG(s) 'tutorial' retrieved from /home/deprojectue/miniconda3/envs/airflow_demo/lib/python3.9/site-packages/airflow/example_dags/tutorial.py
[2024-01-31T02:09:42.736+0000] {logging_mixin.py:188} INFO - [2024-01-31T02:09:42.736+0000] {dag.py:3033} INFO - Sync 1 DAGs
[2024-01-31T02:09:42.758+0000] {logging_mixin.py:188} INFO - [2024-01-31T02:09:42.758+0000] {dag.py:3820} INFO - Setting next_dagrun for tutorial to 2024-01-30T00:00:00+00:00, run_after=2024-01-31T00:00:00+00:00
[2024-01-31T02:09:42.784+0000] {processor.py:183} INFO - Processing /home/deprojectue/miniconda3/envs/airflow_demo/lib/python3.9/site-packages/airflow/example_dags/tutorial.py took 0.083 seconds
[2024-01-31T02:12:29.953+0000] {processor.py:161} INFO - Started process (PID=211027) to work on /home/deprojectue/miniconda3/envs/airflow_demo/lib/python3.9/site-packages/airflow/example_dags/tutorial.py
[2024-01-31T02:12:29.955+0000] {processor.py:830} INFO - Processing file /home/deprojectue/miniconda3/envs/airflow_demo/lib/python3.9/site-packages/airflow/example_dags/tutorial.py for tasks to queue
[2024-01-31T02:12:29.958+0000] {logging_mixin.py:188} INFO - [2024-01-31T02:12:29.957+0000] {dagbag.py:538} INFO - Filling up the DagBag from /home/deprojectue/miniconda3/envs/airflow_demo/lib/python3.9/site-packages/airflow/example_dags/tutorial.py
[2024-01-31T02:12:29.970+0000] {processor.py:840} INFO - DAG(s) 'tutorial' retrieved from /home/deprojectue/miniconda3/envs/airflow_demo/lib/python3.9/site-packages/airflow/example_dags/tutorial.py
[2024-01-31T02:12:30.003+0000] {logging_mixin.py:188} INFO - [2024-01-31T02:12:30.002+0000] {dag.py:3033} INFO - Sync 1 DAGs
[2024-01-31T02:12:30.227+0000] {logging_mixin.py:188} INFO - [2024-01-31T02:12:30.227+0000] {dag.py:3820} INFO - Setting next_dagrun for tutorial to 2024-01-30T00:00:00+00:00, run_after=2024-01-31T00:00:00+00:00
[2024-01-31T02:12:30.256+0000] {processor.py:183} INFO - Processing /home/deprojectue/miniconda3/envs/airflow_demo/lib/python3.9/site-packages/airflow/example_dags/tutorial.py took 0.308 seconds
[2024-01-31T02:13:20.235+0000] {processor.py:161} INFO - Started process (PID=211076) to work on /home/deprojectue/miniconda3/envs/airflow_demo/lib/python3.9/site-packages/airflow/example_dags/tutorial.py
[2024-01-31T02:13:20.237+0000] {processor.py:830} INFO - Processing file /home/deprojectue/miniconda3/envs/airflow_demo/lib/python3.9/site-packages/airflow/example_dags/tutorial.py for tasks to queue
[2024-01-31T02:13:20.240+0000] {logging_mixin.py:188} INFO - [2024-01-31T02:13:20.240+0000] {dagbag.py:538} INFO - Filling up the DagBag from /home/deprojectue/miniconda3/envs/airflow_demo/lib/python3.9/site-packages/airflow/example_dags/tutorial.py
[2024-01-31T02:13:20.250+0000] {processor.py:840} INFO - DAG(s) 'tutorial' retrieved from /home/deprojectue/miniconda3/envs/airflow_demo/lib/python3.9/site-packages/airflow/example_dags/tutorial.py
[2024-01-31T02:13:20.271+0000] {logging_mixin.py:188} INFO - [2024-01-31T02:13:20.270+0000] {dag.py:3033} INFO - Sync 1 DAGs
[2024-01-31T02:13:20.294+0000] {logging_mixin.py:188} INFO - [2024-01-31T02:13:20.294+0000] {dag.py:3820} INFO - Setting next_dagrun for tutorial to 2024-01-30T00:00:00+00:00, run_after=2024-01-31T00:00:00+00:00
[2024-01-31T02:13:20.322+0000] {processor.py:183} INFO - Processing /home/deprojectue/miniconda3/envs/airflow_demo/lib/python3.9/site-packages/airflow/example_dags/tutorial.py took 0.093 seconds
[2024-01-31T02:13:58.699+0000] {processor.py:161} INFO - Started process (PID=211125) to work on /home/deprojectue/miniconda3/envs/airflow_demo/lib/python3.9/site-packages/airflow/example_dags/tutorial.py
[2024-01-31T02:13:58.701+0000] {processor.py:830} INFO - Processing file /home/deprojectue/miniconda3/envs/airflow_demo/lib/python3.9/site-packages/airflow/example_dags/tutorial.py for tasks to queue
[2024-01-31T02:13:58.704+0000] {logging_mixin.py:188} INFO - [2024-01-31T02:13:58.704+0000] {dagbag.py:538} INFO - Filling up the DagBag from /home/deprojectue/miniconda3/envs/airflow_demo/lib/python3.9/site-packages/airflow/example_dags/tutorial.py
[2024-01-31T02:13:58.714+0000] {processor.py:840} INFO - DAG(s) 'tutorial' retrieved from /home/deprojectue/miniconda3/envs/airflow_demo/lib/python3.9/site-packages/airflow/example_dags/tutorial.py
[2024-01-31T02:13:58.734+0000] {logging_mixin.py:188} INFO - [2024-01-31T02:13:58.734+0000] {dag.py:3033} INFO - Sync 1 DAGs
[2024-01-31T02:13:58.757+0000] {logging_mixin.py:188} INFO - [2024-01-31T02:13:58.756+0000] {dag.py:3820} INFO - Setting next_dagrun for tutorial to 2024-01-30T00:00:00+00:00, run_after=2024-01-31T00:00:00+00:00
[2024-01-31T02:13:58.783+0000] {processor.py:183} INFO - Processing /home/deprojectue/miniconda3/envs/airflow_demo/lib/python3.9/site-packages/airflow/example_dags/tutorial.py took 0.089 seconds
[2024-01-31T02:21:24.660+0000] {processor.py:161} INFO - Started process (PID=211287) to work on /home/deprojectue/miniconda3/envs/airflow_demo/lib/python3.9/site-packages/airflow/example_dags/tutorial.py
[2024-01-31T02:21:24.662+0000] {processor.py:830} INFO - Processing file /home/deprojectue/miniconda3/envs/airflow_demo/lib/python3.9/site-packages/airflow/example_dags/tutorial.py for tasks to queue
[2024-01-31T02:21:24.666+0000] {logging_mixin.py:188} INFO - [2024-01-31T02:21:24.665+0000] {dagbag.py:538} INFO - Filling up the DagBag from /home/deprojectue/miniconda3/envs/airflow_demo/lib/python3.9/site-packages/airflow/example_dags/tutorial.py
[2024-01-31T02:21:24.677+0000] {processor.py:840} INFO - DAG(s) 'tutorial' retrieved from /home/deprojectue/miniconda3/envs/airflow_demo/lib/python3.9/site-packages/airflow/example_dags/tutorial.py
[2024-01-31T02:21:24.709+0000] {logging_mixin.py:188} INFO - [2024-01-31T02:21:24.709+0000] {dag.py:3033} INFO - Sync 1 DAGs
[2024-01-31T02:21:24.927+0000] {logging_mixin.py:188} INFO - [2024-01-31T02:21:24.927+0000] {dag.py:3820} INFO - Setting next_dagrun for tutorial to 2024-01-30T00:00:00+00:00, run_after=2024-01-31T00:00:00+00:00
[2024-01-31T02:21:24.956+0000] {processor.py:183} INFO - Processing /home/deprojectue/miniconda3/envs/airflow_demo/lib/python3.9/site-packages/airflow/example_dags/tutorial.py took 0.301 seconds
[2024-01-31T02:22:19.656+0000] {processor.py:161} INFO - Started process (PID=211337) to work on /home/deprojectue/miniconda3/envs/airflow_demo/lib/python3.9/site-packages/airflow/example_dags/tutorial.py
[2024-01-31T02:22:19.658+0000] {processor.py:830} INFO - Processing file /home/deprojectue/miniconda3/envs/airflow_demo/lib/python3.9/site-packages/airflow/example_dags/tutorial.py for tasks to queue
[2024-01-31T02:22:19.663+0000] {logging_mixin.py:188} INFO - [2024-01-31T02:22:19.662+0000] {dagbag.py:538} INFO - Filling up the DagBag from /home/deprojectue/miniconda3/envs/airflow_demo/lib/python3.9/site-packages/airflow/example_dags/tutorial.py
[2024-01-31T02:22:19.674+0000] {processor.py:840} INFO - DAG(s) 'tutorial' retrieved from /home/deprojectue/miniconda3/envs/airflow_demo/lib/python3.9/site-packages/airflow/example_dags/tutorial.py
[2024-01-31T02:22:19.701+0000] {logging_mixin.py:188} INFO - [2024-01-31T02:22:19.701+0000] {dag.py:3033} INFO - Sync 1 DAGs
[2024-01-31T02:22:19.725+0000] {logging_mixin.py:188} INFO - [2024-01-31T02:22:19.725+0000] {dag.py:3820} INFO - Setting next_dagrun for tutorial to 2024-01-30T00:00:00+00:00, run_after=2024-01-31T00:00:00+00:00
[2024-01-31T02:22:19.752+0000] {processor.py:183} INFO - Processing /home/deprojectue/miniconda3/envs/airflow_demo/lib/python3.9/site-packages/airflow/example_dags/tutorial.py took 0.101 seconds
[2024-01-31T08:23:02.576+0000] {processor.py:161} INFO - Started process (PID=213995) to work on /home/deprojectue/miniconda3/envs/airflow_demo/lib/python3.9/site-packages/airflow/example_dags/tutorial.py
[2024-01-31T08:23:02.578+0000] {processor.py:830} INFO - Processing file /home/deprojectue/miniconda3/envs/airflow_demo/lib/python3.9/site-packages/airflow/example_dags/tutorial.py for tasks to queue
[2024-01-31T08:23:02.581+0000] {logging_mixin.py:188} INFO - [2024-01-31T08:23:02.580+0000] {dagbag.py:538} INFO - Filling up the DagBag from /home/deprojectue/miniconda3/envs/airflow_demo/lib/python3.9/site-packages/airflow/example_dags/tutorial.py
[2024-01-31T08:23:02.592+0000] {processor.py:840} INFO - DAG(s) 'tutorial' retrieved from /home/deprojectue/miniconda3/envs/airflow_demo/lib/python3.9/site-packages/airflow/example_dags/tutorial.py
[2024-01-31T08:23:02.619+0000] {logging_mixin.py:188} INFO - [2024-01-31T08:23:02.619+0000] {dag.py:3033} INFO - Sync 1 DAGs
[2024-01-31T08:23:02.835+0000] {logging_mixin.py:188} INFO - [2024-01-31T08:23:02.835+0000] {dag.py:3820} INFO - Setting next_dagrun for tutorial to 2024-01-30T00:00:00+00:00, run_after=2024-01-31T00:00:00+00:00
[2024-01-31T08:23:02.862+0000] {processor.py:183} INFO - Processing /home/deprojectue/miniconda3/envs/airflow_demo/lib/python3.9/site-packages/airflow/example_dags/tutorial.py took 0.291 seconds
[2024-01-31T08:24:00.087+0000] {processor.py:161} INFO - Started process (PID=214018) to work on /home/deprojectue/miniconda3/envs/airflow_demo/lib/python3.9/site-packages/airflow/example_dags/tutorial.py
[2024-01-31T08:24:00.089+0000] {processor.py:830} INFO - Processing file /home/deprojectue/miniconda3/envs/airflow_demo/lib/python3.9/site-packages/airflow/example_dags/tutorial.py for tasks to queue
[2024-01-31T08:24:00.092+0000] {logging_mixin.py:188} INFO - [2024-01-31T08:24:00.092+0000] {dagbag.py:538} INFO - Filling up the DagBag from /home/deprojectue/miniconda3/envs/airflow_demo/lib/python3.9/site-packages/airflow/example_dags/tutorial.py
[2024-01-31T08:24:00.103+0000] {processor.py:840} INFO - DAG(s) 'tutorial' retrieved from /home/deprojectue/miniconda3/envs/airflow_demo/lib/python3.9/site-packages/airflow/example_dags/tutorial.py
[2024-01-31T08:24:00.129+0000] {logging_mixin.py:188} INFO - [2024-01-31T08:24:00.128+0000] {dag.py:3033} INFO - Sync 1 DAGs
[2024-01-31T08:24:00.363+0000] {logging_mixin.py:188} INFO - [2024-01-31T08:24:00.363+0000] {dag.py:3820} INFO - Setting next_dagrun for tutorial to 2024-01-30T00:00:00+00:00, run_after=2024-01-31T00:00:00+00:00
[2024-01-31T08:24:00.387+0000] {processor.py:183} INFO - Processing /home/deprojectue/miniconda3/envs/airflow_demo/lib/python3.9/site-packages/airflow/example_dags/tutorial.py took 0.304 seconds
[2024-01-31T08:24:57.665+0000] {processor.py:161} INFO - Started process (PID=214077) to work on /home/deprojectue/miniconda3/envs/airflow_demo/lib/python3.9/site-packages/airflow/example_dags/tutorial.py
[2024-01-31T08:24:57.667+0000] {processor.py:830} INFO - Processing file /home/deprojectue/miniconda3/envs/airflow_demo/lib/python3.9/site-packages/airflow/example_dags/tutorial.py for tasks to queue
[2024-01-31T08:24:57.670+0000] {logging_mixin.py:188} INFO - [2024-01-31T08:24:57.670+0000] {dagbag.py:538} INFO - Filling up the DagBag from /home/deprojectue/miniconda3/envs/airflow_demo/lib/python3.9/site-packages/airflow/example_dags/tutorial.py
[2024-01-31T08:24:57.680+0000] {processor.py:840} INFO - DAG(s) 'tutorial' retrieved from /home/deprojectue/miniconda3/envs/airflow_demo/lib/python3.9/site-packages/airflow/example_dags/tutorial.py
[2024-01-31T08:24:57.700+0000] {logging_mixin.py:188} INFO - [2024-01-31T08:24:57.699+0000] {dag.py:3033} INFO - Sync 1 DAGs
[2024-01-31T08:24:57.724+0000] {logging_mixin.py:188} INFO - [2024-01-31T08:24:57.723+0000] {dag.py:3820} INFO - Setting next_dagrun for tutorial to 2024-01-30T00:00:00+00:00, run_after=2024-01-31T00:00:00+00:00
[2024-01-31T08:24:57.751+0000] {processor.py:183} INFO - Processing /home/deprojectue/miniconda3/envs/airflow_demo/lib/python3.9/site-packages/airflow/example_dags/tutorial.py took 0.090 seconds
[2024-01-31T08:25:42.723+0000] {processor.py:161} INFO - Started process (PID=214125) to work on /home/deprojectue/miniconda3/envs/airflow_demo/lib/python3.9/site-packages/airflow/example_dags/tutorial.py
[2024-01-31T08:25:42.725+0000] {processor.py:830} INFO - Processing file /home/deprojectue/miniconda3/envs/airflow_demo/lib/python3.9/site-packages/airflow/example_dags/tutorial.py for tasks to queue
[2024-01-31T08:25:42.728+0000] {logging_mixin.py:188} INFO - [2024-01-31T08:25:42.727+0000] {dagbag.py:538} INFO - Filling up the DagBag from /home/deprojectue/miniconda3/envs/airflow_demo/lib/python3.9/site-packages/airflow/example_dags/tutorial.py
[2024-01-31T08:25:42.737+0000] {processor.py:840} INFO - DAG(s) 'tutorial' retrieved from /home/deprojectue/miniconda3/envs/airflow_demo/lib/python3.9/site-packages/airflow/example_dags/tutorial.py
[2024-01-31T08:25:42.758+0000] {logging_mixin.py:188} INFO - [2024-01-31T08:25:42.758+0000] {dag.py:3033} INFO - Sync 1 DAGs
[2024-01-31T08:25:42.781+0000] {logging_mixin.py:188} INFO - [2024-01-31T08:25:42.781+0000] {dag.py:3820} INFO - Setting next_dagrun for tutorial to 2024-01-30T00:00:00+00:00, run_after=2024-01-31T00:00:00+00:00
[2024-01-31T08:25:42.805+0000] {processor.py:183} INFO - Processing /home/deprojectue/miniconda3/envs/airflow_demo/lib/python3.9/site-packages/airflow/example_dags/tutorial.py took 0.086 seconds
[2024-01-31T08:27:11.512+0000] {processor.py:161} INFO - Started process (PID=214729) to work on /home/deprojectue/miniconda3/envs/airflow_demo/lib/python3.9/site-packages/airflow/example_dags/tutorial.py
[2024-01-31T08:27:11.718+0000] {processor.py:830} INFO - Processing file /home/deprojectue/miniconda3/envs/airflow_demo/lib/python3.9/site-packages/airflow/example_dags/tutorial.py for tasks to queue
[2024-01-31T08:27:11.728+0000] {logging_mixin.py:188} INFO - [2024-01-31T08:27:11.720+0000] {dagbag.py:538} INFO - Filling up the DagBag from /home/deprojectue/miniconda3/envs/airflow_demo/lib/python3.9/site-packages/airflow/example_dags/tutorial.py
[2024-01-31T08:27:50.989+0000] {processor.py:840} INFO - DAG(s) 'tutorial' retrieved from /home/deprojectue/miniconda3/envs/airflow_demo/lib/python3.9/site-packages/airflow/example_dags/tutorial.py
[2024-01-31T08:28:18.982+0000] {logging_mixin.py:188} INFO - [2024-01-31T08:28:18.972+0000] {dag.py:3033} INFO - Sync 1 DAGs
[2024-01-31T08:28:19.493+0000] {logging_mixin.py:188} INFO - [2024-01-31T08:28:19.492+0000] {dag.py:3820} INFO - Setting next_dagrun for tutorial to 2024-01-30T00:00:00+00:00, run_after=2024-01-31T00:00:00+00:00
[2024-01-31T08:28:20.006+0000] {processor.py:183} INFO - Processing /home/deprojectue/miniconda3/envs/airflow_demo/lib/python3.9/site-packages/airflow/example_dags/tutorial.py took 69.017 seconds
[2024-01-31T08:42:11.645+0000] {processor.py:161} INFO - Started process (PID=215196) to work on /home/deprojectue/miniconda3/envs/airflow_demo/lib/python3.9/site-packages/airflow/example_dags/tutorial.py
[2024-01-31T08:42:11.648+0000] {processor.py:830} INFO - Processing file /home/deprojectue/miniconda3/envs/airflow_demo/lib/python3.9/site-packages/airflow/example_dags/tutorial.py for tasks to queue
[2024-01-31T08:42:11.651+0000] {logging_mixin.py:188} INFO - [2024-01-31T08:42:11.650+0000] {dagbag.py:538} INFO - Filling up the DagBag from /home/deprojectue/miniconda3/envs/airflow_demo/lib/python3.9/site-packages/airflow/example_dags/tutorial.py
[2024-01-31T08:42:11.668+0000] {processor.py:840} INFO - DAG(s) 'tutorial' retrieved from /home/deprojectue/miniconda3/envs/airflow_demo/lib/python3.9/site-packages/airflow/example_dags/tutorial.py
[2024-01-31T08:42:11.700+0000] {logging_mixin.py:188} INFO - [2024-01-31T08:42:11.700+0000] {dag.py:3033} INFO - Sync 1 DAGs
[2024-01-31T08:42:11.926+0000] {logging_mixin.py:188} INFO - [2024-01-31T08:42:11.926+0000] {dag.py:3820} INFO - Setting next_dagrun for tutorial to 2024-01-30T00:00:00+00:00, run_after=2024-01-31T00:00:00+00:00
[2024-01-31T08:42:11.950+0000] {processor.py:183} INFO - Processing /home/deprojectue/miniconda3/envs/airflow_demo/lib/python3.9/site-packages/airflow/example_dags/tutorial.py took 0.310 seconds
[2024-01-31T08:51:40.224+0000] {processor.py:161} INFO - Started process (PID=215359) to work on /home/deprojectue/miniconda3/envs/airflow_demo/lib/python3.9/site-packages/airflow/example_dags/tutorial.py
[2024-01-31T08:51:40.227+0000] {processor.py:830} INFO - Processing file /home/deprojectue/miniconda3/envs/airflow_demo/lib/python3.9/site-packages/airflow/example_dags/tutorial.py for tasks to queue
[2024-01-31T08:51:40.231+0000] {logging_mixin.py:188} INFO - [2024-01-31T08:51:40.230+0000] {dagbag.py:538} INFO - Filling up the DagBag from /home/deprojectue/miniconda3/envs/airflow_demo/lib/python3.9/site-packages/airflow/example_dags/tutorial.py
[2024-01-31T08:51:40.250+0000] {processor.py:840} INFO - DAG(s) 'tutorial' retrieved from /home/deprojectue/miniconda3/envs/airflow_demo/lib/python3.9/site-packages/airflow/example_dags/tutorial.py
[2024-01-31T08:51:40.464+0000] {logging_mixin.py:188} INFO - [2024-01-31T08:51:40.464+0000] {dag.py:3033} INFO - Sync 1 DAGs
[2024-01-31T08:51:40.491+0000] {logging_mixin.py:188} INFO - [2024-01-31T08:51:40.491+0000] {dag.py:3820} INFO - Setting next_dagrun for tutorial to 2024-01-30T00:00:00+00:00, run_after=2024-01-31T00:00:00+00:00
[2024-01-31T08:51:40.522+0000] {processor.py:183} INFO - Processing /home/deprojectue/miniconda3/envs/airflow_demo/lib/python3.9/site-packages/airflow/example_dags/tutorial.py took 0.303 seconds
[2024-01-31T08:52:30.338+0000] {processor.py:161} INFO - Started process (PID=215409) to work on /home/deprojectue/miniconda3/envs/airflow_demo/lib/python3.9/site-packages/airflow/example_dags/tutorial.py
[2024-01-31T08:52:30.341+0000] {processor.py:830} INFO - Processing file /home/deprojectue/miniconda3/envs/airflow_demo/lib/python3.9/site-packages/airflow/example_dags/tutorial.py for tasks to queue
[2024-01-31T08:52:30.344+0000] {logging_mixin.py:188} INFO - [2024-01-31T08:52:30.343+0000] {dagbag.py:538} INFO - Filling up the DagBag from /home/deprojectue/miniconda3/envs/airflow_demo/lib/python3.9/site-packages/airflow/example_dags/tutorial.py
[2024-01-31T08:52:30.353+0000] {processor.py:840} INFO - DAG(s) 'tutorial' retrieved from /home/deprojectue/miniconda3/envs/airflow_demo/lib/python3.9/site-packages/airflow/example_dags/tutorial.py
[2024-01-31T08:52:30.372+0000] {logging_mixin.py:188} INFO - [2024-01-31T08:52:30.372+0000] {dag.py:3033} INFO - Sync 1 DAGs
[2024-01-31T08:52:30.392+0000] {logging_mixin.py:188} INFO - [2024-01-31T08:52:30.392+0000] {dag.py:3820} INFO - Setting next_dagrun for tutorial to 2024-01-30T00:00:00+00:00, run_after=2024-01-31T00:00:00+00:00
[2024-01-31T08:52:30.415+0000] {processor.py:183} INFO - Processing /home/deprojectue/miniconda3/envs/airflow_demo/lib/python3.9/site-packages/airflow/example_dags/tutorial.py took 0.081 seconds
[2024-01-31T08:53:10.256+0000] {processor.py:161} INFO - Started process (PID=215451) to work on /home/deprojectue/miniconda3/envs/airflow_demo/lib/python3.9/site-packages/airflow/example_dags/tutorial.py
[2024-01-31T08:53:10.258+0000] {processor.py:830} INFO - Processing file /home/deprojectue/miniconda3/envs/airflow_demo/lib/python3.9/site-packages/airflow/example_dags/tutorial.py for tasks to queue
[2024-01-31T08:53:10.261+0000] {logging_mixin.py:188} INFO - [2024-01-31T08:53:10.261+0000] {dagbag.py:538} INFO - Filling up the DagBag from /home/deprojectue/miniconda3/envs/airflow_demo/lib/python3.9/site-packages/airflow/example_dags/tutorial.py
[2024-01-31T08:53:10.271+0000] {processor.py:840} INFO - DAG(s) 'tutorial' retrieved from /home/deprojectue/miniconda3/envs/airflow_demo/lib/python3.9/site-packages/airflow/example_dags/tutorial.py
[2024-01-31T08:53:10.290+0000] {logging_mixin.py:188} INFO - [2024-01-31T08:53:10.290+0000] {dag.py:3033} INFO - Sync 1 DAGs
[2024-01-31T08:53:10.310+0000] {logging_mixin.py:188} INFO - [2024-01-31T08:53:10.310+0000] {dag.py:3820} INFO - Setting next_dagrun for tutorial to 2024-01-30T00:00:00+00:00, run_after=2024-01-31T00:00:00+00:00
[2024-01-31T08:53:10.335+0000] {processor.py:183} INFO - Processing /home/deprojectue/miniconda3/envs/airflow_demo/lib/python3.9/site-packages/airflow/example_dags/tutorial.py took 0.084 seconds
[2024-01-31T08:53:51.527+0000] {processor.py:161} INFO - Started process (PID=215493) to work on /home/deprojectue/miniconda3/envs/airflow_demo/lib/python3.9/site-packages/airflow/example_dags/tutorial.py
[2024-01-31T08:53:51.528+0000] {processor.py:830} INFO - Processing file /home/deprojectue/miniconda3/envs/airflow_demo/lib/python3.9/site-packages/airflow/example_dags/tutorial.py for tasks to queue
[2024-01-31T08:53:51.532+0000] {logging_mixin.py:188} INFO - [2024-01-31T08:53:51.531+0000] {dagbag.py:538} INFO - Filling up the DagBag from /home/deprojectue/miniconda3/envs/airflow_demo/lib/python3.9/site-packages/airflow/example_dags/tutorial.py
[2024-01-31T08:53:51.542+0000] {processor.py:840} INFO - DAG(s) 'tutorial' retrieved from /home/deprojectue/miniconda3/envs/airflow_demo/lib/python3.9/site-packages/airflow/example_dags/tutorial.py
[2024-01-31T08:53:51.563+0000] {logging_mixin.py:188} INFO - [2024-01-31T08:53:51.563+0000] {dag.py:3033} INFO - Sync 1 DAGs
[2024-01-31T08:53:51.584+0000] {logging_mixin.py:188} INFO - [2024-01-31T08:53:51.584+0000] {dag.py:3820} INFO - Setting next_dagrun for tutorial to 2024-01-30T00:00:00+00:00, run_after=2024-01-31T00:00:00+00:00
[2024-01-31T08:53:51.611+0000] {processor.py:183} INFO - Processing /home/deprojectue/miniconda3/envs/airflow_demo/lib/python3.9/site-packages/airflow/example_dags/tutorial.py took 0.089 seconds
[2024-01-31T08:54:32.960+0000] {processor.py:161} INFO - Started process (PID=215537) to work on /home/deprojectue/miniconda3/envs/airflow_demo/lib/python3.9/site-packages/airflow/example_dags/tutorial.py
[2024-01-31T08:54:32.962+0000] {processor.py:830} INFO - Processing file /home/deprojectue/miniconda3/envs/airflow_demo/lib/python3.9/site-packages/airflow/example_dags/tutorial.py for tasks to queue
[2024-01-31T08:54:32.965+0000] {logging_mixin.py:188} INFO - [2024-01-31T08:54:32.965+0000] {dagbag.py:538} INFO - Filling up the DagBag from /home/deprojectue/miniconda3/envs/airflow_demo/lib/python3.9/site-packages/airflow/example_dags/tutorial.py
[2024-01-31T08:54:32.975+0000] {processor.py:840} INFO - DAG(s) 'tutorial' retrieved from /home/deprojectue/miniconda3/envs/airflow_demo/lib/python3.9/site-packages/airflow/example_dags/tutorial.py
[2024-01-31T08:54:32.996+0000] {logging_mixin.py:188} INFO - [2024-01-31T08:54:32.995+0000] {dag.py:3033} INFO - Sync 1 DAGs
[2024-01-31T08:54:33.016+0000] {logging_mixin.py:188} INFO - [2024-01-31T08:54:33.016+0000] {dag.py:3820} INFO - Setting next_dagrun for tutorial to 2024-01-30T00:00:00+00:00, run_after=2024-01-31T00:00:00+00:00
[2024-01-31T08:54:33.043+0000] {processor.py:183} INFO - Processing /home/deprojectue/miniconda3/envs/airflow_demo/lib/python3.9/site-packages/airflow/example_dags/tutorial.py took 0.087 seconds
[2024-01-31T08:55:14.613+0000] {processor.py:161} INFO - Started process (PID=215580) to work on /home/deprojectue/miniconda3/envs/airflow_demo/lib/python3.9/site-packages/airflow/example_dags/tutorial.py
[2024-01-31T08:55:14.615+0000] {processor.py:830} INFO - Processing file /home/deprojectue/miniconda3/envs/airflow_demo/lib/python3.9/site-packages/airflow/example_dags/tutorial.py for tasks to queue
[2024-01-31T08:55:14.618+0000] {logging_mixin.py:188} INFO - [2024-01-31T08:55:14.618+0000] {dagbag.py:538} INFO - Filling up the DagBag from /home/deprojectue/miniconda3/envs/airflow_demo/lib/python3.9/site-packages/airflow/example_dags/tutorial.py
[2024-01-31T08:55:14.628+0000] {processor.py:840} INFO - DAG(s) 'tutorial' retrieved from /home/deprojectue/miniconda3/envs/airflow_demo/lib/python3.9/site-packages/airflow/example_dags/tutorial.py
[2024-01-31T08:55:14.647+0000] {logging_mixin.py:188} INFO - [2024-01-31T08:55:14.647+0000] {dag.py:3033} INFO - Sync 1 DAGs
[2024-01-31T08:55:14.667+0000] {logging_mixin.py:188} INFO - [2024-01-31T08:55:14.667+0000] {dag.py:3820} INFO - Setting next_dagrun for tutorial to 2024-01-30T00:00:00+00:00, run_after=2024-01-31T00:00:00+00:00
[2024-01-31T08:55:14.693+0000] {processor.py:183} INFO - Processing /home/deprojectue/miniconda3/envs/airflow_demo/lib/python3.9/site-packages/airflow/example_dags/tutorial.py took 0.084 seconds
[2024-01-31T08:55:54.030+0000] {processor.py:161} INFO - Started process (PID=215622) to work on /home/deprojectue/miniconda3/envs/airflow_demo/lib/python3.9/site-packages/airflow/example_dags/tutorial.py
[2024-01-31T08:55:54.032+0000] {processor.py:830} INFO - Processing file /home/deprojectue/miniconda3/envs/airflow_demo/lib/python3.9/site-packages/airflow/example_dags/tutorial.py for tasks to queue
[2024-01-31T08:55:54.036+0000] {logging_mixin.py:188} INFO - [2024-01-31T08:55:54.035+0000] {dagbag.py:538} INFO - Filling up the DagBag from /home/deprojectue/miniconda3/envs/airflow_demo/lib/python3.9/site-packages/airflow/example_dags/tutorial.py
[2024-01-31T08:55:54.045+0000] {processor.py:840} INFO - DAG(s) 'tutorial' retrieved from /home/deprojectue/miniconda3/envs/airflow_demo/lib/python3.9/site-packages/airflow/example_dags/tutorial.py
[2024-01-31T08:55:54.066+0000] {logging_mixin.py:188} INFO - [2024-01-31T08:55:54.065+0000] {dag.py:3033} INFO - Sync 1 DAGs
[2024-01-31T08:55:54.087+0000] {logging_mixin.py:188} INFO - [2024-01-31T08:55:54.087+0000] {dag.py:3820} INFO - Setting next_dagrun for tutorial to 2024-01-30T00:00:00+00:00, run_after=2024-01-31T00:00:00+00:00
[2024-01-31T08:55:54.112+0000] {processor.py:183} INFO - Processing /home/deprojectue/miniconda3/envs/airflow_demo/lib/python3.9/site-packages/airflow/example_dags/tutorial.py took 0.086 seconds
[2024-01-31T08:56:30.343+0000] {processor.py:161} INFO - Started process (PID=215672) to work on /home/deprojectue/miniconda3/envs/airflow_demo/lib/python3.9/site-packages/airflow/example_dags/tutorial.py
[2024-01-31T08:56:30.346+0000] {processor.py:830} INFO - Processing file /home/deprojectue/miniconda3/envs/airflow_demo/lib/python3.9/site-packages/airflow/example_dags/tutorial.py for tasks to queue
[2024-01-31T08:56:30.349+0000] {logging_mixin.py:188} INFO - [2024-01-31T08:56:30.349+0000] {dagbag.py:538} INFO - Filling up the DagBag from /home/deprojectue/miniconda3/envs/airflow_demo/lib/python3.9/site-packages/airflow/example_dags/tutorial.py
[2024-01-31T08:56:30.360+0000] {processor.py:840} INFO - DAG(s) 'tutorial' retrieved from /home/deprojectue/miniconda3/envs/airflow_demo/lib/python3.9/site-packages/airflow/example_dags/tutorial.py
[2024-01-31T08:56:30.382+0000] {logging_mixin.py:188} INFO - [2024-01-31T08:56:30.381+0000] {dag.py:3033} INFO - Sync 1 DAGs
[2024-01-31T08:56:30.402+0000] {logging_mixin.py:188} INFO - [2024-01-31T08:56:30.401+0000] {dag.py:3820} INFO - Setting next_dagrun for tutorial to 2024-01-30T00:00:00+00:00, run_after=2024-01-31T00:00:00+00:00
[2024-01-31T08:56:30.427+0000] {processor.py:183} INFO - Processing /home/deprojectue/miniconda3/envs/airflow_demo/lib/python3.9/site-packages/airflow/example_dags/tutorial.py took 0.088 seconds
[2024-01-31T08:57:09.984+0000] {processor.py:161} INFO - Started process (PID=215718) to work on /home/deprojectue/miniconda3/envs/airflow_demo/lib/python3.9/site-packages/airflow/example_dags/tutorial.py
[2024-01-31T08:57:09.986+0000] {processor.py:830} INFO - Processing file /home/deprojectue/miniconda3/envs/airflow_demo/lib/python3.9/site-packages/airflow/example_dags/tutorial.py for tasks to queue
[2024-01-31T08:57:09.990+0000] {logging_mixin.py:188} INFO - [2024-01-31T08:57:09.990+0000] {dagbag.py:538} INFO - Filling up the DagBag from /home/deprojectue/miniconda3/envs/airflow_demo/lib/python3.9/site-packages/airflow/example_dags/tutorial.py
[2024-01-31T08:57:10.000+0000] {processor.py:840} INFO - DAG(s) 'tutorial' retrieved from /home/deprojectue/miniconda3/envs/airflow_demo/lib/python3.9/site-packages/airflow/example_dags/tutorial.py
[2024-01-31T08:57:10.021+0000] {logging_mixin.py:188} INFO - [2024-01-31T08:57:10.021+0000] {dag.py:3033} INFO - Sync 1 DAGs
[2024-01-31T08:57:10.042+0000] {logging_mixin.py:188} INFO - [2024-01-31T08:57:10.042+0000] {dag.py:3820} INFO - Setting next_dagrun for tutorial to 2024-01-30T00:00:00+00:00, run_after=2024-01-31T00:00:00+00:00
[2024-01-31T08:57:10.069+0000] {processor.py:183} INFO - Processing /home/deprojectue/miniconda3/envs/airflow_demo/lib/python3.9/site-packages/airflow/example_dags/tutorial.py took 0.089 seconds
[2024-01-31T08:57:45.683+0000] {processor.py:161} INFO - Started process (PID=215756) to work on /home/deprojectue/miniconda3/envs/airflow_demo/lib/python3.9/site-packages/airflow/example_dags/tutorial.py
[2024-01-31T08:57:45.684+0000] {processor.py:830} INFO - Processing file /home/deprojectue/miniconda3/envs/airflow_demo/lib/python3.9/site-packages/airflow/example_dags/tutorial.py for tasks to queue
[2024-01-31T08:57:45.688+0000] {logging_mixin.py:188} INFO - [2024-01-31T08:57:45.687+0000] {dagbag.py:538} INFO - Filling up the DagBag from /home/deprojectue/miniconda3/envs/airflow_demo/lib/python3.9/site-packages/airflow/example_dags/tutorial.py
[2024-01-31T08:57:45.698+0000] {processor.py:840} INFO - DAG(s) 'tutorial' retrieved from /home/deprojectue/miniconda3/envs/airflow_demo/lib/python3.9/site-packages/airflow/example_dags/tutorial.py
[2024-01-31T08:57:45.723+0000] {logging_mixin.py:188} INFO - [2024-01-31T08:57:45.723+0000] {dag.py:3033} INFO - Sync 1 DAGs
[2024-01-31T08:57:45.745+0000] {logging_mixin.py:188} INFO - [2024-01-31T08:57:45.744+0000] {dag.py:3820} INFO - Setting next_dagrun for tutorial to 2024-01-30T00:00:00+00:00, run_after=2024-01-31T00:00:00+00:00
[2024-01-31T08:57:45.776+0000] {processor.py:183} INFO - Processing /home/deprojectue/miniconda3/envs/airflow_demo/lib/python3.9/site-packages/airflow/example_dags/tutorial.py took 0.097 seconds
[2024-01-31T08:58:24.105+0000] {processor.py:161} INFO - Started process (PID=215794) to work on /home/deprojectue/miniconda3/envs/airflow_demo/lib/python3.9/site-packages/airflow/example_dags/tutorial.py
[2024-01-31T08:58:24.107+0000] {processor.py:830} INFO - Processing file /home/deprojectue/miniconda3/envs/airflow_demo/lib/python3.9/site-packages/airflow/example_dags/tutorial.py for tasks to queue
[2024-01-31T08:58:24.110+0000] {logging_mixin.py:188} INFO - [2024-01-31T08:58:24.110+0000] {dagbag.py:538} INFO - Filling up the DagBag from /home/deprojectue/miniconda3/envs/airflow_demo/lib/python3.9/site-packages/airflow/example_dags/tutorial.py
[2024-01-31T08:58:24.120+0000] {processor.py:840} INFO - DAG(s) 'tutorial' retrieved from /home/deprojectue/miniconda3/envs/airflow_demo/lib/python3.9/site-packages/airflow/example_dags/tutorial.py
[2024-01-31T08:58:24.141+0000] {logging_mixin.py:188} INFO - [2024-01-31T08:58:24.140+0000] {dag.py:3033} INFO - Sync 1 DAGs
[2024-01-31T08:58:24.160+0000] {logging_mixin.py:188} INFO - [2024-01-31T08:58:24.160+0000] {dag.py:3820} INFO - Setting next_dagrun for tutorial to 2024-01-30T00:00:00+00:00, run_after=2024-01-31T00:00:00+00:00
[2024-01-31T08:58:24.184+0000] {processor.py:183} INFO - Processing /home/deprojectue/miniconda3/envs/airflow_demo/lib/python3.9/site-packages/airflow/example_dags/tutorial.py took 0.084 seconds
[2024-01-31T08:59:05.670+0000] {processor.py:161} INFO - Started process (PID=215856) to work on /home/deprojectue/miniconda3/envs/airflow_demo/lib/python3.9/site-packages/airflow/example_dags/tutorial.py
[2024-01-31T08:59:05.673+0000] {processor.py:830} INFO - Processing file /home/deprojectue/miniconda3/envs/airflow_demo/lib/python3.9/site-packages/airflow/example_dags/tutorial.py for tasks to queue
[2024-01-31T08:59:05.676+0000] {logging_mixin.py:188} INFO - [2024-01-31T08:59:05.676+0000] {dagbag.py:538} INFO - Filling up the DagBag from /home/deprojectue/miniconda3/envs/airflow_demo/lib/python3.9/site-packages/airflow/example_dags/tutorial.py
[2024-01-31T08:59:05.686+0000] {processor.py:840} INFO - DAG(s) 'tutorial' retrieved from /home/deprojectue/miniconda3/envs/airflow_demo/lib/python3.9/site-packages/airflow/example_dags/tutorial.py
[2024-01-31T08:59:05.706+0000] {logging_mixin.py:188} INFO - [2024-01-31T08:59:05.706+0000] {dag.py:3033} INFO - Sync 1 DAGs
[2024-01-31T08:59:05.725+0000] {logging_mixin.py:188} INFO - [2024-01-31T08:59:05.725+0000] {dag.py:3820} INFO - Setting next_dagrun for tutorial to 2024-01-30T00:00:00+00:00, run_after=2024-01-31T00:00:00+00:00
[2024-01-31T08:59:05.751+0000] {processor.py:183} INFO - Processing /home/deprojectue/miniconda3/envs/airflow_demo/lib/python3.9/site-packages/airflow/example_dags/tutorial.py took 0.085 seconds
[2024-01-31T08:59:45.009+0000] {processor.py:161} INFO - Started process (PID=215898) to work on /home/deprojectue/miniconda3/envs/airflow_demo/lib/python3.9/site-packages/airflow/example_dags/tutorial.py
[2024-01-31T08:59:45.011+0000] {processor.py:830} INFO - Processing file /home/deprojectue/miniconda3/envs/airflow_demo/lib/python3.9/site-packages/airflow/example_dags/tutorial.py for tasks to queue
[2024-01-31T08:59:45.014+0000] {logging_mixin.py:188} INFO - [2024-01-31T08:59:45.014+0000] {dagbag.py:538} INFO - Filling up the DagBag from /home/deprojectue/miniconda3/envs/airflow_demo/lib/python3.9/site-packages/airflow/example_dags/tutorial.py
[2024-01-31T08:59:45.025+0000] {processor.py:840} INFO - DAG(s) 'tutorial' retrieved from /home/deprojectue/miniconda3/envs/airflow_demo/lib/python3.9/site-packages/airflow/example_dags/tutorial.py
[2024-01-31T08:59:45.046+0000] {logging_mixin.py:188} INFO - [2024-01-31T08:59:45.046+0000] {dag.py:3033} INFO - Sync 1 DAGs
[2024-01-31T08:59:45.067+0000] {logging_mixin.py:188} INFO - [2024-01-31T08:59:45.067+0000] {dag.py:3820} INFO - Setting next_dagrun for tutorial to 2024-01-30T00:00:00+00:00, run_after=2024-01-31T00:00:00+00:00
[2024-01-31T08:59:45.092+0000] {processor.py:183} INFO - Processing /home/deprojectue/miniconda3/envs/airflow_demo/lib/python3.9/site-packages/airflow/example_dags/tutorial.py took 0.088 seconds
[2024-01-31T09:00:23.036+0000] {processor.py:161} INFO - Started process (PID=215938) to work on /home/deprojectue/miniconda3/envs/airflow_demo/lib/python3.9/site-packages/airflow/example_dags/tutorial.py
[2024-01-31T09:00:23.038+0000] {processor.py:830} INFO - Processing file /home/deprojectue/miniconda3/envs/airflow_demo/lib/python3.9/site-packages/airflow/example_dags/tutorial.py for tasks to queue
[2024-01-31T09:00:23.041+0000] {logging_mixin.py:188} INFO - [2024-01-31T09:00:23.040+0000] {dagbag.py:538} INFO - Filling up the DagBag from /home/deprojectue/miniconda3/envs/airflow_demo/lib/python3.9/site-packages/airflow/example_dags/tutorial.py
[2024-01-31T09:00:23.051+0000] {processor.py:840} INFO - DAG(s) 'tutorial' retrieved from /home/deprojectue/miniconda3/envs/airflow_demo/lib/python3.9/site-packages/airflow/example_dags/tutorial.py
[2024-01-31T09:00:23.072+0000] {logging_mixin.py:188} INFO - [2024-01-31T09:00:23.072+0000] {dag.py:3033} INFO - Sync 1 DAGs
[2024-01-31T09:00:23.092+0000] {logging_mixin.py:188} INFO - [2024-01-31T09:00:23.092+0000] {dag.py:3820} INFO - Setting next_dagrun for tutorial to 2024-01-30T00:00:00+00:00, run_after=2024-01-31T00:00:00+00:00
[2024-01-31T09:00:23.118+0000] {processor.py:183} INFO - Processing /home/deprojectue/miniconda3/envs/airflow_demo/lib/python3.9/site-packages/airflow/example_dags/tutorial.py took 0.087 seconds
[2024-01-31T09:01:00.266+0000] {processor.py:161} INFO - Started process (PID=215976) to work on /home/deprojectue/miniconda3/envs/airflow_demo/lib/python3.9/site-packages/airflow/example_dags/tutorial.py
[2024-01-31T09:01:00.269+0000] {processor.py:830} INFO - Processing file /home/deprojectue/miniconda3/envs/airflow_demo/lib/python3.9/site-packages/airflow/example_dags/tutorial.py for tasks to queue
[2024-01-31T09:01:00.272+0000] {logging_mixin.py:188} INFO - [2024-01-31T09:01:00.271+0000] {dagbag.py:538} INFO - Filling up the DagBag from /home/deprojectue/miniconda3/envs/airflow_demo/lib/python3.9/site-packages/airflow/example_dags/tutorial.py
[2024-01-31T09:01:00.282+0000] {processor.py:840} INFO - DAG(s) 'tutorial' retrieved from /home/deprojectue/miniconda3/envs/airflow_demo/lib/python3.9/site-packages/airflow/example_dags/tutorial.py
[2024-01-31T09:01:00.302+0000] {logging_mixin.py:188} INFO - [2024-01-31T09:01:00.302+0000] {dag.py:3033} INFO - Sync 1 DAGs
[2024-01-31T09:01:00.325+0000] {logging_mixin.py:188} INFO - [2024-01-31T09:01:00.324+0000] {dag.py:3820} INFO - Setting next_dagrun for tutorial to 2024-01-30T00:00:00+00:00, run_after=2024-01-31T00:00:00+00:00
[2024-01-31T09:01:00.353+0000] {processor.py:183} INFO - Processing /home/deprojectue/miniconda3/envs/airflow_demo/lib/python3.9/site-packages/airflow/example_dags/tutorial.py took 0.091 seconds
[2024-01-31T09:01:38.968+0000] {processor.py:161} INFO - Started process (PID=216017) to work on /home/deprojectue/miniconda3/envs/airflow_demo/lib/python3.9/site-packages/airflow/example_dags/tutorial.py
[2024-01-31T09:01:38.970+0000] {processor.py:830} INFO - Processing file /home/deprojectue/miniconda3/envs/airflow_demo/lib/python3.9/site-packages/airflow/example_dags/tutorial.py for tasks to queue
[2024-01-31T09:01:38.974+0000] {logging_mixin.py:188} INFO - [2024-01-31T09:01:38.973+0000] {dagbag.py:538} INFO - Filling up the DagBag from /home/deprojectue/miniconda3/envs/airflow_demo/lib/python3.9/site-packages/airflow/example_dags/tutorial.py
[2024-01-31T09:01:38.985+0000] {processor.py:840} INFO - DAG(s) 'tutorial' retrieved from /home/deprojectue/miniconda3/envs/airflow_demo/lib/python3.9/site-packages/airflow/example_dags/tutorial.py
[2024-01-31T09:01:39.007+0000] {logging_mixin.py:188} INFO - [2024-01-31T09:01:39.006+0000] {dag.py:3033} INFO - Sync 1 DAGs
[2024-01-31T09:01:39.027+0000] {logging_mixin.py:188} INFO - [2024-01-31T09:01:39.027+0000] {dag.py:3820} INFO - Setting next_dagrun for tutorial to 2024-01-30T00:00:00+00:00, run_after=2024-01-31T00:00:00+00:00
[2024-01-31T09:01:39.053+0000] {processor.py:183} INFO - Processing /home/deprojectue/miniconda3/envs/airflow_demo/lib/python3.9/site-packages/airflow/example_dags/tutorial.py took 0.089 seconds
[2024-01-31T09:02:15.677+0000] {processor.py:161} INFO - Started process (PID=216056) to work on /home/deprojectue/miniconda3/envs/airflow_demo/lib/python3.9/site-packages/airflow/example_dags/tutorial.py
[2024-01-31T09:02:15.679+0000] {processor.py:830} INFO - Processing file /home/deprojectue/miniconda3/envs/airflow_demo/lib/python3.9/site-packages/airflow/example_dags/tutorial.py for tasks to queue
[2024-01-31T09:02:15.683+0000] {logging_mixin.py:188} INFO - [2024-01-31T09:02:15.682+0000] {dagbag.py:538} INFO - Filling up the DagBag from /home/deprojectue/miniconda3/envs/airflow_demo/lib/python3.9/site-packages/airflow/example_dags/tutorial.py
[2024-01-31T09:02:15.692+0000] {processor.py:840} INFO - DAG(s) 'tutorial' retrieved from /home/deprojectue/miniconda3/envs/airflow_demo/lib/python3.9/site-packages/airflow/example_dags/tutorial.py
[2024-01-31T09:02:15.712+0000] {logging_mixin.py:188} INFO - [2024-01-31T09:02:15.711+0000] {dag.py:3033} INFO - Sync 1 DAGs
[2024-01-31T09:02:15.732+0000] {logging_mixin.py:188} INFO - [2024-01-31T09:02:15.732+0000] {dag.py:3820} INFO - Setting next_dagrun for tutorial to 2024-01-30T00:00:00+00:00, run_after=2024-01-31T00:00:00+00:00
[2024-01-31T09:02:15.758+0000] {processor.py:183} INFO - Processing /home/deprojectue/miniconda3/envs/airflow_demo/lib/python3.9/site-packages/airflow/example_dags/tutorial.py took 0.085 seconds
[2024-01-31T09:02:53.226+0000] {processor.py:161} INFO - Started process (PID=216097) to work on /home/deprojectue/miniconda3/envs/airflow_demo/lib/python3.9/site-packages/airflow/example_dags/tutorial.py
[2024-01-31T09:02:53.228+0000] {processor.py:830} INFO - Processing file /home/deprojectue/miniconda3/envs/airflow_demo/lib/python3.9/site-packages/airflow/example_dags/tutorial.py for tasks to queue
[2024-01-31T09:02:53.232+0000] {logging_mixin.py:188} INFO - [2024-01-31T09:02:53.231+0000] {dagbag.py:538} INFO - Filling up the DagBag from /home/deprojectue/miniconda3/envs/airflow_demo/lib/python3.9/site-packages/airflow/example_dags/tutorial.py
[2024-01-31T09:02:53.242+0000] {processor.py:840} INFO - DAG(s) 'tutorial' retrieved from /home/deprojectue/miniconda3/envs/airflow_demo/lib/python3.9/site-packages/airflow/example_dags/tutorial.py
[2024-01-31T09:02:53.262+0000] {logging_mixin.py:188} INFO - [2024-01-31T09:02:53.262+0000] {dag.py:3033} INFO - Sync 1 DAGs
[2024-01-31T09:02:53.282+0000] {logging_mixin.py:188} INFO - [2024-01-31T09:02:53.281+0000] {dag.py:3820} INFO - Setting next_dagrun for tutorial to 2024-01-30T00:00:00+00:00, run_after=2024-01-31T00:00:00+00:00
[2024-01-31T09:02:53.307+0000] {processor.py:183} INFO - Processing /home/deprojectue/miniconda3/envs/airflow_demo/lib/python3.9/site-packages/airflow/example_dags/tutorial.py took 0.085 seconds
[2024-01-31T09:03:29.453+0000] {processor.py:161} INFO - Started process (PID=216133) to work on /home/deprojectue/miniconda3/envs/airflow_demo/lib/python3.9/site-packages/airflow/example_dags/tutorial.py
[2024-01-31T09:03:29.455+0000] {processor.py:830} INFO - Processing file /home/deprojectue/miniconda3/envs/airflow_demo/lib/python3.9/site-packages/airflow/example_dags/tutorial.py for tasks to queue
[2024-01-31T09:03:29.459+0000] {logging_mixin.py:188} INFO - [2024-01-31T09:03:29.458+0000] {dagbag.py:538} INFO - Filling up the DagBag from /home/deprojectue/miniconda3/envs/airflow_demo/lib/python3.9/site-packages/airflow/example_dags/tutorial.py
[2024-01-31T09:03:29.469+0000] {processor.py:840} INFO - DAG(s) 'tutorial' retrieved from /home/deprojectue/miniconda3/envs/airflow_demo/lib/python3.9/site-packages/airflow/example_dags/tutorial.py
[2024-01-31T09:03:29.490+0000] {logging_mixin.py:188} INFO - [2024-01-31T09:03:29.490+0000] {dag.py:3033} INFO - Sync 1 DAGs
[2024-01-31T09:03:29.512+0000] {logging_mixin.py:188} INFO - [2024-01-31T09:03:29.512+0000] {dag.py:3820} INFO - Setting next_dagrun for tutorial to 2024-01-30T00:00:00+00:00, run_after=2024-01-31T00:00:00+00:00
[2024-01-31T09:03:29.541+0000] {processor.py:183} INFO - Processing /home/deprojectue/miniconda3/envs/airflow_demo/lib/python3.9/site-packages/airflow/example_dags/tutorial.py took 0.092 seconds
[2024-01-31T09:04:04.238+0000] {processor.py:161} INFO - Started process (PID=216171) to work on /home/deprojectue/miniconda3/envs/airflow_demo/lib/python3.9/site-packages/airflow/example_dags/tutorial.py
[2024-01-31T09:04:04.240+0000] {processor.py:830} INFO - Processing file /home/deprojectue/miniconda3/envs/airflow_demo/lib/python3.9/site-packages/airflow/example_dags/tutorial.py for tasks to queue
[2024-01-31T09:04:04.243+0000] {logging_mixin.py:188} INFO - [2024-01-31T09:04:04.243+0000] {dagbag.py:538} INFO - Filling up the DagBag from /home/deprojectue/miniconda3/envs/airflow_demo/lib/python3.9/site-packages/airflow/example_dags/tutorial.py
[2024-01-31T09:04:04.254+0000] {processor.py:840} INFO - DAG(s) 'tutorial' retrieved from /home/deprojectue/miniconda3/envs/airflow_demo/lib/python3.9/site-packages/airflow/example_dags/tutorial.py
[2024-01-31T09:04:04.275+0000] {logging_mixin.py:188} INFO - [2024-01-31T09:04:04.274+0000] {dag.py:3033} INFO - Sync 1 DAGs
[2024-01-31T09:04:04.295+0000] {logging_mixin.py:188} INFO - [2024-01-31T09:04:04.295+0000] {dag.py:3820} INFO - Setting next_dagrun for tutorial to 2024-01-30T00:00:00+00:00, run_after=2024-01-31T00:00:00+00:00
[2024-01-31T09:04:04.320+0000] {processor.py:183} INFO - Processing /home/deprojectue/miniconda3/envs/airflow_demo/lib/python3.9/site-packages/airflow/example_dags/tutorial.py took 0.087 seconds
[2024-01-31T09:04:40.352+0000] {processor.py:161} INFO - Started process (PID=216211) to work on /home/deprojectue/miniconda3/envs/airflow_demo/lib/python3.9/site-packages/airflow/example_dags/tutorial.py
[2024-01-31T09:04:40.354+0000] {processor.py:830} INFO - Processing file /home/deprojectue/miniconda3/envs/airflow_demo/lib/python3.9/site-packages/airflow/example_dags/tutorial.py for tasks to queue
[2024-01-31T09:04:40.357+0000] {logging_mixin.py:188} INFO - [2024-01-31T09:04:40.357+0000] {dagbag.py:538} INFO - Filling up the DagBag from /home/deprojectue/miniconda3/envs/airflow_demo/lib/python3.9/site-packages/airflow/example_dags/tutorial.py
[2024-01-31T09:04:40.368+0000] {processor.py:840} INFO - DAG(s) 'tutorial' retrieved from /home/deprojectue/miniconda3/envs/airflow_demo/lib/python3.9/site-packages/airflow/example_dags/tutorial.py
[2024-01-31T09:04:40.388+0000] {logging_mixin.py:188} INFO - [2024-01-31T09:04:40.388+0000] {dag.py:3033} INFO - Sync 1 DAGs
[2024-01-31T09:04:40.409+0000] {logging_mixin.py:188} INFO - [2024-01-31T09:04:40.409+0000] {dag.py:3820} INFO - Setting next_dagrun for tutorial to 2024-01-30T00:00:00+00:00, run_after=2024-01-31T00:00:00+00:00
[2024-01-31T09:04:40.433+0000] {processor.py:183} INFO - Processing /home/deprojectue/miniconda3/envs/airflow_demo/lib/python3.9/site-packages/airflow/example_dags/tutorial.py took 0.085 seconds
[2024-01-31T09:05:19.639+0000] {processor.py:161} INFO - Started process (PID=216253) to work on /home/deprojectue/miniconda3/envs/airflow_demo/lib/python3.9/site-packages/airflow/example_dags/tutorial.py
[2024-01-31T09:05:19.641+0000] {processor.py:830} INFO - Processing file /home/deprojectue/miniconda3/envs/airflow_demo/lib/python3.9/site-packages/airflow/example_dags/tutorial.py for tasks to queue
[2024-01-31T09:05:19.645+0000] {logging_mixin.py:188} INFO - [2024-01-31T09:05:19.644+0000] {dagbag.py:538} INFO - Filling up the DagBag from /home/deprojectue/miniconda3/envs/airflow_demo/lib/python3.9/site-packages/airflow/example_dags/tutorial.py
[2024-01-31T09:05:19.655+0000] {processor.py:840} INFO - DAG(s) 'tutorial' retrieved from /home/deprojectue/miniconda3/envs/airflow_demo/lib/python3.9/site-packages/airflow/example_dags/tutorial.py
[2024-01-31T09:05:19.677+0000] {logging_mixin.py:188} INFO - [2024-01-31T09:05:19.677+0000] {dag.py:3033} INFO - Sync 1 DAGs
[2024-01-31T09:05:19.701+0000] {logging_mixin.py:188} INFO - [2024-01-31T09:05:19.700+0000] {dag.py:3820} INFO - Setting next_dagrun for tutorial to 2024-01-30T00:00:00+00:00, run_after=2024-01-31T00:00:00+00:00
[2024-01-31T09:05:19.727+0000] {processor.py:183} INFO - Processing /home/deprojectue/miniconda3/envs/airflow_demo/lib/python3.9/site-packages/airflow/example_dags/tutorial.py took 0.092 seconds
[2024-01-31T09:07:58.398+0000] {processor.py:161} INFO - Started process (PID=216360) to work on /home/deprojectue/miniconda3/envs/airflow_demo/lib/python3.9/site-packages/airflow/example_dags/tutorial.py
[2024-01-31T09:07:58.591+0000] {processor.py:830} INFO - Processing file /home/deprojectue/miniconda3/envs/airflow_demo/lib/python3.9/site-packages/airflow/example_dags/tutorial.py for tasks to queue
[2024-01-31T09:07:58.595+0000] {logging_mixin.py:188} INFO - [2024-01-31T09:07:58.595+0000] {dagbag.py:538} INFO - Filling up the DagBag from /home/deprojectue/miniconda3/envs/airflow_demo/lib/python3.9/site-packages/airflow/example_dags/tutorial.py
[2024-01-31T09:07:58.625+0000] {processor.py:840} INFO - DAG(s) 'tutorial' retrieved from /home/deprojectue/miniconda3/envs/airflow_demo/lib/python3.9/site-packages/airflow/example_dags/tutorial.py
[2024-01-31T09:07:58.853+0000] {logging_mixin.py:188} INFO - [2024-01-31T09:07:58.852+0000] {dag.py:3033} INFO - Sync 1 DAGs
[2024-01-31T09:07:58.893+0000] {logging_mixin.py:188} INFO - [2024-01-31T09:07:58.893+0000] {dag.py:3820} INFO - Setting next_dagrun for tutorial to 2024-01-30T00:00:00+00:00, run_after=2024-01-31T00:00:00+00:00
[2024-01-31T09:07:59.352+0000] {processor.py:183} INFO - Processing /home/deprojectue/miniconda3/envs/airflow_demo/lib/python3.9/site-packages/airflow/example_dags/tutorial.py took 0.972 seconds
[2024-01-31T09:34:00.168+0000] {processor.py:161} INFO - Started process (PID=216843) to work on /home/deprojectue/miniconda3/envs/airflow_demo/lib/python3.9/site-packages/airflow/example_dags/tutorial.py
[2024-01-31T09:34:00.171+0000] {processor.py:830} INFO - Processing file /home/deprojectue/miniconda3/envs/airflow_demo/lib/python3.9/site-packages/airflow/example_dags/tutorial.py for tasks to queue
[2024-01-31T09:34:00.175+0000] {logging_mixin.py:188} INFO - [2024-01-31T09:34:00.174+0000] {dagbag.py:538} INFO - Filling up the DagBag from /home/deprojectue/miniconda3/envs/airflow_demo/lib/python3.9/site-packages/airflow/example_dags/tutorial.py
[2024-01-31T09:34:00.197+0000] {processor.py:840} INFO - DAG(s) 'tutorial' retrieved from /home/deprojectue/miniconda3/envs/airflow_demo/lib/python3.9/site-packages/airflow/example_dags/tutorial.py
[2024-01-31T09:34:00.825+0000] {logging_mixin.py:188} INFO - [2024-01-31T09:34:00.823+0000] {override.py:1769} INFO - Created Permission View: can edit on DAG:tutorial
[2024-01-31T09:34:00.871+0000] {logging_mixin.py:188} INFO - [2024-01-31T09:34:00.870+0000] {override.py:1769} INFO - Created Permission View: can read on DAG:tutorial
[2024-01-31T09:34:00.887+0000] {logging_mixin.py:188} INFO - [2024-01-31T09:34:00.887+0000] {override.py:1769} INFO - Created Permission View: can delete on DAG:tutorial
[2024-01-31T09:34:00.888+0000] {logging_mixin.py:188} INFO - [2024-01-31T09:34:00.888+0000] {dag.py:3033} INFO - Sync 1 DAGs
[2024-01-31T09:34:00.904+0000] {logging_mixin.py:188} INFO - [2024-01-31T09:34:00.904+0000] {dag.py:3055} INFO - Creating ORM DAG for tutorial
[2024-01-31T09:34:00.918+0000] {logging_mixin.py:188} INFO - [2024-01-31T09:34:00.917+0000] {dag.py:3820} INFO - Setting next_dagrun for tutorial to 2024-01-30T00:00:00+00:00, run_after=2024-01-31T00:00:00+00:00
[2024-01-31T09:34:00.970+0000] {processor.py:183} INFO - Processing /home/deprojectue/miniconda3/envs/airflow_demo/lib/python3.9/site-packages/airflow/example_dags/tutorial.py took 0.808 seconds
[2024-01-31T09:36:22.487+0000] {processor.py:161} INFO - Started process (PID=216914) to work on /home/deprojectue/miniconda3/envs/airflow_demo/lib/python3.9/site-packages/airflow/example_dags/tutorial.py
[2024-01-31T09:36:22.489+0000] {processor.py:830} INFO - Processing file /home/deprojectue/miniconda3/envs/airflow_demo/lib/python3.9/site-packages/airflow/example_dags/tutorial.py for tasks to queue
[2024-01-31T09:36:22.493+0000] {logging_mixin.py:188} INFO - [2024-01-31T09:36:22.492+0000] {dagbag.py:538} INFO - Filling up the DagBag from /home/deprojectue/miniconda3/envs/airflow_demo/lib/python3.9/site-packages/airflow/example_dags/tutorial.py
[2024-01-31T09:36:22.504+0000] {processor.py:840} INFO - DAG(s) 'tutorial' retrieved from /home/deprojectue/miniconda3/envs/airflow_demo/lib/python3.9/site-packages/airflow/example_dags/tutorial.py
[2024-01-31T09:36:22.525+0000] {logging_mixin.py:188} INFO - [2024-01-31T09:36:22.525+0000] {dag.py:3033} INFO - Sync 1 DAGs
[2024-01-31T09:36:22.547+0000] {logging_mixin.py:188} INFO - [2024-01-31T09:36:22.547+0000] {dag.py:3820} INFO - Setting next_dagrun for tutorial to 2024-01-30T00:00:00+00:00, run_after=2024-01-31T00:00:00+00:00
[2024-01-31T09:36:22.574+0000] {processor.py:183} INFO - Processing /home/deprojectue/miniconda3/envs/airflow_demo/lib/python3.9/site-packages/airflow/example_dags/tutorial.py took 0.092 seconds
