[2024-01-31T15:17:44.286+0000] {taskinstance.py:1957} INFO - Dependencies all met for dep_context=non-requeueable deps ti=<TaskInstance: stock_analysis_to_gcs_dag.process_and_save_data_to_gcs manual__2024-01-31T15:17:36.107128+00:00 [queued]>
[2024-01-31T15:17:44.290+0000] {taskinstance.py:1957} INFO - Dependencies all met for dep_context=requeueable deps ti=<TaskInstance: stock_analysis_to_gcs_dag.process_and_save_data_to_gcs manual__2024-01-31T15:17:36.107128+00:00 [queued]>
[2024-01-31T15:17:44.290+0000] {taskinstance.py:2171} INFO - Starting attempt 1 of 2
[2024-01-31T15:17:44.300+0000] {taskinstance.py:2192} INFO - Executing <Task(PythonOperator): process_and_save_data_to_gcs> on 2024-01-31 15:17:36.107128+00:00
[2024-01-31T15:17:44.303+0000] {standard_task_runner.py:60} INFO - Started process 6203 to run task
[2024-01-31T15:17:44.306+0000] {standard_task_runner.py:87} INFO - Running: ['airflow', 'tasks', 'run', 'stock_analysis_to_gcs_dag', 'process_and_save_data_to_gcs', 'manual__2024-01-31T15:17:36.107128+00:00', '--job-id', '86', '--raw', '--subdir', 'DAGS_FOLDER/stock_analysis_to_gcs_dag.py', '--cfg-path', '/tmp/tmpwd8vqzcz']
[2024-01-31T15:17:44.307+0000] {standard_task_runner.py:88} INFO - Job 86: Subtask process_and_save_data_to_gcs
[2024-01-31T15:17:44.330+0000] {task_command.py:423} INFO - Running <TaskInstance: stock_analysis_to_gcs_dag.process_and_save_data_to_gcs manual__2024-01-31T15:17:36.107128+00:00 [running]> on host de-airflow-vm-instance-1.europe-west10-a.c.dataengineeringfinal-411911.internal
[2024-01-31T15:17:44.374+0000] {taskinstance.py:2481} INFO - Exporting env vars: AIRFLOW_CTX_DAG_OWNER='airflow' AIRFLOW_CTX_DAG_ID='stock_analysis_to_gcs_dag' AIRFLOW_CTX_TASK_ID='process_and_save_data_to_gcs' AIRFLOW_CTX_EXECUTION_DATE='2024-01-31T15:17:36.107128+00:00' AIRFLOW_CTX_TRY_NUMBER='1' AIRFLOW_CTX_DAG_RUN_ID='manual__2024-01-31T15:17:36.107128+00:00'
[2024-01-31T15:17:44.378+0000] {logging_mixin.py:188} INFO - {'Information': 'Thank you for using Alpha Vantage! Our standard API rate limit is 25 requests per day. Please subscribe to any of the premium plans at https://www.alphavantage.co/premium/ to instantly remove all daily rate limits.'}
[2024-01-31T15:17:44.378+0000] {taskinstance.py:2699} ERROR - Task failed with exception
Traceback (most recent call last):
  File "/home/deprojectue/miniconda3/envs/airflow_demo/lib/python3.9/site-packages/airflow/models/taskinstance.py", line 433, in _execute_task
    result = execute_callable(context=context, **execute_callable_kwargs)
  File "/home/deprojectue/miniconda3/envs/airflow_demo/lib/python3.9/site-packages/airflow/operators/python.py", line 199, in execute
    return_value = self.execute_callable()
  File "/home/deprojectue/miniconda3/envs/airflow_demo/lib/python3.9/site-packages/airflow/operators/python.py", line 216, in execute_callable
    return self.python_callable(*self.op_args, **self.op_kwargs)
  File "/home/deprojectue/airflow_demo/dags/stock_analysis_to_gcs_dag.py", line 19, in process_and_save_to_gcs
    df = pd.DataFrame.from_dict(stock_data["Time Series (Daily)"], orient='index')
KeyError: 'Time Series (Daily)'
[2024-01-31T15:17:44.381+0000] {taskinstance.py:1138} INFO - Marking task as UP_FOR_RETRY. dag_id=stock_analysis_to_gcs_dag, task_id=process_and_save_data_to_gcs, execution_date=20240131T151736, start_date=20240131T151744, end_date=20240131T151744
[2024-01-31T15:17:44.389+0000] {standard_task_runner.py:107} ERROR - Failed to execute job 86 for task process_and_save_data_to_gcs ('Time Series (Daily)'; 6203)
[2024-01-31T15:17:44.397+0000] {local_task_job_runner.py:234} INFO - Task exited with return code 1
[2024-01-31T15:17:44.406+0000] {taskinstance.py:3281} INFO - 0 downstream tasks scheduled from follow-on schedule check
